[2022-02-03 14:52:53,427] {taskinstance.py:1032} INFO - Dependencies all met for <TaskInstance: FHV_data_ingestion_gcs_dag.local_to_gcs_task scheduled__2020-04-01T00:00:00+00:00 [queued]>
[2022-02-03 14:52:53,461] {taskinstance.py:1032} INFO - Dependencies all met for <TaskInstance: FHV_data_ingestion_gcs_dag.local_to_gcs_task scheduled__2020-04-01T00:00:00+00:00 [queued]>
[2022-02-03 14:52:53,463] {taskinstance.py:1238} INFO - 
--------------------------------------------------------------------------------
[2022-02-03 14:52:53,464] {taskinstance.py:1239} INFO - Starting attempt 1 of 1
[2022-02-03 14:52:53,466] {taskinstance.py:1240} INFO - 
--------------------------------------------------------------------------------
[2022-02-03 14:52:53,501] {taskinstance.py:1259} INFO - Executing <Task(PythonOperator): local_to_gcs_task> on 2020-04-01 00:00:00+00:00
[2022-02-03 14:52:53,510] {standard_task_runner.py:52} INFO - Started process 1748 to run task
[2022-02-03 14:52:53,520] {standard_task_runner.py:76} INFO - Running: ['***', 'tasks', 'run', 'FHV_data_ingestion_gcs_dag', 'local_to_gcs_task', 'scheduled__2020-04-01T00:00:00+00:00', '--job-id', '477', '--raw', '--subdir', 'DAGS_FOLDER/FHV_injection_dag.py', '--cfg-path', '/tmp/tmpcn8cmweu', '--error-file', '/tmp/tmp_3s3psnc']
[2022-02-03 14:52:53,523] {standard_task_runner.py:77} INFO - Job 477: Subtask local_to_gcs_task
[2022-02-03 14:52:53,658] {logging_mixin.py:109} INFO - Running <TaskInstance: FHV_data_ingestion_gcs_dag.local_to_gcs_task scheduled__2020-04-01T00:00:00+00:00 [running]> on host 700aeb16bae0
[2022-02-03 14:52:53,758] {warnings.py:110} WARNING - /home/***/.local/lib/python3.7/site-packages/***/utils/context.py:152: AirflowContextDeprecationWarning: Accessing 'execution_date' from the template is deprecated and will be removed in a future version. Please use 'data_interval_start' or 'logical_date' instead.
  warnings.warn(_create_deprecation_warning(key, self._deprecation_replacements[key]))

[2022-02-03 14:52:53,808] {taskinstance.py:1426} INFO - Exporting the following env vars:
AIRFLOW_CTX_DAG_OWNER=***
AIRFLOW_CTX_DAG_ID=FHV_data_ingestion_gcs_dag
AIRFLOW_CTX_TASK_ID=local_to_gcs_task
AIRFLOW_CTX_EXECUTION_DATE=2020-04-01T00:00:00+00:00
AIRFLOW_CTX_DAG_RUN_ID=scheduled__2020-04-01T00:00:00+00:00
[2022-02-03 14:52:55,672] {python.py:175} INFO - Done. Returned value was: None
[2022-02-03 14:52:55,701] {taskinstance.py:1277} INFO - Marking task as SUCCESS. dag_id=FHV_data_ingestion_gcs_dag, task_id=local_to_gcs_task, execution_date=20200401T000000, start_date=20220203T145253, end_date=20220203T145255
[2022-02-03 14:52:55,759] {local_task_job.py:154} INFO - Task exited with return code 0
[2022-02-03 14:52:55,824] {local_task_job.py:264} INFO - 1 downstream tasks scheduled from follow-on schedule check
[2022-02-03 15:15:19,299] {taskinstance.py:1032} INFO - Dependencies all met for <TaskInstance: FHV_data_ingestion_gcs_dag.local_to_gcs_task scheduled__2020-04-01T00:00:00+00:00 [queued]>
[2022-02-03 15:15:19,312] {taskinstance.py:1032} INFO - Dependencies all met for <TaskInstance: FHV_data_ingestion_gcs_dag.local_to_gcs_task scheduled__2020-04-01T00:00:00+00:00 [queued]>
[2022-02-03 15:15:19,313] {taskinstance.py:1238} INFO - 
--------------------------------------------------------------------------------
[2022-02-03 15:15:19,314] {taskinstance.py:1239} INFO - Starting attempt 1 of 1
[2022-02-03 15:15:19,314] {taskinstance.py:1240} INFO - 
--------------------------------------------------------------------------------
[2022-02-03 15:15:19,326] {taskinstance.py:1259} INFO - Executing <Task(PythonOperator): local_to_gcs_task> on 2020-04-01 00:00:00+00:00
[2022-02-03 15:15:19,331] {standard_task_runner.py:52} INFO - Started process 3210 to run task
[2022-02-03 15:15:19,335] {standard_task_runner.py:76} INFO - Running: ['***', 'tasks', 'run', 'FHV_data_ingestion_gcs_dag', 'local_to_gcs_task', 'scheduled__2020-04-01T00:00:00+00:00', '--job-id', '575', '--raw', '--subdir', 'DAGS_FOLDER/FHV_injection_dag.py', '--cfg-path', '/tmp/tmpdcbsz883', '--error-file', '/tmp/tmpd589fa0w']
[2022-02-03 15:15:19,337] {standard_task_runner.py:77} INFO - Job 575: Subtask local_to_gcs_task
[2022-02-03 15:15:19,411] {logging_mixin.py:109} INFO - Running <TaskInstance: FHV_data_ingestion_gcs_dag.local_to_gcs_task scheduled__2020-04-01T00:00:00+00:00 [running]> on host 700aeb16bae0
[2022-02-03 15:15:19,458] {warnings.py:110} WARNING - /home/***/.local/lib/python3.7/site-packages/***/utils/context.py:152: AirflowContextDeprecationWarning: Accessing 'execution_date' from the template is deprecated and will be removed in a future version. Please use 'data_interval_start' or 'logical_date' instead.
  warnings.warn(_create_deprecation_warning(key, self._deprecation_replacements[key]))

[2022-02-03 15:15:19,478] {taskinstance.py:1426} INFO - Exporting the following env vars:
AIRFLOW_CTX_DAG_OWNER=***
AIRFLOW_CTX_DAG_ID=FHV_data_ingestion_gcs_dag
AIRFLOW_CTX_TASK_ID=local_to_gcs_task
AIRFLOW_CTX_EXECUTION_DATE=2020-04-01T00:00:00+00:00
AIRFLOW_CTX_DAG_RUN_ID=scheduled__2020-04-01T00:00:00+00:00
[2022-02-03 15:15:21,078] {python.py:175} INFO - Done. Returned value was: None
[2022-02-03 15:15:21,091] {taskinstance.py:1277} INFO - Marking task as SUCCESS. dag_id=FHV_data_ingestion_gcs_dag, task_id=local_to_gcs_task, execution_date=20200401T000000, start_date=20220203T151519, end_date=20220203T151521
[2022-02-03 15:15:21,121] {local_task_job.py:154} INFO - Task exited with return code 0
[2022-02-03 15:15:21,154] {local_task_job.py:264} INFO - 0 downstream tasks scheduled from follow-on schedule check
