[2022-02-02 13:45:12,526] {taskinstance.py:1032} INFO - Dependencies all met for <TaskInstance: ex_1_data_ingestion_gcs_dag.format_to_parquet_task scheduled__2019-05-01T00:00:00+00:00 [queued]>
[2022-02-02 13:45:12,658] {taskinstance.py:1032} INFO - Dependencies all met for <TaskInstance: ex_1_data_ingestion_gcs_dag.format_to_parquet_task scheduled__2019-05-01T00:00:00+00:00 [queued]>
[2022-02-02 13:45:12,660] {taskinstance.py:1238} INFO - 
--------------------------------------------------------------------------------
[2022-02-02 13:45:12,675] {taskinstance.py:1239} INFO - Starting attempt 1 of 1
[2022-02-02 13:45:12,681] {taskinstance.py:1240} INFO - 
--------------------------------------------------------------------------------
[2022-02-02 13:45:12,787] {taskinstance.py:1259} INFO - Executing <Task(PythonOperator): format_to_parquet_task> on 2019-05-01 00:00:00+00:00
[2022-02-02 13:45:12,851] {standard_task_runner.py:52} INFO - Started process 1487 to run task
[2022-02-02 13:45:12,879] {standard_task_runner.py:76} INFO - Running: ['***', 'tasks', 'run', 'ex_1_data_ingestion_gcs_dag', 'format_to_parquet_task', 'scheduled__2019-05-01T00:00:00+00:00', '--job-id', '152', '--raw', '--subdir', 'DAGS_FOLDER/data_ingestion_hw_1_ex.py', '--cfg-path', '/tmp/tmp9f2kbn7o', '--error-file', '/tmp/tmpogbkwf7f']
[2022-02-02 13:45:12,886] {standard_task_runner.py:77} INFO - Job 152: Subtask format_to_parquet_task
[2022-02-02 13:45:13,371] {logging_mixin.py:109} INFO - Running <TaskInstance: ex_1_data_ingestion_gcs_dag.format_to_parquet_task scheduled__2019-05-01T00:00:00+00:00 [running]> on host 700aeb16bae0
[2022-02-02 13:45:13,814] {warnings.py:110} WARNING - /home/***/.local/lib/python3.7/site-packages/***/utils/context.py:152: AirflowContextDeprecationWarning: Accessing 'execution_date' from the template is deprecated and will be removed in a future version. Please use 'data_interval_start' or 'logical_date' instead.
  warnings.warn(_create_deprecation_warning(key, self._deprecation_replacements[key]))

[2022-02-02 13:45:13,913] {taskinstance.py:1426} INFO - Exporting the following env vars:
AIRFLOW_CTX_DAG_OWNER=***
AIRFLOW_CTX_DAG_ID=ex_1_data_ingestion_gcs_dag
AIRFLOW_CTX_TASK_ID=format_to_parquet_task
AIRFLOW_CTX_EXECUTION_DATE=2019-05-01T00:00:00+00:00
AIRFLOW_CTX_DAG_RUN_ID=scheduled__2019-05-01T00:00:00+00:00
[2022-02-02 13:46:02,933] {local_task_job.py:154} INFO - Task exited with return code Negsignal.SIGKILL
[2022-02-02 13:46:03,333] {taskinstance.py:1277} INFO - Marking task as FAILED. dag_id=ex_1_data_ingestion_gcs_dag, task_id=format_to_parquet_task, execution_date=20190501T000000, start_date=20220202T134512, end_date=20220202T134603
[2022-02-02 13:46:04,860] {local_task_job.py:264} INFO - 0 downstream tasks scheduled from follow-on schedule check
