[2022-02-12 12:43:12,458] {taskinstance.py:1032} INFO - Dependencies all met for <TaskInstance: fhv_data_2_gcs_dag.bigquery_external_table_task manual__2022-02-12T12:43:03.312404+00:00 [queued]>
[2022-02-12 12:43:12,474] {taskinstance.py:1032} INFO - Dependencies all met for <TaskInstance: fhv_data_2_gcs_dag.bigquery_external_table_task manual__2022-02-12T12:43:03.312404+00:00 [queued]>
[2022-02-12 12:43:12,475] {taskinstance.py:1238} INFO - 
--------------------------------------------------------------------------------
[2022-02-12 12:43:12,477] {taskinstance.py:1239} INFO - Starting attempt 1 of 2
[2022-02-12 12:43:12,478] {taskinstance.py:1240} INFO - 
--------------------------------------------------------------------------------
[2022-02-12 12:43:12,491] {taskinstance.py:1259} INFO - Executing <Task(BigQueryCreateExternalTableOperator): bigquery_external_table_task> on 2022-02-12 12:43:03.312404+00:00
[2022-02-12 12:43:12,497] {standard_task_runner.py:52} INFO - Started process 557 to run task
[2022-02-12 12:43:12,500] {standard_task_runner.py:76} INFO - Running: ['***', 'tasks', 'run', 'fhv_data_2_gcs_dag', 'bigquery_external_table_task', 'manual__2022-02-12T12:43:03.312404+00:00', '--job-id', '1058', '--raw', '--subdir', 'DAGS_FOLDER/fhv_data_2_gcs_dag.py', '--cfg-path', '/tmp/tmpfo0nl30q', '--error-file', '/tmp/tmpbou29qwc']
[2022-02-12 12:43:12,502] {standard_task_runner.py:77} INFO - Job 1058: Subtask bigquery_external_table_task
[2022-02-12 12:43:12,572] {logging_mixin.py:109} INFO - Running <TaskInstance: fhv_data_2_gcs_dag.bigquery_external_table_task manual__2022-02-12T12:43:03.312404+00:00 [running]> on host 853fb9201673
[2022-02-12 12:43:12,643] {taskinstance.py:1426} INFO - Exporting the following env vars:
AIRFLOW_CTX_DAG_OWNER=***
AIRFLOW_CTX_DAG_ID=fhv_data_2_gcs_dag
AIRFLOW_CTX_TASK_ID=bigquery_external_table_task
AIRFLOW_CTX_EXECUTION_DATE=2022-02-12T12:43:03.312404+00:00
AIRFLOW_CTX_DAG_RUN_ID=manual__2022-02-12T12:43:03.312404+00:00
[2022-02-12 12:43:12,646] {crypto.py:82} WARNING - empty cryptography key - values will not be stored encrypted.
[2022-02-12 12:43:13,467] {taskinstance.py:1277} INFO - Marking task as SUCCESS. dag_id=fhv_data_2_gcs_dag, task_id=bigquery_external_table_task, execution_date=20220212T124303, start_date=20220212T124312, end_date=20220212T124313
[2022-02-12 12:43:13,523] {local_task_job.py:154} INFO - Task exited with return code 0
[2022-02-12 12:43:13,586] {local_task_job.py:264} INFO - 0 downstream tasks scheduled from follow-on schedule check
