[2022-02-03 14:55:41,933] {taskinstance.py:1032} INFO - Dependencies all met for <TaskInstance: FHV_data_ingestion_gcs_dag.format_to_parquet_task scheduled__2020-08-01T00:00:00+00:00 [queued]>
[2022-02-03 14:55:41,961] {taskinstance.py:1032} INFO - Dependencies all met for <TaskInstance: FHV_data_ingestion_gcs_dag.format_to_parquet_task scheduled__2020-08-01T00:00:00+00:00 [queued]>
[2022-02-03 14:55:41,963] {taskinstance.py:1238} INFO - 
--------------------------------------------------------------------------------
[2022-02-03 14:55:41,964] {taskinstance.py:1239} INFO - Starting attempt 1 of 1
[2022-02-03 14:55:41,967] {taskinstance.py:1240} INFO - 
--------------------------------------------------------------------------------
[2022-02-03 14:55:42,006] {taskinstance.py:1259} INFO - Executing <Task(PythonOperator): format_to_parquet_task> on 2020-08-01 00:00:00+00:00
[2022-02-03 14:55:42,022] {standard_task_runner.py:52} INFO - Started process 1933 to run task
[2022-02-03 14:55:42,033] {standard_task_runner.py:76} INFO - Running: ['***', 'tasks', 'run', 'FHV_data_ingestion_gcs_dag', 'format_to_parquet_task', 'scheduled__2020-08-01T00:00:00+00:00', '--job-id', '492', '--raw', '--subdir', 'DAGS_FOLDER/FHV_injection_dag.py', '--cfg-path', '/tmp/tmpfmt__eu6', '--error-file', '/tmp/tmpihl6a8ii']
[2022-02-03 14:55:42,037] {standard_task_runner.py:77} INFO - Job 492: Subtask format_to_parquet_task
[2022-02-03 14:55:42,155] {logging_mixin.py:109} INFO - Running <TaskInstance: FHV_data_ingestion_gcs_dag.format_to_parquet_task scheduled__2020-08-01T00:00:00+00:00 [running]> on host 700aeb16bae0
[2022-02-03 14:55:42,223] {warnings.py:110} WARNING - /home/***/.local/lib/python3.7/site-packages/***/utils/context.py:152: AirflowContextDeprecationWarning: Accessing 'execution_date' from the template is deprecated and will be removed in a future version. Please use 'data_interval_start' or 'logical_date' instead.
  warnings.warn(_create_deprecation_warning(key, self._deprecation_replacements[key]))

[2022-02-03 14:55:42,264] {taskinstance.py:1426} INFO - Exporting the following env vars:
AIRFLOW_CTX_DAG_OWNER=***
AIRFLOW_CTX_DAG_ID=FHV_data_ingestion_gcs_dag
AIRFLOW_CTX_TASK_ID=format_to_parquet_task
AIRFLOW_CTX_EXECUTION_DATE=2020-08-01T00:00:00+00:00
AIRFLOW_CTX_DAG_RUN_ID=scheduled__2020-08-01T00:00:00+00:00
[2022-02-03 14:55:42,993] {python.py:175} INFO - Done. Returned value was: None
[2022-02-03 14:55:43,024] {taskinstance.py:1277} INFO - Marking task as SUCCESS. dag_id=FHV_data_ingestion_gcs_dag, task_id=format_to_parquet_task, execution_date=20200801T000000, start_date=20220203T145541, end_date=20220203T145543
[2022-02-03 14:55:43,135] {local_task_job.py:154} INFO - Task exited with return code 0
[2022-02-03 14:55:43,223] {local_task_job.py:264} INFO - 1 downstream tasks scheduled from follow-on schedule check
[2022-02-03 15:16:45,475] {taskinstance.py:1032} INFO - Dependencies all met for <TaskInstance: FHV_data_ingestion_gcs_dag.format_to_parquet_task scheduled__2020-08-01T00:00:00+00:00 [queued]>
[2022-02-03 15:16:45,487] {taskinstance.py:1032} INFO - Dependencies all met for <TaskInstance: FHV_data_ingestion_gcs_dag.format_to_parquet_task scheduled__2020-08-01T00:00:00+00:00 [queued]>
[2022-02-03 15:16:45,488] {taskinstance.py:1238} INFO - 
--------------------------------------------------------------------------------
[2022-02-03 15:16:45,488] {taskinstance.py:1239} INFO - Starting attempt 1 of 1
[2022-02-03 15:16:45,489] {taskinstance.py:1240} INFO - 
--------------------------------------------------------------------------------
[2022-02-03 15:16:45,500] {taskinstance.py:1259} INFO - Executing <Task(PythonOperator): format_to_parquet_task> on 2020-08-01 00:00:00+00:00
[2022-02-03 15:16:45,505] {standard_task_runner.py:52} INFO - Started process 3334 to run task
[2022-02-03 15:16:45,510] {standard_task_runner.py:76} INFO - Running: ['***', 'tasks', 'run', 'FHV_data_ingestion_gcs_dag', 'format_to_parquet_task', 'scheduled__2020-08-01T00:00:00+00:00', '--job-id', '584', '--raw', '--subdir', 'DAGS_FOLDER/FHV_injection_dag.py', '--cfg-path', '/tmp/tmp5megvped', '--error-file', '/tmp/tmp0mh3aev8']
[2022-02-03 15:16:45,512] {standard_task_runner.py:77} INFO - Job 584: Subtask format_to_parquet_task
[2022-02-03 15:16:45,593] {logging_mixin.py:109} INFO - Running <TaskInstance: FHV_data_ingestion_gcs_dag.format_to_parquet_task scheduled__2020-08-01T00:00:00+00:00 [running]> on host 700aeb16bae0
[2022-02-03 15:16:45,651] {warnings.py:110} WARNING - /home/***/.local/lib/python3.7/site-packages/***/utils/context.py:152: AirflowContextDeprecationWarning: Accessing 'execution_date' from the template is deprecated and will be removed in a future version. Please use 'data_interval_start' or 'logical_date' instead.
  warnings.warn(_create_deprecation_warning(key, self._deprecation_replacements[key]))

[2022-02-03 15:16:45,676] {taskinstance.py:1426} INFO - Exporting the following env vars:
AIRFLOW_CTX_DAG_OWNER=***
AIRFLOW_CTX_DAG_ID=FHV_data_ingestion_gcs_dag
AIRFLOW_CTX_TASK_ID=format_to_parquet_task
AIRFLOW_CTX_EXECUTION_DATE=2020-08-01T00:00:00+00:00
AIRFLOW_CTX_DAG_RUN_ID=scheduled__2020-08-01T00:00:00+00:00
[2022-02-03 15:16:46,231] {python.py:175} INFO - Done. Returned value was: None
[2022-02-03 15:16:46,278] {taskinstance.py:1277} INFO - Marking task as SUCCESS. dag_id=FHV_data_ingestion_gcs_dag, task_id=format_to_parquet_task, execution_date=20200801T000000, start_date=20220203T151645, end_date=20220203T151646
[2022-02-03 15:16:46,369] {local_task_job.py:154} INFO - Task exited with return code 0
[2022-02-03 15:16:46,418] {local_task_job.py:264} INFO - 1 downstream tasks scheduled from follow-on schedule check
