[2022-02-03 14:38:22,568] {taskinstance.py:1032} INFO - Dependencies all met for <TaskInstance: FHV_data_ingestion_gcs_dag.format_to_parquet_task scheduled__2019-04-01T00:00:00+00:00 [queued]>
[2022-02-03 14:38:22,587] {taskinstance.py:1032} INFO - Dependencies all met for <TaskInstance: FHV_data_ingestion_gcs_dag.format_to_parquet_task scheduled__2019-04-01T00:00:00+00:00 [queued]>
[2022-02-03 14:38:22,588] {taskinstance.py:1238} INFO - 
--------------------------------------------------------------------------------
[2022-02-03 14:38:22,589] {taskinstance.py:1239} INFO - Starting attempt 1 of 1
[2022-02-03 14:38:22,598] {taskinstance.py:1240} INFO - 
--------------------------------------------------------------------------------
[2022-02-03 14:38:22,610] {taskinstance.py:1259} INFO - Executing <Task(PythonOperator): format_to_parquet_task> on 2019-04-01 00:00:00+00:00
[2022-02-03 14:38:22,616] {standard_task_runner.py:52} INFO - Started process 826 to run task
[2022-02-03 14:38:22,621] {standard_task_runner.py:76} INFO - Running: ['***', 'tasks', 'run', 'FHV_data_ingestion_gcs_dag', 'format_to_parquet_task', 'scheduled__2019-04-01T00:00:00+00:00', '--job-id', '434', '--raw', '--subdir', 'DAGS_FOLDER/FHV_injection_dag.py', '--cfg-path', '/tmp/tmp18qmcaz1', '--error-file', '/tmp/tmps5l9mjt7']
[2022-02-03 14:38:22,622] {standard_task_runner.py:77} INFO - Job 434: Subtask format_to_parquet_task
[2022-02-03 14:38:22,682] {logging_mixin.py:109} INFO - Running <TaskInstance: FHV_data_ingestion_gcs_dag.format_to_parquet_task scheduled__2019-04-01T00:00:00+00:00 [running]> on host 700aeb16bae0
[2022-02-03 14:38:22,721] {warnings.py:110} WARNING - /home/***/.local/lib/python3.7/site-packages/***/utils/context.py:152: AirflowContextDeprecationWarning: Accessing 'execution_date' from the template is deprecated and will be removed in a future version. Please use 'data_interval_start' or 'logical_date' instead.
  warnings.warn(_create_deprecation_warning(key, self._deprecation_replacements[key]))

[2022-02-03 14:38:22,747] {taskinstance.py:1426} INFO - Exporting the following env vars:
AIRFLOW_CTX_DAG_OWNER=***
AIRFLOW_CTX_DAG_ID=FHV_data_ingestion_gcs_dag
AIRFLOW_CTX_TASK_ID=format_to_parquet_task
AIRFLOW_CTX_EXECUTION_DATE=2019-04-01T00:00:00+00:00
AIRFLOW_CTX_DAG_RUN_ID=scheduled__2019-04-01T00:00:00+00:00
[2022-02-03 14:38:23,371] {python.py:175} INFO - Done. Returned value was: None
[2022-02-03 14:38:23,391] {taskinstance.py:1277} INFO - Marking task as SUCCESS. dag_id=FHV_data_ingestion_gcs_dag, task_id=format_to_parquet_task, execution_date=20190401T000000, start_date=20220203T143822, end_date=20220203T143823
[2022-02-03 14:38:23,478] {local_task_job.py:154} INFO - Task exited with return code 0
[2022-02-03 14:38:23,526] {local_task_job.py:264} INFO - 1 downstream tasks scheduled from follow-on schedule check
[2022-02-03 15:08:07,973] {taskinstance.py:1032} INFO - Dependencies all met for <TaskInstance: FHV_data_ingestion_gcs_dag.format_to_parquet_task scheduled__2019-04-01T00:00:00+00:00 [queued]>
[2022-02-03 15:08:07,987] {taskinstance.py:1032} INFO - Dependencies all met for <TaskInstance: FHV_data_ingestion_gcs_dag.format_to_parquet_task scheduled__2019-04-01T00:00:00+00:00 [queued]>
[2022-02-03 15:08:07,988] {taskinstance.py:1238} INFO - 
--------------------------------------------------------------------------------
[2022-02-03 15:08:07,989] {taskinstance.py:1239} INFO - Starting attempt 1 of 1
[2022-02-03 15:08:07,990] {taskinstance.py:1240} INFO - 
--------------------------------------------------------------------------------
[2022-02-03 15:08:08,004] {taskinstance.py:1259} INFO - Executing <Task(PythonOperator): format_to_parquet_task> on 2019-04-01 00:00:00+00:00
[2022-02-03 15:08:08,011] {standard_task_runner.py:52} INFO - Started process 2674 to run task
[2022-02-03 15:08:08,017] {standard_task_runner.py:76} INFO - Running: ['***', 'tasks', 'run', 'FHV_data_ingestion_gcs_dag', 'format_to_parquet_task', 'scheduled__2019-04-01T00:00:00+00:00', '--job-id', '541', '--raw', '--subdir', 'DAGS_FOLDER/FHV_injection_dag.py', '--cfg-path', '/tmp/tmp57pvjwa3', '--error-file', '/tmp/tmphcg14dwv']
[2022-02-03 15:08:08,020] {standard_task_runner.py:77} INFO - Job 541: Subtask format_to_parquet_task
[2022-02-03 15:08:08,129] {logging_mixin.py:109} INFO - Running <TaskInstance: FHV_data_ingestion_gcs_dag.format_to_parquet_task scheduled__2019-04-01T00:00:00+00:00 [running]> on host 700aeb16bae0
[2022-02-03 15:08:08,185] {warnings.py:110} WARNING - /home/***/.local/lib/python3.7/site-packages/***/utils/context.py:152: AirflowContextDeprecationWarning: Accessing 'execution_date' from the template is deprecated and will be removed in a future version. Please use 'data_interval_start' or 'logical_date' instead.
  warnings.warn(_create_deprecation_warning(key, self._deprecation_replacements[key]))

[2022-02-03 15:08:08,219] {taskinstance.py:1426} INFO - Exporting the following env vars:
AIRFLOW_CTX_DAG_OWNER=***
AIRFLOW_CTX_DAG_ID=FHV_data_ingestion_gcs_dag
AIRFLOW_CTX_TASK_ID=format_to_parquet_task
AIRFLOW_CTX_EXECUTION_DATE=2019-04-01T00:00:00+00:00
AIRFLOW_CTX_DAG_RUN_ID=scheduled__2019-04-01T00:00:00+00:00
[2022-02-03 15:08:08,784] {python.py:175} INFO - Done. Returned value was: None
[2022-02-03 15:08:08,801] {taskinstance.py:1277} INFO - Marking task as SUCCESS. dag_id=FHV_data_ingestion_gcs_dag, task_id=format_to_parquet_task, execution_date=20190401T000000, start_date=20220203T150807, end_date=20220203T150808
[2022-02-03 15:08:08,882] {local_task_job.py:154} INFO - Task exited with return code 0
[2022-02-03 15:08:08,937] {local_task_job.py:264} INFO - 0 downstream tasks scheduled from follow-on schedule check
