[2022-02-02 17:42:27,611] {taskinstance.py:1032} INFO - Dependencies all met for <TaskInstance: ex_1_data_ingestion_gcs_dag_v2.format_to_parquet_task scheduled__2020-05-01T00:00:00+00:00 [queued]>
[2022-02-02 17:42:27,653] {taskinstance.py:1032} INFO - Dependencies all met for <TaskInstance: ex_1_data_ingestion_gcs_dag_v2.format_to_parquet_task scheduled__2020-05-01T00:00:00+00:00 [queued]>
[2022-02-02 17:42:27,657] {taskinstance.py:1238} INFO - 
--------------------------------------------------------------------------------
[2022-02-02 17:42:27,661] {taskinstance.py:1239} INFO - Starting attempt 1 of 1
[2022-02-02 17:42:27,664] {taskinstance.py:1240} INFO - 
--------------------------------------------------------------------------------
[2022-02-02 17:42:27,739] {taskinstance.py:1259} INFO - Executing <Task(PythonOperator): format_to_parquet_task> on 2020-05-01 00:00:00+00:00
[2022-02-02 17:42:27,800] {standard_task_runner.py:52} INFO - Started process 6803 to run task
[2022-02-02 17:42:27,822] {standard_task_runner.py:76} INFO - Running: ['***', 'tasks', 'run', 'ex_1_data_ingestion_gcs_dag_v2', 'format_to_parquet_task', 'scheduled__2020-05-01T00:00:00+00:00', '--job-id', '226', '--raw', '--subdir', 'DAGS_FOLDER/data_ingestion_hw_1_ex.py', '--cfg-path', '/tmp/tmper7f0erk', '--error-file', '/tmp/tmph0ni6qgk']
[2022-02-02 17:42:27,825] {standard_task_runner.py:77} INFO - Job 226: Subtask format_to_parquet_task
[2022-02-02 17:42:28,171] {logging_mixin.py:109} INFO - Running <TaskInstance: ex_1_data_ingestion_gcs_dag_v2.format_to_parquet_task scheduled__2020-05-01T00:00:00+00:00 [running]> on host 700aeb16bae0
[2022-02-02 17:42:28,334] {warnings.py:110} WARNING - /home/***/.local/lib/python3.7/site-packages/***/utils/context.py:152: AirflowContextDeprecationWarning: Accessing 'execution_date' from the template is deprecated and will be removed in a future version. Please use 'data_interval_start' or 'logical_date' instead.
  warnings.warn(_create_deprecation_warning(key, self._deprecation_replacements[key]))

[2022-02-02 17:42:28,576] {taskinstance.py:1426} INFO - Exporting the following env vars:
AIRFLOW_CTX_DAG_OWNER=***
AIRFLOW_CTX_DAG_ID=ex_1_data_ingestion_gcs_dag_v2
AIRFLOW_CTX_TASK_ID=format_to_parquet_task
AIRFLOW_CTX_EXECUTION_DATE=2020-05-01T00:00:00+00:00
AIRFLOW_CTX_DAG_RUN_ID=scheduled__2020-05-01T00:00:00+00:00
[2022-02-02 17:42:31,391] {python.py:175} INFO - Done. Returned value was: None
[2022-02-02 17:42:31,516] {taskinstance.py:1277} INFO - Marking task as SUCCESS. dag_id=ex_1_data_ingestion_gcs_dag_v2, task_id=format_to_parquet_task, execution_date=20200501T000000, start_date=20220202T174227, end_date=20220202T174231
[2022-02-02 17:42:31,686] {local_task_job.py:154} INFO - Task exited with return code 0
[2022-02-02 17:42:31,834] {local_task_job.py:264} INFO - 1 downstream tasks scheduled from follow-on schedule check
