[2022-02-02 18:55:01,776] {taskinstance.py:1032} INFO - Dependencies all met for <TaskInstance: ex_1_data_ingestion_gcs_dag_v3.local_to_gcs_task scheduled__2020-07-01T00:00:00+00:00 [queued]>
[2022-02-02 18:55:01,790] {taskinstance.py:1032} INFO - Dependencies all met for <TaskInstance: ex_1_data_ingestion_gcs_dag_v3.local_to_gcs_task scheduled__2020-07-01T00:00:00+00:00 [queued]>
[2022-02-02 18:55:01,791] {taskinstance.py:1238} INFO - 
--------------------------------------------------------------------------------
[2022-02-02 18:55:01,792] {taskinstance.py:1239} INFO - Starting attempt 1 of 1
[2022-02-02 18:55:01,793] {taskinstance.py:1240} INFO - 
--------------------------------------------------------------------------------
[2022-02-02 18:55:01,804] {taskinstance.py:1259} INFO - Executing <Task(PythonOperator): local_to_gcs_task> on 2020-07-01 00:00:00+00:00
[2022-02-02 18:55:01,810] {standard_task_runner.py:52} INFO - Started process 10822 to run task
[2022-02-02 18:55:01,815] {standard_task_runner.py:76} INFO - Running: ['***', 'tasks', 'run', 'ex_1_data_ingestion_gcs_dag_v3', 'local_to_gcs_task', 'scheduled__2020-07-01T00:00:00+00:00', '--job-id', '358', '--raw', '--subdir', 'DAGS_FOLDER/data_ingestion_hw_1_ex.py', '--cfg-path', '/tmp/tmpjhao_ew5', '--error-file', '/tmp/tmplp06462i']
[2022-02-02 18:55:01,817] {standard_task_runner.py:77} INFO - Job 358: Subtask local_to_gcs_task
[2022-02-02 18:55:01,891] {logging_mixin.py:109} INFO - Running <TaskInstance: ex_1_data_ingestion_gcs_dag_v3.local_to_gcs_task scheduled__2020-07-01T00:00:00+00:00 [running]> on host 700aeb16bae0
[2022-02-02 18:55:01,937] {warnings.py:110} WARNING - /home/***/.local/lib/python3.7/site-packages/***/utils/context.py:152: AirflowContextDeprecationWarning: Accessing 'execution_date' from the template is deprecated and will be removed in a future version. Please use 'data_interval_start' or 'logical_date' instead.
  warnings.warn(_create_deprecation_warning(key, self._deprecation_replacements[key]))

[2022-02-02 18:55:01,965] {taskinstance.py:1426} INFO - Exporting the following env vars:
AIRFLOW_CTX_DAG_OWNER=***
AIRFLOW_CTX_DAG_ID=ex_1_data_ingestion_gcs_dag_v3
AIRFLOW_CTX_TASK_ID=local_to_gcs_task
AIRFLOW_CTX_EXECUTION_DATE=2020-07-01T00:00:00+00:00
AIRFLOW_CTX_DAG_RUN_ID=scheduled__2020-07-01T00:00:00+00:00
[2022-02-02 18:55:04,066] {python.py:175} INFO - Done. Returned value was: None
[2022-02-02 18:55:04,085] {taskinstance.py:1277} INFO - Marking task as SUCCESS. dag_id=ex_1_data_ingestion_gcs_dag_v3, task_id=local_to_gcs_task, execution_date=20200701T000000, start_date=20220202T185501, end_date=20220202T185504
[2022-02-02 18:55:04,149] {local_task_job.py:154} INFO - Task exited with return code 0
[2022-02-02 18:55:04,195] {local_task_job.py:264} INFO - 0 downstream tasks scheduled from follow-on schedule check
