[2022-02-02 17:49:21,305] {taskinstance.py:1032} INFO - Dependencies all met for <TaskInstance: ex_1_data_ingestion_gcs_dag_v2.format_to_parquet_task scheduled__2020-12-01T00:00:00+00:00 [queued]>
[2022-02-02 17:49:21,367] {taskinstance.py:1032} INFO - Dependencies all met for <TaskInstance: ex_1_data_ingestion_gcs_dag_v2.format_to_parquet_task scheduled__2020-12-01T00:00:00+00:00 [queued]>
[2022-02-02 17:49:21,369] {taskinstance.py:1238} INFO - 
--------------------------------------------------------------------------------
[2022-02-02 17:49:21,375] {taskinstance.py:1239} INFO - Starting attempt 1 of 1
[2022-02-02 17:49:21,380] {taskinstance.py:1240} INFO - 
--------------------------------------------------------------------------------
[2022-02-02 17:49:21,408] {taskinstance.py:1259} INFO - Executing <Task(PythonOperator): format_to_parquet_task> on 2020-12-01 00:00:00+00:00
[2022-02-02 17:49:21,430] {standard_task_runner.py:52} INFO - Started process 7381 to run task
[2022-02-02 17:49:21,481] {standard_task_runner.py:76} INFO - Running: ['***', 'tasks', 'run', 'ex_1_data_ingestion_gcs_dag_v2', 'format_to_parquet_task', 'scheduled__2020-12-01T00:00:00+00:00', '--job-id', '288', '--raw', '--subdir', 'DAGS_FOLDER/data_ingestion_hw_1_ex.py', '--cfg-path', '/tmp/tmp35mtvsva', '--error-file', '/tmp/tmpvtsd6fqw']
[2022-02-02 17:49:21,489] {standard_task_runner.py:77} INFO - Job 288: Subtask format_to_parquet_task
[2022-02-02 17:49:21,804] {logging_mixin.py:109} INFO - Running <TaskInstance: ex_1_data_ingestion_gcs_dag_v2.format_to_parquet_task scheduled__2020-12-01T00:00:00+00:00 [running]> on host 700aeb16bae0
[2022-02-02 17:49:22,112] {warnings.py:110} WARNING - /home/***/.local/lib/python3.7/site-packages/***/utils/context.py:152: AirflowContextDeprecationWarning: Accessing 'execution_date' from the template is deprecated and will be removed in a future version. Please use 'data_interval_start' or 'logical_date' instead.
  warnings.warn(_create_deprecation_warning(key, self._deprecation_replacements[key]))

[2022-02-02 17:49:22,220] {taskinstance.py:1426} INFO - Exporting the following env vars:
AIRFLOW_CTX_DAG_OWNER=***
AIRFLOW_CTX_DAG_ID=ex_1_data_ingestion_gcs_dag_v2
AIRFLOW_CTX_TASK_ID=format_to_parquet_task
AIRFLOW_CTX_EXECUTION_DATE=2020-12-01T00:00:00+00:00
AIRFLOW_CTX_DAG_RUN_ID=scheduled__2020-12-01T00:00:00+00:00
[2022-02-02 17:49:25,767] {python.py:175} INFO - Done. Returned value was: None
[2022-02-02 17:49:25,851] {taskinstance.py:1277} INFO - Marking task as SUCCESS. dag_id=ex_1_data_ingestion_gcs_dag_v2, task_id=format_to_parquet_task, execution_date=20201201T000000, start_date=20220202T174921, end_date=20220202T174925
[2022-02-02 17:49:26,125] {local_task_job.py:154} INFO - Task exited with return code 0
[2022-02-02 17:49:26,308] {local_task_job.py:264} INFO - 1 downstream tasks scheduled from follow-on schedule check
