[2022-02-02 18:58:30,234] {taskinstance.py:1032} INFO - Dependencies all met for <TaskInstance: ex_1_data_ingestion_gcs_dag_v3.format_to_parquet_task scheduled__2020-09-01T00:00:00+00:00 [queued]>
[2022-02-02 18:58:30,247] {taskinstance.py:1032} INFO - Dependencies all met for <TaskInstance: ex_1_data_ingestion_gcs_dag_v3.format_to_parquet_task scheduled__2020-09-01T00:00:00+00:00 [queued]>
[2022-02-02 18:58:30,248] {taskinstance.py:1238} INFO - 
--------------------------------------------------------------------------------
[2022-02-02 18:58:30,249] {taskinstance.py:1239} INFO - Starting attempt 1 of 1
[2022-02-02 18:58:30,249] {taskinstance.py:1240} INFO - 
--------------------------------------------------------------------------------
[2022-02-02 18:58:30,264] {taskinstance.py:1259} INFO - Executing <Task(PythonOperator): format_to_parquet_task> on 2020-09-01 00:00:00+00:00
[2022-02-02 18:58:30,272] {standard_task_runner.py:52} INFO - Started process 11017 to run task
[2022-02-02 18:58:30,277] {standard_task_runner.py:76} INFO - Running: ['***', 'tasks', 'run', 'ex_1_data_ingestion_gcs_dag_v3', 'format_to_parquet_task', 'scheduled__2020-09-01T00:00:00+00:00', '--job-id', '363', '--raw', '--subdir', 'DAGS_FOLDER/data_ingestion_hw_1_ex.py', '--cfg-path', '/tmp/tmpdwhywz30', '--error-file', '/tmp/tmpr87o4vno']
[2022-02-02 18:58:30,279] {standard_task_runner.py:77} INFO - Job 363: Subtask format_to_parquet_task
[2022-02-02 18:58:30,355] {logging_mixin.py:109} INFO - Running <TaskInstance: ex_1_data_ingestion_gcs_dag_v3.format_to_parquet_task scheduled__2020-09-01T00:00:00+00:00 [running]> on host 700aeb16bae0
[2022-02-02 18:58:30,400] {warnings.py:110} WARNING - /home/***/.local/lib/python3.7/site-packages/***/utils/context.py:152: AirflowContextDeprecationWarning: Accessing 'execution_date' from the template is deprecated and will be removed in a future version. Please use 'data_interval_start' or 'logical_date' instead.
  warnings.warn(_create_deprecation_warning(key, self._deprecation_replacements[key]))

[2022-02-02 18:58:30,432] {taskinstance.py:1426} INFO - Exporting the following env vars:
AIRFLOW_CTX_DAG_OWNER=***
AIRFLOW_CTX_DAG_ID=ex_1_data_ingestion_gcs_dag_v3
AIRFLOW_CTX_TASK_ID=format_to_parquet_task
AIRFLOW_CTX_EXECUTION_DATE=2020-09-01T00:00:00+00:00
AIRFLOW_CTX_DAG_RUN_ID=scheduled__2020-09-01T00:00:00+00:00
[2022-02-02 18:58:31,372] {python.py:175} INFO - Done. Returned value was: None
[2022-02-02 18:58:31,390] {taskinstance.py:1277} INFO - Marking task as SUCCESS. dag_id=ex_1_data_ingestion_gcs_dag_v3, task_id=format_to_parquet_task, execution_date=20200901T000000, start_date=20220202T185830, end_date=20220202T185831
[2022-02-02 18:58:31,499] {local_task_job.py:154} INFO - Task exited with return code 0
[2022-02-02 18:58:31,556] {local_task_job.py:264} INFO - 1 downstream tasks scheduled from follow-on schedule check
[2022-02-10 13:29:07,732] {taskinstance.py:1032} INFO - Dependencies all met for <TaskInstance: ex_1_data_ingestion_gcs_dag_v3.format_to_parquet_task scheduled__2020-09-01T00:00:00+00:00 [queued]>
[2022-02-10 13:29:07,760] {taskinstance.py:1032} INFO - Dependencies all met for <TaskInstance: ex_1_data_ingestion_gcs_dag_v3.format_to_parquet_task scheduled__2020-09-01T00:00:00+00:00 [queued]>
[2022-02-10 13:29:07,762] {taskinstance.py:1238} INFO - 
--------------------------------------------------------------------------------
[2022-02-10 13:29:07,764] {taskinstance.py:1239} INFO - Starting attempt 1 of 1
[2022-02-10 13:29:07,765] {taskinstance.py:1240} INFO - 
--------------------------------------------------------------------------------
[2022-02-10 13:29:07,791] {taskinstance.py:1259} INFO - Executing <Task(PythonOperator): format_to_parquet_task> on 2020-09-01 00:00:00+00:00
[2022-02-10 13:29:07,803] {standard_task_runner.py:52} INFO - Started process 2888 to run task
[2022-02-10 13:29:07,811] {standard_task_runner.py:76} INFO - Running: ['***', 'tasks', 'run', 'ex_1_data_ingestion_gcs_dag_v3', 'format_to_parquet_task', 'scheduled__2020-09-01T00:00:00+00:00', '--job-id', '721', '--raw', '--subdir', 'DAGS_FOLDER/data_ingestion_hw_1_ex.py', '--cfg-path', '/tmp/tmpdb5bcizr', '--error-file', '/tmp/tmpn267rgo0']
[2022-02-10 13:29:07,815] {standard_task_runner.py:77} INFO - Job 721: Subtask format_to_parquet_task
[2022-02-10 13:29:07,963] {logging_mixin.py:109} INFO - Running <TaskInstance: ex_1_data_ingestion_gcs_dag_v3.format_to_parquet_task scheduled__2020-09-01T00:00:00+00:00 [running]> on host e30f201fae61
[2022-02-10 13:29:08,053] {warnings.py:110} WARNING - /home/***/.local/lib/python3.7/site-packages/***/utils/context.py:152: AirflowContextDeprecationWarning: Accessing 'execution_date' from the template is deprecated and will be removed in a future version. Please use 'data_interval_start' or 'logical_date' instead.
  warnings.warn(_create_deprecation_warning(key, self._deprecation_replacements[key]))

[2022-02-10 13:29:08,093] {taskinstance.py:1426} INFO - Exporting the following env vars:
AIRFLOW_CTX_DAG_OWNER=***
AIRFLOW_CTX_DAG_ID=ex_1_data_ingestion_gcs_dag_v3
AIRFLOW_CTX_TASK_ID=format_to_parquet_task
AIRFLOW_CTX_EXECUTION_DATE=2020-09-01T00:00:00+00:00
AIRFLOW_CTX_DAG_RUN_ID=scheduled__2020-09-01T00:00:00+00:00
[2022-02-10 13:29:09,877] {python.py:175} INFO - Done. Returned value was: None
[2022-02-10 13:29:09,908] {taskinstance.py:1277} INFO - Marking task as SUCCESS. dag_id=ex_1_data_ingestion_gcs_dag_v3, task_id=format_to_parquet_task, execution_date=20200901T000000, start_date=20220210T132907, end_date=20220210T132909
[2022-02-10 13:29:10,101] {local_task_job.py:154} INFO - Task exited with return code 0
[2022-02-10 13:29:10,188] {local_task_job.py:264} INFO - 0 downstream tasks scheduled from follow-on schedule check
[2022-02-10 15:40:51,299] {taskinstance.py:1032} INFO - Dependencies all met for <TaskInstance: ex_1_data_ingestion_gcs_dag_v3.format_to_parquet_task scheduled__2020-09-01T00:00:00+00:00 [queued]>
[2022-02-10 15:40:51,354] {taskinstance.py:1032} INFO - Dependencies all met for <TaskInstance: ex_1_data_ingestion_gcs_dag_v3.format_to_parquet_task scheduled__2020-09-01T00:00:00+00:00 [queued]>
[2022-02-10 15:40:51,363] {taskinstance.py:1238} INFO - 
--------------------------------------------------------------------------------
[2022-02-10 15:40:51,364] {taskinstance.py:1239} INFO - Starting attempt 1 of 1
[2022-02-10 15:40:51,365] {taskinstance.py:1240} INFO - 
--------------------------------------------------------------------------------
[2022-02-10 15:40:51,398] {taskinstance.py:1259} INFO - Executing <Task(PythonOperator): format_to_parquet_task> on 2020-09-01 00:00:00+00:00
[2022-02-10 15:40:51,419] {standard_task_runner.py:52} INFO - Started process 942 to run task
[2022-02-10 15:40:51,431] {standard_task_runner.py:76} INFO - Running: ['***', 'tasks', 'run', 'ex_1_data_ingestion_gcs_dag_v3', 'format_to_parquet_task', 'scheduled__2020-09-01T00:00:00+00:00', '--job-id', '844', '--raw', '--subdir', 'DAGS_FOLDER/data_ingestion_hw_1_ex.py', '--cfg-path', '/tmp/tmp_xvwumpu', '--error-file', '/tmp/tmpib98qkyz']
[2022-02-10 15:40:51,450] {standard_task_runner.py:77} INFO - Job 844: Subtask format_to_parquet_task
[2022-02-10 15:40:51,715] {logging_mixin.py:109} INFO - Running <TaskInstance: ex_1_data_ingestion_gcs_dag_v3.format_to_parquet_task scheduled__2020-09-01T00:00:00+00:00 [running]> on host 276a0ad90304
[2022-02-10 15:40:51,802] {warnings.py:110} WARNING - /home/***/.local/lib/python3.7/site-packages/***/utils/context.py:152: AirflowContextDeprecationWarning: Accessing 'execution_date' from the template is deprecated and will be removed in a future version. Please use 'data_interval_start' or 'logical_date' instead.
  warnings.warn(_create_deprecation_warning(key, self._deprecation_replacements[key]))

[2022-02-10 15:40:51,886] {taskinstance.py:1426} INFO - Exporting the following env vars:
AIRFLOW_CTX_DAG_OWNER=***
AIRFLOW_CTX_DAG_ID=ex_1_data_ingestion_gcs_dag_v3
AIRFLOW_CTX_TASK_ID=format_to_parquet_task
AIRFLOW_CTX_EXECUTION_DATE=2020-09-01T00:00:00+00:00
AIRFLOW_CTX_DAG_RUN_ID=scheduled__2020-09-01T00:00:00+00:00
[2022-02-10 15:40:55,152] {python.py:175} INFO - Done. Returned value was: None
[2022-02-10 15:40:55,179] {taskinstance.py:1277} INFO - Marking task as SUCCESS. dag_id=ex_1_data_ingestion_gcs_dag_v3, task_id=format_to_parquet_task, execution_date=20200901T000000, start_date=20220210T154051, end_date=20220210T154055
[2022-02-10 15:40:55,359] {local_task_job.py:154} INFO - Task exited with return code 0
[2022-02-10 15:40:55,418] {local_task_job.py:264} INFO - 1 downstream tasks scheduled from follow-on schedule check
