[2022-02-03 14:48:28,467] {taskinstance.py:1032} INFO - Dependencies all met for <TaskInstance: FHV_data_ingestion_gcs_dag.download_dataset_task scheduled__2019-12-01T00:00:00+00:00 [queued]>
[2022-02-03 14:48:28,477] {taskinstance.py:1032} INFO - Dependencies all met for <TaskInstance: FHV_data_ingestion_gcs_dag.download_dataset_task scheduled__2019-12-01T00:00:00+00:00 [queued]>
[2022-02-03 14:48:28,478] {taskinstance.py:1238} INFO - 
--------------------------------------------------------------------------------
[2022-02-03 14:48:28,479] {taskinstance.py:1239} INFO - Starting attempt 1 of 1
[2022-02-03 14:48:28,479] {taskinstance.py:1240} INFO - 
--------------------------------------------------------------------------------
[2022-02-03 14:48:28,490] {taskinstance.py:1259} INFO - Executing <Task(BashOperator): download_dataset_task> on 2019-12-01 00:00:00+00:00
[2022-02-03 14:48:28,495] {standard_task_runner.py:52} INFO - Started process 1452 to run task
[2022-02-03 14:48:28,500] {standard_task_runner.py:76} INFO - Running: ['***', 'tasks', 'run', 'FHV_data_ingestion_gcs_dag', 'download_dataset_task', 'scheduled__2019-12-01T00:00:00+00:00', '--job-id', '462', '--raw', '--subdir', 'DAGS_FOLDER/FHV_injection_dag.py', '--cfg-path', '/tmp/tmpbasbim6y', '--error-file', '/tmp/tmp8jihqofk']
[2022-02-03 14:48:28,501] {standard_task_runner.py:77} INFO - Job 462: Subtask download_dataset_task
[2022-02-03 14:48:28,554] {logging_mixin.py:109} INFO - Running <TaskInstance: FHV_data_ingestion_gcs_dag.download_dataset_task scheduled__2019-12-01T00:00:00+00:00 [running]> on host 700aeb16bae0
[2022-02-03 14:48:28,590] {warnings.py:110} WARNING - /home/***/.local/lib/python3.7/site-packages/***/utils/context.py:152: AirflowContextDeprecationWarning: Accessing 'execution_date' from the template is deprecated and will be removed in a future version. Please use 'data_interval_start' or 'logical_date' instead.
  warnings.warn(_create_deprecation_warning(key, self._deprecation_replacements[key]))

[2022-02-03 14:48:28,609] {taskinstance.py:1426} INFO - Exporting the following env vars:
AIRFLOW_CTX_DAG_OWNER=***
AIRFLOW_CTX_DAG_ID=FHV_data_ingestion_gcs_dag
AIRFLOW_CTX_TASK_ID=download_dataset_task
AIRFLOW_CTX_EXECUTION_DATE=2019-12-01T00:00:00+00:00
AIRFLOW_CTX_DAG_RUN_ID=scheduled__2019-12-01T00:00:00+00:00
[2022-02-03 14:48:28,610] {subprocess.py:62} INFO - Tmp dir root location: 
 /tmp
[2022-02-03 14:48:28,612] {subprocess.py:74} INFO - Running command: ['bash', '-c', 'curl -sSLf https://nyc-tlc.s3.amazonaws.com/trip+data/fhv_tripdata_2019-12.csv > /opt/***/fhv_tripdata_2019-12.csv']
[2022-02-03 14:48:28,622] {subprocess.py:85} INFO - Output:
[2022-02-03 14:49:07,293] {subprocess.py:93} INFO - Command exited with return code 0
[2022-02-03 14:49:07,317] {taskinstance.py:1277} INFO - Marking task as SUCCESS. dag_id=FHV_data_ingestion_gcs_dag, task_id=download_dataset_task, execution_date=20191201T000000, start_date=20220203T144828, end_date=20220203T144907
[2022-02-03 14:49:07,372] {local_task_job.py:154} INFO - Task exited with return code 0
[2022-02-03 14:49:07,418] {local_task_job.py:264} INFO - 1 downstream tasks scheduled from follow-on schedule check
[2022-02-03 15:12:20,501] {taskinstance.py:1032} INFO - Dependencies all met for <TaskInstance: FHV_data_ingestion_gcs_dag.download_dataset_task scheduled__2019-12-01T00:00:00+00:00 [queued]>
[2022-02-03 15:12:20,515] {taskinstance.py:1032} INFO - Dependencies all met for <TaskInstance: FHV_data_ingestion_gcs_dag.download_dataset_task scheduled__2019-12-01T00:00:00+00:00 [queued]>
[2022-02-03 15:12:20,516] {taskinstance.py:1238} INFO - 
--------------------------------------------------------------------------------
[2022-02-03 15:12:20,517] {taskinstance.py:1239} INFO - Starting attempt 1 of 1
[2022-02-03 15:12:20,518] {taskinstance.py:1240} INFO - 
--------------------------------------------------------------------------------
[2022-02-03 15:12:20,531] {taskinstance.py:1259} INFO - Executing <Task(BashOperator): download_dataset_task> on 2019-12-01 00:00:00+00:00
[2022-02-03 15:12:20,537] {standard_task_runner.py:52} INFO - Started process 2983 to run task
[2022-02-03 15:12:20,541] {standard_task_runner.py:76} INFO - Running: ['***', 'tasks', 'run', 'FHV_data_ingestion_gcs_dag', 'download_dataset_task', 'scheduled__2019-12-01T00:00:00+00:00', '--job-id', '560', '--raw', '--subdir', 'DAGS_FOLDER/FHV_injection_dag.py', '--cfg-path', '/tmp/tmp20diqye9', '--error-file', '/tmp/tmpcoyo929h']
[2022-02-03 15:12:20,543] {standard_task_runner.py:77} INFO - Job 560: Subtask download_dataset_task
[2022-02-03 15:12:20,617] {logging_mixin.py:109} INFO - Running <TaskInstance: FHV_data_ingestion_gcs_dag.download_dataset_task scheduled__2019-12-01T00:00:00+00:00 [running]> on host 700aeb16bae0
[2022-02-03 15:12:20,661] {warnings.py:110} WARNING - /home/***/.local/lib/python3.7/site-packages/***/utils/context.py:152: AirflowContextDeprecationWarning: Accessing 'execution_date' from the template is deprecated and will be removed in a future version. Please use 'data_interval_start' or 'logical_date' instead.
  warnings.warn(_create_deprecation_warning(key, self._deprecation_replacements[key]))

[2022-02-03 15:12:20,685] {taskinstance.py:1426} INFO - Exporting the following env vars:
AIRFLOW_CTX_DAG_OWNER=***
AIRFLOW_CTX_DAG_ID=FHV_data_ingestion_gcs_dag
AIRFLOW_CTX_TASK_ID=download_dataset_task
AIRFLOW_CTX_EXECUTION_DATE=2019-12-01T00:00:00+00:00
AIRFLOW_CTX_DAG_RUN_ID=scheduled__2019-12-01T00:00:00+00:00
[2022-02-03 15:12:20,687] {subprocess.py:62} INFO - Tmp dir root location: 
 /tmp
[2022-02-03 15:12:20,688] {subprocess.py:74} INFO - Running command: ['bash', '-c', 'curl -sSLf https://nyc-tlc.s3.amazonaws.com/trip+data/fhv_tripdata_2019-12.csv > /opt/***/fhv_tripdata_2019-12.csv']
[2022-02-03 15:12:20,701] {subprocess.py:85} INFO - Output:
[2022-02-03 15:13:44,912] {subprocess.py:93} INFO - Command exited with return code 0
[2022-02-03 15:13:44,986] {taskinstance.py:1277} INFO - Marking task as SUCCESS. dag_id=FHV_data_ingestion_gcs_dag, task_id=download_dataset_task, execution_date=20191201T000000, start_date=20220203T151220, end_date=20220203T151344
[2022-02-03 15:13:45,015] {local_task_job.py:154} INFO - Task exited with return code 0
[2022-02-03 15:13:45,060] {local_task_job.py:264} INFO - 1 downstream tasks scheduled from follow-on schedule check
