[2022-02-03 14:58:24,714] {taskinstance.py:1032} INFO - Dependencies all met for <TaskInstance: FHV_data_ingestion_gcs_dag.format_to_parquet_task scheduled__2020-11-01T00:00:00+00:00 [queued]>
[2022-02-03 14:58:24,739] {taskinstance.py:1032} INFO - Dependencies all met for <TaskInstance: FHV_data_ingestion_gcs_dag.format_to_parquet_task scheduled__2020-11-01T00:00:00+00:00 [queued]>
[2022-02-03 14:58:24,741] {taskinstance.py:1238} INFO - 
--------------------------------------------------------------------------------
[2022-02-03 14:58:24,742] {taskinstance.py:1239} INFO - Starting attempt 1 of 1
[2022-02-03 14:58:24,744] {taskinstance.py:1240} INFO - 
--------------------------------------------------------------------------------
[2022-02-03 14:58:24,767] {taskinstance.py:1259} INFO - Executing <Task(PythonOperator): format_to_parquet_task> on 2020-11-01 00:00:00+00:00
[2022-02-03 14:58:24,776] {standard_task_runner.py:52} INFO - Started process 2103 to run task
[2022-02-03 14:58:24,791] {standard_task_runner.py:76} INFO - Running: ['***', 'tasks', 'run', 'FHV_data_ingestion_gcs_dag', 'format_to_parquet_task', 'scheduled__2020-11-01T00:00:00+00:00', '--job-id', '504', '--raw', '--subdir', 'DAGS_FOLDER/FHV_injection_dag.py', '--cfg-path', '/tmp/tmphzm2be9c', '--error-file', '/tmp/tmpz4hn6opy']
[2022-02-03 14:58:24,794] {standard_task_runner.py:77} INFO - Job 504: Subtask format_to_parquet_task
[2022-02-03 14:58:24,920] {logging_mixin.py:109} INFO - Running <TaskInstance: FHV_data_ingestion_gcs_dag.format_to_parquet_task scheduled__2020-11-01T00:00:00+00:00 [running]> on host 700aeb16bae0
[2022-02-03 14:58:24,989] {warnings.py:110} WARNING - /home/***/.local/lib/python3.7/site-packages/***/utils/context.py:152: AirflowContextDeprecationWarning: Accessing 'execution_date' from the template is deprecated and will be removed in a future version. Please use 'data_interval_start' or 'logical_date' instead.
  warnings.warn(_create_deprecation_warning(key, self._deprecation_replacements[key]))

[2022-02-03 14:58:25,034] {taskinstance.py:1426} INFO - Exporting the following env vars:
AIRFLOW_CTX_DAG_OWNER=***
AIRFLOW_CTX_DAG_ID=FHV_data_ingestion_gcs_dag
AIRFLOW_CTX_TASK_ID=format_to_parquet_task
AIRFLOW_CTX_EXECUTION_DATE=2020-11-01T00:00:00+00:00
AIRFLOW_CTX_DAG_RUN_ID=scheduled__2020-11-01T00:00:00+00:00
[2022-02-03 14:58:26,204] {python.py:175} INFO - Done. Returned value was: None
[2022-02-03 14:58:26,241] {taskinstance.py:1277} INFO - Marking task as SUCCESS. dag_id=FHV_data_ingestion_gcs_dag, task_id=format_to_parquet_task, execution_date=20201101T000000, start_date=20220203T145824, end_date=20220203T145826
[2022-02-03 14:58:26,380] {local_task_job.py:154} INFO - Task exited with return code 0
[2022-02-03 14:58:26,462] {local_task_job.py:264} INFO - 1 downstream tasks scheduled from follow-on schedule check
[2022-02-03 15:18:46,840] {taskinstance.py:1032} INFO - Dependencies all met for <TaskInstance: FHV_data_ingestion_gcs_dag.format_to_parquet_task scheduled__2020-11-01T00:00:00+00:00 [queued]>
[2022-02-03 15:18:46,851] {taskinstance.py:1032} INFO - Dependencies all met for <TaskInstance: FHV_data_ingestion_gcs_dag.format_to_parquet_task scheduled__2020-11-01T00:00:00+00:00 [queued]>
[2022-02-03 15:18:46,852] {taskinstance.py:1238} INFO - 
--------------------------------------------------------------------------------
[2022-02-03 15:18:46,853] {taskinstance.py:1239} INFO - Starting attempt 1 of 1
[2022-02-03 15:18:46,853] {taskinstance.py:1240} INFO - 
--------------------------------------------------------------------------------
[2022-02-03 15:18:46,868] {taskinstance.py:1259} INFO - Executing <Task(PythonOperator): format_to_parquet_task> on 2020-11-01 00:00:00+00:00
[2022-02-03 15:18:46,874] {standard_task_runner.py:52} INFO - Started process 3492 to run task
[2022-02-03 15:18:46,879] {standard_task_runner.py:76} INFO - Running: ['***', 'tasks', 'run', 'FHV_data_ingestion_gcs_dag', 'format_to_parquet_task', 'scheduled__2020-11-01T00:00:00+00:00', '--job-id', '596', '--raw', '--subdir', 'DAGS_FOLDER/FHV_injection_dag.py', '--cfg-path', '/tmp/tmp33u7g9la', '--error-file', '/tmp/tmpyzd5m_cv']
[2022-02-03 15:18:46,881] {standard_task_runner.py:77} INFO - Job 596: Subtask format_to_parquet_task
[2022-02-03 15:18:46,961] {logging_mixin.py:109} INFO - Running <TaskInstance: FHV_data_ingestion_gcs_dag.format_to_parquet_task scheduled__2020-11-01T00:00:00+00:00 [running]> on host 700aeb16bae0
[2022-02-03 15:18:47,007] {warnings.py:110} WARNING - /home/***/.local/lib/python3.7/site-packages/***/utils/context.py:152: AirflowContextDeprecationWarning: Accessing 'execution_date' from the template is deprecated and will be removed in a future version. Please use 'data_interval_start' or 'logical_date' instead.
  warnings.warn(_create_deprecation_warning(key, self._deprecation_replacements[key]))

[2022-02-03 15:18:47,037] {taskinstance.py:1426} INFO - Exporting the following env vars:
AIRFLOW_CTX_DAG_OWNER=***
AIRFLOW_CTX_DAG_ID=FHV_data_ingestion_gcs_dag
AIRFLOW_CTX_TASK_ID=format_to_parquet_task
AIRFLOW_CTX_EXECUTION_DATE=2020-11-01T00:00:00+00:00
AIRFLOW_CTX_DAG_RUN_ID=scheduled__2020-11-01T00:00:00+00:00
[2022-02-03 15:18:47,510] {python.py:175} INFO - Done. Returned value was: None
[2022-02-03 15:18:47,524] {taskinstance.py:1277} INFO - Marking task as SUCCESS. dag_id=FHV_data_ingestion_gcs_dag, task_id=format_to_parquet_task, execution_date=20201101T000000, start_date=20220203T151846, end_date=20220203T151847
[2022-02-03 15:18:47,617] {local_task_job.py:154} INFO - Task exited with return code 0
[2022-02-03 15:18:47,675] {local_task_job.py:264} INFO - 1 downstream tasks scheduled from follow-on schedule check
