[2022-02-01 17:57:07,646] {taskinstance.py:1032} INFO - Dependencies all met for <TaskInstance: LocalIngestionDag.wget scheduled__2021-01-02T06:00:00+00:00 [queued]>
[2022-02-01 17:57:07,661] {taskinstance.py:1032} INFO - Dependencies all met for <TaskInstance: LocalIngestionDag.wget scheduled__2021-01-02T06:00:00+00:00 [queued]>
[2022-02-01 17:57:07,662] {taskinstance.py:1238} INFO - 
--------------------------------------------------------------------------------
[2022-02-01 17:57:07,663] {taskinstance.py:1239} INFO - Starting attempt 3 of 3
[2022-02-01 17:57:07,664] {taskinstance.py:1240} INFO - 
--------------------------------------------------------------------------------
[2022-02-01 17:57:07,679] {taskinstance.py:1259} INFO - Executing <Task(BashOperator): wget> on 2021-01-02 06:00:00+00:00
[2022-02-01 17:57:07,685] {standard_task_runner.py:52} INFO - Started process 2012 to run task
[2022-02-01 17:57:07,690] {standard_task_runner.py:76} INFO - Running: ['***', 'tasks', 'run', 'LocalIngestionDag', 'wget', 'scheduled__2021-01-02T06:00:00+00:00', '--job-id', '64', '--raw', '--subdir', 'DAGS_FOLDER/data_ingestion_local.py', '--cfg-path', '/tmp/tmpezjvlpu8', '--error-file', '/tmp/tmp49aeug7x']
[2022-02-01 17:57:07,691] {standard_task_runner.py:77} INFO - Job 64: Subtask wget
[2022-02-01 17:57:07,767] {logging_mixin.py:109} INFO - Running <TaskInstance: LocalIngestionDag.wget scheduled__2021-01-02T06:00:00+00:00 [running]> on host c2ae942a63f5
[2022-02-01 17:57:07,836] {taskinstance.py:1426} INFO - Exporting the following env vars:
AIRFLOW_CTX_DAG_OWNER=***
AIRFLOW_CTX_DAG_ID=LocalIngestionDag
AIRFLOW_CTX_TASK_ID=wget
AIRFLOW_CTX_EXECUTION_DATE=2021-01-02T06:00:00+00:00
AIRFLOW_CTX_DAG_RUN_ID=scheduled__2021-01-02T06:00:00+00:00
[2022-02-01 17:57:07,839] {subprocess.py:62} INFO - Tmp dir root location: 
 /tmp
[2022-02-01 17:57:07,841] {subprocess.py:74} INFO - Running command: ['bash', '-c', 'curl -sSL https://s3.amazonaws.com/nyc-tlc/trip+data/yellow_tripdata_2021-01.csv > /opt/***/output.csv']
[2022-02-01 17:57:07,855] {subprocess.py:85} INFO - Output:
[2022-02-01 17:58:38,037] {subprocess.py:93} INFO - Command exited with return code 0
[2022-02-01 17:58:38,063] {taskinstance.py:1277} INFO - Marking task as SUCCESS. dag_id=LocalIngestionDag, task_id=wget, execution_date=20210102T060000, start_date=20220201T175707, end_date=20220201T175838
[2022-02-01 17:58:38,088] {local_task_job.py:154} INFO - Task exited with return code 0
[2022-02-01 17:58:38,123] {local_task_job.py:264} INFO - 1 downstream tasks scheduled from follow-on schedule check
