[2022-02-01 18:17:38,642] {taskinstance.py:1032} INFO - Dependencies all met for <TaskInstance: LocalIngestionDag.wget scheduled__2021-01-02T06:00:00+00:00 [queued]>
[2022-02-01 18:17:38,655] {taskinstance.py:1032} INFO - Dependencies all met for <TaskInstance: LocalIngestionDag.wget scheduled__2021-01-02T06:00:00+00:00 [queued]>
[2022-02-01 18:17:38,657] {taskinstance.py:1238} INFO - 
--------------------------------------------------------------------------------
[2022-02-01 18:17:38,658] {taskinstance.py:1239} INFO - Starting attempt 4 of 4
[2022-02-01 18:17:38,659] {taskinstance.py:1240} INFO - 
--------------------------------------------------------------------------------
[2022-02-01 18:17:38,674] {taskinstance.py:1259} INFO - Executing <Task(BashOperator): wget> on 2021-01-02 06:00:00+00:00
[2022-02-01 18:17:38,681] {standard_task_runner.py:52} INFO - Started process 2981 to run task
[2022-02-01 18:17:38,686] {standard_task_runner.py:76} INFO - Running: ['***', 'tasks', 'run', 'LocalIngestionDag', 'wget', 'scheduled__2021-01-02T06:00:00+00:00', '--job-id', '66', '--raw', '--subdir', 'DAGS_FOLDER/data_ingestion_local.py', '--cfg-path', '/tmp/tmp6cprzts7', '--error-file', '/tmp/tmpzopmdutn']
[2022-02-01 18:17:38,691] {standard_task_runner.py:77} INFO - Job 66: Subtask wget
[2022-02-01 18:17:38,785] {logging_mixin.py:109} INFO - Running <TaskInstance: LocalIngestionDag.wget scheduled__2021-01-02T06:00:00+00:00 [running]> on host c2ae942a63f5
[2022-02-01 18:17:38,850] {taskinstance.py:1426} INFO - Exporting the following env vars:
AIRFLOW_CTX_DAG_OWNER=***
AIRFLOW_CTX_DAG_ID=LocalIngestionDag
AIRFLOW_CTX_TASK_ID=wget
AIRFLOW_CTX_EXECUTION_DATE=2021-01-02T06:00:00+00:00
AIRFLOW_CTX_DAG_RUN_ID=scheduled__2021-01-02T06:00:00+00:00
[2022-02-01 18:17:38,855] {subprocess.py:62} INFO - Tmp dir root location: 
 /tmp
[2022-02-01 18:17:38,859] {subprocess.py:74} INFO - Running command: ['bash', '-c', 'echo \'{execution_date.strftime("%Y-%m"}\'']
[2022-02-01 18:17:38,872] {subprocess.py:85} INFO - Output:
[2022-02-01 18:17:38,874] {subprocess.py:89} INFO - {execution_date.strftime("%Y-%m"}
[2022-02-01 18:17:38,876] {subprocess.py:93} INFO - Command exited with return code 0
[2022-02-01 18:17:38,907] {taskinstance.py:1277} INFO - Marking task as SUCCESS. dag_id=LocalIngestionDag, task_id=wget, execution_date=20210102T060000, start_date=20220201T181738, end_date=20220201T181738
[2022-02-01 18:17:38,943] {local_task_job.py:154} INFO - Task exited with return code 0
[2022-02-01 18:17:38,986] {local_task_job.py:264} INFO - 1 downstream tasks scheduled from follow-on schedule check
