[2022-02-01 21:44:40,306] {taskinstance.py:1032} INFO - Dependencies all met for <TaskInstance: LocalIngestionDag.wget scheduled__2021-01-02T06:00:00+00:00 [queued]>
[2022-02-01 21:44:40,335] {taskinstance.py:1032} INFO - Dependencies all met for <TaskInstance: LocalIngestionDag.wget scheduled__2021-01-02T06:00:00+00:00 [queued]>
[2022-02-01 21:44:40,336] {taskinstance.py:1238} INFO - 
--------------------------------------------------------------------------------
[2022-02-01 21:44:40,338] {taskinstance.py:1239} INFO - Starting attempt 5 of 5
[2022-02-01 21:44:40,339] {taskinstance.py:1240} INFO - 
--------------------------------------------------------------------------------
[2022-02-01 21:44:40,352] {taskinstance.py:1259} INFO - Executing <Task(BashOperator): wget> on 2021-01-02 06:00:00+00:00
[2022-02-01 21:44:40,357] {standard_task_runner.py:52} INFO - Started process 1531 to run task
[2022-02-01 21:44:40,361] {standard_task_runner.py:76} INFO - Running: ['***', 'tasks', 'run', 'LocalIngestionDag', 'wget', 'scheduled__2021-01-02T06:00:00+00:00', '--job-id', '83', '--raw', '--subdir', 'DAGS_FOLDER/data_ingestion_local.py', '--cfg-path', '/tmp/tmpynt2cdf1', '--error-file', '/tmp/tmpj7bezy6g']
[2022-02-01 21:44:40,364] {standard_task_runner.py:77} INFO - Job 83: Subtask wget
[2022-02-01 21:44:40,439] {logging_mixin.py:109} INFO - Running <TaskInstance: LocalIngestionDag.wget scheduled__2021-01-02T06:00:00+00:00 [running]> on host 4eaca4839574
[2022-02-01 21:44:40,478] {warnings.py:110} WARNING - /home/***/.local/lib/python3.7/site-packages/***/utils/context.py:152: AirflowContextDeprecationWarning: Accessing 'execution_date' from the template is deprecated and will be removed in a future version. Please use 'data_interval_start' or 'logical_date' instead.
  warnings.warn(_create_deprecation_warning(key, self._deprecation_replacements[key]))

[2022-02-01 21:44:40,506] {taskinstance.py:1426} INFO - Exporting the following env vars:
AIRFLOW_CTX_DAG_OWNER=***
AIRFLOW_CTX_DAG_ID=LocalIngestionDag
AIRFLOW_CTX_TASK_ID=wget
AIRFLOW_CTX_EXECUTION_DATE=2021-01-02T06:00:00+00:00
AIRFLOW_CTX_DAG_RUN_ID=scheduled__2021-01-02T06:00:00+00:00
[2022-02-01 21:44:40,508] {subprocess.py:62} INFO - Tmp dir root location: 
 /tmp
[2022-02-01 21:44:40,512] {subprocess.py:74} INFO - Running command: ['bash', '-c', 'curl -sSL https://s3.amazonaws.com/nyc-tlc/trip+data/yellow_tripdata_2021-01.csv > /opt/***/output_2021-01.csv']
[2022-02-01 21:44:40,532] {subprocess.py:85} INFO - Output:
[2022-02-01 21:45:51,263] {subprocess.py:93} INFO - Command exited with return code 0
[2022-02-01 21:45:51,292] {taskinstance.py:1277} INFO - Marking task as SUCCESS. dag_id=LocalIngestionDag, task_id=wget, execution_date=20210102T060000, start_date=20220201T214440, end_date=20220201T214551
[2022-02-01 21:45:51,316] {local_task_job.py:154} INFO - Task exited with return code 0
[2022-02-01 21:45:51,348] {local_task_job.py:264} INFO - 1 downstream tasks scheduled from follow-on schedule check
