[2022-02-01 21:54:22,948] {taskinstance.py:1032} INFO - Dependencies all met for <TaskInstance: LocalIngestionDag.wget scheduled__2021-01-02T06:00:00+00:00 [queued]>
[2022-02-01 21:54:22,960] {taskinstance.py:1032} INFO - Dependencies all met for <TaskInstance: LocalIngestionDag.wget scheduled__2021-01-02T06:00:00+00:00 [queued]>
[2022-02-01 21:54:22,962] {taskinstance.py:1238} INFO - 
--------------------------------------------------------------------------------
[2022-02-01 21:54:22,963] {taskinstance.py:1239} INFO - Starting attempt 6 of 6
[2022-02-01 21:54:22,963] {taskinstance.py:1240} INFO - 
--------------------------------------------------------------------------------
[2022-02-01 21:54:22,975] {taskinstance.py:1259} INFO - Executing <Task(BashOperator): wget> on 2021-01-02 06:00:00+00:00
[2022-02-01 21:54:22,986] {standard_task_runner.py:52} INFO - Started process 1994 to run task
[2022-02-01 21:54:22,991] {standard_task_runner.py:76} INFO - Running: ['***', 'tasks', 'run', 'LocalIngestionDag', 'wget', 'scheduled__2021-01-02T06:00:00+00:00', '--job-id', '85', '--raw', '--subdir', 'DAGS_FOLDER/data_ingestion_local.py', '--cfg-path', '/tmp/tmpkjik6k3f', '--error-file', '/tmp/tmp1tyv5jad']
[2022-02-01 21:54:22,993] {standard_task_runner.py:77} INFO - Job 85: Subtask wget
[2022-02-01 21:54:23,070] {logging_mixin.py:109} INFO - Running <TaskInstance: LocalIngestionDag.wget scheduled__2021-01-02T06:00:00+00:00 [running]> on host 4eaca4839574
[2022-02-01 21:54:23,126] {warnings.py:110} WARNING - /home/***/.local/lib/python3.7/site-packages/***/utils/context.py:152: AirflowContextDeprecationWarning: Accessing 'execution_date' from the template is deprecated and will be removed in a future version. Please use 'data_interval_start' or 'logical_date' instead.
  warnings.warn(_create_deprecation_warning(key, self._deprecation_replacements[key]))

[2022-02-01 21:54:23,152] {taskinstance.py:1426} INFO - Exporting the following env vars:
AIRFLOW_CTX_DAG_OWNER=***
AIRFLOW_CTX_DAG_ID=LocalIngestionDag
AIRFLOW_CTX_TASK_ID=wget
AIRFLOW_CTX_EXECUTION_DATE=2021-01-02T06:00:00+00:00
AIRFLOW_CTX_DAG_RUN_ID=scheduled__2021-01-02T06:00:00+00:00
[2022-02-01 21:54:23,153] {subprocess.py:62} INFO - Tmp dir root location: 
 /tmp
[2022-02-01 21:54:23,155] {subprocess.py:74} INFO - Running command: ['bash', '-c', 'curl -sSL https://s3.amazonaws.com/nyc-tlc/trip+data/yellow_tripdata_2021-01.csv > /opt/***/output_2021-01.csv']
[2022-02-01 21:54:23,170] {subprocess.py:85} INFO - Output:
[2022-02-01 21:55:53,009] {subprocess.py:93} INFO - Command exited with return code 0
[2022-02-01 21:55:53,051] {taskinstance.py:1277} INFO - Marking task as SUCCESS. dag_id=LocalIngestionDag, task_id=wget, execution_date=20210102T060000, start_date=20220201T215422, end_date=20220201T215553
[2022-02-01 21:55:53,088] {local_task_job.py:154} INFO - Task exited with return code 0
[2022-02-01 21:55:53,122] {local_task_job.py:264} INFO - 1 downstream tasks scheduled from follow-on schedule check
