[2022-02-03 14:52:36,761] {taskinstance.py:1032} INFO - Dependencies all met for <TaskInstance: FHV_data_ingestion_gcs_dag.download_dataset_task scheduled__2020-04-01T00:00:00+00:00 [queued]>
[2022-02-03 14:52:36,781] {taskinstance.py:1032} INFO - Dependencies all met for <TaskInstance: FHV_data_ingestion_gcs_dag.download_dataset_task scheduled__2020-04-01T00:00:00+00:00 [queued]>
[2022-02-03 14:52:36,782] {taskinstance.py:1238} INFO - 
--------------------------------------------------------------------------------
[2022-02-03 14:52:36,783] {taskinstance.py:1239} INFO - Starting attempt 1 of 1
[2022-02-03 14:52:36,784] {taskinstance.py:1240} INFO - 
--------------------------------------------------------------------------------
[2022-02-03 14:52:36,796] {taskinstance.py:1259} INFO - Executing <Task(BashOperator): download_dataset_task> on 2020-04-01 00:00:00+00:00
[2022-02-03 14:52:36,801] {standard_task_runner.py:52} INFO - Started process 1721 to run task
[2022-02-03 14:52:36,805] {standard_task_runner.py:76} INFO - Running: ['***', 'tasks', 'run', 'FHV_data_ingestion_gcs_dag', 'download_dataset_task', 'scheduled__2020-04-01T00:00:00+00:00', '--job-id', '475', '--raw', '--subdir', 'DAGS_FOLDER/FHV_injection_dag.py', '--cfg-path', '/tmp/tmpx_n9x6zd', '--error-file', '/tmp/tmpprwaqrdb']
[2022-02-03 14:52:36,807] {standard_task_runner.py:77} INFO - Job 475: Subtask download_dataset_task
[2022-02-03 14:52:36,865] {logging_mixin.py:109} INFO - Running <TaskInstance: FHV_data_ingestion_gcs_dag.download_dataset_task scheduled__2020-04-01T00:00:00+00:00 [running]> on host 700aeb16bae0
[2022-02-03 14:52:36,900] {warnings.py:110} WARNING - /home/***/.local/lib/python3.7/site-packages/***/utils/context.py:152: AirflowContextDeprecationWarning: Accessing 'execution_date' from the template is deprecated and will be removed in a future version. Please use 'data_interval_start' or 'logical_date' instead.
  warnings.warn(_create_deprecation_warning(key, self._deprecation_replacements[key]))

[2022-02-03 14:52:36,926] {taskinstance.py:1426} INFO - Exporting the following env vars:
AIRFLOW_CTX_DAG_OWNER=***
AIRFLOW_CTX_DAG_ID=FHV_data_ingestion_gcs_dag
AIRFLOW_CTX_TASK_ID=download_dataset_task
AIRFLOW_CTX_EXECUTION_DATE=2020-04-01T00:00:00+00:00
AIRFLOW_CTX_DAG_RUN_ID=scheduled__2020-04-01T00:00:00+00:00
[2022-02-03 14:52:36,928] {subprocess.py:62} INFO - Tmp dir root location: 
 /tmp
[2022-02-03 14:52:36,929] {subprocess.py:74} INFO - Running command: ['bash', '-c', 'curl -sSLf https://nyc-tlc.s3.amazonaws.com/trip+data/fhv_tripdata_2020-04.csv > /opt/***/fhv_tripdata_2020-04.csv']
[2022-02-03 14:52:36,940] {subprocess.py:85} INFO - Output:
[2022-02-03 14:52:50,122] {subprocess.py:93} INFO - Command exited with return code 0
[2022-02-03 14:52:50,145] {taskinstance.py:1277} INFO - Marking task as SUCCESS. dag_id=FHV_data_ingestion_gcs_dag, task_id=download_dataset_task, execution_date=20200401T000000, start_date=20220203T145236, end_date=20220203T145250
[2022-02-03 14:52:50,190] {local_task_job.py:154} INFO - Task exited with return code 0
[2022-02-03 14:52:50,230] {local_task_job.py:264} INFO - 1 downstream tasks scheduled from follow-on schedule check
[2022-02-03 15:14:55,185] {taskinstance.py:1032} INFO - Dependencies all met for <TaskInstance: FHV_data_ingestion_gcs_dag.download_dataset_task scheduled__2020-04-01T00:00:00+00:00 [queued]>
[2022-02-03 15:14:55,198] {taskinstance.py:1032} INFO - Dependencies all met for <TaskInstance: FHV_data_ingestion_gcs_dag.download_dataset_task scheduled__2020-04-01T00:00:00+00:00 [queued]>
[2022-02-03 15:14:55,198] {taskinstance.py:1238} INFO - 
--------------------------------------------------------------------------------
[2022-02-03 15:14:55,199] {taskinstance.py:1239} INFO - Starting attempt 1 of 1
[2022-02-03 15:14:55,200] {taskinstance.py:1240} INFO - 
--------------------------------------------------------------------------------
[2022-02-03 15:14:55,212] {taskinstance.py:1259} INFO - Executing <Task(BashOperator): download_dataset_task> on 2020-04-01 00:00:00+00:00
[2022-02-03 15:14:55,217] {standard_task_runner.py:52} INFO - Started process 3177 to run task
[2022-02-03 15:14:55,222] {standard_task_runner.py:76} INFO - Running: ['***', 'tasks', 'run', 'FHV_data_ingestion_gcs_dag', 'download_dataset_task', 'scheduled__2020-04-01T00:00:00+00:00', '--job-id', '573', '--raw', '--subdir', 'DAGS_FOLDER/FHV_injection_dag.py', '--cfg-path', '/tmp/tmpjo0t_m1e', '--error-file', '/tmp/tmp_g8x0i4p']
[2022-02-03 15:14:55,223] {standard_task_runner.py:77} INFO - Job 573: Subtask download_dataset_task
[2022-02-03 15:14:55,289] {logging_mixin.py:109} INFO - Running <TaskInstance: FHV_data_ingestion_gcs_dag.download_dataset_task scheduled__2020-04-01T00:00:00+00:00 [running]> on host 700aeb16bae0
[2022-02-03 15:14:55,331] {warnings.py:110} WARNING - /home/***/.local/lib/python3.7/site-packages/***/utils/context.py:152: AirflowContextDeprecationWarning: Accessing 'execution_date' from the template is deprecated and will be removed in a future version. Please use 'data_interval_start' or 'logical_date' instead.
  warnings.warn(_create_deprecation_warning(key, self._deprecation_replacements[key]))

[2022-02-03 15:14:55,357] {taskinstance.py:1426} INFO - Exporting the following env vars:
AIRFLOW_CTX_DAG_OWNER=***
AIRFLOW_CTX_DAG_ID=FHV_data_ingestion_gcs_dag
AIRFLOW_CTX_TASK_ID=download_dataset_task
AIRFLOW_CTX_EXECUTION_DATE=2020-04-01T00:00:00+00:00
AIRFLOW_CTX_DAG_RUN_ID=scheduled__2020-04-01T00:00:00+00:00
[2022-02-03 15:14:55,359] {subprocess.py:62} INFO - Tmp dir root location: 
 /tmp
[2022-02-03 15:14:55,360] {subprocess.py:74} INFO - Running command: ['bash', '-c', 'curl -sSLf https://nyc-tlc.s3.amazonaws.com/trip+data/fhv_tripdata_2020-04.csv > /opt/***/fhv_tripdata_2020-04.csv']
[2022-02-03 15:14:55,372] {subprocess.py:85} INFO - Output:
[2022-02-03 15:15:17,139] {subprocess.py:93} INFO - Command exited with return code 0
[2022-02-03 15:15:17,167] {taskinstance.py:1277} INFO - Marking task as SUCCESS. dag_id=FHV_data_ingestion_gcs_dag, task_id=download_dataset_task, execution_date=20200401T000000, start_date=20220203T151455, end_date=20220203T151517
[2022-02-03 15:15:17,204] {local_task_job.py:154} INFO - Task exited with return code 0
[2022-02-03 15:15:17,243] {local_task_job.py:264} INFO - 1 downstream tasks scheduled from follow-on schedule check
