[2022-02-02 19:12:46,430] {taskinstance.py:1032} INFO - Dependencies all met for <TaskInstance: ex_1_data_ingestion_gcs_dag_v3.format_to_parquet_task scheduled__2021-09-01T00:00:00+00:00 [queued]>
[2022-02-02 19:12:46,445] {taskinstance.py:1032} INFO - Dependencies all met for <TaskInstance: ex_1_data_ingestion_gcs_dag_v3.format_to_parquet_task scheduled__2021-09-01T00:00:00+00:00 [queued]>
[2022-02-02 19:12:46,446] {taskinstance.py:1238} INFO - 
--------------------------------------------------------------------------------
[2022-02-02 19:12:46,448] {taskinstance.py:1239} INFO - Starting attempt 1 of 1
[2022-02-02 19:12:46,449] {taskinstance.py:1240} INFO - 
--------------------------------------------------------------------------------
[2022-02-02 19:12:46,463] {taskinstance.py:1259} INFO - Executing <Task(PythonOperator): format_to_parquet_task> on 2021-09-01 00:00:00+00:00
[2022-02-02 19:12:46,470] {standard_task_runner.py:52} INFO - Started process 11877 to run task
[2022-02-02 19:12:46,474] {standard_task_runner.py:76} INFO - Running: ['***', 'tasks', 'run', 'ex_1_data_ingestion_gcs_dag_v3', 'format_to_parquet_task', 'scheduled__2021-09-01T00:00:00+00:00', '--job-id', '399', '--raw', '--subdir', 'DAGS_FOLDER/data_ingestion_hw_1_ex.py', '--cfg-path', '/tmp/tmp4eqggyxe', '--error-file', '/tmp/tmpq3l69n02']
[2022-02-02 19:12:46,477] {standard_task_runner.py:77} INFO - Job 399: Subtask format_to_parquet_task
[2022-02-02 19:12:46,559] {logging_mixin.py:109} INFO - Running <TaskInstance: ex_1_data_ingestion_gcs_dag_v3.format_to_parquet_task scheduled__2021-09-01T00:00:00+00:00 [running]> on host 700aeb16bae0
[2022-02-02 19:12:46,607] {warnings.py:110} WARNING - /home/***/.local/lib/python3.7/site-packages/***/utils/context.py:152: AirflowContextDeprecationWarning: Accessing 'execution_date' from the template is deprecated and will be removed in a future version. Please use 'data_interval_start' or 'logical_date' instead.
  warnings.warn(_create_deprecation_warning(key, self._deprecation_replacements[key]))

[2022-02-02 19:12:46,642] {taskinstance.py:1426} INFO - Exporting the following env vars:
AIRFLOW_CTX_DAG_OWNER=***
AIRFLOW_CTX_DAG_ID=ex_1_data_ingestion_gcs_dag_v3
AIRFLOW_CTX_TASK_ID=format_to_parquet_task
AIRFLOW_CTX_EXECUTION_DATE=2021-09-01T00:00:00+00:00
AIRFLOW_CTX_DAG_RUN_ID=scheduled__2021-09-01T00:00:00+00:00
[2022-02-02 19:12:46,744] {python.py:175} INFO - Done. Returned value was: None
[2022-02-02 19:12:46,764] {taskinstance.py:1277} INFO - Marking task as SUCCESS. dag_id=ex_1_data_ingestion_gcs_dag_v3, task_id=format_to_parquet_task, execution_date=20210901T000000, start_date=20220202T191246, end_date=20220202T191246
[2022-02-02 19:12:46,810] {local_task_job.py:154} INFO - Task exited with return code 0
[2022-02-02 19:12:46,869] {local_task_job.py:264} INFO - 0 downstream tasks scheduled from follow-on schedule check
[2022-02-10 14:54:36,856] {taskinstance.py:1032} INFO - Dependencies all met for <TaskInstance: ex_1_data_ingestion_gcs_dag_v3.format_to_parquet_task scheduled__2021-09-01T00:00:00+00:00 [queued]>
[2022-02-10 14:54:36,897] {taskinstance.py:1032} INFO - Dependencies all met for <TaskInstance: ex_1_data_ingestion_gcs_dag_v3.format_to_parquet_task scheduled__2021-09-01T00:00:00+00:00 [queued]>
[2022-02-10 14:54:36,899] {taskinstance.py:1238} INFO - 
--------------------------------------------------------------------------------
[2022-02-10 14:54:36,901] {taskinstance.py:1239} INFO - Starting attempt 1 of 1
[2022-02-10 14:54:36,903] {taskinstance.py:1240} INFO - 
--------------------------------------------------------------------------------
[2022-02-10 14:54:36,933] {taskinstance.py:1259} INFO - Executing <Task(PythonOperator): format_to_parquet_task> on 2021-09-01 00:00:00+00:00
[2022-02-10 14:54:36,951] {standard_task_runner.py:52} INFO - Started process 3546 to run task
[2022-02-10 14:54:36,968] {standard_task_runner.py:76} INFO - Running: ['***', 'tasks', 'run', 'ex_1_data_ingestion_gcs_dag_v3', 'format_to_parquet_task', 'scheduled__2021-09-01T00:00:00+00:00', '--job-id', '753', '--raw', '--subdir', 'DAGS_FOLDER/data_ingestion_hw_1_ex.py', '--cfg-path', '/tmp/tmpx1m5vsfg', '--error-file', '/tmp/tmp16t4o83b']
[2022-02-10 14:54:36,973] {standard_task_runner.py:77} INFO - Job 753: Subtask format_to_parquet_task
[2022-02-10 14:54:37,159] {logging_mixin.py:109} INFO - Running <TaskInstance: ex_1_data_ingestion_gcs_dag_v3.format_to_parquet_task scheduled__2021-09-01T00:00:00+00:00 [running]> on host e30f201fae61
[2022-02-10 14:54:37,240] {warnings.py:110} WARNING - /home/***/.local/lib/python3.7/site-packages/***/utils/context.py:152: AirflowContextDeprecationWarning: Accessing 'execution_date' from the template is deprecated and will be removed in a future version. Please use 'data_interval_start' or 'logical_date' instead.
  warnings.warn(_create_deprecation_warning(key, self._deprecation_replacements[key]))

[2022-02-10 14:54:37,294] {taskinstance.py:1426} INFO - Exporting the following env vars:
AIRFLOW_CTX_DAG_OWNER=***
AIRFLOW_CTX_DAG_ID=ex_1_data_ingestion_gcs_dag_v3
AIRFLOW_CTX_TASK_ID=format_to_parquet_task
AIRFLOW_CTX_EXECUTION_DATE=2021-09-01T00:00:00+00:00
AIRFLOW_CTX_DAG_RUN_ID=scheduled__2021-09-01T00:00:00+00:00
[2022-02-10 14:54:37,514] {python.py:175} INFO - Done. Returned value was: None
[2022-02-10 14:54:37,557] {taskinstance.py:1277} INFO - Marking task as SUCCESS. dag_id=ex_1_data_ingestion_gcs_dag_v3, task_id=format_to_parquet_task, execution_date=20210901T000000, start_date=20220210T145436, end_date=20220210T145437
[2022-02-10 14:54:37,617] {local_task_job.py:154} INFO - Task exited with return code 0
[2022-02-10 14:54:37,747] {local_task_job.py:264} INFO - 1 downstream tasks scheduled from follow-on schedule check
[2022-02-10 15:42:47,264] {taskinstance.py:1032} INFO - Dependencies all met for <TaskInstance: ex_1_data_ingestion_gcs_dag_v3.format_to_parquet_task scheduled__2021-09-01T00:00:00+00:00 [queued]>
[2022-02-10 15:42:47,277] {taskinstance.py:1032} INFO - Dependencies all met for <TaskInstance: ex_1_data_ingestion_gcs_dag_v3.format_to_parquet_task scheduled__2021-09-01T00:00:00+00:00 [queued]>
[2022-02-10 15:42:47,279] {taskinstance.py:1238} INFO - 
--------------------------------------------------------------------------------
[2022-02-10 15:42:47,280] {taskinstance.py:1239} INFO - Starting attempt 1 of 1
[2022-02-10 15:42:47,282] {taskinstance.py:1240} INFO - 
--------------------------------------------------------------------------------
[2022-02-10 15:42:47,300] {taskinstance.py:1259} INFO - Executing <Task(PythonOperator): format_to_parquet_task> on 2021-09-01 00:00:00+00:00
[2022-02-10 15:42:47,310] {standard_task_runner.py:52} INFO - Started process 1192 to run task
[2022-02-10 15:42:47,323] {standard_task_runner.py:76} INFO - Running: ['***', 'tasks', 'run', 'ex_1_data_ingestion_gcs_dag_v3', 'format_to_parquet_task', 'scheduled__2021-09-01T00:00:00+00:00', '--job-id', '876', '--raw', '--subdir', 'DAGS_FOLDER/data_ingestion_hw_1_ex.py', '--cfg-path', '/tmp/tmpm_860atb', '--error-file', '/tmp/tmputkf9nlv']
[2022-02-10 15:42:47,329] {standard_task_runner.py:77} INFO - Job 876: Subtask format_to_parquet_task
[2022-02-10 15:42:47,473] {logging_mixin.py:109} INFO - Running <TaskInstance: ex_1_data_ingestion_gcs_dag_v3.format_to_parquet_task scheduled__2021-09-01T00:00:00+00:00 [running]> on host 276a0ad90304
[2022-02-10 15:42:47,530] {warnings.py:110} WARNING - /home/***/.local/lib/python3.7/site-packages/***/utils/context.py:152: AirflowContextDeprecationWarning: Accessing 'execution_date' from the template is deprecated and will be removed in a future version. Please use 'data_interval_start' or 'logical_date' instead.
  warnings.warn(_create_deprecation_warning(key, self._deprecation_replacements[key]))

[2022-02-10 15:42:47,583] {taskinstance.py:1426} INFO - Exporting the following env vars:
AIRFLOW_CTX_DAG_OWNER=***
AIRFLOW_CTX_DAG_ID=ex_1_data_ingestion_gcs_dag_v3
AIRFLOW_CTX_TASK_ID=format_to_parquet_task
AIRFLOW_CTX_EXECUTION_DATE=2021-09-01T00:00:00+00:00
AIRFLOW_CTX_DAG_RUN_ID=scheduled__2021-09-01T00:00:00+00:00
[2022-02-10 15:42:47,792] {python.py:175} INFO - Done. Returned value was: None
[2022-02-10 15:42:47,887] {taskinstance.py:1277} INFO - Marking task as SUCCESS. dag_id=ex_1_data_ingestion_gcs_dag_v3, task_id=format_to_parquet_task, execution_date=20210901T000000, start_date=20220210T154247, end_date=20220210T154247
[2022-02-10 15:42:47,978] {local_task_job.py:154} INFO - Task exited with return code 0
[2022-02-10 15:42:48,108] {local_task_job.py:264} INFO - 1 downstream tasks scheduled from follow-on schedule check
