[2022-02-01 18:19:07,706] {taskinstance.py:1032} INFO - Dependencies all met for <TaskInstance: LocalIngestionDag.wget scheduled__2021-02-02T06:00:00+00:00 [queued]>
[2022-02-01 18:19:07,721] {taskinstance.py:1032} INFO - Dependencies all met for <TaskInstance: LocalIngestionDag.wget scheduled__2021-02-02T06:00:00+00:00 [queued]>
[2022-02-01 18:19:07,745] {taskinstance.py:1238} INFO - 
--------------------------------------------------------------------------------
[2022-02-01 18:19:07,746] {taskinstance.py:1239} INFO - Starting attempt 2 of 2
[2022-02-01 18:19:07,747] {taskinstance.py:1240} INFO - 
--------------------------------------------------------------------------------
[2022-02-01 18:19:07,763] {taskinstance.py:1259} INFO - Executing <Task(BashOperator): wget> on 2021-02-02 06:00:00+00:00
[2022-02-01 18:19:07,767] {standard_task_runner.py:52} INFO - Started process 3058 to run task
[2022-02-01 18:19:07,772] {standard_task_runner.py:76} INFO - Running: ['***', 'tasks', 'run', 'LocalIngestionDag', 'wget', 'scheduled__2021-02-02T06:00:00+00:00', '--job-id', '68', '--raw', '--subdir', 'DAGS_FOLDER/data_ingestion_local.py', '--cfg-path', '/tmp/tmp1gcj3m9g', '--error-file', '/tmp/tmp3xfviba1']
[2022-02-01 18:19:07,774] {standard_task_runner.py:77} INFO - Job 68: Subtask wget
[2022-02-01 18:19:07,845] {logging_mixin.py:109} INFO - Running <TaskInstance: LocalIngestionDag.wget scheduled__2021-02-02T06:00:00+00:00 [running]> on host c2ae942a63f5
[2022-02-01 18:19:07,911] {taskinstance.py:1426} INFO - Exporting the following env vars:
AIRFLOW_CTX_DAG_OWNER=***
AIRFLOW_CTX_DAG_ID=LocalIngestionDag
AIRFLOW_CTX_TASK_ID=wget
AIRFLOW_CTX_EXECUTION_DATE=2021-02-02T06:00:00+00:00
AIRFLOW_CTX_DAG_RUN_ID=scheduled__2021-02-02T06:00:00+00:00
[2022-02-01 18:19:07,912] {subprocess.py:62} INFO - Tmp dir root location: 
 /tmp
[2022-02-01 18:19:07,914] {subprocess.py:74} INFO - Running command: ['bash', '-c', 'echo "{execution_date.strftime(\'%Y-%m\'}"']
[2022-02-01 18:19:07,927] {subprocess.py:85} INFO - Output:
[2022-02-01 18:19:07,928] {subprocess.py:89} INFO - {execution_date.strftime('%Y-%m'}
[2022-02-01 18:19:07,930] {subprocess.py:93} INFO - Command exited with return code 0
[2022-02-01 18:19:07,964] {taskinstance.py:1277} INFO - Marking task as SUCCESS. dag_id=LocalIngestionDag, task_id=wget, execution_date=20210202T060000, start_date=20220201T181907, end_date=20220201T181907
[2022-02-01 18:19:08,030] {local_task_job.py:154} INFO - Task exited with return code 0
[2022-02-01 18:19:08,079] {local_task_job.py:264} INFO - 1 downstream tasks scheduled from follow-on schedule check
