[2022-02-02 13:49:08,603] {taskinstance.py:1032} INFO - Dependencies all met for <TaskInstance: ex_1_data_ingestion_gcs_dag.local_to_gcs_task scheduled__2021-10-01T00:00:00+00:00 [queued]>
[2022-02-02 13:49:08,874] {taskinstance.py:1032} INFO - Dependencies all met for <TaskInstance: ex_1_data_ingestion_gcs_dag.local_to_gcs_task scheduled__2021-10-01T00:00:00+00:00 [queued]>
[2022-02-02 13:49:08,891] {taskinstance.py:1238} INFO - 
--------------------------------------------------------------------------------
[2022-02-02 13:49:08,895] {taskinstance.py:1239} INFO - Starting attempt 1 of 1
[2022-02-02 13:49:08,899] {taskinstance.py:1240} INFO - 
--------------------------------------------------------------------------------
[2022-02-02 13:49:08,986] {taskinstance.py:1259} INFO - Executing <Task(PythonOperator): local_to_gcs_task> on 2021-10-01 00:00:00+00:00
[2022-02-02 13:49:09,029] {standard_task_runner.py:52} INFO - Started process 1835 to run task
[2022-02-02 13:49:09,049] {standard_task_runner.py:76} INFO - Running: ['***', 'tasks', 'run', 'ex_1_data_ingestion_gcs_dag', 'local_to_gcs_task', 'scheduled__2021-10-01T00:00:00+00:00', '--job-id', '186', '--raw', '--subdir', 'DAGS_FOLDER/data_ingestion_hw_1_ex.py', '--cfg-path', '/tmp/tmpixekr16v', '--error-file', '/tmp/tmpq_vgwhro']
[2022-02-02 13:49:09,058] {standard_task_runner.py:77} INFO - Job 186: Subtask local_to_gcs_task
[2022-02-02 13:49:09,742] {logging_mixin.py:109} INFO - Running <TaskInstance: ex_1_data_ingestion_gcs_dag.local_to_gcs_task scheduled__2021-10-01T00:00:00+00:00 [running]> on host 700aeb16bae0
[2022-02-02 13:49:10,112] {warnings.py:110} WARNING - /home/***/.local/lib/python3.7/site-packages/***/utils/context.py:152: AirflowContextDeprecationWarning: Accessing 'execution_date' from the template is deprecated and will be removed in a future version. Please use 'data_interval_start' or 'logical_date' instead.
  warnings.warn(_create_deprecation_warning(key, self._deprecation_replacements[key]))

[2022-02-02 13:49:10,215] {taskinstance.py:1426} INFO - Exporting the following env vars:
AIRFLOW_CTX_DAG_OWNER=***
AIRFLOW_CTX_DAG_ID=ex_1_data_ingestion_gcs_dag
AIRFLOW_CTX_TASK_ID=local_to_gcs_task
AIRFLOW_CTX_EXECUTION_DATE=2021-10-01T00:00:00+00:00
AIRFLOW_CTX_DAG_RUN_ID=scheduled__2021-10-01T00:00:00+00:00
[2022-02-02 13:50:10,318] {connectionpool.py:781} WARNING - Retrying (Retry(total=2, connect=None, read=None, redirect=None, status=None)) after connection broken by 'ConnectTimeoutError(<urllib3.connection.HTTPSConnection object at 0x7f4999a02b50>, 'Connection to oauth2.googleapis.com timed out. (connect timeout=60)')': /token
[2022-02-02 13:50:10,718] {python.py:175} INFO - Done. Returned value was: None
[2022-02-02 13:50:10,749] {taskinstance.py:1277} INFO - Marking task as SUCCESS. dag_id=ex_1_data_ingestion_gcs_dag, task_id=local_to_gcs_task, execution_date=20211001T000000, start_date=20220202T134908, end_date=20220202T135010
[2022-02-02 13:50:10,831] {local_task_job.py:154} INFO - Task exited with return code 0
[2022-02-02 13:50:10,870] {local_task_job.py:264} INFO - 0 downstream tasks scheduled from follow-on schedule check
