[2022-02-02 13:20:30,326] {taskinstance.py:1032} INFO - Dependencies all met for <TaskInstance: data_ingestion_gcs_dag.download_dataset_task scheduled__2022-02-01T00:00:00+00:00 [queued]>
[2022-02-02 13:20:30,339] {taskinstance.py:1032} INFO - Dependencies all met for <TaskInstance: data_ingestion_gcs_dag.download_dataset_task scheduled__2022-02-01T00:00:00+00:00 [queued]>
[2022-02-02 13:20:30,340] {taskinstance.py:1238} INFO - 
--------------------------------------------------------------------------------
[2022-02-02 13:20:30,340] {taskinstance.py:1239} INFO - Starting attempt 1 of 2
[2022-02-02 13:20:30,341] {taskinstance.py:1240} INFO - 
--------------------------------------------------------------------------------
[2022-02-02 13:20:30,357] {taskinstance.py:1259} INFO - Executing <Task(BashOperator): download_dataset_task> on 2022-02-01 00:00:00+00:00
[2022-02-02 13:20:30,364] {standard_task_runner.py:52} INFO - Started process 61 to run task
[2022-02-02 13:20:30,369] {standard_task_runner.py:76} INFO - Running: ['***', 'tasks', 'run', 'data_ingestion_gcs_dag', 'download_dataset_task', 'scheduled__2022-02-01T00:00:00+00:00', '--job-id', '89', '--raw', '--subdir', 'DAGS_FOLDER/data-ingestion-gcs-dag.py', '--cfg-path', '/tmp/tmpn716q77y', '--error-file', '/tmp/tmpyuq4qgbk']
[2022-02-02 13:20:30,373] {standard_task_runner.py:77} INFO - Job 89: Subtask download_dataset_task
[2022-02-02 13:20:30,451] {logging_mixin.py:109} INFO - Running <TaskInstance: data_ingestion_gcs_dag.download_dataset_task scheduled__2022-02-01T00:00:00+00:00 [running]> on host 700aeb16bae0
[2022-02-02 13:20:30,585] {taskinstance.py:1426} INFO - Exporting the following env vars:
AIRFLOW_CTX_DAG_OWNER=***
AIRFLOW_CTX_DAG_ID=data_ingestion_gcs_dag
AIRFLOW_CTX_TASK_ID=download_dataset_task
AIRFLOW_CTX_EXECUTION_DATE=2022-02-01T00:00:00+00:00
AIRFLOW_CTX_DAG_RUN_ID=scheduled__2022-02-01T00:00:00+00:00
[2022-02-02 13:20:30,588] {subprocess.py:62} INFO - Tmp dir root location: 
 /tmp
[2022-02-02 13:20:30,590] {subprocess.py:74} INFO - Running command: ['bash', '-c', 'curl -sS https://s3.amazonaws.com/nyc-tlc/trip+data/yellow_tripdata_2021-01.csv > /opt/***/yellow_tripdata_2021-01.csv']
[2022-02-02 13:20:30,613] {subprocess.py:85} INFO - Output:
[2022-02-02 13:21:14,194] {subprocess.py:93} INFO - Command exited with return code 0
[2022-02-02 13:21:14,222] {taskinstance.py:1277} INFO - Marking task as SUCCESS. dag_id=data_ingestion_gcs_dag, task_id=download_dataset_task, execution_date=20220201T000000, start_date=20220202T132030, end_date=20220202T132114
[2022-02-02 13:21:14,248] {local_task_job.py:154} INFO - Task exited with return code 0
[2022-02-02 13:21:14,286] {local_task_job.py:264} INFO - 1 downstream tasks scheduled from follow-on schedule check
