[2022-02-02 19:10:07,010] {taskinstance.py:1032} INFO - Dependencies all met for <TaskInstance: ex_1_data_ingestion_gcs_dag_v3.local_to_gcs_task scheduled__2021-06-01T00:00:00+00:00 [queued]>
[2022-02-02 19:10:07,023] {taskinstance.py:1032} INFO - Dependencies all met for <TaskInstance: ex_1_data_ingestion_gcs_dag_v3.local_to_gcs_task scheduled__2021-06-01T00:00:00+00:00 [queued]>
[2022-02-02 19:10:07,024] {taskinstance.py:1238} INFO - 
--------------------------------------------------------------------------------
[2022-02-02 19:10:07,025] {taskinstance.py:1239} INFO - Starting attempt 1 of 1
[2022-02-02 19:10:07,026] {taskinstance.py:1240} INFO - 
--------------------------------------------------------------------------------
[2022-02-02 19:10:07,039] {taskinstance.py:1259} INFO - Executing <Task(PythonOperator): local_to_gcs_task> on 2021-06-01 00:00:00+00:00
[2022-02-02 19:10:07,046] {standard_task_runner.py:52} INFO - Started process 11717 to run task
[2022-02-02 19:10:07,051] {standard_task_runner.py:76} INFO - Running: ['***', 'tasks', 'run', 'ex_1_data_ingestion_gcs_dag_v3', 'local_to_gcs_task', 'scheduled__2021-06-01T00:00:00+00:00', '--job-id', '391', '--raw', '--subdir', 'DAGS_FOLDER/data_ingestion_hw_1_ex.py', '--cfg-path', '/tmp/tmp7vuyq0pf', '--error-file', '/tmp/tmp82vlfsun']
[2022-02-02 19:10:07,054] {standard_task_runner.py:77} INFO - Job 391: Subtask local_to_gcs_task
[2022-02-02 19:10:07,142] {logging_mixin.py:109} INFO - Running <TaskInstance: ex_1_data_ingestion_gcs_dag_v3.local_to_gcs_task scheduled__2021-06-01T00:00:00+00:00 [running]> on host 700aeb16bae0
[2022-02-02 19:10:07,188] {warnings.py:110} WARNING - /home/***/.local/lib/python3.7/site-packages/***/utils/context.py:152: AirflowContextDeprecationWarning: Accessing 'execution_date' from the template is deprecated and will be removed in a future version. Please use 'data_interval_start' or 'logical_date' instead.
  warnings.warn(_create_deprecation_warning(key, self._deprecation_replacements[key]))

[2022-02-02 19:10:07,217] {taskinstance.py:1426} INFO - Exporting the following env vars:
AIRFLOW_CTX_DAG_OWNER=***
AIRFLOW_CTX_DAG_ID=ex_1_data_ingestion_gcs_dag_v3
AIRFLOW_CTX_TASK_ID=local_to_gcs_task
AIRFLOW_CTX_EXECUTION_DATE=2021-06-01T00:00:00+00:00
AIRFLOW_CTX_DAG_RUN_ID=scheduled__2021-06-01T00:00:00+00:00
[2022-02-02 19:10:12,512] {python.py:175} INFO - Done. Returned value was: None
[2022-02-02 19:10:12,533] {taskinstance.py:1277} INFO - Marking task as SUCCESS. dag_id=ex_1_data_ingestion_gcs_dag_v3, task_id=local_to_gcs_task, execution_date=20210601T000000, start_date=20220202T191007, end_date=20220202T191012
[2022-02-02 19:10:12,578] {local_task_job.py:154} INFO - Task exited with return code 0
[2022-02-02 19:10:12,616] {local_task_job.py:264} INFO - 0 downstream tasks scheduled from follow-on schedule check
