[2022-02-01 15:17:24,221] {taskinstance.py:1032} INFO - Dependencies all met for <TaskInstance: data_ingestion_gcs_dag.format_to_parquet_task manual__2022-02-01T15:16:19.443054+00:00 [queued]>
[2022-02-01 15:17:24,232] {taskinstance.py:1032} INFO - Dependencies all met for <TaskInstance: data_ingestion_gcs_dag.format_to_parquet_task manual__2022-02-01T15:16:19.443054+00:00 [queued]>
[2022-02-01 15:17:24,233] {taskinstance.py:1238} INFO - 
--------------------------------------------------------------------------------
[2022-02-01 15:17:24,234] {taskinstance.py:1239} INFO - Starting attempt 1 of 2
[2022-02-01 15:17:24,235] {taskinstance.py:1240} INFO - 
--------------------------------------------------------------------------------
[2022-02-01 15:17:24,249] {taskinstance.py:1259} INFO - Executing <Task(PythonOperator): format_to_parquet_task> on 2022-02-01 15:16:19.443054+00:00
[2022-02-01 15:17:24,256] {standard_task_runner.py:52} INFO - Started process 259 to run task
[2022-02-01 15:17:24,261] {standard_task_runner.py:76} INFO - Running: ['***', 'tasks', 'run', 'data_ingestion_gcs_dag', 'format_to_parquet_task', 'manual__2022-02-01T15:16:19.443054+00:00', '--job-id', '24', '--raw', '--subdir', 'DAGS_FOLDER/data-ingestion-gcs-dag.py', '--cfg-path', '/tmp/tmp300ukyzh', '--error-file', '/tmp/tmpoi6hcphl']
[2022-02-01 15:17:24,264] {standard_task_runner.py:77} INFO - Job 24: Subtask format_to_parquet_task
[2022-02-01 15:17:24,336] {logging_mixin.py:109} INFO - Running <TaskInstance: data_ingestion_gcs_dag.format_to_parquet_task manual__2022-02-01T15:16:19.443054+00:00 [running]> on host 3895c9916fe2
[2022-02-01 15:17:24,403] {taskinstance.py:1426} INFO - Exporting the following env vars:
AIRFLOW_CTX_DAG_OWNER=***
AIRFLOW_CTX_DAG_ID=data_ingestion_gcs_dag
AIRFLOW_CTX_TASK_ID=format_to_parquet_task
AIRFLOW_CTX_EXECUTION_DATE=2022-02-01T15:16:19.443054+00:00
AIRFLOW_CTX_DAG_RUN_ID=manual__2022-02-01T15:16:19.443054+00:00
[2022-02-01 15:17:25,623] {python.py:175} INFO - Done. Returned value was: None
[2022-02-01 15:17:25,643] {taskinstance.py:1277} INFO - Marking task as SUCCESS. dag_id=data_ingestion_gcs_dag, task_id=format_to_parquet_task, execution_date=20220201T151619, start_date=20220201T151724, end_date=20220201T151725
[2022-02-01 15:17:25,772] {local_task_job.py:154} INFO - Task exited with return code 0
[2022-02-01 15:17:25,878] {local_task_job.py:264} INFO - 0 downstream tasks scheduled from follow-on schedule check
