[2022-02-02 19:13:14,952] {taskinstance.py:1032} INFO - Dependencies all met for <TaskInstance: ex_1_data_ingestion_gcs_dag_v3.download_dataset_task scheduled__2021-10-01T00:00:00+00:00 [queued]>
[2022-02-02 19:13:14,966] {taskinstance.py:1032} INFO - Dependencies all met for <TaskInstance: ex_1_data_ingestion_gcs_dag_v3.download_dataset_task scheduled__2021-10-01T00:00:00+00:00 [queued]>
[2022-02-02 19:13:14,967] {taskinstance.py:1238} INFO - 
--------------------------------------------------------------------------------
[2022-02-02 19:13:14,968] {taskinstance.py:1239} INFO - Starting attempt 1 of 1
[2022-02-02 19:13:14,969] {taskinstance.py:1240} INFO - 
--------------------------------------------------------------------------------
[2022-02-02 19:13:14,984] {taskinstance.py:1259} INFO - Executing <Task(BashOperator): download_dataset_task> on 2021-10-01 00:00:00+00:00
[2022-02-02 19:13:14,992] {standard_task_runner.py:52} INFO - Started process 11915 to run task
[2022-02-02 19:13:14,997] {standard_task_runner.py:76} INFO - Running: ['***', 'tasks', 'run', 'ex_1_data_ingestion_gcs_dag_v3', 'download_dataset_task', 'scheduled__2021-10-01T00:00:00+00:00', '--job-id', '401', '--raw', '--subdir', 'DAGS_FOLDER/data_ingestion_hw_1_ex.py', '--cfg-path', '/tmp/tmp8lxgwq9y', '--error-file', '/tmp/tmp6uwaasis']
[2022-02-02 19:13:15,000] {standard_task_runner.py:77} INFO - Job 401: Subtask download_dataset_task
[2022-02-02 19:13:15,088] {logging_mixin.py:109} INFO - Running <TaskInstance: ex_1_data_ingestion_gcs_dag_v3.download_dataset_task scheduled__2021-10-01T00:00:00+00:00 [running]> on host 700aeb16bae0
[2022-02-02 19:13:15,135] {warnings.py:110} WARNING - /home/***/.local/lib/python3.7/site-packages/***/utils/context.py:152: AirflowContextDeprecationWarning: Accessing 'execution_date' from the template is deprecated and will be removed in a future version. Please use 'data_interval_start' or 'logical_date' instead.
  warnings.warn(_create_deprecation_warning(key, self._deprecation_replacements[key]))

[2022-02-02 19:13:15,167] {taskinstance.py:1426} INFO - Exporting the following env vars:
AIRFLOW_CTX_DAG_OWNER=***
AIRFLOW_CTX_DAG_ID=ex_1_data_ingestion_gcs_dag_v3
AIRFLOW_CTX_TASK_ID=download_dataset_task
AIRFLOW_CTX_EXECUTION_DATE=2021-10-01T00:00:00+00:00
AIRFLOW_CTX_DAG_RUN_ID=scheduled__2021-10-01T00:00:00+00:00
[2022-02-02 19:13:15,170] {subprocess.py:62} INFO - Tmp dir root location: 
 /tmp
[2022-02-02 19:13:15,171] {subprocess.py:74} INFO - Running command: ['bash', '-c', 'curl -sS https://s3.amazonaws.com/nyc-tlc/trip+data/yellow_tripdata_2021-10.csv > /opt/***/yellow_tripdata_2021-10.csv']
[2022-02-02 19:13:15,187] {subprocess.py:85} INFO - Output:
[2022-02-02 19:13:15,760] {subprocess.py:93} INFO - Command exited with return code 0
[2022-02-02 19:13:15,800] {taskinstance.py:1277} INFO - Marking task as SUCCESS. dag_id=ex_1_data_ingestion_gcs_dag_v3, task_id=download_dataset_task, execution_date=20211001T000000, start_date=20220202T191314, end_date=20220202T191315
[2022-02-02 19:13:15,859] {local_task_job.py:154} INFO - Task exited with return code 0
[2022-02-02 19:13:15,906] {local_task_job.py:264} INFO - 1 downstream tasks scheduled from follow-on schedule check
[2022-02-10 14:55:03,495] {taskinstance.py:1032} INFO - Dependencies all met for <TaskInstance: ex_1_data_ingestion_gcs_dag_v3.download_dataset_task scheduled__2021-10-01T00:00:00+00:00 [queued]>
[2022-02-10 14:55:03,526] {taskinstance.py:1032} INFO - Dependencies all met for <TaskInstance: ex_1_data_ingestion_gcs_dag_v3.download_dataset_task scheduled__2021-10-01T00:00:00+00:00 [queued]>
[2022-02-10 14:55:03,528] {taskinstance.py:1238} INFO - 
--------------------------------------------------------------------------------
[2022-02-10 14:55:03,530] {taskinstance.py:1239} INFO - Starting attempt 1 of 1
[2022-02-10 14:55:03,533] {taskinstance.py:1240} INFO - 
--------------------------------------------------------------------------------
[2022-02-10 14:55:03,558] {taskinstance.py:1259} INFO - Executing <Task(BashOperator): download_dataset_task> on 2021-10-01 00:00:00+00:00
[2022-02-10 14:55:03,575] {standard_task_runner.py:52} INFO - Started process 3565 to run task
[2022-02-10 14:55:03,583] {standard_task_runner.py:76} INFO - Running: ['***', 'tasks', 'run', 'ex_1_data_ingestion_gcs_dag_v3', 'download_dataset_task', 'scheduled__2021-10-01T00:00:00+00:00', '--job-id', '755', '--raw', '--subdir', 'DAGS_FOLDER/data_ingestion_hw_1_ex.py', '--cfg-path', '/tmp/tmpvgmp9moa', '--error-file', '/tmp/tmpj43qkoac']
[2022-02-10 14:55:03,587] {standard_task_runner.py:77} INFO - Job 755: Subtask download_dataset_task
[2022-02-10 14:55:03,730] {logging_mixin.py:109} INFO - Running <TaskInstance: ex_1_data_ingestion_gcs_dag_v3.download_dataset_task scheduled__2021-10-01T00:00:00+00:00 [running]> on host e30f201fae61
[2022-02-10 14:55:03,819] {warnings.py:110} WARNING - /home/***/.local/lib/python3.7/site-packages/***/utils/context.py:152: AirflowContextDeprecationWarning: Accessing 'execution_date' from the template is deprecated and will be removed in a future version. Please use 'data_interval_start' or 'logical_date' instead.
  warnings.warn(_create_deprecation_warning(key, self._deprecation_replacements[key]))

[2022-02-10 14:55:03,867] {taskinstance.py:1426} INFO - Exporting the following env vars:
AIRFLOW_CTX_DAG_OWNER=***
AIRFLOW_CTX_DAG_ID=ex_1_data_ingestion_gcs_dag_v3
AIRFLOW_CTX_TASK_ID=download_dataset_task
AIRFLOW_CTX_EXECUTION_DATE=2021-10-01T00:00:00+00:00
AIRFLOW_CTX_DAG_RUN_ID=scheduled__2021-10-01T00:00:00+00:00
[2022-02-10 14:55:03,875] {subprocess.py:62} INFO - Tmp dir root location: 
 /tmp
[2022-02-10 14:55:03,892] {subprocess.py:74} INFO - Running command: ['bash', '-c', 'curl -sS https://s3.amazonaws.com/nyc-tlc/trip+data/yellow_tripdata_2021-10.csv > /opt/***/yellow_tripdata_2021-10.csv']
[2022-02-10 14:55:03,929] {subprocess.py:85} INFO - Output:
[2022-02-10 14:55:04,527] {subprocess.py:93} INFO - Command exited with return code 0
[2022-02-10 14:55:04,583] {taskinstance.py:1277} INFO - Marking task as SUCCESS. dag_id=ex_1_data_ingestion_gcs_dag_v3, task_id=download_dataset_task, execution_date=20211001T000000, start_date=20220210T145503, end_date=20220210T145504
[2022-02-10 14:55:04,655] {local_task_job.py:154} INFO - Task exited with return code 0
[2022-02-10 14:55:04,744] {local_task_job.py:264} INFO - 1 downstream tasks scheduled from follow-on schedule check
[2022-02-10 15:43:13,174] {taskinstance.py:1032} INFO - Dependencies all met for <TaskInstance: ex_1_data_ingestion_gcs_dag_v3.download_dataset_task scheduled__2021-10-01T00:00:00+00:00 [queued]>
[2022-02-10 15:43:13,186] {taskinstance.py:1032} INFO - Dependencies all met for <TaskInstance: ex_1_data_ingestion_gcs_dag_v3.download_dataset_task scheduled__2021-10-01T00:00:00+00:00 [queued]>
[2022-02-10 15:43:13,187] {taskinstance.py:1238} INFO - 
--------------------------------------------------------------------------------
[2022-02-10 15:43:13,188] {taskinstance.py:1239} INFO - Starting attempt 1 of 1
[2022-02-10 15:43:13,189] {taskinstance.py:1240} INFO - 
--------------------------------------------------------------------------------
[2022-02-10 15:43:13,203] {taskinstance.py:1259} INFO - Executing <Task(BashOperator): download_dataset_task> on 2021-10-01 00:00:00+00:00
[2022-02-10 15:43:13,209] {standard_task_runner.py:52} INFO - Started process 1235 to run task
[2022-02-10 15:43:13,214] {standard_task_runner.py:76} INFO - Running: ['***', 'tasks', 'run', 'ex_1_data_ingestion_gcs_dag_v3', 'download_dataset_task', 'scheduled__2021-10-01T00:00:00+00:00', '--job-id', '880', '--raw', '--subdir', 'DAGS_FOLDER/data_ingestion_hw_1_ex.py', '--cfg-path', '/tmp/tmpg1wg601x', '--error-file', '/tmp/tmp_p48tgtq']
[2022-02-10 15:43:13,217] {standard_task_runner.py:77} INFO - Job 880: Subtask download_dataset_task
[2022-02-10 15:43:13,300] {logging_mixin.py:109} INFO - Running <TaskInstance: ex_1_data_ingestion_gcs_dag_v3.download_dataset_task scheduled__2021-10-01T00:00:00+00:00 [running]> on host 276a0ad90304
[2022-02-10 15:43:13,358] {warnings.py:110} WARNING - /home/***/.local/lib/python3.7/site-packages/***/utils/context.py:152: AirflowContextDeprecationWarning: Accessing 'execution_date' from the template is deprecated and will be removed in a future version. Please use 'data_interval_start' or 'logical_date' instead.
  warnings.warn(_create_deprecation_warning(key, self._deprecation_replacements[key]))

[2022-02-10 15:43:13,389] {taskinstance.py:1426} INFO - Exporting the following env vars:
AIRFLOW_CTX_DAG_OWNER=***
AIRFLOW_CTX_DAG_ID=ex_1_data_ingestion_gcs_dag_v3
AIRFLOW_CTX_TASK_ID=download_dataset_task
AIRFLOW_CTX_EXECUTION_DATE=2021-10-01T00:00:00+00:00
AIRFLOW_CTX_DAG_RUN_ID=scheduled__2021-10-01T00:00:00+00:00
[2022-02-10 15:43:13,392] {subprocess.py:62} INFO - Tmp dir root location: 
 /tmp
[2022-02-10 15:43:13,394] {subprocess.py:74} INFO - Running command: ['bash', '-c', 'curl -sS https://s3.amazonaws.com/nyc-tlc/trip+data/yellow_tripdata_2021-10.csv > /opt/***/yellow_tripdata_2021-10.csv']
[2022-02-10 15:43:13,418] {subprocess.py:85} INFO - Output:
[2022-02-10 15:43:13,923] {subprocess.py:93} INFO - Command exited with return code 0
[2022-02-10 15:43:13,955] {taskinstance.py:1277} INFO - Marking task as SUCCESS. dag_id=ex_1_data_ingestion_gcs_dag_v3, task_id=download_dataset_task, execution_date=20211001T000000, start_date=20220210T154313, end_date=20220210T154313
[2022-02-10 15:43:14,002] {local_task_job.py:154} INFO - Task exited with return code 0
[2022-02-10 15:43:14,049] {local_task_job.py:264} INFO - 1 downstream tasks scheduled from follow-on schedule check
[2022-02-10 16:45:28,928] {taskinstance.py:1032} INFO - Dependencies all met for <TaskInstance: ex_1_data_ingestion_gcs_dag_v3.download_dataset_task scheduled__2021-10-01T00:00:00+00:00 [queued]>
[2022-02-10 16:45:28,946] {taskinstance.py:1032} INFO - Dependencies all met for <TaskInstance: ex_1_data_ingestion_gcs_dag_v3.download_dataset_task scheduled__2021-10-01T00:00:00+00:00 [queued]>
[2022-02-10 16:45:28,947] {taskinstance.py:1238} INFO - 
--------------------------------------------------------------------------------
[2022-02-10 16:45:28,949] {taskinstance.py:1239} INFO - Starting attempt 1 of 1
[2022-02-10 16:45:28,950] {taskinstance.py:1240} INFO - 
--------------------------------------------------------------------------------
[2022-02-10 16:45:28,969] {taskinstance.py:1259} INFO - Executing <Task(BashOperator): download_dataset_task> on 2021-10-01 00:00:00+00:00
[2022-02-10 16:45:28,977] {standard_task_runner.py:52} INFO - Started process 1081 to run task
[2022-02-10 16:45:28,989] {standard_task_runner.py:76} INFO - Running: ['***', 'tasks', 'run', 'ex_1_data_ingestion_gcs_dag_v3', 'download_dataset_task', 'scheduled__2021-10-01T00:00:00+00:00', '--job-id', '992', '--raw', '--subdir', 'DAGS_FOLDER/data_ingestion_hw_1_ex.py', '--cfg-path', '/tmp/tmpg3imz_a5', '--error-file', '/tmp/tmp4d7s3jr7']
[2022-02-10 16:45:28,991] {standard_task_runner.py:77} INFO - Job 992: Subtask download_dataset_task
[2022-02-10 16:45:29,196] {logging_mixin.py:109} INFO - Running <TaskInstance: ex_1_data_ingestion_gcs_dag_v3.download_dataset_task scheduled__2021-10-01T00:00:00+00:00 [running]> on host 106a34111faf
[2022-02-10 16:45:29,285] {warnings.py:110} WARNING - /home/***/.local/lib/python3.7/site-packages/***/utils/context.py:152: AirflowContextDeprecationWarning: Accessing 'execution_date' from the template is deprecated and will be removed in a future version. Please use 'data_interval_start' or 'logical_date' instead.
  warnings.warn(_create_deprecation_warning(key, self._deprecation_replacements[key]))

[2022-02-10 16:45:29,336] {taskinstance.py:1426} INFO - Exporting the following env vars:
AIRFLOW_CTX_DAG_OWNER=***
AIRFLOW_CTX_DAG_ID=ex_1_data_ingestion_gcs_dag_v3
AIRFLOW_CTX_TASK_ID=download_dataset_task
AIRFLOW_CTX_EXECUTION_DATE=2021-10-01T00:00:00+00:00
AIRFLOW_CTX_DAG_RUN_ID=scheduled__2021-10-01T00:00:00+00:00
[2022-02-10 16:45:29,347] {subprocess.py:62} INFO - Tmp dir root location: 
 /tmp
[2022-02-10 16:45:29,351] {subprocess.py:74} INFO - Running command: ['bash', '-c', 'curl -sS https://s3.amazonaws.com/nyc-tlc/trip+data/yellow_tripdata_2021-10.csv > /opt/***/yellow_tripdata_2021-10.csv']
[2022-02-10 16:45:29,383] {subprocess.py:85} INFO - Output:
[2022-02-10 16:45:29,938] {subprocess.py:93} INFO - Command exited with return code 0
[2022-02-10 16:45:29,983] {taskinstance.py:1277} INFO - Marking task as SUCCESS. dag_id=ex_1_data_ingestion_gcs_dag_v3, task_id=download_dataset_task, execution_date=20211001T000000, start_date=20220210T164528, end_date=20220210T164529
[2022-02-10 16:45:30,050] {local_task_job.py:154} INFO - Task exited with return code 0
[2022-02-10 16:45:30,127] {local_task_job.py:264} INFO - 1 downstream tasks scheduled from follow-on schedule check
