[2022-02-09 17:26:51,096] {taskinstance.py:1032} INFO - Dependencies all met for <TaskInstance: data_2_gcs_dag.gcs_2_gcs_task manual__2022-02-09T17:26:49.533367+00:00 [queued]>
[2022-02-09 17:26:51,107] {taskinstance.py:1032} INFO - Dependencies all met for <TaskInstance: data_2_gcs_dag.gcs_2_gcs_task manual__2022-02-09T17:26:49.533367+00:00 [queued]>
[2022-02-09 17:26:51,107] {taskinstance.py:1238} INFO - 
--------------------------------------------------------------------------------
[2022-02-09 17:26:51,108] {taskinstance.py:1239} INFO - Starting attempt 1 of 2
[2022-02-09 17:26:51,108] {taskinstance.py:1240} INFO - 
--------------------------------------------------------------------------------
[2022-02-09 17:26:51,120] {taskinstance.py:1259} INFO - Executing <Task(GCSToGCSOperator): gcs_2_gcs_task> on 2022-02-09 17:26:49.533367+00:00
[2022-02-09 17:26:51,125] {standard_task_runner.py:52} INFO - Started process 3703 to run task
[2022-02-09 17:26:51,128] {standard_task_runner.py:76} INFO - Running: ['***', 'tasks', 'run', 'data_2_gcs_dag', 'gcs_2_gcs_task', 'manual__2022-02-09T17:26:49.533367+00:00', '--job-id', '646', '--raw', '--subdir', 'DAGS_FOLDER/data-2-gcs-dag.py', '--cfg-path', '/tmp/tmpprf1ojkf', '--error-file', '/tmp/tmpxlyupjhu']
[2022-02-09 17:26:51,130] {standard_task_runner.py:77} INFO - Job 646: Subtask gcs_2_gcs_task
[2022-02-09 17:26:51,185] {logging_mixin.py:109} INFO - Running <TaskInstance: data_2_gcs_dag.gcs_2_gcs_task manual__2022-02-09T17:26:49.533367+00:00 [running]> on host f5a18e7ac2e5
[2022-02-09 17:26:51,240] {taskinstance.py:1426} INFO - Exporting the following env vars:
AIRFLOW_CTX_DAG_OWNER=***
AIRFLOW_CTX_DAG_ID=data_2_gcs_dag
AIRFLOW_CTX_TASK_ID=gcs_2_gcs_task
AIRFLOW_CTX_EXECUTION_DATE=2022-02-09T17:26:49.533367+00:00
AIRFLOW_CTX_DAG_RUN_ID=manual__2022-02-09T17:26:49.533367+00:00
[2022-02-09 17:26:51,242] {crypto.py:82} WARNING - empty cryptography key - values will not be stored encrypted.
[2022-02-09 17:26:51,243] {gcs_to_gcs.py:346} INFO - Delimiter ignored because wildcard is in prefix
[2022-02-09 17:26:51,629] {gcs_to_gcs.py:431} INFO - Executing copy of gs://dtc_data_lake_vaulted-art-339212/raw/yellow_tripdata_2019-06.parquet to gs://dtc_data_lake_vaulted-art-339212/yellow/2019-06.parquet
[2022-02-09 17:26:52,027] {gcs.py:251} INFO - Total Bytes: 126726779 | Bytes Written: 126726779
[2022-02-09 17:26:52,027] {gcs.py:264} INFO - Object raw/yellow_tripdata_2019-06.parquet in bucket dtc_data_lake_vaulted-art-339212 rewritten to object yellow/2019-06.parquet in bucket dtc_data_lake_vaulted-art-339212
[2022-02-09 17:26:52,124] {gcs.py:645} INFO - Blob raw/yellow_tripdata_2019-06.parquet deleted.
[2022-02-09 17:26:52,125] {gcs_to_gcs.py:431} INFO - Executing copy of gs://dtc_data_lake_vaulted-art-339212/raw/yellow_tripdata_2020-09.parquet to gs://dtc_data_lake_vaulted-art-339212/yellow/2020-09.parquet
[2022-02-09 17:26:52,494] {gcs.py:251} INFO - Total Bytes: 25539450 | Bytes Written: 25539450
[2022-02-09 17:26:52,495] {gcs.py:264} INFO - Object raw/yellow_tripdata_2020-09.parquet in bucket dtc_data_lake_vaulted-art-339212 rewritten to object yellow/2020-09.parquet in bucket dtc_data_lake_vaulted-art-339212
[2022-02-09 17:26:52,583] {gcs.py:645} INFO - Blob raw/yellow_tripdata_2020-09.parquet deleted.
[2022-02-09 17:26:52,584] {gcs_to_gcs.py:431} INFO - Executing copy of gs://dtc_data_lake_vaulted-art-339212/raw/yellow_tripdata_2020-06.parquet to gs://dtc_data_lake_vaulted-art-339212/yellow/2020-06.parquet
[2022-02-09 17:26:52,946] {gcs.py:251} INFO - Total Bytes: 11323874 | Bytes Written: 11323874
[2022-02-09 17:26:52,947] {gcs.py:264} INFO - Object raw/yellow_tripdata_2020-06.parquet in bucket dtc_data_lake_vaulted-art-339212 rewritten to object yellow/2020-06.parquet in bucket dtc_data_lake_vaulted-art-339212
[2022-02-09 17:26:53,032] {gcs.py:645} INFO - Blob raw/yellow_tripdata_2020-06.parquet deleted.
[2022-02-09 17:26:53,033] {gcs_to_gcs.py:431} INFO - Executing copy of gs://dtc_data_lake_vaulted-art-339212/raw/yellow_tripdata_2019-09.parquet to gs://dtc_data_lake_vaulted-art-339212/yellow/2019-09.parquet
[2022-02-09 17:26:53,501] {gcs.py:251} INFO - Total Bytes: 120286338 | Bytes Written: 120286338
[2022-02-09 17:26:53,502] {gcs.py:264} INFO - Object raw/yellow_tripdata_2019-09.parquet in bucket dtc_data_lake_vaulted-art-339212 rewritten to object yellow/2019-09.parquet in bucket dtc_data_lake_vaulted-art-339212
[2022-02-09 17:26:53,588] {gcs.py:645} INFO - Blob raw/yellow_tripdata_2019-09.parquet deleted.
[2022-02-09 17:26:53,589] {gcs_to_gcs.py:431} INFO - Executing copy of gs://dtc_data_lake_vaulted-art-339212/raw/yellow_tripdata_2020-02.parquet to gs://dtc_data_lake_vaulted-art-339212/yellow/2020-02.parquet
[2022-02-09 17:26:53,956] {gcs.py:251} INFO - Total Bytes: 113958025 | Bytes Written: 113958025
[2022-02-09 17:26:53,957] {gcs.py:264} INFO - Object raw/yellow_tripdata_2020-02.parquet in bucket dtc_data_lake_vaulted-art-339212 rewritten to object yellow/2020-02.parquet in bucket dtc_data_lake_vaulted-art-339212
[2022-02-09 17:26:54,042] {gcs.py:645} INFO - Blob raw/yellow_tripdata_2020-02.parquet deleted.
[2022-02-09 17:26:54,043] {gcs_to_gcs.py:431} INFO - Executing copy of gs://dtc_data_lake_vaulted-art-339212/raw/yellow_tripdata_2020-01.parquet to gs://dtc_data_lake_vaulted-art-339212/yellow/2020-01.parquet
[2022-02-09 17:26:54,396] {gcs.py:251} INFO - Total Bytes: 116228546 | Bytes Written: 116228546
[2022-02-09 17:26:54,397] {gcs.py:264} INFO - Object raw/yellow_tripdata_2020-01.parquet in bucket dtc_data_lake_vaulted-art-339212 rewritten to object yellow/2020-01.parquet in bucket dtc_data_lake_vaulted-art-339212
[2022-02-09 17:26:54,484] {gcs.py:645} INFO - Blob raw/yellow_tripdata_2020-01.parquet deleted.
[2022-02-09 17:26:54,485] {gcs_to_gcs.py:431} INFO - Executing copy of gs://dtc_data_lake_vaulted-art-339212/raw/yellow_tripdata_2019-05.parquet to gs://dtc_data_lake_vaulted-art-339212/yellow/2019-05.parquet
[2022-02-09 17:26:54,847] {gcs.py:251} INFO - Total Bytes: 137418656 | Bytes Written: 137418656
[2022-02-09 17:26:54,848] {gcs.py:264} INFO - Object raw/yellow_tripdata_2019-05.parquet in bucket dtc_data_lake_vaulted-art-339212 rewritten to object yellow/2019-05.parquet in bucket dtc_data_lake_vaulted-art-339212
[2022-02-09 17:26:55,047] {gcs.py:645} INFO - Blob raw/yellow_tripdata_2019-05.parquet deleted.
[2022-02-09 17:26:55,055] {gcs_to_gcs.py:431} INFO - Executing copy of gs://dtc_data_lake_vaulted-art-339212/raw/yellow_tripdata_2021-07.parquet to gs://dtc_data_lake_vaulted-art-339212/yellow/2021-07.parquet
[2022-02-09 17:26:55,450] {gcs.py:251} INFO - Total Bytes: 52878923 | Bytes Written: 52878923
[2022-02-09 17:26:55,452] {gcs.py:264} INFO - Object raw/yellow_tripdata_2021-07.parquet in bucket dtc_data_lake_vaulted-art-339212 rewritten to object yellow/2021-07.parquet in bucket dtc_data_lake_vaulted-art-339212
[2022-02-09 17:26:55,551] {gcs.py:645} INFO - Blob raw/yellow_tripdata_2021-07.parquet deleted.
[2022-02-09 17:26:55,552] {gcs_to_gcs.py:431} INFO - Executing copy of gs://dtc_data_lake_vaulted-art-339212/raw/yellow_tripdata_2020-07.parquet to gs://dtc_data_lake_vaulted-art-339212/yellow/2020-07.parquet
[2022-02-09 17:26:55,909] {gcs.py:251} INFO - Total Bytes: 15762125 | Bytes Written: 15762125
[2022-02-09 17:26:55,911] {gcs.py:264} INFO - Object raw/yellow_tripdata_2020-07.parquet in bucket dtc_data_lake_vaulted-art-339212 rewritten to object yellow/2020-07.parquet in bucket dtc_data_lake_vaulted-art-339212
[2022-02-09 17:26:55,997] {gcs.py:645} INFO - Blob raw/yellow_tripdata_2020-07.parquet deleted.
[2022-02-09 17:26:55,999] {gcs_to_gcs.py:431} INFO - Executing copy of gs://dtc_data_lake_vaulted-art-339212/raw/yellow_tripdata_2020-03.parquet to gs://dtc_data_lake_vaulted-art-339212/yellow/2020-03.parquet
[2022-02-09 17:26:56,370] {gcs.py:251} INFO - Total Bytes: 54378226 | Bytes Written: 54378226
[2022-02-09 17:26:56,371] {gcs.py:264} INFO - Object raw/yellow_tripdata_2020-03.parquet in bucket dtc_data_lake_vaulted-art-339212 rewritten to object yellow/2020-03.parquet in bucket dtc_data_lake_vaulted-art-339212
[2022-02-09 17:26:56,457] {gcs.py:645} INFO - Blob raw/yellow_tripdata_2020-03.parquet deleted.
[2022-02-09 17:26:56,458] {gcs_to_gcs.py:431} INFO - Executing copy of gs://dtc_data_lake_vaulted-art-339212/raw/yellow_tripdata_2020-08.parquet to gs://dtc_data_lake_vaulted-art-339212/yellow/2020-08.parquet
[2022-02-09 17:26:56,883] {gcs.py:251} INFO - Total Bytes: 19636193 | Bytes Written: 19636193
[2022-02-09 17:26:56,884] {gcs.py:264} INFO - Object raw/yellow_tripdata_2020-08.parquet in bucket dtc_data_lake_vaulted-art-339212 rewritten to object yellow/2020-08.parquet in bucket dtc_data_lake_vaulted-art-339212
[2022-02-09 17:26:56,976] {gcs.py:645} INFO - Blob raw/yellow_tripdata_2020-08.parquet deleted.
[2022-02-09 17:26:56,977] {gcs_to_gcs.py:431} INFO - Executing copy of gs://dtc_data_lake_vaulted-art-339212/raw/yellow_tripdata_2021-01.parquet to gs://dtc_data_lake_vaulted-art-339212/yellow/2021-01.parquet
[2022-02-09 17:26:57,329] {gcs.py:251} INFO - Total Bytes: 26074630 | Bytes Written: 26074630
[2022-02-09 17:26:57,331] {gcs.py:264} INFO - Object raw/yellow_tripdata_2021-01.parquet in bucket dtc_data_lake_vaulted-art-339212 rewritten to object yellow/2021-01.parquet in bucket dtc_data_lake_vaulted-art-339212
[2022-02-09 17:26:57,526] {gcs.py:645} INFO - Blob raw/yellow_tripdata_2021-01.parquet deleted.
[2022-02-09 17:26:57,527] {gcs_to_gcs.py:431} INFO - Executing copy of gs://dtc_data_lake_vaulted-art-339212/raw/yellow_tripdata_2019-03.parquet to gs://dtc_data_lake_vaulted-art-339212/yellow/2019-03.parquet
[2022-02-09 17:26:57,890] {gcs.py:251} INFO - Total Bytes: 144113501 | Bytes Written: 144113501
[2022-02-09 17:26:57,894] {gcs.py:264} INFO - Object raw/yellow_tripdata_2019-03.parquet in bucket dtc_data_lake_vaulted-art-339212 rewritten to object yellow/2019-03.parquet in bucket dtc_data_lake_vaulted-art-339212
[2022-02-09 17:26:58,004] {gcs.py:645} INFO - Blob raw/yellow_tripdata_2019-03.parquet deleted.
[2022-02-09 17:26:58,006] {gcs_to_gcs.py:431} INFO - Executing copy of gs://dtc_data_lake_vaulted-art-339212/raw/yellow_tripdata_2021-06.parquet to gs://dtc_data_lake_vaulted-art-339212/yellow/2021-06.parquet
[2022-02-09 17:26:58,369] {gcs.py:251} INFO - Total Bytes: 52919920 | Bytes Written: 52919920
[2022-02-09 17:26:58,370] {gcs.py:264} INFO - Object raw/yellow_tripdata_2021-06.parquet in bucket dtc_data_lake_vaulted-art-339212 rewritten to object yellow/2021-06.parquet in bucket dtc_data_lake_vaulted-art-339212
[2022-02-09 17:26:58,452] {gcs.py:645} INFO - Blob raw/yellow_tripdata_2021-06.parquet deleted.
[2022-02-09 17:26:58,454] {gcs_to_gcs.py:431} INFO - Executing copy of gs://dtc_data_lake_vaulted-art-339212/raw/yellow_tripdata_2020-05.parquet to gs://dtc_data_lake_vaulted-art-339212/yellow/2020-05.parquet
[2022-02-09 17:26:58,832] {gcs.py:251} INFO - Total Bytes: 7436367 | Bytes Written: 7436367
[2022-02-09 17:26:58,834] {gcs.py:264} INFO - Object raw/yellow_tripdata_2020-05.parquet in bucket dtc_data_lake_vaulted-art-339212 rewritten to object yellow/2020-05.parquet in bucket dtc_data_lake_vaulted-art-339212
[2022-02-09 17:26:58,922] {gcs.py:645} INFO - Blob raw/yellow_tripdata_2020-05.parquet deleted.
[2022-02-09 17:26:58,925] {gcs_to_gcs.py:431} INFO - Executing copy of gs://dtc_data_lake_vaulted-art-339212/raw/yellow_tripdata_2019-12.parquet to gs://dtc_data_lake_vaulted-art-339212/yellow/2019-12.parquet
[2022-02-09 17:26:59,283] {gcs.py:251} INFO - Total Bytes: 125360614 | Bytes Written: 125360614
[2022-02-09 17:26:59,284] {gcs.py:264} INFO - Object raw/yellow_tripdata_2019-12.parquet in bucket dtc_data_lake_vaulted-art-339212 rewritten to object yellow/2019-12.parquet in bucket dtc_data_lake_vaulted-art-339212
[2022-02-09 17:26:59,372] {gcs.py:645} INFO - Blob raw/yellow_tripdata_2019-12.parquet deleted.
[2022-02-09 17:26:59,374] {gcs_to_gcs.py:431} INFO - Executing copy of gs://dtc_data_lake_vaulted-art-339212/raw/yellow_tripdata_2019-10.parquet to gs://dtc_data_lake_vaulted-art-339212/yellow/2019-10.parquet
[2022-02-09 17:26:59,744] {gcs.py:251} INFO - Total Bytes: 130950231 | Bytes Written: 130950231
[2022-02-09 17:26:59,746] {gcs.py:264} INFO - Object raw/yellow_tripdata_2019-10.parquet in bucket dtc_data_lake_vaulted-art-339212 rewritten to object yellow/2019-10.parquet in bucket dtc_data_lake_vaulted-art-339212
[2022-02-09 17:26:59,835] {gcs.py:645} INFO - Blob raw/yellow_tripdata_2019-10.parquet deleted.
[2022-02-09 17:26:59,837] {gcs_to_gcs.py:431} INFO - Executing copy of gs://dtc_data_lake_vaulted-art-339212/raw/yellow_tripdata_2020-10.parquet to gs://dtc_data_lake_vaulted-art-339212/yellow/2020-10.parquet
[2022-02-09 17:27:00,265] {gcs.py:251} INFO - Total Bytes: 31572830 | Bytes Written: 31572830
[2022-02-09 17:27:00,267] {gcs.py:264} INFO - Object raw/yellow_tripdata_2020-10.parquet in bucket dtc_data_lake_vaulted-art-339212 rewritten to object yellow/2020-10.parquet in bucket dtc_data_lake_vaulted-art-339212
[2022-02-09 17:27:00,348] {gcs.py:645} INFO - Blob raw/yellow_tripdata_2020-10.parquet deleted.
[2022-02-09 17:27:00,349] {gcs_to_gcs.py:431} INFO - Executing copy of gs://dtc_data_lake_vaulted-art-339212/raw/yellow_tripdata_2019-02.parquet to gs://dtc_data_lake_vaulted-art-339212/yellow/2019-02.parquet
[2022-02-09 17:27:00,718] {gcs.py:251} INFO - Total Bytes: 128380769 | Bytes Written: 128380769
[2022-02-09 17:27:00,721] {gcs.py:264} INFO - Object raw/yellow_tripdata_2019-02.parquet in bucket dtc_data_lake_vaulted-art-339212 rewritten to object yellow/2019-02.parquet in bucket dtc_data_lake_vaulted-art-339212
[2022-02-09 17:27:00,802] {gcs.py:645} INFO - Blob raw/yellow_tripdata_2019-02.parquet deleted.
[2022-02-09 17:27:00,803] {gcs_to_gcs.py:431} INFO - Executing copy of gs://dtc_data_lake_vaulted-art-339212/raw/yellow_tripdata_2020-12.parquet to gs://dtc_data_lake_vaulted-art-339212/yellow/2020-12.parquet
[2022-02-09 17:27:01,144] {gcs.py:251} INFO - Total Bytes: 27480890 | Bytes Written: 27480890
[2022-02-09 17:27:01,146] {gcs.py:264} INFO - Object raw/yellow_tripdata_2020-12.parquet in bucket dtc_data_lake_vaulted-art-339212 rewritten to object yellow/2020-12.parquet in bucket dtc_data_lake_vaulted-art-339212
[2022-02-09 17:27:01,228] {gcs.py:645} INFO - Blob raw/yellow_tripdata_2020-12.parquet deleted.
[2022-02-09 17:27:01,229] {gcs_to_gcs.py:431} INFO - Executing copy of gs://dtc_data_lake_vaulted-art-339212/raw/yellow_tripdata_2019-07.parquet to gs://dtc_data_lake_vaulted-art-339212/yellow/2019-07.parquet
[2022-02-09 17:27:01,588] {gcs.py:251} INFO - Total Bytes: 115534598 | Bytes Written: 115534598
[2022-02-09 17:27:01,590] {gcs.py:264} INFO - Object raw/yellow_tripdata_2019-07.parquet in bucket dtc_data_lake_vaulted-art-339212 rewritten to object yellow/2019-07.parquet in bucket dtc_data_lake_vaulted-art-339212
[2022-02-09 17:27:01,673] {gcs.py:645} INFO - Blob raw/yellow_tripdata_2019-07.parquet deleted.
[2022-02-09 17:27:01,674] {gcs_to_gcs.py:431} INFO - Executing copy of gs://dtc_data_lake_vaulted-art-339212/raw/yellow_tripdata_2019-11.parquet to gs://dtc_data_lake_vaulted-art-339212/yellow/2019-11.parquet
[2022-02-09 17:27:02,112] {gcs.py:251} INFO - Total Bytes: 124810768 | Bytes Written: 124810768
[2022-02-09 17:27:02,115] {gcs.py:264} INFO - Object raw/yellow_tripdata_2019-11.parquet in bucket dtc_data_lake_vaulted-art-339212 rewritten to object yellow/2019-11.parquet in bucket dtc_data_lake_vaulted-art-339212
[2022-02-09 17:27:02,322] {gcs.py:645} INFO - Blob raw/yellow_tripdata_2019-11.parquet deleted.
[2022-02-09 17:27:02,323] {gcs_to_gcs.py:431} INFO - Executing copy of gs://dtc_data_lake_vaulted-art-339212/raw/yellow_tripdata_2021-05.parquet to gs://dtc_data_lake_vaulted-art-339212/yellow/2021-05.parquet
[2022-02-09 17:27:02,679] {gcs.py:251} INFO - Total Bytes: 46674149 | Bytes Written: 46674149
[2022-02-09 17:27:02,683] {gcs.py:264} INFO - Object raw/yellow_tripdata_2021-05.parquet in bucket dtc_data_lake_vaulted-art-339212 rewritten to object yellow/2021-05.parquet in bucket dtc_data_lake_vaulted-art-339212
[2022-02-09 17:27:02,882] {gcs.py:645} INFO - Blob raw/yellow_tripdata_2021-05.parquet deleted.
[2022-02-09 17:27:02,884] {gcs_to_gcs.py:431} INFO - Executing copy of gs://dtc_data_lake_vaulted-art-339212/raw/yellow_tripdata_2019-01.parquet to gs://dtc_data_lake_vaulted-art-339212/yellow/2019-01.parquet
[2022-02-09 17:27:03,251] {gcs.py:251} INFO - Total Bytes: 137625296 | Bytes Written: 137625296
[2022-02-09 17:27:03,251] {gcs.py:264} INFO - Object raw/yellow_tripdata_2019-01.parquet in bucket dtc_data_lake_vaulted-art-339212 rewritten to object yellow/2019-01.parquet in bucket dtc_data_lake_vaulted-art-339212
[2022-02-09 17:27:03,335] {gcs.py:645} INFO - Blob raw/yellow_tripdata_2019-01.parquet deleted.
[2022-02-09 17:27:03,336] {gcs_to_gcs.py:431} INFO - Executing copy of gs://dtc_data_lake_vaulted-art-339212/raw/yellow_tripdata_2021-04.parquet to gs://dtc_data_lake_vaulted-art-339212/yellow/2021-04.parquet
[2022-02-09 17:27:03,684] {gcs.py:251} INFO - Total Bytes: 40747225 | Bytes Written: 40747225
[2022-02-09 17:27:03,685] {gcs.py:264} INFO - Object raw/yellow_tripdata_2021-04.parquet in bucket dtc_data_lake_vaulted-art-339212 rewritten to object yellow/2021-04.parquet in bucket dtc_data_lake_vaulted-art-339212
[2022-02-09 17:27:03,784] {gcs.py:645} INFO - Blob raw/yellow_tripdata_2021-04.parquet deleted.
[2022-02-09 17:27:03,785] {gcs_to_gcs.py:431} INFO - Executing copy of gs://dtc_data_lake_vaulted-art-339212/raw/yellow_tripdata_2021-03.parquet to gs://dtc_data_lake_vaulted-art-339212/yellow/2021-03.parquet
[2022-02-09 17:27:04,158] {gcs.py:251} INFO - Total Bytes: 35889324 | Bytes Written: 35889324
[2022-02-09 17:27:04,159] {gcs.py:264} INFO - Object raw/yellow_tripdata_2021-03.parquet in bucket dtc_data_lake_vaulted-art-339212 rewritten to object yellow/2021-03.parquet in bucket dtc_data_lake_vaulted-art-339212
[2022-02-09 17:27:04,246] {gcs.py:645} INFO - Blob raw/yellow_tripdata_2021-03.parquet deleted.
[2022-02-09 17:27:04,247] {gcs_to_gcs.py:431} INFO - Executing copy of gs://dtc_data_lake_vaulted-art-339212/raw/yellow_tripdata_2019-04.parquet to gs://dtc_data_lake_vaulted-art-339212/yellow/2019-04.parquet
[2022-02-09 17:27:04,713] {gcs.py:251} INFO - Total Bytes: 136706305 | Bytes Written: 136706305
[2022-02-09 17:27:04,720] {gcs.py:264} INFO - Object raw/yellow_tripdata_2019-04.parquet in bucket dtc_data_lake_vaulted-art-339212 rewritten to object yellow/2019-04.parquet in bucket dtc_data_lake_vaulted-art-339212
[2022-02-09 17:27:04,804] {gcs.py:645} INFO - Blob raw/yellow_tripdata_2019-04.parquet deleted.
[2022-02-09 17:27:04,806] {gcs_to_gcs.py:431} INFO - Executing copy of gs://dtc_data_lake_vaulted-art-339212/raw/yellow_tripdata_2020-11.parquet to gs://dtc_data_lake_vaulted-art-339212/yellow/2020-11.parquet
[2022-02-09 17:27:05,286] {gcs.py:251} INFO - Total Bytes: 28375709 | Bytes Written: 28375709
[2022-02-09 17:27:05,287] {gcs.py:264} INFO - Object raw/yellow_tripdata_2020-11.parquet in bucket dtc_data_lake_vaulted-art-339212 rewritten to object yellow/2020-11.parquet in bucket dtc_data_lake_vaulted-art-339212
[2022-02-09 17:27:05,374] {gcs.py:645} INFO - Blob raw/yellow_tripdata_2020-11.parquet deleted.
[2022-02-09 17:27:05,375] {gcs_to_gcs.py:431} INFO - Executing copy of gs://dtc_data_lake_vaulted-art-339212/raw/yellow_tripdata_2021-02.parquet to gs://dtc_data_lake_vaulted-art-339212/yellow/2021-02.parquet
[2022-02-09 17:27:05,718] {gcs.py:251} INFO - Total Bytes: 25972411 | Bytes Written: 25972411
[2022-02-09 17:27:05,722] {gcs.py:264} INFO - Object raw/yellow_tripdata_2021-02.parquet in bucket dtc_data_lake_vaulted-art-339212 rewritten to object yellow/2021-02.parquet in bucket dtc_data_lake_vaulted-art-339212
[2022-02-09 17:27:05,801] {gcs.py:645} INFO - Blob raw/yellow_tripdata_2021-02.parquet deleted.
[2022-02-09 17:27:05,802] {gcs_to_gcs.py:431} INFO - Executing copy of gs://dtc_data_lake_vaulted-art-339212/raw/yellow_tripdata_2019-08.parquet to gs://dtc_data_lake_vaulted-art-339212/yellow/2019-08.parquet
[2022-02-09 17:27:06,153] {gcs.py:251} INFO - Total Bytes: 111332831 | Bytes Written: 111332831
[2022-02-09 17:27:06,154] {gcs.py:264} INFO - Object raw/yellow_tripdata_2019-08.parquet in bucket dtc_data_lake_vaulted-art-339212 rewritten to object yellow/2019-08.parquet in bucket dtc_data_lake_vaulted-art-339212
[2022-02-09 17:27:06,240] {gcs.py:645} INFO - Blob raw/yellow_tripdata_2019-08.parquet deleted.
[2022-02-09 17:27:06,242] {gcs_to_gcs.py:431} INFO - Executing copy of gs://dtc_data_lake_vaulted-art-339212/raw/yellow_tripdata_2020-04.parquet to gs://dtc_data_lake_vaulted-art-339212/yellow/2020-04.parquet
[2022-02-09 17:27:06,588] {gcs.py:251} INFO - Total Bytes: 5285861 | Bytes Written: 5285861
[2022-02-09 17:27:06,590] {gcs.py:264} INFO - Object raw/yellow_tripdata_2020-04.parquet in bucket dtc_data_lake_vaulted-art-339212 rewritten to object yellow/2020-04.parquet in bucket dtc_data_lake_vaulted-art-339212
[2022-02-09 17:27:06,678] {gcs.py:645} INFO - Blob raw/yellow_tripdata_2020-04.parquet deleted.
[2022-02-09 17:27:06,691] {taskinstance.py:1277} INFO - Marking task as SUCCESS. dag_id=data_2_gcs_dag, task_id=gcs_2_gcs_task, execution_date=20220209T172649, start_date=20220209T172651, end_date=20220209T172706
[2022-02-09 17:27:06,753] {local_task_job.py:154} INFO - Task exited with return code 0
[2022-02-09 17:27:06,816] {local_task_job.py:264} INFO - 1 downstream tasks scheduled from follow-on schedule check
