[2022-02-03 14:44:08,182] {taskinstance.py:1032} INFO - Dependencies all met for <TaskInstance: FHV_data_ingestion_gcs_dag.download_dataset_task scheduled__2019-08-01T00:00:00+00:00 [queued]>
[2022-02-03 14:44:08,197] {taskinstance.py:1032} INFO - Dependencies all met for <TaskInstance: FHV_data_ingestion_gcs_dag.download_dataset_task scheduled__2019-08-01T00:00:00+00:00 [queued]>
[2022-02-03 14:44:08,197] {taskinstance.py:1238} INFO - 
--------------------------------------------------------------------------------
[2022-02-03 14:44:08,198] {taskinstance.py:1239} INFO - Starting attempt 1 of 1
[2022-02-03 14:44:08,199] {taskinstance.py:1240} INFO - 
--------------------------------------------------------------------------------
[2022-02-03 14:44:08,213] {taskinstance.py:1259} INFO - Executing <Task(BashOperator): download_dataset_task> on 2019-08-01 00:00:00+00:00
[2022-02-03 14:44:08,218] {standard_task_runner.py:52} INFO - Started process 1165 to run task
[2022-02-03 14:44:08,222] {standard_task_runner.py:76} INFO - Running: ['***', 'tasks', 'run', 'FHV_data_ingestion_gcs_dag', 'download_dataset_task', 'scheduled__2019-08-01T00:00:00+00:00', '--job-id', '447', '--raw', '--subdir', 'DAGS_FOLDER/FHV_injection_dag.py', '--cfg-path', '/tmp/tmpv5xtyiz5', '--error-file', '/tmp/tmpchivnu7c']
[2022-02-03 14:44:08,224] {standard_task_runner.py:77} INFO - Job 447: Subtask download_dataset_task
[2022-02-03 14:44:08,287] {logging_mixin.py:109} INFO - Running <TaskInstance: FHV_data_ingestion_gcs_dag.download_dataset_task scheduled__2019-08-01T00:00:00+00:00 [running]> on host 700aeb16bae0
[2022-02-03 14:44:08,342] {warnings.py:110} WARNING - /home/***/.local/lib/python3.7/site-packages/***/utils/context.py:152: AirflowContextDeprecationWarning: Accessing 'execution_date' from the template is deprecated and will be removed in a future version. Please use 'data_interval_start' or 'logical_date' instead.
  warnings.warn(_create_deprecation_warning(key, self._deprecation_replacements[key]))

[2022-02-03 14:44:08,374] {taskinstance.py:1426} INFO - Exporting the following env vars:
AIRFLOW_CTX_DAG_OWNER=***
AIRFLOW_CTX_DAG_ID=FHV_data_ingestion_gcs_dag
AIRFLOW_CTX_TASK_ID=download_dataset_task
AIRFLOW_CTX_EXECUTION_DATE=2019-08-01T00:00:00+00:00
AIRFLOW_CTX_DAG_RUN_ID=scheduled__2019-08-01T00:00:00+00:00
[2022-02-03 14:44:08,376] {subprocess.py:62} INFO - Tmp dir root location: 
 /tmp
[2022-02-03 14:44:08,378] {subprocess.py:74} INFO - Running command: ['bash', '-c', 'curl -sSLf https://nyc-tlc.s3.amazonaws.com/trip+data/fhv_tripdata_2019-08.csv > /opt/***/fhv_tripdata_2019-08.csv']
[2022-02-03 14:44:08,393] {subprocess.py:85} INFO - Output:
[2022-02-03 14:45:25,892] {subprocess.py:93} INFO - Command exited with return code 0
[2022-02-03 14:45:25,932] {taskinstance.py:1277} INFO - Marking task as SUCCESS. dag_id=FHV_data_ingestion_gcs_dag, task_id=download_dataset_task, execution_date=20190801T000000, start_date=20220203T144408, end_date=20220203T144525
[2022-02-03 14:45:25,985] {local_task_job.py:154} INFO - Task exited with return code 0
[2022-02-03 14:45:26,042] {local_task_job.py:264} INFO - 1 downstream tasks scheduled from follow-on schedule check
[2022-02-03 15:09:46,540] {taskinstance.py:1032} INFO - Dependencies all met for <TaskInstance: FHV_data_ingestion_gcs_dag.download_dataset_task scheduled__2019-08-01T00:00:00+00:00 [queued]>
[2022-02-03 15:09:46,553] {taskinstance.py:1032} INFO - Dependencies all met for <TaskInstance: FHV_data_ingestion_gcs_dag.download_dataset_task scheduled__2019-08-01T00:00:00+00:00 [queued]>
[2022-02-03 15:09:46,554] {taskinstance.py:1238} INFO - 
--------------------------------------------------------------------------------
[2022-02-03 15:09:46,555] {taskinstance.py:1239} INFO - Starting attempt 1 of 1
[2022-02-03 15:09:46,557] {taskinstance.py:1240} INFO - 
--------------------------------------------------------------------------------
[2022-02-03 15:09:46,570] {taskinstance.py:1259} INFO - Executing <Task(BashOperator): download_dataset_task> on 2019-08-01 00:00:00+00:00
[2022-02-03 15:09:46,575] {standard_task_runner.py:52} INFO - Started process 2794 to run task
[2022-02-03 15:09:46,579] {standard_task_runner.py:76} INFO - Running: ['***', 'tasks', 'run', 'FHV_data_ingestion_gcs_dag', 'download_dataset_task', 'scheduled__2019-08-01T00:00:00+00:00', '--job-id', '550', '--raw', '--subdir', 'DAGS_FOLDER/FHV_injection_dag.py', '--cfg-path', '/tmp/tmpx952s65s', '--error-file', '/tmp/tmpjnrhvq95']
[2022-02-03 15:09:46,589] {standard_task_runner.py:77} INFO - Job 550: Subtask download_dataset_task
[2022-02-03 15:09:46,665] {logging_mixin.py:109} INFO - Running <TaskInstance: FHV_data_ingestion_gcs_dag.download_dataset_task scheduled__2019-08-01T00:00:00+00:00 [running]> on host 700aeb16bae0
[2022-02-03 15:09:46,707] {warnings.py:110} WARNING - /home/***/.local/lib/python3.7/site-packages/***/utils/context.py:152: AirflowContextDeprecationWarning: Accessing 'execution_date' from the template is deprecated and will be removed in a future version. Please use 'data_interval_start' or 'logical_date' instead.
  warnings.warn(_create_deprecation_warning(key, self._deprecation_replacements[key]))

[2022-02-03 15:09:46,729] {taskinstance.py:1426} INFO - Exporting the following env vars:
AIRFLOW_CTX_DAG_OWNER=***
AIRFLOW_CTX_DAG_ID=FHV_data_ingestion_gcs_dag
AIRFLOW_CTX_TASK_ID=download_dataset_task
AIRFLOW_CTX_EXECUTION_DATE=2019-08-01T00:00:00+00:00
AIRFLOW_CTX_DAG_RUN_ID=scheduled__2019-08-01T00:00:00+00:00
[2022-02-03 15:09:46,730] {subprocess.py:62} INFO - Tmp dir root location: 
 /tmp
[2022-02-03 15:09:46,732] {subprocess.py:74} INFO - Running command: ['bash', '-c', 'curl -sSLf https://nyc-tlc.s3.amazonaws.com/trip+data/fhv_tripdata_2019-08.csv > /opt/***/fhv_tripdata_2019-08.csv']
[2022-02-03 15:09:46,744] {subprocess.py:85} INFO - Output:
[2022-02-03 15:10:52,380] {subprocess.py:93} INFO - Command exited with return code 0
[2022-02-03 15:10:52,422] {taskinstance.py:1277} INFO - Marking task as SUCCESS. dag_id=FHV_data_ingestion_gcs_dag, task_id=download_dataset_task, execution_date=20190801T000000, start_date=20220203T150946, end_date=20220203T151052
[2022-02-03 15:10:52,467] {local_task_job.py:154} INFO - Task exited with return code 0
[2022-02-03 15:10:52,520] {local_task_job.py:264} INFO - 1 downstream tasks scheduled from follow-on schedule check
