[2022-02-02 17:48:08,516] {taskinstance.py:1032} INFO - Dependencies all met for <TaskInstance: ex_1_data_ingestion_gcs_dag_v2.local_to_gcs_task scheduled__2020-09-01T00:00:00+00:00 [queued]>
[2022-02-02 17:48:08,532] {taskinstance.py:1032} INFO - Dependencies all met for <TaskInstance: ex_1_data_ingestion_gcs_dag_v2.local_to_gcs_task scheduled__2020-09-01T00:00:00+00:00 [queued]>
[2022-02-02 17:48:08,533] {taskinstance.py:1238} INFO - 
--------------------------------------------------------------------------------
[2022-02-02 17:48:08,534] {taskinstance.py:1239} INFO - Starting attempt 1 of 1
[2022-02-02 17:48:08,535] {taskinstance.py:1240} INFO - 
--------------------------------------------------------------------------------
[2022-02-02 17:48:08,553] {taskinstance.py:1259} INFO - Executing <Task(PythonOperator): local_to_gcs_task> on 2020-09-01 00:00:00+00:00
[2022-02-02 17:48:08,564] {standard_task_runner.py:52} INFO - Started process 7190 to run task
[2022-02-02 17:48:08,588] {standard_task_runner.py:76} INFO - Running: ['***', 'tasks', 'run', 'ex_1_data_ingestion_gcs_dag_v2', 'local_to_gcs_task', 'scheduled__2020-09-01T00:00:00+00:00', '--job-id', '257', '--raw', '--subdir', 'DAGS_FOLDER/data_ingestion_hw_1_ex.py', '--cfg-path', '/tmp/tmp33hbghao', '--error-file', '/tmp/tmp09vclls9']
[2022-02-02 17:48:08,597] {standard_task_runner.py:77} INFO - Job 257: Subtask local_to_gcs_task
[2022-02-02 17:48:08,721] {logging_mixin.py:109} INFO - Running <TaskInstance: ex_1_data_ingestion_gcs_dag_v2.local_to_gcs_task scheduled__2020-09-01T00:00:00+00:00 [running]> on host 700aeb16bae0
[2022-02-02 17:48:08,799] {warnings.py:110} WARNING - /home/***/.local/lib/python3.7/site-packages/***/utils/context.py:152: AirflowContextDeprecationWarning: Accessing 'execution_date' from the template is deprecated and will be removed in a future version. Please use 'data_interval_start' or 'logical_date' instead.
  warnings.warn(_create_deprecation_warning(key, self._deprecation_replacements[key]))

[2022-02-02 17:48:08,850] {taskinstance.py:1426} INFO - Exporting the following env vars:
AIRFLOW_CTX_DAG_OWNER=***
AIRFLOW_CTX_DAG_ID=ex_1_data_ingestion_gcs_dag_v2
AIRFLOW_CTX_TASK_ID=local_to_gcs_task
AIRFLOW_CTX_EXECUTION_DATE=2020-09-01T00:00:00+00:00
AIRFLOW_CTX_DAG_RUN_ID=scheduled__2020-09-01T00:00:00+00:00
[2022-02-02 17:48:12,352] {python.py:175} INFO - Done. Returned value was: None
[2022-02-02 17:48:12,388] {taskinstance.py:1277} INFO - Marking task as SUCCESS. dag_id=ex_1_data_ingestion_gcs_dag_v2, task_id=local_to_gcs_task, execution_date=20200901T000000, start_date=20220202T174808, end_date=20220202T174812
[2022-02-02 17:48:12,447] {local_task_job.py:154} INFO - Task exited with return code 0
[2022-02-02 17:48:12,499] {local_task_job.py:264} INFO - 0 downstream tasks scheduled from follow-on schedule check
