[2022-02-03 14:45:27,657] {taskinstance.py:1032} INFO - Dependencies all met for <TaskInstance: FHV_data_ingestion_gcs_dag.local_to_gcs_task scheduled__2019-08-01T00:00:00+00:00 [queued]>
[2022-02-03 14:45:27,672] {taskinstance.py:1032} INFO - Dependencies all met for <TaskInstance: FHV_data_ingestion_gcs_dag.local_to_gcs_task scheduled__2019-08-01T00:00:00+00:00 [queued]>
[2022-02-03 14:45:27,673] {taskinstance.py:1238} INFO - 
--------------------------------------------------------------------------------
[2022-02-03 14:45:27,674] {taskinstance.py:1239} INFO - Starting attempt 1 of 1
[2022-02-03 14:45:27,674] {taskinstance.py:1240} INFO - 
--------------------------------------------------------------------------------
[2022-02-03 14:45:27,688] {taskinstance.py:1259} INFO - Executing <Task(PythonOperator): local_to_gcs_task> on 2019-08-01 00:00:00+00:00
[2022-02-03 14:45:27,693] {standard_task_runner.py:52} INFO - Started process 1241 to run task
[2022-02-03 14:45:27,697] {standard_task_runner.py:76} INFO - Running: ['***', 'tasks', 'run', 'FHV_data_ingestion_gcs_dag', 'local_to_gcs_task', 'scheduled__2019-08-01T00:00:00+00:00', '--job-id', '449', '--raw', '--subdir', 'DAGS_FOLDER/FHV_injection_dag.py', '--cfg-path', '/tmp/tmppmj3kj_8', '--error-file', '/tmp/tmpa1ypmbya']
[2022-02-03 14:45:27,699] {standard_task_runner.py:77} INFO - Job 449: Subtask local_to_gcs_task
[2022-02-03 14:45:27,759] {logging_mixin.py:109} INFO - Running <TaskInstance: FHV_data_ingestion_gcs_dag.local_to_gcs_task scheduled__2019-08-01T00:00:00+00:00 [running]> on host 700aeb16bae0
[2022-02-03 14:45:27,800] {warnings.py:110} WARNING - /home/***/.local/lib/python3.7/site-packages/***/utils/context.py:152: AirflowContextDeprecationWarning: Accessing 'execution_date' from the template is deprecated and will be removed in a future version. Please use 'data_interval_start' or 'logical_date' instead.
  warnings.warn(_create_deprecation_warning(key, self._deprecation_replacements[key]))

[2022-02-03 14:45:27,822] {taskinstance.py:1426} INFO - Exporting the following env vars:
AIRFLOW_CTX_DAG_OWNER=***
AIRFLOW_CTX_DAG_ID=FHV_data_ingestion_gcs_dag
AIRFLOW_CTX_TASK_ID=local_to_gcs_task
AIRFLOW_CTX_EXECUTION_DATE=2019-08-01T00:00:00+00:00
AIRFLOW_CTX_DAG_RUN_ID=scheduled__2019-08-01T00:00:00+00:00
[2022-02-03 14:45:30,354] {python.py:175} INFO - Done. Returned value was: None
[2022-02-03 14:45:30,368] {taskinstance.py:1277} INFO - Marking task as SUCCESS. dag_id=FHV_data_ingestion_gcs_dag, task_id=local_to_gcs_task, execution_date=20190801T000000, start_date=20220203T144527, end_date=20220203T144530
[2022-02-03 14:45:30,416] {local_task_job.py:154} INFO - Task exited with return code 0
[2022-02-03 14:45:30,454] {local_task_job.py:264} INFO - 1 downstream tasks scheduled from follow-on schedule check
[2022-02-03 15:10:54,821] {taskinstance.py:1032} INFO - Dependencies all met for <TaskInstance: FHV_data_ingestion_gcs_dag.local_to_gcs_task scheduled__2019-08-01T00:00:00+00:00 [queued]>
[2022-02-03 15:10:54,832] {taskinstance.py:1032} INFO - Dependencies all met for <TaskInstance: FHV_data_ingestion_gcs_dag.local_to_gcs_task scheduled__2019-08-01T00:00:00+00:00 [queued]>
[2022-02-03 15:10:54,833] {taskinstance.py:1238} INFO - 
--------------------------------------------------------------------------------
[2022-02-03 15:10:54,833] {taskinstance.py:1239} INFO - Starting attempt 1 of 1
[2022-02-03 15:10:54,834] {taskinstance.py:1240} INFO - 
--------------------------------------------------------------------------------
[2022-02-03 15:10:54,844] {taskinstance.py:1259} INFO - Executing <Task(PythonOperator): local_to_gcs_task> on 2019-08-01 00:00:00+00:00
[2022-02-03 15:10:54,849] {standard_task_runner.py:52} INFO - Started process 2874 to run task
[2022-02-03 15:10:54,852] {standard_task_runner.py:76} INFO - Running: ['***', 'tasks', 'run', 'FHV_data_ingestion_gcs_dag', 'local_to_gcs_task', 'scheduled__2019-08-01T00:00:00+00:00', '--job-id', '553', '--raw', '--subdir', 'DAGS_FOLDER/FHV_injection_dag.py', '--cfg-path', '/tmp/tmppog180az', '--error-file', '/tmp/tmp761cz54d']
[2022-02-03 15:10:54,855] {standard_task_runner.py:77} INFO - Job 553: Subtask local_to_gcs_task
[2022-02-03 15:10:54,913] {logging_mixin.py:109} INFO - Running <TaskInstance: FHV_data_ingestion_gcs_dag.local_to_gcs_task scheduled__2019-08-01T00:00:00+00:00 [running]> on host 700aeb16bae0
[2022-02-03 15:10:54,950] {warnings.py:110} WARNING - /home/***/.local/lib/python3.7/site-packages/***/utils/context.py:152: AirflowContextDeprecationWarning: Accessing 'execution_date' from the template is deprecated and will be removed in a future version. Please use 'data_interval_start' or 'logical_date' instead.
  warnings.warn(_create_deprecation_warning(key, self._deprecation_replacements[key]))

[2022-02-03 15:10:54,974] {taskinstance.py:1426} INFO - Exporting the following env vars:
AIRFLOW_CTX_DAG_OWNER=***
AIRFLOW_CTX_DAG_ID=FHV_data_ingestion_gcs_dag
AIRFLOW_CTX_TASK_ID=local_to_gcs_task
AIRFLOW_CTX_EXECUTION_DATE=2019-08-01T00:00:00+00:00
AIRFLOW_CTX_DAG_RUN_ID=scheduled__2019-08-01T00:00:00+00:00
[2022-02-03 15:10:59,635] {python.py:175} INFO - Done. Returned value was: None
[2022-02-03 15:10:59,654] {taskinstance.py:1277} INFO - Marking task as SUCCESS. dag_id=FHV_data_ingestion_gcs_dag, task_id=local_to_gcs_task, execution_date=20190801T000000, start_date=20220203T151054, end_date=20220203T151059
[2022-02-03 15:10:59,712] {local_task_job.py:154} INFO - Task exited with return code 0
[2022-02-03 15:10:59,748] {local_task_job.py:264} INFO - 0 downstream tasks scheduled from follow-on schedule check
