[2022-02-01 17:31:31,936] {taskinstance.py:1032} INFO - Dependencies all met for <TaskInstance: LocalIngestionDag.ingest scheduled__2021-12-02T06:00:00+00:00 [queued]>
[2022-02-01 17:31:31,965] {taskinstance.py:1032} INFO - Dependencies all met for <TaskInstance: LocalIngestionDag.ingest scheduled__2021-12-02T06:00:00+00:00 [queued]>
[2022-02-01 17:31:31,967] {taskinstance.py:1238} INFO - 
--------------------------------------------------------------------------------
[2022-02-01 17:31:31,968] {taskinstance.py:1239} INFO - Starting attempt 1 of 1
[2022-02-01 17:31:31,969] {taskinstance.py:1240} INFO - 
--------------------------------------------------------------------------------
[2022-02-01 17:31:32,010] {taskinstance.py:1259} INFO - Executing <Task(BashOperator): ingest> on 2021-12-02 06:00:00+00:00
[2022-02-01 17:31:32,017] {standard_task_runner.py:52} INFO - Started process 821 to run task
[2022-02-01 17:31:32,031] {standard_task_runner.py:76} INFO - Running: ['***', 'tasks', 'run', 'LocalIngestionDag', 'ingest', 'scheduled__2021-12-02T06:00:00+00:00', '--job-id', '62', '--raw', '--subdir', 'DAGS_FOLDER/data_ingestion_local.py', '--cfg-path', '/tmp/tmp2oxkesan', '--error-file', '/tmp/tmppekf9rqf']
[2022-02-01 17:31:32,033] {standard_task_runner.py:77} INFO - Job 62: Subtask ingest
[2022-02-01 17:31:32,177] {logging_mixin.py:109} INFO - Running <TaskInstance: LocalIngestionDag.ingest scheduled__2021-12-02T06:00:00+00:00 [running]> on host c2ae942a63f5
[2022-02-01 17:31:32,332] {taskinstance.py:1426} INFO - Exporting the following env vars:
AIRFLOW_CTX_DAG_OWNER=***
AIRFLOW_CTX_DAG_ID=LocalIngestionDag
AIRFLOW_CTX_TASK_ID=ingest
AIRFLOW_CTX_EXECUTION_DATE=2021-12-02T06:00:00+00:00
AIRFLOW_CTX_DAG_RUN_ID=scheduled__2021-12-02T06:00:00+00:00
[2022-02-01 17:31:32,335] {subprocess.py:62} INFO - Tmp dir root location: 
 /tmp
[2022-02-01 17:31:32,341] {subprocess.py:74} INFO - Running command: ['bash', '-c', 'pwd']
[2022-02-01 17:31:32,364] {subprocess.py:85} INFO - Output:
[2022-02-01 17:31:32,370] {subprocess.py:89} INFO - /tmp/***tmpjmexiq4d
[2022-02-01 17:31:32,371] {subprocess.py:93} INFO - Command exited with return code 0
[2022-02-01 17:31:32,456] {taskinstance.py:1277} INFO - Marking task as SUCCESS. dag_id=LocalIngestionDag, task_id=ingest, execution_date=20211202T060000, start_date=20220201T173131, end_date=20220201T173132
[2022-02-01 17:31:32,528] {local_task_job.py:154} INFO - Task exited with return code 0
[2022-02-01 17:31:32,589] {local_task_job.py:264} INFO - 0 downstream tasks scheduled from follow-on schedule check
