[2022-02-01 17:31:23,199] {taskinstance.py:1032} INFO - Dependencies all met for <TaskInstance: LocalIngestionDag.wget scheduled__2021-08-02T06:00:00+00:00 [queued]>
[2022-02-01 17:31:23,242] {taskinstance.py:1032} INFO - Dependencies all met for <TaskInstance: LocalIngestionDag.wget scheduled__2021-08-02T06:00:00+00:00 [queued]>
[2022-02-01 17:31:23,248] {taskinstance.py:1238} INFO - 
--------------------------------------------------------------------------------
[2022-02-01 17:31:23,250] {taskinstance.py:1239} INFO - Starting attempt 1 of 1
[2022-02-01 17:31:23,251] {taskinstance.py:1240} INFO - 
--------------------------------------------------------------------------------
[2022-02-01 17:31:23,364] {taskinstance.py:1259} INFO - Executing <Task(BashOperator): wget> on 2021-08-02 06:00:00+00:00
[2022-02-01 17:31:23,411] {standard_task_runner.py:76} INFO - Running: ['***', 'tasks', 'run', 'LocalIngestionDag', 'wget', 'scheduled__2021-08-02T06:00:00+00:00', '--job-id', '51', '--raw', '--subdir', 'DAGS_FOLDER/data_ingestion_local.py', '--cfg-path', '/tmp/tmpups39rnj', '--error-file', '/tmp/tmpfstrsy2_']
[2022-02-01 17:31:23,416] {standard_task_runner.py:77} INFO - Job 51: Subtask wget
[2022-02-01 17:31:23,398] {standard_task_runner.py:52} INFO - Started process 785 to run task
[2022-02-01 17:31:23,763] {logging_mixin.py:109} INFO - Running <TaskInstance: LocalIngestionDag.wget scheduled__2021-08-02T06:00:00+00:00 [running]> on host c2ae942a63f5
[2022-02-01 17:31:24,091] {taskinstance.py:1426} INFO - Exporting the following env vars:
AIRFLOW_CTX_DAG_OWNER=***
AIRFLOW_CTX_DAG_ID=LocalIngestionDag
AIRFLOW_CTX_TASK_ID=wget
AIRFLOW_CTX_EXECUTION_DATE=2021-08-02T06:00:00+00:00
AIRFLOW_CTX_DAG_RUN_ID=scheduled__2021-08-02T06:00:00+00:00
[2022-02-01 17:31:24,110] {subprocess.py:62} INFO - Tmp dir root location: 
 /tmp
[2022-02-01 17:31:24,133] {subprocess.py:74} INFO - Running command: ['bash', '-c', "echo 'hello world'"]
[2022-02-01 17:31:24,269] {subprocess.py:85} INFO - Output:
[2022-02-01 17:31:24,276] {subprocess.py:89} INFO - hello world
[2022-02-01 17:31:24,278] {subprocess.py:93} INFO - Command exited with return code 0
[2022-02-01 17:31:24,434] {taskinstance.py:1277} INFO - Marking task as SUCCESS. dag_id=LocalIngestionDag, task_id=wget, execution_date=20210802T060000, start_date=20220201T173123, end_date=20220201T173124
[2022-02-01 17:31:24,553] {local_task_job.py:154} INFO - Task exited with return code 0
[2022-02-01 17:31:24,676] {local_task_job.py:264} INFO - 1 downstream tasks scheduled from follow-on schedule check
