[2022-02-02 13:23:56,736] {taskinstance.py:1032} INFO - Dependencies all met for <TaskInstance: hw_data_ingestion_gcs_dag.download_dataset_task manual__2022-02-02T13:23:48.605515+00:00 [queued]>
[2022-02-02 13:23:56,751] {taskinstance.py:1032} INFO - Dependencies all met for <TaskInstance: hw_data_ingestion_gcs_dag.download_dataset_task manual__2022-02-02T13:23:48.605515+00:00 [queued]>
[2022-02-02 13:23:56,751] {taskinstance.py:1238} INFO - 
--------------------------------------------------------------------------------
[2022-02-02 13:23:56,752] {taskinstance.py:1239} INFO - Starting attempt 1 of 2
[2022-02-02 13:23:56,753] {taskinstance.py:1240} INFO - 
--------------------------------------------------------------------------------
[2022-02-02 13:23:56,766] {taskinstance.py:1259} INFO - Executing <Task(BashOperator): download_dataset_task> on 2022-02-02 13:23:48.605515+00:00
[2022-02-02 13:23:56,775] {standard_task_runner.py:52} INFO - Started process 258 to run task
[2022-02-02 13:23:56,779] {standard_task_runner.py:76} INFO - Running: ['***', 'tasks', 'run', 'hw_data_ingestion_gcs_dag', 'download_dataset_task', 'manual__2022-02-02T13:23:48.605515+00:00', '--job-id', '96', '--raw', '--subdir', 'DAGS_FOLDER/data_ingestion_hw_1_ex.py', '--cfg-path', '/tmp/tmpi7_lheho', '--error-file', '/tmp/tmp3ixfei3x']
[2022-02-02 13:23:56,781] {standard_task_runner.py:77} INFO - Job 96: Subtask download_dataset_task
[2022-02-02 13:23:56,839] {logging_mixin.py:109} INFO - Running <TaskInstance: hw_data_ingestion_gcs_dag.download_dataset_task manual__2022-02-02T13:23:48.605515+00:00 [running]> on host 700aeb16bae0
[2022-02-02 13:23:56,877] {warnings.py:110} WARNING - /home/***/.local/lib/python3.7/site-packages/***/utils/context.py:152: AirflowContextDeprecationWarning: Accessing 'execution_date' from the template is deprecated and will be removed in a future version. Please use 'data_interval_start' or 'logical_date' instead.
  warnings.warn(_create_deprecation_warning(key, self._deprecation_replacements[key]))

[2022-02-02 13:23:56,898] {taskinstance.py:1426} INFO - Exporting the following env vars:
AIRFLOW_CTX_DAG_OWNER=***
AIRFLOW_CTX_DAG_ID=hw_data_ingestion_gcs_dag
AIRFLOW_CTX_TASK_ID=download_dataset_task
AIRFLOW_CTX_EXECUTION_DATE=2022-02-02T13:23:48.605515+00:00
AIRFLOW_CTX_DAG_RUN_ID=manual__2022-02-02T13:23:48.605515+00:00
[2022-02-02 13:23:56,900] {subprocess.py:62} INFO - Tmp dir root location: 
 /tmp
[2022-02-02 13:23:56,902] {subprocess.py:74} INFO - Running command: ['bash', '-c', 'curl -sS https://s3.amazonaws.com/nyc-tlc/trip+data/yellow_tripdata_2022-02.csv > /opt/***/yellow_tripdata_2022-02.csv']
[2022-02-02 13:23:56,916] {subprocess.py:85} INFO - Output:
[2022-02-02 13:23:57,448] {subprocess.py:93} INFO - Command exited with return code 0
[2022-02-02 13:23:57,486] {taskinstance.py:1277} INFO - Marking task as SUCCESS. dag_id=hw_data_ingestion_gcs_dag, task_id=download_dataset_task, execution_date=20220202T132348, start_date=20220202T132356, end_date=20220202T132357
[2022-02-02 13:23:57,517] {local_task_job.py:154} INFO - Task exited with return code 0
[2022-02-02 13:23:57,570] {local_task_job.py:264} INFO - 1 downstream tasks scheduled from follow-on schedule check
