[2022-02-02 13:40:23,679] {taskinstance.py:1032} INFO - Dependencies all met for <TaskInstance: ex_1_data_ingestion_gcs_dag.download_dataset_task scheduled__2019-06-01T00:00:00+00:00 [queued]>
[2022-02-02 13:40:23,714] {taskinstance.py:1032} INFO - Dependencies all met for <TaskInstance: ex_1_data_ingestion_gcs_dag.download_dataset_task scheduled__2019-06-01T00:00:00+00:00 [queued]>
[2022-02-02 13:40:23,715] {taskinstance.py:1238} INFO - 
--------------------------------------------------------------------------------
[2022-02-02 13:40:23,716] {taskinstance.py:1239} INFO - Starting attempt 1 of 1
[2022-02-02 13:40:23,717] {taskinstance.py:1240} INFO - 
--------------------------------------------------------------------------------
[2022-02-02 13:40:23,757] {taskinstance.py:1259} INFO - Executing <Task(BashOperator): download_dataset_task> on 2019-06-01 00:00:00+00:00
[2022-02-02 13:40:23,765] {standard_task_runner.py:52} INFO - Started process 1137 to run task
[2022-02-02 13:40:23,791] {standard_task_runner.py:76} INFO - Running: ['***', 'tasks', 'run', 'ex_1_data_ingestion_gcs_dag', 'download_dataset_task', 'scheduled__2019-06-01T00:00:00+00:00', '--job-id', '117', '--raw', '--subdir', 'DAGS_FOLDER/data_ingestion_hw_1_ex.py', '--cfg-path', '/tmp/tmp2pj8yiy2', '--error-file', '/tmp/tmp9gslvq2l']
[2022-02-02 13:40:23,797] {standard_task_runner.py:77} INFO - Job 117: Subtask download_dataset_task
[2022-02-02 13:40:24,271] {logging_mixin.py:109} INFO - Running <TaskInstance: ex_1_data_ingestion_gcs_dag.download_dataset_task scheduled__2019-06-01T00:00:00+00:00 [running]> on host 700aeb16bae0
[2022-02-02 13:40:24,625] {warnings.py:110} WARNING - /home/***/.local/lib/python3.7/site-packages/***/utils/context.py:152: AirflowContextDeprecationWarning: Accessing 'execution_date' from the template is deprecated and will be removed in a future version. Please use 'data_interval_start' or 'logical_date' instead.
  warnings.warn(_create_deprecation_warning(key, self._deprecation_replacements[key]))

[2022-02-02 13:40:24,747] {taskinstance.py:1426} INFO - Exporting the following env vars:
AIRFLOW_CTX_DAG_OWNER=***
AIRFLOW_CTX_DAG_ID=ex_1_data_ingestion_gcs_dag
AIRFLOW_CTX_TASK_ID=download_dataset_task
AIRFLOW_CTX_EXECUTION_DATE=2019-06-01T00:00:00+00:00
AIRFLOW_CTX_DAG_RUN_ID=scheduled__2019-06-01T00:00:00+00:00
[2022-02-02 13:40:24,749] {subprocess.py:62} INFO - Tmp dir root location: 
 /tmp
[2022-02-02 13:40:24,760] {subprocess.py:74} INFO - Running command: ['bash', '-c', 'curl -sS https://s3.amazonaws.com/nyc-tlc/trip+data/yellow_tripdata_2019-06.csv > /opt/***/yellow_tripdata_2019-06.csv']
[2022-02-02 13:40:24,819] {subprocess.py:85} INFO - Output:
[2022-02-02 13:46:05,946] {subprocess.py:93} INFO - Command exited with return code 0
[2022-02-02 13:46:07,197] {taskinstance.py:1277} INFO - Marking task as SUCCESS. dag_id=ex_1_data_ingestion_gcs_dag, task_id=download_dataset_task, execution_date=20190601T000000, start_date=20220202T134023, end_date=20220202T134607
[2022-02-02 13:46:07,557] {local_task_job.py:212} WARNING - State of this instance has been externally set to success. Terminating instance.
[2022-02-02 13:46:07,786] {process_utils.py:124} INFO - Sending Signals.SIGTERM to group 1137. PIDs of all processes in the group: [1137]
[2022-02-02 13:46:07,790] {process_utils.py:75} INFO - Sending the signal Signals.SIGTERM to group 1137
[2022-02-02 13:46:07,819] {process_utils.py:70} INFO - Process psutil.Process(pid=1137, status='terminated', exitcode=0, started='13:40:22') (1137) terminated with exit code 0
