[2022-02-03 14:35:51,479] {taskinstance.py:1032} INFO - Dependencies all met for <TaskInstance: FHV_data_ingestion_gcs_dag.download_dataset_task scheduled__2019-03-01T00:00:00+00:00 [queued]>
[2022-02-03 14:35:51,489] {taskinstance.py:1032} INFO - Dependencies all met for <TaskInstance: FHV_data_ingestion_gcs_dag.download_dataset_task scheduled__2019-03-01T00:00:00+00:00 [queued]>
[2022-02-03 14:35:51,490] {taskinstance.py:1238} INFO - 
--------------------------------------------------------------------------------
[2022-02-03 14:35:51,491] {taskinstance.py:1239} INFO - Starting attempt 1 of 1
[2022-02-03 14:35:51,491] {taskinstance.py:1240} INFO - 
--------------------------------------------------------------------------------
[2022-02-03 14:35:51,501] {taskinstance.py:1259} INFO - Executing <Task(BashOperator): download_dataset_task> on 2019-03-01 00:00:00+00:00
[2022-02-03 14:35:51,505] {standard_task_runner.py:52} INFO - Started process 679 to run task
[2022-02-03 14:35:51,509] {standard_task_runner.py:76} INFO - Running: ['***', 'tasks', 'run', 'FHV_data_ingestion_gcs_dag', 'download_dataset_task', 'scheduled__2019-03-01T00:00:00+00:00', '--job-id', '429', '--raw', '--subdir', 'DAGS_FOLDER/FHV_injection_dag.py', '--cfg-path', '/tmp/tmpblz2nwmw', '--error-file', '/tmp/tmp7pw9ljow']
[2022-02-03 14:35:51,511] {standard_task_runner.py:77} INFO - Job 429: Subtask download_dataset_task
[2022-02-03 14:35:51,568] {logging_mixin.py:109} INFO - Running <TaskInstance: FHV_data_ingestion_gcs_dag.download_dataset_task scheduled__2019-03-01T00:00:00+00:00 [running]> on host 700aeb16bae0
[2022-02-03 14:35:51,613] {warnings.py:110} WARNING - /home/***/.local/lib/python3.7/site-packages/***/utils/context.py:152: AirflowContextDeprecationWarning: Accessing 'execution_date' from the template is deprecated and will be removed in a future version. Please use 'data_interval_start' or 'logical_date' instead.
  warnings.warn(_create_deprecation_warning(key, self._deprecation_replacements[key]))

[2022-02-03 14:35:51,632] {taskinstance.py:1426} INFO - Exporting the following env vars:
AIRFLOW_CTX_DAG_OWNER=***
AIRFLOW_CTX_DAG_ID=FHV_data_ingestion_gcs_dag
AIRFLOW_CTX_TASK_ID=download_dataset_task
AIRFLOW_CTX_EXECUTION_DATE=2019-03-01T00:00:00+00:00
AIRFLOW_CTX_DAG_RUN_ID=scheduled__2019-03-01T00:00:00+00:00
[2022-02-03 14:35:51,634] {subprocess.py:62} INFO - Tmp dir root location: 
 /tmp
[2022-02-03 14:35:51,635] {subprocess.py:74} INFO - Running command: ['bash', '-c', 'curl -sSLf https://nyc-tlc.s3.amazonaws.com/trip+data/fhv_tripdata_2019-03.csv > /opt/***/fhv_tripdata_2019-03.csv']
[2022-02-03 14:35:51,646] {subprocess.py:85} INFO - Output:
[2022-02-03 14:37:06,775] {subprocess.py:93} INFO - Command exited with return code 0
[2022-02-03 14:37:06,808] {taskinstance.py:1277} INFO - Marking task as SUCCESS. dag_id=FHV_data_ingestion_gcs_dag, task_id=download_dataset_task, execution_date=20190301T000000, start_date=20220203T143551, end_date=20220203T143706
[2022-02-03 14:37:06,850] {local_task_job.py:154} INFO - Task exited with return code 0
[2022-02-03 14:37:06,896] {local_task_job.py:264} INFO - 1 downstream tasks scheduled from follow-on schedule check
[2022-02-03 15:06:11,871] {taskinstance.py:1032} INFO - Dependencies all met for <TaskInstance: FHV_data_ingestion_gcs_dag.download_dataset_task scheduled__2019-03-01T00:00:00+00:00 [queued]>
[2022-02-03 15:06:11,915] {taskinstance.py:1032} INFO - Dependencies all met for <TaskInstance: FHV_data_ingestion_gcs_dag.download_dataset_task scheduled__2019-03-01T00:00:00+00:00 [queued]>
[2022-02-03 15:06:11,917] {taskinstance.py:1238} INFO - 
--------------------------------------------------------------------------------
[2022-02-03 15:06:11,918] {taskinstance.py:1239} INFO - Starting attempt 1 of 1
[2022-02-03 15:06:11,920] {taskinstance.py:1240} INFO - 
--------------------------------------------------------------------------------
[2022-02-03 15:06:11,942] {taskinstance.py:1259} INFO - Executing <Task(BashOperator): download_dataset_task> on 2019-03-01 00:00:00+00:00
[2022-02-03 15:06:11,950] {standard_task_runner.py:52} INFO - Started process 2532 to run task
[2022-02-03 15:06:11,958] {standard_task_runner.py:76} INFO - Running: ['***', 'tasks', 'run', 'FHV_data_ingestion_gcs_dag', 'download_dataset_task', 'scheduled__2019-03-01T00:00:00+00:00', '--job-id', '533', '--raw', '--subdir', 'DAGS_FOLDER/FHV_injection_dag.py', '--cfg-path', '/tmp/tmpmqal3puk', '--error-file', '/tmp/tmpaf6f1znt']
[2022-02-03 15:06:11,960] {standard_task_runner.py:77} INFO - Job 533: Subtask download_dataset_task
[2022-02-03 15:06:12,136] {logging_mixin.py:109} INFO - Running <TaskInstance: FHV_data_ingestion_gcs_dag.download_dataset_task scheduled__2019-03-01T00:00:00+00:00 [running]> on host 700aeb16bae0
[2022-02-03 15:06:12,230] {warnings.py:110} WARNING - /home/***/.local/lib/python3.7/site-packages/***/utils/context.py:152: AirflowContextDeprecationWarning: Accessing 'execution_date' from the template is deprecated and will be removed in a future version. Please use 'data_interval_start' or 'logical_date' instead.
  warnings.warn(_create_deprecation_warning(key, self._deprecation_replacements[key]))

[2022-02-03 15:06:12,275] {taskinstance.py:1426} INFO - Exporting the following env vars:
AIRFLOW_CTX_DAG_OWNER=***
AIRFLOW_CTX_DAG_ID=FHV_data_ingestion_gcs_dag
AIRFLOW_CTX_TASK_ID=download_dataset_task
AIRFLOW_CTX_EXECUTION_DATE=2019-03-01T00:00:00+00:00
AIRFLOW_CTX_DAG_RUN_ID=scheduled__2019-03-01T00:00:00+00:00
[2022-02-03 15:06:12,279] {subprocess.py:62} INFO - Tmp dir root location: 
 /tmp
[2022-02-03 15:06:12,282] {subprocess.py:74} INFO - Running command: ['bash', '-c', 'curl -sSLf https://nyc-tlc.s3.amazonaws.com/trip+data/fhv_tripdata_2019-03.csv > /opt/***/fhv_tripdata_2019-03.csv']
[2022-02-03 15:06:12,310] {subprocess.py:85} INFO - Output:
[2022-02-03 15:07:22,470] {subprocess.py:93} INFO - Command exited with return code 0
[2022-02-03 15:07:22,542] {taskinstance.py:1277} INFO - Marking task as SUCCESS. dag_id=FHV_data_ingestion_gcs_dag, task_id=download_dataset_task, execution_date=20190301T000000, start_date=20220203T150611, end_date=20220203T150722
[2022-02-03 15:07:22,611] {local_task_job.py:154} INFO - Task exited with return code 0
[2022-02-03 15:07:22,703] {local_task_job.py:264} INFO - 1 downstream tasks scheduled from follow-on schedule check
