[2022-02-02 17:40:38,832] {taskinstance.py:1032} INFO - Dependencies all met for <TaskInstance: ex_1_data_ingestion_gcs_dag_v2.download_dataset_task scheduled__2019-10-01T00:00:00+00:00 [queued]>
[2022-02-02 17:40:39,117] {taskinstance.py:1032} INFO - Dependencies all met for <TaskInstance: ex_1_data_ingestion_gcs_dag_v2.download_dataset_task scheduled__2019-10-01T00:00:00+00:00 [queued]>
[2022-02-02 17:40:39,126] {taskinstance.py:1238} INFO - 
--------------------------------------------------------------------------------
[2022-02-02 17:40:39,135] {taskinstance.py:1239} INFO - Starting attempt 1 of 1
[2022-02-02 17:40:39,158] {taskinstance.py:1240} INFO - 
--------------------------------------------------------------------------------
[2022-02-02 17:40:39,432] {taskinstance.py:1259} INFO - Executing <Task(BashOperator): download_dataset_task> on 2019-10-01 00:00:00+00:00
[2022-02-02 17:40:39,584] {standard_task_runner.py:52} INFO - Started process 6684 to run task
[2022-02-02 17:40:39,901] {standard_task_runner.py:76} INFO - Running: ['***', 'tasks', 'run', 'ex_1_data_ingestion_gcs_dag_v2', 'download_dataset_task', 'scheduled__2019-10-01T00:00:00+00:00', '--job-id', '216', '--raw', '--subdir', 'DAGS_FOLDER/data_ingestion_hw_1_ex.py', '--cfg-path', '/tmp/tmpmu54brx6', '--error-file', '/tmp/tmpvaorprdv']
[2022-02-02 17:40:40,005] {standard_task_runner.py:77} INFO - Job 216: Subtask download_dataset_task
[2022-02-02 17:40:41,543] {logging_mixin.py:109} INFO - Running <TaskInstance: ex_1_data_ingestion_gcs_dag_v2.download_dataset_task scheduled__2019-10-01T00:00:00+00:00 [running]> on host 700aeb16bae0
[2022-02-02 17:40:41,766] {warnings.py:110} WARNING - /home/***/.local/lib/python3.7/site-packages/***/utils/context.py:152: AirflowContextDeprecationWarning: Accessing 'execution_date' from the template is deprecated and will be removed in a future version. Please use 'data_interval_start' or 'logical_date' instead.
  warnings.warn(_create_deprecation_warning(key, self._deprecation_replacements[key]))

[2022-02-02 17:40:41,929] {taskinstance.py:1426} INFO - Exporting the following env vars:
AIRFLOW_CTX_DAG_OWNER=***
AIRFLOW_CTX_DAG_ID=ex_1_data_ingestion_gcs_dag_v2
AIRFLOW_CTX_TASK_ID=download_dataset_task
AIRFLOW_CTX_EXECUTION_DATE=2019-10-01T00:00:00+00:00
AIRFLOW_CTX_DAG_RUN_ID=scheduled__2019-10-01T00:00:00+00:00
[2022-02-02 17:40:41,947] {subprocess.py:62} INFO - Tmp dir root location: 
 /tmp
[2022-02-02 17:40:41,987] {subprocess.py:74} INFO - Running command: ['bash', '-c', 'curl -sS https://s3.amazonaws.com/nyc-tlc/trip+data/yellow_tripdata_2019-10.csv > /opt/***/yellow_tripdata_2019-10.csv']
[2022-02-02 17:40:42,549] {subprocess.py:85} INFO - Output:
[2022-02-02 17:43:51,804] {subprocess.py:93} INFO - Command exited with return code 0
[2022-02-02 17:43:53,753] {taskinstance.py:1277} INFO - Marking task as SUCCESS. dag_id=ex_1_data_ingestion_gcs_dag_v2, task_id=download_dataset_task, execution_date=20191001T000000, start_date=20220202T174038, end_date=20220202T174353
[2022-02-02 17:43:54,238] {local_task_job.py:154} INFO - Task exited with return code 0
[2022-02-02 17:43:54,720] {local_task_job.py:264} INFO - 1 downstream tasks scheduled from follow-on schedule check
