[2022-02-03 14:57:40,615] {taskinstance.py:1032} INFO - Dependencies all met for <TaskInstance: FHV_data_ingestion_gcs_dag.format_to_parquet_task scheduled__2020-10-01T00:00:00+00:00 [queued]>
[2022-02-03 14:57:40,655] {taskinstance.py:1032} INFO - Dependencies all met for <TaskInstance: FHV_data_ingestion_gcs_dag.format_to_parquet_task scheduled__2020-10-01T00:00:00+00:00 [queued]>
[2022-02-03 14:57:40,657] {taskinstance.py:1238} INFO - 
--------------------------------------------------------------------------------
[2022-02-03 14:57:40,658] {taskinstance.py:1239} INFO - Starting attempt 1 of 1
[2022-02-03 14:57:40,659] {taskinstance.py:1240} INFO - 
--------------------------------------------------------------------------------
[2022-02-03 14:57:40,700] {taskinstance.py:1259} INFO - Executing <Task(PythonOperator): format_to_parquet_task> on 2020-10-01 00:00:00+00:00
[2022-02-03 14:57:40,713] {standard_task_runner.py:52} INFO - Started process 2051 to run task
[2022-02-03 14:57:40,742] {standard_task_runner.py:76} INFO - Running: ['***', 'tasks', 'run', 'FHV_data_ingestion_gcs_dag', 'format_to_parquet_task', 'scheduled__2020-10-01T00:00:00+00:00', '--job-id', '500', '--raw', '--subdir', 'DAGS_FOLDER/FHV_injection_dag.py', '--cfg-path', '/tmp/tmpur61eqqs', '--error-file', '/tmp/tmp_287kkjg']
[2022-02-03 14:57:40,747] {standard_task_runner.py:77} INFO - Job 500: Subtask format_to_parquet_task
[2022-02-03 14:57:40,874] {logging_mixin.py:109} INFO - Running <TaskInstance: FHV_data_ingestion_gcs_dag.format_to_parquet_task scheduled__2020-10-01T00:00:00+00:00 [running]> on host 700aeb16bae0
[2022-02-03 14:57:40,962] {warnings.py:110} WARNING - /home/***/.local/lib/python3.7/site-packages/***/utils/context.py:152: AirflowContextDeprecationWarning: Accessing 'execution_date' from the template is deprecated and will be removed in a future version. Please use 'data_interval_start' or 'logical_date' instead.
  warnings.warn(_create_deprecation_warning(key, self._deprecation_replacements[key]))

[2022-02-03 14:57:41,020] {taskinstance.py:1426} INFO - Exporting the following env vars:
AIRFLOW_CTX_DAG_OWNER=***
AIRFLOW_CTX_DAG_ID=FHV_data_ingestion_gcs_dag
AIRFLOW_CTX_TASK_ID=format_to_parquet_task
AIRFLOW_CTX_EXECUTION_DATE=2020-10-01T00:00:00+00:00
AIRFLOW_CTX_DAG_RUN_ID=scheduled__2020-10-01T00:00:00+00:00
[2022-02-03 14:57:42,286] {python.py:175} INFO - Done. Returned value was: None
[2022-02-03 14:57:42,315] {taskinstance.py:1277} INFO - Marking task as SUCCESS. dag_id=FHV_data_ingestion_gcs_dag, task_id=format_to_parquet_task, execution_date=20201001T000000, start_date=20220203T145740, end_date=20220203T145742
[2022-02-03 14:57:42,452] {local_task_job.py:154} INFO - Task exited with return code 0
[2022-02-03 14:57:42,556] {local_task_job.py:264} INFO - 1 downstream tasks scheduled from follow-on schedule check
[2022-02-03 15:18:05,042] {taskinstance.py:1032} INFO - Dependencies all met for <TaskInstance: FHV_data_ingestion_gcs_dag.format_to_parquet_task scheduled__2020-10-01T00:00:00+00:00 [queued]>
[2022-02-03 15:18:05,055] {taskinstance.py:1032} INFO - Dependencies all met for <TaskInstance: FHV_data_ingestion_gcs_dag.format_to_parquet_task scheduled__2020-10-01T00:00:00+00:00 [queued]>
[2022-02-03 15:18:05,056] {taskinstance.py:1238} INFO - 
--------------------------------------------------------------------------------
[2022-02-03 15:18:05,056] {taskinstance.py:1239} INFO - Starting attempt 1 of 1
[2022-02-03 15:18:05,057] {taskinstance.py:1240} INFO - 
--------------------------------------------------------------------------------
[2022-02-03 15:18:05,068] {taskinstance.py:1259} INFO - Executing <Task(PythonOperator): format_to_parquet_task> on 2020-10-01 00:00:00+00:00
[2022-02-03 15:18:05,073] {standard_task_runner.py:52} INFO - Started process 3445 to run task
[2022-02-03 15:18:05,077] {standard_task_runner.py:76} INFO - Running: ['***', 'tasks', 'run', 'FHV_data_ingestion_gcs_dag', 'format_to_parquet_task', 'scheduled__2020-10-01T00:00:00+00:00', '--job-id', '593', '--raw', '--subdir', 'DAGS_FOLDER/FHV_injection_dag.py', '--cfg-path', '/tmp/tmphru1mexy', '--error-file', '/tmp/tmp_25zr48c']
[2022-02-03 15:18:05,078] {standard_task_runner.py:77} INFO - Job 593: Subtask format_to_parquet_task
[2022-02-03 15:18:05,139] {logging_mixin.py:109} INFO - Running <TaskInstance: FHV_data_ingestion_gcs_dag.format_to_parquet_task scheduled__2020-10-01T00:00:00+00:00 [running]> on host 700aeb16bae0
[2022-02-03 15:18:05,179] {warnings.py:110} WARNING - /home/***/.local/lib/python3.7/site-packages/***/utils/context.py:152: AirflowContextDeprecationWarning: Accessing 'execution_date' from the template is deprecated and will be removed in a future version. Please use 'data_interval_start' or 'logical_date' instead.
  warnings.warn(_create_deprecation_warning(key, self._deprecation_replacements[key]))

[2022-02-03 15:18:05,200] {taskinstance.py:1426} INFO - Exporting the following env vars:
AIRFLOW_CTX_DAG_OWNER=***
AIRFLOW_CTX_DAG_ID=FHV_data_ingestion_gcs_dag
AIRFLOW_CTX_TASK_ID=format_to_parquet_task
AIRFLOW_CTX_EXECUTION_DATE=2020-10-01T00:00:00+00:00
AIRFLOW_CTX_DAG_RUN_ID=scheduled__2020-10-01T00:00:00+00:00
[2022-02-03 15:18:05,590] {python.py:175} INFO - Done. Returned value was: None
[2022-02-03 15:18:05,603] {taskinstance.py:1277} INFO - Marking task as SUCCESS. dag_id=FHV_data_ingestion_gcs_dag, task_id=format_to_parquet_task, execution_date=20201001T000000, start_date=20220203T151805, end_date=20220203T151805
[2022-02-03 15:18:05,693] {local_task_job.py:154} INFO - Task exited with return code 0
[2022-02-03 15:18:05,727] {local_task_job.py:264} INFO - 1 downstream tasks scheduled from follow-on schedule check
