[2022-02-02 18:51:29,809] {taskinstance.py:1032} INFO - Dependencies all met for <TaskInstance: ex_1_data_ingestion_gcs_dag_v3.format_to_parquet_task scheduled__2020-04-01T00:00:00+00:00 [queued]>
[2022-02-02 18:51:29,825] {taskinstance.py:1032} INFO - Dependencies all met for <TaskInstance: ex_1_data_ingestion_gcs_dag_v3.format_to_parquet_task scheduled__2020-04-01T00:00:00+00:00 [queued]>
[2022-02-02 18:51:29,827] {taskinstance.py:1238} INFO - 
--------------------------------------------------------------------------------
[2022-02-02 18:51:29,828] {taskinstance.py:1239} INFO - Starting attempt 1 of 1
[2022-02-02 18:51:29,829] {taskinstance.py:1240} INFO - 
--------------------------------------------------------------------------------
[2022-02-02 18:51:29,843] {taskinstance.py:1259} INFO - Executing <Task(PythonOperator): format_to_parquet_task> on 2020-04-01 00:00:00+00:00
[2022-02-02 18:51:29,849] {standard_task_runner.py:52} INFO - Started process 10602 to run task
[2022-02-02 18:51:29,853] {standard_task_runner.py:76} INFO - Running: ['***', 'tasks', 'run', 'ex_1_data_ingestion_gcs_dag_v3', 'format_to_parquet_task', 'scheduled__2020-04-01T00:00:00+00:00', '--job-id', '348', '--raw', '--subdir', 'DAGS_FOLDER/data_ingestion_hw_1_ex.py', '--cfg-path', '/tmp/tmp74ifdj_i', '--error-file', '/tmp/tmp45z8c8li']
[2022-02-02 18:51:29,855] {standard_task_runner.py:77} INFO - Job 348: Subtask format_to_parquet_task
[2022-02-02 18:51:29,927] {logging_mixin.py:109} INFO - Running <TaskInstance: ex_1_data_ingestion_gcs_dag_v3.format_to_parquet_task scheduled__2020-04-01T00:00:00+00:00 [running]> on host 700aeb16bae0
[2022-02-02 18:51:29,971] {warnings.py:110} WARNING - /home/***/.local/lib/python3.7/site-packages/***/utils/context.py:152: AirflowContextDeprecationWarning: Accessing 'execution_date' from the template is deprecated and will be removed in a future version. Please use 'data_interval_start' or 'logical_date' instead.
  warnings.warn(_create_deprecation_warning(key, self._deprecation_replacements[key]))

[2022-02-02 18:51:29,995] {taskinstance.py:1426} INFO - Exporting the following env vars:
AIRFLOW_CTX_DAG_OWNER=***
AIRFLOW_CTX_DAG_ID=ex_1_data_ingestion_gcs_dag_v3
AIRFLOW_CTX_TASK_ID=format_to_parquet_task
AIRFLOW_CTX_EXECUTION_DATE=2020-04-01T00:00:00+00:00
AIRFLOW_CTX_DAG_RUN_ID=scheduled__2020-04-01T00:00:00+00:00
[2022-02-02 18:51:30,285] {python.py:175} INFO - Done. Returned value was: None
[2022-02-02 18:51:30,300] {taskinstance.py:1277} INFO - Marking task as SUCCESS. dag_id=ex_1_data_ingestion_gcs_dag_v3, task_id=format_to_parquet_task, execution_date=20200401T000000, start_date=20220202T185129, end_date=20220202T185130
[2022-02-02 18:51:30,351] {local_task_job.py:154} INFO - Task exited with return code 0
[2022-02-02 18:51:30,387] {local_task_job.py:264} INFO - 1 downstream tasks scheduled from follow-on schedule check
