[2022-02-12 11:04:59,661] {taskinstance.py:1032} INFO - Dependencies all met for <TaskInstance: data_2_gcs_dag.bigquery_external_table_task scheduled__2022-02-11T00:00:00+00:00 [queued]>
[2022-02-12 11:04:59,687] {taskinstance.py:1032} INFO - Dependencies all met for <TaskInstance: data_2_gcs_dag.bigquery_external_table_task scheduled__2022-02-11T00:00:00+00:00 [queued]>
[2022-02-12 11:04:59,688] {taskinstance.py:1238} INFO - 
--------------------------------------------------------------------------------
[2022-02-12 11:04:59,690] {taskinstance.py:1239} INFO - Starting attempt 1 of 2
[2022-02-12 11:04:59,691] {taskinstance.py:1240} INFO - 
--------------------------------------------------------------------------------
[2022-02-12 11:04:59,711] {taskinstance.py:1259} INFO - Executing <Task(BigQueryCreateExternalTableOperator): bigquery_external_table_task> on 2022-02-11 00:00:00+00:00
[2022-02-12 11:04:59,720] {standard_task_runner.py:52} INFO - Started process 78 to run task
[2022-02-12 11:04:59,737] {standard_task_runner.py:76} INFO - Running: ['***', 'tasks', 'run', 'data_2_gcs_dag', 'bigquery_external_table_task', 'scheduled__2022-02-11T00:00:00+00:00', '--job-id', '1034', '--raw', '--subdir', 'DAGS_FOLDER/data-2-gcs-dag.py', '--cfg-path', '/tmp/tmpe00_cvim', '--error-file', '/tmp/tmpz95n2svj']
[2022-02-12 11:04:59,740] {standard_task_runner.py:77} INFO - Job 1034: Subtask bigquery_external_table_task
[2022-02-12 11:04:59,821] {logging_mixin.py:109} INFO - Running <TaskInstance: data_2_gcs_dag.bigquery_external_table_task scheduled__2022-02-11T00:00:00+00:00 [running]> on host 853fb9201673
[2022-02-12 11:04:59,904] {taskinstance.py:1426} INFO - Exporting the following env vars:
AIRFLOW_CTX_DAG_OWNER=***
AIRFLOW_CTX_DAG_ID=data_2_gcs_dag
AIRFLOW_CTX_TASK_ID=bigquery_external_table_task
AIRFLOW_CTX_EXECUTION_DATE=2022-02-11T00:00:00+00:00
AIRFLOW_CTX_DAG_RUN_ID=scheduled__2022-02-11T00:00:00+00:00
[2022-02-12 11:04:59,907] {crypto.py:82} WARNING - empty cryptography key - values will not be stored encrypted.
[2022-02-12 11:05:00,677] {taskinstance.py:1700} ERROR - Task failed with exception
Traceback (most recent call last):
  File "/home/airflow/.local/lib/python3.7/site-packages/airflow/models/taskinstance.py", line 1329, in _run_raw_task
    self._execute_task_with_callbacks(context)
  File "/home/airflow/.local/lib/python3.7/site-packages/airflow/models/taskinstance.py", line 1455, in _execute_task_with_callbacks
    result = self._execute_task(context, self.task)
  File "/home/airflow/.local/lib/python3.7/site-packages/airflow/models/taskinstance.py", line 1511, in _execute_task
    result = execute_callable(context=context)
  File "/home/airflow/.local/lib/python3.7/site-packages/airflow/providers/google/cloud/operators/bigquery.py", line 1196, in execute
    table_resource=self.table_resource,
  File "/home/airflow/.local/lib/python3.7/site-packages/airflow/providers/google/common/hooks/base_google.py", line 430, in inner_wrapper
    return func(self, *args, **kwargs)
  File "/home/airflow/.local/lib/python3.7/site-packages/airflow/providers/google/cloud/hooks/bigquery.py", line 408, in create_empty_table
    table=table, exists_ok=exists_ok, retry=retry
  File "/home/airflow/.local/lib/python3.7/site-packages/google/cloud/bigquery/client.py", line 755, in create_table
    timeout=timeout,
  File "/home/airflow/.local/lib/python3.7/site-packages/google/cloud/bigquery/client.py", line 782, in _call_api
    return call()
  File "/home/airflow/.local/lib/python3.7/site-packages/google/api_core/retry.py", line 291, in retry_wrapped_func
    on_error=on_error,
  File "/home/airflow/.local/lib/python3.7/site-packages/google/api_core/retry.py", line 189, in retry_target
    return target()
  File "/home/airflow/.local/lib/python3.7/site-packages/google/cloud/_http.py", line 484, in api_request
    raise exceptions.from_http_response(response)
google.api_core.exceptions.BadRequest: 400 POST https://bigquery.googleapis.com/bigquery/v2/projects/vaulted-art-339212/datasets/trips_data_all/tables?prettyPrint=false: Error while reading table: external_yellow_trip_table, error message: Input file is not in Parquet format.
[2022-02-12 11:05:00,701] {taskinstance.py:1277} INFO - Marking task as UP_FOR_RETRY. dag_id=data_2_gcs_dag, task_id=bigquery_external_table_task, execution_date=20220211T000000, start_date=20220212T110459, end_date=20220212T110500
[2022-02-12 11:05:00,724] {standard_task_runner.py:92} ERROR - Failed to execute job 1034 for task bigquery_external_table_task
Traceback (most recent call last):
  File "/home/airflow/.local/lib/python3.7/site-packages/airflow/task/task_runner/standard_task_runner.py", line 85, in _start_by_fork
    args.func(args, dag=self.dag)
  File "/home/airflow/.local/lib/python3.7/site-packages/airflow/cli/cli_parser.py", line 48, in command
    return func(*args, **kwargs)
  File "/home/airflow/.local/lib/python3.7/site-packages/airflow/utils/cli.py", line 92, in wrapper
    return f(*args, **kwargs)
  File "/home/airflow/.local/lib/python3.7/site-packages/airflow/cli/commands/task_command.py", line 298, in task_run
    _run_task_by_selected_method(args, dag, ti)
  File "/home/airflow/.local/lib/python3.7/site-packages/airflow/cli/commands/task_command.py", line 107, in _run_task_by_selected_method
    _run_raw_task(args, ti)
  File "/home/airflow/.local/lib/python3.7/site-packages/airflow/cli/commands/task_command.py", line 184, in _run_raw_task
    error_file=args.error_file,
  File "/home/airflow/.local/lib/python3.7/site-packages/airflow/utils/session.py", line 70, in wrapper
    return func(*args, session=session, **kwargs)
  File "/home/airflow/.local/lib/python3.7/site-packages/airflow/models/taskinstance.py", line 1329, in _run_raw_task
    self._execute_task_with_callbacks(context)
  File "/home/airflow/.local/lib/python3.7/site-packages/airflow/models/taskinstance.py", line 1455, in _execute_task_with_callbacks
    result = self._execute_task(context, self.task)
  File "/home/airflow/.local/lib/python3.7/site-packages/airflow/models/taskinstance.py", line 1511, in _execute_task
    result = execute_callable(context=context)
  File "/home/airflow/.local/lib/python3.7/site-packages/airflow/providers/google/cloud/operators/bigquery.py", line 1196, in execute
    table_resource=self.table_resource,
  File "/home/airflow/.local/lib/python3.7/site-packages/airflow/providers/google/common/hooks/base_google.py", line 430, in inner_wrapper
    return func(self, *args, **kwargs)
  File "/home/airflow/.local/lib/python3.7/site-packages/airflow/providers/google/cloud/hooks/bigquery.py", line 408, in create_empty_table
    table=table, exists_ok=exists_ok, retry=retry
  File "/home/airflow/.local/lib/python3.7/site-packages/google/cloud/bigquery/client.py", line 755, in create_table
    timeout=timeout,
  File "/home/airflow/.local/lib/python3.7/site-packages/google/cloud/bigquery/client.py", line 782, in _call_api
    return call()
  File "/home/airflow/.local/lib/python3.7/site-packages/google/api_core/retry.py", line 291, in retry_wrapped_func
    on_error=on_error,
  File "/home/airflow/.local/lib/python3.7/site-packages/google/api_core/retry.py", line 189, in retry_target
    return target()
  File "/home/airflow/.local/lib/python3.7/site-packages/google/cloud/_http.py", line 484, in api_request
    raise exceptions.from_http_response(response)
google.api_core.exceptions.BadRequest: 400 POST https://bigquery.googleapis.com/bigquery/v2/projects/vaulted-art-339212/datasets/trips_data_all/tables?prettyPrint=false: Error while reading table: external_yellow_trip_table, error message: Input file is not in Parquet format.
[2022-02-12 11:05:00,754] {local_task_job.py:154} INFO - Task exited with return code 1
[2022-02-12 11:05:00,805] {local_task_job.py:264} INFO - 0 downstream tasks scheduled from follow-on schedule check
[2022-02-12 11:11:00,988] {taskinstance.py:1032} INFO - Dependencies all met for <TaskInstance: data_2_gcs_dag.bigquery_external_table_task scheduled__2022-02-11T00:00:00+00:00 [queued]>
[2022-02-12 11:11:01,007] {taskinstance.py:1032} INFO - Dependencies all met for <TaskInstance: data_2_gcs_dag.bigquery_external_table_task scheduled__2022-02-11T00:00:00+00:00 [queued]>
[2022-02-12 11:11:01,010] {taskinstance.py:1238} INFO - 
--------------------------------------------------------------------------------
[2022-02-12 11:11:01,011] {taskinstance.py:1239} INFO - Starting attempt 1 of 2
[2022-02-12 11:11:01,012] {taskinstance.py:1240} INFO - 
--------------------------------------------------------------------------------
[2022-02-12 11:11:01,024] {taskinstance.py:1259} INFO - Executing <Task(BigQueryCreateExternalTableOperator): bigquery_external_table_task> on 2022-02-11 00:00:00+00:00
[2022-02-12 11:11:01,029] {standard_task_runner.py:52} INFO - Started process 366 to run task
[2022-02-12 11:11:01,033] {standard_task_runner.py:76} INFO - Running: ['***', 'tasks', 'run', 'data_2_gcs_dag', 'bigquery_external_table_task', 'scheduled__2022-02-11T00:00:00+00:00', '--job-id', '1038', '--raw', '--subdir', 'DAGS_FOLDER/data-2-gcs-dag.py', '--cfg-path', '/tmp/tmpql1z5plf', '--error-file', '/tmp/tmp3e8g6gva']
[2022-02-12 11:11:01,034] {standard_task_runner.py:77} INFO - Job 1038: Subtask bigquery_external_table_task
[2022-02-12 11:11:01,102] {logging_mixin.py:109} INFO - Running <TaskInstance: data_2_gcs_dag.bigquery_external_table_task scheduled__2022-02-11T00:00:00+00:00 [running]> on host 853fb9201673
[2022-02-12 11:11:01,159] {taskinstance.py:1426} INFO - Exporting the following env vars:
AIRFLOW_CTX_DAG_OWNER=***
AIRFLOW_CTX_DAG_ID=data_2_gcs_dag
AIRFLOW_CTX_TASK_ID=bigquery_external_table_task
AIRFLOW_CTX_EXECUTION_DATE=2022-02-11T00:00:00+00:00
AIRFLOW_CTX_DAG_RUN_ID=scheduled__2022-02-11T00:00:00+00:00
[2022-02-12 11:11:01,162] {crypto.py:82} WARNING - empty cryptography key - values will not be stored encrypted.
[2022-02-12 11:11:02,042] {taskinstance.py:1277} INFO - Marking task as SUCCESS. dag_id=data_2_gcs_dag, task_id=bigquery_external_table_task, execution_date=20220211T000000, start_date=20220212T111100, end_date=20220212T111102
[2022-02-12 11:11:02,091] {local_task_job.py:154} INFO - Task exited with return code 0
[2022-02-12 11:11:02,125] {local_task_job.py:264} INFO - 1 downstream tasks scheduled from follow-on schedule check
