[2022-02-12 11:10:02,638] {taskinstance.py:1032} INFO - Dependencies all met for <TaskInstance: data_2_gcs_dag.bigquery_external_table_task scheduled__2022-02-11T00:00:00+00:00 [queued]>
[2022-02-12 11:10:02,656] {taskinstance.py:1032} INFO - Dependencies all met for <TaskInstance: data_2_gcs_dag.bigquery_external_table_task scheduled__2022-02-11T00:00:00+00:00 [queued]>
[2022-02-12 11:10:02,657] {taskinstance.py:1238} INFO - 
--------------------------------------------------------------------------------
[2022-02-12 11:10:02,658] {taskinstance.py:1239} INFO - Starting attempt 2 of 2
[2022-02-12 11:10:02,659] {taskinstance.py:1240} INFO - 
--------------------------------------------------------------------------------
[2022-02-12 11:10:02,682] {taskinstance.py:1259} INFO - Executing <Task(BigQueryCreateExternalTableOperator): bigquery_external_table_task> on 2022-02-11 00:00:00+00:00
[2022-02-12 11:10:02,692] {standard_task_runner.py:52} INFO - Started process 310 to run task
[2022-02-12 11:10:02,698] {standard_task_runner.py:76} INFO - Running: ['***', 'tasks', 'run', 'data_2_gcs_dag', 'bigquery_external_table_task', 'scheduled__2022-02-11T00:00:00+00:00', '--job-id', '1035', '--raw', '--subdir', 'DAGS_FOLDER/data-2-gcs-dag.py', '--cfg-path', '/tmp/tmpuk95ce1e', '--error-file', '/tmp/tmpjbk8anwk']
[2022-02-12 11:10:02,700] {standard_task_runner.py:77} INFO - Job 1035: Subtask bigquery_external_table_task
[2022-02-12 11:10:02,785] {logging_mixin.py:109} INFO - Running <TaskInstance: data_2_gcs_dag.bigquery_external_table_task scheduled__2022-02-11T00:00:00+00:00 [running]> on host 853fb9201673
[2022-02-12 11:10:02,877] {taskinstance.py:1426} INFO - Exporting the following env vars:
AIRFLOW_CTX_DAG_OWNER=***
AIRFLOW_CTX_DAG_ID=data_2_gcs_dag
AIRFLOW_CTX_TASK_ID=bigquery_external_table_task
AIRFLOW_CTX_EXECUTION_DATE=2022-02-11T00:00:00+00:00
AIRFLOW_CTX_DAG_RUN_ID=scheduled__2022-02-11T00:00:00+00:00
[2022-02-12 11:10:02,881] {crypto.py:82} WARNING - empty cryptography key - values will not be stored encrypted.
[2022-02-12 11:10:03,967] {taskinstance.py:1277} INFO - Marking task as SUCCESS. dag_id=data_2_gcs_dag, task_id=bigquery_external_table_task, execution_date=20220211T000000, start_date=20220212T111002, end_date=20220212T111003
[2022-02-12 11:10:03,999] {local_task_job.py:154} INFO - Task exited with return code 0
[2022-02-12 11:10:04,059] {local_task_job.py:264} INFO - 1 downstream tasks scheduled from follow-on schedule check
[2022-02-12 12:14:56,781] {taskinstance.py:1032} INFO - Dependencies all met for <TaskInstance: data_2_gcs_dag.bigquery_external_table_task scheduled__2022-02-11T00:00:00+00:00 [queued]>
[2022-02-12 12:14:56,794] {taskinstance.py:1032} INFO - Dependencies all met for <TaskInstance: data_2_gcs_dag.bigquery_external_table_task scheduled__2022-02-11T00:00:00+00:00 [queued]>
[2022-02-12 12:14:56,796] {taskinstance.py:1238} INFO - 
--------------------------------------------------------------------------------
[2022-02-12 12:14:56,797] {taskinstance.py:1239} INFO - Starting attempt 2 of 3
[2022-02-12 12:14:56,798] {taskinstance.py:1240} INFO - 
--------------------------------------------------------------------------------
[2022-02-12 12:14:56,812] {taskinstance.py:1259} INFO - Executing <Task(BigQueryCreateExternalTableOperator): bigquery_external_table_task> on 2022-02-11 00:00:00+00:00
[2022-02-12 12:14:56,819] {standard_task_runner.py:52} INFO - Started process 1035 to run task
[2022-02-12 12:14:56,823] {standard_task_runner.py:76} INFO - Running: ['***', 'tasks', 'run', 'data_2_gcs_dag', 'bigquery_external_table_task', 'scheduled__2022-02-11T00:00:00+00:00', '--job-id', '1042', '--raw', '--subdir', 'DAGS_FOLDER/data-2-gcs-dag.py', '--cfg-path', '/tmp/tmp_v_xy6dg', '--error-file', '/tmp/tmpecj6xp5q']
[2022-02-12 12:14:56,825] {standard_task_runner.py:77} INFO - Job 1042: Subtask bigquery_external_table_task
[2022-02-12 12:14:56,895] {logging_mixin.py:109} INFO - Running <TaskInstance: data_2_gcs_dag.bigquery_external_table_task scheduled__2022-02-11T00:00:00+00:00 [running]> on host 853fb9201673
[2022-02-12 12:14:56,961] {taskinstance.py:1426} INFO - Exporting the following env vars:
AIRFLOW_CTX_DAG_OWNER=***
AIRFLOW_CTX_DAG_ID=data_2_gcs_dag
AIRFLOW_CTX_TASK_ID=bigquery_external_table_task
AIRFLOW_CTX_EXECUTION_DATE=2022-02-11T00:00:00+00:00
AIRFLOW_CTX_DAG_RUN_ID=scheduled__2022-02-11T00:00:00+00:00
[2022-02-12 12:14:56,963] {crypto.py:82} WARNING - empty cryptography key - values will not be stored encrypted.
[2022-02-12 12:14:57,633] {taskinstance.py:1277} INFO - Marking task as SUCCESS. dag_id=data_2_gcs_dag, task_id=bigquery_external_table_task, execution_date=20220211T000000, start_date=20220212T121456, end_date=20220212T121457
[2022-02-12 12:14:57,685] {local_task_job.py:154} INFO - Task exited with return code 0
[2022-02-12 12:14:57,747] {local_task_job.py:264} INFO - 1 downstream tasks scheduled from follow-on schedule check
