[2022-02-02 18:14:45,240] {taskinstance.py:1032} INFO - Dependencies all met for <TaskInstance: ex_1_data_ingestion_gcs_dag_v3.local_to_gcs_task scheduled__2019-04-01T00:00:00+00:00 [queued]>
[2022-02-02 18:14:45,258] {taskinstance.py:1032} INFO - Dependencies all met for <TaskInstance: ex_1_data_ingestion_gcs_dag_v3.local_to_gcs_task scheduled__2019-04-01T00:00:00+00:00 [queued]>
[2022-02-02 18:14:45,259] {taskinstance.py:1238} INFO - 
--------------------------------------------------------------------------------
[2022-02-02 18:14:45,260] {taskinstance.py:1239} INFO - Starting attempt 1 of 1
[2022-02-02 18:14:45,261] {taskinstance.py:1240} INFO - 
--------------------------------------------------------------------------------
[2022-02-02 18:14:45,280] {taskinstance.py:1259} INFO - Executing <Task(PythonOperator): local_to_gcs_task> on 2019-04-01 00:00:00+00:00
[2022-02-02 18:14:45,291] {standard_task_runner.py:52} INFO - Started process 8707 to run task
[2022-02-02 18:14:45,296] {standard_task_runner.py:76} INFO - Running: ['***', 'tasks', 'run', 'ex_1_data_ingestion_gcs_dag_v3', 'local_to_gcs_task', 'scheduled__2019-04-01T00:00:00+00:00', '--job-id', '315', '--raw', '--subdir', 'DAGS_FOLDER/data_ingestion_hw_1_ex.py', '--cfg-path', '/tmp/tmpuvc7vs7g', '--error-file', '/tmp/tmpc66o06i3']
[2022-02-02 18:14:45,298] {standard_task_runner.py:77} INFO - Job 315: Subtask local_to_gcs_task
[2022-02-02 18:14:45,384] {logging_mixin.py:109} INFO - Running <TaskInstance: ex_1_data_ingestion_gcs_dag_v3.local_to_gcs_task scheduled__2019-04-01T00:00:00+00:00 [running]> on host 700aeb16bae0
[2022-02-02 18:14:45,437] {warnings.py:110} WARNING - /home/***/.local/lib/python3.7/site-packages/***/utils/context.py:152: AirflowContextDeprecationWarning: Accessing 'execution_date' from the template is deprecated and will be removed in a future version. Please use 'data_interval_start' or 'logical_date' instead.
  warnings.warn(_create_deprecation_warning(key, self._deprecation_replacements[key]))

[2022-02-02 18:14:45,470] {taskinstance.py:1426} INFO - Exporting the following env vars:
AIRFLOW_CTX_DAG_OWNER=***
AIRFLOW_CTX_DAG_ID=ex_1_data_ingestion_gcs_dag_v3
AIRFLOW_CTX_TASK_ID=local_to_gcs_task
AIRFLOW_CTX_EXECUTION_DATE=2019-04-01T00:00:00+00:00
AIRFLOW_CTX_DAG_RUN_ID=scheduled__2019-04-01T00:00:00+00:00
[2022-02-02 18:15:01,482] {python.py:175} INFO - Done. Returned value was: None
[2022-02-02 18:15:01,499] {taskinstance.py:1277} INFO - Marking task as SUCCESS. dag_id=ex_1_data_ingestion_gcs_dag_v3, task_id=local_to_gcs_task, execution_date=20190401T000000, start_date=20220202T181445, end_date=20220202T181501
[2022-02-02 18:15:01,547] {local_task_job.py:154} INFO - Task exited with return code 0
[2022-02-02 18:15:01,580] {local_task_job.py:264} INFO - 0 downstream tasks scheduled from follow-on schedule check
