[2022-02-03 14:42:03,917] {taskinstance.py:1032} INFO - Dependencies all met for <TaskInstance: FHV_data_ingestion_gcs_dag.download_dataset_task scheduled__2019-07-01T00:00:00+00:00 [queued]>
[2022-02-03 14:42:03,931] {taskinstance.py:1032} INFO - Dependencies all met for <TaskInstance: FHV_data_ingestion_gcs_dag.download_dataset_task scheduled__2019-07-01T00:00:00+00:00 [queued]>
[2022-02-03 14:42:03,932] {taskinstance.py:1238} INFO - 
--------------------------------------------------------------------------------
[2022-02-03 14:42:03,933] {taskinstance.py:1239} INFO - Starting attempt 1 of 1
[2022-02-03 14:42:03,934] {taskinstance.py:1240} INFO - 
--------------------------------------------------------------------------------
[2022-02-03 14:42:03,948] {taskinstance.py:1259} INFO - Executing <Task(BashOperator): download_dataset_task> on 2019-07-01 00:00:00+00:00
[2022-02-03 14:42:03,953] {standard_task_runner.py:52} INFO - Started process 1049 to run task
[2022-02-03 14:42:03,957] {standard_task_runner.py:76} INFO - Running: ['***', 'tasks', 'run', 'FHV_data_ingestion_gcs_dag', 'download_dataset_task', 'scheduled__2019-07-01T00:00:00+00:00', '--job-id', '444', '--raw', '--subdir', 'DAGS_FOLDER/FHV_injection_dag.py', '--cfg-path', '/tmp/tmp8d4aw2p3', '--error-file', '/tmp/tmp065yce7y']
[2022-02-03 14:42:03,958] {standard_task_runner.py:77} INFO - Job 444: Subtask download_dataset_task
[2022-02-03 14:42:04,024] {logging_mixin.py:109} INFO - Running <TaskInstance: FHV_data_ingestion_gcs_dag.download_dataset_task scheduled__2019-07-01T00:00:00+00:00 [running]> on host 700aeb16bae0
[2022-02-03 14:42:04,065] {warnings.py:110} WARNING - /home/***/.local/lib/python3.7/site-packages/***/utils/context.py:152: AirflowContextDeprecationWarning: Accessing 'execution_date' from the template is deprecated and will be removed in a future version. Please use 'data_interval_start' or 'logical_date' instead.
  warnings.warn(_create_deprecation_warning(key, self._deprecation_replacements[key]))

[2022-02-03 14:42:04,089] {taskinstance.py:1426} INFO - Exporting the following env vars:
AIRFLOW_CTX_DAG_OWNER=***
AIRFLOW_CTX_DAG_ID=FHV_data_ingestion_gcs_dag
AIRFLOW_CTX_TASK_ID=download_dataset_task
AIRFLOW_CTX_EXECUTION_DATE=2019-07-01T00:00:00+00:00
AIRFLOW_CTX_DAG_RUN_ID=scheduled__2019-07-01T00:00:00+00:00
[2022-02-03 14:42:04,091] {subprocess.py:62} INFO - Tmp dir root location: 
 /tmp
[2022-02-03 14:42:04,092] {subprocess.py:74} INFO - Running command: ['bash', '-c', 'curl -sSLf https://nyc-tlc.s3.amazonaws.com/trip+data/fhv_tripdata_2019-07.csv > /opt/***/fhv_tripdata_2019-07.csv']
[2022-02-03 14:42:04,104] {subprocess.py:85} INFO - Output:
[2022-02-03 14:42:40,302] {subprocess.py:93} INFO - Command exited with return code 0
[2022-02-03 14:42:40,330] {taskinstance.py:1277} INFO - Marking task as SUCCESS. dag_id=FHV_data_ingestion_gcs_dag, task_id=download_dataset_task, execution_date=20190701T000000, start_date=20220203T144203, end_date=20220203T144240
[2022-02-03 14:42:40,389] {local_task_job.py:154} INFO - Task exited with return code 0
[2022-02-03 14:42:40,440] {local_task_job.py:264} INFO - 1 downstream tasks scheduled from follow-on schedule check
[2022-02-03 15:08:45,146] {taskinstance.py:1032} INFO - Dependencies all met for <TaskInstance: FHV_data_ingestion_gcs_dag.download_dataset_task scheduled__2019-07-01T00:00:00+00:00 [queued]>
[2022-02-03 15:08:45,157] {taskinstance.py:1032} INFO - Dependencies all met for <TaskInstance: FHV_data_ingestion_gcs_dag.download_dataset_task scheduled__2019-07-01T00:00:00+00:00 [queued]>
[2022-02-03 15:08:45,158] {taskinstance.py:1238} INFO - 
--------------------------------------------------------------------------------
[2022-02-03 15:08:45,159] {taskinstance.py:1239} INFO - Starting attempt 1 of 1
[2022-02-03 15:08:45,159] {taskinstance.py:1240} INFO - 
--------------------------------------------------------------------------------
[2022-02-03 15:08:45,174] {taskinstance.py:1259} INFO - Executing <Task(BashOperator): download_dataset_task> on 2019-07-01 00:00:00+00:00
[2022-02-03 15:08:45,179] {standard_task_runner.py:52} INFO - Started process 2735 to run task
[2022-02-03 15:08:45,184] {standard_task_runner.py:76} INFO - Running: ['***', 'tasks', 'run', 'FHV_data_ingestion_gcs_dag', 'download_dataset_task', 'scheduled__2019-07-01T00:00:00+00:00', '--job-id', '547', '--raw', '--subdir', 'DAGS_FOLDER/FHV_injection_dag.py', '--cfg-path', '/tmp/tmpw2g850o6', '--error-file', '/tmp/tmp5qmmsn2k']
[2022-02-03 15:08:45,185] {standard_task_runner.py:77} INFO - Job 547: Subtask download_dataset_task
[2022-02-03 15:08:45,250] {logging_mixin.py:109} INFO - Running <TaskInstance: FHV_data_ingestion_gcs_dag.download_dataset_task scheduled__2019-07-01T00:00:00+00:00 [running]> on host 700aeb16bae0
[2022-02-03 15:08:45,290] {warnings.py:110} WARNING - /home/***/.local/lib/python3.7/site-packages/***/utils/context.py:152: AirflowContextDeprecationWarning: Accessing 'execution_date' from the template is deprecated and will be removed in a future version. Please use 'data_interval_start' or 'logical_date' instead.
  warnings.warn(_create_deprecation_warning(key, self._deprecation_replacements[key]))

[2022-02-03 15:08:45,314] {taskinstance.py:1426} INFO - Exporting the following env vars:
AIRFLOW_CTX_DAG_OWNER=***
AIRFLOW_CTX_DAG_ID=FHV_data_ingestion_gcs_dag
AIRFLOW_CTX_TASK_ID=download_dataset_task
AIRFLOW_CTX_EXECUTION_DATE=2019-07-01T00:00:00+00:00
AIRFLOW_CTX_DAG_RUN_ID=scheduled__2019-07-01T00:00:00+00:00
[2022-02-03 15:08:45,316] {subprocess.py:62} INFO - Tmp dir root location: 
 /tmp
[2022-02-03 15:08:45,319] {subprocess.py:74} INFO - Running command: ['bash', '-c', 'curl -sSLf https://nyc-tlc.s3.amazonaws.com/trip+data/fhv_tripdata_2019-07.csv > /opt/***/fhv_tripdata_2019-07.csv']
[2022-02-03 15:08:45,332] {subprocess.py:85} INFO - Output:
[2022-02-03 15:09:41,183] {subprocess.py:93} INFO - Command exited with return code 0
[2022-02-03 15:09:41,224] {taskinstance.py:1277} INFO - Marking task as SUCCESS. dag_id=FHV_data_ingestion_gcs_dag, task_id=download_dataset_task, execution_date=20190701T000000, start_date=20220203T150845, end_date=20220203T150941
[2022-02-03 15:09:41,263] {local_task_job.py:154} INFO - Task exited with return code 0
[2022-02-03 15:09:41,306] {local_task_job.py:264} INFO - 1 downstream tasks scheduled from follow-on schedule check
