[2022-02-02 19:14:53,069] {taskinstance.py:1032} INFO - Dependencies all met for <TaskInstance: ex_1_data_ingestion_gcs_dag_v3.local_to_gcs_task scheduled__2022-01-01T00:00:00+00:00 [queued]>
[2022-02-02 19:14:53,080] {taskinstance.py:1032} INFO - Dependencies all met for <TaskInstance: ex_1_data_ingestion_gcs_dag_v3.local_to_gcs_task scheduled__2022-01-01T00:00:00+00:00 [queued]>
[2022-02-02 19:14:53,081] {taskinstance.py:1238} INFO - 
--------------------------------------------------------------------------------
[2022-02-02 19:14:53,082] {taskinstance.py:1239} INFO - Starting attempt 1 of 1
[2022-02-02 19:14:53,083] {taskinstance.py:1240} INFO - 
--------------------------------------------------------------------------------
[2022-02-02 19:14:53,094] {taskinstance.py:1259} INFO - Executing <Task(PythonOperator): local_to_gcs_task> on 2022-01-01 00:00:00+00:00
[2022-02-02 19:14:53,101] {standard_task_runner.py:52} INFO - Started process 12040 to run task
[2022-02-02 19:14:53,106] {standard_task_runner.py:76} INFO - Running: ['***', 'tasks', 'run', 'ex_1_data_ingestion_gcs_dag_v3', 'local_to_gcs_task', 'scheduled__2022-01-01T00:00:00+00:00', '--job-id', '412', '--raw', '--subdir', 'DAGS_FOLDER/data_ingestion_hw_1_ex.py', '--cfg-path', '/tmp/tmpthmlqsqb', '--error-file', '/tmp/tmpan0lw2a4']
[2022-02-02 19:14:53,107] {standard_task_runner.py:77} INFO - Job 412: Subtask local_to_gcs_task
[2022-02-02 19:14:53,179] {logging_mixin.py:109} INFO - Running <TaskInstance: ex_1_data_ingestion_gcs_dag_v3.local_to_gcs_task scheduled__2022-01-01T00:00:00+00:00 [running]> on host 700aeb16bae0
[2022-02-02 19:14:53,227] {warnings.py:110} WARNING - /home/***/.local/lib/python3.7/site-packages/***/utils/context.py:152: AirflowContextDeprecationWarning: Accessing 'execution_date' from the template is deprecated and will be removed in a future version. Please use 'data_interval_start' or 'logical_date' instead.
  warnings.warn(_create_deprecation_warning(key, self._deprecation_replacements[key]))

[2022-02-02 19:14:53,257] {taskinstance.py:1426} INFO - Exporting the following env vars:
AIRFLOW_CTX_DAG_OWNER=***
AIRFLOW_CTX_DAG_ID=ex_1_data_ingestion_gcs_dag_v3
AIRFLOW_CTX_TASK_ID=local_to_gcs_task
AIRFLOW_CTX_EXECUTION_DATE=2022-01-01T00:00:00+00:00
AIRFLOW_CTX_DAG_RUN_ID=scheduled__2022-01-01T00:00:00+00:00
[2022-02-02 19:14:53,555] {python.py:175} INFO - Done. Returned value was: None
[2022-02-02 19:14:53,569] {taskinstance.py:1277} INFO - Marking task as SUCCESS. dag_id=ex_1_data_ingestion_gcs_dag_v3, task_id=local_to_gcs_task, execution_date=20220101T000000, start_date=20220202T191453, end_date=20220202T191453
[2022-02-02 19:14:53,606] {local_task_job.py:154} INFO - Task exited with return code 0
[2022-02-02 19:14:53,645] {local_task_job.py:264} INFO - 0 downstream tasks scheduled from follow-on schedule check
[2022-02-10 14:56:40,229] {taskinstance.py:1032} INFO - Dependencies all met for <TaskInstance: ex_1_data_ingestion_gcs_dag_v3.local_to_gcs_task scheduled__2022-01-01T00:00:00+00:00 [queued]>
[2022-02-10 14:56:40,257] {taskinstance.py:1032} INFO - Dependencies all met for <TaskInstance: ex_1_data_ingestion_gcs_dag_v3.local_to_gcs_task scheduled__2022-01-01T00:00:00+00:00 [queued]>
[2022-02-10 14:56:40,259] {taskinstance.py:1238} INFO - 
--------------------------------------------------------------------------------
[2022-02-10 14:56:40,260] {taskinstance.py:1239} INFO - Starting attempt 1 of 1
[2022-02-10 14:56:40,261] {taskinstance.py:1240} INFO - 
--------------------------------------------------------------------------------
[2022-02-10 14:56:40,276] {taskinstance.py:1259} INFO - Executing <Task(PythonOperator): local_to_gcs_task> on 2022-01-01 00:00:00+00:00
[2022-02-10 14:56:40,283] {standard_task_runner.py:52} INFO - Started process 3704 to run task
[2022-02-10 14:56:40,296] {standard_task_runner.py:76} INFO - Running: ['***', 'tasks', 'run', 'ex_1_data_ingestion_gcs_dag_v3', 'local_to_gcs_task', 'scheduled__2022-01-01T00:00:00+00:00', '--job-id', '766', '--raw', '--subdir', 'DAGS_FOLDER/data_ingestion_hw_1_ex.py', '--cfg-path', '/tmp/tmp8mdc1otu', '--error-file', '/tmp/tmp99jhx2kb']
[2022-02-10 14:56:40,300] {standard_task_runner.py:77} INFO - Job 766: Subtask local_to_gcs_task
[2022-02-10 14:56:40,417] {logging_mixin.py:109} INFO - Running <TaskInstance: ex_1_data_ingestion_gcs_dag_v3.local_to_gcs_task scheduled__2022-01-01T00:00:00+00:00 [running]> on host e30f201fae61
[2022-02-10 14:56:40,479] {warnings.py:110} WARNING - /home/***/.local/lib/python3.7/site-packages/***/utils/context.py:152: AirflowContextDeprecationWarning: Accessing 'execution_date' from the template is deprecated and will be removed in a future version. Please use 'data_interval_start' or 'logical_date' instead.
  warnings.warn(_create_deprecation_warning(key, self._deprecation_replacements[key]))

[2022-02-10 14:56:40,517] {taskinstance.py:1426} INFO - Exporting the following env vars:
AIRFLOW_CTX_DAG_OWNER=***
AIRFLOW_CTX_DAG_ID=ex_1_data_ingestion_gcs_dag_v3
AIRFLOW_CTX_TASK_ID=local_to_gcs_task
AIRFLOW_CTX_EXECUTION_DATE=2022-01-01T00:00:00+00:00
AIRFLOW_CTX_DAG_RUN_ID=scheduled__2022-01-01T00:00:00+00:00
[2022-02-10 14:56:41,911] {python.py:175} INFO - Done. Returned value was: None
[2022-02-10 14:56:41,925] {taskinstance.py:1277} INFO - Marking task as SUCCESS. dag_id=ex_1_data_ingestion_gcs_dag_v3, task_id=local_to_gcs_task, execution_date=20220101T000000, start_date=20220210T145640, end_date=20220210T145641
[2022-02-10 14:56:41,957] {local_task_job.py:154} INFO - Task exited with return code 0
[2022-02-10 14:56:41,990] {local_task_job.py:264} INFO - 0 downstream tasks scheduled from follow-on schedule check
[2022-02-10 15:43:28,711] {taskinstance.py:1032} INFO - Dependencies all met for <TaskInstance: ex_1_data_ingestion_gcs_dag_v3.local_to_gcs_task scheduled__2022-01-01T00:00:00+00:00 [queued]>
[2022-02-10 15:43:28,724] {taskinstance.py:1032} INFO - Dependencies all met for <TaskInstance: ex_1_data_ingestion_gcs_dag_v3.local_to_gcs_task scheduled__2022-01-01T00:00:00+00:00 [queued]>
[2022-02-10 15:43:28,725] {taskinstance.py:1238} INFO - 
--------------------------------------------------------------------------------
[2022-02-10 15:43:28,726] {taskinstance.py:1239} INFO - Starting attempt 1 of 1
[2022-02-10 15:43:28,727] {taskinstance.py:1240} INFO - 
--------------------------------------------------------------------------------
[2022-02-10 15:43:28,744] {taskinstance.py:1259} INFO - Executing <Task(PythonOperator): local_to_gcs_task> on 2022-01-01 00:00:00+00:00
[2022-02-10 15:43:28,751] {standard_task_runner.py:52} INFO - Started process 1297 to run task
[2022-02-10 15:43:28,755] {standard_task_runner.py:76} INFO - Running: ['***', 'tasks', 'run', 'ex_1_data_ingestion_gcs_dag_v3', 'local_to_gcs_task', 'scheduled__2022-01-01T00:00:00+00:00', '--job-id', '891', '--raw', '--subdir', 'DAGS_FOLDER/data_ingestion_hw_1_ex.py', '--cfg-path', '/tmp/tmpqvu7at_w', '--error-file', '/tmp/tmpvj1xvwg1']
[2022-02-10 15:43:28,757] {standard_task_runner.py:77} INFO - Job 891: Subtask local_to_gcs_task
[2022-02-10 15:43:28,831] {logging_mixin.py:109} INFO - Running <TaskInstance: ex_1_data_ingestion_gcs_dag_v3.local_to_gcs_task scheduled__2022-01-01T00:00:00+00:00 [running]> on host 276a0ad90304
[2022-02-10 15:43:28,872] {warnings.py:110} WARNING - /home/***/.local/lib/python3.7/site-packages/***/utils/context.py:152: AirflowContextDeprecationWarning: Accessing 'execution_date' from the template is deprecated and will be removed in a future version. Please use 'data_interval_start' or 'logical_date' instead.
  warnings.warn(_create_deprecation_warning(key, self._deprecation_replacements[key]))

[2022-02-10 15:43:28,895] {taskinstance.py:1426} INFO - Exporting the following env vars:
AIRFLOW_CTX_DAG_OWNER=***
AIRFLOW_CTX_DAG_ID=ex_1_data_ingestion_gcs_dag_v3
AIRFLOW_CTX_TASK_ID=local_to_gcs_task
AIRFLOW_CTX_EXECUTION_DATE=2022-01-01T00:00:00+00:00
AIRFLOW_CTX_DAG_RUN_ID=scheduled__2022-01-01T00:00:00+00:00
[2022-02-10 15:43:29,203] {python.py:175} INFO - Done. Returned value was: None
[2022-02-10 15:43:29,236] {taskinstance.py:1277} INFO - Marking task as SUCCESS. dag_id=ex_1_data_ingestion_gcs_dag_v3, task_id=local_to_gcs_task, execution_date=20220101T000000, start_date=20220210T154328, end_date=20220210T154329
[2022-02-10 15:43:29,293] {local_task_job.py:154} INFO - Task exited with return code 0
[2022-02-10 15:43:29,340] {local_task_job.py:264} INFO - 0 downstream tasks scheduled from follow-on schedule check
[2022-02-10 16:46:01,612] {taskinstance.py:1032} INFO - Dependencies all met for <TaskInstance: ex_1_data_ingestion_gcs_dag_v3.local_to_gcs_task scheduled__2022-01-01T00:00:00+00:00 [queued]>
[2022-02-10 16:46:01,624] {taskinstance.py:1032} INFO - Dependencies all met for <TaskInstance: ex_1_data_ingestion_gcs_dag_v3.local_to_gcs_task scheduled__2022-01-01T00:00:00+00:00 [queued]>
[2022-02-10 16:46:01,625] {taskinstance.py:1238} INFO - 
--------------------------------------------------------------------------------
[2022-02-10 16:46:01,626] {taskinstance.py:1239} INFO - Starting attempt 1 of 1
[2022-02-10 16:46:01,626] {taskinstance.py:1240} INFO - 
--------------------------------------------------------------------------------
[2022-02-10 16:46:01,638] {taskinstance.py:1259} INFO - Executing <Task(PythonOperator): local_to_gcs_task> on 2022-01-01 00:00:00+00:00
[2022-02-10 16:46:01,645] {standard_task_runner.py:52} INFO - Started process 1128 to run task
[2022-02-10 16:46:01,649] {standard_task_runner.py:76} INFO - Running: ['***', 'tasks', 'run', 'ex_1_data_ingestion_gcs_dag_v3', 'local_to_gcs_task', 'scheduled__2022-01-01T00:00:00+00:00', '--job-id', '999', '--raw', '--subdir', 'DAGS_FOLDER/data_ingestion_hw_1_ex.py', '--cfg-path', '/tmp/tmp9vsg_wkg', '--error-file', '/tmp/tmp2vjh9u33']
[2022-02-10 16:46:01,651] {standard_task_runner.py:77} INFO - Job 999: Subtask local_to_gcs_task
[2022-02-10 16:46:01,739] {logging_mixin.py:109} INFO - Running <TaskInstance: ex_1_data_ingestion_gcs_dag_v3.local_to_gcs_task scheduled__2022-01-01T00:00:00+00:00 [running]> on host 106a34111faf
[2022-02-10 16:46:01,785] {warnings.py:110} WARNING - /home/***/.local/lib/python3.7/site-packages/***/utils/context.py:152: AirflowContextDeprecationWarning: Accessing 'execution_date' from the template is deprecated and will be removed in a future version. Please use 'data_interval_start' or 'logical_date' instead.
  warnings.warn(_create_deprecation_warning(key, self._deprecation_replacements[key]))

[2022-02-10 16:46:01,813] {taskinstance.py:1426} INFO - Exporting the following env vars:
AIRFLOW_CTX_DAG_OWNER=***
AIRFLOW_CTX_DAG_ID=ex_1_data_ingestion_gcs_dag_v3
AIRFLOW_CTX_TASK_ID=local_to_gcs_task
AIRFLOW_CTX_EXECUTION_DATE=2022-01-01T00:00:00+00:00
AIRFLOW_CTX_DAG_RUN_ID=scheduled__2022-01-01T00:00:00+00:00
[2022-02-10 16:46:02,111] {python.py:175} INFO - Done. Returned value was: None
[2022-02-10 16:46:02,127] {taskinstance.py:1277} INFO - Marking task as SUCCESS. dag_id=ex_1_data_ingestion_gcs_dag_v3, task_id=local_to_gcs_task, execution_date=20220101T000000, start_date=20220210T164601, end_date=20220210T164602
[2022-02-10 16:46:02,190] {local_task_job.py:154} INFO - Task exited with return code 0
[2022-02-10 16:46:02,233] {local_task_job.py:264} INFO - 0 downstream tasks scheduled from follow-on schedule check
