[2022-02-03 14:56:13,471] {taskinstance.py:1032} INFO - Dependencies all met for <TaskInstance: FHV_data_ingestion_gcs_dag.download_dataset_task scheduled__2020-09-01T00:00:00+00:00 [queued]>
[2022-02-03 14:56:13,494] {taskinstance.py:1032} INFO - Dependencies all met for <TaskInstance: FHV_data_ingestion_gcs_dag.download_dataset_task scheduled__2020-09-01T00:00:00+00:00 [queued]>
[2022-02-03 14:56:13,496] {taskinstance.py:1238} INFO - 
--------------------------------------------------------------------------------
[2022-02-03 14:56:13,497] {taskinstance.py:1239} INFO - Starting attempt 1 of 1
[2022-02-03 14:56:13,498] {taskinstance.py:1240} INFO - 
--------------------------------------------------------------------------------
[2022-02-03 14:56:13,522] {taskinstance.py:1259} INFO - Executing <Task(BashOperator): download_dataset_task> on 2020-09-01 00:00:00+00:00
[2022-02-03 14:56:13,530] {standard_task_runner.py:52} INFO - Started process 1967 to run task
[2022-02-03 14:56:13,538] {standard_task_runner.py:76} INFO - Running: ['***', 'tasks', 'run', 'FHV_data_ingestion_gcs_dag', 'download_dataset_task', 'scheduled__2020-09-01T00:00:00+00:00', '--job-id', '495', '--raw', '--subdir', 'DAGS_FOLDER/FHV_injection_dag.py', '--cfg-path', '/tmp/tmpvs7rjnit', '--error-file', '/tmp/tmp38k2wogq']
[2022-02-03 14:56:13,541] {standard_task_runner.py:77} INFO - Job 495: Subtask download_dataset_task
[2022-02-03 14:56:13,724] {logging_mixin.py:109} INFO - Running <TaskInstance: FHV_data_ingestion_gcs_dag.download_dataset_task scheduled__2020-09-01T00:00:00+00:00 [running]> on host 700aeb16bae0
[2022-02-03 14:56:13,808] {warnings.py:110} WARNING - /home/***/.local/lib/python3.7/site-packages/***/utils/context.py:152: AirflowContextDeprecationWarning: Accessing 'execution_date' from the template is deprecated and will be removed in a future version. Please use 'data_interval_start' or 'logical_date' instead.
  warnings.warn(_create_deprecation_warning(key, self._deprecation_replacements[key]))

[2022-02-03 14:56:13,854] {taskinstance.py:1426} INFO - Exporting the following env vars:
AIRFLOW_CTX_DAG_OWNER=***
AIRFLOW_CTX_DAG_ID=FHV_data_ingestion_gcs_dag
AIRFLOW_CTX_TASK_ID=download_dataset_task
AIRFLOW_CTX_EXECUTION_DATE=2020-09-01T00:00:00+00:00
AIRFLOW_CTX_DAG_RUN_ID=scheduled__2020-09-01T00:00:00+00:00
[2022-02-03 14:56:13,858] {subprocess.py:62} INFO - Tmp dir root location: 
 /tmp
[2022-02-03 14:56:13,862] {subprocess.py:74} INFO - Running command: ['bash', '-c', 'curl -sSLf https://nyc-tlc.s3.amazonaws.com/trip+data/fhv_tripdata_2020-09.csv > /opt/***/fhv_tripdata_2020-09.csv']
[2022-02-03 14:56:13,884] {subprocess.py:85} INFO - Output:
[2022-02-03 14:56:44,883] {subprocess.py:93} INFO - Command exited with return code 0
[2022-02-03 14:56:44,931] {taskinstance.py:1277} INFO - Marking task as SUCCESS. dag_id=FHV_data_ingestion_gcs_dag, task_id=download_dataset_task, execution_date=20200901T000000, start_date=20220203T145613, end_date=20220203T145644
[2022-02-03 14:56:45,025] {local_task_job.py:154} INFO - Task exited with return code 0
[2022-02-03 14:56:45,111] {local_task_job.py:264} INFO - 1 downstream tasks scheduled from follow-on schedule check
[2022-02-03 15:16:57,486] {taskinstance.py:1032} INFO - Dependencies all met for <TaskInstance: FHV_data_ingestion_gcs_dag.download_dataset_task scheduled__2020-09-01T00:00:00+00:00 [queued]>
[2022-02-03 15:16:57,499] {taskinstance.py:1032} INFO - Dependencies all met for <TaskInstance: FHV_data_ingestion_gcs_dag.download_dataset_task scheduled__2020-09-01T00:00:00+00:00 [queued]>
[2022-02-03 15:16:57,500] {taskinstance.py:1238} INFO - 
--------------------------------------------------------------------------------
[2022-02-03 15:16:57,502] {taskinstance.py:1239} INFO - Starting attempt 1 of 1
[2022-02-03 15:16:57,503] {taskinstance.py:1240} INFO - 
--------------------------------------------------------------------------------
[2022-02-03 15:16:57,516] {taskinstance.py:1259} INFO - Executing <Task(BashOperator): download_dataset_task> on 2020-09-01 00:00:00+00:00
[2022-02-03 15:16:57,521] {standard_task_runner.py:52} INFO - Started process 3356 to run task
[2022-02-03 15:16:57,529] {standard_task_runner.py:76} INFO - Running: ['***', 'tasks', 'run', 'FHV_data_ingestion_gcs_dag', 'download_dataset_task', 'scheduled__2020-09-01T00:00:00+00:00', '--job-id', '586', '--raw', '--subdir', 'DAGS_FOLDER/FHV_injection_dag.py', '--cfg-path', '/tmp/tmp17cezbzn', '--error-file', '/tmp/tmpjjm9u2kh']
[2022-02-03 15:16:57,531] {standard_task_runner.py:77} INFO - Job 586: Subtask download_dataset_task
[2022-02-03 15:16:57,595] {logging_mixin.py:109} INFO - Running <TaskInstance: FHV_data_ingestion_gcs_dag.download_dataset_task scheduled__2020-09-01T00:00:00+00:00 [running]> on host 700aeb16bae0
[2022-02-03 15:16:57,637] {warnings.py:110} WARNING - /home/***/.local/lib/python3.7/site-packages/***/utils/context.py:152: AirflowContextDeprecationWarning: Accessing 'execution_date' from the template is deprecated and will be removed in a future version. Please use 'data_interval_start' or 'logical_date' instead.
  warnings.warn(_create_deprecation_warning(key, self._deprecation_replacements[key]))

[2022-02-03 15:16:57,663] {taskinstance.py:1426} INFO - Exporting the following env vars:
AIRFLOW_CTX_DAG_OWNER=***
AIRFLOW_CTX_DAG_ID=FHV_data_ingestion_gcs_dag
AIRFLOW_CTX_TASK_ID=download_dataset_task
AIRFLOW_CTX_EXECUTION_DATE=2020-09-01T00:00:00+00:00
AIRFLOW_CTX_DAG_RUN_ID=scheduled__2020-09-01T00:00:00+00:00
[2022-02-03 15:16:57,664] {subprocess.py:62} INFO - Tmp dir root location: 
 /tmp
[2022-02-03 15:16:57,665] {subprocess.py:74} INFO - Running command: ['bash', '-c', 'curl -sSLf https://nyc-tlc.s3.amazonaws.com/trip+data/fhv_tripdata_2020-09.csv > /opt/***/fhv_tripdata_2020-09.csv']
[2022-02-03 15:16:57,678] {subprocess.py:85} INFO - Output:
[2022-02-03 15:17:25,437] {subprocess.py:93} INFO - Command exited with return code 0
[2022-02-03 15:17:25,682] {taskinstance.py:1277} INFO - Marking task as SUCCESS. dag_id=FHV_data_ingestion_gcs_dag, task_id=download_dataset_task, execution_date=20200901T000000, start_date=20220203T151657, end_date=20220203T151725
[2022-02-03 15:17:25,746] {local_task_job.py:154} INFO - Task exited with return code 0
[2022-02-03 15:17:25,784] {local_task_job.py:264} INFO - 1 downstream tasks scheduled from follow-on schedule check
