[2022-02-03 15:02:07,096] {taskinstance.py:1032} INFO - Dependencies all met for <TaskInstance: FHV_data_ingestion_gcs_dag.format_to_parquet_task scheduled__2021-04-01T00:00:00+00:00 [queued]>
[2022-02-03 15:02:07,164] {taskinstance.py:1032} INFO - Dependencies all met for <TaskInstance: FHV_data_ingestion_gcs_dag.format_to_parquet_task scheduled__2021-04-01T00:00:00+00:00 [queued]>
[2022-02-03 15:02:07,166] {taskinstance.py:1238} INFO - 
--------------------------------------------------------------------------------
[2022-02-03 15:02:07,168] {taskinstance.py:1239} INFO - Starting attempt 1 of 1
[2022-02-03 15:02:07,169] {taskinstance.py:1240} INFO - 
--------------------------------------------------------------------------------
[2022-02-03 15:02:07,239] {taskinstance.py:1259} INFO - Executing <Task(PythonOperator): format_to_parquet_task> on 2021-04-01 00:00:00+00:00
[2022-02-03 15:02:07,269] {standard_task_runner.py:52} INFO - Started process 2343 to run task
[2022-02-03 15:02:07,289] {standard_task_runner.py:76} INFO - Running: ['***', 'tasks', 'run', 'FHV_data_ingestion_gcs_dag', 'format_to_parquet_task', 'scheduled__2021-04-01T00:00:00+00:00', '--job-id', '524', '--raw', '--subdir', 'DAGS_FOLDER/FHV_injection_dag.py', '--cfg-path', '/tmp/tmpl07380f9', '--error-file', '/tmp/tmprgvaa8yq']
[2022-02-03 15:02:07,303] {standard_task_runner.py:77} INFO - Job 524: Subtask format_to_parquet_task
[2022-02-03 15:02:07,622] {logging_mixin.py:109} INFO - Running <TaskInstance: FHV_data_ingestion_gcs_dag.format_to_parquet_task scheduled__2021-04-01T00:00:00+00:00 [running]> on host 700aeb16bae0
[2022-02-03 15:02:07,862] {warnings.py:110} WARNING - /home/***/.local/lib/python3.7/site-packages/***/utils/context.py:152: AirflowContextDeprecationWarning: Accessing 'execution_date' from the template is deprecated and will be removed in a future version. Please use 'data_interval_start' or 'logical_date' instead.
  warnings.warn(_create_deprecation_warning(key, self._deprecation_replacements[key]))

[2022-02-03 15:02:07,974] {taskinstance.py:1426} INFO - Exporting the following env vars:
AIRFLOW_CTX_DAG_OWNER=***
AIRFLOW_CTX_DAG_ID=FHV_data_ingestion_gcs_dag
AIRFLOW_CTX_TASK_ID=format_to_parquet_task
AIRFLOW_CTX_EXECUTION_DATE=2021-04-01T00:00:00+00:00
AIRFLOW_CTX_DAG_RUN_ID=scheduled__2021-04-01T00:00:00+00:00
[2022-02-03 15:02:10,337] {python.py:175} INFO - Done. Returned value was: None
[2022-02-03 15:02:10,376] {taskinstance.py:1277} INFO - Marking task as SUCCESS. dag_id=FHV_data_ingestion_gcs_dag, task_id=format_to_parquet_task, execution_date=20210401T000000, start_date=20220203T150207, end_date=20220203T150210
[2022-02-03 15:02:10,602] {local_task_job.py:154} INFO - Task exited with return code 0
[2022-02-03 15:02:10,737] {local_task_job.py:264} INFO - 1 downstream tasks scheduled from follow-on schedule check
[2022-02-03 15:21:00,989] {taskinstance.py:1032} INFO - Dependencies all met for <TaskInstance: FHV_data_ingestion_gcs_dag.format_to_parquet_task scheduled__2021-04-01T00:00:00+00:00 [queued]>
[2022-02-03 15:21:01,003] {taskinstance.py:1032} INFO - Dependencies all met for <TaskInstance: FHV_data_ingestion_gcs_dag.format_to_parquet_task scheduled__2021-04-01T00:00:00+00:00 [queued]>
[2022-02-03 15:21:01,004] {taskinstance.py:1238} INFO - 
--------------------------------------------------------------------------------
[2022-02-03 15:21:01,005] {taskinstance.py:1239} INFO - Starting attempt 1 of 1
[2022-02-03 15:21:01,006] {taskinstance.py:1240} INFO - 
--------------------------------------------------------------------------------
[2022-02-03 15:21:01,020] {taskinstance.py:1259} INFO - Executing <Task(PythonOperator): format_to_parquet_task> on 2021-04-01 00:00:00+00:00
[2022-02-03 15:21:01,028] {standard_task_runner.py:52} INFO - Started process 3681 to run task
[2022-02-03 15:21:01,032] {standard_task_runner.py:76} INFO - Running: ['***', 'tasks', 'run', 'FHV_data_ingestion_gcs_dag', 'format_to_parquet_task', 'scheduled__2021-04-01T00:00:00+00:00', '--job-id', '610', '--raw', '--subdir', 'DAGS_FOLDER/FHV_injection_dag.py', '--cfg-path', '/tmp/tmp3x3xcn2i', '--error-file', '/tmp/tmp5gqtzcf7']
[2022-02-03 15:21:01,035] {standard_task_runner.py:77} INFO - Job 610: Subtask format_to_parquet_task
[2022-02-03 15:21:01,099] {logging_mixin.py:109} INFO - Running <TaskInstance: FHV_data_ingestion_gcs_dag.format_to_parquet_task scheduled__2021-04-01T00:00:00+00:00 [running]> on host 700aeb16bae0
[2022-02-03 15:21:01,138] {warnings.py:110} WARNING - /home/***/.local/lib/python3.7/site-packages/***/utils/context.py:152: AirflowContextDeprecationWarning: Accessing 'execution_date' from the template is deprecated and will be removed in a future version. Please use 'data_interval_start' or 'logical_date' instead.
  warnings.warn(_create_deprecation_warning(key, self._deprecation_replacements[key]))

[2022-02-03 15:21:01,167] {taskinstance.py:1426} INFO - Exporting the following env vars:
AIRFLOW_CTX_DAG_OWNER=***
AIRFLOW_CTX_DAG_ID=FHV_data_ingestion_gcs_dag
AIRFLOW_CTX_TASK_ID=format_to_parquet_task
AIRFLOW_CTX_EXECUTION_DATE=2021-04-01T00:00:00+00:00
AIRFLOW_CTX_DAG_RUN_ID=scheduled__2021-04-01T00:00:00+00:00
[2022-02-03 15:21:01,721] {python.py:175} INFO - Done. Returned value was: None
[2022-02-03 15:21:01,737] {taskinstance.py:1277} INFO - Marking task as SUCCESS. dag_id=FHV_data_ingestion_gcs_dag, task_id=format_to_parquet_task, execution_date=20210401T000000, start_date=20220203T152100, end_date=20220203T152101
[2022-02-03 15:21:01,816] {local_task_job.py:154} INFO - Task exited with return code 0
[2022-02-03 15:21:01,849] {local_task_job.py:264} INFO - 1 downstream tasks scheduled from follow-on schedule check
