[2022-02-02 13:35:24,516] {taskinstance.py:1032} INFO - Dependencies all met for <TaskInstance: hw_data_ingestion_gcs_dag.local_to_gcs_task manual__2022-02-02T13:35:19.452679+00:00 [queued]>
[2022-02-02 13:35:24,529] {taskinstance.py:1032} INFO - Dependencies all met for <TaskInstance: hw_data_ingestion_gcs_dag.local_to_gcs_task manual__2022-02-02T13:35:19.452679+00:00 [queued]>
[2022-02-02 13:35:24,530] {taskinstance.py:1238} INFO - 
--------------------------------------------------------------------------------
[2022-02-02 13:35:24,531] {taskinstance.py:1239} INFO - Starting attempt 1 of 1
[2022-02-02 13:35:24,531] {taskinstance.py:1240} INFO - 
--------------------------------------------------------------------------------
[2022-02-02 13:35:24,544] {taskinstance.py:1259} INFO - Executing <Task(PythonOperator): local_to_gcs_task> on 2022-02-02 13:35:19.452679+00:00
[2022-02-02 13:35:24,551] {standard_task_runner.py:52} INFO - Started process 855 to run task
[2022-02-02 13:35:24,555] {standard_task_runner.py:76} INFO - Running: ['***', 'tasks', 'run', 'hw_data_ingestion_gcs_dag', 'local_to_gcs_task', 'manual__2022-02-02T13:35:19.452679+00:00', '--job-id', '110', '--raw', '--subdir', 'DAGS_FOLDER/data_ingestion_hw_1_ex.py', '--cfg-path', '/tmp/tmp7wk_d6qx', '--error-file', '/tmp/tmp3bi_fezu']
[2022-02-02 13:35:24,557] {standard_task_runner.py:77} INFO - Job 110: Subtask local_to_gcs_task
[2022-02-02 13:35:24,631] {logging_mixin.py:109} INFO - Running <TaskInstance: hw_data_ingestion_gcs_dag.local_to_gcs_task manual__2022-02-02T13:35:19.452679+00:00 [running]> on host 700aeb16bae0
[2022-02-02 13:35:24,671] {warnings.py:110} WARNING - /home/***/.local/lib/python3.7/site-packages/***/utils/context.py:152: AirflowContextDeprecationWarning: Accessing 'execution_date' from the template is deprecated and will be removed in a future version. Please use 'data_interval_start' or 'logical_date' instead.
  warnings.warn(_create_deprecation_warning(key, self._deprecation_replacements[key]))

[2022-02-02 13:35:24,692] {taskinstance.py:1426} INFO - Exporting the following env vars:
AIRFLOW_CTX_DAG_OWNER=***
AIRFLOW_CTX_DAG_ID=hw_data_ingestion_gcs_dag
AIRFLOW_CTX_TASK_ID=local_to_gcs_task
AIRFLOW_CTX_EXECUTION_DATE=2022-02-02T13:35:19.452679+00:00
AIRFLOW_CTX_DAG_RUN_ID=manual__2022-02-02T13:35:19.452679+00:00
[2022-02-02 13:35:24,973] {python.py:175} INFO - Done. Returned value was: None
[2022-02-02 13:35:24,987] {taskinstance.py:1277} INFO - Marking task as SUCCESS. dag_id=hw_data_ingestion_gcs_dag, task_id=local_to_gcs_task, execution_date=20220202T133519, start_date=20220202T133524, end_date=20220202T133524
[2022-02-02 13:35:25,050] {local_task_job.py:154} INFO - Task exited with return code 0
[2022-02-02 13:35:25,084] {local_task_job.py:264} INFO - 0 downstream tasks scheduled from follow-on schedule check
