[2022-02-02 17:49:20,941] {taskinstance.py:1032} INFO - Dependencies all met for <TaskInstance: ex_1_data_ingestion_gcs_dag_v2.format_to_parquet_task scheduled__2020-11-01T00:00:00+00:00 [queued]>
[2022-02-02 17:49:20,967] {taskinstance.py:1032} INFO - Dependencies all met for <TaskInstance: ex_1_data_ingestion_gcs_dag_v2.format_to_parquet_task scheduled__2020-11-01T00:00:00+00:00 [queued]>
[2022-02-02 17:49:20,970] {taskinstance.py:1238} INFO - 
--------------------------------------------------------------------------------
[2022-02-02 17:49:20,973] {taskinstance.py:1239} INFO - Starting attempt 1 of 1
[2022-02-02 17:49:20,992] {taskinstance.py:1240} INFO - 
--------------------------------------------------------------------------------
[2022-02-02 17:49:21,042] {taskinstance.py:1259} INFO - Executing <Task(PythonOperator): format_to_parquet_task> on 2020-11-01 00:00:00+00:00
[2022-02-02 17:49:21,059] {standard_task_runner.py:52} INFO - Started process 7380 to run task
[2022-02-02 17:49:21,077] {standard_task_runner.py:76} INFO - Running: ['***', 'tasks', 'run', 'ex_1_data_ingestion_gcs_dag_v2', 'format_to_parquet_task', 'scheduled__2020-11-01T00:00:00+00:00', '--job-id', '287', '--raw', '--subdir', 'DAGS_FOLDER/data_ingestion_hw_1_ex.py', '--cfg-path', '/tmp/tmps7a_fryy', '--error-file', '/tmp/tmp6tbxuk88']
[2022-02-02 17:49:21,083] {standard_task_runner.py:77} INFO - Job 287: Subtask format_to_parquet_task
[2022-02-02 17:49:21,307] {logging_mixin.py:109} INFO - Running <TaskInstance: ex_1_data_ingestion_gcs_dag_v2.format_to_parquet_task scheduled__2020-11-01T00:00:00+00:00 [running]> on host 700aeb16bae0
[2022-02-02 17:49:21,488] {warnings.py:110} WARNING - /home/***/.local/lib/python3.7/site-packages/***/utils/context.py:152: AirflowContextDeprecationWarning: Accessing 'execution_date' from the template is deprecated and will be removed in a future version. Please use 'data_interval_start' or 'logical_date' instead.
  warnings.warn(_create_deprecation_warning(key, self._deprecation_replacements[key]))

[2022-02-02 17:49:21,592] {taskinstance.py:1426} INFO - Exporting the following env vars:
AIRFLOW_CTX_DAG_OWNER=***
AIRFLOW_CTX_DAG_ID=ex_1_data_ingestion_gcs_dag_v2
AIRFLOW_CTX_TASK_ID=format_to_parquet_task
AIRFLOW_CTX_EXECUTION_DATE=2020-11-01T00:00:00+00:00
AIRFLOW_CTX_DAG_RUN_ID=scheduled__2020-11-01T00:00:00+00:00
[2022-02-02 17:49:25,552] {python.py:175} INFO - Done. Returned value was: None
[2022-02-02 17:49:25,585] {taskinstance.py:1277} INFO - Marking task as SUCCESS. dag_id=ex_1_data_ingestion_gcs_dag_v2, task_id=format_to_parquet_task, execution_date=20201101T000000, start_date=20220202T174920, end_date=20220202T174925
[2022-02-02 17:49:25,778] {local_task_job.py:154} INFO - Task exited with return code 0
[2022-02-02 17:49:25,881] {local_task_job.py:264} INFO - 1 downstream tasks scheduled from follow-on schedule check
