[2022-02-01 15:16:52,893] {taskinstance.py:1032} INFO - Dependencies all met for <TaskInstance: data_ingestion_gcs_dag.format_to_parquet_task manual__2022-02-01T15:16:19.145444+00:00 [queued]>
[2022-02-01 15:16:52,917] {taskinstance.py:1032} INFO - Dependencies all met for <TaskInstance: data_ingestion_gcs_dag.format_to_parquet_task manual__2022-02-01T15:16:19.145444+00:00 [queued]>
[2022-02-01 15:16:52,918] {taskinstance.py:1238} INFO - 
--------------------------------------------------------------------------------
[2022-02-01 15:16:52,921] {taskinstance.py:1239} INFO - Starting attempt 1 of 2
[2022-02-01 15:16:52,922] {taskinstance.py:1240} INFO - 
--------------------------------------------------------------------------------
[2022-02-01 15:16:52,934] {taskinstance.py:1259} INFO - Executing <Task(PythonOperator): format_to_parquet_task> on 2022-02-01 15:16:19.145444+00:00
[2022-02-01 15:16:52,948] {standard_task_runner.py:52} INFO - Started process 219 to run task
[2022-02-01 15:16:52,953] {standard_task_runner.py:76} INFO - Running: ['***', 'tasks', 'run', 'data_ingestion_gcs_dag', 'format_to_parquet_task', 'manual__2022-02-01T15:16:19.145444+00:00', '--job-id', '20', '--raw', '--subdir', 'DAGS_FOLDER/data-ingestion-gcs-dag.py', '--cfg-path', '/tmp/tmploj_avwm', '--error-file', '/tmp/tmpnkrugipr']
[2022-02-01 15:16:52,956] {standard_task_runner.py:77} INFO - Job 20: Subtask format_to_parquet_task
[2022-02-01 15:16:53,059] {logging_mixin.py:109} INFO - Running <TaskInstance: data_ingestion_gcs_dag.format_to_parquet_task manual__2022-02-01T15:16:19.145444+00:00 [running]> on host 3895c9916fe2
[2022-02-01 15:16:53,128] {taskinstance.py:1426} INFO - Exporting the following env vars:
AIRFLOW_CTX_DAG_OWNER=***
AIRFLOW_CTX_DAG_ID=data_ingestion_gcs_dag
AIRFLOW_CTX_TASK_ID=format_to_parquet_task
AIRFLOW_CTX_EXECUTION_DATE=2022-02-01T15:16:19.145444+00:00
AIRFLOW_CTX_DAG_RUN_ID=manual__2022-02-01T15:16:19.145444+00:00
[2022-02-01 15:16:54,040] {python.py:175} INFO - Done. Returned value was: None
[2022-02-01 15:16:54,057] {taskinstance.py:1277} INFO - Marking task as SUCCESS. dag_id=data_ingestion_gcs_dag, task_id=format_to_parquet_task, execution_date=20220201T151619, start_date=20220201T151652, end_date=20220201T151654
[2022-02-01 15:16:54,140] {local_task_job.py:154} INFO - Task exited with return code 0
[2022-02-01 15:16:54,183] {local_task_job.py:264} INFO - 1 downstream tasks scheduled from follow-on schedule check
