[2022-02-02 18:52:34,857] {taskinstance.py:1032} INFO - Dependencies all met for <TaskInstance: ex_1_data_ingestion_gcs_dag_v3.format_to_parquet_task scheduled__2020-05-01T00:00:00+00:00 [queued]>
[2022-02-02 18:52:34,869] {taskinstance.py:1032} INFO - Dependencies all met for <TaskInstance: ex_1_data_ingestion_gcs_dag_v3.format_to_parquet_task scheduled__2020-05-01T00:00:00+00:00 [queued]>
[2022-02-02 18:52:34,870] {taskinstance.py:1238} INFO - 
--------------------------------------------------------------------------------
[2022-02-02 18:52:34,871] {taskinstance.py:1239} INFO - Starting attempt 1 of 1
[2022-02-02 18:52:34,872] {taskinstance.py:1240} INFO - 
--------------------------------------------------------------------------------
[2022-02-02 18:52:34,883] {taskinstance.py:1259} INFO - Executing <Task(PythonOperator): format_to_parquet_task> on 2020-05-01 00:00:00+00:00
[2022-02-02 18:52:34,889] {standard_task_runner.py:52} INFO - Started process 10669 to run task
[2022-02-02 18:52:34,894] {standard_task_runner.py:76} INFO - Running: ['***', 'tasks', 'run', 'ex_1_data_ingestion_gcs_dag_v3', 'format_to_parquet_task', 'scheduled__2020-05-01T00:00:00+00:00', '--job-id', '351', '--raw', '--subdir', 'DAGS_FOLDER/data_ingestion_hw_1_ex.py', '--cfg-path', '/tmp/tmp7yz5ag59', '--error-file', '/tmp/tmpedjbyzq_']
[2022-02-02 18:52:34,896] {standard_task_runner.py:77} INFO - Job 351: Subtask format_to_parquet_task
[2022-02-02 18:52:34,964] {logging_mixin.py:109} INFO - Running <TaskInstance: ex_1_data_ingestion_gcs_dag_v3.format_to_parquet_task scheduled__2020-05-01T00:00:00+00:00 [running]> on host 700aeb16bae0
[2022-02-02 18:52:35,016] {warnings.py:110} WARNING - /home/***/.local/lib/python3.7/site-packages/***/utils/context.py:152: AirflowContextDeprecationWarning: Accessing 'execution_date' from the template is deprecated and will be removed in a future version. Please use 'data_interval_start' or 'logical_date' instead.
  warnings.warn(_create_deprecation_warning(key, self._deprecation_replacements[key]))

[2022-02-02 18:52:35,040] {taskinstance.py:1426} INFO - Exporting the following env vars:
AIRFLOW_CTX_DAG_OWNER=***
AIRFLOW_CTX_DAG_ID=ex_1_data_ingestion_gcs_dag_v3
AIRFLOW_CTX_TASK_ID=format_to_parquet_task
AIRFLOW_CTX_EXECUTION_DATE=2020-05-01T00:00:00+00:00
AIRFLOW_CTX_DAG_RUN_ID=scheduled__2020-05-01T00:00:00+00:00
[2022-02-02 18:52:35,406] {python.py:175} INFO - Done. Returned value was: None
[2022-02-02 18:52:35,421] {taskinstance.py:1277} INFO - Marking task as SUCCESS. dag_id=ex_1_data_ingestion_gcs_dag_v3, task_id=format_to_parquet_task, execution_date=20200501T000000, start_date=20220202T185234, end_date=20220202T185235
[2022-02-02 18:52:35,512] {local_task_job.py:154} INFO - Task exited with return code 0
[2022-02-02 18:52:35,554] {local_task_job.py:264} INFO - 1 downstream tasks scheduled from follow-on schedule check
[2022-02-10 13:22:45,047] {taskinstance.py:1032} INFO - Dependencies all met for <TaskInstance: ex_1_data_ingestion_gcs_dag_v3.format_to_parquet_task scheduled__2020-05-01T00:00:00+00:00 [queued]>
[2022-02-10 13:22:45,062] {taskinstance.py:1032} INFO - Dependencies all met for <TaskInstance: ex_1_data_ingestion_gcs_dag_v3.format_to_parquet_task scheduled__2020-05-01T00:00:00+00:00 [queued]>
[2022-02-10 13:22:45,064] {taskinstance.py:1238} INFO - 
--------------------------------------------------------------------------------
[2022-02-10 13:22:45,065] {taskinstance.py:1239} INFO - Starting attempt 1 of 1
[2022-02-10 13:22:45,066] {taskinstance.py:1240} INFO - 
--------------------------------------------------------------------------------
[2022-02-10 13:22:45,084] {taskinstance.py:1259} INFO - Executing <Task(PythonOperator): format_to_parquet_task> on 2020-05-01 00:00:00+00:00
[2022-02-10 13:22:45,091] {standard_task_runner.py:52} INFO - Started process 2541 to run task
[2022-02-10 13:22:45,096] {standard_task_runner.py:76} INFO - Running: ['***', 'tasks', 'run', 'ex_1_data_ingestion_gcs_dag_v3', 'format_to_parquet_task', 'scheduled__2020-05-01T00:00:00+00:00', '--job-id', '709', '--raw', '--subdir', 'DAGS_FOLDER/data_ingestion_hw_1_ex.py', '--cfg-path', '/tmp/tmpdpexvm8c', '--error-file', '/tmp/tmpl2nce_u6']
[2022-02-10 13:22:45,099] {standard_task_runner.py:77} INFO - Job 709: Subtask format_to_parquet_task
[2022-02-10 13:22:45,192] {logging_mixin.py:109} INFO - Running <TaskInstance: ex_1_data_ingestion_gcs_dag_v3.format_to_parquet_task scheduled__2020-05-01T00:00:00+00:00 [running]> on host e30f201fae61
[2022-02-10 13:22:45,244] {warnings.py:110} WARNING - /home/***/.local/lib/python3.7/site-packages/***/utils/context.py:152: AirflowContextDeprecationWarning: Accessing 'execution_date' from the template is deprecated and will be removed in a future version. Please use 'data_interval_start' or 'logical_date' instead.
  warnings.warn(_create_deprecation_warning(key, self._deprecation_replacements[key]))

[2022-02-10 13:22:45,271] {taskinstance.py:1426} INFO - Exporting the following env vars:
AIRFLOW_CTX_DAG_OWNER=***
AIRFLOW_CTX_DAG_ID=ex_1_data_ingestion_gcs_dag_v3
AIRFLOW_CTX_TASK_ID=format_to_parquet_task
AIRFLOW_CTX_EXECUTION_DATE=2020-05-01T00:00:00+00:00
AIRFLOW_CTX_DAG_RUN_ID=scheduled__2020-05-01T00:00:00+00:00
[2022-02-10 13:22:45,697] {python.py:175} INFO - Done. Returned value was: None
[2022-02-10 13:22:45,713] {taskinstance.py:1277} INFO - Marking task as SUCCESS. dag_id=ex_1_data_ingestion_gcs_dag_v3, task_id=format_to_parquet_task, execution_date=20200501T000000, start_date=20220210T132245, end_date=20220210T132245
[2022-02-10 13:22:45,795] {local_task_job.py:154} INFO - Task exited with return code 0
[2022-02-10 13:22:45,836] {local_task_job.py:264} INFO - 1 downstream tasks scheduled from follow-on schedule check
[2022-02-10 15:40:14,929] {taskinstance.py:1032} INFO - Dependencies all met for <TaskInstance: ex_1_data_ingestion_gcs_dag_v3.format_to_parquet_task scheduled__2020-05-01T00:00:00+00:00 [queued]>
[2022-02-10 15:40:14,943] {taskinstance.py:1032} INFO - Dependencies all met for <TaskInstance: ex_1_data_ingestion_gcs_dag_v3.format_to_parquet_task scheduled__2020-05-01T00:00:00+00:00 [queued]>
[2022-02-10 15:40:14,944] {taskinstance.py:1238} INFO - 
--------------------------------------------------------------------------------
[2022-02-10 15:40:14,946] {taskinstance.py:1239} INFO - Starting attempt 1 of 1
[2022-02-10 15:40:14,946] {taskinstance.py:1240} INFO - 
--------------------------------------------------------------------------------
[2022-02-10 15:40:14,959] {taskinstance.py:1259} INFO - Executing <Task(PythonOperator): format_to_parquet_task> on 2020-05-01 00:00:00+00:00
[2022-02-10 15:40:14,967] {standard_task_runner.py:52} INFO - Started process 834 to run task
[2022-02-10 15:40:14,972] {standard_task_runner.py:76} INFO - Running: ['***', 'tasks', 'run', 'ex_1_data_ingestion_gcs_dag_v3', 'format_to_parquet_task', 'scheduled__2020-05-01T00:00:00+00:00', '--job-id', '831', '--raw', '--subdir', 'DAGS_FOLDER/data_ingestion_hw_1_ex.py', '--cfg-path', '/tmp/tmp6_s074f9', '--error-file', '/tmp/tmp6uss0_h3']
[2022-02-10 15:40:14,974] {standard_task_runner.py:77} INFO - Job 831: Subtask format_to_parquet_task
[2022-02-10 15:40:15,061] {logging_mixin.py:109} INFO - Running <TaskInstance: ex_1_data_ingestion_gcs_dag_v3.format_to_parquet_task scheduled__2020-05-01T00:00:00+00:00 [running]> on host 276a0ad90304
[2022-02-10 15:40:15,150] {warnings.py:110} WARNING - /home/***/.local/lib/python3.7/site-packages/***/utils/context.py:152: AirflowContextDeprecationWarning: Accessing 'execution_date' from the template is deprecated and will be removed in a future version. Please use 'data_interval_start' or 'logical_date' instead.
  warnings.warn(_create_deprecation_warning(key, self._deprecation_replacements[key]))

[2022-02-10 15:40:15,233] {taskinstance.py:1426} INFO - Exporting the following env vars:
AIRFLOW_CTX_DAG_OWNER=***
AIRFLOW_CTX_DAG_ID=ex_1_data_ingestion_gcs_dag_v3
AIRFLOW_CTX_TASK_ID=format_to_parquet_task
AIRFLOW_CTX_EXECUTION_DATE=2020-05-01T00:00:00+00:00
AIRFLOW_CTX_DAG_RUN_ID=scheduled__2020-05-01T00:00:00+00:00
[2022-02-10 15:40:16,164] {python.py:175} INFO - Done. Returned value was: None
[2022-02-10 15:40:16,186] {taskinstance.py:1277} INFO - Marking task as SUCCESS. dag_id=ex_1_data_ingestion_gcs_dag_v3, task_id=format_to_parquet_task, execution_date=20200501T000000, start_date=20220210T154014, end_date=20220210T154016
[2022-02-10 15:40:16,291] {local_task_job.py:154} INFO - Task exited with return code 0
[2022-02-10 15:40:16,361] {local_task_job.py:264} INFO - 1 downstream tasks scheduled from follow-on schedule check
