[2022-02-12 12:43:05,350] {taskinstance.py:1032} INFO - Dependencies all met for <TaskInstance: fhv_data_2_gcs_dag.gcs_2_gcs_task manual__2022-02-12T12:43:03.312404+00:00 [queued]>
[2022-02-12 12:43:05,373] {taskinstance.py:1032} INFO - Dependencies all met for <TaskInstance: fhv_data_2_gcs_dag.gcs_2_gcs_task manual__2022-02-12T12:43:03.312404+00:00 [queued]>
[2022-02-12 12:43:05,375] {taskinstance.py:1238} INFO - 
--------------------------------------------------------------------------------
[2022-02-12 12:43:05,376] {taskinstance.py:1239} INFO - Starting attempt 1 of 2
[2022-02-12 12:43:05,377] {taskinstance.py:1240} INFO - 
--------------------------------------------------------------------------------
[2022-02-12 12:43:05,396] {taskinstance.py:1259} INFO - Executing <Task(GCSToGCSOperator): gcs_2_gcs_task> on 2022-02-12 12:43:03.312404+00:00
[2022-02-12 12:43:05,405] {standard_task_runner.py:52} INFO - Started process 554 to run task
[2022-02-12 12:43:05,414] {standard_task_runner.py:76} INFO - Running: ['***', 'tasks', 'run', 'fhv_data_2_gcs_dag', 'gcs_2_gcs_task', 'manual__2022-02-12T12:43:03.312404+00:00', '--job-id', '1057', '--raw', '--subdir', 'DAGS_FOLDER/fhv_data_2_gcs_dag.py', '--cfg-path', '/tmp/tmp4mj6jeg_', '--error-file', '/tmp/tmpgvewrdlr']
[2022-02-12 12:43:05,418] {standard_task_runner.py:77} INFO - Job 1057: Subtask gcs_2_gcs_task
[2022-02-12 12:43:05,502] {logging_mixin.py:109} INFO - Running <TaskInstance: fhv_data_2_gcs_dag.gcs_2_gcs_task manual__2022-02-12T12:43:03.312404+00:00 [running]> on host 853fb9201673
[2022-02-12 12:43:05,586] {taskinstance.py:1426} INFO - Exporting the following env vars:
AIRFLOW_CTX_DAG_OWNER=***
AIRFLOW_CTX_DAG_ID=fhv_data_2_gcs_dag
AIRFLOW_CTX_TASK_ID=gcs_2_gcs_task
AIRFLOW_CTX_EXECUTION_DATE=2022-02-12T12:43:03.312404+00:00
AIRFLOW_CTX_DAG_RUN_ID=manual__2022-02-12T12:43:03.312404+00:00
[2022-02-12 12:43:05,589] {crypto.py:82} WARNING - empty cryptography key - values will not be stored encrypted.
[2022-02-12 12:43:05,590] {gcs_to_gcs.py:346} INFO - Delimiter ignored because wildcard is in prefix
[2022-02-12 12:43:05,869] {gcs_to_gcs.py:431} INFO - Executing copy of gs://dtc_data_lake_vaulted-art-339212/raw/fhv_tripdata_2019-07.csv to gs://dtc_data_lake_vaulted-art-339212/fhv/fhv_tripdata_2019-07.csv
[2022-02-12 12:43:06,233] {gcs.py:251} INFO - Total Bytes: 108520644 | Bytes Written: 108520644
[2022-02-12 12:43:06,234] {gcs.py:264} INFO - Object raw/fhv_tripdata_2019-07.csv in bucket dtc_data_lake_vaulted-art-339212 rewritten to object fhv/fhv_tripdata_2019-07.csv in bucket dtc_data_lake_vaulted-art-339212
[2022-02-12 12:43:06,235] {gcs_to_gcs.py:431} INFO - Executing copy of gs://dtc_data_lake_vaulted-art-339212/raw/fhv_tripdata_2019-09.csv to gs://dtc_data_lake_vaulted-art-339212/fhv/fhv_tripdata_2019-09.csv
[2022-02-12 12:43:06,597] {gcs.py:251} INFO - Total Bytes: 58838964 | Bytes Written: 58838964
[2022-02-12 12:43:06,598] {gcs.py:264} INFO - Object raw/fhv_tripdata_2019-09.csv in bucket dtc_data_lake_vaulted-art-339212 rewritten to object fhv/fhv_tripdata_2019-09.csv in bucket dtc_data_lake_vaulted-art-339212
[2022-02-12 12:43:06,599] {gcs_to_gcs.py:431} INFO - Executing copy of gs://dtc_data_lake_vaulted-art-339212/raw/fhv_tripdata_2019-11.csv to gs://dtc_data_lake_vaulted-art-339212/fhv/fhv_tripdata_2019-11.csv
[2022-02-12 12:43:06,951] {gcs.py:251} INFO - Total Bytes: 92765260 | Bytes Written: 92765260
[2022-02-12 12:43:06,952] {gcs.py:264} INFO - Object raw/fhv_tripdata_2019-11.csv in bucket dtc_data_lake_vaulted-art-339212 rewritten to object fhv/fhv_tripdata_2019-11.csv in bucket dtc_data_lake_vaulted-art-339212
[2022-02-12 12:43:06,953] {gcs_to_gcs.py:431} INFO - Executing copy of gs://dtc_data_lake_vaulted-art-339212/raw/fhv_tripdata_2019-02.csv to gs://dtc_data_lake_vaulted-art-339212/fhv/fhv_tripdata_2019-02.csv
[2022-02-12 12:43:07,309] {gcs.py:251} INFO - Total Bytes: 97117784 | Bytes Written: 97117784
[2022-02-12 12:43:07,311] {gcs.py:264} INFO - Object raw/fhv_tripdata_2019-02.csv in bucket dtc_data_lake_vaulted-art-339212 rewritten to object fhv/fhv_tripdata_2019-02.csv in bucket dtc_data_lake_vaulted-art-339212
[2022-02-12 12:43:07,313] {gcs_to_gcs.py:431} INFO - Executing copy of gs://dtc_data_lake_vaulted-art-339212/raw/fhv_tripdata_2019-08.csv to gs://dtc_data_lake_vaulted-art-339212/fhv/fhv_tripdata_2019-08.csv
[2022-02-12 12:43:07,673] {gcs.py:251} INFO - Total Bytes: 104016725 | Bytes Written: 104016725
[2022-02-12 12:43:07,675] {gcs.py:264} INFO - Object raw/fhv_tripdata_2019-08.csv in bucket dtc_data_lake_vaulted-art-339212 rewritten to object fhv/fhv_tripdata_2019-08.csv in bucket dtc_data_lake_vaulted-art-339212
[2022-02-12 12:43:07,677] {gcs_to_gcs.py:431} INFO - Executing copy of gs://dtc_data_lake_vaulted-art-339212/raw/fhv_tripdata_2019-06.csv to gs://dtc_data_lake_vaulted-art-339212/fhv/fhv_tripdata_2019-06.csv
[2022-02-12 12:43:08,193] {gcs.py:251} INFO - Total Bytes: 111937857 | Bytes Written: 111937857
[2022-02-12 12:43:08,194] {gcs.py:264} INFO - Object raw/fhv_tripdata_2019-06.csv in bucket dtc_data_lake_vaulted-art-339212 rewritten to object fhv/fhv_tripdata_2019-06.csv in bucket dtc_data_lake_vaulted-art-339212
[2022-02-12 12:43:08,195] {gcs_to_gcs.py:431} INFO - Executing copy of gs://dtc_data_lake_vaulted-art-339212/raw/fhv_tripdata_2019-10.csv to gs://dtc_data_lake_vaulted-art-339212/fhv/fhv_tripdata_2019-10.csv
[2022-02-12 12:43:08,555] {gcs.py:251} INFO - Total Bytes: 102789732 | Bytes Written: 102789732
[2022-02-12 12:43:08,557] {gcs.py:264} INFO - Object raw/fhv_tripdata_2019-10.csv in bucket dtc_data_lake_vaulted-art-339212 rewritten to object fhv/fhv_tripdata_2019-10.csv in bucket dtc_data_lake_vaulted-art-339212
[2022-02-12 12:43:08,559] {gcs_to_gcs.py:431} INFO - Executing copy of gs://dtc_data_lake_vaulted-art-339212/raw/fhv_tripdata_2019-04.csv to gs://dtc_data_lake_vaulted-art-339212/fhv/fhv_tripdata_2019-04.csv
[2022-02-12 12:43:08,919] {gcs.py:251} INFO - Total Bytes: 108555126 | Bytes Written: 108555126
[2022-02-12 12:43:08,922] {gcs.py:264} INFO - Object raw/fhv_tripdata_2019-04.csv in bucket dtc_data_lake_vaulted-art-339212 rewritten to object fhv/fhv_tripdata_2019-04.csv in bucket dtc_data_lake_vaulted-art-339212
[2022-02-12 12:43:08,923] {gcs_to_gcs.py:431} INFO - Executing copy of gs://dtc_data_lake_vaulted-art-339212/raw/fhv_tripdata_2019-12.csv to gs://dtc_data_lake_vaulted-art-339212/fhv/fhv_tripdata_2019-12.csv
[2022-02-12 12:43:09,275] {gcs.py:251} INFO - Total Bytes: 99542630 | Bytes Written: 99542630
[2022-02-12 12:43:09,277] {gcs.py:264} INFO - Object raw/fhv_tripdata_2019-12.csv in bucket dtc_data_lake_vaulted-art-339212 rewritten to object fhv/fhv_tripdata_2019-12.csv in bucket dtc_data_lake_vaulted-art-339212
[2022-02-12 12:43:09,278] {gcs_to_gcs.py:431} INFO - Executing copy of gs://dtc_data_lake_vaulted-art-339212/raw/fhv_tripdata_2019-01.csv to gs://dtc_data_lake_vaulted-art-339212/fhv/fhv_tripdata_2019-01.csv
[2022-02-12 12:43:09,949] {gcs.py:251} INFO - Total Bytes: 1301971512 | Bytes Written: 1301971512
[2022-02-12 12:43:09,951] {gcs.py:264} INFO - Object raw/fhv_tripdata_2019-01.csv in bucket dtc_data_lake_vaulted-art-339212 rewritten to object fhv/fhv_tripdata_2019-01.csv in bucket dtc_data_lake_vaulted-art-339212
[2022-02-12 12:43:09,953] {gcs_to_gcs.py:431} INFO - Executing copy of gs://dtc_data_lake_vaulted-art-339212/raw/fhv_tripdata_2019-05.csv to gs://dtc_data_lake_vaulted-art-339212/fhv/fhv_tripdata_2019-05.csv
[2022-02-12 12:43:10,405] {gcs.py:251} INFO - Total Bytes: 116105375 | Bytes Written: 116105375
[2022-02-12 12:43:10,407] {gcs.py:264} INFO - Object raw/fhv_tripdata_2019-05.csv in bucket dtc_data_lake_vaulted-art-339212 rewritten to object fhv/fhv_tripdata_2019-05.csv in bucket dtc_data_lake_vaulted-art-339212
[2022-02-12 12:43:10,408] {gcs_to_gcs.py:431} INFO - Executing copy of gs://dtc_data_lake_vaulted-art-339212/raw/fhv_tripdata_2019-03.csv to gs://dtc_data_lake_vaulted-art-339212/fhv/fhv_tripdata_2019-03.csv
[2022-02-12 12:43:10,817] {gcs.py:251} INFO - Total Bytes: 75662300 | Bytes Written: 75662300
[2022-02-12 12:43:10,819] {gcs.py:264} INFO - Object raw/fhv_tripdata_2019-03.csv in bucket dtc_data_lake_vaulted-art-339212 rewritten to object fhv/fhv_tripdata_2019-03.csv in bucket dtc_data_lake_vaulted-art-339212
[2022-02-12 12:43:10,845] {taskinstance.py:1277} INFO - Marking task as SUCCESS. dag_id=fhv_data_2_gcs_dag, task_id=gcs_2_gcs_task, execution_date=20220212T124303, start_date=20220212T124305, end_date=20220212T124310
[2022-02-12 12:43:10,897] {local_task_job.py:154} INFO - Task exited with return code 0
[2022-02-12 12:43:10,941] {local_task_job.py:264} INFO - 1 downstream tasks scheduled from follow-on schedule check
