[2022-02-10 15:46:29,053] {taskinstance.py:1032} INFO - Dependencies all met for <TaskInstance: ex_1_data_ingestion_gcs_dag_v3.format_to_parquet_task scheduled__2019-10-01T00:00:00+00:00 [queued]>
[2022-02-10 15:46:29,078] {taskinstance.py:1032} INFO - Dependencies all met for <TaskInstance: ex_1_data_ingestion_gcs_dag_v3.format_to_parquet_task scheduled__2019-10-01T00:00:00+00:00 [queued]>
[2022-02-10 15:46:29,079] {taskinstance.py:1238} INFO - 
--------------------------------------------------------------------------------
[2022-02-10 15:46:29,080] {taskinstance.py:1239} INFO - Starting attempt 2 of 2
[2022-02-10 15:46:29,081] {taskinstance.py:1240} INFO - 
--------------------------------------------------------------------------------
[2022-02-10 15:46:29,098] {taskinstance.py:1259} INFO - Executing <Task(PythonOperator): format_to_parquet_task> on 2019-10-01 00:00:00+00:00
[2022-02-10 15:46:29,119] {standard_task_runner.py:52} INFO - Started process 1476 to run task
[2022-02-10 15:46:29,126] {standard_task_runner.py:76} INFO - Running: ['***', 'tasks', 'run', 'ex_1_data_ingestion_gcs_dag_v3', 'format_to_parquet_task', 'scheduled__2019-10-01T00:00:00+00:00', '--job-id', '902', '--raw', '--subdir', 'DAGS_FOLDER/data_ingestion_hw_1_ex.py', '--cfg-path', '/tmp/tmpgh026eub', '--error-file', '/tmp/tmp70jwqk_7']
[2022-02-10 15:46:29,128] {standard_task_runner.py:77} INFO - Job 902: Subtask format_to_parquet_task
[2022-02-10 15:46:29,232] {logging_mixin.py:109} INFO - Running <TaskInstance: ex_1_data_ingestion_gcs_dag_v3.format_to_parquet_task scheduled__2019-10-01T00:00:00+00:00 [running]> on host 276a0ad90304
[2022-02-10 15:46:29,286] {warnings.py:110} WARNING - /home/***/.local/lib/python3.7/site-packages/***/utils/context.py:152: AirflowContextDeprecationWarning: Accessing 'execution_date' from the template is deprecated and will be removed in a future version. Please use 'data_interval_start' or 'logical_date' instead.
  warnings.warn(_create_deprecation_warning(key, self._deprecation_replacements[key]))

[2022-02-10 15:46:29,319] {taskinstance.py:1426} INFO - Exporting the following env vars:
AIRFLOW_CTX_DAG_OWNER=***
AIRFLOW_CTX_DAG_ID=ex_1_data_ingestion_gcs_dag_v3
AIRFLOW_CTX_TASK_ID=format_to_parquet_task
AIRFLOW_CTX_EXECUTION_DATE=2019-10-01T00:00:00+00:00
AIRFLOW_CTX_DAG_RUN_ID=scheduled__2019-10-01T00:00:00+00:00
[2022-02-10 15:46:34,135] {python.py:175} INFO - Done. Returned value was: None
[2022-02-10 15:46:34,156] {taskinstance.py:1277} INFO - Marking task as SUCCESS. dag_id=ex_1_data_ingestion_gcs_dag_v3, task_id=format_to_parquet_task, execution_date=20191001T000000, start_date=20220210T154629, end_date=20220210T154634
[2022-02-10 15:46:34,210] {local_task_job.py:212} WARNING - State of this instance has been externally set to success. Terminating instance.
[2022-02-10 15:46:34,214] {process_utils.py:124} INFO - Sending Signals.SIGTERM to group 1476. PIDs of all processes in the group: [1476]
[2022-02-10 15:46:34,217] {process_utils.py:75} INFO - Sending the signal Signals.SIGTERM to group 1476
[2022-02-10 15:46:34,603] {process_utils.py:70} INFO - Process psutil.Process(pid=1476, status='terminated', exitcode=0, started='15:46:28') (1476) terminated with exit code 0
