[2022-02-03 14:47:26,640] {taskinstance.py:1032} INFO - Dependencies all met for <TaskInstance: FHV_data_ingestion_gcs_dag.download_dataset_task scheduled__2019-11-01T00:00:00+00:00 [queued]>
[2022-02-03 14:47:26,651] {taskinstance.py:1032} INFO - Dependencies all met for <TaskInstance: FHV_data_ingestion_gcs_dag.download_dataset_task scheduled__2019-11-01T00:00:00+00:00 [queued]>
[2022-02-03 14:47:26,652] {taskinstance.py:1238} INFO - 
--------------------------------------------------------------------------------
[2022-02-03 14:47:26,652] {taskinstance.py:1239} INFO - Starting attempt 1 of 1
[2022-02-03 14:47:26,653] {taskinstance.py:1240} INFO - 
--------------------------------------------------------------------------------
[2022-02-03 14:47:26,666] {taskinstance.py:1259} INFO - Executing <Task(BashOperator): download_dataset_task> on 2019-11-01 00:00:00+00:00
[2022-02-03 14:47:26,672] {standard_task_runner.py:52} INFO - Started process 1388 to run task
[2022-02-03 14:47:26,679] {standard_task_runner.py:76} INFO - Running: ['***', 'tasks', 'run', 'FHV_data_ingestion_gcs_dag', 'download_dataset_task', 'scheduled__2019-11-01T00:00:00+00:00', '--job-id', '459', '--raw', '--subdir', 'DAGS_FOLDER/FHV_injection_dag.py', '--cfg-path', '/tmp/tmpk7qwzbi1', '--error-file', '/tmp/tmpain34wkh']
[2022-02-03 14:47:26,681] {standard_task_runner.py:77} INFO - Job 459: Subtask download_dataset_task
[2022-02-03 14:47:26,752] {logging_mixin.py:109} INFO - Running <TaskInstance: FHV_data_ingestion_gcs_dag.download_dataset_task scheduled__2019-11-01T00:00:00+00:00 [running]> on host 700aeb16bae0
[2022-02-03 14:47:26,796] {warnings.py:110} WARNING - /home/***/.local/lib/python3.7/site-packages/***/utils/context.py:152: AirflowContextDeprecationWarning: Accessing 'execution_date' from the template is deprecated and will be removed in a future version. Please use 'data_interval_start' or 'logical_date' instead.
  warnings.warn(_create_deprecation_warning(key, self._deprecation_replacements[key]))

[2022-02-03 14:47:26,818] {taskinstance.py:1426} INFO - Exporting the following env vars:
AIRFLOW_CTX_DAG_OWNER=***
AIRFLOW_CTX_DAG_ID=FHV_data_ingestion_gcs_dag
AIRFLOW_CTX_TASK_ID=download_dataset_task
AIRFLOW_CTX_EXECUTION_DATE=2019-11-01T00:00:00+00:00
AIRFLOW_CTX_DAG_RUN_ID=scheduled__2019-11-01T00:00:00+00:00
[2022-02-03 14:47:26,820] {subprocess.py:62} INFO - Tmp dir root location: 
 /tmp
[2022-02-03 14:47:26,821] {subprocess.py:74} INFO - Running command: ['bash', '-c', 'curl -sSLf https://nyc-tlc.s3.amazonaws.com/trip+data/fhv_tripdata_2019-11.csv > /opt/***/fhv_tripdata_2019-11.csv']
[2022-02-03 14:47:26,833] {subprocess.py:85} INFO - Output:
[2022-02-03 14:47:55,500] {subprocess.py:93} INFO - Command exited with return code 0
[2022-02-03 14:47:55,529] {taskinstance.py:1277} INFO - Marking task as SUCCESS. dag_id=FHV_data_ingestion_gcs_dag, task_id=download_dataset_task, execution_date=20191101T000000, start_date=20220203T144726, end_date=20220203T144755
[2022-02-03 14:47:55,557] {local_task_job.py:154} INFO - Task exited with return code 0
[2022-02-03 14:47:55,594] {local_task_job.py:264} INFO - 1 downstream tasks scheduled from follow-on schedule check
[2022-02-03 15:11:49,214] {taskinstance.py:1032} INFO - Dependencies all met for <TaskInstance: FHV_data_ingestion_gcs_dag.download_dataset_task scheduled__2019-11-01T00:00:00+00:00 [queued]>
[2022-02-03 15:11:49,228] {taskinstance.py:1032} INFO - Dependencies all met for <TaskInstance: FHV_data_ingestion_gcs_dag.download_dataset_task scheduled__2019-11-01T00:00:00+00:00 [queued]>
[2022-02-03 15:11:49,229] {taskinstance.py:1238} INFO - 
--------------------------------------------------------------------------------
[2022-02-03 15:11:49,230] {taskinstance.py:1239} INFO - Starting attempt 1 of 1
[2022-02-03 15:11:49,230] {taskinstance.py:1240} INFO - 
--------------------------------------------------------------------------------
[2022-02-03 15:11:49,245] {taskinstance.py:1259} INFO - Executing <Task(BashOperator): download_dataset_task> on 2019-11-01 00:00:00+00:00
[2022-02-03 15:11:49,250] {standard_task_runner.py:52} INFO - Started process 2935 to run task
[2022-02-03 15:11:49,253] {standard_task_runner.py:76} INFO - Running: ['***', 'tasks', 'run', 'FHV_data_ingestion_gcs_dag', 'download_dataset_task', 'scheduled__2019-11-01T00:00:00+00:00', '--job-id', '557', '--raw', '--subdir', 'DAGS_FOLDER/FHV_injection_dag.py', '--cfg-path', '/tmp/tmpc3fepjok', '--error-file', '/tmp/tmphcb92jhp']
[2022-02-03 15:11:49,255] {standard_task_runner.py:77} INFO - Job 557: Subtask download_dataset_task
[2022-02-03 15:11:49,314] {logging_mixin.py:109} INFO - Running <TaskInstance: FHV_data_ingestion_gcs_dag.download_dataset_task scheduled__2019-11-01T00:00:00+00:00 [running]> on host 700aeb16bae0
[2022-02-03 15:11:49,352] {warnings.py:110} WARNING - /home/***/.local/lib/python3.7/site-packages/***/utils/context.py:152: AirflowContextDeprecationWarning: Accessing 'execution_date' from the template is deprecated and will be removed in a future version. Please use 'data_interval_start' or 'logical_date' instead.
  warnings.warn(_create_deprecation_warning(key, self._deprecation_replacements[key]))

[2022-02-03 15:11:49,372] {taskinstance.py:1426} INFO - Exporting the following env vars:
AIRFLOW_CTX_DAG_OWNER=***
AIRFLOW_CTX_DAG_ID=FHV_data_ingestion_gcs_dag
AIRFLOW_CTX_TASK_ID=download_dataset_task
AIRFLOW_CTX_EXECUTION_DATE=2019-11-01T00:00:00+00:00
AIRFLOW_CTX_DAG_RUN_ID=scheduled__2019-11-01T00:00:00+00:00
[2022-02-03 15:11:49,374] {subprocess.py:62} INFO - Tmp dir root location: 
 /tmp
[2022-02-03 15:11:49,375] {subprocess.py:74} INFO - Running command: ['bash', '-c', 'curl -sSLf https://nyc-tlc.s3.amazonaws.com/trip+data/fhv_tripdata_2019-11.csv > /opt/***/fhv_tripdata_2019-11.csv']
[2022-02-03 15:11:49,385] {subprocess.py:85} INFO - Output:
[2022-02-03 15:12:32,181] {subprocess.py:93} INFO - Command exited with return code 0
[2022-02-03 15:12:32,243] {taskinstance.py:1277} INFO - Marking task as SUCCESS. dag_id=FHV_data_ingestion_gcs_dag, task_id=download_dataset_task, execution_date=20191101T000000, start_date=20220203T151149, end_date=20220203T151232
[2022-02-03 15:12:32,283] {local_task_job.py:154} INFO - Task exited with return code 0
[2022-02-03 15:12:32,316] {local_task_job.py:264} INFO - 1 downstream tasks scheduled from follow-on schedule check
