[2022-02-02 19:00:30,607] {taskinstance.py:1032} INFO - Dependencies all met for <TaskInstance: ex_1_data_ingestion_gcs_dag_v3.format_to_parquet_task scheduled__2020-11-01T00:00:00+00:00 [queued]>
[2022-02-02 19:00:30,641] {taskinstance.py:1032} INFO - Dependencies all met for <TaskInstance: ex_1_data_ingestion_gcs_dag_v3.format_to_parquet_task scheduled__2020-11-01T00:00:00+00:00 [queued]>
[2022-02-02 19:00:30,643] {taskinstance.py:1238} INFO - 
--------------------------------------------------------------------------------
[2022-02-02 19:00:30,644] {taskinstance.py:1239} INFO - Starting attempt 1 of 1
[2022-02-02 19:00:30,645] {taskinstance.py:1240} INFO - 
--------------------------------------------------------------------------------
[2022-02-02 19:00:30,659] {taskinstance.py:1259} INFO - Executing <Task(PythonOperator): format_to_parquet_task> on 2020-11-01 00:00:00+00:00
[2022-02-02 19:00:30,667] {standard_task_runner.py:52} INFO - Started process 11141 to run task
[2022-02-02 19:00:30,694] {standard_task_runner.py:76} INFO - Running: ['***', 'tasks', 'run', 'ex_1_data_ingestion_gcs_dag_v3', 'format_to_parquet_task', 'scheduled__2020-11-01T00:00:00+00:00', '--job-id', '369', '--raw', '--subdir', 'DAGS_FOLDER/data_ingestion_hw_1_ex.py', '--cfg-path', '/tmp/tmpbxq1ij8i', '--error-file', '/tmp/tmp1im439ze']
[2022-02-02 19:00:30,697] {standard_task_runner.py:77} INFO - Job 369: Subtask format_to_parquet_task
[2022-02-02 19:00:30,819] {logging_mixin.py:109} INFO - Running <TaskInstance: ex_1_data_ingestion_gcs_dag_v3.format_to_parquet_task scheduled__2020-11-01T00:00:00+00:00 [running]> on host 700aeb16bae0
[2022-02-02 19:00:30,872] {warnings.py:110} WARNING - /home/***/.local/lib/python3.7/site-packages/***/utils/context.py:152: AirflowContextDeprecationWarning: Accessing 'execution_date' from the template is deprecated and will be removed in a future version. Please use 'data_interval_start' or 'logical_date' instead.
  warnings.warn(_create_deprecation_warning(key, self._deprecation_replacements[key]))

[2022-02-02 19:00:30,899] {taskinstance.py:1426} INFO - Exporting the following env vars:
AIRFLOW_CTX_DAG_OWNER=***
AIRFLOW_CTX_DAG_ID=ex_1_data_ingestion_gcs_dag_v3
AIRFLOW_CTX_TASK_ID=format_to_parquet_task
AIRFLOW_CTX_EXECUTION_DATE=2020-11-01T00:00:00+00:00
AIRFLOW_CTX_DAG_RUN_ID=scheduled__2020-11-01T00:00:00+00:00
[2022-02-02 19:00:31,871] {python.py:175} INFO - Done. Returned value was: None
[2022-02-02 19:00:31,887] {taskinstance.py:1277} INFO - Marking task as SUCCESS. dag_id=ex_1_data_ingestion_gcs_dag_v3, task_id=format_to_parquet_task, execution_date=20201101T000000, start_date=20220202T190030, end_date=20220202T190031
[2022-02-02 19:00:32,001] {local_task_job.py:154} INFO - Task exited with return code 0
[2022-02-02 19:00:32,047] {local_task_job.py:264} INFO - 1 downstream tasks scheduled from follow-on schedule check
[2022-02-10 13:31:56,523] {taskinstance.py:1032} INFO - Dependencies all met for <TaskInstance: ex_1_data_ingestion_gcs_dag_v3.format_to_parquet_task scheduled__2020-11-01T00:00:00+00:00 [queued]>
[2022-02-10 13:31:56,557] {taskinstance.py:1032} INFO - Dependencies all met for <TaskInstance: ex_1_data_ingestion_gcs_dag_v3.format_to_parquet_task scheduled__2020-11-01T00:00:00+00:00 [queued]>
[2022-02-10 13:31:56,559] {taskinstance.py:1238} INFO - 
--------------------------------------------------------------------------------
[2022-02-10 13:31:56,562] {taskinstance.py:1239} INFO - Starting attempt 1 of 1
[2022-02-10 13:31:56,565] {taskinstance.py:1240} INFO - 
--------------------------------------------------------------------------------
[2022-02-10 13:31:56,599] {taskinstance.py:1259} INFO - Executing <Task(PythonOperator): format_to_parquet_task> on 2020-11-01 00:00:00+00:00
[2022-02-10 13:31:56,618] {standard_task_runner.py:52} INFO - Started process 3021 to run task
[2022-02-10 13:31:56,627] {standard_task_runner.py:76} INFO - Running: ['***', 'tasks', 'run', 'ex_1_data_ingestion_gcs_dag_v3', 'format_to_parquet_task', 'scheduled__2020-11-01T00:00:00+00:00', '--job-id', '727', '--raw', '--subdir', 'DAGS_FOLDER/data_ingestion_hw_1_ex.py', '--cfg-path', '/tmp/tmpzoox8dnb', '--error-file', '/tmp/tmpjtxvxnl7']
[2022-02-10 13:31:56,632] {standard_task_runner.py:77} INFO - Job 727: Subtask format_to_parquet_task
[2022-02-10 13:31:56,784] {logging_mixin.py:109} INFO - Running <TaskInstance: ex_1_data_ingestion_gcs_dag_v3.format_to_parquet_task scheduled__2020-11-01T00:00:00+00:00 [running]> on host e30f201fae61
[2022-02-10 13:31:56,883] {warnings.py:110} WARNING - /home/***/.local/lib/python3.7/site-packages/***/utils/context.py:152: AirflowContextDeprecationWarning: Accessing 'execution_date' from the template is deprecated and will be removed in a future version. Please use 'data_interval_start' or 'logical_date' instead.
  warnings.warn(_create_deprecation_warning(key, self._deprecation_replacements[key]))

[2022-02-10 13:31:56,933] {taskinstance.py:1426} INFO - Exporting the following env vars:
AIRFLOW_CTX_DAG_OWNER=***
AIRFLOW_CTX_DAG_ID=ex_1_data_ingestion_gcs_dag_v3
AIRFLOW_CTX_TASK_ID=format_to_parquet_task
AIRFLOW_CTX_EXECUTION_DATE=2020-11-01T00:00:00+00:00
AIRFLOW_CTX_DAG_RUN_ID=scheduled__2020-11-01T00:00:00+00:00
[2022-02-10 13:31:59,767] {python.py:175} INFO - Done. Returned value was: None
[2022-02-10 13:31:59,798] {taskinstance.py:1277} INFO - Marking task as SUCCESS. dag_id=ex_1_data_ingestion_gcs_dag_v3, task_id=format_to_parquet_task, execution_date=20201101T000000, start_date=20220210T133156, end_date=20220210T133159
[2022-02-10 13:32:00,023] {local_task_job.py:154} INFO - Task exited with return code 0
[2022-02-10 13:32:00,160] {local_task_job.py:264} INFO - 0 downstream tasks scheduled from follow-on schedule check
[2022-02-10 15:41:00,743] {taskinstance.py:1032} INFO - Dependencies all met for <TaskInstance: ex_1_data_ingestion_gcs_dag_v3.format_to_parquet_task scheduled__2020-11-01T00:00:00+00:00 [queued]>
[2022-02-10 15:41:00,765] {taskinstance.py:1032} INFO - Dependencies all met for <TaskInstance: ex_1_data_ingestion_gcs_dag_v3.format_to_parquet_task scheduled__2020-11-01T00:00:00+00:00 [queued]>
[2022-02-10 15:41:00,766] {taskinstance.py:1238} INFO - 
--------------------------------------------------------------------------------
[2022-02-10 15:41:00,768] {taskinstance.py:1239} INFO - Starting attempt 1 of 1
[2022-02-10 15:41:00,770] {taskinstance.py:1240} INFO - 
--------------------------------------------------------------------------------
[2022-02-10 15:41:00,785] {taskinstance.py:1259} INFO - Executing <Task(PythonOperator): format_to_parquet_task> on 2020-11-01 00:00:00+00:00
[2022-02-10 15:41:00,796] {standard_task_runner.py:52} INFO - Started process 965 to run task
[2022-02-10 15:41:00,803] {standard_task_runner.py:76} INFO - Running: ['***', 'tasks', 'run', 'ex_1_data_ingestion_gcs_dag_v3', 'format_to_parquet_task', 'scheduled__2020-11-01T00:00:00+00:00', '--job-id', '848', '--raw', '--subdir', 'DAGS_FOLDER/data_ingestion_hw_1_ex.py', '--cfg-path', '/tmp/tmpuw0f55ih', '--error-file', '/tmp/tmpy5_xyirq']
[2022-02-10 15:41:00,806] {standard_task_runner.py:77} INFO - Job 848: Subtask format_to_parquet_task
[2022-02-10 15:41:00,903] {logging_mixin.py:109} INFO - Running <TaskInstance: ex_1_data_ingestion_gcs_dag_v3.format_to_parquet_task scheduled__2020-11-01T00:00:00+00:00 [running]> on host 276a0ad90304
[2022-02-10 15:41:00,950] {warnings.py:110} WARNING - /home/***/.local/lib/python3.7/site-packages/***/utils/context.py:152: AirflowContextDeprecationWarning: Accessing 'execution_date' from the template is deprecated and will be removed in a future version. Please use 'data_interval_start' or 'logical_date' instead.
  warnings.warn(_create_deprecation_warning(key, self._deprecation_replacements[key]))

[2022-02-10 15:41:00,981] {taskinstance.py:1426} INFO - Exporting the following env vars:
AIRFLOW_CTX_DAG_OWNER=***
AIRFLOW_CTX_DAG_ID=ex_1_data_ingestion_gcs_dag_v3
AIRFLOW_CTX_TASK_ID=format_to_parquet_task
AIRFLOW_CTX_EXECUTION_DATE=2020-11-01T00:00:00+00:00
AIRFLOW_CTX_DAG_RUN_ID=scheduled__2020-11-01T00:00:00+00:00
[2022-02-10 15:41:02,081] {python.py:175} INFO - Done. Returned value was: None
[2022-02-10 15:41:02,096] {taskinstance.py:1277} INFO - Marking task as SUCCESS. dag_id=ex_1_data_ingestion_gcs_dag_v3, task_id=format_to_parquet_task, execution_date=20201101T000000, start_date=20220210T154100, end_date=20220210T154102
[2022-02-10 15:41:02,191] {local_task_job.py:154} INFO - Task exited with return code 0
[2022-02-10 15:41:02,260] {local_task_job.py:264} INFO - 0 downstream tasks scheduled from follow-on schedule check
