[2022-02-01 15:14:53,330] {taskinstance.py:1032} INFO - Dependencies all met for <TaskInstance: data_ingestion_gcs_dag.format_to_parquet_task manual__2022-02-01T15:00:43.060884+00:00 [queued]>
[2022-02-01 15:14:53,341] {taskinstance.py:1032} INFO - Dependencies all met for <TaskInstance: data_ingestion_gcs_dag.format_to_parquet_task manual__2022-02-01T15:00:43.060884+00:00 [queued]>
[2022-02-01 15:14:53,342] {taskinstance.py:1238} INFO - 
--------------------------------------------------------------------------------
[2022-02-01 15:14:53,343] {taskinstance.py:1239} INFO - Starting attempt 1 of 2
[2022-02-01 15:14:53,343] {taskinstance.py:1240} INFO - 
--------------------------------------------------------------------------------
[2022-02-01 15:14:53,356] {taskinstance.py:1259} INFO - Executing <Task(PythonOperator): format_to_parquet_task> on 2022-02-01 15:00:43.060884+00:00
[2022-02-01 15:14:53,364] {standard_task_runner.py:52} INFO - Started process 109 to run task
[2022-02-01 15:14:53,369] {standard_task_runner.py:76} INFO - Running: ['***', 'tasks', 'run', 'data_ingestion_gcs_dag', 'format_to_parquet_task', 'manual__2022-02-01T15:00:43.060884+00:00', '--job-id', '16', '--raw', '--subdir', 'DAGS_FOLDER/data-ingestion-gcs-dag.py', '--cfg-path', '/tmp/tmpo21u7r75', '--error-file', '/tmp/tmpio8_6rn5']
[2022-02-01 15:14:53,370] {standard_task_runner.py:77} INFO - Job 16: Subtask format_to_parquet_task
[2022-02-01 15:14:53,438] {logging_mixin.py:109} INFO - Running <TaskInstance: data_ingestion_gcs_dag.format_to_parquet_task manual__2022-02-01T15:00:43.060884+00:00 [running]> on host 3895c9916fe2
[2022-02-01 15:14:53,496] {taskinstance.py:1426} INFO - Exporting the following env vars:
AIRFLOW_CTX_DAG_OWNER=***
AIRFLOW_CTX_DAG_ID=data_ingestion_gcs_dag
AIRFLOW_CTX_TASK_ID=format_to_parquet_task
AIRFLOW_CTX_EXECUTION_DATE=2022-02-01T15:00:43.060884+00:00
AIRFLOW_CTX_DAG_RUN_ID=manual__2022-02-01T15:00:43.060884+00:00
[2022-02-01 15:14:54,385] {python.py:175} INFO - Done. Returned value was: None
[2022-02-01 15:14:54,401] {taskinstance.py:1277} INFO - Marking task as SUCCESS. dag_id=data_ingestion_gcs_dag, task_id=format_to_parquet_task, execution_date=20220201T150043, start_date=20220201T151453, end_date=20220201T151454
[2022-02-01 15:14:54,513] {local_task_job.py:154} INFO - Task exited with return code 0
[2022-02-01 15:14:54,564] {local_task_job.py:264} INFO - 1 downstream tasks scheduled from follow-on schedule check
