[2022-02-02 13:28:56,883] {taskinstance.py:1032} INFO - Dependencies all met for <TaskInstance: hw_data_ingestion_gcs_dag.local_to_gcs_task manual__2022-02-02T13:28:51.082489+00:00 [queued]>
[2022-02-02 13:28:56,911] {taskinstance.py:1032} INFO - Dependencies all met for <TaskInstance: hw_data_ingestion_gcs_dag.local_to_gcs_task manual__2022-02-02T13:28:51.082489+00:00 [queued]>
[2022-02-02 13:28:56,913] {taskinstance.py:1238} INFO - 
--------------------------------------------------------------------------------
[2022-02-02 13:28:56,914] {taskinstance.py:1239} INFO - Starting attempt 1 of 2
[2022-02-02 13:28:56,915] {taskinstance.py:1240} INFO - 
--------------------------------------------------------------------------------
[2022-02-02 13:28:56,948] {taskinstance.py:1259} INFO - Executing <Task(PythonOperator): local_to_gcs_task> on 2022-02-02 13:28:51.082489+00:00
[2022-02-02 13:28:56,957] {standard_task_runner.py:52} INFO - Started process 528 to run task
[2022-02-02 13:28:56,962] {standard_task_runner.py:76} INFO - Running: ['***', 'tasks', 'run', 'hw_data_ingestion_gcs_dag', 'local_to_gcs_task', 'manual__2022-02-02T13:28:51.082489+00:00', '--job-id', '104', '--raw', '--subdir', 'DAGS_FOLDER/data_ingestion_hw_1_ex.py', '--cfg-path', '/tmp/tmpm1kqz5z0', '--error-file', '/tmp/tmpe28m6uih']
[2022-02-02 13:28:56,964] {standard_task_runner.py:77} INFO - Job 104: Subtask local_to_gcs_task
[2022-02-02 13:28:57,032] {logging_mixin.py:109} INFO - Running <TaskInstance: hw_data_ingestion_gcs_dag.local_to_gcs_task manual__2022-02-02T13:28:51.082489+00:00 [running]> on host 700aeb16bae0
[2022-02-02 13:28:57,076] {warnings.py:110} WARNING - /home/***/.local/lib/python3.7/site-packages/***/utils/context.py:152: AirflowContextDeprecationWarning: Accessing 'execution_date' from the template is deprecated and will be removed in a future version. Please use 'data_interval_start' or 'logical_date' instead.
  warnings.warn(_create_deprecation_warning(key, self._deprecation_replacements[key]))

[2022-02-02 13:28:57,099] {taskinstance.py:1426} INFO - Exporting the following env vars:
AIRFLOW_CTX_DAG_OWNER=***
AIRFLOW_CTX_DAG_ID=hw_data_ingestion_gcs_dag
AIRFLOW_CTX_TASK_ID=local_to_gcs_task
AIRFLOW_CTX_EXECUTION_DATE=2022-02-02T13:28:51.082489+00:00
AIRFLOW_CTX_DAG_RUN_ID=manual__2022-02-02T13:28:51.082489+00:00
[2022-02-02 13:28:57,400] {python.py:175} INFO - Done. Returned value was: None
[2022-02-02 13:28:57,414] {taskinstance.py:1277} INFO - Marking task as SUCCESS. dag_id=hw_data_ingestion_gcs_dag, task_id=local_to_gcs_task, execution_date=20220202T132851, start_date=20220202T132856, end_date=20220202T132857
[2022-02-02 13:28:57,458] {local_task_job.py:154} INFO - Task exited with return code 0
[2022-02-02 13:28:57,492] {local_task_job.py:264} INFO - 0 downstream tasks scheduled from follow-on schedule check
