[2022-02-10 12:43:18,070] {taskinstance.py:1032} INFO - Dependencies all met for <TaskInstance: ex_1_data_ingestion_gcs_dag_v3.local_to_gcs_task manual__2022-02-10T12:43:11.439936+00:00 [queued]>
[2022-02-10 12:43:18,088] {taskinstance.py:1032} INFO - Dependencies all met for <TaskInstance: ex_1_data_ingestion_gcs_dag_v3.local_to_gcs_task manual__2022-02-10T12:43:11.439936+00:00 [queued]>
[2022-02-10 12:43:18,089] {taskinstance.py:1238} INFO - 
--------------------------------------------------------------------------------
[2022-02-10 12:43:18,090] {taskinstance.py:1239} INFO - Starting attempt 1 of 1
[2022-02-10 12:43:18,091] {taskinstance.py:1240} INFO - 
--------------------------------------------------------------------------------
[2022-02-10 12:43:18,108] {taskinstance.py:1259} INFO - Executing <Task(PythonOperator): local_to_gcs_task> on 2022-02-10 12:43:11.439936+00:00
[2022-02-10 12:43:18,117] {standard_task_runner.py:52} INFO - Started process 443 to run task
[2022-02-10 12:43:18,124] {standard_task_runner.py:76} INFO - Running: ['***', 'tasks', 'run', 'ex_1_data_ingestion_gcs_dag_v3', 'local_to_gcs_task', 'manual__2022-02-10T12:43:11.439936+00:00', '--job-id', '659', '--raw', '--subdir', 'DAGS_FOLDER/data_ingestion_hw_1_ex.py', '--cfg-path', '/tmp/tmpy8_t_4b8', '--error-file', '/tmp/tmp_sag1al0']
[2022-02-10 12:43:18,133] {standard_task_runner.py:77} INFO - Job 659: Subtask local_to_gcs_task
[2022-02-10 12:43:18,218] {logging_mixin.py:109} INFO - Running <TaskInstance: ex_1_data_ingestion_gcs_dag_v3.local_to_gcs_task manual__2022-02-10T12:43:11.439936+00:00 [running]> on host e30f201fae61
[2022-02-10 12:43:18,261] {warnings.py:110} WARNING - /home/***/.local/lib/python3.7/site-packages/***/utils/context.py:152: AirflowContextDeprecationWarning: Accessing 'execution_date' from the template is deprecated and will be removed in a future version. Please use 'data_interval_start' or 'logical_date' instead.
  warnings.warn(_create_deprecation_warning(key, self._deprecation_replacements[key]))

[2022-02-10 12:43:18,296] {taskinstance.py:1426} INFO - Exporting the following env vars:
AIRFLOW_CTX_DAG_OWNER=***
AIRFLOW_CTX_DAG_ID=ex_1_data_ingestion_gcs_dag_v3
AIRFLOW_CTX_TASK_ID=local_to_gcs_task
AIRFLOW_CTX_EXECUTION_DATE=2022-02-10T12:43:11.439936+00:00
AIRFLOW_CTX_DAG_RUN_ID=manual__2022-02-10T12:43:11.439936+00:00
[2022-02-10 12:43:18,604] {python.py:175} INFO - Done. Returned value was: None
[2022-02-10 12:43:18,629] {taskinstance.py:1277} INFO - Marking task as SUCCESS. dag_id=ex_1_data_ingestion_gcs_dag_v3, task_id=local_to_gcs_task, execution_date=20220210T124311, start_date=20220210T124318, end_date=20220210T124318
[2022-02-10 12:43:18,702] {local_task_job.py:154} INFO - Task exited with return code 0
[2022-02-10 12:43:18,759] {local_task_job.py:264} INFO - 0 downstream tasks scheduled from follow-on schedule check
