[2022-02-01 15:14:08,997] {taskinstance.py:1032} INFO - Dependencies all met for <TaskInstance: data_ingestion_gcs_dag.download_dataset_task manual__2022-02-01T15:00:43.060884+00:00 [queued]>
[2022-02-01 15:14:09,020] {taskinstance.py:1032} INFO - Dependencies all met for <TaskInstance: data_ingestion_gcs_dag.download_dataset_task manual__2022-02-01T15:00:43.060884+00:00 [queued]>
[2022-02-01 15:14:09,021] {taskinstance.py:1238} INFO - 
--------------------------------------------------------------------------------
[2022-02-01 15:14:09,022] {taskinstance.py:1239} INFO - Starting attempt 1 of 2
[2022-02-01 15:14:09,024] {taskinstance.py:1240} INFO - 
--------------------------------------------------------------------------------
[2022-02-01 15:14:09,050] {taskinstance.py:1259} INFO - Executing <Task(BashOperator): download_dataset_task> on 2022-02-01 15:00:43.060884+00:00
[2022-02-01 15:14:09,056] {standard_task_runner.py:52} INFO - Started process 64 to run task
[2022-02-01 15:14:09,067] {standard_task_runner.py:76} INFO - Running: ['***', 'tasks', 'run', 'data_ingestion_gcs_dag', 'download_dataset_task', 'manual__2022-02-01T15:00:43.060884+00:00', '--job-id', '15', '--raw', '--subdir', 'DAGS_FOLDER/data-ingestion-gcs-dag.py', '--cfg-path', '/tmp/tmpw77hvoxw', '--error-file', '/tmp/tmp4_y9jyrg']
[2022-02-01 15:14:09,071] {standard_task_runner.py:77} INFO - Job 15: Subtask download_dataset_task
[2022-02-01 15:14:09,192] {logging_mixin.py:109} INFO - Running <TaskInstance: data_ingestion_gcs_dag.download_dataset_task manual__2022-02-01T15:00:43.060884+00:00 [running]> on host 3895c9916fe2
[2022-02-01 15:14:09,284] {taskinstance.py:1426} INFO - Exporting the following env vars:
AIRFLOW_CTX_DAG_OWNER=***
AIRFLOW_CTX_DAG_ID=data_ingestion_gcs_dag
AIRFLOW_CTX_TASK_ID=download_dataset_task
AIRFLOW_CTX_EXECUTION_DATE=2022-02-01T15:00:43.060884+00:00
AIRFLOW_CTX_DAG_RUN_ID=manual__2022-02-01T15:00:43.060884+00:00
[2022-02-01 15:14:09,289] {subprocess.py:62} INFO - Tmp dir root location: 
 /tmp
[2022-02-01 15:14:09,293] {subprocess.py:74} INFO - Running command: ['bash', '-c', 'curl -sS https://s3.amazonaws.com/nyc-tlc/trip+data/yellow_tripdata_2021-01.csv > /opt/***/yellow_tripdata_2021-01.csv']
[2022-02-01 15:14:09,332] {subprocess.py:85} INFO - Output:
[2022-02-01 15:14:51,282] {subprocess.py:93} INFO - Command exited with return code 0
[2022-02-01 15:14:51,316] {taskinstance.py:1277} INFO - Marking task as SUCCESS. dag_id=data_ingestion_gcs_dag, task_id=download_dataset_task, execution_date=20220201T150043, start_date=20220201T151408, end_date=20220201T151451
[2022-02-01 15:14:51,376] {local_task_job.py:154} INFO - Task exited with return code 0
[2022-02-01 15:14:51,429] {local_task_job.py:264} INFO - 1 downstream tasks scheduled from follow-on schedule check
