[2022-02-02 13:21:16,175] {taskinstance.py:1032} INFO - Dependencies all met for <TaskInstance: data_ingestion_gcs_dag.format_to_parquet_task scheduled__2022-02-01T00:00:00+00:00 [queued]>
[2022-02-02 13:21:16,192] {taskinstance.py:1032} INFO - Dependencies all met for <TaskInstance: data_ingestion_gcs_dag.format_to_parquet_task scheduled__2022-02-01T00:00:00+00:00 [queued]>
[2022-02-02 13:21:16,194] {taskinstance.py:1238} INFO - 
--------------------------------------------------------------------------------
[2022-02-02 13:21:16,195] {taskinstance.py:1239} INFO - Starting attempt 1 of 2
[2022-02-02 13:21:16,197] {taskinstance.py:1240} INFO - 
--------------------------------------------------------------------------------
[2022-02-02 13:21:16,220] {taskinstance.py:1259} INFO - Executing <Task(PythonOperator): format_to_parquet_task> on 2022-02-01 00:00:00+00:00
[2022-02-02 13:21:16,230] {standard_task_runner.py:52} INFO - Started process 96 to run task
[2022-02-02 13:21:16,237] {standard_task_runner.py:76} INFO - Running: ['***', 'tasks', 'run', 'data_ingestion_gcs_dag', 'format_to_parquet_task', 'scheduled__2022-02-01T00:00:00+00:00', '--job-id', '90', '--raw', '--subdir', 'DAGS_FOLDER/data-ingestion-gcs-dag.py', '--cfg-path', '/tmp/tmpyjm6i1h1', '--error-file', '/tmp/tmpt6454vw0']
[2022-02-02 13:21:16,240] {standard_task_runner.py:77} INFO - Job 90: Subtask format_to_parquet_task
[2022-02-02 13:21:16,335] {logging_mixin.py:109} INFO - Running <TaskInstance: data_ingestion_gcs_dag.format_to_parquet_task scheduled__2022-02-01T00:00:00+00:00 [running]> on host 700aeb16bae0
[2022-02-02 13:21:16,387] {taskinstance.py:1426} INFO - Exporting the following env vars:
AIRFLOW_CTX_DAG_OWNER=***
AIRFLOW_CTX_DAG_ID=data_ingestion_gcs_dag
AIRFLOW_CTX_TASK_ID=format_to_parquet_task
AIRFLOW_CTX_EXECUTION_DATE=2022-02-01T00:00:00+00:00
AIRFLOW_CTX_DAG_RUN_ID=scheduled__2022-02-01T00:00:00+00:00
[2022-02-02 13:21:17,797] {python.py:175} INFO - Done. Returned value was: None
[2022-02-02 13:21:17,813] {taskinstance.py:1277} INFO - Marking task as SUCCESS. dag_id=data_ingestion_gcs_dag, task_id=format_to_parquet_task, execution_date=20220201T000000, start_date=20220202T132116, end_date=20220202T132117
[2022-02-02 13:21:17,927] {local_task_job.py:154} INFO - Task exited with return code 0
[2022-02-02 13:21:17,978] {local_task_job.py:264} INFO - 1 downstream tasks scheduled from follow-on schedule check
