[2022-02-02 19:14:50,749] {taskinstance.py:1032} INFO - Dependencies all met for <TaskInstance: ex_1_data_ingestion_gcs_dag_v3.format_to_parquet_task scheduled__2022-01-01T00:00:00+00:00 [queued]>
[2022-02-02 19:14:50,764] {taskinstance.py:1032} INFO - Dependencies all met for <TaskInstance: ex_1_data_ingestion_gcs_dag_v3.format_to_parquet_task scheduled__2022-01-01T00:00:00+00:00 [queued]>
[2022-02-02 19:14:50,765] {taskinstance.py:1238} INFO - 
--------------------------------------------------------------------------------
[2022-02-02 19:14:50,767] {taskinstance.py:1239} INFO - Starting attempt 1 of 1
[2022-02-02 19:14:50,768] {taskinstance.py:1240} INFO - 
--------------------------------------------------------------------------------
[2022-02-02 19:14:50,782] {taskinstance.py:1259} INFO - Executing <Task(PythonOperator): format_to_parquet_task> on 2022-01-01 00:00:00+00:00
[2022-02-02 19:14:50,791] {standard_task_runner.py:52} INFO - Started process 12034 to run task
[2022-02-02 19:14:50,804] {standard_task_runner.py:76} INFO - Running: ['***', 'tasks', 'run', 'ex_1_data_ingestion_gcs_dag_v3', 'format_to_parquet_task', 'scheduled__2022-01-01T00:00:00+00:00', '--job-id', '411', '--raw', '--subdir', 'DAGS_FOLDER/data_ingestion_hw_1_ex.py', '--cfg-path', '/tmp/tmp2vjgeueu', '--error-file', '/tmp/tmpewe2f4pz']
[2022-02-02 19:14:50,807] {standard_task_runner.py:77} INFO - Job 411: Subtask format_to_parquet_task
[2022-02-02 19:14:50,894] {logging_mixin.py:109} INFO - Running <TaskInstance: ex_1_data_ingestion_gcs_dag_v3.format_to_parquet_task scheduled__2022-01-01T00:00:00+00:00 [running]> on host 700aeb16bae0
[2022-02-02 19:14:50,953] {warnings.py:110} WARNING - /home/***/.local/lib/python3.7/site-packages/***/utils/context.py:152: AirflowContextDeprecationWarning: Accessing 'execution_date' from the template is deprecated and will be removed in a future version. Please use 'data_interval_start' or 'logical_date' instead.
  warnings.warn(_create_deprecation_warning(key, self._deprecation_replacements[key]))

[2022-02-02 19:14:50,986] {taskinstance.py:1426} INFO - Exporting the following env vars:
AIRFLOW_CTX_DAG_OWNER=***
AIRFLOW_CTX_DAG_ID=ex_1_data_ingestion_gcs_dag_v3
AIRFLOW_CTX_TASK_ID=format_to_parquet_task
AIRFLOW_CTX_EXECUTION_DATE=2022-01-01T00:00:00+00:00
AIRFLOW_CTX_DAG_RUN_ID=scheduled__2022-01-01T00:00:00+00:00
[2022-02-02 19:14:51,101] {python.py:175} INFO - Done. Returned value was: None
[2022-02-02 19:14:51,132] {taskinstance.py:1277} INFO - Marking task as SUCCESS. dag_id=ex_1_data_ingestion_gcs_dag_v3, task_id=format_to_parquet_task, execution_date=20220101T000000, start_date=20220202T191450, end_date=20220202T191451
[2022-02-02 19:14:51,180] {local_task_job.py:154} INFO - Task exited with return code 0
[2022-02-02 19:14:51,226] {local_task_job.py:264} INFO - 1 downstream tasks scheduled from follow-on schedule check
