[2022-02-02 17:46:06,360] {taskinstance.py:1032} INFO - Dependencies all met for <TaskInstance: ex_1_data_ingestion_gcs_dag_v2.download_dataset_task scheduled__2020-08-01T00:00:00+00:00 [queued]>
[2022-02-02 17:46:06,899] {taskinstance.py:1032} INFO - Dependencies all met for <TaskInstance: ex_1_data_ingestion_gcs_dag_v2.download_dataset_task scheduled__2020-08-01T00:00:00+00:00 [queued]>
[2022-02-02 17:46:06,937] {taskinstance.py:1238} INFO - 
--------------------------------------------------------------------------------
[2022-02-02 17:46:06,947] {taskinstance.py:1239} INFO - Starting attempt 1 of 1
[2022-02-02 17:46:06,955] {taskinstance.py:1240} INFO - 
--------------------------------------------------------------------------------
[2022-02-02 17:46:07,287] {taskinstance.py:1259} INFO - Executing <Task(BashOperator): download_dataset_task> on 2020-08-01 00:00:00+00:00
[2022-02-02 17:46:07,439] {standard_task_runner.py:52} INFO - Started process 7010 to run task
[2022-02-02 17:46:07,529] {standard_task_runner.py:76} INFO - Running: ['***', 'tasks', 'run', 'ex_1_data_ingestion_gcs_dag_v2', 'download_dataset_task', 'scheduled__2020-08-01T00:00:00+00:00', '--job-id', '240', '--raw', '--subdir', 'DAGS_FOLDER/data_ingestion_hw_1_ex.py', '--cfg-path', '/tmp/tmpwev8sbv8', '--error-file', '/tmp/tmpye24p82u']
[2022-02-02 17:46:07,655] {standard_task_runner.py:77} INFO - Job 240: Subtask download_dataset_task
[2022-02-02 17:46:08,455] {logging_mixin.py:109} INFO - Running <TaskInstance: ex_1_data_ingestion_gcs_dag_v2.download_dataset_task scheduled__2020-08-01T00:00:00+00:00 [running]> on host 700aeb16bae0
[2022-02-02 17:46:09,513] {warnings.py:110} WARNING - /home/***/.local/lib/python3.7/site-packages/***/utils/context.py:152: AirflowContextDeprecationWarning: Accessing 'execution_date' from the template is deprecated and will be removed in a future version. Please use 'data_interval_start' or 'logical_date' instead.
  warnings.warn(_create_deprecation_warning(key, self._deprecation_replacements[key]))

[2022-02-02 17:46:10,335] {taskinstance.py:1426} INFO - Exporting the following env vars:
AIRFLOW_CTX_DAG_OWNER=***
AIRFLOW_CTX_DAG_ID=ex_1_data_ingestion_gcs_dag_v2
AIRFLOW_CTX_TASK_ID=download_dataset_task
AIRFLOW_CTX_EXECUTION_DATE=2020-08-01T00:00:00+00:00
AIRFLOW_CTX_DAG_RUN_ID=scheduled__2020-08-01T00:00:00+00:00
[2022-02-02 17:46:10,346] {subprocess.py:62} INFO - Tmp dir root location: 
 /tmp
[2022-02-02 17:46:10,392] {subprocess.py:74} INFO - Running command: ['bash', '-c', 'curl -sS https://s3.amazonaws.com/nyc-tlc/trip+data/yellow_tripdata_2020-08.csv > /opt/***/yellow_tripdata_2020-08.csv']
[2022-02-02 17:46:10,923] {subprocess.py:85} INFO - Output:
[2022-02-02 17:47:35,970] {subprocess.py:93} INFO - Command exited with return code 0
[2022-02-02 17:47:39,826] {taskinstance.py:1277} INFO - Marking task as SUCCESS. dag_id=ex_1_data_ingestion_gcs_dag_v2, task_id=download_dataset_task, execution_date=20200801T000000, start_date=20220202T174606, end_date=20220202T174739
[2022-02-02 17:47:40,545] {local_task_job.py:154} INFO - Task exited with return code 0
[2022-02-02 17:47:41,974] {local_task_job.py:264} INFO - 0 downstream tasks scheduled from follow-on schedule check
