[2022-02-03 15:22:19,700] {taskinstance.py:1032} INFO - Dependencies all met for <TaskInstance: FHV_data_ingestion_gcs_dag.format_to_parquet_task scheduled__2021-06-01T00:00:00+00:00 [queued]>
[2022-02-03 15:22:19,710] {taskinstance.py:1032} INFO - Dependencies all met for <TaskInstance: FHV_data_ingestion_gcs_dag.format_to_parquet_task scheduled__2021-06-01T00:00:00+00:00 [queued]>
[2022-02-03 15:22:19,710] {taskinstance.py:1238} INFO - 
--------------------------------------------------------------------------------
[2022-02-03 15:22:19,711] {taskinstance.py:1239} INFO - Starting attempt 1 of 1
[2022-02-03 15:22:19,711] {taskinstance.py:1240} INFO - 
--------------------------------------------------------------------------------
[2022-02-03 15:22:19,722] {taskinstance.py:1259} INFO - Executing <Task(PythonOperator): format_to_parquet_task> on 2021-06-01 00:00:00+00:00
[2022-02-03 15:22:19,726] {standard_task_runner.py:52} INFO - Started process 3799 to run task
[2022-02-03 15:22:19,730] {standard_task_runner.py:76} INFO - Running: ['***', 'tasks', 'run', 'FHV_data_ingestion_gcs_dag', 'format_to_parquet_task', 'scheduled__2021-06-01T00:00:00+00:00', '--job-id', '620', '--raw', '--subdir', 'DAGS_FOLDER/FHV_injection_dag.py', '--cfg-path', '/tmp/tmp3fcdb5v6', '--error-file', '/tmp/tmppz04xsyo']
[2022-02-03 15:22:19,732] {standard_task_runner.py:77} INFO - Job 620: Subtask format_to_parquet_task
[2022-02-03 15:22:19,789] {logging_mixin.py:109} INFO - Running <TaskInstance: FHV_data_ingestion_gcs_dag.format_to_parquet_task scheduled__2021-06-01T00:00:00+00:00 [running]> on host 700aeb16bae0
[2022-02-03 15:22:19,827] {warnings.py:110} WARNING - /home/***/.local/lib/python3.7/site-packages/***/utils/context.py:152: AirflowContextDeprecationWarning: Accessing 'execution_date' from the template is deprecated and will be removed in a future version. Please use 'data_interval_start' or 'logical_date' instead.
  warnings.warn(_create_deprecation_warning(key, self._deprecation_replacements[key]))

[2022-02-03 15:22:19,847] {taskinstance.py:1426} INFO - Exporting the following env vars:
AIRFLOW_CTX_DAG_OWNER=***
AIRFLOW_CTX_DAG_ID=FHV_data_ingestion_gcs_dag
AIRFLOW_CTX_TASK_ID=format_to_parquet_task
AIRFLOW_CTX_EXECUTION_DATE=2021-06-01T00:00:00+00:00
AIRFLOW_CTX_DAG_RUN_ID=scheduled__2021-06-01T00:00:00+00:00
[2022-02-03 15:22:20,251] {python.py:175} INFO - Done. Returned value was: None
[2022-02-03 15:22:20,266] {taskinstance.py:1277} INFO - Marking task as SUCCESS. dag_id=FHV_data_ingestion_gcs_dag, task_id=format_to_parquet_task, execution_date=20210601T000000, start_date=20220203T152219, end_date=20220203T152220
[2022-02-03 15:22:20,352] {local_task_job.py:154} INFO - Task exited with return code 0
[2022-02-03 15:22:20,392] {local_task_job.py:264} INFO - 1 downstream tasks scheduled from follow-on schedule check
