[2022-02-02 19:07:29,423] {taskinstance.py:1032} INFO - Dependencies all met for <TaskInstance: ex_1_data_ingestion_gcs_dag_v3.format_to_parquet_task scheduled__2021-04-01T00:00:00+00:00 [queued]>
[2022-02-02 19:07:29,439] {taskinstance.py:1032} INFO - Dependencies all met for <TaskInstance: ex_1_data_ingestion_gcs_dag_v3.format_to_parquet_task scheduled__2021-04-01T00:00:00+00:00 [queued]>
[2022-02-02 19:07:29,441] {taskinstance.py:1238} INFO - 
--------------------------------------------------------------------------------
[2022-02-02 19:07:29,442] {taskinstance.py:1239} INFO - Starting attempt 1 of 1
[2022-02-02 19:07:29,443] {taskinstance.py:1240} INFO - 
--------------------------------------------------------------------------------
[2022-02-02 19:07:29,466] {taskinstance.py:1259} INFO - Executing <Task(PythonOperator): format_to_parquet_task> on 2021-04-01 00:00:00+00:00
[2022-02-02 19:07:29,473] {standard_task_runner.py:52} INFO - Started process 11557 to run task
[2022-02-02 19:07:29,483] {standard_task_runner.py:76} INFO - Running: ['***', 'tasks', 'run', 'ex_1_data_ingestion_gcs_dag_v3', 'format_to_parquet_task', 'scheduled__2021-04-01T00:00:00+00:00', '--job-id', '384', '--raw', '--subdir', 'DAGS_FOLDER/data_ingestion_hw_1_ex.py', '--cfg-path', '/tmp/tmpx5yrq4lw', '--error-file', '/tmp/tmp2ulgzam4']
[2022-02-02 19:07:29,485] {standard_task_runner.py:77} INFO - Job 384: Subtask format_to_parquet_task
[2022-02-02 19:07:29,589] {logging_mixin.py:109} INFO - Running <TaskInstance: ex_1_data_ingestion_gcs_dag_v3.format_to_parquet_task scheduled__2021-04-01T00:00:00+00:00 [running]> on host 700aeb16bae0
[2022-02-02 19:07:29,641] {warnings.py:110} WARNING - /home/***/.local/lib/python3.7/site-packages/***/utils/context.py:152: AirflowContextDeprecationWarning: Accessing 'execution_date' from the template is deprecated and will be removed in a future version. Please use 'data_interval_start' or 'logical_date' instead.
  warnings.warn(_create_deprecation_warning(key, self._deprecation_replacements[key]))

[2022-02-02 19:07:29,675] {taskinstance.py:1426} INFO - Exporting the following env vars:
AIRFLOW_CTX_DAG_OWNER=***
AIRFLOW_CTX_DAG_ID=ex_1_data_ingestion_gcs_dag_v3
AIRFLOW_CTX_TASK_ID=format_to_parquet_task
AIRFLOW_CTX_EXECUTION_DATE=2021-04-01T00:00:00+00:00
AIRFLOW_CTX_DAG_RUN_ID=scheduled__2021-04-01T00:00:00+00:00
[2022-02-02 19:07:31,229] {python.py:175} INFO - Done. Returned value was: None
[2022-02-02 19:07:31,250] {taskinstance.py:1277} INFO - Marking task as SUCCESS. dag_id=ex_1_data_ingestion_gcs_dag_v3, task_id=format_to_parquet_task, execution_date=20210401T000000, start_date=20220202T190729, end_date=20220202T190731
[2022-02-02 19:07:31,440] {local_task_job.py:154} INFO - Task exited with return code 0
[2022-02-02 19:07:31,512] {local_task_job.py:264} INFO - 1 downstream tasks scheduled from follow-on schedule check
[2022-02-10 14:50:30,332] {taskinstance.py:1032} INFO - Dependencies all met for <TaskInstance: ex_1_data_ingestion_gcs_dag_v3.format_to_parquet_task scheduled__2021-04-01T00:00:00+00:00 [queued]>
[2022-02-10 14:50:30,365] {taskinstance.py:1032} INFO - Dependencies all met for <TaskInstance: ex_1_data_ingestion_gcs_dag_v3.format_to_parquet_task scheduled__2021-04-01T00:00:00+00:00 [queued]>
[2022-02-10 14:50:30,367] {taskinstance.py:1238} INFO - 
--------------------------------------------------------------------------------
[2022-02-10 14:50:30,369] {taskinstance.py:1239} INFO - Starting attempt 1 of 1
[2022-02-10 14:50:30,371] {taskinstance.py:1240} INFO - 
--------------------------------------------------------------------------------
[2022-02-10 14:50:30,427] {taskinstance.py:1259} INFO - Executing <Task(PythonOperator): format_to_parquet_task> on 2021-04-01 00:00:00+00:00
[2022-02-10 14:50:30,458] {standard_task_runner.py:52} INFO - Started process 3322 to run task
[2022-02-10 14:50:30,499] {standard_task_runner.py:76} INFO - Running: ['***', 'tasks', 'run', 'ex_1_data_ingestion_gcs_dag_v3', 'format_to_parquet_task', 'scheduled__2021-04-01T00:00:00+00:00', '--job-id', '738', '--raw', '--subdir', 'DAGS_FOLDER/data_ingestion_hw_1_ex.py', '--cfg-path', '/tmp/tmp9jurn4bb', '--error-file', '/tmp/tmp1u4n9fnv']
[2022-02-10 14:50:30,516] {standard_task_runner.py:77} INFO - Job 738: Subtask format_to_parquet_task
[2022-02-10 14:50:30,867] {logging_mixin.py:109} INFO - Running <TaskInstance: ex_1_data_ingestion_gcs_dag_v3.format_to_parquet_task scheduled__2021-04-01T00:00:00+00:00 [running]> on host e30f201fae61
[2022-02-10 14:50:31,114] {warnings.py:110} WARNING - /home/***/.local/lib/python3.7/site-packages/***/utils/context.py:152: AirflowContextDeprecationWarning: Accessing 'execution_date' from the template is deprecated and will be removed in a future version. Please use 'data_interval_start' or 'logical_date' instead.
  warnings.warn(_create_deprecation_warning(key, self._deprecation_replacements[key]))

[2022-02-10 14:50:31,226] {taskinstance.py:1426} INFO - Exporting the following env vars:
AIRFLOW_CTX_DAG_OWNER=***
AIRFLOW_CTX_DAG_ID=ex_1_data_ingestion_gcs_dag_v3
AIRFLOW_CTX_TASK_ID=format_to_parquet_task
AIRFLOW_CTX_EXECUTION_DATE=2021-04-01T00:00:00+00:00
AIRFLOW_CTX_DAG_RUN_ID=scheduled__2021-04-01T00:00:00+00:00
[2022-02-10 14:50:40,035] {python.py:175} INFO - Done. Returned value was: None
[2022-02-10 14:50:40,313] {taskinstance.py:1277} INFO - Marking task as SUCCESS. dag_id=ex_1_data_ingestion_gcs_dag_v3, task_id=format_to_parquet_task, execution_date=20210401T000000, start_date=20220210T145030, end_date=20220210T145040
[2022-02-10 14:50:40,888] {local_task_job.py:154} INFO - Task exited with return code 0
[2022-02-10 14:50:41,099] {local_task_job.py:264} INFO - 0 downstream tasks scheduled from follow-on schedule check
[2022-02-10 15:41:58,451] {taskinstance.py:1032} INFO - Dependencies all met for <TaskInstance: ex_1_data_ingestion_gcs_dag_v3.format_to_parquet_task scheduled__2021-04-01T00:00:00+00:00 [queued]>
[2022-02-10 15:41:58,472] {taskinstance.py:1032} INFO - Dependencies all met for <TaskInstance: ex_1_data_ingestion_gcs_dag_v3.format_to_parquet_task scheduled__2021-04-01T00:00:00+00:00 [queued]>
[2022-02-10 15:41:58,473] {taskinstance.py:1238} INFO - 
--------------------------------------------------------------------------------
[2022-02-10 15:41:58,475] {taskinstance.py:1239} INFO - Starting attempt 1 of 1
[2022-02-10 15:41:58,476] {taskinstance.py:1240} INFO - 
--------------------------------------------------------------------------------
[2022-02-10 15:41:58,493] {taskinstance.py:1259} INFO - Executing <Task(PythonOperator): format_to_parquet_task> on 2021-04-01 00:00:00+00:00
[2022-02-10 15:41:58,502] {standard_task_runner.py:52} INFO - Started process 1093 to run task
[2022-02-10 15:41:58,516] {standard_task_runner.py:76} INFO - Running: ['***', 'tasks', 'run', 'ex_1_data_ingestion_gcs_dag_v3', 'format_to_parquet_task', 'scheduled__2021-04-01T00:00:00+00:00', '--job-id', '864', '--raw', '--subdir', 'DAGS_FOLDER/data_ingestion_hw_1_ex.py', '--cfg-path', '/tmp/tmp_q9_hbaq', '--error-file', '/tmp/tmp_w2smoex']
[2022-02-10 15:41:58,519] {standard_task_runner.py:77} INFO - Job 864: Subtask format_to_parquet_task
[2022-02-10 15:41:58,635] {logging_mixin.py:109} INFO - Running <TaskInstance: ex_1_data_ingestion_gcs_dag_v3.format_to_parquet_task scheduled__2021-04-01T00:00:00+00:00 [running]> on host 276a0ad90304
[2022-02-10 15:41:58,698] {warnings.py:110} WARNING - /home/***/.local/lib/python3.7/site-packages/***/utils/context.py:152: AirflowContextDeprecationWarning: Accessing 'execution_date' from the template is deprecated and will be removed in a future version. Please use 'data_interval_start' or 'logical_date' instead.
  warnings.warn(_create_deprecation_warning(key, self._deprecation_replacements[key]))

[2022-02-10 15:41:58,735] {taskinstance.py:1426} INFO - Exporting the following env vars:
AIRFLOW_CTX_DAG_OWNER=***
AIRFLOW_CTX_DAG_ID=ex_1_data_ingestion_gcs_dag_v3
AIRFLOW_CTX_TASK_ID=format_to_parquet_task
AIRFLOW_CTX_EXECUTION_DATE=2021-04-01T00:00:00+00:00
AIRFLOW_CTX_DAG_RUN_ID=scheduled__2021-04-01T00:00:00+00:00
[2022-02-10 15:42:01,483] {python.py:175} INFO - Done. Returned value was: None
[2022-02-10 15:42:01,508] {taskinstance.py:1277} INFO - Marking task as SUCCESS. dag_id=ex_1_data_ingestion_gcs_dag_v3, task_id=format_to_parquet_task, execution_date=20210401T000000, start_date=20220210T154158, end_date=20220210T154201
[2022-02-10 15:42:01,692] {local_task_job.py:154} INFO - Task exited with return code 0
[2022-02-10 15:42:01,750] {local_task_job.py:264} INFO - 1 downstream tasks scheduled from follow-on schedule check
