[2022-02-01 17:31:20,853] {taskinstance.py:1032} INFO - Dependencies all met for <TaskInstance: LocalIngestionDag.wget scheduled__2021-05-02T06:00:00+00:00 [queued]>
[2022-02-01 17:31:20,885] {taskinstance.py:1032} INFO - Dependencies all met for <TaskInstance: LocalIngestionDag.wget scheduled__2021-05-02T06:00:00+00:00 [queued]>
[2022-02-01 17:31:20,886] {taskinstance.py:1238} INFO - 
--------------------------------------------------------------------------------
[2022-02-01 17:31:20,887] {taskinstance.py:1239} INFO - Starting attempt 1 of 1
[2022-02-01 17:31:20,897] {taskinstance.py:1240} INFO - 
--------------------------------------------------------------------------------
[2022-02-01 17:31:20,934] {taskinstance.py:1259} INFO - Executing <Task(BashOperator): wget> on 2021-05-02 06:00:00+00:00
[2022-02-01 17:31:20,951] {standard_task_runner.py:52} INFO - Started process 752 to run task
[2022-02-01 17:31:20,967] {standard_task_runner.py:76} INFO - Running: ['***', 'tasks', 'run', 'LocalIngestionDag', 'wget', 'scheduled__2021-05-02T06:00:00+00:00', '--job-id', '42', '--raw', '--subdir', 'DAGS_FOLDER/data_ingestion_local.py', '--cfg-path', '/tmp/tmpe3nvpgbo', '--error-file', '/tmp/tmpemo2jwy4']
[2022-02-01 17:31:20,969] {standard_task_runner.py:77} INFO - Job 42: Subtask wget
[2022-02-01 17:31:21,180] {logging_mixin.py:109} INFO - Running <TaskInstance: LocalIngestionDag.wget scheduled__2021-05-02T06:00:00+00:00 [running]> on host c2ae942a63f5
[2022-02-01 17:31:21,476] {taskinstance.py:1426} INFO - Exporting the following env vars:
AIRFLOW_CTX_DAG_OWNER=***
AIRFLOW_CTX_DAG_ID=LocalIngestionDag
AIRFLOW_CTX_TASK_ID=wget
AIRFLOW_CTX_EXECUTION_DATE=2021-05-02T06:00:00+00:00
AIRFLOW_CTX_DAG_RUN_ID=scheduled__2021-05-02T06:00:00+00:00
[2022-02-01 17:31:21,479] {subprocess.py:62} INFO - Tmp dir root location: 
 /tmp
[2022-02-01 17:31:21,480] {subprocess.py:74} INFO - Running command: ['bash', '-c', "echo 'hello world'"]
[2022-02-01 17:31:21,494] {subprocess.py:85} INFO - Output:
[2022-02-01 17:31:21,506] {subprocess.py:89} INFO - hello world
[2022-02-01 17:31:21,508] {subprocess.py:93} INFO - Command exited with return code 0
[2022-02-01 17:31:21,680] {taskinstance.py:1277} INFO - Marking task as SUCCESS. dag_id=LocalIngestionDag, task_id=wget, execution_date=20210502T060000, start_date=20220201T173120, end_date=20220201T173121
[2022-02-01 17:31:21,775] {local_task_job.py:154} INFO - Task exited with return code 0
[2022-02-01 17:31:21,953] {local_task_job.py:264} INFO - 0 downstream tasks scheduled from follow-on schedule check
