[2022-02-02 17:48:43,990] {taskinstance.py:1032} INFO - Dependencies all met for <TaskInstance: ex_1_data_ingestion_gcs_dag_v2.local_to_gcs_task scheduled__2021-02-01T00:00:00+00:00 [queued]>
[2022-02-02 17:48:44,062] {taskinstance.py:1032} INFO - Dependencies all met for <TaskInstance: ex_1_data_ingestion_gcs_dag_v2.local_to_gcs_task scheduled__2021-02-01T00:00:00+00:00 [queued]>
[2022-02-02 17:48:44,063] {taskinstance.py:1238} INFO - 
--------------------------------------------------------------------------------
[2022-02-02 17:48:44,065] {taskinstance.py:1239} INFO - Starting attempt 1 of 1
[2022-02-02 17:48:44,066] {taskinstance.py:1240} INFO - 
--------------------------------------------------------------------------------
[2022-02-02 17:48:44,103] {taskinstance.py:1259} INFO - Executing <Task(PythonOperator): local_to_gcs_task> on 2021-02-01 00:00:00+00:00
[2022-02-02 17:48:44,169] {standard_task_runner.py:52} INFO - Started process 7304 to run task
[2022-02-02 17:48:44,218] {standard_task_runner.py:76} INFO - Running: ['***', 'tasks', 'run', 'ex_1_data_ingestion_gcs_dag_v2', 'local_to_gcs_task', 'scheduled__2021-02-01T00:00:00+00:00', '--job-id', '273', '--raw', '--subdir', 'DAGS_FOLDER/data_ingestion_hw_1_ex.py', '--cfg-path', '/tmp/tmp0i0yutv8', '--error-file', '/tmp/tmp9ervllpf']
[2022-02-02 17:48:44,239] {standard_task_runner.py:77} INFO - Job 273: Subtask local_to_gcs_task
[2022-02-02 17:48:44,690] {logging_mixin.py:109} INFO - Running <TaskInstance: ex_1_data_ingestion_gcs_dag_v2.local_to_gcs_task scheduled__2021-02-01T00:00:00+00:00 [running]> on host 700aeb16bae0
[2022-02-02 17:48:45,007] {warnings.py:110} WARNING - /home/***/.local/lib/python3.7/site-packages/***/utils/context.py:152: AirflowContextDeprecationWarning: Accessing 'execution_date' from the template is deprecated and will be removed in a future version. Please use 'data_interval_start' or 'logical_date' instead.
  warnings.warn(_create_deprecation_warning(key, self._deprecation_replacements[key]))

[2022-02-02 17:48:45,054] {taskinstance.py:1426} INFO - Exporting the following env vars:
AIRFLOW_CTX_DAG_OWNER=***
AIRFLOW_CTX_DAG_ID=ex_1_data_ingestion_gcs_dag_v2
AIRFLOW_CTX_TASK_ID=local_to_gcs_task
AIRFLOW_CTX_EXECUTION_DATE=2021-02-01T00:00:00+00:00
AIRFLOW_CTX_DAG_RUN_ID=scheduled__2021-02-01T00:00:00+00:00
[2022-02-02 17:48:48,785] {python.py:175} INFO - Done. Returned value was: None
[2022-02-02 17:48:48,999] {taskinstance.py:1277} INFO - Marking task as SUCCESS. dag_id=ex_1_data_ingestion_gcs_dag_v2, task_id=local_to_gcs_task, execution_date=20210201T000000, start_date=20220202T174843, end_date=20220202T174848
[2022-02-02 17:48:49,349] {local_task_job.py:212} WARNING - State of this instance has been externally set to success. Terminating instance.
[2022-02-02 17:48:49,388] {process_utils.py:124} INFO - Sending Signals.SIGTERM to group 7304. PIDs of all processes in the group: [7304]
[2022-02-02 17:48:49,392] {process_utils.py:75} INFO - Sending the signal Signals.SIGTERM to group 7304
[2022-02-02 17:48:49,397] {process_utils.py:70} INFO - Process psutil.Process(pid=7304, status='terminated', exitcode=0, started='17:48:43') (7304) terminated with exit code 0
