[2022-02-02 18:53:48,536] {taskinstance.py:1032} INFO - Dependencies all met for <TaskInstance: ex_1_data_ingestion_gcs_dag_v3.format_to_parquet_task scheduled__2020-06-01T00:00:00+00:00 [queued]>
[2022-02-02 18:53:48,548] {taskinstance.py:1032} INFO - Dependencies all met for <TaskInstance: ex_1_data_ingestion_gcs_dag_v3.format_to_parquet_task scheduled__2020-06-01T00:00:00+00:00 [queued]>
[2022-02-02 18:53:48,548] {taskinstance.py:1238} INFO - 
--------------------------------------------------------------------------------
[2022-02-02 18:53:48,549] {taskinstance.py:1239} INFO - Starting attempt 1 of 1
[2022-02-02 18:53:48,550] {taskinstance.py:1240} INFO - 
--------------------------------------------------------------------------------
[2022-02-02 18:53:48,563] {taskinstance.py:1259} INFO - Executing <Task(PythonOperator): format_to_parquet_task> on 2020-06-01 00:00:00+00:00
[2022-02-02 18:53:48,571] {standard_task_runner.py:52} INFO - Started process 10748 to run task
[2022-02-02 18:53:48,575] {standard_task_runner.py:76} INFO - Running: ['***', 'tasks', 'run', 'ex_1_data_ingestion_gcs_dag_v3', 'format_to_parquet_task', 'scheduled__2020-06-01T00:00:00+00:00', '--job-id', '354', '--raw', '--subdir', 'DAGS_FOLDER/data_ingestion_hw_1_ex.py', '--cfg-path', '/tmp/tmpt_c_qnef', '--error-file', '/tmp/tmp6qa0wbys']
[2022-02-02 18:53:48,577] {standard_task_runner.py:77} INFO - Job 354: Subtask format_to_parquet_task
[2022-02-02 18:53:48,649] {logging_mixin.py:109} INFO - Running <TaskInstance: ex_1_data_ingestion_gcs_dag_v3.format_to_parquet_task scheduled__2020-06-01T00:00:00+00:00 [running]> on host 700aeb16bae0
[2022-02-02 18:53:48,693] {warnings.py:110} WARNING - /home/***/.local/lib/python3.7/site-packages/***/utils/context.py:152: AirflowContextDeprecationWarning: Accessing 'execution_date' from the template is deprecated and will be removed in a future version. Please use 'data_interval_start' or 'logical_date' instead.
  warnings.warn(_create_deprecation_warning(key, self._deprecation_replacements[key]))

[2022-02-02 18:53:48,720] {taskinstance.py:1426} INFO - Exporting the following env vars:
AIRFLOW_CTX_DAG_OWNER=***
AIRFLOW_CTX_DAG_ID=ex_1_data_ingestion_gcs_dag_v3
AIRFLOW_CTX_TASK_ID=format_to_parquet_task
AIRFLOW_CTX_EXECUTION_DATE=2020-06-01T00:00:00+00:00
AIRFLOW_CTX_DAG_RUN_ID=scheduled__2020-06-01T00:00:00+00:00
[2022-02-02 18:53:49,213] {python.py:175} INFO - Done. Returned value was: None
[2022-02-02 18:53:49,252] {taskinstance.py:1277} INFO - Marking task as SUCCESS. dag_id=ex_1_data_ingestion_gcs_dag_v3, task_id=format_to_parquet_task, execution_date=20200601T000000, start_date=20220202T185348, end_date=20220202T185349
[2022-02-02 18:53:49,354] {local_task_job.py:154} INFO - Task exited with return code 0
[2022-02-02 18:53:49,402] {local_task_job.py:264} INFO - 0 downstream tasks scheduled from follow-on schedule check
[2022-02-10 13:23:52,867] {taskinstance.py:1032} INFO - Dependencies all met for <TaskInstance: ex_1_data_ingestion_gcs_dag_v3.format_to_parquet_task scheduled__2020-06-01T00:00:00+00:00 [queued]>
[2022-02-10 13:23:52,880] {taskinstance.py:1032} INFO - Dependencies all met for <TaskInstance: ex_1_data_ingestion_gcs_dag_v3.format_to_parquet_task scheduled__2020-06-01T00:00:00+00:00 [queued]>
[2022-02-10 13:23:52,881] {taskinstance.py:1238} INFO - 
--------------------------------------------------------------------------------
[2022-02-10 13:23:52,882] {taskinstance.py:1239} INFO - Starting attempt 1 of 1
[2022-02-10 13:23:52,882] {taskinstance.py:1240} INFO - 
--------------------------------------------------------------------------------
[2022-02-10 13:23:52,896] {taskinstance.py:1259} INFO - Executing <Task(PythonOperator): format_to_parquet_task> on 2020-06-01 00:00:00+00:00
[2022-02-10 13:23:52,904] {standard_task_runner.py:52} INFO - Started process 2609 to run task
[2022-02-10 13:23:52,918] {standard_task_runner.py:76} INFO - Running: ['***', 'tasks', 'run', 'ex_1_data_ingestion_gcs_dag_v3', 'format_to_parquet_task', 'scheduled__2020-06-01T00:00:00+00:00', '--job-id', '712', '--raw', '--subdir', 'DAGS_FOLDER/data_ingestion_hw_1_ex.py', '--cfg-path', '/tmp/tmpvk0x2h0w', '--error-file', '/tmp/tmp1s033yzn']
[2022-02-10 13:23:52,927] {standard_task_runner.py:77} INFO - Job 712: Subtask format_to_parquet_task
[2022-02-10 13:23:53,022] {logging_mixin.py:109} INFO - Running <TaskInstance: ex_1_data_ingestion_gcs_dag_v3.format_to_parquet_task scheduled__2020-06-01T00:00:00+00:00 [running]> on host e30f201fae61
[2022-02-10 13:23:53,073] {warnings.py:110} WARNING - /home/***/.local/lib/python3.7/site-packages/***/utils/context.py:152: AirflowContextDeprecationWarning: Accessing 'execution_date' from the template is deprecated and will be removed in a future version. Please use 'data_interval_start' or 'logical_date' instead.
  warnings.warn(_create_deprecation_warning(key, self._deprecation_replacements[key]))

[2022-02-10 13:23:53,097] {taskinstance.py:1426} INFO - Exporting the following env vars:
AIRFLOW_CTX_DAG_OWNER=***
AIRFLOW_CTX_DAG_ID=ex_1_data_ingestion_gcs_dag_v3
AIRFLOW_CTX_TASK_ID=format_to_parquet_task
AIRFLOW_CTX_EXECUTION_DATE=2020-06-01T00:00:00+00:00
AIRFLOW_CTX_DAG_RUN_ID=scheduled__2020-06-01T00:00:00+00:00
[2022-02-10 13:23:53,571] {python.py:175} INFO - Done. Returned value was: None
[2022-02-10 13:23:53,584] {taskinstance.py:1277} INFO - Marking task as SUCCESS. dag_id=ex_1_data_ingestion_gcs_dag_v3, task_id=format_to_parquet_task, execution_date=20200601T000000, start_date=20220210T132352, end_date=20220210T132353
[2022-02-10 13:23:53,654] {local_task_job.py:154} INFO - Task exited with return code 0
[2022-02-10 13:23:53,690] {local_task_job.py:264} INFO - 1 downstream tasks scheduled from follow-on schedule check
[2022-02-10 15:40:21,814] {taskinstance.py:1032} INFO - Dependencies all met for <TaskInstance: ex_1_data_ingestion_gcs_dag_v3.format_to_parquet_task scheduled__2020-06-01T00:00:00+00:00 [queued]>
[2022-02-10 15:40:21,829] {taskinstance.py:1032} INFO - Dependencies all met for <TaskInstance: ex_1_data_ingestion_gcs_dag_v3.format_to_parquet_task scheduled__2020-06-01T00:00:00+00:00 [queued]>
[2022-02-10 15:40:21,831] {taskinstance.py:1238} INFO - 
--------------------------------------------------------------------------------
[2022-02-10 15:40:21,832] {taskinstance.py:1239} INFO - Starting attempt 1 of 1
[2022-02-10 15:40:21,832] {taskinstance.py:1240} INFO - 
--------------------------------------------------------------------------------
[2022-02-10 15:40:21,848] {taskinstance.py:1259} INFO - Executing <Task(PythonOperator): format_to_parquet_task> on 2020-06-01 00:00:00+00:00
[2022-02-10 15:40:21,855] {standard_task_runner.py:52} INFO - Started process 856 to run task
[2022-02-10 15:40:21,865] {standard_task_runner.py:76} INFO - Running: ['***', 'tasks', 'run', 'ex_1_data_ingestion_gcs_dag_v3', 'format_to_parquet_task', 'scheduled__2020-06-01T00:00:00+00:00', '--job-id', '833', '--raw', '--subdir', 'DAGS_FOLDER/data_ingestion_hw_1_ex.py', '--cfg-path', '/tmp/tmptyuj__6d', '--error-file', '/tmp/tmputoy0yu5']
[2022-02-10 15:40:21,868] {standard_task_runner.py:77} INFO - Job 833: Subtask format_to_parquet_task
[2022-02-10 15:40:21,954] {logging_mixin.py:109} INFO - Running <TaskInstance: ex_1_data_ingestion_gcs_dag_v3.format_to_parquet_task scheduled__2020-06-01T00:00:00+00:00 [running]> on host 276a0ad90304
[2022-02-10 15:40:22,006] {warnings.py:110} WARNING - /home/***/.local/lib/python3.7/site-packages/***/utils/context.py:152: AirflowContextDeprecationWarning: Accessing 'execution_date' from the template is deprecated and will be removed in a future version. Please use 'data_interval_start' or 'logical_date' instead.
  warnings.warn(_create_deprecation_warning(key, self._deprecation_replacements[key]))

[2022-02-10 15:40:22,034] {taskinstance.py:1426} INFO - Exporting the following env vars:
AIRFLOW_CTX_DAG_OWNER=***
AIRFLOW_CTX_DAG_ID=ex_1_data_ingestion_gcs_dag_v3
AIRFLOW_CTX_TASK_ID=format_to_parquet_task
AIRFLOW_CTX_EXECUTION_DATE=2020-06-01T00:00:00+00:00
AIRFLOW_CTX_DAG_RUN_ID=scheduled__2020-06-01T00:00:00+00:00
[2022-02-10 15:40:23,006] {python.py:175} INFO - Done. Returned value was: None
[2022-02-10 15:40:23,030] {taskinstance.py:1277} INFO - Marking task as SUCCESS. dag_id=ex_1_data_ingestion_gcs_dag_v3, task_id=format_to_parquet_task, execution_date=20200601T000000, start_date=20220210T154021, end_date=20220210T154023
[2022-02-10 15:40:23,225] {local_task_job.py:154} INFO - Task exited with return code 0
[2022-02-10 15:40:23,290] {local_task_job.py:264} INFO - 1 downstream tasks scheduled from follow-on schedule check
