[2022-02-02 19:11:41,469] {taskinstance.py:1032} INFO - Dependencies all met for <TaskInstance: ex_1_data_ingestion_gcs_dag_v3.format_to_parquet_task scheduled__2021-07-01T00:00:00+00:00 [queued]>
[2022-02-02 19:11:41,485] {taskinstance.py:1032} INFO - Dependencies all met for <TaskInstance: ex_1_data_ingestion_gcs_dag_v3.format_to_parquet_task scheduled__2021-07-01T00:00:00+00:00 [queued]>
[2022-02-02 19:11:41,486] {taskinstance.py:1238} INFO - 
--------------------------------------------------------------------------------
[2022-02-02 19:11:41,487] {taskinstance.py:1239} INFO - Starting attempt 1 of 1
[2022-02-02 19:11:41,488] {taskinstance.py:1240} INFO - 
--------------------------------------------------------------------------------
[2022-02-02 19:11:41,500] {taskinstance.py:1259} INFO - Executing <Task(PythonOperator): format_to_parquet_task> on 2021-07-01 00:00:00+00:00
[2022-02-02 19:11:41,507] {standard_task_runner.py:52} INFO - Started process 11797 to run task
[2022-02-02 19:11:41,511] {standard_task_runner.py:76} INFO - Running: ['***', 'tasks', 'run', 'ex_1_data_ingestion_gcs_dag_v3', 'format_to_parquet_task', 'scheduled__2021-07-01T00:00:00+00:00', '--job-id', '393', '--raw', '--subdir', 'DAGS_FOLDER/data_ingestion_hw_1_ex.py', '--cfg-path', '/tmp/tmpe9z4c79r', '--error-file', '/tmp/tmpteljtovo']
[2022-02-02 19:11:41,513] {standard_task_runner.py:77} INFO - Job 393: Subtask format_to_parquet_task
[2022-02-02 19:11:41,599] {logging_mixin.py:109} INFO - Running <TaskInstance: ex_1_data_ingestion_gcs_dag_v3.format_to_parquet_task scheduled__2021-07-01T00:00:00+00:00 [running]> on host 700aeb16bae0
[2022-02-02 19:11:41,642] {warnings.py:110} WARNING - /home/***/.local/lib/python3.7/site-packages/***/utils/context.py:152: AirflowContextDeprecationWarning: Accessing 'execution_date' from the template is deprecated and will be removed in a future version. Please use 'data_interval_start' or 'logical_date' instead.
  warnings.warn(_create_deprecation_warning(key, self._deprecation_replacements[key]))

[2022-02-02 19:11:41,665] {taskinstance.py:1426} INFO - Exporting the following env vars:
AIRFLOW_CTX_DAG_OWNER=***
AIRFLOW_CTX_DAG_ID=ex_1_data_ingestion_gcs_dag_v3
AIRFLOW_CTX_TASK_ID=format_to_parquet_task
AIRFLOW_CTX_EXECUTION_DATE=2021-07-01T00:00:00+00:00
AIRFLOW_CTX_DAG_RUN_ID=scheduled__2021-07-01T00:00:00+00:00
[2022-02-02 19:11:43,543] {python.py:175} INFO - Done. Returned value was: None
[2022-02-02 19:11:43,559] {taskinstance.py:1277} INFO - Marking task as SUCCESS. dag_id=ex_1_data_ingestion_gcs_dag_v3, task_id=format_to_parquet_task, execution_date=20210701T000000, start_date=20220202T191141, end_date=20220202T191143
[2022-02-02 19:11:43,746] {local_task_job.py:154} INFO - Task exited with return code 0
[2022-02-02 19:11:43,792] {local_task_job.py:264} INFO - 1 downstream tasks scheduled from follow-on schedule check
[2022-02-10 14:53:13,956] {taskinstance.py:1032} INFO - Dependencies all met for <TaskInstance: ex_1_data_ingestion_gcs_dag_v3.format_to_parquet_task scheduled__2021-07-01T00:00:00+00:00 [queued]>
[2022-02-10 14:53:13,991] {taskinstance.py:1032} INFO - Dependencies all met for <TaskInstance: ex_1_data_ingestion_gcs_dag_v3.format_to_parquet_task scheduled__2021-07-01T00:00:00+00:00 [queued]>
[2022-02-10 14:53:13,993] {taskinstance.py:1238} INFO - 
--------------------------------------------------------------------------------
[2022-02-10 14:53:13,995] {taskinstance.py:1239} INFO - Starting attempt 1 of 1
[2022-02-10 14:53:13,997] {taskinstance.py:1240} INFO - 
--------------------------------------------------------------------------------
[2022-02-10 14:53:14,030] {taskinstance.py:1259} INFO - Executing <Task(PythonOperator): format_to_parquet_task> on 2021-07-01 00:00:00+00:00
[2022-02-10 14:53:14,042] {standard_task_runner.py:52} INFO - Started process 3466 to run task
[2022-02-10 14:53:14,059] {standard_task_runner.py:76} INFO - Running: ['***', 'tasks', 'run', 'ex_1_data_ingestion_gcs_dag_v3', 'format_to_parquet_task', 'scheduled__2021-07-01T00:00:00+00:00', '--job-id', '747', '--raw', '--subdir', 'DAGS_FOLDER/data_ingestion_hw_1_ex.py', '--cfg-path', '/tmp/tmpzzvunefk', '--error-file', '/tmp/tmp2l2r7vio']
[2022-02-10 14:53:14,064] {standard_task_runner.py:77} INFO - Job 747: Subtask format_to_parquet_task
[2022-02-10 14:53:14,213] {logging_mixin.py:109} INFO - Running <TaskInstance: ex_1_data_ingestion_gcs_dag_v3.format_to_parquet_task scheduled__2021-07-01T00:00:00+00:00 [running]> on host e30f201fae61
[2022-02-10 14:53:14,332] {warnings.py:110} WARNING - /home/***/.local/lib/python3.7/site-packages/***/utils/context.py:152: AirflowContextDeprecationWarning: Accessing 'execution_date' from the template is deprecated and will be removed in a future version. Please use 'data_interval_start' or 'logical_date' instead.
  warnings.warn(_create_deprecation_warning(key, self._deprecation_replacements[key]))

[2022-02-10 14:53:14,446] {taskinstance.py:1426} INFO - Exporting the following env vars:
AIRFLOW_CTX_DAG_OWNER=***
AIRFLOW_CTX_DAG_ID=ex_1_data_ingestion_gcs_dag_v3
AIRFLOW_CTX_TASK_ID=format_to_parquet_task
AIRFLOW_CTX_EXECUTION_DATE=2021-07-01T00:00:00+00:00
AIRFLOW_CTX_DAG_RUN_ID=scheduled__2021-07-01T00:00:00+00:00
[2022-02-10 14:53:20,400] {python.py:175} INFO - Done. Returned value was: None
[2022-02-10 14:53:20,427] {taskinstance.py:1277} INFO - Marking task as SUCCESS. dag_id=ex_1_data_ingestion_gcs_dag_v3, task_id=format_to_parquet_task, execution_date=20210701T000000, start_date=20220210T145313, end_date=20220210T145320
[2022-02-10 14:53:20,688] {local_task_job.py:154} INFO - Task exited with return code 0
[2022-02-10 14:53:20,756] {local_task_job.py:264} INFO - 1 downstream tasks scheduled from follow-on schedule check
[2022-02-10 15:42:44,171] {taskinstance.py:1032} INFO - Dependencies all met for <TaskInstance: ex_1_data_ingestion_gcs_dag_v3.format_to_parquet_task scheduled__2021-07-01T00:00:00+00:00 [queued]>
[2022-02-10 15:42:44,199] {taskinstance.py:1032} INFO - Dependencies all met for <TaskInstance: ex_1_data_ingestion_gcs_dag_v3.format_to_parquet_task scheduled__2021-07-01T00:00:00+00:00 [queued]>
[2022-02-10 15:42:44,200] {taskinstance.py:1238} INFO - 
--------------------------------------------------------------------------------
[2022-02-10 15:42:44,202] {taskinstance.py:1239} INFO - Starting attempt 1 of 1
[2022-02-10 15:42:44,203] {taskinstance.py:1240} INFO - 
--------------------------------------------------------------------------------
[2022-02-10 15:42:44,216] {taskinstance.py:1259} INFO - Executing <Task(PythonOperator): format_to_parquet_task> on 2021-07-01 00:00:00+00:00
[2022-02-10 15:42:44,223] {standard_task_runner.py:52} INFO - Started process 1175 to run task
[2022-02-10 15:42:44,227] {standard_task_runner.py:76} INFO - Running: ['***', 'tasks', 'run', 'ex_1_data_ingestion_gcs_dag_v3', 'format_to_parquet_task', 'scheduled__2021-07-01T00:00:00+00:00', '--job-id', '873', '--raw', '--subdir', 'DAGS_FOLDER/data_ingestion_hw_1_ex.py', '--cfg-path', '/tmp/tmpp0w8sehy', '--error-file', '/tmp/tmpf858pl0s']
[2022-02-10 15:42:44,229] {standard_task_runner.py:77} INFO - Job 873: Subtask format_to_parquet_task
[2022-02-10 15:42:44,307] {logging_mixin.py:109} INFO - Running <TaskInstance: ex_1_data_ingestion_gcs_dag_v3.format_to_parquet_task scheduled__2021-07-01T00:00:00+00:00 [running]> on host 276a0ad90304
[2022-02-10 15:42:44,367] {warnings.py:110} WARNING - /home/***/.local/lib/python3.7/site-packages/***/utils/context.py:152: AirflowContextDeprecationWarning: Accessing 'execution_date' from the template is deprecated and will be removed in a future version. Please use 'data_interval_start' or 'logical_date' instead.
  warnings.warn(_create_deprecation_warning(key, self._deprecation_replacements[key]))

[2022-02-10 15:42:44,408] {taskinstance.py:1426} INFO - Exporting the following env vars:
AIRFLOW_CTX_DAG_OWNER=***
AIRFLOW_CTX_DAG_ID=ex_1_data_ingestion_gcs_dag_v3
AIRFLOW_CTX_TASK_ID=format_to_parquet_task
AIRFLOW_CTX_EXECUTION_DATE=2021-07-01T00:00:00+00:00
AIRFLOW_CTX_DAG_RUN_ID=scheduled__2021-07-01T00:00:00+00:00
[2022-02-10 15:42:46,990] {python.py:175} INFO - Done. Returned value was: None
[2022-02-10 15:42:47,010] {taskinstance.py:1277} INFO - Marking task as SUCCESS. dag_id=ex_1_data_ingestion_gcs_dag_v3, task_id=format_to_parquet_task, execution_date=20210701T000000, start_date=20220210T154244, end_date=20220210T154247
[2022-02-10 15:42:47,277] {local_task_job.py:154} INFO - Task exited with return code 0
[2022-02-10 15:42:47,365] {local_task_job.py:264} INFO - 1 downstream tasks scheduled from follow-on schedule check
