[2022-02-01 17:58:38,512] {taskinstance.py:1032} INFO - Dependencies all met for <TaskInstance: LocalIngestionDag.ingest scheduled__2021-01-02T06:00:00+00:00 [queued]>
[2022-02-01 17:58:38,529] {taskinstance.py:1032} INFO - Dependencies all met for <TaskInstance: LocalIngestionDag.ingest scheduled__2021-01-02T06:00:00+00:00 [queued]>
[2022-02-01 17:58:38,531] {taskinstance.py:1238} INFO - 
--------------------------------------------------------------------------------
[2022-02-01 17:58:38,532] {taskinstance.py:1239} INFO - Starting attempt 2 of 2
[2022-02-01 17:58:38,534] {taskinstance.py:1240} INFO - 
--------------------------------------------------------------------------------
[2022-02-01 17:58:38,552] {taskinstance.py:1259} INFO - Executing <Task(BashOperator): ingest> on 2021-01-02 06:00:00+00:00
[2022-02-01 17:58:38,569] {standard_task_runner.py:52} INFO - Started process 2087 to run task
[2022-02-01 17:58:38,574] {standard_task_runner.py:76} INFO - Running: ['***', 'tasks', 'run', 'LocalIngestionDag', 'ingest', 'scheduled__2021-01-02T06:00:00+00:00', '--job-id', '65', '--raw', '--subdir', 'DAGS_FOLDER/data_ingestion_local.py', '--cfg-path', '/tmp/tmpf4g9lrwj', '--error-file', '/tmp/tmp1uqom067']
[2022-02-01 17:58:38,576] {standard_task_runner.py:77} INFO - Job 65: Subtask ingest
[2022-02-01 17:58:38,657] {logging_mixin.py:109} INFO - Running <TaskInstance: LocalIngestionDag.ingest scheduled__2021-01-02T06:00:00+00:00 [running]> on host c2ae942a63f5
[2022-02-01 17:58:38,742] {taskinstance.py:1426} INFO - Exporting the following env vars:
AIRFLOW_CTX_DAG_OWNER=***
AIRFLOW_CTX_DAG_ID=LocalIngestionDag
AIRFLOW_CTX_TASK_ID=ingest
AIRFLOW_CTX_EXECUTION_DATE=2021-01-02T06:00:00+00:00
AIRFLOW_CTX_DAG_RUN_ID=scheduled__2021-01-02T06:00:00+00:00
[2022-02-01 17:58:38,744] {subprocess.py:62} INFO - Tmp dir root location: 
 /tmp
[2022-02-01 17:58:38,746] {subprocess.py:74} INFO - Running command: ['bash', '-c', 'ls /opt/***']
[2022-02-01 17:58:38,758] {subprocess.py:85} INFO - Output:
[2022-02-01 17:58:38,765] {subprocess.py:89} INFO - ***-worker.pid
[2022-02-01 17:58:38,766] {subprocess.py:89} INFO - ***.cfg
[2022-02-01 17:58:38,767] {subprocess.py:89} INFO - dags
[2022-02-01 17:58:38,768] {subprocess.py:89} INFO - logs
[2022-02-01 17:58:38,769] {subprocess.py:89} INFO - output.csv
[2022-02-01 17:58:38,770] {subprocess.py:89} INFO - plugins
[2022-02-01 17:58:38,772] {subprocess.py:89} INFO - requirements.txt
[2022-02-01 17:58:38,779] {subprocess.py:89} INFO - webserver_config.py
[2022-02-01 17:58:38,781] {subprocess.py:93} INFO - Command exited with return code 0
[2022-02-01 17:58:38,825] {taskinstance.py:1277} INFO - Marking task as SUCCESS. dag_id=LocalIngestionDag, task_id=ingest, execution_date=20210102T060000, start_date=20220201T175838, end_date=20220201T175838
[2022-02-01 17:58:38,871] {local_task_job.py:154} INFO - Task exited with return code 0
[2022-02-01 17:58:38,914] {local_task_job.py:264} INFO - 0 downstream tasks scheduled from follow-on schedule check
