[2022-02-01 21:45:52,147] {taskinstance.py:1032} INFO - Dependencies all met for <TaskInstance: LocalIngestionDag.ingest scheduled__2021-01-02T06:00:00+00:00 [queued]>
[2022-02-01 21:45:52,161] {taskinstance.py:1032} INFO - Dependencies all met for <TaskInstance: LocalIngestionDag.ingest scheduled__2021-01-02T06:00:00+00:00 [queued]>
[2022-02-01 21:45:52,162] {taskinstance.py:1238} INFO - 
--------------------------------------------------------------------------------
[2022-02-01 21:45:52,163] {taskinstance.py:1239} INFO - Starting attempt 5 of 5
[2022-02-01 21:45:52,164] {taskinstance.py:1240} INFO - 
--------------------------------------------------------------------------------
[2022-02-01 21:45:52,188] {taskinstance.py:1259} INFO - Executing <Task(PythonOperator): ingest> on 2021-01-02 06:00:00+00:00
[2022-02-01 21:45:52,194] {standard_task_runner.py:52} INFO - Started process 1594 to run task
[2022-02-01 21:45:52,198] {standard_task_runner.py:76} INFO - Running: ['***', 'tasks', 'run', 'LocalIngestionDag', 'ingest', 'scheduled__2021-01-02T06:00:00+00:00', '--job-id', '84', '--raw', '--subdir', 'DAGS_FOLDER/data_ingestion_local.py', '--cfg-path', '/tmp/tmp96xgsasr', '--error-file', '/tmp/tmpr_sbh1r9']
[2022-02-01 21:45:52,200] {standard_task_runner.py:77} INFO - Job 84: Subtask ingest
[2022-02-01 21:45:52,263] {logging_mixin.py:109} INFO - Running <TaskInstance: LocalIngestionDag.ingest scheduled__2021-01-02T06:00:00+00:00 [running]> on host 4eaca4839574
[2022-02-01 21:45:52,304] {warnings.py:110} WARNING - /home/***/.local/lib/python3.7/site-packages/***/utils/context.py:152: AirflowContextDeprecationWarning: Accessing 'execution_date' from the template is deprecated and will be removed in a future version. Please use 'data_interval_start' or 'logical_date' instead.
  warnings.warn(_create_deprecation_warning(key, self._deprecation_replacements[key]))

[2022-02-01 21:45:52,330] {taskinstance.py:1426} INFO - Exporting the following env vars:
AIRFLOW_CTX_DAG_OWNER=***
AIRFLOW_CTX_DAG_ID=LocalIngestionDag
AIRFLOW_CTX_TASK_ID=ingest
AIRFLOW_CTX_EXECUTION_DATE=2021-01-02T06:00:00+00:00
AIRFLOW_CTX_DAG_RUN_ID=scheduled__2021-01-02T06:00:00+00:00
[2022-02-01 21:45:52,331] {logging_mixin.py:109} INFO - ??? /opt/***/output_2021-01.csv
[2022-02-01 21:45:52,356] {python.py:175} INFO - Done. Returned value was: None
[2022-02-01 21:45:52,371] {taskinstance.py:1277} INFO - Marking task as SUCCESS. dag_id=LocalIngestionDag, task_id=ingest, execution_date=20210102T060000, start_date=20220201T214552, end_date=20220201T214552
[2022-02-01 21:45:52,413] {local_task_job.py:154} INFO - Task exited with return code 0
[2022-02-01 21:45:52,453] {local_task_job.py:264} INFO - 0 downstream tasks scheduled from follow-on schedule check
