[2022-02-02 13:47:54,005] {taskinstance.py:1032} INFO - Dependencies all met for <TaskInstance: ex_1_data_ingestion_gcs_dag.format_to_parquet_task scheduled__2020-11-01T00:00:00+00:00 [queued]>
[2022-02-02 13:47:54,346] {taskinstance.py:1032} INFO - Dependencies all met for <TaskInstance: ex_1_data_ingestion_gcs_dag.format_to_parquet_task scheduled__2020-11-01T00:00:00+00:00 [queued]>
[2022-02-02 13:47:54,352] {taskinstance.py:1238} INFO - 
--------------------------------------------------------------------------------
[2022-02-02 13:47:54,354] {taskinstance.py:1239} INFO - Starting attempt 1 of 1
[2022-02-02 13:47:54,355] {taskinstance.py:1240} INFO - 
--------------------------------------------------------------------------------
[2022-02-02 13:47:54,603] {taskinstance.py:1259} INFO - Executing <Task(PythonOperator): format_to_parquet_task> on 2020-11-01 00:00:00+00:00
[2022-02-02 13:47:54,666] {standard_task_runner.py:52} INFO - Started process 1730 to run task
[2022-02-02 13:47:54,716] {standard_task_runner.py:76} INFO - Running: ['***', 'tasks', 'run', 'ex_1_data_ingestion_gcs_dag', 'format_to_parquet_task', 'scheduled__2020-11-01T00:00:00+00:00', '--job-id', '174', '--raw', '--subdir', 'DAGS_FOLDER/data_ingestion_hw_1_ex.py', '--cfg-path', '/tmp/tmplqu_miz2', '--error-file', '/tmp/tmp1h5s6jmw']
[2022-02-02 13:47:54,718] {standard_task_runner.py:77} INFO - Job 174: Subtask format_to_parquet_task
[2022-02-02 13:47:55,371] {logging_mixin.py:109} INFO - Running <TaskInstance: ex_1_data_ingestion_gcs_dag.format_to_parquet_task scheduled__2020-11-01T00:00:00+00:00 [running]> on host 700aeb16bae0
[2022-02-02 13:47:55,786] {warnings.py:110} WARNING - /home/***/.local/lib/python3.7/site-packages/***/utils/context.py:152: AirflowContextDeprecationWarning: Accessing 'execution_date' from the template is deprecated and will be removed in a future version. Please use 'data_interval_start' or 'logical_date' instead.
  warnings.warn(_create_deprecation_warning(key, self._deprecation_replacements[key]))

[2022-02-02 13:47:55,931] {taskinstance.py:1426} INFO - Exporting the following env vars:
AIRFLOW_CTX_DAG_OWNER=***
AIRFLOW_CTX_DAG_ID=ex_1_data_ingestion_gcs_dag
AIRFLOW_CTX_TASK_ID=format_to_parquet_task
AIRFLOW_CTX_EXECUTION_DATE=2020-11-01T00:00:00+00:00
AIRFLOW_CTX_DAG_RUN_ID=scheduled__2020-11-01T00:00:00+00:00
[2022-02-02 13:48:24,552] {python.py:175} INFO - Done. Returned value was: None
[2022-02-02 13:48:25,071] {taskinstance.py:1277} INFO - Marking task as SUCCESS. dag_id=ex_1_data_ingestion_gcs_dag, task_id=format_to_parquet_task, execution_date=20201101T000000, start_date=20220202T134754, end_date=20220202T134825
[2022-02-02 13:48:27,101] {local_task_job.py:154} INFO - Task exited with return code 0
[2022-02-02 13:48:28,825] {local_task_job.py:264} INFO - 0 downstream tasks scheduled from follow-on schedule check
