[2022-02-02 19:09:11,808] {taskinstance.py:1032} INFO - Dependencies all met for <TaskInstance: ex_1_data_ingestion_gcs_dag_v3.local_to_gcs_task scheduled__2021-05-01T00:00:00+00:00 [queued]>
[2022-02-02 19:09:11,827] {taskinstance.py:1032} INFO - Dependencies all met for <TaskInstance: ex_1_data_ingestion_gcs_dag_v3.local_to_gcs_task scheduled__2021-05-01T00:00:00+00:00 [queued]>
[2022-02-02 19:09:11,828] {taskinstance.py:1238} INFO - 
--------------------------------------------------------------------------------
[2022-02-02 19:09:11,829] {taskinstance.py:1239} INFO - Starting attempt 1 of 1
[2022-02-02 19:09:11,830] {taskinstance.py:1240} INFO - 
--------------------------------------------------------------------------------
[2022-02-02 19:09:11,845] {taskinstance.py:1259} INFO - Executing <Task(PythonOperator): local_to_gcs_task> on 2021-05-01 00:00:00+00:00
[2022-02-02 19:09:11,853] {standard_task_runner.py:52} INFO - Started process 11661 to run task
[2022-02-02 19:09:11,861] {standard_task_runner.py:76} INFO - Running: ['***', 'tasks', 'run', 'ex_1_data_ingestion_gcs_dag_v3', 'local_to_gcs_task', 'scheduled__2021-05-01T00:00:00+00:00', '--job-id', '388', '--raw', '--subdir', 'DAGS_FOLDER/data_ingestion_hw_1_ex.py', '--cfg-path', '/tmp/tmpznv7ee4e', '--error-file', '/tmp/tmprbyx4e7x']
[2022-02-02 19:09:11,863] {standard_task_runner.py:77} INFO - Job 388: Subtask local_to_gcs_task
[2022-02-02 19:09:11,976] {logging_mixin.py:109} INFO - Running <TaskInstance: ex_1_data_ingestion_gcs_dag_v3.local_to_gcs_task scheduled__2021-05-01T00:00:00+00:00 [running]> on host 700aeb16bae0
[2022-02-02 19:09:12,032] {warnings.py:110} WARNING - /home/***/.local/lib/python3.7/site-packages/***/utils/context.py:152: AirflowContextDeprecationWarning: Accessing 'execution_date' from the template is deprecated and will be removed in a future version. Please use 'data_interval_start' or 'logical_date' instead.
  warnings.warn(_create_deprecation_warning(key, self._deprecation_replacements[key]))

[2022-02-02 19:09:12,068] {taskinstance.py:1426} INFO - Exporting the following env vars:
AIRFLOW_CTX_DAG_OWNER=***
AIRFLOW_CTX_DAG_ID=ex_1_data_ingestion_gcs_dag_v3
AIRFLOW_CTX_TASK_ID=local_to_gcs_task
AIRFLOW_CTX_EXECUTION_DATE=2021-05-01T00:00:00+00:00
AIRFLOW_CTX_DAG_RUN_ID=scheduled__2021-05-01T00:00:00+00:00
[2022-02-02 19:09:17,964] {python.py:175} INFO - Done. Returned value was: None
[2022-02-02 19:09:17,980] {taskinstance.py:1277} INFO - Marking task as SUCCESS. dag_id=ex_1_data_ingestion_gcs_dag_v3, task_id=local_to_gcs_task, execution_date=20210501T000000, start_date=20220202T190911, end_date=20220202T190917
[2022-02-02 19:09:18,024] {local_task_job.py:154} INFO - Task exited with return code 0
[2022-02-02 19:09:18,062] {local_task_job.py:264} INFO - 0 downstream tasks scheduled from follow-on schedule check
[2022-02-10 14:51:41,749] {taskinstance.py:1032} INFO - Dependencies all met for <TaskInstance: ex_1_data_ingestion_gcs_dag_v3.local_to_gcs_task scheduled__2021-05-01T00:00:00+00:00 [queued]>
[2022-02-10 14:51:41,788] {taskinstance.py:1032} INFO - Dependencies all met for <TaskInstance: ex_1_data_ingestion_gcs_dag_v3.local_to_gcs_task scheduled__2021-05-01T00:00:00+00:00 [queued]>
[2022-02-10 14:51:41,791] {taskinstance.py:1238} INFO - 
--------------------------------------------------------------------------------
[2022-02-10 14:51:41,794] {taskinstance.py:1239} INFO - Starting attempt 1 of 1
[2022-02-10 14:51:41,796] {taskinstance.py:1240} INFO - 
--------------------------------------------------------------------------------
[2022-02-10 14:51:41,838] {taskinstance.py:1259} INFO - Executing <Task(PythonOperator): local_to_gcs_task> on 2021-05-01 00:00:00+00:00
[2022-02-10 14:51:41,855] {standard_task_runner.py:52} INFO - Started process 3390 to run task
[2022-02-10 14:51:41,867] {standard_task_runner.py:76} INFO - Running: ['***', 'tasks', 'run', 'ex_1_data_ingestion_gcs_dag_v3', 'local_to_gcs_task', 'scheduled__2021-05-01T00:00:00+00:00', '--job-id', '742', '--raw', '--subdir', 'DAGS_FOLDER/data_ingestion_hw_1_ex.py', '--cfg-path', '/tmp/tmpuixmm4ep', '--error-file', '/tmp/tmpk8f4juxg']
[2022-02-10 14:51:41,872] {standard_task_runner.py:77} INFO - Job 742: Subtask local_to_gcs_task
[2022-02-10 14:51:42,126] {logging_mixin.py:109} INFO - Running <TaskInstance: ex_1_data_ingestion_gcs_dag_v3.local_to_gcs_task scheduled__2021-05-01T00:00:00+00:00 [running]> on host e30f201fae61
[2022-02-10 14:51:42,297] {warnings.py:110} WARNING - /home/***/.local/lib/python3.7/site-packages/***/utils/context.py:152: AirflowContextDeprecationWarning: Accessing 'execution_date' from the template is deprecated and will be removed in a future version. Please use 'data_interval_start' or 'logical_date' instead.
  warnings.warn(_create_deprecation_warning(key, self._deprecation_replacements[key]))

[2022-02-10 14:51:42,386] {taskinstance.py:1426} INFO - Exporting the following env vars:
AIRFLOW_CTX_DAG_OWNER=***
AIRFLOW_CTX_DAG_ID=ex_1_data_ingestion_gcs_dag_v3
AIRFLOW_CTX_TASK_ID=local_to_gcs_task
AIRFLOW_CTX_EXECUTION_DATE=2021-05-01T00:00:00+00:00
AIRFLOW_CTX_DAG_RUN_ID=scheduled__2021-05-01T00:00:00+00:00
[2022-02-10 14:51:48,394] {python.py:175} INFO - Done. Returned value was: None
[2022-02-10 14:51:48,452] {taskinstance.py:1277} INFO - Marking task as SUCCESS. dag_id=ex_1_data_ingestion_gcs_dag_v3, task_id=local_to_gcs_task, execution_date=20210501T000000, start_date=20220210T145141, end_date=20220210T145148
[2022-02-10 14:51:48,542] {local_task_job.py:154} INFO - Task exited with return code 0
[2022-02-10 14:51:48,653] {local_task_job.py:264} INFO - 0 downstream tasks scheduled from follow-on schedule check
[2022-02-10 15:42:17,078] {taskinstance.py:1032} INFO - Dependencies all met for <TaskInstance: ex_1_data_ingestion_gcs_dag_v3.local_to_gcs_task scheduled__2021-05-01T00:00:00+00:00 [queued]>
[2022-02-10 15:42:17,099] {taskinstance.py:1032} INFO - Dependencies all met for <TaskInstance: ex_1_data_ingestion_gcs_dag_v3.local_to_gcs_task scheduled__2021-05-01T00:00:00+00:00 [queued]>
[2022-02-10 15:42:17,101] {taskinstance.py:1238} INFO - 
--------------------------------------------------------------------------------
[2022-02-10 15:42:17,102] {taskinstance.py:1239} INFO - Starting attempt 1 of 1
[2022-02-10 15:42:17,103] {taskinstance.py:1240} INFO - 
--------------------------------------------------------------------------------
[2022-02-10 15:42:17,130] {taskinstance.py:1259} INFO - Executing <Task(PythonOperator): local_to_gcs_task> on 2021-05-01 00:00:00+00:00
[2022-02-10 15:42:17,141] {standard_task_runner.py:52} INFO - Started process 1133 to run task
[2022-02-10 15:42:17,158] {standard_task_runner.py:76} INFO - Running: ['***', 'tasks', 'run', 'ex_1_data_ingestion_gcs_dag_v3', 'local_to_gcs_task', 'scheduled__2021-05-01T00:00:00+00:00', '--job-id', '869', '--raw', '--subdir', 'DAGS_FOLDER/data_ingestion_hw_1_ex.py', '--cfg-path', '/tmp/tmpn4vjqgb4', '--error-file', '/tmp/tmpgs3ck4nu']
[2022-02-10 15:42:17,162] {standard_task_runner.py:77} INFO - Job 869: Subtask local_to_gcs_task
[2022-02-10 15:42:17,336] {logging_mixin.py:109} INFO - Running <TaskInstance: ex_1_data_ingestion_gcs_dag_v3.local_to_gcs_task scheduled__2021-05-01T00:00:00+00:00 [running]> on host 276a0ad90304
[2022-02-10 15:42:17,407] {warnings.py:110} WARNING - /home/***/.local/lib/python3.7/site-packages/***/utils/context.py:152: AirflowContextDeprecationWarning: Accessing 'execution_date' from the template is deprecated and will be removed in a future version. Please use 'data_interval_start' or 'logical_date' instead.
  warnings.warn(_create_deprecation_warning(key, self._deprecation_replacements[key]))

[2022-02-10 15:42:17,450] {taskinstance.py:1426} INFO - Exporting the following env vars:
AIRFLOW_CTX_DAG_OWNER=***
AIRFLOW_CTX_DAG_ID=ex_1_data_ingestion_gcs_dag_v3
AIRFLOW_CTX_TASK_ID=local_to_gcs_task
AIRFLOW_CTX_EXECUTION_DATE=2021-05-01T00:00:00+00:00
AIRFLOW_CTX_DAG_RUN_ID=scheduled__2021-05-01T00:00:00+00:00
[2022-02-10 15:42:23,465] {python.py:175} INFO - Done. Returned value was: None
[2022-02-10 15:42:23,482] {taskinstance.py:1277} INFO - Marking task as SUCCESS. dag_id=ex_1_data_ingestion_gcs_dag_v3, task_id=local_to_gcs_task, execution_date=20210501T000000, start_date=20220210T154217, end_date=20220210T154223
[2022-02-10 15:42:23,550] {local_task_job.py:154} INFO - Task exited with return code 0
[2022-02-10 15:42:23,606] {local_task_job.py:264} INFO - 0 downstream tasks scheduled from follow-on schedule check
[2022-02-10 16:43:53,904] {taskinstance.py:1032} INFO - Dependencies all met for <TaskInstance: ex_1_data_ingestion_gcs_dag_v3.local_to_gcs_task scheduled__2021-05-01T00:00:00+00:00 [queued]>
[2022-02-10 16:43:53,918] {taskinstance.py:1032} INFO - Dependencies all met for <TaskInstance: ex_1_data_ingestion_gcs_dag_v3.local_to_gcs_task scheduled__2021-05-01T00:00:00+00:00 [queued]>
[2022-02-10 16:43:53,919] {taskinstance.py:1238} INFO - 
--------------------------------------------------------------------------------
[2022-02-10 16:43:53,920] {taskinstance.py:1239} INFO - Starting attempt 1 of 1
[2022-02-10 16:43:53,921] {taskinstance.py:1240} INFO - 
--------------------------------------------------------------------------------
[2022-02-10 16:43:53,932] {taskinstance.py:1259} INFO - Executing <Task(PythonOperator): local_to_gcs_task> on 2021-05-01 00:00:00+00:00
[2022-02-10 16:43:53,939] {standard_task_runner.py:52} INFO - Started process 974 to run task
[2022-02-10 16:43:53,944] {standard_task_runner.py:76} INFO - Running: ['***', 'tasks', 'run', 'ex_1_data_ingestion_gcs_dag_v3', 'local_to_gcs_task', 'scheduled__2021-05-01T00:00:00+00:00', '--job-id', '983', '--raw', '--subdir', 'DAGS_FOLDER/data_ingestion_hw_1_ex.py', '--cfg-path', '/tmp/tmps0wsx6ub', '--error-file', '/tmp/tmp49pyenwu']
[2022-02-10 16:43:53,946] {standard_task_runner.py:77} INFO - Job 983: Subtask local_to_gcs_task
[2022-02-10 16:43:54,019] {logging_mixin.py:109} INFO - Running <TaskInstance: ex_1_data_ingestion_gcs_dag_v3.local_to_gcs_task scheduled__2021-05-01T00:00:00+00:00 [running]> on host 106a34111faf
[2022-02-10 16:43:54,078] {warnings.py:110} WARNING - /home/***/.local/lib/python3.7/site-packages/***/utils/context.py:152: AirflowContextDeprecationWarning: Accessing 'execution_date' from the template is deprecated and will be removed in a future version. Please use 'data_interval_start' or 'logical_date' instead.
  warnings.warn(_create_deprecation_warning(key, self._deprecation_replacements[key]))

[2022-02-10 16:43:54,118] {taskinstance.py:1426} INFO - Exporting the following env vars:
AIRFLOW_CTX_DAG_OWNER=***
AIRFLOW_CTX_DAG_ID=ex_1_data_ingestion_gcs_dag_v3
AIRFLOW_CTX_TASK_ID=local_to_gcs_task
AIRFLOW_CTX_EXECUTION_DATE=2021-05-01T00:00:00+00:00
AIRFLOW_CTX_DAG_RUN_ID=scheduled__2021-05-01T00:00:00+00:00
[2022-02-10 16:44:13,870] {python.py:175} INFO - Done. Returned value was: None
[2022-02-10 16:44:13,890] {taskinstance.py:1277} INFO - Marking task as SUCCESS. dag_id=ex_1_data_ingestion_gcs_dag_v3, task_id=local_to_gcs_task, execution_date=20210501T000000, start_date=20220210T164353, end_date=20220210T164413
[2022-02-10 16:44:13,946] {local_task_job.py:154} INFO - Task exited with return code 0
[2022-02-10 16:44:14,041] {local_task_job.py:264} INFO - 0 downstream tasks scheduled from follow-on schedule check
