[2022-02-18 12:29:49,662] {taskinstance.py:1032} INFO - Dependencies all met for <TaskInstance: fhv_data_2_gcs_dag.gcs_2_gcs_task scheduled__2022-02-12T00:00:00+00:00 [queued]>
[2022-02-18 12:29:49,706] {taskinstance.py:1032} INFO - Dependencies all met for <TaskInstance: fhv_data_2_gcs_dag.gcs_2_gcs_task scheduled__2022-02-12T00:00:00+00:00 [queued]>
[2022-02-18 12:29:49,713] {taskinstance.py:1238} INFO - 
--------------------------------------------------------------------------------
[2022-02-18 12:29:49,716] {taskinstance.py:1239} INFO - Starting attempt 1 of 2
[2022-02-18 12:29:49,718] {taskinstance.py:1240} INFO - 
--------------------------------------------------------------------------------
[2022-02-18 12:29:49,753] {taskinstance.py:1259} INFO - Executing <Task(GCSToGCSOperator): gcs_2_gcs_task> on 2022-02-12 00:00:00+00:00
[2022-02-18 12:29:49,765] {standard_task_runner.py:52} INFO - Started process 70 to run task
[2022-02-18 12:29:49,877] {standard_task_runner.py:76} INFO - Running: ['***', 'tasks', 'run', 'fhv_data_2_gcs_dag', 'gcs_2_gcs_task', 'scheduled__2022-02-12T00:00:00+00:00', '--job-id', '1063', '--raw', '--subdir', 'DAGS_FOLDER/fhv_data_2_gcs_dag.py', '--cfg-path', '/tmp/tmp6av4w2f7', '--error-file', '/tmp/tmp6zlv_el6']
[2022-02-18 12:29:49,886] {standard_task_runner.py:77} INFO - Job 1063: Subtask gcs_2_gcs_task
[2022-02-18 12:29:50,118] {logging_mixin.py:109} INFO - Running <TaskInstance: fhv_data_2_gcs_dag.gcs_2_gcs_task scheduled__2022-02-12T00:00:00+00:00 [running]> on host 853fb9201673
[2022-02-18 12:29:50,581] {taskinstance.py:1426} INFO - Exporting the following env vars:
AIRFLOW_CTX_DAG_OWNER=***
AIRFLOW_CTX_DAG_ID=fhv_data_2_gcs_dag
AIRFLOW_CTX_TASK_ID=gcs_2_gcs_task
AIRFLOW_CTX_EXECUTION_DATE=2022-02-12T00:00:00+00:00
AIRFLOW_CTX_DAG_RUN_ID=scheduled__2022-02-12T00:00:00+00:00
[2022-02-18 12:29:50,585] {crypto.py:82} WARNING - empty cryptography key - values will not be stored encrypted.
[2022-02-18 12:29:50,587] {gcs_to_gcs.py:346} INFO - Delimiter ignored because wildcard is in prefix
[2022-02-18 12:29:51,063] {gcs_to_gcs.py:431} INFO - Executing copy of gs://dtc_data_lake_vaulted-art-339212/raw/fhv_tripdata_2019-01.csv to gs://dtc_data_lake_vaulted-art-339212/fhv/fhv_tripdata_2019-01.csv
[2022-02-18 12:29:51,666] {gcs.py:251} INFO - Total Bytes: 1301971512 | Bytes Written: 1301971512
[2022-02-18 12:29:51,667] {gcs.py:264} INFO - Object raw/fhv_tripdata_2019-01.csv in bucket dtc_data_lake_vaulted-art-339212 rewritten to object fhv/fhv_tripdata_2019-01.csv in bucket dtc_data_lake_vaulted-art-339212
[2022-02-18 12:29:51,668] {gcs_to_gcs.py:431} INFO - Executing copy of gs://dtc_data_lake_vaulted-art-339212/raw/fhv_tripdata_2019-05.csv to gs://dtc_data_lake_vaulted-art-339212/fhv/fhv_tripdata_2019-05.csv
[2022-02-18 12:29:52,072] {gcs.py:251} INFO - Total Bytes: 116105375 | Bytes Written: 116105375
[2022-02-18 12:29:52,074] {gcs.py:264} INFO - Object raw/fhv_tripdata_2019-05.csv in bucket dtc_data_lake_vaulted-art-339212 rewritten to object fhv/fhv_tripdata_2019-05.csv in bucket dtc_data_lake_vaulted-art-339212
[2022-02-18 12:29:52,075] {gcs_to_gcs.py:431} INFO - Executing copy of gs://dtc_data_lake_vaulted-art-339212/raw/fhv_tripdata_2019-06.csv to gs://dtc_data_lake_vaulted-art-339212/fhv/fhv_tripdata_2019-06.csv
[2022-02-18 12:29:52,463] {gcs.py:251} INFO - Total Bytes: 111937857 | Bytes Written: 111937857
[2022-02-18 12:29:52,465] {gcs.py:264} INFO - Object raw/fhv_tripdata_2019-06.csv in bucket dtc_data_lake_vaulted-art-339212 rewritten to object fhv/fhv_tripdata_2019-06.csv in bucket dtc_data_lake_vaulted-art-339212
[2022-02-18 12:29:52,467] {gcs_to_gcs.py:431} INFO - Executing copy of gs://dtc_data_lake_vaulted-art-339212/raw/fhv_tripdata_2019-10.csv to gs://dtc_data_lake_vaulted-art-339212/fhv/fhv_tripdata_2019-10.csv
[2022-02-18 12:29:52,852] {gcs.py:251} INFO - Total Bytes: 102789732 | Bytes Written: 102789732
[2022-02-18 12:29:52,859] {gcs.py:264} INFO - Object raw/fhv_tripdata_2019-10.csv in bucket dtc_data_lake_vaulted-art-339212 rewritten to object fhv/fhv_tripdata_2019-10.csv in bucket dtc_data_lake_vaulted-art-339212
[2022-02-18 12:29:52,877] {gcs_to_gcs.py:431} INFO - Executing copy of gs://dtc_data_lake_vaulted-art-339212/raw/fhv_tripdata_2019-11.csv to gs://dtc_data_lake_vaulted-art-339212/fhv/fhv_tripdata_2019-11.csv
[2022-02-18 12:29:53,277] {gcs.py:251} INFO - Total Bytes: 92765260 | Bytes Written: 92765260
[2022-02-18 12:29:53,280] {gcs.py:264} INFO - Object raw/fhv_tripdata_2019-11.csv in bucket dtc_data_lake_vaulted-art-339212 rewritten to object fhv/fhv_tripdata_2019-11.csv in bucket dtc_data_lake_vaulted-art-339212
[2022-02-18 12:29:53,282] {gcs_to_gcs.py:431} INFO - Executing copy of gs://dtc_data_lake_vaulted-art-339212/raw/fhv_tripdata_2019-09.csv to gs://dtc_data_lake_vaulted-art-339212/fhv/fhv_tripdata_2019-09.csv
[2022-02-18 12:29:53,695] {gcs.py:251} INFO - Total Bytes: 58838964 | Bytes Written: 58838964
[2022-02-18 12:29:53,697] {gcs.py:264} INFO - Object raw/fhv_tripdata_2019-09.csv in bucket dtc_data_lake_vaulted-art-339212 rewritten to object fhv/fhv_tripdata_2019-09.csv in bucket dtc_data_lake_vaulted-art-339212
[2022-02-18 12:29:53,698] {gcs_to_gcs.py:431} INFO - Executing copy of gs://dtc_data_lake_vaulted-art-339212/raw/fhv_tripdata_2019-03.csv to gs://dtc_data_lake_vaulted-art-339212/fhv/fhv_tripdata_2019-03.csv
[2022-02-18 12:29:54,065] {gcs.py:251} INFO - Total Bytes: 75662300 | Bytes Written: 75662300
[2022-02-18 12:29:54,066] {gcs.py:264} INFO - Object raw/fhv_tripdata_2019-03.csv in bucket dtc_data_lake_vaulted-art-339212 rewritten to object fhv/fhv_tripdata_2019-03.csv in bucket dtc_data_lake_vaulted-art-339212
[2022-02-18 12:29:54,068] {gcs_to_gcs.py:431} INFO - Executing copy of gs://dtc_data_lake_vaulted-art-339212/raw/fhv_tripdata_2019-12.csv to gs://dtc_data_lake_vaulted-art-339212/fhv/fhv_tripdata_2019-12.csv
[2022-02-18 12:29:54,441] {gcs.py:251} INFO - Total Bytes: 99542630 | Bytes Written: 99542630
[2022-02-18 12:29:54,444] {gcs.py:264} INFO - Object raw/fhv_tripdata_2019-12.csv in bucket dtc_data_lake_vaulted-art-339212 rewritten to object fhv/fhv_tripdata_2019-12.csv in bucket dtc_data_lake_vaulted-art-339212
[2022-02-18 12:29:54,446] {gcs_to_gcs.py:431} INFO - Executing copy of gs://dtc_data_lake_vaulted-art-339212/raw/fhv_tripdata_2019-08.csv to gs://dtc_data_lake_vaulted-art-339212/fhv/fhv_tripdata_2019-08.csv
[2022-02-18 12:29:54,810] {gcs.py:251} INFO - Total Bytes: 104016725 | Bytes Written: 104016725
[2022-02-18 12:29:54,812] {gcs.py:264} INFO - Object raw/fhv_tripdata_2019-08.csv in bucket dtc_data_lake_vaulted-art-339212 rewritten to object fhv/fhv_tripdata_2019-08.csv in bucket dtc_data_lake_vaulted-art-339212
[2022-02-18 12:29:54,813] {gcs_to_gcs.py:431} INFO - Executing copy of gs://dtc_data_lake_vaulted-art-339212/raw/fhv_tripdata_2019-04.csv to gs://dtc_data_lake_vaulted-art-339212/fhv/fhv_tripdata_2019-04.csv
[2022-02-18 12:29:55,185] {gcs.py:251} INFO - Total Bytes: 108555126 | Bytes Written: 108555126
[2022-02-18 12:29:55,188] {gcs.py:264} INFO - Object raw/fhv_tripdata_2019-04.csv in bucket dtc_data_lake_vaulted-art-339212 rewritten to object fhv/fhv_tripdata_2019-04.csv in bucket dtc_data_lake_vaulted-art-339212
[2022-02-18 12:29:55,192] {gcs_to_gcs.py:431} INFO - Executing copy of gs://dtc_data_lake_vaulted-art-339212/raw/fhv_tripdata_2019-02.csv to gs://dtc_data_lake_vaulted-art-339212/fhv/fhv_tripdata_2019-02.csv
[2022-02-18 12:29:55,567] {gcs.py:251} INFO - Total Bytes: 97117784 | Bytes Written: 97117784
[2022-02-18 12:29:55,593] {gcs.py:264} INFO - Object raw/fhv_tripdata_2019-02.csv in bucket dtc_data_lake_vaulted-art-339212 rewritten to object fhv/fhv_tripdata_2019-02.csv in bucket dtc_data_lake_vaulted-art-339212
[2022-02-18 12:29:55,596] {gcs_to_gcs.py:431} INFO - Executing copy of gs://dtc_data_lake_vaulted-art-339212/raw/fhv_tripdata_2019-07.csv to gs://dtc_data_lake_vaulted-art-339212/fhv/fhv_tripdata_2019-07.csv
[2022-02-18 12:29:55,968] {gcs.py:251} INFO - Total Bytes: 108520644 | Bytes Written: 108520644
[2022-02-18 12:29:55,973] {gcs.py:264} INFO - Object raw/fhv_tripdata_2019-07.csv in bucket dtc_data_lake_vaulted-art-339212 rewritten to object fhv/fhv_tripdata_2019-07.csv in bucket dtc_data_lake_vaulted-art-339212
[2022-02-18 12:29:56,024] {taskinstance.py:1277} INFO - Marking task as SUCCESS. dag_id=fhv_data_2_gcs_dag, task_id=gcs_2_gcs_task, execution_date=20220212T000000, start_date=20220218T122949, end_date=20220218T122956
[2022-02-18 12:29:56,123] {local_task_job.py:154} INFO - Task exited with return code 0
[2022-02-18 12:29:56,230] {local_task_job.py:264} INFO - 1 downstream tasks scheduled from follow-on schedule check
