[2022-02-03 14:28:54,767] {taskinstance.py:1032} INFO - Dependencies all met for <TaskInstance: FHV_data_ingestion_gcs_dag.download_dataset_task scheduled__2019-01-01T00:00:00+00:00 [queued]>
[2022-02-03 14:28:54,782] {taskinstance.py:1032} INFO - Dependencies all met for <TaskInstance: FHV_data_ingestion_gcs_dag.download_dataset_task scheduled__2019-01-01T00:00:00+00:00 [queued]>
[2022-02-03 14:28:54,783] {taskinstance.py:1238} INFO - 
--------------------------------------------------------------------------------
[2022-02-03 14:28:54,784] {taskinstance.py:1239} INFO - Starting attempt 1 of 1
[2022-02-03 14:28:54,785] {taskinstance.py:1240} INFO - 
--------------------------------------------------------------------------------
[2022-02-03 14:28:54,799] {taskinstance.py:1259} INFO - Executing <Task(BashOperator): download_dataset_task> on 2019-01-01 00:00:00+00:00
[2022-02-03 14:28:54,807] {standard_task_runner.py:52} INFO - Started process 319 to run task
[2022-02-03 14:28:54,811] {standard_task_runner.py:76} INFO - Running: ['***', 'tasks', 'run', 'FHV_data_ingestion_gcs_dag', 'download_dataset_task', 'scheduled__2019-01-01T00:00:00+00:00', '--job-id', '421', '--raw', '--subdir', 'DAGS_FOLDER/FHV_injection_dag.py', '--cfg-path', '/tmp/tmplnkj8ndp', '--error-file', '/tmp/tmpja77f8fs']
[2022-02-03 14:28:54,813] {standard_task_runner.py:77} INFO - Job 421: Subtask download_dataset_task
[2022-02-03 14:28:54,891] {logging_mixin.py:109} INFO - Running <TaskInstance: FHV_data_ingestion_gcs_dag.download_dataset_task scheduled__2019-01-01T00:00:00+00:00 [running]> on host 700aeb16bae0
[2022-02-03 14:28:54,941] {warnings.py:110} WARNING - /home/***/.local/lib/python3.7/site-packages/***/utils/context.py:152: AirflowContextDeprecationWarning: Accessing 'execution_date' from the template is deprecated and will be removed in a future version. Please use 'data_interval_start' or 'logical_date' instead.
  warnings.warn(_create_deprecation_warning(key, self._deprecation_replacements[key]))

[2022-02-03 14:28:54,988] {taskinstance.py:1426} INFO - Exporting the following env vars:
AIRFLOW_CTX_DAG_OWNER=***
AIRFLOW_CTX_DAG_ID=FHV_data_ingestion_gcs_dag
AIRFLOW_CTX_TASK_ID=download_dataset_task
AIRFLOW_CTX_EXECUTION_DATE=2019-01-01T00:00:00+00:00
AIRFLOW_CTX_DAG_RUN_ID=scheduled__2019-01-01T00:00:00+00:00
[2022-02-03 14:28:54,990] {subprocess.py:62} INFO - Tmp dir root location: 
 /tmp
[2022-02-03 14:28:54,992] {subprocess.py:74} INFO - Running command: ['bash', '-c', 'curl -sSLf https://nyc-tlc.s3.amazonaws.com/trip+data/fhv_tripdata_2019-01.csv > /opt/***/fhv_tripdata_2019-01.csv']
[2022-02-03 14:28:55,006] {subprocess.py:85} INFO - Output:
[2022-02-03 14:32:55,207] {subprocess.py:93} INFO - Command exited with return code 0
[2022-02-03 14:32:55,240] {taskinstance.py:1277} INFO - Marking task as SUCCESS. dag_id=FHV_data_ingestion_gcs_dag, task_id=download_dataset_task, execution_date=20190101T000000, start_date=20220203T142854, end_date=20220203T143255
[2022-02-03 14:32:55,309] {local_task_job.py:154} INFO - Task exited with return code 0
[2022-02-03 14:32:55,349] {local_task_job.py:264} INFO - 1 downstream tasks scheduled from follow-on schedule check
[2022-02-03 15:04:15,883] {taskinstance.py:1032} INFO - Dependencies all met for <TaskInstance: FHV_data_ingestion_gcs_dag.download_dataset_task scheduled__2019-01-01T00:00:00+00:00 [queued]>
[2022-02-03 15:04:15,911] {taskinstance.py:1032} INFO - Dependencies all met for <TaskInstance: FHV_data_ingestion_gcs_dag.download_dataset_task scheduled__2019-01-01T00:00:00+00:00 [queued]>
[2022-02-03 15:04:15,892] {taskinstance.py:1238} INFO - 
--------------------------------------------------------------------------------
[2022-02-03 15:04:15,893] {taskinstance.py:1239} INFO - Starting attempt 1 of 1
[2022-02-03 15:04:15,899] {taskinstance.py:1240} INFO - 
--------------------------------------------------------------------------------
[2022-02-03 15:04:15,938] {taskinstance.py:1259} INFO - Executing <Task(BashOperator): download_dataset_task> on 2019-01-01 00:00:00+00:00
[2022-02-03 15:04:15,956] {standard_task_runner.py:52} INFO - Started process 2436 to run task
[2022-02-03 15:04:15,985] {standard_task_runner.py:76} INFO - Running: ['***', 'tasks', 'run', 'FHV_data_ingestion_gcs_dag', 'download_dataset_task', 'scheduled__2019-01-01T00:00:00+00:00', '--job-id', '529', '--raw', '--subdir', 'DAGS_FOLDER/FHV_injection_dag.py', '--cfg-path', '/tmp/tmpku2wr72z', '--error-file', '/tmp/tmpjz4wuo4p']
[2022-02-03 15:04:15,999] {standard_task_runner.py:77} INFO - Job 529: Subtask download_dataset_task
[2022-02-03 15:04:16,182] {logging_mixin.py:109} INFO - Running <TaskInstance: FHV_data_ingestion_gcs_dag.download_dataset_task scheduled__2019-01-01T00:00:00+00:00 [running]> on host 700aeb16bae0
[2022-02-03 15:04:16,299] {warnings.py:110} WARNING - /home/***/.local/lib/python3.7/site-packages/***/utils/context.py:152: AirflowContextDeprecationWarning: Accessing 'execution_date' from the template is deprecated and will be removed in a future version. Please use 'data_interval_start' or 'logical_date' instead.
  warnings.warn(_create_deprecation_warning(key, self._deprecation_replacements[key]))

[2022-02-03 15:04:16,351] {taskinstance.py:1426} INFO - Exporting the following env vars:
AIRFLOW_CTX_DAG_OWNER=***
AIRFLOW_CTX_DAG_ID=FHV_data_ingestion_gcs_dag
AIRFLOW_CTX_TASK_ID=download_dataset_task
AIRFLOW_CTX_EXECUTION_DATE=2019-01-01T00:00:00+00:00
AIRFLOW_CTX_DAG_RUN_ID=scheduled__2019-01-01T00:00:00+00:00
[2022-02-03 15:04:16,354] {subprocess.py:62} INFO - Tmp dir root location: 
 /tmp
[2022-02-03 15:04:16,356] {subprocess.py:74} INFO - Running command: ['bash', '-c', 'curl -sSLf https://nyc-tlc.s3.amazonaws.com/trip+data/fhv_tripdata_2019-01.csv > /opt/***/fhv_tripdata_2019-01.csv']
[2022-02-03 15:04:16,384] {subprocess.py:85} INFO - Output:
[2022-02-03 15:07:29,071] {subprocess.py:93} INFO - Command exited with return code 0
[2022-02-03 15:07:29,322] {taskinstance.py:1277} INFO - Marking task as SUCCESS. dag_id=FHV_data_ingestion_gcs_dag, task_id=download_dataset_task, execution_date=20190101T000000, start_date=20220203T150415, end_date=20220203T150729
[2022-02-03 15:07:29,359] {local_task_job.py:154} INFO - Task exited with return code 0
[2022-02-03 15:07:29,424] {local_task_job.py:264} INFO - 0 downstream tasks scheduled from follow-on schedule check
