[2022-02-03 14:37:09,133] {taskinstance.py:1032} INFO - Dependencies all met for <TaskInstance: FHV_data_ingestion_gcs_dag.local_to_gcs_task scheduled__2019-03-01T00:00:00+00:00 [queued]>
[2022-02-03 14:37:09,146] {taskinstance.py:1032} INFO - Dependencies all met for <TaskInstance: FHV_data_ingestion_gcs_dag.local_to_gcs_task scheduled__2019-03-01T00:00:00+00:00 [queued]>
[2022-02-03 14:37:09,147] {taskinstance.py:1238} INFO - 
--------------------------------------------------------------------------------
[2022-02-03 14:37:09,148] {taskinstance.py:1239} INFO - Starting attempt 1 of 1
[2022-02-03 14:37:09,148] {taskinstance.py:1240} INFO - 
--------------------------------------------------------------------------------
[2022-02-03 14:37:09,162] {taskinstance.py:1259} INFO - Executing <Task(PythonOperator): local_to_gcs_task> on 2019-03-01 00:00:00+00:00
[2022-02-03 14:37:09,168] {standard_task_runner.py:52} INFO - Started process 763 to run task
[2022-02-03 14:37:09,172] {standard_task_runner.py:76} INFO - Running: ['***', 'tasks', 'run', 'FHV_data_ingestion_gcs_dag', 'local_to_gcs_task', 'scheduled__2019-03-01T00:00:00+00:00', '--job-id', '431', '--raw', '--subdir', 'DAGS_FOLDER/FHV_injection_dag.py', '--cfg-path', '/tmp/tmpmv58xsu5', '--error-file', '/tmp/tmpd0ce08sx']
[2022-02-03 14:37:09,173] {standard_task_runner.py:77} INFO - Job 431: Subtask local_to_gcs_task
[2022-02-03 14:37:09,254] {logging_mixin.py:109} INFO - Running <TaskInstance: FHV_data_ingestion_gcs_dag.local_to_gcs_task scheduled__2019-03-01T00:00:00+00:00 [running]> on host 700aeb16bae0
[2022-02-03 14:37:09,290] {warnings.py:110} WARNING - /home/***/.local/lib/python3.7/site-packages/***/utils/context.py:152: AirflowContextDeprecationWarning: Accessing 'execution_date' from the template is deprecated and will be removed in a future version. Please use 'data_interval_start' or 'logical_date' instead.
  warnings.warn(_create_deprecation_warning(key, self._deprecation_replacements[key]))

[2022-02-03 14:37:09,310] {taskinstance.py:1426} INFO - Exporting the following env vars:
AIRFLOW_CTX_DAG_OWNER=***
AIRFLOW_CTX_DAG_ID=FHV_data_ingestion_gcs_dag
AIRFLOW_CTX_TASK_ID=local_to_gcs_task
AIRFLOW_CTX_EXECUTION_DATE=2019-03-01T00:00:00+00:00
AIRFLOW_CTX_DAG_RUN_ID=scheduled__2019-03-01T00:00:00+00:00
[2022-02-03 14:37:11,412] {python.py:175} INFO - Done. Returned value was: None
[2022-02-03 14:37:11,429] {taskinstance.py:1277} INFO - Marking task as SUCCESS. dag_id=FHV_data_ingestion_gcs_dag, task_id=local_to_gcs_task, execution_date=20190301T000000, start_date=20220203T143709, end_date=20220203T143711
[2022-02-03 14:37:11,484] {local_task_job.py:154} INFO - Task exited with return code 0
[2022-02-03 14:37:11,523] {local_task_job.py:264} INFO - 1 downstream tasks scheduled from follow-on schedule check
[2022-02-03 15:07:26,656] {taskinstance.py:1032} INFO - Dependencies all met for <TaskInstance: FHV_data_ingestion_gcs_dag.local_to_gcs_task scheduled__2019-03-01T00:00:00+00:00 [queued]>
[2022-02-03 15:07:26,668] {taskinstance.py:1032} INFO - Dependencies all met for <TaskInstance: FHV_data_ingestion_gcs_dag.local_to_gcs_task scheduled__2019-03-01T00:00:00+00:00 [queued]>
[2022-02-03 15:07:26,669] {taskinstance.py:1238} INFO - 
--------------------------------------------------------------------------------
[2022-02-03 15:07:26,670] {taskinstance.py:1239} INFO - Starting attempt 1 of 1
[2022-02-03 15:07:26,670] {taskinstance.py:1240} INFO - 
--------------------------------------------------------------------------------
[2022-02-03 15:07:26,682] {taskinstance.py:1259} INFO - Executing <Task(PythonOperator): local_to_gcs_task> on 2019-03-01 00:00:00+00:00
[2022-02-03 15:07:26,688] {standard_task_runner.py:52} INFO - Started process 2605 to run task
[2022-02-03 15:07:26,693] {standard_task_runner.py:76} INFO - Running: ['***', 'tasks', 'run', 'FHV_data_ingestion_gcs_dag', 'local_to_gcs_task', 'scheduled__2019-03-01T00:00:00+00:00', '--job-id', '535', '--raw', '--subdir', 'DAGS_FOLDER/FHV_injection_dag.py', '--cfg-path', '/tmp/tmps7kozrhd', '--error-file', '/tmp/tmptyx5z7lc']
[2022-02-03 15:07:26,696] {standard_task_runner.py:77} INFO - Job 535: Subtask local_to_gcs_task
[2022-02-03 15:07:26,871] {logging_mixin.py:109} INFO - Running <TaskInstance: FHV_data_ingestion_gcs_dag.local_to_gcs_task scheduled__2019-03-01T00:00:00+00:00 [running]> on host 700aeb16bae0
[2022-02-03 15:07:26,935] {warnings.py:110} WARNING - /home/***/.local/lib/python3.7/site-packages/***/utils/context.py:152: AirflowContextDeprecationWarning: Accessing 'execution_date' from the template is deprecated and will be removed in a future version. Please use 'data_interval_start' or 'logical_date' instead.
  warnings.warn(_create_deprecation_warning(key, self._deprecation_replacements[key]))

[2022-02-03 15:07:26,962] {taskinstance.py:1426} INFO - Exporting the following env vars:
AIRFLOW_CTX_DAG_OWNER=***
AIRFLOW_CTX_DAG_ID=FHV_data_ingestion_gcs_dag
AIRFLOW_CTX_TASK_ID=local_to_gcs_task
AIRFLOW_CTX_EXECUTION_DATE=2019-03-01T00:00:00+00:00
AIRFLOW_CTX_DAG_RUN_ID=scheduled__2019-03-01T00:00:00+00:00
[2022-02-03 15:07:29,715] {python.py:175} INFO - Done. Returned value was: None
[2022-02-03 15:07:29,729] {taskinstance.py:1277} INFO - Marking task as SUCCESS. dag_id=FHV_data_ingestion_gcs_dag, task_id=local_to_gcs_task, execution_date=20190301T000000, start_date=20220203T150726, end_date=20220203T150729
[2022-02-03 15:07:29,763] {local_task_job.py:154} INFO - Task exited with return code 0
[2022-02-03 15:07:29,799] {local_task_job.py:264} INFO - 0 downstream tasks scheduled from follow-on schedule check
