[2022-02-02 17:40:40,993] {taskinstance.py:1032} INFO - Dependencies all met for <TaskInstance: ex_1_data_ingestion_gcs_dag_v2.download_dataset_task scheduled__2019-08-01T00:00:00+00:00 [queued]>
[2022-02-02 17:40:41,387] {taskinstance.py:1032} INFO - Dependencies all met for <TaskInstance: ex_1_data_ingestion_gcs_dag_v2.download_dataset_task scheduled__2019-08-01T00:00:00+00:00 [queued]>
[2022-02-02 17:40:41,397] {taskinstance.py:1238} INFO - 
--------------------------------------------------------------------------------
[2022-02-02 17:40:41,417] {taskinstance.py:1239} INFO - Starting attempt 1 of 1
[2022-02-02 17:40:41,467] {taskinstance.py:1240} INFO - 
--------------------------------------------------------------------------------
[2022-02-02 17:40:41,941] {taskinstance.py:1259} INFO - Executing <Task(BashOperator): download_dataset_task> on 2019-08-01 00:00:00+00:00
[2022-02-02 17:40:42,122] {standard_task_runner.py:52} INFO - Started process 6694 to run task
[2022-02-02 17:40:42,164] {standard_task_runner.py:76} INFO - Running: ['***', 'tasks', 'run', 'ex_1_data_ingestion_gcs_dag_v2', 'download_dataset_task', 'scheduled__2019-08-01T00:00:00+00:00', '--job-id', '217', '--raw', '--subdir', 'DAGS_FOLDER/data_ingestion_hw_1_ex.py', '--cfg-path', '/tmp/tmpq87z08qt', '--error-file', '/tmp/tmp0oo4krcj']
[2022-02-02 17:40:42,176] {standard_task_runner.py:77} INFO - Job 217: Subtask download_dataset_task
[2022-02-02 17:40:42,984] {logging_mixin.py:109} INFO - Running <TaskInstance: ex_1_data_ingestion_gcs_dag_v2.download_dataset_task scheduled__2019-08-01T00:00:00+00:00 [running]> on host 700aeb16bae0
[2022-02-02 17:40:43,560] {warnings.py:110} WARNING - /home/***/.local/lib/python3.7/site-packages/***/utils/context.py:152: AirflowContextDeprecationWarning: Accessing 'execution_date' from the template is deprecated and will be removed in a future version. Please use 'data_interval_start' or 'logical_date' instead.
  warnings.warn(_create_deprecation_warning(key, self._deprecation_replacements[key]))

[2022-02-02 17:40:43,699] {taskinstance.py:1426} INFO - Exporting the following env vars:
AIRFLOW_CTX_DAG_OWNER=***
AIRFLOW_CTX_DAG_ID=ex_1_data_ingestion_gcs_dag_v2
AIRFLOW_CTX_TASK_ID=download_dataset_task
AIRFLOW_CTX_EXECUTION_DATE=2019-08-01T00:00:00+00:00
AIRFLOW_CTX_DAG_RUN_ID=scheduled__2019-08-01T00:00:00+00:00
[2022-02-02 17:40:43,707] {subprocess.py:62} INFO - Tmp dir root location: 
 /tmp
[2022-02-02 17:40:43,713] {subprocess.py:74} INFO - Running command: ['bash', '-c', 'curl -sS https://s3.amazonaws.com/nyc-tlc/trip+data/yellow_tripdata_2019-08.csv > /opt/***/yellow_tripdata_2019-08.csv']
[2022-02-02 17:40:43,807] {subprocess.py:85} INFO - Output:
[2022-02-02 17:46:44,455] {subprocess.py:93} INFO - Command exited with return code 0
[2022-02-02 17:46:48,498] {taskinstance.py:1277} INFO - Marking task as SUCCESS. dag_id=ex_1_data_ingestion_gcs_dag_v2, task_id=download_dataset_task, execution_date=20190801T000000, start_date=20220202T174041, end_date=20220202T174648
[2022-02-02 17:46:48,968] {local_task_job.py:212} WARNING - State of this instance has been externally set to success. Terminating instance.
[2022-02-02 17:46:49,257] {process_utils.py:124} INFO - Sending Signals.SIGTERM to group 6694. PIDs of all processes in the group: [6694]
[2022-02-02 17:46:49,372] {process_utils.py:75} INFO - Sending the signal Signals.SIGTERM to group 6694
[2022-02-02 17:46:50,173] {process_utils.py:70} INFO - Process psutil.Process(pid=6694, status='terminated', exitcode=0, started='17:40:41') (6694) terminated with exit code 0
