[2022-02-02 18:58:32,966] {taskinstance.py:1032} INFO - Dependencies all met for <TaskInstance: ex_1_data_ingestion_gcs_dag_v3.local_to_gcs_task scheduled__2020-09-01T00:00:00+00:00 [queued]>
[2022-02-02 18:58:32,981] {taskinstance.py:1032} INFO - Dependencies all met for <TaskInstance: ex_1_data_ingestion_gcs_dag_v3.local_to_gcs_task scheduled__2020-09-01T00:00:00+00:00 [queued]>
[2022-02-02 18:58:32,982] {taskinstance.py:1238} INFO - 
--------------------------------------------------------------------------------
[2022-02-02 18:58:32,983] {taskinstance.py:1239} INFO - Starting attempt 1 of 1
[2022-02-02 18:58:32,984] {taskinstance.py:1240} INFO - 
--------------------------------------------------------------------------------
[2022-02-02 18:58:32,997] {taskinstance.py:1259} INFO - Executing <Task(PythonOperator): local_to_gcs_task> on 2020-09-01 00:00:00+00:00
[2022-02-02 18:58:33,004] {standard_task_runner.py:52} INFO - Started process 11025 to run task
[2022-02-02 18:58:33,008] {standard_task_runner.py:76} INFO - Running: ['***', 'tasks', 'run', 'ex_1_data_ingestion_gcs_dag_v3', 'local_to_gcs_task', 'scheduled__2020-09-01T00:00:00+00:00', '--job-id', '364', '--raw', '--subdir', 'DAGS_FOLDER/data_ingestion_hw_1_ex.py', '--cfg-path', '/tmp/tmpmkbwjsr3', '--error-file', '/tmp/tmp834o76__']
[2022-02-02 18:58:33,010] {standard_task_runner.py:77} INFO - Job 364: Subtask local_to_gcs_task
[2022-02-02 18:58:33,088] {logging_mixin.py:109} INFO - Running <TaskInstance: ex_1_data_ingestion_gcs_dag_v3.local_to_gcs_task scheduled__2020-09-01T00:00:00+00:00 [running]> on host 700aeb16bae0
[2022-02-02 18:58:33,131] {warnings.py:110} WARNING - /home/***/.local/lib/python3.7/site-packages/***/utils/context.py:152: AirflowContextDeprecationWarning: Accessing 'execution_date' from the template is deprecated and will be removed in a future version. Please use 'data_interval_start' or 'logical_date' instead.
  warnings.warn(_create_deprecation_warning(key, self._deprecation_replacements[key]))

[2022-02-02 18:58:33,157] {taskinstance.py:1426} INFO - Exporting the following env vars:
AIRFLOW_CTX_DAG_OWNER=***
AIRFLOW_CTX_DAG_ID=ex_1_data_ingestion_gcs_dag_v3
AIRFLOW_CTX_TASK_ID=local_to_gcs_task
AIRFLOW_CTX_EXECUTION_DATE=2020-09-01T00:00:00+00:00
AIRFLOW_CTX_DAG_RUN_ID=scheduled__2020-09-01T00:00:00+00:00
[2022-02-02 18:58:36,365] {python.py:175} INFO - Done. Returned value was: None
[2022-02-02 18:58:36,383] {taskinstance.py:1277} INFO - Marking task as SUCCESS. dag_id=ex_1_data_ingestion_gcs_dag_v3, task_id=local_to_gcs_task, execution_date=20200901T000000, start_date=20220202T185832, end_date=20220202T185836
[2022-02-02 18:58:36,419] {local_task_job.py:154} INFO - Task exited with return code 0
[2022-02-02 18:58:36,455] {local_task_job.py:264} INFO - 0 downstream tasks scheduled from follow-on schedule check
[2022-02-10 13:29:11,924] {taskinstance.py:1032} INFO - Dependencies all met for <TaskInstance: ex_1_data_ingestion_gcs_dag_v3.local_to_gcs_task scheduled__2020-09-01T00:00:00+00:00 [queued]>
[2022-02-10 13:29:11,948] {taskinstance.py:1032} INFO - Dependencies all met for <TaskInstance: ex_1_data_ingestion_gcs_dag_v3.local_to_gcs_task scheduled__2020-09-01T00:00:00+00:00 [queued]>
[2022-02-10 13:29:11,950] {taskinstance.py:1238} INFO - 
--------------------------------------------------------------------------------
[2022-02-10 13:29:11,952] {taskinstance.py:1239} INFO - Starting attempt 1 of 1
[2022-02-10 13:29:11,954] {taskinstance.py:1240} INFO - 
--------------------------------------------------------------------------------
[2022-02-10 13:29:11,980] {taskinstance.py:1259} INFO - Executing <Task(PythonOperator): local_to_gcs_task> on 2020-09-01 00:00:00+00:00
[2022-02-10 13:29:11,992] {standard_task_runner.py:52} INFO - Started process 2896 to run task
[2022-02-10 13:29:12,002] {standard_task_runner.py:76} INFO - Running: ['***', 'tasks', 'run', 'ex_1_data_ingestion_gcs_dag_v3', 'local_to_gcs_task', 'scheduled__2020-09-01T00:00:00+00:00', '--job-id', '722', '--raw', '--subdir', 'DAGS_FOLDER/data_ingestion_hw_1_ex.py', '--cfg-path', '/tmp/tmpchs0kr1n', '--error-file', '/tmp/tmpyl2sba2h']
[2022-02-10 13:29:12,007] {standard_task_runner.py:77} INFO - Job 722: Subtask local_to_gcs_task
[2022-02-10 13:29:12,154] {logging_mixin.py:109} INFO - Running <TaskInstance: ex_1_data_ingestion_gcs_dag_v3.local_to_gcs_task scheduled__2020-09-01T00:00:00+00:00 [running]> on host e30f201fae61
[2022-02-10 13:29:12,240] {warnings.py:110} WARNING - /home/***/.local/lib/python3.7/site-packages/***/utils/context.py:152: AirflowContextDeprecationWarning: Accessing 'execution_date' from the template is deprecated and will be removed in a future version. Please use 'data_interval_start' or 'logical_date' instead.
  warnings.warn(_create_deprecation_warning(key, self._deprecation_replacements[key]))

[2022-02-10 13:29:12,291] {taskinstance.py:1426} INFO - Exporting the following env vars:
AIRFLOW_CTX_DAG_OWNER=***
AIRFLOW_CTX_DAG_ID=ex_1_data_ingestion_gcs_dag_v3
AIRFLOW_CTX_TASK_ID=local_to_gcs_task
AIRFLOW_CTX_EXECUTION_DATE=2020-09-01T00:00:00+00:00
AIRFLOW_CTX_DAG_RUN_ID=scheduled__2020-09-01T00:00:00+00:00
[2022-02-10 13:29:16,082] {python.py:175} INFO - Done. Returned value was: None
[2022-02-10 13:29:16,120] {taskinstance.py:1277} INFO - Marking task as SUCCESS. dag_id=ex_1_data_ingestion_gcs_dag_v3, task_id=local_to_gcs_task, execution_date=20200901T000000, start_date=20220210T132911, end_date=20220210T132916
[2022-02-10 13:29:16,282] {local_task_job.py:154} INFO - Task exited with return code 0
[2022-02-10 13:29:16,395] {local_task_job.py:264} INFO - 0 downstream tasks scheduled from follow-on schedule check
[2022-02-10 15:40:56,791] {taskinstance.py:1032} INFO - Dependencies all met for <TaskInstance: ex_1_data_ingestion_gcs_dag_v3.local_to_gcs_task scheduled__2020-09-01T00:00:00+00:00 [queued]>
[2022-02-10 15:40:56,809] {taskinstance.py:1032} INFO - Dependencies all met for <TaskInstance: ex_1_data_ingestion_gcs_dag_v3.local_to_gcs_task scheduled__2020-09-01T00:00:00+00:00 [queued]>
[2022-02-10 15:40:56,811] {taskinstance.py:1238} INFO - 
--------------------------------------------------------------------------------
[2022-02-10 15:40:56,812] {taskinstance.py:1239} INFO - Starting attempt 1 of 1
[2022-02-10 15:40:56,813] {taskinstance.py:1240} INFO - 
--------------------------------------------------------------------------------
[2022-02-10 15:40:56,831] {taskinstance.py:1259} INFO - Executing <Task(PythonOperator): local_to_gcs_task> on 2020-09-01 00:00:00+00:00
[2022-02-10 15:40:56,839] {standard_task_runner.py:52} INFO - Started process 959 to run task
[2022-02-10 15:40:56,845] {standard_task_runner.py:76} INFO - Running: ['***', 'tasks', 'run', 'ex_1_data_ingestion_gcs_dag_v3', 'local_to_gcs_task', 'scheduled__2020-09-01T00:00:00+00:00', '--job-id', '846', '--raw', '--subdir', 'DAGS_FOLDER/data_ingestion_hw_1_ex.py', '--cfg-path', '/tmp/tmpht2xn5oe', '--error-file', '/tmp/tmpmwlugwy7']
[2022-02-10 15:40:56,848] {standard_task_runner.py:77} INFO - Job 846: Subtask local_to_gcs_task
[2022-02-10 15:40:56,958] {logging_mixin.py:109} INFO - Running <TaskInstance: ex_1_data_ingestion_gcs_dag_v3.local_to_gcs_task scheduled__2020-09-01T00:00:00+00:00 [running]> on host 276a0ad90304
[2022-02-10 15:40:57,040] {warnings.py:110} WARNING - /home/***/.local/lib/python3.7/site-packages/***/utils/context.py:152: AirflowContextDeprecationWarning: Accessing 'execution_date' from the template is deprecated and will be removed in a future version. Please use 'data_interval_start' or 'logical_date' instead.
  warnings.warn(_create_deprecation_warning(key, self._deprecation_replacements[key]))

[2022-02-10 15:40:57,075] {taskinstance.py:1426} INFO - Exporting the following env vars:
AIRFLOW_CTX_DAG_OWNER=***
AIRFLOW_CTX_DAG_ID=ex_1_data_ingestion_gcs_dag_v3
AIRFLOW_CTX_TASK_ID=local_to_gcs_task
AIRFLOW_CTX_EXECUTION_DATE=2020-09-01T00:00:00+00:00
AIRFLOW_CTX_DAG_RUN_ID=scheduled__2020-09-01T00:00:00+00:00
[2022-02-10 15:40:59,957] {python.py:175} INFO - Done. Returned value was: None
[2022-02-10 15:40:59,978] {taskinstance.py:1277} INFO - Marking task as SUCCESS. dag_id=ex_1_data_ingestion_gcs_dag_v3, task_id=local_to_gcs_task, execution_date=20200901T000000, start_date=20220210T154056, end_date=20220210T154059
[2022-02-10 15:41:00,018] {local_task_job.py:154} INFO - Task exited with return code 0
[2022-02-10 15:41:00,068] {local_task_job.py:264} INFO - 0 downstream tasks scheduled from follow-on schedule check
[2022-02-10 16:41:46,108] {taskinstance.py:1032} INFO - Dependencies all met for <TaskInstance: ex_1_data_ingestion_gcs_dag_v3.local_to_gcs_task scheduled__2020-09-01T00:00:00+00:00 [queued]>
[2022-02-10 16:41:46,126] {taskinstance.py:1032} INFO - Dependencies all met for <TaskInstance: ex_1_data_ingestion_gcs_dag_v3.local_to_gcs_task scheduled__2020-09-01T00:00:00+00:00 [queued]>
[2022-02-10 16:41:46,127] {taskinstance.py:1238} INFO - 
--------------------------------------------------------------------------------
[2022-02-10 16:41:46,128] {taskinstance.py:1239} INFO - Starting attempt 1 of 1
[2022-02-10 16:41:46,130] {taskinstance.py:1240} INFO - 
--------------------------------------------------------------------------------
[2022-02-10 16:41:46,145] {taskinstance.py:1259} INFO - Executing <Task(PythonOperator): local_to_gcs_task> on 2020-09-01 00:00:00+00:00
[2022-02-10 16:41:46,152] {standard_task_runner.py:52} INFO - Started process 800 to run task
[2022-02-10 16:41:46,157] {standard_task_runner.py:76} INFO - Running: ['***', 'tasks', 'run', 'ex_1_data_ingestion_gcs_dag_v3', 'local_to_gcs_task', 'scheduled__2020-09-01T00:00:00+00:00', '--job-id', '966', '--raw', '--subdir', 'DAGS_FOLDER/data_ingestion_hw_1_ex.py', '--cfg-path', '/tmp/tmp6d1ca4tc', '--error-file', '/tmp/tmpw_ik9d04']
[2022-02-10 16:41:46,159] {standard_task_runner.py:77} INFO - Job 966: Subtask local_to_gcs_task
[2022-02-10 16:41:46,254] {logging_mixin.py:109} INFO - Running <TaskInstance: ex_1_data_ingestion_gcs_dag_v3.local_to_gcs_task scheduled__2020-09-01T00:00:00+00:00 [running]> on host 106a34111faf
[2022-02-10 16:41:46,360] {warnings.py:110} WARNING - /home/***/.local/lib/python3.7/site-packages/***/utils/context.py:152: AirflowContextDeprecationWarning: Accessing 'execution_date' from the template is deprecated and will be removed in a future version. Please use 'data_interval_start' or 'logical_date' instead.
  warnings.warn(_create_deprecation_warning(key, self._deprecation_replacements[key]))

[2022-02-10 16:41:46,414] {taskinstance.py:1426} INFO - Exporting the following env vars:
AIRFLOW_CTX_DAG_OWNER=***
AIRFLOW_CTX_DAG_ID=ex_1_data_ingestion_gcs_dag_v3
AIRFLOW_CTX_TASK_ID=local_to_gcs_task
AIRFLOW_CTX_EXECUTION_DATE=2020-09-01T00:00:00+00:00
AIRFLOW_CTX_DAG_RUN_ID=scheduled__2020-09-01T00:00:00+00:00
[2022-02-10 16:41:55,387] {python.py:175} INFO - Done. Returned value was: None
[2022-02-10 16:41:55,409] {taskinstance.py:1277} INFO - Marking task as SUCCESS. dag_id=ex_1_data_ingestion_gcs_dag_v3, task_id=local_to_gcs_task, execution_date=20200901T000000, start_date=20220210T164146, end_date=20220210T164155
[2022-02-10 16:41:55,467] {local_task_job.py:154} INFO - Task exited with return code 0
[2022-02-10 16:41:55,510] {local_task_job.py:264} INFO - 0 downstream tasks scheduled from follow-on schedule check
