[2022-02-02 13:45:55,289] {taskinstance.py:1032} INFO - Dependencies all met for <TaskInstance: ex_1_data_ingestion_gcs_dag.local_to_gcs_task scheduled__2020-06-01T00:00:00+00:00 [queued]>
[2022-02-02 13:45:55,639] {taskinstance.py:1032} INFO - Dependencies all met for <TaskInstance: ex_1_data_ingestion_gcs_dag.local_to_gcs_task scheduled__2020-06-01T00:00:00+00:00 [queued]>
[2022-02-02 13:45:55,660] {taskinstance.py:1238} INFO - 
--------------------------------------------------------------------------------
[2022-02-02 13:45:55,676] {taskinstance.py:1239} INFO - Starting attempt 1 of 1
[2022-02-02 13:45:55,692] {taskinstance.py:1240} INFO - 
--------------------------------------------------------------------------------
[2022-02-02 13:45:56,200] {taskinstance.py:1259} INFO - Executing <Task(PythonOperator): local_to_gcs_task> on 2020-06-01 00:00:00+00:00
[2022-02-02 13:45:56,345] {standard_task_runner.py:52} INFO - Started process 1555 to run task
[2022-02-02 13:45:56,602] {standard_task_runner.py:76} INFO - Running: ['***', 'tasks', 'run', 'ex_1_data_ingestion_gcs_dag', 'local_to_gcs_task', 'scheduled__2020-06-01T00:00:00+00:00', '--job-id', '157', '--raw', '--subdir', 'DAGS_FOLDER/data_ingestion_hw_1_ex.py', '--cfg-path', '/tmp/tmpgnyokplc', '--error-file', '/tmp/tmp_ju8kp83']
[2022-02-02 13:45:56,654] {standard_task_runner.py:77} INFO - Job 157: Subtask local_to_gcs_task
[2022-02-02 13:45:59,035] {logging_mixin.py:109} INFO - Running <TaskInstance: ex_1_data_ingestion_gcs_dag.local_to_gcs_task scheduled__2020-06-01T00:00:00+00:00 [running]> on host 700aeb16bae0
[2022-02-02 13:46:02,791] {warnings.py:110} WARNING - /home/***/.local/lib/python3.7/site-packages/***/utils/context.py:152: AirflowContextDeprecationWarning: Accessing 'execution_date' from the template is deprecated and will be removed in a future version. Please use 'data_interval_start' or 'logical_date' instead.
  warnings.warn(_create_deprecation_warning(key, self._deprecation_replacements[key]))

[2022-02-02 13:46:02,896] {taskinstance.py:1426} INFO - Exporting the following env vars:
AIRFLOW_CTX_DAG_OWNER=***
AIRFLOW_CTX_DAG_ID=ex_1_data_ingestion_gcs_dag
AIRFLOW_CTX_TASK_ID=local_to_gcs_task
AIRFLOW_CTX_EXECUTION_DATE=2020-06-01T00:00:00+00:00
AIRFLOW_CTX_DAG_RUN_ID=scheduled__2020-06-01T00:00:00+00:00
[2022-02-02 13:46:08,139] {python.py:175} INFO - Done. Returned value was: None
[2022-02-02 13:46:09,284] {taskinstance.py:1277} INFO - Marking task as SUCCESS. dag_id=ex_1_data_ingestion_gcs_dag, task_id=local_to_gcs_task, execution_date=20200601T000000, start_date=20220202T134555, end_date=20220202T134609
[2022-02-02 13:46:10,515] {local_task_job.py:154} INFO - Task exited with return code 0
[2022-02-02 13:46:11,483] {local_task_job.py:264} INFO - 0 downstream tasks scheduled from follow-on schedule check
