[2022-02-02 19:12:15,808] {taskinstance.py:1032} INFO - Dependencies all met for <TaskInstance: ex_1_data_ingestion_gcs_dag_v3.format_to_parquet_task scheduled__2021-08-01T00:00:00+00:00 [queued]>
[2022-02-02 19:12:15,819] {taskinstance.py:1032} INFO - Dependencies all met for <TaskInstance: ex_1_data_ingestion_gcs_dag_v3.format_to_parquet_task scheduled__2021-08-01T00:00:00+00:00 [queued]>
[2022-02-02 19:12:15,820] {taskinstance.py:1238} INFO - 
--------------------------------------------------------------------------------
[2022-02-02 19:12:15,821] {taskinstance.py:1239} INFO - Starting attempt 1 of 1
[2022-02-02 19:12:15,821] {taskinstance.py:1240} INFO - 
--------------------------------------------------------------------------------
[2022-02-02 19:12:15,844] {taskinstance.py:1259} INFO - Executing <Task(PythonOperator): format_to_parquet_task> on 2021-08-01 00:00:00+00:00
[2022-02-02 19:12:15,854] {standard_task_runner.py:52} INFO - Started process 11843 to run task
[2022-02-02 19:12:15,860] {standard_task_runner.py:76} INFO - Running: ['***', 'tasks', 'run', 'ex_1_data_ingestion_gcs_dag_v3', 'format_to_parquet_task', 'scheduled__2021-08-01T00:00:00+00:00', '--job-id', '396', '--raw', '--subdir', 'DAGS_FOLDER/data_ingestion_hw_1_ex.py', '--cfg-path', '/tmp/tmp4osjcoe5', '--error-file', '/tmp/tmpsd336o5a']
[2022-02-02 19:12:15,862] {standard_task_runner.py:77} INFO - Job 396: Subtask format_to_parquet_task
[2022-02-02 19:12:15,932] {logging_mixin.py:109} INFO - Running <TaskInstance: ex_1_data_ingestion_gcs_dag_v3.format_to_parquet_task scheduled__2021-08-01T00:00:00+00:00 [running]> on host 700aeb16bae0
[2022-02-02 19:12:15,973] {warnings.py:110} WARNING - /home/***/.local/lib/python3.7/site-packages/***/utils/context.py:152: AirflowContextDeprecationWarning: Accessing 'execution_date' from the template is deprecated and will be removed in a future version. Please use 'data_interval_start' or 'logical_date' instead.
  warnings.warn(_create_deprecation_warning(key, self._deprecation_replacements[key]))

[2022-02-02 19:12:15,995] {taskinstance.py:1426} INFO - Exporting the following env vars:
AIRFLOW_CTX_DAG_OWNER=***
AIRFLOW_CTX_DAG_ID=ex_1_data_ingestion_gcs_dag_v3
AIRFLOW_CTX_TASK_ID=format_to_parquet_task
AIRFLOW_CTX_EXECUTION_DATE=2021-08-01T00:00:00+00:00
AIRFLOW_CTX_DAG_RUN_ID=scheduled__2021-08-01T00:00:00+00:00
[2022-02-02 19:12:16,109] {python.py:175} INFO - Done. Returned value was: None
[2022-02-02 19:12:16,125] {taskinstance.py:1277} INFO - Marking task as SUCCESS. dag_id=ex_1_data_ingestion_gcs_dag_v3, task_id=format_to_parquet_task, execution_date=20210801T000000, start_date=20220202T191215, end_date=20220202T191216
[2022-02-02 19:12:16,156] {local_task_job.py:154} INFO - Task exited with return code 0
[2022-02-02 19:12:16,200] {local_task_job.py:264} INFO - 1 downstream tasks scheduled from follow-on schedule check
[2022-02-10 14:54:05,185] {taskinstance.py:1032} INFO - Dependencies all met for <TaskInstance: ex_1_data_ingestion_gcs_dag_v3.format_to_parquet_task scheduled__2021-08-01T00:00:00+00:00 [queued]>
[2022-02-10 14:54:05,210] {taskinstance.py:1032} INFO - Dependencies all met for <TaskInstance: ex_1_data_ingestion_gcs_dag_v3.format_to_parquet_task scheduled__2021-08-01T00:00:00+00:00 [queued]>
[2022-02-10 14:54:05,212] {taskinstance.py:1238} INFO - 
--------------------------------------------------------------------------------
[2022-02-10 14:54:05,215] {taskinstance.py:1239} INFO - Starting attempt 1 of 1
[2022-02-10 14:54:05,216] {taskinstance.py:1240} INFO - 
--------------------------------------------------------------------------------
[2022-02-10 14:54:05,243] {taskinstance.py:1259} INFO - Executing <Task(PythonOperator): format_to_parquet_task> on 2021-08-01 00:00:00+00:00
[2022-02-10 14:54:05,254] {standard_task_runner.py:52} INFO - Started process 3512 to run task
[2022-02-10 14:54:05,262] {standard_task_runner.py:76} INFO - Running: ['***', 'tasks', 'run', 'ex_1_data_ingestion_gcs_dag_v3', 'format_to_parquet_task', 'scheduled__2021-08-01T00:00:00+00:00', '--job-id', '750', '--raw', '--subdir', 'DAGS_FOLDER/data_ingestion_hw_1_ex.py', '--cfg-path', '/tmp/tmp6e1i8ep9', '--error-file', '/tmp/tmpnbcbca01']
[2022-02-10 14:54:05,267] {standard_task_runner.py:77} INFO - Job 750: Subtask format_to_parquet_task
[2022-02-10 14:54:05,462] {logging_mixin.py:109} INFO - Running <TaskInstance: ex_1_data_ingestion_gcs_dag_v3.format_to_parquet_task scheduled__2021-08-01T00:00:00+00:00 [running]> on host e30f201fae61
[2022-02-10 14:54:05,648] {warnings.py:110} WARNING - /home/***/.local/lib/python3.7/site-packages/***/utils/context.py:152: AirflowContextDeprecationWarning: Accessing 'execution_date' from the template is deprecated and will be removed in a future version. Please use 'data_interval_start' or 'logical_date' instead.
  warnings.warn(_create_deprecation_warning(key, self._deprecation_replacements[key]))

[2022-02-10 14:54:05,734] {taskinstance.py:1426} INFO - Exporting the following env vars:
AIRFLOW_CTX_DAG_OWNER=***
AIRFLOW_CTX_DAG_ID=ex_1_data_ingestion_gcs_dag_v3
AIRFLOW_CTX_TASK_ID=format_to_parquet_task
AIRFLOW_CTX_EXECUTION_DATE=2021-08-01T00:00:00+00:00
AIRFLOW_CTX_DAG_RUN_ID=scheduled__2021-08-01T00:00:00+00:00
[2022-02-10 14:54:05,979] {python.py:175} INFO - Done. Returned value was: None
[2022-02-10 14:54:06,046] {taskinstance.py:1277} INFO - Marking task as SUCCESS. dag_id=ex_1_data_ingestion_gcs_dag_v3, task_id=format_to_parquet_task, execution_date=20210801T000000, start_date=20220210T145405, end_date=20220210T145406
[2022-02-10 14:54:06,178] {local_task_job.py:154} INFO - Task exited with return code 0
[2022-02-10 14:54:06,312] {local_task_job.py:264} INFO - 0 downstream tasks scheduled from follow-on schedule check
[2022-02-10 15:42:47,309] {taskinstance.py:1032} INFO - Dependencies all met for <TaskInstance: ex_1_data_ingestion_gcs_dag_v3.format_to_parquet_task scheduled__2021-08-01T00:00:00+00:00 [queued]>
[2022-02-10 15:42:47,348] {taskinstance.py:1032} INFO - Dependencies all met for <TaskInstance: ex_1_data_ingestion_gcs_dag_v3.format_to_parquet_task scheduled__2021-08-01T00:00:00+00:00 [queued]>
[2022-02-10 15:42:47,352] {taskinstance.py:1238} INFO - 
--------------------------------------------------------------------------------
[2022-02-10 15:42:47,356] {taskinstance.py:1239} INFO - Starting attempt 1 of 1
[2022-02-10 15:42:47,357] {taskinstance.py:1240} INFO - 
--------------------------------------------------------------------------------
[2022-02-10 15:42:47,389] {taskinstance.py:1259} INFO - Executing <Task(PythonOperator): format_to_parquet_task> on 2021-08-01 00:00:00+00:00
[2022-02-10 15:42:47,403] {standard_task_runner.py:52} INFO - Started process 1193 to run task
[2022-02-10 15:42:47,414] {standard_task_runner.py:76} INFO - Running: ['***', 'tasks', 'run', 'ex_1_data_ingestion_gcs_dag_v3', 'format_to_parquet_task', 'scheduled__2021-08-01T00:00:00+00:00', '--job-id', '875', '--raw', '--subdir', 'DAGS_FOLDER/data_ingestion_hw_1_ex.py', '--cfg-path', '/tmp/tmpcx2h5uem', '--error-file', '/tmp/tmp77yg_yco']
[2022-02-10 15:42:47,419] {standard_task_runner.py:77} INFO - Job 875: Subtask format_to_parquet_task
[2022-02-10 15:42:47,526] {logging_mixin.py:109} INFO - Running <TaskInstance: ex_1_data_ingestion_gcs_dag_v3.format_to_parquet_task scheduled__2021-08-01T00:00:00+00:00 [running]> on host 276a0ad90304
[2022-02-10 15:42:47,607] {warnings.py:110} WARNING - /home/***/.local/lib/python3.7/site-packages/***/utils/context.py:152: AirflowContextDeprecationWarning: Accessing 'execution_date' from the template is deprecated and will be removed in a future version. Please use 'data_interval_start' or 'logical_date' instead.
  warnings.warn(_create_deprecation_warning(key, self._deprecation_replacements[key]))

[2022-02-10 15:42:47,669] {taskinstance.py:1426} INFO - Exporting the following env vars:
AIRFLOW_CTX_DAG_OWNER=***
AIRFLOW_CTX_DAG_ID=ex_1_data_ingestion_gcs_dag_v3
AIRFLOW_CTX_TASK_ID=format_to_parquet_task
AIRFLOW_CTX_EXECUTION_DATE=2021-08-01T00:00:00+00:00
AIRFLOW_CTX_DAG_RUN_ID=scheduled__2021-08-01T00:00:00+00:00
[2022-02-10 15:42:47,855] {python.py:175} INFO - Done. Returned value was: None
[2022-02-10 15:42:47,894] {taskinstance.py:1277} INFO - Marking task as SUCCESS. dag_id=ex_1_data_ingestion_gcs_dag_v3, task_id=format_to_parquet_task, execution_date=20210801T000000, start_date=20220210T154247, end_date=20220210T154247
[2022-02-10 15:42:47,972] {local_task_job.py:154} INFO - Task exited with return code 0
[2022-02-10 15:42:48,101] {local_task_job.py:264} INFO - 1 downstream tasks scheduled from follow-on schedule check
