[2022-02-02 19:00:10,974] {taskinstance.py:1032} INFO - Dependencies all met for <TaskInstance: ex_1_data_ingestion_gcs_dag_v3.format_to_parquet_task scheduled__2020-10-01T00:00:00+00:00 [queued]>
[2022-02-02 19:00:10,987] {taskinstance.py:1032} INFO - Dependencies all met for <TaskInstance: ex_1_data_ingestion_gcs_dag_v3.format_to_parquet_task scheduled__2020-10-01T00:00:00+00:00 [queued]>
[2022-02-02 19:00:10,988] {taskinstance.py:1238} INFO - 
--------------------------------------------------------------------------------
[2022-02-02 19:00:10,989] {taskinstance.py:1239} INFO - Starting attempt 1 of 1
[2022-02-02 19:00:10,989] {taskinstance.py:1240} INFO - 
--------------------------------------------------------------------------------
[2022-02-02 19:00:11,001] {taskinstance.py:1259} INFO - Executing <Task(PythonOperator): format_to_parquet_task> on 2020-10-01 00:00:00+00:00
[2022-02-02 19:00:11,009] {standard_task_runner.py:52} INFO - Started process 11105 to run task
[2022-02-02 19:00:11,014] {standard_task_runner.py:76} INFO - Running: ['***', 'tasks', 'run', 'ex_1_data_ingestion_gcs_dag_v3', 'format_to_parquet_task', 'scheduled__2020-10-01T00:00:00+00:00', '--job-id', '366', '--raw', '--subdir', 'DAGS_FOLDER/data_ingestion_hw_1_ex.py', '--cfg-path', '/tmp/tmp3rla9rrf', '--error-file', '/tmp/tmptpeufskd']
[2022-02-02 19:00:11,017] {standard_task_runner.py:77} INFO - Job 366: Subtask format_to_parquet_task
[2022-02-02 19:00:11,096] {logging_mixin.py:109} INFO - Running <TaskInstance: ex_1_data_ingestion_gcs_dag_v3.format_to_parquet_task scheduled__2020-10-01T00:00:00+00:00 [running]> on host 700aeb16bae0
[2022-02-02 19:00:11,146] {warnings.py:110} WARNING - /home/***/.local/lib/python3.7/site-packages/***/utils/context.py:152: AirflowContextDeprecationWarning: Accessing 'execution_date' from the template is deprecated and will be removed in a future version. Please use 'data_interval_start' or 'logical_date' instead.
  warnings.warn(_create_deprecation_warning(key, self._deprecation_replacements[key]))

[2022-02-02 19:00:11,175] {taskinstance.py:1426} INFO - Exporting the following env vars:
AIRFLOW_CTX_DAG_OWNER=***
AIRFLOW_CTX_DAG_ID=ex_1_data_ingestion_gcs_dag_v3
AIRFLOW_CTX_TASK_ID=format_to_parquet_task
AIRFLOW_CTX_EXECUTION_DATE=2020-10-01T00:00:00+00:00
AIRFLOW_CTX_DAG_RUN_ID=scheduled__2020-10-01T00:00:00+00:00
[2022-02-02 19:00:12,282] {python.py:175} INFO - Done. Returned value was: None
[2022-02-02 19:00:12,300] {taskinstance.py:1277} INFO - Marking task as SUCCESS. dag_id=ex_1_data_ingestion_gcs_dag_v3, task_id=format_to_parquet_task, execution_date=20201001T000000, start_date=20220202T190010, end_date=20220202T190012
[2022-02-02 19:00:12,440] {local_task_job.py:154} INFO - Task exited with return code 0
[2022-02-02 19:00:12,489] {local_task_job.py:264} INFO - 1 downstream tasks scheduled from follow-on schedule check
[2022-02-10 13:30:30,236] {taskinstance.py:1032} INFO - Dependencies all met for <TaskInstance: ex_1_data_ingestion_gcs_dag_v3.format_to_parquet_task scheduled__2020-10-01T00:00:00+00:00 [queued]>
[2022-02-10 13:30:30,329] {taskinstance.py:1032} INFO - Dependencies all met for <TaskInstance: ex_1_data_ingestion_gcs_dag_v3.format_to_parquet_task scheduled__2020-10-01T00:00:00+00:00 [queued]>
[2022-02-10 13:30:30,336] {taskinstance.py:1238} INFO - 
--------------------------------------------------------------------------------
[2022-02-10 13:30:30,340] {taskinstance.py:1239} INFO - Starting attempt 1 of 1
[2022-02-10 13:30:30,343] {taskinstance.py:1240} INFO - 
--------------------------------------------------------------------------------
[2022-02-10 13:30:30,423] {taskinstance.py:1259} INFO - Executing <Task(PythonOperator): format_to_parquet_task> on 2020-10-01 00:00:00+00:00
[2022-02-10 13:30:30,444] {standard_task_runner.py:52} INFO - Started process 2956 to run task
[2022-02-10 13:30:30,463] {standard_task_runner.py:76} INFO - Running: ['***', 'tasks', 'run', 'ex_1_data_ingestion_gcs_dag_v3', 'format_to_parquet_task', 'scheduled__2020-10-01T00:00:00+00:00', '--job-id', '724', '--raw', '--subdir', 'DAGS_FOLDER/data_ingestion_hw_1_ex.py', '--cfg-path', '/tmp/tmpwz1xe9za', '--error-file', '/tmp/tmpg1g4ounv']
[2022-02-10 13:30:30,480] {standard_task_runner.py:77} INFO - Job 724: Subtask format_to_parquet_task
[2022-02-10 13:30:30,871] {logging_mixin.py:109} INFO - Running <TaskInstance: ex_1_data_ingestion_gcs_dag_v3.format_to_parquet_task scheduled__2020-10-01T00:00:00+00:00 [running]> on host e30f201fae61
[2022-02-10 13:30:31,021] {warnings.py:110} WARNING - /home/***/.local/lib/python3.7/site-packages/***/utils/context.py:152: AirflowContextDeprecationWarning: Accessing 'execution_date' from the template is deprecated and will be removed in a future version. Please use 'data_interval_start' or 'logical_date' instead.
  warnings.warn(_create_deprecation_warning(key, self._deprecation_replacements[key]))

[2022-02-10 13:30:31,093] {taskinstance.py:1426} INFO - Exporting the following env vars:
AIRFLOW_CTX_DAG_OWNER=***
AIRFLOW_CTX_DAG_ID=ex_1_data_ingestion_gcs_dag_v3
AIRFLOW_CTX_TASK_ID=format_to_parquet_task
AIRFLOW_CTX_EXECUTION_DATE=2020-10-01T00:00:00+00:00
AIRFLOW_CTX_DAG_RUN_ID=scheduled__2020-10-01T00:00:00+00:00
[2022-02-10 13:30:34,627] {python.py:175} INFO - Done. Returned value was: None
[2022-02-10 13:30:34,658] {taskinstance.py:1277} INFO - Marking task as SUCCESS. dag_id=ex_1_data_ingestion_gcs_dag_v3, task_id=format_to_parquet_task, execution_date=20201001T000000, start_date=20220210T133030, end_date=20220210T133034
[2022-02-10 13:30:34,866] {local_task_job.py:154} INFO - Task exited with return code 0
[2022-02-10 13:30:34,971] {local_task_job.py:264} INFO - 0 downstream tasks scheduled from follow-on schedule check
[2022-02-10 15:40:53,887] {taskinstance.py:1032} INFO - Dependencies all met for <TaskInstance: ex_1_data_ingestion_gcs_dag_v3.format_to_parquet_task scheduled__2020-10-01T00:00:00+00:00 [queued]>
[2022-02-10 15:40:53,913] {taskinstance.py:1032} INFO - Dependencies all met for <TaskInstance: ex_1_data_ingestion_gcs_dag_v3.format_to_parquet_task scheduled__2020-10-01T00:00:00+00:00 [queued]>
[2022-02-10 15:40:53,915] {taskinstance.py:1238} INFO - 
--------------------------------------------------------------------------------
[2022-02-10 15:40:53,917] {taskinstance.py:1239} INFO - Starting attempt 1 of 1
[2022-02-10 15:40:53,918] {taskinstance.py:1240} INFO - 
--------------------------------------------------------------------------------
[2022-02-10 15:40:53,944] {taskinstance.py:1259} INFO - Executing <Task(PythonOperator): format_to_parquet_task> on 2020-10-01 00:00:00+00:00
[2022-02-10 15:40:53,957] {standard_task_runner.py:52} INFO - Started process 951 to run task
[2022-02-10 15:40:53,970] {standard_task_runner.py:76} INFO - Running: ['***', 'tasks', 'run', 'ex_1_data_ingestion_gcs_dag_v3', 'format_to_parquet_task', 'scheduled__2020-10-01T00:00:00+00:00', '--job-id', '845', '--raw', '--subdir', 'DAGS_FOLDER/data_ingestion_hw_1_ex.py', '--cfg-path', '/tmp/tmplgwjmocq', '--error-file', '/tmp/tmpihgqcfa0']
[2022-02-10 15:40:53,973] {standard_task_runner.py:77} INFO - Job 845: Subtask format_to_parquet_task
[2022-02-10 15:40:54,126] {logging_mixin.py:109} INFO - Running <TaskInstance: ex_1_data_ingestion_gcs_dag_v3.format_to_parquet_task scheduled__2020-10-01T00:00:00+00:00 [running]> on host 276a0ad90304
[2022-02-10 15:40:54,229] {warnings.py:110} WARNING - /home/***/.local/lib/python3.7/site-packages/***/utils/context.py:152: AirflowContextDeprecationWarning: Accessing 'execution_date' from the template is deprecated and will be removed in a future version. Please use 'data_interval_start' or 'logical_date' instead.
  warnings.warn(_create_deprecation_warning(key, self._deprecation_replacements[key]))

[2022-02-10 15:40:54,297] {taskinstance.py:1426} INFO - Exporting the following env vars:
AIRFLOW_CTX_DAG_OWNER=***
AIRFLOW_CTX_DAG_ID=ex_1_data_ingestion_gcs_dag_v3
AIRFLOW_CTX_TASK_ID=format_to_parquet_task
AIRFLOW_CTX_EXECUTION_DATE=2020-10-01T00:00:00+00:00
AIRFLOW_CTX_DAG_RUN_ID=scheduled__2020-10-01T00:00:00+00:00
[2022-02-10 15:40:56,280] {python.py:175} INFO - Done. Returned value was: None
[2022-02-10 15:40:56,299] {taskinstance.py:1277} INFO - Marking task as SUCCESS. dag_id=ex_1_data_ingestion_gcs_dag_v3, task_id=format_to_parquet_task, execution_date=20201001T000000, start_date=20220210T154053, end_date=20220210T154056
[2022-02-10 15:40:56,470] {local_task_job.py:154} INFO - Task exited with return code 0
[2022-02-10 15:40:56,539] {local_task_job.py:264} INFO - 1 downstream tasks scheduled from follow-on schedule check
