[2022-02-03 15:21:20,382] {taskinstance.py:1032} INFO - Dependencies all met for <TaskInstance: FHV_data_ingestion_gcs_dag.local_to_gcs_task scheduled__2021-05-01T00:00:00+00:00 [queued]>
[2022-02-03 15:21:20,395] {taskinstance.py:1032} INFO - Dependencies all met for <TaskInstance: FHV_data_ingestion_gcs_dag.local_to_gcs_task scheduled__2021-05-01T00:00:00+00:00 [queued]>
[2022-02-03 15:21:20,396] {taskinstance.py:1238} INFO - 
--------------------------------------------------------------------------------
[2022-02-03 15:21:20,397] {taskinstance.py:1239} INFO - Starting attempt 1 of 1
[2022-02-03 15:21:20,398] {taskinstance.py:1240} INFO - 
--------------------------------------------------------------------------------
[2022-02-03 15:21:20,410] {taskinstance.py:1259} INFO - Executing <Task(PythonOperator): local_to_gcs_task> on 2021-05-01 00:00:00+00:00
[2022-02-03 15:21:20,414] {standard_task_runner.py:52} INFO - Started process 3716 to run task
[2022-02-03 15:21:20,418] {standard_task_runner.py:76} INFO - Running: ['***', 'tasks', 'run', 'FHV_data_ingestion_gcs_dag', 'local_to_gcs_task', 'scheduled__2021-05-01T00:00:00+00:00', '--job-id', '614', '--raw', '--subdir', 'DAGS_FOLDER/FHV_injection_dag.py', '--cfg-path', '/tmp/tmp3oc4__v9', '--error-file', '/tmp/tmp57g6jh0e']
[2022-02-03 15:21:20,420] {standard_task_runner.py:77} INFO - Job 614: Subtask local_to_gcs_task
[2022-02-03 15:21:20,484] {logging_mixin.py:109} INFO - Running <TaskInstance: FHV_data_ingestion_gcs_dag.local_to_gcs_task scheduled__2021-05-01T00:00:00+00:00 [running]> on host 700aeb16bae0
[2022-02-03 15:21:20,522] {warnings.py:110} WARNING - /home/***/.local/lib/python3.7/site-packages/***/utils/context.py:152: AirflowContextDeprecationWarning: Accessing 'execution_date' from the template is deprecated and will be removed in a future version. Please use 'data_interval_start' or 'logical_date' instead.
  warnings.warn(_create_deprecation_warning(key, self._deprecation_replacements[key]))

[2022-02-03 15:21:20,547] {taskinstance.py:1426} INFO - Exporting the following env vars:
AIRFLOW_CTX_DAG_OWNER=***
AIRFLOW_CTX_DAG_ID=FHV_data_ingestion_gcs_dag
AIRFLOW_CTX_TASK_ID=local_to_gcs_task
AIRFLOW_CTX_EXECUTION_DATE=2021-05-01T00:00:00+00:00
AIRFLOW_CTX_DAG_RUN_ID=scheduled__2021-05-01T00:00:00+00:00
[2022-02-03 15:21:22,441] {python.py:175} INFO - Done. Returned value was: None
[2022-02-03 15:21:22,461] {taskinstance.py:1277} INFO - Marking task as SUCCESS. dag_id=FHV_data_ingestion_gcs_dag, task_id=local_to_gcs_task, execution_date=20210501T000000, start_date=20220203T152120, end_date=20220203T152122
[2022-02-03 15:21:22,512] {local_task_job.py:154} INFO - Task exited with return code 0
[2022-02-03 15:21:22,549] {local_task_job.py:264} INFO - 0 downstream tasks scheduled from follow-on schedule check
