[2022-02-02 18:00:41,166] {taskinstance.py:1032} INFO - Dependencies all met for <TaskInstance: ex_1_data_ingestion_gcs_dag_v3.format_to_parquet_task scheduled__2019-01-01T00:00:00+00:00 [queued]>
[2022-02-02 18:00:41,187] {taskinstance.py:1032} INFO - Dependencies all met for <TaskInstance: ex_1_data_ingestion_gcs_dag_v3.format_to_parquet_task scheduled__2019-01-01T00:00:00+00:00 [queued]>
[2022-02-02 18:00:41,189] {taskinstance.py:1238} INFO - 
--------------------------------------------------------------------------------
[2022-02-02 18:00:41,191] {taskinstance.py:1239} INFO - Starting attempt 1 of 1
[2022-02-02 18:00:41,193] {taskinstance.py:1240} INFO - 
--------------------------------------------------------------------------------
[2022-02-02 18:00:41,212] {taskinstance.py:1259} INFO - Executing <Task(PythonOperator): format_to_parquet_task> on 2019-01-01 00:00:00+00:00
[2022-02-02 18:00:41,224] {standard_task_runner.py:52} INFO - Started process 7992 to run task
[2022-02-02 18:00:41,229] {standard_task_runner.py:76} INFO - Running: ['***', 'tasks', 'run', 'ex_1_data_ingestion_gcs_dag_v3', 'format_to_parquet_task', 'scheduled__2019-01-01T00:00:00+00:00', '--job-id', '302', '--raw', '--subdir', 'DAGS_FOLDER/data_ingestion_hw_1_ex.py', '--cfg-path', '/tmp/tmpnp593oz2', '--error-file', '/tmp/tmpawvr7kyy']
[2022-02-02 18:00:41,231] {standard_task_runner.py:77} INFO - Job 302: Subtask format_to_parquet_task
[2022-02-02 18:00:41,302] {logging_mixin.py:109} INFO - Running <TaskInstance: ex_1_data_ingestion_gcs_dag_v3.format_to_parquet_task scheduled__2019-01-01T00:00:00+00:00 [running]> on host 700aeb16bae0
[2022-02-02 18:00:41,342] {warnings.py:110} WARNING - /home/***/.local/lib/python3.7/site-packages/***/utils/context.py:152: AirflowContextDeprecationWarning: Accessing 'execution_date' from the template is deprecated and will be removed in a future version. Please use 'data_interval_start' or 'logical_date' instead.
  warnings.warn(_create_deprecation_warning(key, self._deprecation_replacements[key]))

[2022-02-02 18:00:41,371] {taskinstance.py:1426} INFO - Exporting the following env vars:
AIRFLOW_CTX_DAG_OWNER=***
AIRFLOW_CTX_DAG_ID=ex_1_data_ingestion_gcs_dag_v3
AIRFLOW_CTX_TASK_ID=format_to_parquet_task
AIRFLOW_CTX_EXECUTION_DATE=2019-01-01T00:00:00+00:00
AIRFLOW_CTX_DAG_RUN_ID=scheduled__2019-01-01T00:00:00+00:00
[2022-02-02 18:01:00,972] {python.py:175} INFO - Done. Returned value was: None
[2022-02-02 18:01:01,056] {taskinstance.py:1277} INFO - Marking task as SUCCESS. dag_id=ex_1_data_ingestion_gcs_dag_v3, task_id=format_to_parquet_task, execution_date=20190101T000000, start_date=20220202T180041, end_date=20220202T180101
[2022-02-02 18:01:01,933] {local_task_job.py:154} INFO - Task exited with return code 0
[2022-02-02 18:01:01,998] {local_task_job.py:264} INFO - 0 downstream tasks scheduled from follow-on schedule check
[2022-02-10 12:46:41,878] {taskinstance.py:1032} INFO - Dependencies all met for <TaskInstance: ex_1_data_ingestion_gcs_dag_v3.format_to_parquet_task scheduled__2019-01-01T00:00:00+00:00 [queued]>
[2022-02-10 12:46:41,899] {taskinstance.py:1032} INFO - Dependencies all met for <TaskInstance: ex_1_data_ingestion_gcs_dag_v3.format_to_parquet_task scheduled__2019-01-01T00:00:00+00:00 [queued]>
[2022-02-10 12:46:41,901] {taskinstance.py:1238} INFO - 
--------------------------------------------------------------------------------
[2022-02-10 12:46:41,902] {taskinstance.py:1239} INFO - Starting attempt 1 of 1
[2022-02-10 12:46:41,903] {taskinstance.py:1240} INFO - 
--------------------------------------------------------------------------------
[2022-02-10 12:46:41,923] {taskinstance.py:1259} INFO - Executing <Task(PythonOperator): format_to_parquet_task> on 2019-01-01 00:00:00+00:00
[2022-02-10 12:46:41,935] {standard_task_runner.py:52} INFO - Started process 604 to run task
[2022-02-10 12:46:41,939] {standard_task_runner.py:76} INFO - Running: ['***', 'tasks', 'run', 'ex_1_data_ingestion_gcs_dag_v3', 'format_to_parquet_task', 'scheduled__2019-01-01T00:00:00+00:00', '--job-id', '661', '--raw', '--subdir', 'DAGS_FOLDER/data_ingestion_hw_1_ex.py', '--cfg-path', '/tmp/tmphud5rz1p', '--error-file', '/tmp/tmpmt9pj5_m']
[2022-02-10 12:46:41,942] {standard_task_runner.py:77} INFO - Job 661: Subtask format_to_parquet_task
[2022-02-10 12:46:42,034] {logging_mixin.py:109} INFO - Running <TaskInstance: ex_1_data_ingestion_gcs_dag_v3.format_to_parquet_task scheduled__2019-01-01T00:00:00+00:00 [running]> on host e30f201fae61
[2022-02-10 12:46:42,104] {warnings.py:110} WARNING - /home/***/.local/lib/python3.7/site-packages/***/utils/context.py:152: AirflowContextDeprecationWarning: Accessing 'execution_date' from the template is deprecated and will be removed in a future version. Please use 'data_interval_start' or 'logical_date' instead.
  warnings.warn(_create_deprecation_warning(key, self._deprecation_replacements[key]))

[2022-02-10 12:46:42,129] {taskinstance.py:1426} INFO - Exporting the following env vars:
AIRFLOW_CTX_DAG_OWNER=***
AIRFLOW_CTX_DAG_ID=ex_1_data_ingestion_gcs_dag_v3
AIRFLOW_CTX_TASK_ID=format_to_parquet_task
AIRFLOW_CTX_EXECUTION_DATE=2019-01-01T00:00:00+00:00
AIRFLOW_CTX_DAG_RUN_ID=scheduled__2019-01-01T00:00:00+00:00
[2022-02-10 12:46:50,384] {python.py:175} INFO - Done. Returned value was: None
[2022-02-10 12:46:50,407] {taskinstance.py:1277} INFO - Marking task as SUCCESS. dag_id=ex_1_data_ingestion_gcs_dag_v3, task_id=format_to_parquet_task, execution_date=20190101T000000, start_date=20220210T124641, end_date=20220210T124650
[2022-02-10 12:46:50,744] {local_task_job.py:154} INFO - Task exited with return code 0
[2022-02-10 12:46:50,794] {local_task_job.py:264} INFO - 1 downstream tasks scheduled from follow-on schedule check
[2022-02-10 15:30:59,612] {taskinstance.py:1032} INFO - Dependencies all met for <TaskInstance: ex_1_data_ingestion_gcs_dag_v3.format_to_parquet_task scheduled__2019-01-01T00:00:00+00:00 [queued]>
[2022-02-10 15:30:59,691] {taskinstance.py:1032} INFO - Dependencies all met for <TaskInstance: ex_1_data_ingestion_gcs_dag_v3.format_to_parquet_task scheduled__2019-01-01T00:00:00+00:00 [queued]>
[2022-02-10 15:30:59,692] {taskinstance.py:1238} INFO - 
--------------------------------------------------------------------------------
[2022-02-10 15:30:59,693] {taskinstance.py:1239} INFO - Starting attempt 1 of 1
[2022-02-10 15:30:59,695] {taskinstance.py:1240} INFO - 
--------------------------------------------------------------------------------
[2022-02-10 15:30:59,744] {taskinstance.py:1259} INFO - Executing <Task(PythonOperator): format_to_parquet_task> on 2019-01-01 00:00:00+00:00
[2022-02-10 15:30:59,752] {standard_task_runner.py:52} INFO - Started process 179 to run task
[2022-02-10 15:30:59,788] {standard_task_runner.py:76} INFO - Running: ['***', 'tasks', 'run', 'ex_1_data_ingestion_gcs_dag_v3', 'format_to_parquet_task', 'scheduled__2019-01-01T00:00:00+00:00', '--job-id', '784', '--raw', '--subdir', 'DAGS_FOLDER/data_ingestion_hw_1_ex.py', '--cfg-path', '/tmp/tmpu156worp', '--error-file', '/tmp/tmpwbw20xpq']
[2022-02-10 15:30:59,790] {standard_task_runner.py:77} INFO - Job 784: Subtask format_to_parquet_task
[2022-02-10 15:31:00,061] {logging_mixin.py:109} INFO - Running <TaskInstance: ex_1_data_ingestion_gcs_dag_v3.format_to_parquet_task scheduled__2019-01-01T00:00:00+00:00 [running]> on host 276a0ad90304
[2022-02-10 15:31:00,236] {warnings.py:110} WARNING - /home/***/.local/lib/python3.7/site-packages/***/utils/context.py:152: AirflowContextDeprecationWarning: Accessing 'execution_date' from the template is deprecated and will be removed in a future version. Please use 'data_interval_start' or 'logical_date' instead.
  warnings.warn(_create_deprecation_warning(key, self._deprecation_replacements[key]))

[2022-02-10 15:31:00,370] {taskinstance.py:1426} INFO - Exporting the following env vars:
AIRFLOW_CTX_DAG_OWNER=***
AIRFLOW_CTX_DAG_ID=ex_1_data_ingestion_gcs_dag_v3
AIRFLOW_CTX_TASK_ID=format_to_parquet_task
AIRFLOW_CTX_EXECUTION_DATE=2019-01-01T00:00:00+00:00
AIRFLOW_CTX_DAG_RUN_ID=scheduled__2019-01-01T00:00:00+00:00
[2022-02-10 15:31:32,796] {python.py:175} INFO - Done. Returned value was: None
[2022-02-10 15:31:32,834] {taskinstance.py:1277} INFO - Marking task as SUCCESS. dag_id=ex_1_data_ingestion_gcs_dag_v3, task_id=format_to_parquet_task, execution_date=20190101T000000, start_date=20220210T153059, end_date=20220210T153132
[2022-02-10 15:31:34,236] {local_task_job.py:154} INFO - Task exited with return code 0
[2022-02-10 15:31:34,299] {local_task_job.py:264} INFO - 0 downstream tasks scheduled from follow-on schedule check
