[2022-02-02 17:46:49,429] {taskinstance.py:1032} INFO - Dependencies all met for <TaskInstance: ex_1_data_ingestion_gcs_dag_v2.format_to_parquet_task scheduled__2019-01-01T00:00:00+00:00 [queued]>
[2022-02-02 17:46:49,526] {taskinstance.py:1032} INFO - Dependencies all met for <TaskInstance: ex_1_data_ingestion_gcs_dag_v2.format_to_parquet_task scheduled__2019-01-01T00:00:00+00:00 [queued]>
[2022-02-02 17:46:49,533] {taskinstance.py:1238} INFO - 
--------------------------------------------------------------------------------
[2022-02-02 17:46:49,538] {taskinstance.py:1239} INFO - Starting attempt 1 of 1
[2022-02-02 17:46:49,553] {taskinstance.py:1240} INFO - 
--------------------------------------------------------------------------------
[2022-02-02 17:46:49,687] {taskinstance.py:1259} INFO - Executing <Task(PythonOperator): format_to_parquet_task> on 2019-01-01 00:00:00+00:00
[2022-02-02 17:46:49,826] {standard_task_runner.py:52} INFO - Started process 7062 to run task
[2022-02-02 17:46:49,865] {standard_task_runner.py:76} INFO - Running: ['***', 'tasks', 'run', 'ex_1_data_ingestion_gcs_dag_v2', 'format_to_parquet_task', 'scheduled__2019-01-01T00:00:00+00:00', '--job-id', '243', '--raw', '--subdir', 'DAGS_FOLDER/data_ingestion_hw_1_ex.py', '--cfg-path', '/tmp/tmp8msf129g', '--error-file', '/tmp/tmpxispulwn']
[2022-02-02 17:46:49,871] {standard_task_runner.py:77} INFO - Job 243: Subtask format_to_parquet_task
[2022-02-02 17:46:50,453] {logging_mixin.py:109} INFO - Running <TaskInstance: ex_1_data_ingestion_gcs_dag_v2.format_to_parquet_task scheduled__2019-01-01T00:00:00+00:00 [running]> on host 700aeb16bae0
[2022-02-02 17:46:50,976] {warnings.py:110} WARNING - /home/***/.local/lib/python3.7/site-packages/***/utils/context.py:152: AirflowContextDeprecationWarning: Accessing 'execution_date' from the template is deprecated and will be removed in a future version. Please use 'data_interval_start' or 'logical_date' instead.
  warnings.warn(_create_deprecation_warning(key, self._deprecation_replacements[key]))

[2022-02-02 17:46:51,836] {taskinstance.py:1426} INFO - Exporting the following env vars:
AIRFLOW_CTX_DAG_OWNER=***
AIRFLOW_CTX_DAG_ID=ex_1_data_ingestion_gcs_dag_v2
AIRFLOW_CTX_TASK_ID=format_to_parquet_task
AIRFLOW_CTX_EXECUTION_DATE=2019-01-01T00:00:00+00:00
AIRFLOW_CTX_DAG_RUN_ID=scheduled__2019-01-01T00:00:00+00:00
[2022-02-02 17:47:20,723] {local_task_job.py:154} INFO - Task exited with return code Negsignal.SIGKILL
[2022-02-02 17:47:21,494] {taskinstance.py:1277} INFO - Marking task as FAILED. dag_id=ex_1_data_ingestion_gcs_dag_v2, task_id=format_to_parquet_task, execution_date=20190101T000000, start_date=20220202T174649, end_date=20220202T174721
[2022-02-02 17:47:22,111] {local_task_job.py:264} INFO - 0 downstream tasks scheduled from follow-on schedule check
