[2022-02-18 12:53:50,655] {taskinstance.py:1032} INFO - Dependencies all met for <TaskInstance: data_2_gcs_dag.bq_green_ext_2_part_task scheduled__2022-02-17T00:00:00+00:00 [queued]>
[2022-02-18 12:53:50,676] {taskinstance.py:1032} INFO - Dependencies all met for <TaskInstance: data_2_gcs_dag.bq_green_ext_2_part_task scheduled__2022-02-17T00:00:00+00:00 [queued]>
[2022-02-18 12:53:50,677] {taskinstance.py:1238} INFO - 
--------------------------------------------------------------------------------
[2022-02-18 12:53:50,678] {taskinstance.py:1239} INFO - Starting attempt 1 of 2
[2022-02-18 12:53:50,678] {taskinstance.py:1240} INFO - 
--------------------------------------------------------------------------------
[2022-02-18 12:53:50,694] {taskinstance.py:1259} INFO - Executing <Task(BigQueryInsertJobOperator): bq_green_ext_2_part_task> on 2022-02-17 00:00:00+00:00
[2022-02-18 12:53:50,710] {standard_task_runner.py:52} INFO - Started process 1185 to run task
[2022-02-18 12:53:50,716] {standard_task_runner.py:76} INFO - Running: ['***', 'tasks', 'run', 'data_2_gcs_dag', 'bq_green_ext_2_part_task', 'scheduled__2022-02-17T00:00:00+00:00', '--job-id', '1073', '--raw', '--subdir', 'DAGS_FOLDER/data-2-gcs-dag.py', '--cfg-path', '/tmp/tmpylvk12yy', '--error-file', '/tmp/tmph4j8_9ia']
[2022-02-18 12:53:50,718] {standard_task_runner.py:77} INFO - Job 1073: Subtask bq_green_ext_2_part_task
[2022-02-18 12:53:50,787] {logging_mixin.py:109} INFO - Running <TaskInstance: data_2_gcs_dag.bq_green_ext_2_part_task scheduled__2022-02-17T00:00:00+00:00 [running]> on host 853fb9201673
[2022-02-18 12:53:50,848] {taskinstance.py:1426} INFO - Exporting the following env vars:
AIRFLOW_CTX_DAG_OWNER=***
AIRFLOW_CTX_DAG_ID=data_2_gcs_dag
AIRFLOW_CTX_TASK_ID=bq_green_ext_2_part_task
AIRFLOW_CTX_EXECUTION_DATE=2022-02-17T00:00:00+00:00
AIRFLOW_CTX_DAG_RUN_ID=scheduled__2022-02-17T00:00:00+00:00
[2022-02-18 12:53:50,851] {crypto.py:82} WARNING - empty cryptography key - values will not be stored encrypted.
[2022-02-18 12:53:50,853] {warnings.py:110} WARNING - /home/***/.local/lib/python3.7/site-packages/***/utils/context.py:152: AirflowContextDeprecationWarning: Accessing 'execution_date' from the template is deprecated and will be removed in a future version. Please use 'data_interval_start' or 'logical_date' instead.
  warnings.warn(_create_deprecation_warning(key, self._deprecation_replacements[key]))

[2022-02-18 12:53:50,863] {bigquery.py:1637} INFO - Inserting job ***_data_2_gcs_dag_bq_green_ext_2_part_task_2022_02_17T00_00_00_00_00_02fae9f76bc29cd3acddae6603f1c3c9
[2022-02-18 12:54:04,873] {taskinstance.py:1277} INFO - Marking task as SUCCESS. dag_id=data_2_gcs_dag, task_id=bq_green_ext_2_part_task, execution_date=20220217T000000, start_date=20220218T125350, end_date=20220218T125404
[2022-02-18 12:54:04,913] {local_task_job.py:154} INFO - Task exited with return code 0
[2022-02-18 12:54:04,954] {local_task_job.py:264} INFO - 0 downstream tasks scheduled from follow-on schedule check
