[2022-02-10 12:38:11,166] {taskinstance.py:1032} INFO - Dependencies all met for <TaskInstance: ex_1_data_ingestion_gcs_dag_v3.local_to_gcs_task manual__2022-02-10T12:38:03.234842+00:00 [queued]>
[2022-02-10 12:38:11,179] {taskinstance.py:1032} INFO - Dependencies all met for <TaskInstance: ex_1_data_ingestion_gcs_dag_v3.local_to_gcs_task manual__2022-02-10T12:38:03.234842+00:00 [queued]>
[2022-02-10 12:38:11,181] {taskinstance.py:1238} INFO - 
--------------------------------------------------------------------------------
[2022-02-10 12:38:11,182] {taskinstance.py:1239} INFO - Starting attempt 1 of 1
[2022-02-10 12:38:11,183] {taskinstance.py:1240} INFO - 
--------------------------------------------------------------------------------
[2022-02-10 12:38:11,196] {taskinstance.py:1259} INFO - Executing <Task(PythonOperator): local_to_gcs_task> on 2022-02-10 12:38:03.234842+00:00
[2022-02-10 12:38:11,201] {standard_task_runner.py:52} INFO - Started process 179 to run task
[2022-02-10 12:38:11,206] {standard_task_runner.py:76} INFO - Running: ['***', 'tasks', 'run', 'ex_1_data_ingestion_gcs_dag_v3', 'local_to_gcs_task', 'manual__2022-02-10T12:38:03.234842+00:00', '--job-id', '655', '--raw', '--subdir', 'DAGS_FOLDER/data_ingestion_hw_1_ex.py', '--cfg-path', '/tmp/tmpqzu80cdu', '--error-file', '/tmp/tmpv9aok10z']
[2022-02-10 12:38:11,208] {standard_task_runner.py:77} INFO - Job 655: Subtask local_to_gcs_task
[2022-02-10 12:38:11,279] {logging_mixin.py:109} INFO - Running <TaskInstance: ex_1_data_ingestion_gcs_dag_v3.local_to_gcs_task manual__2022-02-10T12:38:03.234842+00:00 [running]> on host e30f201fae61
[2022-02-10 12:38:11,344] {warnings.py:110} WARNING - /home/***/.local/lib/python3.7/site-packages/***/utils/context.py:152: AirflowContextDeprecationWarning: Accessing 'execution_date' from the template is deprecated and will be removed in a future version. Please use 'data_interval_start' or 'logical_date' instead.
  warnings.warn(_create_deprecation_warning(key, self._deprecation_replacements[key]))

[2022-02-10 12:38:11,385] {taskinstance.py:1426} INFO - Exporting the following env vars:
AIRFLOW_CTX_DAG_OWNER=***
AIRFLOW_CTX_DAG_ID=ex_1_data_ingestion_gcs_dag_v3
AIRFLOW_CTX_TASK_ID=local_to_gcs_task
AIRFLOW_CTX_EXECUTION_DATE=2022-02-10T12:38:03.234842+00:00
AIRFLOW_CTX_DAG_RUN_ID=manual__2022-02-10T12:38:03.234842+00:00
[2022-02-10 12:38:11,742] {python.py:175} INFO - Done. Returned value was: None
[2022-02-10 12:38:11,764] {taskinstance.py:1277} INFO - Marking task as SUCCESS. dag_id=ex_1_data_ingestion_gcs_dag_v3, task_id=local_to_gcs_task, execution_date=20220210T123803, start_date=20220210T123811, end_date=20220210T123811
[2022-02-10 12:38:11,824] {local_task_job.py:154} INFO - Task exited with return code 0
[2022-02-10 12:38:11,865] {local_task_job.py:264} INFO - 0 downstream tasks scheduled from follow-on schedule check
