[2022-02-03 14:37:07,908] {taskinstance.py:1032} INFO - Dependencies all met for <TaskInstance: FHV_data_ingestion_gcs_dag.format_to_parquet_task scheduled__2019-03-01T00:00:00+00:00 [queued]>
[2022-02-03 14:37:07,929] {taskinstance.py:1032} INFO - Dependencies all met for <TaskInstance: FHV_data_ingestion_gcs_dag.format_to_parquet_task scheduled__2019-03-01T00:00:00+00:00 [queued]>
[2022-02-03 14:37:07,930] {taskinstance.py:1238} INFO - 
--------------------------------------------------------------------------------
[2022-02-03 14:37:07,930] {taskinstance.py:1239} INFO - Starting attempt 1 of 1
[2022-02-03 14:37:07,931] {taskinstance.py:1240} INFO - 
--------------------------------------------------------------------------------
[2022-02-03 14:37:07,945] {taskinstance.py:1259} INFO - Executing <Task(PythonOperator): format_to_parquet_task> on 2019-03-01 00:00:00+00:00
[2022-02-03 14:37:07,951] {standard_task_runner.py:52} INFO - Started process 745 to run task
[2022-02-03 14:37:07,956] {standard_task_runner.py:76} INFO - Running: ['***', 'tasks', 'run', 'FHV_data_ingestion_gcs_dag', 'format_to_parquet_task', 'scheduled__2019-03-01T00:00:00+00:00', '--job-id', '430', '--raw', '--subdir', 'DAGS_FOLDER/FHV_injection_dag.py', '--cfg-path', '/tmp/tmplhng1mz2', '--error-file', '/tmp/tmprzz8iu7e']
[2022-02-03 14:37:07,957] {standard_task_runner.py:77} INFO - Job 430: Subtask format_to_parquet_task
[2022-02-03 14:37:08,013] {logging_mixin.py:109} INFO - Running <TaskInstance: FHV_data_ingestion_gcs_dag.format_to_parquet_task scheduled__2019-03-01T00:00:00+00:00 [running]> on host 700aeb16bae0
[2022-02-03 14:37:08,050] {warnings.py:110} WARNING - /home/***/.local/lib/python3.7/site-packages/***/utils/context.py:152: AirflowContextDeprecationWarning: Accessing 'execution_date' from the template is deprecated and will be removed in a future version. Please use 'data_interval_start' or 'logical_date' instead.
  warnings.warn(_create_deprecation_warning(key, self._deprecation_replacements[key]))

[2022-02-03 14:37:08,070] {taskinstance.py:1426} INFO - Exporting the following env vars:
AIRFLOW_CTX_DAG_OWNER=***
AIRFLOW_CTX_DAG_ID=FHV_data_ingestion_gcs_dag
AIRFLOW_CTX_TASK_ID=format_to_parquet_task
AIRFLOW_CTX_EXECUTION_DATE=2019-03-01T00:00:00+00:00
AIRFLOW_CTX_DAG_RUN_ID=scheduled__2019-03-01T00:00:00+00:00
[2022-02-03 14:37:08,412] {python.py:175} INFO - Done. Returned value was: None
[2022-02-03 14:37:08,427] {taskinstance.py:1277} INFO - Marking task as SUCCESS. dag_id=FHV_data_ingestion_gcs_dag, task_id=format_to_parquet_task, execution_date=20190301T000000, start_date=20220203T143707, end_date=20220203T143708
[2022-02-03 14:37:08,490] {local_task_job.py:154} INFO - Task exited with return code 0
[2022-02-03 14:37:08,530] {local_task_job.py:264} INFO - 1 downstream tasks scheduled from follow-on schedule check
[2022-02-03 15:07:23,998] {taskinstance.py:1032} INFO - Dependencies all met for <TaskInstance: FHV_data_ingestion_gcs_dag.format_to_parquet_task scheduled__2019-03-01T00:00:00+00:00 [queued]>
[2022-02-03 15:07:24,011] {taskinstance.py:1032} INFO - Dependencies all met for <TaskInstance: FHV_data_ingestion_gcs_dag.format_to_parquet_task scheduled__2019-03-01T00:00:00+00:00 [queued]>
[2022-02-03 15:07:24,012] {taskinstance.py:1238} INFO - 
--------------------------------------------------------------------------------
[2022-02-03 15:07:24,013] {taskinstance.py:1239} INFO - Starting attempt 1 of 1
[2022-02-03 15:07:24,014] {taskinstance.py:1240} INFO - 
--------------------------------------------------------------------------------
[2022-02-03 15:07:24,031] {taskinstance.py:1259} INFO - Executing <Task(PythonOperator): format_to_parquet_task> on 2019-03-01 00:00:00+00:00
[2022-02-03 15:07:24,053] {standard_task_runner.py:52} INFO - Started process 2587 to run task
[2022-02-03 15:07:24,086] {standard_task_runner.py:76} INFO - Running: ['***', 'tasks', 'run', 'FHV_data_ingestion_gcs_dag', 'format_to_parquet_task', 'scheduled__2019-03-01T00:00:00+00:00', '--job-id', '534', '--raw', '--subdir', 'DAGS_FOLDER/FHV_injection_dag.py', '--cfg-path', '/tmp/tmpegr66tsu', '--error-file', '/tmp/tmpehcu9021']
[2022-02-03 15:07:24,089] {standard_task_runner.py:77} INFO - Job 534: Subtask format_to_parquet_task
[2022-02-03 15:07:24,190] {logging_mixin.py:109} INFO - Running <TaskInstance: FHV_data_ingestion_gcs_dag.format_to_parquet_task scheduled__2019-03-01T00:00:00+00:00 [running]> on host 700aeb16bae0
[2022-02-03 15:07:24,246] {warnings.py:110} WARNING - /home/***/.local/lib/python3.7/site-packages/***/utils/context.py:152: AirflowContextDeprecationWarning: Accessing 'execution_date' from the template is deprecated and will be removed in a future version. Please use 'data_interval_start' or 'logical_date' instead.
  warnings.warn(_create_deprecation_warning(key, self._deprecation_replacements[key]))

[2022-02-03 15:07:24,279] {taskinstance.py:1426} INFO - Exporting the following env vars:
AIRFLOW_CTX_DAG_OWNER=***
AIRFLOW_CTX_DAG_ID=FHV_data_ingestion_gcs_dag
AIRFLOW_CTX_TASK_ID=format_to_parquet_task
AIRFLOW_CTX_EXECUTION_DATE=2019-03-01T00:00:00+00:00
AIRFLOW_CTX_DAG_RUN_ID=scheduled__2019-03-01T00:00:00+00:00
[2022-02-03 15:07:25,274] {python.py:175} INFO - Done. Returned value was: None
[2022-02-03 15:07:25,292] {taskinstance.py:1277} INFO - Marking task as SUCCESS. dag_id=FHV_data_ingestion_gcs_dag, task_id=format_to_parquet_task, execution_date=20190301T000000, start_date=20220203T150723, end_date=20220203T150725
[2022-02-03 15:07:25,426] {local_task_job.py:154} INFO - Task exited with return code 0
[2022-02-03 15:07:25,477] {local_task_job.py:264} INFO - 0 downstream tasks scheduled from follow-on schedule check
