[2022-02-02 18:21:41,637] {taskinstance.py:1032} INFO - Dependencies all met for <TaskInstance: ex_1_data_ingestion_gcs_dag_v3.format_to_parquet_task scheduled__2019-06-01T00:00:00+00:00 [queued]>
[2022-02-02 18:21:41,655] {taskinstance.py:1032} INFO - Dependencies all met for <TaskInstance: ex_1_data_ingestion_gcs_dag_v3.format_to_parquet_task scheduled__2019-06-01T00:00:00+00:00 [queued]>
[2022-02-02 18:21:41,657] {taskinstance.py:1238} INFO - 
--------------------------------------------------------------------------------
[2022-02-02 18:21:41,660] {taskinstance.py:1239} INFO - Starting attempt 1 of 1
[2022-02-02 18:21:41,664] {taskinstance.py:1240} INFO - 
--------------------------------------------------------------------------------
[2022-02-02 18:21:41,687] {taskinstance.py:1259} INFO - Executing <Task(PythonOperator): format_to_parquet_task> on 2019-06-01 00:00:00+00:00
[2022-02-02 18:21:41,699] {standard_task_runner.py:52} INFO - Started process 9046 to run task
[2022-02-02 18:21:41,719] {standard_task_runner.py:76} INFO - Running: ['***', 'tasks', 'run', 'ex_1_data_ingestion_gcs_dag_v3', 'format_to_parquet_task', 'scheduled__2019-06-01T00:00:00+00:00', '--job-id', '320', '--raw', '--subdir', 'DAGS_FOLDER/data_ingestion_hw_1_ex.py', '--cfg-path', '/tmp/tmpdvc91m4j', '--error-file', '/tmp/tmpfg6p20ta']
[2022-02-02 18:21:41,723] {standard_task_runner.py:77} INFO - Job 320: Subtask format_to_parquet_task
[2022-02-02 18:21:41,841] {logging_mixin.py:109} INFO - Running <TaskInstance: ex_1_data_ingestion_gcs_dag_v3.format_to_parquet_task scheduled__2019-06-01T00:00:00+00:00 [running]> on host 700aeb16bae0
[2022-02-02 18:21:41,908] {warnings.py:110} WARNING - /home/***/.local/lib/python3.7/site-packages/***/utils/context.py:152: AirflowContextDeprecationWarning: Accessing 'execution_date' from the template is deprecated and will be removed in a future version. Please use 'data_interval_start' or 'logical_date' instead.
  warnings.warn(_create_deprecation_warning(key, self._deprecation_replacements[key]))

[2022-02-02 18:21:41,937] {taskinstance.py:1426} INFO - Exporting the following env vars:
AIRFLOW_CTX_DAG_OWNER=***
AIRFLOW_CTX_DAG_ID=ex_1_data_ingestion_gcs_dag_v3
AIRFLOW_CTX_TASK_ID=format_to_parquet_task
AIRFLOW_CTX_EXECUTION_DATE=2019-06-01T00:00:00+00:00
AIRFLOW_CTX_DAG_RUN_ID=scheduled__2019-06-01T00:00:00+00:00
[2022-02-02 18:21:48,202] {python.py:175} INFO - Done. Returned value was: None
[2022-02-02 18:21:48,218] {taskinstance.py:1277} INFO - Marking task as SUCCESS. dag_id=ex_1_data_ingestion_gcs_dag_v3, task_id=format_to_parquet_task, execution_date=20190601T000000, start_date=20220202T182141, end_date=20220202T182148
[2022-02-02 18:21:48,543] {local_task_job.py:154} INFO - Task exited with return code 0
[2022-02-02 18:21:48,588] {local_task_job.py:264} INFO - 1 downstream tasks scheduled from follow-on schedule check
[2022-02-10 12:57:29,423] {taskinstance.py:1032} INFO - Dependencies all met for <TaskInstance: ex_1_data_ingestion_gcs_dag_v3.format_to_parquet_task scheduled__2019-06-01T00:00:00+00:00 [queued]>
[2022-02-10 12:57:29,436] {taskinstance.py:1032} INFO - Dependencies all met for <TaskInstance: ex_1_data_ingestion_gcs_dag_v3.format_to_parquet_task scheduled__2019-06-01T00:00:00+00:00 [queued]>
[2022-02-10 12:57:29,437] {taskinstance.py:1238} INFO - 
--------------------------------------------------------------------------------
[2022-02-10 12:57:29,438] {taskinstance.py:1239} INFO - Starting attempt 1 of 1
[2022-02-10 12:57:29,439] {taskinstance.py:1240} INFO - 
--------------------------------------------------------------------------------
[2022-02-10 12:57:29,450] {taskinstance.py:1259} INFO - Executing <Task(PythonOperator): format_to_parquet_task> on 2019-06-01 00:00:00+00:00
[2022-02-10 12:57:29,456] {standard_task_runner.py:52} INFO - Started process 1187 to run task
[2022-02-10 12:57:29,461] {standard_task_runner.py:76} INFO - Running: ['***', 'tasks', 'run', 'ex_1_data_ingestion_gcs_dag_v3', 'format_to_parquet_task', 'scheduled__2019-06-01T00:00:00+00:00', '--job-id', '676', '--raw', '--subdir', 'DAGS_FOLDER/data_ingestion_hw_1_ex.py', '--cfg-path', '/tmp/tmpp72on2sz', '--error-file', '/tmp/tmpz03pbfho']
[2022-02-10 12:57:29,463] {standard_task_runner.py:77} INFO - Job 676: Subtask format_to_parquet_task
[2022-02-10 12:57:29,528] {logging_mixin.py:109} INFO - Running <TaskInstance: ex_1_data_ingestion_gcs_dag_v3.format_to_parquet_task scheduled__2019-06-01T00:00:00+00:00 [running]> on host e30f201fae61
[2022-02-10 12:57:29,573] {warnings.py:110} WARNING - /home/***/.local/lib/python3.7/site-packages/***/utils/context.py:152: AirflowContextDeprecationWarning: Accessing 'execution_date' from the template is deprecated and will be removed in a future version. Please use 'data_interval_start' or 'logical_date' instead.
  warnings.warn(_create_deprecation_warning(key, self._deprecation_replacements[key]))

[2022-02-10 12:57:29,601] {taskinstance.py:1426} INFO - Exporting the following env vars:
AIRFLOW_CTX_DAG_OWNER=***
AIRFLOW_CTX_DAG_ID=ex_1_data_ingestion_gcs_dag_v3
AIRFLOW_CTX_TASK_ID=format_to_parquet_task
AIRFLOW_CTX_EXECUTION_DATE=2019-06-01T00:00:00+00:00
AIRFLOW_CTX_DAG_RUN_ID=scheduled__2019-06-01T00:00:00+00:00
[2022-02-10 12:57:34,417] {python.py:175} INFO - Done. Returned value was: None
[2022-02-10 12:57:34,434] {taskinstance.py:1277} INFO - Marking task as SUCCESS. dag_id=ex_1_data_ingestion_gcs_dag_v3, task_id=format_to_parquet_task, execution_date=20190601T000000, start_date=20220210T125729, end_date=20220210T125734
[2022-02-10 12:57:34,546] {local_task_job.py:212} WARNING - State of this instance has been externally set to success. Terminating instance.
[2022-02-10 12:57:34,552] {process_utils.py:124} INFO - Sending Signals.SIGTERM to group 1187. PIDs of all processes in the group: [1187]
[2022-02-10 12:57:34,554] {process_utils.py:75} INFO - Sending the signal Signals.SIGTERM to group 1187
[2022-02-10 12:57:34,770] {process_utils.py:70} INFO - Process psutil.Process(pid=1187, status='terminated', exitcode=0, started='12:57:29') (1187) terminated with exit code 0
[2022-02-10 15:35:18,962] {taskinstance.py:1032} INFO - Dependencies all met for <TaskInstance: ex_1_data_ingestion_gcs_dag_v3.format_to_parquet_task scheduled__2019-06-01T00:00:00+00:00 [queued]>
[2022-02-10 15:35:18,975] {taskinstance.py:1032} INFO - Dependencies all met for <TaskInstance: ex_1_data_ingestion_gcs_dag_v3.format_to_parquet_task scheduled__2019-06-01T00:00:00+00:00 [queued]>
[2022-02-10 15:35:18,976] {taskinstance.py:1238} INFO - 
--------------------------------------------------------------------------------
[2022-02-10 15:35:18,977] {taskinstance.py:1239} INFO - Starting attempt 1 of 1
[2022-02-10 15:35:18,978] {taskinstance.py:1240} INFO - 
--------------------------------------------------------------------------------
[2022-02-10 15:35:18,991] {taskinstance.py:1259} INFO - Executing <Task(PythonOperator): format_to_parquet_task> on 2019-06-01 00:00:00+00:00
[2022-02-10 15:35:18,998] {standard_task_runner.py:52} INFO - Started process 439 to run task
[2022-02-10 15:35:19,004] {standard_task_runner.py:76} INFO - Running: ['***', 'tasks', 'run', 'ex_1_data_ingestion_gcs_dag_v3', 'format_to_parquet_task', 'scheduled__2019-06-01T00:00:00+00:00', '--job-id', '799', '--raw', '--subdir', 'DAGS_FOLDER/data_ingestion_hw_1_ex.py', '--cfg-path', '/tmp/tmpcif9ed51', '--error-file', '/tmp/tmp3eh9o3te']
[2022-02-10 15:35:19,006] {standard_task_runner.py:77} INFO - Job 799: Subtask format_to_parquet_task
[2022-02-10 15:35:19,098] {logging_mixin.py:109} INFO - Running <TaskInstance: ex_1_data_ingestion_gcs_dag_v3.format_to_parquet_task scheduled__2019-06-01T00:00:00+00:00 [running]> on host 276a0ad90304
[2022-02-10 15:35:19,153] {warnings.py:110} WARNING - /home/***/.local/lib/python3.7/site-packages/***/utils/context.py:152: AirflowContextDeprecationWarning: Accessing 'execution_date' from the template is deprecated and will be removed in a future version. Please use 'data_interval_start' or 'logical_date' instead.
  warnings.warn(_create_deprecation_warning(key, self._deprecation_replacements[key]))

[2022-02-10 15:35:19,191] {taskinstance.py:1426} INFO - Exporting the following env vars:
AIRFLOW_CTX_DAG_OWNER=***
AIRFLOW_CTX_DAG_ID=ex_1_data_ingestion_gcs_dag_v3
AIRFLOW_CTX_TASK_ID=format_to_parquet_task
AIRFLOW_CTX_EXECUTION_DATE=2019-06-01T00:00:00+00:00
AIRFLOW_CTX_DAG_RUN_ID=scheduled__2019-06-01T00:00:00+00:00
[2022-02-10 15:35:26,593] {python.py:175} INFO - Done. Returned value was: None
[2022-02-10 15:35:26,617] {taskinstance.py:1277} INFO - Marking task as SUCCESS. dag_id=ex_1_data_ingestion_gcs_dag_v3, task_id=format_to_parquet_task, execution_date=20190601T000000, start_date=20220210T153518, end_date=20220210T153526
[2022-02-10 15:35:27,180] {local_task_job.py:154} INFO - Task exited with return code 0
[2022-02-10 15:35:27,222] {local_task_job.py:264} INFO - 0 downstream tasks scheduled from follow-on schedule check
