[2022-02-10 15:45:39,992] {taskinstance.py:1032} INFO - Dependencies all met for <TaskInstance: ex_1_data_ingestion_gcs_dag_v3.format_to_parquet_task scheduled__2019-06-01T00:00:00+00:00 [queued]>
[2022-02-10 15:45:40,016] {taskinstance.py:1032} INFO - Dependencies all met for <TaskInstance: ex_1_data_ingestion_gcs_dag_v3.format_to_parquet_task scheduled__2019-06-01T00:00:00+00:00 [queued]>
[2022-02-10 15:45:40,017] {taskinstance.py:1238} INFO - 
--------------------------------------------------------------------------------
[2022-02-10 15:45:40,019] {taskinstance.py:1239} INFO - Starting attempt 2 of 2
[2022-02-10 15:45:40,020] {taskinstance.py:1240} INFO - 
--------------------------------------------------------------------------------
[2022-02-10 15:45:40,050] {taskinstance.py:1259} INFO - Executing <Task(PythonOperator): format_to_parquet_task> on 2019-06-01 00:00:00+00:00
[2022-02-10 15:45:40,062] {standard_task_runner.py:52} INFO - Started process 1416 to run task
[2022-02-10 15:45:40,079] {standard_task_runner.py:76} INFO - Running: ['***', 'tasks', 'run', 'ex_1_data_ingestion_gcs_dag_v3', 'format_to_parquet_task', 'scheduled__2019-06-01T00:00:00+00:00', '--job-id', '896', '--raw', '--subdir', 'DAGS_FOLDER/data_ingestion_hw_1_ex.py', '--cfg-path', '/tmp/tmp3bx6gyc0', '--error-file', '/tmp/tmpvzgpjy2g']
[2022-02-10 15:45:40,082] {standard_task_runner.py:77} INFO - Job 896: Subtask format_to_parquet_task
[2022-02-10 15:45:40,243] {logging_mixin.py:109} INFO - Running <TaskInstance: ex_1_data_ingestion_gcs_dag_v3.format_to_parquet_task scheduled__2019-06-01T00:00:00+00:00 [running]> on host 276a0ad90304
[2022-02-10 15:45:40,365] {warnings.py:110} WARNING - /home/***/.local/lib/python3.7/site-packages/***/utils/context.py:152: AirflowContextDeprecationWarning: Accessing 'execution_date' from the template is deprecated and will be removed in a future version. Please use 'data_interval_start' or 'logical_date' instead.
  warnings.warn(_create_deprecation_warning(key, self._deprecation_replacements[key]))

[2022-02-10 15:45:40,418] {taskinstance.py:1426} INFO - Exporting the following env vars:
AIRFLOW_CTX_DAG_OWNER=***
AIRFLOW_CTX_DAG_ID=ex_1_data_ingestion_gcs_dag_v3
AIRFLOW_CTX_TASK_ID=format_to_parquet_task
AIRFLOW_CTX_EXECUTION_DATE=2019-06-01T00:00:00+00:00
AIRFLOW_CTX_DAG_RUN_ID=scheduled__2019-06-01T00:00:00+00:00
[2022-02-10 15:45:52,137] {python.py:175} INFO - Done. Returned value was: None
[2022-02-10 15:45:52,171] {taskinstance.py:1277} INFO - Marking task as SUCCESS. dag_id=ex_1_data_ingestion_gcs_dag_v3, task_id=format_to_parquet_task, execution_date=20190601T000000, start_date=20220210T154539, end_date=20220210T154552
[2022-02-10 15:45:53,184] {local_task_job.py:154} INFO - Task exited with return code 0
[2022-02-10 15:45:53,255] {local_task_job.py:264} INFO - 0 downstream tasks scheduled from follow-on schedule check
