[2022-02-03 14:55:12,077] {taskinstance.py:1032} INFO - Dependencies all met for <TaskInstance: FHV_data_ingestion_gcs_dag.download_dataset_task scheduled__2020-08-01T00:00:00+00:00 [queued]>
[2022-02-03 14:55:12,097] {taskinstance.py:1032} INFO - Dependencies all met for <TaskInstance: FHV_data_ingestion_gcs_dag.download_dataset_task scheduled__2020-08-01T00:00:00+00:00 [queued]>
[2022-02-03 14:55:12,098] {taskinstance.py:1238} INFO - 
--------------------------------------------------------------------------------
[2022-02-03 14:55:12,099] {taskinstance.py:1239} INFO - Starting attempt 1 of 1
[2022-02-03 14:55:12,101] {taskinstance.py:1240} INFO - 
--------------------------------------------------------------------------------
[2022-02-03 14:55:12,123] {taskinstance.py:1259} INFO - Executing <Task(BashOperator): download_dataset_task> on 2020-08-01 00:00:00+00:00
[2022-02-03 14:55:12,133] {standard_task_runner.py:52} INFO - Started process 1909 to run task
[2022-02-03 14:55:12,142] {standard_task_runner.py:76} INFO - Running: ['***', 'tasks', 'run', 'FHV_data_ingestion_gcs_dag', 'download_dataset_task', 'scheduled__2020-08-01T00:00:00+00:00', '--job-id', '491', '--raw', '--subdir', 'DAGS_FOLDER/FHV_injection_dag.py', '--cfg-path', '/tmp/tmpossw1iys', '--error-file', '/tmp/tmph17u3980']
[2022-02-03 14:55:12,145] {standard_task_runner.py:77} INFO - Job 491: Subtask download_dataset_task
[2022-02-03 14:55:12,275] {logging_mixin.py:109} INFO - Running <TaskInstance: FHV_data_ingestion_gcs_dag.download_dataset_task scheduled__2020-08-01T00:00:00+00:00 [running]> on host 700aeb16bae0
[2022-02-03 14:55:12,348] {warnings.py:110} WARNING - /home/***/.local/lib/python3.7/site-packages/***/utils/context.py:152: AirflowContextDeprecationWarning: Accessing 'execution_date' from the template is deprecated and will be removed in a future version. Please use 'data_interval_start' or 'logical_date' instead.
  warnings.warn(_create_deprecation_warning(key, self._deprecation_replacements[key]))

[2022-02-03 14:55:12,390] {taskinstance.py:1426} INFO - Exporting the following env vars:
AIRFLOW_CTX_DAG_OWNER=***
AIRFLOW_CTX_DAG_ID=FHV_data_ingestion_gcs_dag
AIRFLOW_CTX_TASK_ID=download_dataset_task
AIRFLOW_CTX_EXECUTION_DATE=2020-08-01T00:00:00+00:00
AIRFLOW_CTX_DAG_RUN_ID=scheduled__2020-08-01T00:00:00+00:00
[2022-02-03 14:55:12,395] {subprocess.py:62} INFO - Tmp dir root location: 
 /tmp
[2022-02-03 14:55:12,398] {subprocess.py:74} INFO - Running command: ['bash', '-c', 'curl -sSLf https://nyc-tlc.s3.amazonaws.com/trip+data/fhv_tripdata_2020-08.csv > /opt/***/fhv_tripdata_2020-08.csv']
[2022-02-03 14:55:12,418] {subprocess.py:85} INFO - Output:
[2022-02-03 14:55:40,888] {subprocess.py:93} INFO - Command exited with return code 0
[2022-02-03 14:55:40,942] {taskinstance.py:1277} INFO - Marking task as SUCCESS. dag_id=FHV_data_ingestion_gcs_dag, task_id=download_dataset_task, execution_date=20200801T000000, start_date=20220203T145512, end_date=20220203T145540
[2022-02-03 14:55:41,028] {local_task_job.py:154} INFO - Task exited with return code 0
[2022-02-03 14:55:41,107] {local_task_job.py:264} INFO - 1 downstream tasks scheduled from follow-on schedule check
[2022-02-03 15:15:53,540] {taskinstance.py:1032} INFO - Dependencies all met for <TaskInstance: FHV_data_ingestion_gcs_dag.download_dataset_task scheduled__2020-08-01T00:00:00+00:00 [queued]>
[2022-02-03 15:15:53,556] {taskinstance.py:1032} INFO - Dependencies all met for <TaskInstance: FHV_data_ingestion_gcs_dag.download_dataset_task scheduled__2020-08-01T00:00:00+00:00 [queued]>
[2022-02-03 15:15:53,557] {taskinstance.py:1238} INFO - 
--------------------------------------------------------------------------------
[2022-02-03 15:15:53,558] {taskinstance.py:1239} INFO - Starting attempt 1 of 1
[2022-02-03 15:15:53,559] {taskinstance.py:1240} INFO - 
--------------------------------------------------------------------------------
[2022-02-03 15:15:53,571] {taskinstance.py:1259} INFO - Executing <Task(BashOperator): download_dataset_task> on 2020-08-01 00:00:00+00:00
[2022-02-03 15:15:53,577] {standard_task_runner.py:52} INFO - Started process 3272 to run task
[2022-02-03 15:15:53,582] {standard_task_runner.py:76} INFO - Running: ['***', 'tasks', 'run', 'FHV_data_ingestion_gcs_dag', 'download_dataset_task', 'scheduled__2020-08-01T00:00:00+00:00', '--job-id', '583', '--raw', '--subdir', 'DAGS_FOLDER/FHV_injection_dag.py', '--cfg-path', '/tmp/tmpg7_5s8nj', '--error-file', '/tmp/tmpc0_ikvim']
[2022-02-03 15:15:53,583] {standard_task_runner.py:77} INFO - Job 583: Subtask download_dataset_task
[2022-02-03 15:15:53,645] {logging_mixin.py:109} INFO - Running <TaskInstance: FHV_data_ingestion_gcs_dag.download_dataset_task scheduled__2020-08-01T00:00:00+00:00 [running]> on host 700aeb16bae0
[2022-02-03 15:15:53,686] {warnings.py:110} WARNING - /home/***/.local/lib/python3.7/site-packages/***/utils/context.py:152: AirflowContextDeprecationWarning: Accessing 'execution_date' from the template is deprecated and will be removed in a future version. Please use 'data_interval_start' or 'logical_date' instead.
  warnings.warn(_create_deprecation_warning(key, self._deprecation_replacements[key]))

[2022-02-03 15:15:53,707] {taskinstance.py:1426} INFO - Exporting the following env vars:
AIRFLOW_CTX_DAG_OWNER=***
AIRFLOW_CTX_DAG_ID=FHV_data_ingestion_gcs_dag
AIRFLOW_CTX_TASK_ID=download_dataset_task
AIRFLOW_CTX_EXECUTION_DATE=2020-08-01T00:00:00+00:00
AIRFLOW_CTX_DAG_RUN_ID=scheduled__2020-08-01T00:00:00+00:00
[2022-02-03 15:15:53,709] {subprocess.py:62} INFO - Tmp dir root location: 
 /tmp
[2022-02-03 15:15:53,710] {subprocess.py:74} INFO - Running command: ['bash', '-c', 'curl -sSLf https://nyc-tlc.s3.amazonaws.com/trip+data/fhv_tripdata_2020-08.csv > /opt/***/fhv_tripdata_2020-08.csv']
[2022-02-03 15:15:53,721] {subprocess.py:85} INFO - Output:
[2022-02-03 15:16:44,112] {subprocess.py:93} INFO - Command exited with return code 0
[2022-02-03 15:16:44,143] {taskinstance.py:1277} INFO - Marking task as SUCCESS. dag_id=FHV_data_ingestion_gcs_dag, task_id=download_dataset_task, execution_date=20200801T000000, start_date=20220203T151553, end_date=20220203T151644
[2022-02-03 15:16:44,190] {local_task_job.py:154} INFO - Task exited with return code 0
[2022-02-03 15:16:44,246] {local_task_job.py:264} INFO - 1 downstream tasks scheduled from follow-on schedule check
