[2022-02-03 14:56:48,882] {taskinstance.py:1032} INFO - Dependencies all met for <TaskInstance: FHV_data_ingestion_gcs_dag.local_to_gcs_task scheduled__2020-09-01T00:00:00+00:00 [queued]>
[2022-02-03 14:56:48,904] {taskinstance.py:1032} INFO - Dependencies all met for <TaskInstance: FHV_data_ingestion_gcs_dag.local_to_gcs_task scheduled__2020-09-01T00:00:00+00:00 [queued]>
[2022-02-03 14:56:48,905] {taskinstance.py:1238} INFO - 
--------------------------------------------------------------------------------
[2022-02-03 14:56:48,906] {taskinstance.py:1239} INFO - Starting attempt 1 of 1
[2022-02-03 14:56:48,907] {taskinstance.py:1240} INFO - 
--------------------------------------------------------------------------------
[2022-02-03 14:56:48,931] {taskinstance.py:1259} INFO - Executing <Task(PythonOperator): local_to_gcs_task> on 2020-09-01 00:00:00+00:00
[2022-02-03 14:56:48,940] {standard_task_runner.py:52} INFO - Started process 2000 to run task
[2022-02-03 14:56:48,948] {standard_task_runner.py:76} INFO - Running: ['***', 'tasks', 'run', 'FHV_data_ingestion_gcs_dag', 'local_to_gcs_task', 'scheduled__2020-09-01T00:00:00+00:00', '--job-id', '497', '--raw', '--subdir', 'DAGS_FOLDER/FHV_injection_dag.py', '--cfg-path', '/tmp/tmph15ykey1', '--error-file', '/tmp/tmpq9cwnjtc']
[2022-02-03 14:56:48,951] {standard_task_runner.py:77} INFO - Job 497: Subtask local_to_gcs_task
[2022-02-03 14:56:49,065] {logging_mixin.py:109} INFO - Running <TaskInstance: FHV_data_ingestion_gcs_dag.local_to_gcs_task scheduled__2020-09-01T00:00:00+00:00 [running]> on host 700aeb16bae0
[2022-02-03 14:56:49,143] {warnings.py:110} WARNING - /home/***/.local/lib/python3.7/site-packages/***/utils/context.py:152: AirflowContextDeprecationWarning: Accessing 'execution_date' from the template is deprecated and will be removed in a future version. Please use 'data_interval_start' or 'logical_date' instead.
  warnings.warn(_create_deprecation_warning(key, self._deprecation_replacements[key]))

[2022-02-03 14:56:49,200] {taskinstance.py:1426} INFO - Exporting the following env vars:
AIRFLOW_CTX_DAG_OWNER=***
AIRFLOW_CTX_DAG_ID=FHV_data_ingestion_gcs_dag
AIRFLOW_CTX_TASK_ID=local_to_gcs_task
AIRFLOW_CTX_EXECUTION_DATE=2020-09-01T00:00:00+00:00
AIRFLOW_CTX_DAG_RUN_ID=scheduled__2020-09-01T00:00:00+00:00
[2022-02-03 14:56:51,501] {python.py:175} INFO - Done. Returned value was: None
[2022-02-03 14:56:51,525] {taskinstance.py:1277} INFO - Marking task as SUCCESS. dag_id=FHV_data_ingestion_gcs_dag, task_id=local_to_gcs_task, execution_date=20200901T000000, start_date=20220203T145648, end_date=20220203T145651
[2022-02-03 14:56:51,581] {local_task_job.py:154} INFO - Task exited with return code 0
[2022-02-03 14:56:51,643] {local_task_job.py:264} INFO - 1 downstream tasks scheduled from follow-on schedule check
[2022-02-03 15:17:28,453] {taskinstance.py:1032} INFO - Dependencies all met for <TaskInstance: FHV_data_ingestion_gcs_dag.local_to_gcs_task scheduled__2020-09-01T00:00:00+00:00 [queued]>
[2022-02-03 15:17:28,465] {taskinstance.py:1032} INFO - Dependencies all met for <TaskInstance: FHV_data_ingestion_gcs_dag.local_to_gcs_task scheduled__2020-09-01T00:00:00+00:00 [queued]>
[2022-02-03 15:17:28,465] {taskinstance.py:1238} INFO - 
--------------------------------------------------------------------------------
[2022-02-03 15:17:28,466] {taskinstance.py:1239} INFO - Starting attempt 1 of 1
[2022-02-03 15:17:28,467] {taskinstance.py:1240} INFO - 
--------------------------------------------------------------------------------
[2022-02-03 15:17:28,478] {taskinstance.py:1259} INFO - Executing <Task(PythonOperator): local_to_gcs_task> on 2020-09-01 00:00:00+00:00
[2022-02-03 15:17:28,482] {standard_task_runner.py:52} INFO - Started process 3407 to run task
[2022-02-03 15:17:28,486] {standard_task_runner.py:76} INFO - Running: ['***', 'tasks', 'run', 'FHV_data_ingestion_gcs_dag', 'local_to_gcs_task', 'scheduled__2020-09-01T00:00:00+00:00', '--job-id', '591', '--raw', '--subdir', 'DAGS_FOLDER/FHV_injection_dag.py', '--cfg-path', '/tmp/tmpgv5fegq0', '--error-file', '/tmp/tmp25rywkzs']
[2022-02-03 15:17:28,488] {standard_task_runner.py:77} INFO - Job 591: Subtask local_to_gcs_task
[2022-02-03 15:17:28,551] {logging_mixin.py:109} INFO - Running <TaskInstance: FHV_data_ingestion_gcs_dag.local_to_gcs_task scheduled__2020-09-01T00:00:00+00:00 [running]> on host 700aeb16bae0
[2022-02-03 15:17:28,593] {warnings.py:110} WARNING - /home/***/.local/lib/python3.7/site-packages/***/utils/context.py:152: AirflowContextDeprecationWarning: Accessing 'execution_date' from the template is deprecated and will be removed in a future version. Please use 'data_interval_start' or 'logical_date' instead.
  warnings.warn(_create_deprecation_warning(key, self._deprecation_replacements[key]))

[2022-02-03 15:17:28,615] {taskinstance.py:1426} INFO - Exporting the following env vars:
AIRFLOW_CTX_DAG_OWNER=***
AIRFLOW_CTX_DAG_ID=FHV_data_ingestion_gcs_dag
AIRFLOW_CTX_TASK_ID=local_to_gcs_task
AIRFLOW_CTX_EXECUTION_DATE=2020-09-01T00:00:00+00:00
AIRFLOW_CTX_DAG_RUN_ID=scheduled__2020-09-01T00:00:00+00:00
[2022-02-03 15:17:30,739] {python.py:175} INFO - Done. Returned value was: None
[2022-02-03 15:17:30,755] {taskinstance.py:1277} INFO - Marking task as SUCCESS. dag_id=FHV_data_ingestion_gcs_dag, task_id=local_to_gcs_task, execution_date=20200901T000000, start_date=20220203T151728, end_date=20220203T151730
[2022-02-03 15:17:30,803] {local_task_job.py:154} INFO - Task exited with return code 0
[2022-02-03 15:17:30,836] {local_task_job.py:264} INFO - 0 downstream tasks scheduled from follow-on schedule check
