[2022-02-03 15:01:42,858] {taskinstance.py:1032} INFO - Dependencies all met for <TaskInstance: FHV_data_ingestion_gcs_dag.format_to_parquet_task scheduled__2021-03-01T00:00:00+00:00 [queued]>
[2022-02-03 15:01:42,896] {taskinstance.py:1032} INFO - Dependencies all met for <TaskInstance: FHV_data_ingestion_gcs_dag.format_to_parquet_task scheduled__2021-03-01T00:00:00+00:00 [queued]>
[2022-02-03 15:01:42,898] {taskinstance.py:1238} INFO - 
--------------------------------------------------------------------------------
[2022-02-03 15:01:42,900] {taskinstance.py:1239} INFO - Starting attempt 1 of 1
[2022-02-03 15:01:42,903] {taskinstance.py:1240} INFO - 
--------------------------------------------------------------------------------
[2022-02-03 15:01:42,935] {taskinstance.py:1259} INFO - Executing <Task(PythonOperator): format_to_parquet_task> on 2021-03-01 00:00:00+00:00
[2022-02-03 15:01:42,955] {standard_task_runner.py:52} INFO - Started process 2307 to run task
[2022-02-03 15:01:42,967] {standard_task_runner.py:76} INFO - Running: ['***', 'tasks', 'run', 'FHV_data_ingestion_gcs_dag', 'format_to_parquet_task', 'scheduled__2021-03-01T00:00:00+00:00', '--job-id', '520', '--raw', '--subdir', 'DAGS_FOLDER/FHV_injection_dag.py', '--cfg-path', '/tmp/tmpwqnayjre', '--error-file', '/tmp/tmpiuw7l9rq']
[2022-02-03 15:01:42,971] {standard_task_runner.py:77} INFO - Job 520: Subtask format_to_parquet_task
[2022-02-03 15:01:43,138] {logging_mixin.py:109} INFO - Running <TaskInstance: FHV_data_ingestion_gcs_dag.format_to_parquet_task scheduled__2021-03-01T00:00:00+00:00 [running]> on host 700aeb16bae0
[2022-02-03 15:01:43,240] {warnings.py:110} WARNING - /home/***/.local/lib/python3.7/site-packages/***/utils/context.py:152: AirflowContextDeprecationWarning: Accessing 'execution_date' from the template is deprecated and will be removed in a future version. Please use 'data_interval_start' or 'logical_date' instead.
  warnings.warn(_create_deprecation_warning(key, self._deprecation_replacements[key]))

[2022-02-03 15:01:43,318] {taskinstance.py:1426} INFO - Exporting the following env vars:
AIRFLOW_CTX_DAG_OWNER=***
AIRFLOW_CTX_DAG_ID=FHV_data_ingestion_gcs_dag
AIRFLOW_CTX_TASK_ID=format_to_parquet_task
AIRFLOW_CTX_EXECUTION_DATE=2021-03-01T00:00:00+00:00
AIRFLOW_CTX_DAG_RUN_ID=scheduled__2021-03-01T00:00:00+00:00
[2022-02-03 15:01:44,279] {python.py:175} INFO - Done. Returned value was: None
[2022-02-03 15:01:44,306] {taskinstance.py:1277} INFO - Marking task as SUCCESS. dag_id=FHV_data_ingestion_gcs_dag, task_id=format_to_parquet_task, execution_date=20210301T000000, start_date=20220203T150142, end_date=20220203T150144
[2022-02-03 15:01:44,445] {local_task_job.py:154} INFO - Task exited with return code 0
[2022-02-03 15:01:44,553] {local_task_job.py:264} INFO - 1 downstream tasks scheduled from follow-on schedule check
[2022-02-03 15:20:39,624] {taskinstance.py:1032} INFO - Dependencies all met for <TaskInstance: FHV_data_ingestion_gcs_dag.format_to_parquet_task scheduled__2021-03-01T00:00:00+00:00 [queued]>
[2022-02-03 15:20:39,636] {taskinstance.py:1032} INFO - Dependencies all met for <TaskInstance: FHV_data_ingestion_gcs_dag.format_to_parquet_task scheduled__2021-03-01T00:00:00+00:00 [queued]>
[2022-02-03 15:20:39,637] {taskinstance.py:1238} INFO - 
--------------------------------------------------------------------------------
[2022-02-03 15:20:39,638] {taskinstance.py:1239} INFO - Starting attempt 1 of 1
[2022-02-03 15:20:39,639] {taskinstance.py:1240} INFO - 
--------------------------------------------------------------------------------
[2022-02-03 15:20:39,651] {taskinstance.py:1259} INFO - Executing <Task(PythonOperator): format_to_parquet_task> on 2021-03-01 00:00:00+00:00
[2022-02-03 15:20:39,656] {standard_task_runner.py:52} INFO - Started process 3649 to run task
[2022-02-03 15:20:39,659] {standard_task_runner.py:76} INFO - Running: ['***', 'tasks', 'run', 'FHV_data_ingestion_gcs_dag', 'format_to_parquet_task', 'scheduled__2021-03-01T00:00:00+00:00', '--job-id', '608', '--raw', '--subdir', 'DAGS_FOLDER/FHV_injection_dag.py', '--cfg-path', '/tmp/tmppunt4qal', '--error-file', '/tmp/tmptqez27qm']
[2022-02-03 15:20:39,661] {standard_task_runner.py:77} INFO - Job 608: Subtask format_to_parquet_task
[2022-02-03 15:20:39,734] {logging_mixin.py:109} INFO - Running <TaskInstance: FHV_data_ingestion_gcs_dag.format_to_parquet_task scheduled__2021-03-01T00:00:00+00:00 [running]> on host 700aeb16bae0
[2022-02-03 15:20:39,780] {warnings.py:110} WARNING - /home/***/.local/lib/python3.7/site-packages/***/utils/context.py:152: AirflowContextDeprecationWarning: Accessing 'execution_date' from the template is deprecated and will be removed in a future version. Please use 'data_interval_start' or 'logical_date' instead.
  warnings.warn(_create_deprecation_warning(key, self._deprecation_replacements[key]))

[2022-02-03 15:20:39,807] {taskinstance.py:1426} INFO - Exporting the following env vars:
AIRFLOW_CTX_DAG_OWNER=***
AIRFLOW_CTX_DAG_ID=FHV_data_ingestion_gcs_dag
AIRFLOW_CTX_TASK_ID=format_to_parquet_task
AIRFLOW_CTX_EXECUTION_DATE=2021-03-01T00:00:00+00:00
AIRFLOW_CTX_DAG_RUN_ID=scheduled__2021-03-01T00:00:00+00:00
[2022-02-03 15:20:40,297] {python.py:175} INFO - Done. Returned value was: None
[2022-02-03 15:20:40,311] {taskinstance.py:1277} INFO - Marking task as SUCCESS. dag_id=FHV_data_ingestion_gcs_dag, task_id=format_to_parquet_task, execution_date=20210301T000000, start_date=20220203T152039, end_date=20220203T152040
[2022-02-03 15:20:40,398] {local_task_job.py:154} INFO - Task exited with return code 0
[2022-02-03 15:20:40,436] {local_task_job.py:264} INFO - 1 downstream tasks scheduled from follow-on schedule check
