[2022-02-03 14:35:23,492] {taskinstance.py:1032} INFO - Dependencies all met for <TaskInstance: FHV_data_ingestion_gcs_dag.local_to_gcs_task scheduled__2019-02-01T00:00:00+00:00 [queued]>
[2022-02-03 14:35:23,508] {taskinstance.py:1032} INFO - Dependencies all met for <TaskInstance: FHV_data_ingestion_gcs_dag.local_to_gcs_task scheduled__2019-02-01T00:00:00+00:00 [queued]>
[2022-02-03 14:35:23,509] {taskinstance.py:1238} INFO - 
--------------------------------------------------------------------------------
[2022-02-03 14:35:23,510] {taskinstance.py:1239} INFO - Starting attempt 1 of 1
[2022-02-03 14:35:23,511] {taskinstance.py:1240} INFO - 
--------------------------------------------------------------------------------
[2022-02-03 14:35:23,527] {taskinstance.py:1259} INFO - Executing <Task(PythonOperator): local_to_gcs_task> on 2019-02-01 00:00:00+00:00
[2022-02-03 14:35:23,535] {standard_task_runner.py:52} INFO - Started process 653 to run task
[2022-02-03 14:35:23,539] {standard_task_runner.py:76} INFO - Running: ['***', 'tasks', 'run', 'FHV_data_ingestion_gcs_dag', 'local_to_gcs_task', 'scheduled__2019-02-01T00:00:00+00:00', '--job-id', '427', '--raw', '--subdir', 'DAGS_FOLDER/FHV_injection_dag.py', '--cfg-path', '/tmp/tmpj4jmumsp', '--error-file', '/tmp/tmp7lnvcfkq']
[2022-02-03 14:35:23,540] {standard_task_runner.py:77} INFO - Job 427: Subtask local_to_gcs_task
[2022-02-03 14:35:23,607] {logging_mixin.py:109} INFO - Running <TaskInstance: FHV_data_ingestion_gcs_dag.local_to_gcs_task scheduled__2019-02-01T00:00:00+00:00 [running]> on host 700aeb16bae0
[2022-02-03 14:35:23,643] {warnings.py:110} WARNING - /home/***/.local/lib/python3.7/site-packages/***/utils/context.py:152: AirflowContextDeprecationWarning: Accessing 'execution_date' from the template is deprecated and will be removed in a future version. Please use 'data_interval_start' or 'logical_date' instead.
  warnings.warn(_create_deprecation_warning(key, self._deprecation_replacements[key]))

[2022-02-03 14:35:23,665] {taskinstance.py:1426} INFO - Exporting the following env vars:
AIRFLOW_CTX_DAG_OWNER=***
AIRFLOW_CTX_DAG_ID=FHV_data_ingestion_gcs_dag
AIRFLOW_CTX_TASK_ID=local_to_gcs_task
AIRFLOW_CTX_EXECUTION_DATE=2019-02-01T00:00:00+00:00
AIRFLOW_CTX_DAG_RUN_ID=scheduled__2019-02-01T00:00:00+00:00
[2022-02-03 14:35:26,110] {python.py:175} INFO - Done. Returned value was: None
[2022-02-03 14:35:26,126] {taskinstance.py:1277} INFO - Marking task as SUCCESS. dag_id=FHV_data_ingestion_gcs_dag, task_id=local_to_gcs_task, execution_date=20190201T000000, start_date=20220203T143523, end_date=20220203T143526
[2022-02-03 14:35:26,151] {local_task_job.py:154} INFO - Task exited with return code 0
[2022-02-03 14:35:26,184] {local_task_job.py:264} INFO - 1 downstream tasks scheduled from follow-on schedule check
[2022-02-03 15:05:57,974] {taskinstance.py:1032} INFO - Dependencies all met for <TaskInstance: FHV_data_ingestion_gcs_dag.local_to_gcs_task scheduled__2019-02-01T00:00:00+00:00 [queued]>
[2022-02-03 15:05:58,017] {taskinstance.py:1032} INFO - Dependencies all met for <TaskInstance: FHV_data_ingestion_gcs_dag.local_to_gcs_task scheduled__2019-02-01T00:00:00+00:00 [queued]>
[2022-02-03 15:05:58,019] {taskinstance.py:1238} INFO - 
--------------------------------------------------------------------------------
[2022-02-03 15:05:58,020] {taskinstance.py:1239} INFO - Starting attempt 1 of 1
[2022-02-03 15:05:58,022] {taskinstance.py:1240} INFO - 
--------------------------------------------------------------------------------
[2022-02-03 15:05:58,065] {taskinstance.py:1259} INFO - Executing <Task(PythonOperator): local_to_gcs_task> on 2019-02-01 00:00:00+00:00
[2022-02-03 15:05:58,080] {standard_task_runner.py:52} INFO - Started process 2529 to run task
[2022-02-03 15:05:58,091] {standard_task_runner.py:76} INFO - Running: ['***', 'tasks', 'run', 'FHV_data_ingestion_gcs_dag', 'local_to_gcs_task', 'scheduled__2019-02-01T00:00:00+00:00', '--job-id', '532', '--raw', '--subdir', 'DAGS_FOLDER/FHV_injection_dag.py', '--cfg-path', '/tmp/tmpottge6x1', '--error-file', '/tmp/tmpyuz7gyir']
[2022-02-03 15:05:58,096] {standard_task_runner.py:77} INFO - Job 532: Subtask local_to_gcs_task
[2022-02-03 15:05:58,237] {logging_mixin.py:109} INFO - Running <TaskInstance: FHV_data_ingestion_gcs_dag.local_to_gcs_task scheduled__2019-02-01T00:00:00+00:00 [running]> on host 700aeb16bae0
[2022-02-03 15:05:58,326] {warnings.py:110} WARNING - /home/***/.local/lib/python3.7/site-packages/***/utils/context.py:152: AirflowContextDeprecationWarning: Accessing 'execution_date' from the template is deprecated and will be removed in a future version. Please use 'data_interval_start' or 'logical_date' instead.
  warnings.warn(_create_deprecation_warning(key, self._deprecation_replacements[key]))

[2022-02-03 15:05:58,371] {taskinstance.py:1426} INFO - Exporting the following env vars:
AIRFLOW_CTX_DAG_OWNER=***
AIRFLOW_CTX_DAG_ID=FHV_data_ingestion_gcs_dag
AIRFLOW_CTX_TASK_ID=local_to_gcs_task
AIRFLOW_CTX_EXECUTION_DATE=2019-02-01T00:00:00+00:00
AIRFLOW_CTX_DAG_RUN_ID=scheduled__2019-02-01T00:00:00+00:00
[2022-02-03 15:06:00,964] {python.py:175} INFO - Done. Returned value was: None
[2022-02-03 15:06:00,989] {taskinstance.py:1277} INFO - Marking task as SUCCESS. dag_id=FHV_data_ingestion_gcs_dag, task_id=local_to_gcs_task, execution_date=20190201T000000, start_date=20220203T150557, end_date=20220203T150600
[2022-02-03 15:06:01,068] {local_task_job.py:154} INFO - Task exited with return code 0
[2022-02-03 15:06:01,240] {local_task_job.py:264} INFO - 0 downstream tasks scheduled from follow-on schedule check
