[2022-02-02 19:10:02,926] {taskinstance.py:1032} INFO - Dependencies all met for <TaskInstance: ex_1_data_ingestion_gcs_dag_v3.format_to_parquet_task scheduled__2021-06-01T00:00:00+00:00 [queued]>
[2022-02-02 19:10:02,952] {taskinstance.py:1032} INFO - Dependencies all met for <TaskInstance: ex_1_data_ingestion_gcs_dag_v3.format_to_parquet_task scheduled__2021-06-01T00:00:00+00:00 [queued]>
[2022-02-02 19:10:02,954] {taskinstance.py:1238} INFO - 
--------------------------------------------------------------------------------
[2022-02-02 19:10:02,955] {taskinstance.py:1239} INFO - Starting attempt 1 of 1
[2022-02-02 19:10:02,956] {taskinstance.py:1240} INFO - 
--------------------------------------------------------------------------------
[2022-02-02 19:10:02,975] {taskinstance.py:1259} INFO - Executing <Task(PythonOperator): format_to_parquet_task> on 2021-06-01 00:00:00+00:00
[2022-02-02 19:10:02,988] {standard_task_runner.py:52} INFO - Started process 11709 to run task
[2022-02-02 19:10:02,992] {standard_task_runner.py:76} INFO - Running: ['***', 'tasks', 'run', 'ex_1_data_ingestion_gcs_dag_v3', 'format_to_parquet_task', 'scheduled__2021-06-01T00:00:00+00:00', '--job-id', '390', '--raw', '--subdir', 'DAGS_FOLDER/data_ingestion_hw_1_ex.py', '--cfg-path', '/tmp/tmp3knftx35', '--error-file', '/tmp/tmpkauvhb5r']
[2022-02-02 19:10:02,995] {standard_task_runner.py:77} INFO - Job 390: Subtask format_to_parquet_task
[2022-02-02 19:10:03,095] {logging_mixin.py:109} INFO - Running <TaskInstance: ex_1_data_ingestion_gcs_dag_v3.format_to_parquet_task scheduled__2021-06-01T00:00:00+00:00 [running]> on host 700aeb16bae0
[2022-02-02 19:10:03,149] {warnings.py:110} WARNING - /home/***/.local/lib/python3.7/site-packages/***/utils/context.py:152: AirflowContextDeprecationWarning: Accessing 'execution_date' from the template is deprecated and will be removed in a future version. Please use 'data_interval_start' or 'logical_date' instead.
  warnings.warn(_create_deprecation_warning(key, self._deprecation_replacements[key]))

[2022-02-02 19:10:03,181] {taskinstance.py:1426} INFO - Exporting the following env vars:
AIRFLOW_CTX_DAG_OWNER=***
AIRFLOW_CTX_DAG_ID=ex_1_data_ingestion_gcs_dag_v3
AIRFLOW_CTX_TASK_ID=format_to_parquet_task
AIRFLOW_CTX_EXECUTION_DATE=2021-06-01T00:00:00+00:00
AIRFLOW_CTX_DAG_RUN_ID=scheduled__2021-06-01T00:00:00+00:00
[2022-02-02 19:10:05,201] {python.py:175} INFO - Done. Returned value was: None
[2022-02-02 19:10:05,222] {taskinstance.py:1277} INFO - Marking task as SUCCESS. dag_id=ex_1_data_ingestion_gcs_dag_v3, task_id=format_to_parquet_task, execution_date=20210601T000000, start_date=20220202T191002, end_date=20220202T191005
[2022-02-02 19:10:05,441] {local_task_job.py:154} INFO - Task exited with return code 0
[2022-02-02 19:10:05,519] {local_task_job.py:264} INFO - 1 downstream tasks scheduled from follow-on schedule check
[2022-02-10 14:52:40,145] {taskinstance.py:1032} INFO - Dependencies all met for <TaskInstance: ex_1_data_ingestion_gcs_dag_v3.format_to_parquet_task scheduled__2021-06-01T00:00:00+00:00 [queued]>
[2022-02-10 14:52:40,181] {taskinstance.py:1032} INFO - Dependencies all met for <TaskInstance: ex_1_data_ingestion_gcs_dag_v3.format_to_parquet_task scheduled__2021-06-01T00:00:00+00:00 [queued]>
[2022-02-10 14:52:40,183] {taskinstance.py:1238} INFO - 
--------------------------------------------------------------------------------
[2022-02-10 14:52:40,185] {taskinstance.py:1239} INFO - Starting attempt 1 of 1
[2022-02-10 14:52:40,187] {taskinstance.py:1240} INFO - 
--------------------------------------------------------------------------------
[2022-02-10 14:52:40,216] {taskinstance.py:1259} INFO - Executing <Task(PythonOperator): format_to_parquet_task> on 2021-06-01 00:00:00+00:00
[2022-02-10 14:52:40,236] {standard_task_runner.py:52} INFO - Started process 3430 to run task
[2022-02-10 14:52:40,245] {standard_task_runner.py:76} INFO - Running: ['***', 'tasks', 'run', 'ex_1_data_ingestion_gcs_dag_v3', 'format_to_parquet_task', 'scheduled__2021-06-01T00:00:00+00:00', '--job-id', '744', '--raw', '--subdir', 'DAGS_FOLDER/data_ingestion_hw_1_ex.py', '--cfg-path', '/tmp/tmpbolmwr4q', '--error-file', '/tmp/tmpmpg68uoa']
[2022-02-10 14:52:40,251] {standard_task_runner.py:77} INFO - Job 744: Subtask format_to_parquet_task
[2022-02-10 14:52:40,463] {logging_mixin.py:109} INFO - Running <TaskInstance: ex_1_data_ingestion_gcs_dag_v3.format_to_parquet_task scheduled__2021-06-01T00:00:00+00:00 [running]> on host e30f201fae61
[2022-02-10 14:52:40,587] {warnings.py:110} WARNING - /home/***/.local/lib/python3.7/site-packages/***/utils/context.py:152: AirflowContextDeprecationWarning: Accessing 'execution_date' from the template is deprecated and will be removed in a future version. Please use 'data_interval_start' or 'logical_date' instead.
  warnings.warn(_create_deprecation_warning(key, self._deprecation_replacements[key]))

[2022-02-10 14:52:40,651] {taskinstance.py:1426} INFO - Exporting the following env vars:
AIRFLOW_CTX_DAG_OWNER=***
AIRFLOW_CTX_DAG_ID=ex_1_data_ingestion_gcs_dag_v3
AIRFLOW_CTX_TASK_ID=format_to_parquet_task
AIRFLOW_CTX_EXECUTION_DATE=2021-06-01T00:00:00+00:00
AIRFLOW_CTX_DAG_RUN_ID=scheduled__2021-06-01T00:00:00+00:00
[2022-02-10 14:52:47,939] {python.py:175} INFO - Done. Returned value was: None
[2022-02-10 14:52:47,969] {taskinstance.py:1277} INFO - Marking task as SUCCESS. dag_id=ex_1_data_ingestion_gcs_dag_v3, task_id=format_to_parquet_task, execution_date=20210601T000000, start_date=20220210T145240, end_date=20220210T145247
[2022-02-10 14:52:48,312] {local_task_job.py:154} INFO - Task exited with return code 0
[2022-02-10 14:52:48,443] {local_task_job.py:264} INFO - 0 downstream tasks scheduled from follow-on schedule check
[2022-02-10 15:42:29,131] {taskinstance.py:1032} INFO - Dependencies all met for <TaskInstance: ex_1_data_ingestion_gcs_dag_v3.format_to_parquet_task scheduled__2021-06-01T00:00:00+00:00 [queued]>
[2022-02-10 15:42:29,146] {taskinstance.py:1032} INFO - Dependencies all met for <TaskInstance: ex_1_data_ingestion_gcs_dag_v3.format_to_parquet_task scheduled__2021-06-01T00:00:00+00:00 [queued]>
[2022-02-10 15:42:29,147] {taskinstance.py:1238} INFO - 
--------------------------------------------------------------------------------
[2022-02-10 15:42:29,148] {taskinstance.py:1239} INFO - Starting attempt 1 of 1
[2022-02-10 15:42:29,149] {taskinstance.py:1240} INFO - 
--------------------------------------------------------------------------------
[2022-02-10 15:42:29,164] {taskinstance.py:1259} INFO - Executing <Task(PythonOperator): format_to_parquet_task> on 2021-06-01 00:00:00+00:00
[2022-02-10 15:42:29,172] {standard_task_runner.py:52} INFO - Started process 1146 to run task
[2022-02-10 15:42:29,179] {standard_task_runner.py:76} INFO - Running: ['***', 'tasks', 'run', 'ex_1_data_ingestion_gcs_dag_v3', 'format_to_parquet_task', 'scheduled__2021-06-01T00:00:00+00:00', '--job-id', '870', '--raw', '--subdir', 'DAGS_FOLDER/data_ingestion_hw_1_ex.py', '--cfg-path', '/tmp/tmplfsq1v84', '--error-file', '/tmp/tmp5mqod6n6']
[2022-02-10 15:42:29,181] {standard_task_runner.py:77} INFO - Job 870: Subtask format_to_parquet_task
[2022-02-10 15:42:29,267] {logging_mixin.py:109} INFO - Running <TaskInstance: ex_1_data_ingestion_gcs_dag_v3.format_to_parquet_task scheduled__2021-06-01T00:00:00+00:00 [running]> on host 276a0ad90304
[2022-02-10 15:42:29,318] {warnings.py:110} WARNING - /home/***/.local/lib/python3.7/site-packages/***/utils/context.py:152: AirflowContextDeprecationWarning: Accessing 'execution_date' from the template is deprecated and will be removed in a future version. Please use 'data_interval_start' or 'logical_date' instead.
  warnings.warn(_create_deprecation_warning(key, self._deprecation_replacements[key]))

[2022-02-10 15:42:29,348] {taskinstance.py:1426} INFO - Exporting the following env vars:
AIRFLOW_CTX_DAG_OWNER=***
AIRFLOW_CTX_DAG_ID=ex_1_data_ingestion_gcs_dag_v3
AIRFLOW_CTX_TASK_ID=format_to_parquet_task
AIRFLOW_CTX_EXECUTION_DATE=2021-06-01T00:00:00+00:00
AIRFLOW_CTX_DAG_RUN_ID=scheduled__2021-06-01T00:00:00+00:00
[2022-02-10 15:42:32,404] {python.py:175} INFO - Done. Returned value was: None
[2022-02-10 15:42:32,425] {taskinstance.py:1277} INFO - Marking task as SUCCESS. dag_id=ex_1_data_ingestion_gcs_dag_v3, task_id=format_to_parquet_task, execution_date=20210601T000000, start_date=20220210T154229, end_date=20220210T154232
[2022-02-10 15:42:32,643] {local_task_job.py:154} INFO - Task exited with return code 0
[2022-02-10 15:42:32,716] {local_task_job.py:264} INFO - 1 downstream tasks scheduled from follow-on schedule check
