[2022-02-18 12:54:26,272] {taskinstance.py:1032} INFO - Dependencies all met for <TaskInstance: data_2_gcs_dag.gcs_2_yellow_gcs_task manual__2022-02-18T12:53:35.443132+00:00 [queued]>
[2022-02-18 12:54:26,284] {taskinstance.py:1032} INFO - Dependencies all met for <TaskInstance: data_2_gcs_dag.gcs_2_yellow_gcs_task manual__2022-02-18T12:53:35.443132+00:00 [queued]>
[2022-02-18 12:54:26,285] {taskinstance.py:1238} INFO - 
--------------------------------------------------------------------------------
[2022-02-18 12:54:26,286] {taskinstance.py:1239} INFO - Starting attempt 1 of 2
[2022-02-18 12:54:26,286] {taskinstance.py:1240} INFO - 
--------------------------------------------------------------------------------
[2022-02-18 12:54:26,298] {taskinstance.py:1259} INFO - Executing <Task(GCSToGCSOperator): gcs_2_yellow_gcs_task> on 2022-02-18 12:53:35.443132+00:00
[2022-02-18 12:54:26,302] {standard_task_runner.py:52} INFO - Started process 1214 to run task
[2022-02-18 12:54:26,306] {standard_task_runner.py:76} INFO - Running: ['***', 'tasks', 'run', 'data_2_gcs_dag', 'gcs_2_yellow_gcs_task', 'manual__2022-02-18T12:53:35.443132+00:00', '--job-id', '1076', '--raw', '--subdir', 'DAGS_FOLDER/data-2-gcs-dag.py', '--cfg-path', '/tmp/tmpr6eh42e6', '--error-file', '/tmp/tmp19gqvv95']
[2022-02-18 12:54:26,308] {standard_task_runner.py:77} INFO - Job 1076: Subtask gcs_2_yellow_gcs_task
[2022-02-18 12:54:26,373] {logging_mixin.py:109} INFO - Running <TaskInstance: data_2_gcs_dag.gcs_2_yellow_gcs_task manual__2022-02-18T12:53:35.443132+00:00 [running]> on host 853fb9201673
[2022-02-18 12:54:26,431] {taskinstance.py:1426} INFO - Exporting the following env vars:
AIRFLOW_CTX_DAG_OWNER=***
AIRFLOW_CTX_DAG_ID=data_2_gcs_dag
AIRFLOW_CTX_TASK_ID=gcs_2_yellow_gcs_task
AIRFLOW_CTX_EXECUTION_DATE=2022-02-18T12:53:35.443132+00:00
AIRFLOW_CTX_DAG_RUN_ID=manual__2022-02-18T12:53:35.443132+00:00
[2022-02-18 12:54:26,433] {crypto.py:82} WARNING - empty cryptography key - values will not be stored encrypted.
[2022-02-18 12:54:26,433] {gcs_to_gcs.py:346} INFO - Delimiter ignored because wildcard is in prefix
[2022-02-18 12:54:26,684] {gcs_to_gcs.py:431} INFO - Executing copy of gs://dtc_data_lake_vaulted-art-339212/raw/yellow_tripdata_2020-06.csv to gs://dtc_data_lake_vaulted-art-339212/yellow/yellow_tripdata_2020-06.csv
[2022-02-18 12:54:27,044] {gcs.py:251} INFO - Total Bytes: 50277193 | Bytes Written: 50277193
[2022-02-18 12:54:27,046] {gcs.py:264} INFO - Object raw/yellow_tripdata_2020-06.csv in bucket dtc_data_lake_vaulted-art-339212 rewritten to object yellow/yellow_tripdata_2020-06.csv in bucket dtc_data_lake_vaulted-art-339212
[2022-02-18 12:54:27,047] {gcs_to_gcs.py:431} INFO - Executing copy of gs://dtc_data_lake_vaulted-art-339212/raw/yellow_tripdata_2020-07.csv to gs://dtc_data_lake_vaulted-art-339212/yellow/yellow_tripdata_2020-07.csv
[2022-02-18 12:54:27,405] {gcs.py:251} INFO - Total Bytes: 73326707 | Bytes Written: 73326707
[2022-02-18 12:54:27,406] {gcs.py:264} INFO - Object raw/yellow_tripdata_2020-07.csv in bucket dtc_data_lake_vaulted-art-339212 rewritten to object yellow/yellow_tripdata_2020-07.csv in bucket dtc_data_lake_vaulted-art-339212
[2022-02-18 12:54:27,407] {gcs_to_gcs.py:431} INFO - Executing copy of gs://dtc_data_lake_vaulted-art-339212/raw/yellow_tripdata_2019-08.csv to gs://dtc_data_lake_vaulted-art-339212/yellow/yellow_tripdata_2019-08.csv
[2022-02-18 12:54:28,013] {gcs.py:251} INFO - Total Bytes: 562386202 | Bytes Written: 562386202
[2022-02-18 12:54:28,014] {gcs.py:264} INFO - Object raw/yellow_tripdata_2019-08.csv in bucket dtc_data_lake_vaulted-art-339212 rewritten to object yellow/yellow_tripdata_2019-08.csv in bucket dtc_data_lake_vaulted-art-339212
[2022-02-18 12:54:28,015] {gcs_to_gcs.py:431} INFO - Executing copy of gs://dtc_data_lake_vaulted-art-339212/raw/yellow_tripdata_2020-12.csv to gs://dtc_data_lake_vaulted-art-339212/yellow/yellow_tripdata_2020-12.csv
[2022-02-18 12:54:28,376] {gcs.py:251} INFO - Total Bytes: 134481400 | Bytes Written: 134481400
[2022-02-18 12:54:28,377] {gcs.py:264} INFO - Object raw/yellow_tripdata_2020-12.csv in bucket dtc_data_lake_vaulted-art-339212 rewritten to object yellow/yellow_tripdata_2020-12.csv in bucket dtc_data_lake_vaulted-art-339212
[2022-02-18 12:54:28,379] {gcs_to_gcs.py:431} INFO - Executing copy of gs://dtc_data_lake_vaulted-art-339212/raw/yellow_tripdata_2020-09.csv to gs://dtc_data_lake_vaulted-art-339212/yellow/yellow_tripdata_2020-09.csv
[2022-02-18 12:54:28,734] {gcs.py:251} INFO - Total Bytes: 123394595 | Bytes Written: 123394595
[2022-02-18 12:54:28,735] {gcs.py:264} INFO - Object raw/yellow_tripdata_2020-09.csv in bucket dtc_data_lake_vaulted-art-339212 rewritten to object yellow/yellow_tripdata_2020-09.csv in bucket dtc_data_lake_vaulted-art-339212
[2022-02-18 12:54:28,735] {gcs_to_gcs.py:431} INFO - Executing copy of gs://dtc_data_lake_vaulted-art-339212/raw/yellow_tripdata_2020-11.csv to gs://dtc_data_lake_vaulted-art-339212/yellow/yellow_tripdata_2020-11.csv
[2022-02-18 12:54:29,277] {gcs.py:251} INFO - Total Bytes: 138989555 | Bytes Written: 138989555
[2022-02-18 12:54:29,279] {gcs.py:264} INFO - Object raw/yellow_tripdata_2020-11.csv in bucket dtc_data_lake_vaulted-art-339212 rewritten to object yellow/yellow_tripdata_2020-11.csv in bucket dtc_data_lake_vaulted-art-339212
[2022-02-18 12:54:29,280] {gcs_to_gcs.py:431} INFO - Executing copy of gs://dtc_data_lake_vaulted-art-339212/raw/yellow_tripdata_2020-10.csv to gs://dtc_data_lake_vaulted-art-339212/yellow/yellow_tripdata_2020-10.csv
[2022-02-18 12:54:29,757] {gcs.py:251} INFO - Total Bytes: 154917592 | Bytes Written: 154917592
[2022-02-18 12:54:29,758] {gcs.py:264} INFO - Object raw/yellow_tripdata_2020-10.csv in bucket dtc_data_lake_vaulted-art-339212 rewritten to object yellow/yellow_tripdata_2020-10.csv in bucket dtc_data_lake_vaulted-art-339212
[2022-02-18 12:54:29,759] {gcs_to_gcs.py:431} INFO - Executing copy of gs://dtc_data_lake_vaulted-art-339212/raw/yellow_tripdata_2019-01.csv to gs://dtc_data_lake_vaulted-art-339212/yellow/yellow_tripdata_2019-01.csv
[2022-02-18 12:54:30,197] {gcs.py:251} INFO - Total Bytes: 687088084 | Bytes Written: 687088084
[2022-02-18 12:54:30,198] {gcs.py:264} INFO - Object raw/yellow_tripdata_2019-01.csv in bucket dtc_data_lake_vaulted-art-339212 rewritten to object yellow/yellow_tripdata_2019-01.csv in bucket dtc_data_lake_vaulted-art-339212
[2022-02-18 12:54:30,199] {gcs_to_gcs.py:431} INFO - Executing copy of gs://dtc_data_lake_vaulted-art-339212/raw/yellow_tripdata_2019-11.csv to gs://dtc_data_lake_vaulted-art-339212/yellow/yellow_tripdata_2019-11.csv
[2022-02-18 12:54:30,632] {gcs.py:251} INFO - Total Bytes: 637807959 | Bytes Written: 637807959
[2022-02-18 12:54:30,633] {gcs.py:264} INFO - Object raw/yellow_tripdata_2019-11.csv in bucket dtc_data_lake_vaulted-art-339212 rewritten to object yellow/yellow_tripdata_2019-11.csv in bucket dtc_data_lake_vaulted-art-339212
[2022-02-18 12:54:30,634] {gcs_to_gcs.py:431} INFO - Executing copy of gs://dtc_data_lake_vaulted-art-339212/raw/yellow_tripdata_2020-08.csv to gs://dtc_data_lake_vaulted-art-339212/yellow/yellow_tripdata_2020-08.csv
[2022-02-18 12:54:30,991] {gcs.py:251} INFO - Total Bytes: 92411545 | Bytes Written: 92411545
[2022-02-18 12:54:30,991] {gcs.py:264} INFO - Object raw/yellow_tripdata_2020-08.csv in bucket dtc_data_lake_vaulted-art-339212 rewritten to object yellow/yellow_tripdata_2020-08.csv in bucket dtc_data_lake_vaulted-art-339212
[2022-02-18 12:54:30,992] {gcs_to_gcs.py:431} INFO - Executing copy of gs://dtc_data_lake_vaulted-art-339212/raw/yellow_tripdata_2019-02.csv to gs://dtc_data_lake_vaulted-art-339212/yellow/yellow_tripdata_2019-02.csv
[2022-02-18 12:54:31,427] {gcs.py:251} INFO - Total Bytes: 649882828 | Bytes Written: 649882828
[2022-02-18 12:54:31,428] {gcs.py:264} INFO - Object raw/yellow_tripdata_2019-02.csv in bucket dtc_data_lake_vaulted-art-339212 rewritten to object yellow/yellow_tripdata_2019-02.csv in bucket dtc_data_lake_vaulted-art-339212
[2022-02-18 12:54:31,428] {gcs_to_gcs.py:431} INFO - Executing copy of gs://dtc_data_lake_vaulted-art-339212/raw/yellow_tripdata_2019-04.csv to gs://dtc_data_lake_vaulted-art-339212/yellow/yellow_tripdata_2019-04.csv
[2022-02-18 12:54:31,856] {gcs.py:251} INFO - Total Bytes: 689207122 | Bytes Written: 689207122
[2022-02-18 12:54:31,857] {gcs.py:264} INFO - Object raw/yellow_tripdata_2019-04.csv in bucket dtc_data_lake_vaulted-art-339212 rewritten to object yellow/yellow_tripdata_2019-04.csv in bucket dtc_data_lake_vaulted-art-339212
[2022-02-18 12:54:31,858] {gcs_to_gcs.py:431} INFO - Executing copy of gs://dtc_data_lake_vaulted-art-339212/raw/yellow_tripdata_2019-10.csv to gs://dtc_data_lake_vaulted-art-339212/yellow/yellow_tripdata_2019-10.csv
[2022-02-18 12:54:32,290] {gcs.py:251} INFO - Total Bytes: 669168416 | Bytes Written: 669168416
[2022-02-18 12:54:32,292] {gcs.py:264} INFO - Object raw/yellow_tripdata_2019-10.csv in bucket dtc_data_lake_vaulted-art-339212 rewritten to object yellow/yellow_tripdata_2019-10.csv in bucket dtc_data_lake_vaulted-art-339212
[2022-02-18 12:54:32,293] {gcs_to_gcs.py:431} INFO - Executing copy of gs://dtc_data_lake_vaulted-art-339212/raw/yellow_tripdata_2019-06.csv to gs://dtc_data_lake_vaulted-art-339212/yellow/yellow_tripdata_2019-06.csv
[2022-02-18 12:54:32,762] {gcs.py:251} INFO - Total Bytes: 643492154 | Bytes Written: 643492154
[2022-02-18 12:54:32,763] {gcs.py:264} INFO - Object raw/yellow_tripdata_2019-06.csv in bucket dtc_data_lake_vaulted-art-339212 rewritten to object yellow/yellow_tripdata_2019-06.csv in bucket dtc_data_lake_vaulted-art-339212
[2022-02-18 12:54:32,764] {gcs_to_gcs.py:431} INFO - Executing copy of gs://dtc_data_lake_vaulted-art-339212/raw/yellow_tripdata_2020-01.csv to gs://dtc_data_lake_vaulted-art-339212/yellow/yellow_tripdata_2020-01.csv
[2022-02-18 12:54:33,196] {gcs.py:251} INFO - Total Bytes: 593610736 | Bytes Written: 593610736
[2022-02-18 12:54:33,198] {gcs.py:264} INFO - Object raw/yellow_tripdata_2020-01.csv in bucket dtc_data_lake_vaulted-art-339212 rewritten to object yellow/yellow_tripdata_2020-01.csv in bucket dtc_data_lake_vaulted-art-339212
[2022-02-18 12:54:33,199] {gcs_to_gcs.py:431} INFO - Executing copy of gs://dtc_data_lake_vaulted-art-339212/raw/yellow_tripdata_2020-05.csv to gs://dtc_data_lake_vaulted-art-339212/yellow/yellow_tripdata_2020-05.csv
[2022-02-18 12:54:33,545] {gcs.py:251} INFO - Total Bytes: 31641590 | Bytes Written: 31641590
[2022-02-18 12:54:33,546] {gcs.py:264} INFO - Object raw/yellow_tripdata_2020-05.csv in bucket dtc_data_lake_vaulted-art-339212 rewritten to object yellow/yellow_tripdata_2020-05.csv in bucket dtc_data_lake_vaulted-art-339212
[2022-02-18 12:54:33,546] {gcs_to_gcs.py:431} INFO - Executing copy of gs://dtc_data_lake_vaulted-art-339212/raw/yellow_tripdata_2019-07.csv to gs://dtc_data_lake_vaulted-art-339212/yellow/yellow_tripdata_2019-07.csv
[2022-02-18 12:54:33,979] {gcs.py:251} INFO - Total Bytes: 584387609 | Bytes Written: 584387609
[2022-02-18 12:54:33,980] {gcs.py:264} INFO - Object raw/yellow_tripdata_2019-07.csv in bucket dtc_data_lake_vaulted-art-339212 rewritten to object yellow/yellow_tripdata_2019-07.csv in bucket dtc_data_lake_vaulted-art-339212
[2022-02-18 12:54:33,981] {gcs_to_gcs.py:431} INFO - Executing copy of gs://dtc_data_lake_vaulted-art-339212/raw/yellow_tripdata_2020-03.csv to gs://dtc_data_lake_vaulted-art-339212/yellow/yellow_tripdata_2020-03.csv
[2022-02-18 12:54:34,399] {gcs.py:251} INFO - Total Bytes: 278288608 | Bytes Written: 278288608
[2022-02-18 12:54:34,401] {gcs.py:264} INFO - Object raw/yellow_tripdata_2020-03.csv in bucket dtc_data_lake_vaulted-art-339212 rewritten to object yellow/yellow_tripdata_2020-03.csv in bucket dtc_data_lake_vaulted-art-339212
[2022-02-18 12:54:34,402] {gcs_to_gcs.py:431} INFO - Executing copy of gs://dtc_data_lake_vaulted-art-339212/raw/yellow_tripdata_2019-03.csv to gs://dtc_data_lake_vaulted-art-339212/yellow/yellow_tripdata_2019-03.csv
[2022-02-18 12:54:34,842] {gcs.py:251} INFO - Total Bytes: 726201566 | Bytes Written: 726201566
[2022-02-18 12:54:34,844] {gcs.py:264} INFO - Object raw/yellow_tripdata_2019-03.csv in bucket dtc_data_lake_vaulted-art-339212 rewritten to object yellow/yellow_tripdata_2019-03.csv in bucket dtc_data_lake_vaulted-art-339212
[2022-02-18 12:54:34,846] {gcs_to_gcs.py:431} INFO - Executing copy of gs://dtc_data_lake_vaulted-art-339212/raw/yellow_tripdata_2019-09.csv to gs://dtc_data_lake_vaulted-art-339212/yellow/yellow_tripdata_2019-09.csv
[2022-02-18 12:54:35,290] {gcs.py:251} INFO - Total Bytes: 608973500 | Bytes Written: 608973500
[2022-02-18 12:54:35,291] {gcs.py:264} INFO - Object raw/yellow_tripdata_2019-09.csv in bucket dtc_data_lake_vaulted-art-339212 rewritten to object yellow/yellow_tripdata_2019-09.csv in bucket dtc_data_lake_vaulted-art-339212
[2022-02-18 12:54:35,292] {gcs_to_gcs.py:431} INFO - Executing copy of gs://dtc_data_lake_vaulted-art-339212/raw/yellow_tripdata_2019-12.csv to gs://dtc_data_lake_vaulted-art-339212/yellow/yellow_tripdata_2019-12.csv
[2022-02-18 12:54:35,725] {gcs.py:251} INFO - Total Bytes: 639108129 | Bytes Written: 639108129
[2022-02-18 12:54:35,726] {gcs.py:264} INFO - Object raw/yellow_tripdata_2019-12.csv in bucket dtc_data_lake_vaulted-art-339212 rewritten to object yellow/yellow_tripdata_2019-12.csv in bucket dtc_data_lake_vaulted-art-339212
[2022-02-18 12:54:35,727] {gcs_to_gcs.py:431} INFO - Executing copy of gs://dtc_data_lake_vaulted-art-339212/raw/yellow_tripdata_2020-04.csv to gs://dtc_data_lake_vaulted-art-339212/yellow/yellow_tripdata_2020-04.csv
[2022-02-18 12:54:35,861] {gcs.py:251} INFO - Total Bytes: 21662261 | Bytes Written: 21662261
[2022-02-18 12:54:35,862] {gcs.py:264} INFO - Object raw/yellow_tripdata_2020-04.csv in bucket dtc_data_lake_vaulted-art-339212 rewritten to object yellow/yellow_tripdata_2020-04.csv in bucket dtc_data_lake_vaulted-art-339212
[2022-02-18 12:54:35,863] {gcs_to_gcs.py:431} INFO - Executing copy of gs://dtc_data_lake_vaulted-art-339212/raw/yellow_tripdata_2020-02.csv to gs://dtc_data_lake_vaulted-art-339212/yellow/yellow_tripdata_2020-02.csv
[2022-02-18 12:54:36,029] {gcs.py:251} INFO - Total Bytes: 584190585 | Bytes Written: 584190585
[2022-02-18 12:54:36,030] {gcs.py:264} INFO - Object raw/yellow_tripdata_2020-02.csv in bucket dtc_data_lake_vaulted-art-339212 rewritten to object yellow/yellow_tripdata_2020-02.csv in bucket dtc_data_lake_vaulted-art-339212
[2022-02-18 12:54:36,030] {gcs_to_gcs.py:431} INFO - Executing copy of gs://dtc_data_lake_vaulted-art-339212/raw/yellow_tripdata_2019-05.csv to gs://dtc_data_lake_vaulted-art-339212/yellow/yellow_tripdata_2019-05.csv
[2022-02-18 12:54:36,552] {gcs.py:251} INFO - Total Bytes: 701538890 | Bytes Written: 701538890
[2022-02-18 12:54:36,553] {gcs.py:264} INFO - Object raw/yellow_tripdata_2019-05.csv in bucket dtc_data_lake_vaulted-art-339212 rewritten to object yellow/yellow_tripdata_2019-05.csv in bucket dtc_data_lake_vaulted-art-339212
[2022-02-18 12:54:36,567] {taskinstance.py:1277} INFO - Marking task as SUCCESS. dag_id=data_2_gcs_dag, task_id=gcs_2_yellow_gcs_task, execution_date=20220218T125335, start_date=20220218T125426, end_date=20220218T125436
[2022-02-18 12:54:36,621] {local_task_job.py:154} INFO - Task exited with return code 0
[2022-02-18 12:54:36,682] {local_task_job.py:264} INFO - 1 downstream tasks scheduled from follow-on schedule check
