[2022-02-02 13:43:31,901] {taskinstance.py:1032} INFO - Dependencies all met for <TaskInstance: ex_1_data_ingestion_gcs_dag.format_to_parquet_task scheduled__2020-07-01T00:00:00+00:00 [queued]>
[2022-02-02 13:43:31,974] {taskinstance.py:1032} INFO - Dependencies all met for <TaskInstance: ex_1_data_ingestion_gcs_dag.format_to_parquet_task scheduled__2020-07-01T00:00:00+00:00 [queued]>
[2022-02-02 13:43:31,995] {taskinstance.py:1238} INFO - 
--------------------------------------------------------------------------------
[2022-02-02 13:43:31,999] {taskinstance.py:1239} INFO - Starting attempt 1 of 1
[2022-02-02 13:43:32,000] {taskinstance.py:1240} INFO - 
--------------------------------------------------------------------------------
[2022-02-02 13:43:32,032] {taskinstance.py:1259} INFO - Executing <Task(PythonOperator): format_to_parquet_task> on 2020-07-01 00:00:00+00:00
[2022-02-02 13:43:32,045] {standard_task_runner.py:52} INFO - Started process 1366 to run task
[2022-02-02 13:43:32,096] {standard_task_runner.py:76} INFO - Running: ['***', 'tasks', 'run', 'ex_1_data_ingestion_gcs_dag', 'format_to_parquet_task', 'scheduled__2020-07-01T00:00:00+00:00', '--job-id', '140', '--raw', '--subdir', 'DAGS_FOLDER/data_ingestion_hw_1_ex.py', '--cfg-path', '/tmp/tmpuhswsyxi', '--error-file', '/tmp/tmpdysf6m7h']
[2022-02-02 13:43:32,116] {standard_task_runner.py:77} INFO - Job 140: Subtask format_to_parquet_task
[2022-02-02 13:43:32,346] {logging_mixin.py:109} INFO - Running <TaskInstance: ex_1_data_ingestion_gcs_dag.format_to_parquet_task scheduled__2020-07-01T00:00:00+00:00 [running]> on host 700aeb16bae0
[2022-02-02 13:43:32,608] {warnings.py:110} WARNING - /home/***/.local/lib/python3.7/site-packages/***/utils/context.py:152: AirflowContextDeprecationWarning: Accessing 'execution_date' from the template is deprecated and will be removed in a future version. Please use 'data_interval_start' or 'logical_date' instead.
  warnings.warn(_create_deprecation_warning(key, self._deprecation_replacements[key]))

[2022-02-02 13:43:32,695] {taskinstance.py:1426} INFO - Exporting the following env vars:
AIRFLOW_CTX_DAG_OWNER=***
AIRFLOW_CTX_DAG_ID=ex_1_data_ingestion_gcs_dag
AIRFLOW_CTX_TASK_ID=format_to_parquet_task
AIRFLOW_CTX_EXECUTION_DATE=2020-07-01T00:00:00+00:00
AIRFLOW_CTX_DAG_RUN_ID=scheduled__2020-07-01T00:00:00+00:00
[2022-02-02 13:43:35,862] {python.py:175} INFO - Done. Returned value was: None
[2022-02-02 13:43:35,886] {taskinstance.py:1277} INFO - Marking task as SUCCESS. dag_id=ex_1_data_ingestion_gcs_dag, task_id=format_to_parquet_task, execution_date=20200701T000000, start_date=20220202T134331, end_date=20220202T134335
[2022-02-02 13:43:36,039] {local_task_job.py:154} INFO - Task exited with return code 0
[2022-02-02 13:43:36,116] {local_task_job.py:264} INFO - 1 downstream tasks scheduled from follow-on schedule check
