[2022-02-02 18:18:07,868] {taskinstance.py:1032} INFO - Dependencies all met for <TaskInstance: ex_1_data_ingestion_gcs_dag_v3.local_to_gcs_task scheduled__2019-05-01T00:00:00+00:00 [queued]>
[2022-02-02 18:18:07,888] {taskinstance.py:1032} INFO - Dependencies all met for <TaskInstance: ex_1_data_ingestion_gcs_dag_v3.local_to_gcs_task scheduled__2019-05-01T00:00:00+00:00 [queued]>
[2022-02-02 18:18:07,890] {taskinstance.py:1238} INFO - 
--------------------------------------------------------------------------------
[2022-02-02 18:18:07,891] {taskinstance.py:1239} INFO - Starting attempt 1 of 1
[2022-02-02 18:18:07,892] {taskinstance.py:1240} INFO - 
--------------------------------------------------------------------------------
[2022-02-02 18:18:07,905] {taskinstance.py:1259} INFO - Executing <Task(PythonOperator): local_to_gcs_task> on 2019-05-01 00:00:00+00:00
[2022-02-02 18:18:07,913] {standard_task_runner.py:52} INFO - Started process 8874 to run task
[2022-02-02 18:18:07,917] {standard_task_runner.py:76} INFO - Running: ['***', 'tasks', 'run', 'ex_1_data_ingestion_gcs_dag_v3', 'local_to_gcs_task', 'scheduled__2019-05-01T00:00:00+00:00', '--job-id', '318', '--raw', '--subdir', 'DAGS_FOLDER/data_ingestion_hw_1_ex.py', '--cfg-path', '/tmp/tmpksa_4x7l', '--error-file', '/tmp/tmpk6q3r0mu']
[2022-02-02 18:18:07,919] {standard_task_runner.py:77} INFO - Job 318: Subtask local_to_gcs_task
[2022-02-02 18:18:07,992] {logging_mixin.py:109} INFO - Running <TaskInstance: ex_1_data_ingestion_gcs_dag_v3.local_to_gcs_task scheduled__2019-05-01T00:00:00+00:00 [running]> on host 700aeb16bae0
[2022-02-02 18:18:08,038] {warnings.py:110} WARNING - /home/***/.local/lib/python3.7/site-packages/***/utils/context.py:152: AirflowContextDeprecationWarning: Accessing 'execution_date' from the template is deprecated and will be removed in a future version. Please use 'data_interval_start' or 'logical_date' instead.
  warnings.warn(_create_deprecation_warning(key, self._deprecation_replacements[key]))

[2022-02-02 18:18:08,066] {taskinstance.py:1426} INFO - Exporting the following env vars:
AIRFLOW_CTX_DAG_OWNER=***
AIRFLOW_CTX_DAG_ID=ex_1_data_ingestion_gcs_dag_v3
AIRFLOW_CTX_TASK_ID=local_to_gcs_task
AIRFLOW_CTX_EXECUTION_DATE=2019-05-01T00:00:00+00:00
AIRFLOW_CTX_DAG_RUN_ID=scheduled__2019-05-01T00:00:00+00:00
[2022-02-02 18:18:24,080] {python.py:175} INFO - Done. Returned value was: None
[2022-02-02 18:18:24,097] {taskinstance.py:1277} INFO - Marking task as SUCCESS. dag_id=ex_1_data_ingestion_gcs_dag_v3, task_id=local_to_gcs_task, execution_date=20190501T000000, start_date=20220202T181807, end_date=20220202T181824
[2022-02-02 18:18:24,141] {local_task_job.py:154} INFO - Task exited with return code 0
[2022-02-02 18:18:24,179] {local_task_job.py:264} INFO - 0 downstream tasks scheduled from follow-on schedule check
