[2022-02-10 16:57:27,910] {taskinstance.py:1032} INFO - Dependencies all met for <TaskInstance: ex_1_data_ingestion_gcs_dag_v3.local_to_gcs_task scheduled__2019-05-01T00:00:00+00:00 [queued]>
[2022-02-10 16:57:27,927] {taskinstance.py:1032} INFO - Dependencies all met for <TaskInstance: ex_1_data_ingestion_gcs_dag_v3.local_to_gcs_task scheduled__2019-05-01T00:00:00+00:00 [queued]>
[2022-02-10 16:57:27,928] {taskinstance.py:1238} INFO - 
--------------------------------------------------------------------------------
[2022-02-10 16:57:27,929] {taskinstance.py:1239} INFO - Starting attempt 3 of 3
[2022-02-10 16:57:27,930] {taskinstance.py:1240} INFO - 
--------------------------------------------------------------------------------
[2022-02-10 16:57:27,943] {taskinstance.py:1259} INFO - Executing <Task(PythonOperator): local_to_gcs_task> on 2019-05-01 00:00:00+00:00
[2022-02-10 16:57:27,949] {standard_task_runner.py:52} INFO - Started process 1667 to run task
[2022-02-10 16:57:27,954] {standard_task_runner.py:76} INFO - Running: ['***', 'tasks', 'run', 'ex_1_data_ingestion_gcs_dag_v3', 'local_to_gcs_task', 'scheduled__2019-05-01T00:00:00+00:00', '--job-id', '1017', '--raw', '--subdir', 'DAGS_FOLDER/data_ingestion_hw_1_ex.py', '--cfg-path', '/tmp/tmpbxpg6m2m', '--error-file', '/tmp/tmp01eiyj_q']
[2022-02-10 16:57:27,956] {standard_task_runner.py:77} INFO - Job 1017: Subtask local_to_gcs_task
[2022-02-10 16:57:28,037] {logging_mixin.py:109} INFO - Running <TaskInstance: ex_1_data_ingestion_gcs_dag_v3.local_to_gcs_task scheduled__2019-05-01T00:00:00+00:00 [running]> on host 106a34111faf
[2022-02-10 16:57:28,084] {warnings.py:110} WARNING - /home/***/.local/lib/python3.7/site-packages/***/utils/context.py:152: AirflowContextDeprecationWarning: Accessing 'execution_date' from the template is deprecated and will be removed in a future version. Please use 'data_interval_start' or 'logical_date' instead.
  warnings.warn(_create_deprecation_warning(key, self._deprecation_replacements[key]))

[2022-02-10 16:57:28,119] {taskinstance.py:1426} INFO - Exporting the following env vars:
AIRFLOW_CTX_DAG_OWNER=***
AIRFLOW_CTX_DAG_ID=ex_1_data_ingestion_gcs_dag_v3
AIRFLOW_CTX_TASK_ID=local_to_gcs_task
AIRFLOW_CTX_EXECUTION_DATE=2019-05-01T00:00:00+00:00
AIRFLOW_CTX_DAG_RUN_ID=scheduled__2019-05-01T00:00:00+00:00
[2022-02-10 16:58:14,476] {python.py:175} INFO - Done. Returned value was: None
[2022-02-10 16:58:14,538] {taskinstance.py:1277} INFO - Marking task as SUCCESS. dag_id=ex_1_data_ingestion_gcs_dag_v3, task_id=local_to_gcs_task, execution_date=20190501T000000, start_date=20220210T165727, end_date=20220210T165814
[2022-02-10 16:58:14,661] {local_task_job.py:154} INFO - Task exited with return code 0
[2022-02-10 16:58:14,794] {local_task_job.py:264} INFO - 0 downstream tasks scheduled from follow-on schedule check
