[2022-02-02 13:48:16,310] {taskinstance.py:1032} INFO - Dependencies all met for <TaskInstance: ex_1_data_ingestion_gcs_dag.download_dataset_task scheduled__2021-12-01T00:00:00+00:00 [queued]>
[2022-02-02 13:48:16,412] {taskinstance.py:1032} INFO - Dependencies all met for <TaskInstance: ex_1_data_ingestion_gcs_dag.download_dataset_task scheduled__2021-12-01T00:00:00+00:00 [queued]>
[2022-02-02 13:48:16,414] {taskinstance.py:1238} INFO - 
--------------------------------------------------------------------------------
[2022-02-02 13:48:16,418] {taskinstance.py:1239} INFO - Starting attempt 1 of 1
[2022-02-02 13:48:16,419] {taskinstance.py:1240} INFO - 
--------------------------------------------------------------------------------
[2022-02-02 13:48:16,555] {taskinstance.py:1259} INFO - Executing <Task(BashOperator): download_dataset_task> on 2021-12-01 00:00:00+00:00
[2022-02-02 13:48:16,732] {standard_task_runner.py:52} INFO - Started process 1751 to run task
[2022-02-02 13:48:16,728] {standard_task_runner.py:76} INFO - Running: ['***', 'tasks', 'run', 'ex_1_data_ingestion_gcs_dag', 'download_dataset_task', 'scheduled__2021-12-01T00:00:00+00:00', '--job-id', '176', '--raw', '--subdir', 'DAGS_FOLDER/data_ingestion_hw_1_ex.py', '--cfg-path', '/tmp/tmphknsjp6q', '--error-file', '/tmp/tmpby3s7_7y']
[2022-02-02 13:48:16,768] {standard_task_runner.py:77} INFO - Job 176: Subtask download_dataset_task
[2022-02-02 13:48:19,203] {logging_mixin.py:109} INFO - Running <TaskInstance: ex_1_data_ingestion_gcs_dag.download_dataset_task scheduled__2021-12-01T00:00:00+00:00 [running]> on host 700aeb16bae0
[2022-02-02 13:48:20,231] {warnings.py:110} WARNING - /home/***/.local/lib/python3.7/site-packages/***/utils/context.py:152: AirflowContextDeprecationWarning: Accessing 'execution_date' from the template is deprecated and will be removed in a future version. Please use 'data_interval_start' or 'logical_date' instead.
  warnings.warn(_create_deprecation_warning(key, self._deprecation_replacements[key]))

[2022-02-02 13:48:20,626] {taskinstance.py:1426} INFO - Exporting the following env vars:
AIRFLOW_CTX_DAG_OWNER=***
AIRFLOW_CTX_DAG_ID=ex_1_data_ingestion_gcs_dag
AIRFLOW_CTX_TASK_ID=download_dataset_task
AIRFLOW_CTX_EXECUTION_DATE=2021-12-01T00:00:00+00:00
AIRFLOW_CTX_DAG_RUN_ID=scheduled__2021-12-01T00:00:00+00:00
[2022-02-02 13:48:20,628] {subprocess.py:62} INFO - Tmp dir root location: 
 /tmp
[2022-02-02 13:48:20,653] {subprocess.py:74} INFO - Running command: ['bash', '-c', 'curl -sS https://s3.amazonaws.com/nyc-tlc/trip+data/yellow_tripdata_2021-12.csv > /opt/***/yellow_tripdata_2021-12.csv']
[2022-02-02 13:48:21,818] {subprocess.py:85} INFO - Output:
[2022-02-02 13:48:22,958] {subprocess.py:93} INFO - Command exited with return code 0
[2022-02-02 13:48:24,989] {taskinstance.py:1277} INFO - Marking task as SUCCESS. dag_id=ex_1_data_ingestion_gcs_dag, task_id=download_dataset_task, execution_date=20211201T000000, start_date=20220202T134816, end_date=20220202T134824
[2022-02-02 13:48:25,649] {local_task_job.py:154} INFO - Task exited with return code 0
[2022-02-02 13:48:26,943] {local_task_job.py:264} INFO - 1 downstream tasks scheduled from follow-on schedule check
