[2022-02-02 13:40:20,145] {taskinstance.py:1032} INFO - Dependencies all met for <TaskInstance: ex_1_data_ingestion_gcs_dag.download_dataset_task scheduled__2019-04-01T00:00:00+00:00 [queued]>
[2022-02-02 13:40:20,349] {taskinstance.py:1032} INFO - Dependencies all met for <TaskInstance: ex_1_data_ingestion_gcs_dag.download_dataset_task scheduled__2019-04-01T00:00:00+00:00 [queued]>
[2022-02-02 13:40:20,355] {taskinstance.py:1238} INFO - 
--------------------------------------------------------------------------------
[2022-02-02 13:40:20,362] {taskinstance.py:1239} INFO - Starting attempt 1 of 1
[2022-02-02 13:40:20,363] {taskinstance.py:1240} INFO - 
--------------------------------------------------------------------------------
[2022-02-02 13:40:20,502] {taskinstance.py:1259} INFO - Executing <Task(BashOperator): download_dataset_task> on 2019-04-01 00:00:00+00:00
[2022-02-02 13:40:20,533] {standard_task_runner.py:52} INFO - Started process 1117 to run task
[2022-02-02 13:40:20,571] {standard_task_runner.py:76} INFO - Running: ['***', 'tasks', 'run', 'ex_1_data_ingestion_gcs_dag', 'download_dataset_task', 'scheduled__2019-04-01T00:00:00+00:00', '--job-id', '114', '--raw', '--subdir', 'DAGS_FOLDER/data_ingestion_hw_1_ex.py', '--cfg-path', '/tmp/tmpvwbupcxr', '--error-file', '/tmp/tmpm6jzyzv8']
[2022-02-02 13:40:20,636] {standard_task_runner.py:77} INFO - Job 114: Subtask download_dataset_task
[2022-02-02 13:40:21,360] {logging_mixin.py:109} INFO - Running <TaskInstance: ex_1_data_ingestion_gcs_dag.download_dataset_task scheduled__2019-04-01T00:00:00+00:00 [running]> on host 700aeb16bae0
[2022-02-02 13:40:21,713] {warnings.py:110} WARNING - /home/***/.local/lib/python3.7/site-packages/***/utils/context.py:152: AirflowContextDeprecationWarning: Accessing 'execution_date' from the template is deprecated and will be removed in a future version. Please use 'data_interval_start' or 'logical_date' instead.
  warnings.warn(_create_deprecation_warning(key, self._deprecation_replacements[key]))

[2022-02-02 13:40:21,845] {taskinstance.py:1426} INFO - Exporting the following env vars:
AIRFLOW_CTX_DAG_OWNER=***
AIRFLOW_CTX_DAG_ID=ex_1_data_ingestion_gcs_dag
AIRFLOW_CTX_TASK_ID=download_dataset_task
AIRFLOW_CTX_EXECUTION_DATE=2019-04-01T00:00:00+00:00
AIRFLOW_CTX_DAG_RUN_ID=scheduled__2019-04-01T00:00:00+00:00
[2022-02-02 13:40:21,851] {subprocess.py:62} INFO - Tmp dir root location: 
 /tmp
[2022-02-02 13:40:21,871] {subprocess.py:74} INFO - Running command: ['bash', '-c', 'curl -sS https://s3.amazonaws.com/nyc-tlc/trip+data/yellow_tripdata_2019-04.csv > /opt/***/yellow_tripdata_2019-04.csv']
[2022-02-02 13:40:22,008] {subprocess.py:85} INFO - Output:
[2022-02-02 13:45:56,432] {subprocess.py:93} INFO - Command exited with return code 0
[2022-02-02 13:45:57,417] {taskinstance.py:1277} INFO - Marking task as SUCCESS. dag_id=ex_1_data_ingestion_gcs_dag, task_id=download_dataset_task, execution_date=20190401T000000, start_date=20220202T134020, end_date=20220202T134557
[2022-02-02 13:45:58,875] {local_task_job.py:154} INFO - Task exited with return code 0
[2022-02-02 13:46:03,576] {local_task_job.py:264} INFO - 1 downstream tasks scheduled from follow-on schedule check
