[2022-02-02 13:45:46,123] {taskinstance.py:1032} INFO - Dependencies all met for <TaskInstance: ex_1_data_ingestion_gcs_dag.format_to_parquet_task scheduled__2019-11-01T00:00:00+00:00 [queued]>
[2022-02-02 13:45:46,575] {taskinstance.py:1032} INFO - Dependencies all met for <TaskInstance: ex_1_data_ingestion_gcs_dag.format_to_parquet_task scheduled__2019-11-01T00:00:00+00:00 [queued]>
[2022-02-02 13:45:46,577] {taskinstance.py:1238} INFO - 
--------------------------------------------------------------------------------
[2022-02-02 13:45:46,581] {taskinstance.py:1239} INFO - Starting attempt 1 of 1
[2022-02-02 13:45:46,585] {taskinstance.py:1240} INFO - 
--------------------------------------------------------------------------------
[2022-02-02 13:45:46,734] {taskinstance.py:1259} INFO - Executing <Task(PythonOperator): format_to_parquet_task> on 2019-11-01 00:00:00+00:00
[2022-02-02 13:45:46,780] {standard_task_runner.py:52} INFO - Started process 1525 to run task
[2022-02-02 13:45:46,822] {standard_task_runner.py:76} INFO - Running: ['***', 'tasks', 'run', 'ex_1_data_ingestion_gcs_dag', 'format_to_parquet_task', 'scheduled__2019-11-01T00:00:00+00:00', '--job-id', '155', '--raw', '--subdir', 'DAGS_FOLDER/data_ingestion_hw_1_ex.py', '--cfg-path', '/tmp/tmpjpw_f9lw', '--error-file', '/tmp/tmpeukitxwm']
[2022-02-02 13:45:46,829] {standard_task_runner.py:77} INFO - Job 155: Subtask format_to_parquet_task
[2022-02-02 13:45:48,036] {logging_mixin.py:109} INFO - Running <TaskInstance: ex_1_data_ingestion_gcs_dag.format_to_parquet_task scheduled__2019-11-01T00:00:00+00:00 [running]> on host 700aeb16bae0
[2022-02-02 13:45:48,696] {warnings.py:110} WARNING - /home/***/.local/lib/python3.7/site-packages/***/utils/context.py:152: AirflowContextDeprecationWarning: Accessing 'execution_date' from the template is deprecated and will be removed in a future version. Please use 'data_interval_start' or 'logical_date' instead.
  warnings.warn(_create_deprecation_warning(key, self._deprecation_replacements[key]))

[2022-02-02 13:45:48,861] {taskinstance.py:1426} INFO - Exporting the following env vars:
AIRFLOW_CTX_DAG_OWNER=***
AIRFLOW_CTX_DAG_ID=ex_1_data_ingestion_gcs_dag
AIRFLOW_CTX_TASK_ID=format_to_parquet_task
AIRFLOW_CTX_EXECUTION_DATE=2019-11-01T00:00:00+00:00
AIRFLOW_CTX_DAG_RUN_ID=scheduled__2019-11-01T00:00:00+00:00
[2022-02-02 13:46:27,117] {local_task_job.py:154} INFO - Task exited with return code Negsignal.SIGKILL
[2022-02-02 13:46:27,806] {taskinstance.py:1277} INFO - Marking task as FAILED. dag_id=ex_1_data_ingestion_gcs_dag, task_id=format_to_parquet_task, execution_date=20191101T000000, start_date=20220202T134546, end_date=20220202T134627
[2022-02-02 13:46:29,142] {local_task_job.py:264} INFO - 0 downstream tasks scheduled from follow-on schedule check
