[2022-02-03 15:41:58,709] {taskinstance.py:1032} INFO - Dependencies all met for <TaskInstance: FHV_data_ingestion_gcs_dag.local_to_gcs_task scheduled__2019-07-01T00:00:00+00:00 [queued]>
[2022-02-03 15:41:58,723] {taskinstance.py:1032} INFO - Dependencies all met for <TaskInstance: FHV_data_ingestion_gcs_dag.local_to_gcs_task scheduled__2019-07-01T00:00:00+00:00 [queued]>
[2022-02-03 15:41:58,724] {taskinstance.py:1238} INFO - 
--------------------------------------------------------------------------------
[2022-02-03 15:41:58,725] {taskinstance.py:1239} INFO - Starting attempt 2 of 2
[2022-02-03 15:41:58,725] {taskinstance.py:1240} INFO - 
--------------------------------------------------------------------------------
[2022-02-03 15:41:58,738] {taskinstance.py:1259} INFO - Executing <Task(PythonOperator): local_to_gcs_task> on 2019-07-01 00:00:00+00:00
[2022-02-03 15:41:58,744] {standard_task_runner.py:52} INFO - Started process 4766 to run task
[2022-02-03 15:41:58,749] {standard_task_runner.py:76} INFO - Running: ['***', 'tasks', 'run', 'FHV_data_ingestion_gcs_dag', 'local_to_gcs_task', 'scheduled__2019-07-01T00:00:00+00:00', '--job-id', '629', '--raw', '--subdir', 'DAGS_FOLDER/FHV_injection_dag.py', '--cfg-path', '/tmp/tmpr_t872vm', '--error-file', '/tmp/tmpslejt0q4']
[2022-02-03 15:41:58,750] {standard_task_runner.py:77} INFO - Job 629: Subtask local_to_gcs_task
[2022-02-03 15:41:58,814] {logging_mixin.py:109} INFO - Running <TaskInstance: FHV_data_ingestion_gcs_dag.local_to_gcs_task scheduled__2019-07-01T00:00:00+00:00 [running]> on host 700aeb16bae0
[2022-02-03 15:41:58,865] {warnings.py:110} WARNING - /home/***/.local/lib/python3.7/site-packages/***/utils/context.py:152: AirflowContextDeprecationWarning: Accessing 'execution_date' from the template is deprecated and will be removed in a future version. Please use 'data_interval_start' or 'logical_date' instead.
  warnings.warn(_create_deprecation_warning(key, self._deprecation_replacements[key]))

[2022-02-03 15:41:58,897] {taskinstance.py:1426} INFO - Exporting the following env vars:
AIRFLOW_CTX_DAG_OWNER=***
AIRFLOW_CTX_DAG_ID=FHV_data_ingestion_gcs_dag
AIRFLOW_CTX_TASK_ID=local_to_gcs_task
AIRFLOW_CTX_EXECUTION_DATE=2019-07-01T00:00:00+00:00
AIRFLOW_CTX_DAG_RUN_ID=scheduled__2019-07-01T00:00:00+00:00
[2022-02-03 15:42:03,066] {python.py:175} INFO - Done. Returned value was: None
[2022-02-03 15:42:03,093] {taskinstance.py:1277} INFO - Marking task as SUCCESS. dag_id=FHV_data_ingestion_gcs_dag, task_id=local_to_gcs_task, execution_date=20190701T000000, start_date=20220203T154158, end_date=20220203T154203
[2022-02-03 15:42:03,154] {local_task_job.py:154} INFO - Task exited with return code 0
[2022-02-03 15:42:03,198] {local_task_job.py:264} INFO - 0 downstream tasks scheduled from follow-on schedule check
