[2022-02-12 12:33:35,937] {taskinstance.py:1032} INFO - Dependencies all met for <TaskInstance: fhv_data_2_gcs_dag.gcs_2_gcs_task manual__2022-02-12T12:33:24.919844+00:00 [queued]>
[2022-02-12 12:33:35,960] {taskinstance.py:1032} INFO - Dependencies all met for <TaskInstance: fhv_data_2_gcs_dag.gcs_2_gcs_task manual__2022-02-12T12:33:24.919844+00:00 [queued]>
[2022-02-12 12:33:35,961] {taskinstance.py:1238} INFO - 
--------------------------------------------------------------------------------
[2022-02-12 12:33:35,963] {taskinstance.py:1239} INFO - Starting attempt 1 of 2
[2022-02-12 12:33:35,965] {taskinstance.py:1240} INFO - 
--------------------------------------------------------------------------------
[2022-02-12 12:33:35,988] {taskinstance.py:1259} INFO - Executing <Task(GCSToGCSOperator): gcs_2_gcs_task> on 2022-02-12 12:33:24.919844+00:00
[2022-02-12 12:33:35,997] {standard_task_runner.py:52} INFO - Started process 100 to run task
[2022-02-12 12:33:36,006] {standard_task_runner.py:76} INFO - Running: ['***', 'tasks', 'run', 'fhv_data_2_gcs_dag', 'gcs_2_gcs_task', 'manual__2022-02-12T12:33:24.919844+00:00', '--job-id', '1055', '--raw', '--subdir', 'DAGS_FOLDER/fhv_data_2_gcs_dag.py', '--cfg-path', '/tmp/tmp9bd76rqs', '--error-file', '/tmp/tmp8qrnrc45']
[2022-02-12 12:33:36,009] {standard_task_runner.py:77} INFO - Job 1055: Subtask gcs_2_gcs_task
[2022-02-12 12:33:36,154] {logging_mixin.py:109} INFO - Running <TaskInstance: fhv_data_2_gcs_dag.gcs_2_gcs_task manual__2022-02-12T12:33:24.919844+00:00 [running]> on host 853fb9201673
[2022-02-12 12:33:36,272] {taskinstance.py:1426} INFO - Exporting the following env vars:
AIRFLOW_CTX_DAG_OWNER=***
AIRFLOW_CTX_DAG_ID=fhv_data_2_gcs_dag
AIRFLOW_CTX_TASK_ID=gcs_2_gcs_task
AIRFLOW_CTX_EXECUTION_DATE=2022-02-12T12:33:24.919844+00:00
AIRFLOW_CTX_DAG_RUN_ID=manual__2022-02-12T12:33:24.919844+00:00
[2022-02-12 12:33:36,279] {crypto.py:82} WARNING - empty cryptography key - values will not be stored encrypted.
[2022-02-12 12:33:36,282] {gcs_to_gcs.py:346} INFO - Delimiter ignored because wildcard is in prefix
[2022-02-12 12:33:36,691] {gcs_to_gcs.py:431} INFO - Executing copy of gs://dtc_data_lake_vaulted-art-339212/raw/fhv_tripdata_2019-07.csv to gs://dtc_data_lake_vaulted-art-339212/fhv/fhv_tripdata_2019-07.csv
[2022-02-12 12:33:37,047] {gcs.py:251} INFO - Total Bytes: 108520644 | Bytes Written: 108520644
[2022-02-12 12:33:37,048] {gcs.py:264} INFO - Object raw/fhv_tripdata_2019-07.csv in bucket dtc_data_lake_vaulted-art-339212 rewritten to object fhv/fhv_tripdata_2019-07.csv in bucket dtc_data_lake_vaulted-art-339212
[2022-02-12 12:33:37,050] {gcs_to_gcs.py:431} INFO - Executing copy of gs://dtc_data_lake_vaulted-art-339212/raw/fhv_tripdata_2019-09.csv to gs://dtc_data_lake_vaulted-art-339212/fhv/fhv_tripdata_2019-09.csv
[2022-02-12 12:33:37,406] {gcs.py:251} INFO - Total Bytes: 58838964 | Bytes Written: 58838964
[2022-02-12 12:33:37,408] {gcs.py:264} INFO - Object raw/fhv_tripdata_2019-09.csv in bucket dtc_data_lake_vaulted-art-339212 rewritten to object fhv/fhv_tripdata_2019-09.csv in bucket dtc_data_lake_vaulted-art-339212
[2022-02-12 12:33:37,409] {gcs_to_gcs.py:431} INFO - Executing copy of gs://dtc_data_lake_vaulted-art-339212/raw/fhv_tripdata_2019-11.csv to gs://dtc_data_lake_vaulted-art-339212/fhv/fhv_tripdata_2019-11.csv
[2022-02-12 12:33:37,771] {gcs.py:251} INFO - Total Bytes: 92765260 | Bytes Written: 92765260
[2022-02-12 12:33:37,787] {gcs.py:264} INFO - Object raw/fhv_tripdata_2019-11.csv in bucket dtc_data_lake_vaulted-art-339212 rewritten to object fhv/fhv_tripdata_2019-11.csv in bucket dtc_data_lake_vaulted-art-339212
[2022-02-12 12:33:37,793] {gcs_to_gcs.py:431} INFO - Executing copy of gs://dtc_data_lake_vaulted-art-339212/raw/fhv_tripdata_2019-02.csv to gs://dtc_data_lake_vaulted-art-339212/fhv/fhv_tripdata_2019-02.csv
[2022-02-12 12:33:38,162] {gcs.py:251} INFO - Total Bytes: 97117784 | Bytes Written: 97117784
[2022-02-12 12:33:38,163] {gcs.py:264} INFO - Object raw/fhv_tripdata_2019-02.csv in bucket dtc_data_lake_vaulted-art-339212 rewritten to object fhv/fhv_tripdata_2019-02.csv in bucket dtc_data_lake_vaulted-art-339212
[2022-02-12 12:33:38,166] {gcs_to_gcs.py:431} INFO - Executing copy of gs://dtc_data_lake_vaulted-art-339212/raw/fhv_tripdata_2019-08.csv to gs://dtc_data_lake_vaulted-art-339212/fhv/fhv_tripdata_2019-08.csv
[2022-02-12 12:33:38,521] {gcs.py:251} INFO - Total Bytes: 104016725 | Bytes Written: 104016725
[2022-02-12 12:33:38,522] {gcs.py:264} INFO - Object raw/fhv_tripdata_2019-08.csv in bucket dtc_data_lake_vaulted-art-339212 rewritten to object fhv/fhv_tripdata_2019-08.csv in bucket dtc_data_lake_vaulted-art-339212
[2022-02-12 12:33:38,524] {gcs_to_gcs.py:431} INFO - Executing copy of gs://dtc_data_lake_vaulted-art-339212/raw/fhv_tripdata_2019-06.csv to gs://dtc_data_lake_vaulted-art-339212/fhv/fhv_tripdata_2019-06.csv
[2022-02-12 12:33:38,875] {gcs.py:251} INFO - Total Bytes: 111937857 | Bytes Written: 111937857
[2022-02-12 12:33:38,877] {gcs.py:264} INFO - Object raw/fhv_tripdata_2019-06.csv in bucket dtc_data_lake_vaulted-art-339212 rewritten to object fhv/fhv_tripdata_2019-06.csv in bucket dtc_data_lake_vaulted-art-339212
[2022-02-12 12:33:38,878] {gcs_to_gcs.py:431} INFO - Executing copy of gs://dtc_data_lake_vaulted-art-339212/raw/fhv_tripdata_2019-10.csv to gs://dtc_data_lake_vaulted-art-339212/fhv/fhv_tripdata_2019-10.csv
[2022-02-12 12:33:39,247] {gcs.py:251} INFO - Total Bytes: 102789732 | Bytes Written: 102789732
[2022-02-12 12:33:39,249] {gcs.py:264} INFO - Object raw/fhv_tripdata_2019-10.csv in bucket dtc_data_lake_vaulted-art-339212 rewritten to object fhv/fhv_tripdata_2019-10.csv in bucket dtc_data_lake_vaulted-art-339212
[2022-02-12 12:33:39,251] {gcs_to_gcs.py:431} INFO - Executing copy of gs://dtc_data_lake_vaulted-art-339212/raw/fhv_tripdata_2019-04.csv to gs://dtc_data_lake_vaulted-art-339212/fhv/fhv_tripdata_2019-04.csv
[2022-02-12 12:33:39,615] {gcs.py:251} INFO - Total Bytes: 108555126 | Bytes Written: 108555126
[2022-02-12 12:33:39,617] {gcs.py:264} INFO - Object raw/fhv_tripdata_2019-04.csv in bucket dtc_data_lake_vaulted-art-339212 rewritten to object fhv/fhv_tripdata_2019-04.csv in bucket dtc_data_lake_vaulted-art-339212
[2022-02-12 12:33:39,624] {gcs_to_gcs.py:431} INFO - Executing copy of gs://dtc_data_lake_vaulted-art-339212/raw/fhv_tripdata_2019-12.csv to gs://dtc_data_lake_vaulted-art-339212/fhv/fhv_tripdata_2019-12.csv
[2022-02-12 12:33:39,978] {gcs.py:251} INFO - Total Bytes: 99542630 | Bytes Written: 99542630
[2022-02-12 12:33:39,981] {gcs.py:264} INFO - Object raw/fhv_tripdata_2019-12.csv in bucket dtc_data_lake_vaulted-art-339212 rewritten to object fhv/fhv_tripdata_2019-12.csv in bucket dtc_data_lake_vaulted-art-339212
[2022-02-12 12:33:39,982] {gcs_to_gcs.py:431} INFO - Executing copy of gs://dtc_data_lake_vaulted-art-339212/raw/fhv_tripdata_2019-01.csv to gs://dtc_data_lake_vaulted-art-339212/fhv/fhv_tripdata_2019-01.csv
[2022-02-12 12:33:40,430] {gcs.py:251} INFO - Total Bytes: 1301971512 | Bytes Written: 1301971512
[2022-02-12 12:33:40,433] {gcs.py:264} INFO - Object raw/fhv_tripdata_2019-01.csv in bucket dtc_data_lake_vaulted-art-339212 rewritten to object fhv/fhv_tripdata_2019-01.csv in bucket dtc_data_lake_vaulted-art-339212
[2022-02-12 12:33:40,436] {gcs_to_gcs.py:431} INFO - Executing copy of gs://dtc_data_lake_vaulted-art-339212/raw/fhv_tripdata_2019-05.csv to gs://dtc_data_lake_vaulted-art-339212/fhv/fhv_tripdata_2019-05.csv
[2022-02-12 12:33:40,801] {gcs.py:251} INFO - Total Bytes: 116105375 | Bytes Written: 116105375
[2022-02-12 12:33:40,806] {gcs.py:264} INFO - Object raw/fhv_tripdata_2019-05.csv in bucket dtc_data_lake_vaulted-art-339212 rewritten to object fhv/fhv_tripdata_2019-05.csv in bucket dtc_data_lake_vaulted-art-339212
[2022-02-12 12:33:40,808] {gcs_to_gcs.py:431} INFO - Executing copy of gs://dtc_data_lake_vaulted-art-339212/raw/fhv_tripdata_2019-03.csv to gs://dtc_data_lake_vaulted-art-339212/fhv/fhv_tripdata_2019-03.csv
[2022-02-12 12:33:41,163] {gcs.py:251} INFO - Total Bytes: 75662300 | Bytes Written: 75662300
[2022-02-12 12:33:41,165] {gcs.py:264} INFO - Object raw/fhv_tripdata_2019-03.csv in bucket dtc_data_lake_vaulted-art-339212 rewritten to object fhv/fhv_tripdata_2019-03.csv in bucket dtc_data_lake_vaulted-art-339212
[2022-02-12 12:33:41,185] {taskinstance.py:1277} INFO - Marking task as SUCCESS. dag_id=fhv_data_2_gcs_dag, task_id=gcs_2_gcs_task, execution_date=20220212T123324, start_date=20220212T123335, end_date=20220212T123341
[2022-02-12 12:33:41,234] {local_task_job.py:154} INFO - Task exited with return code 0
[2022-02-12 12:33:41,319] {local_task_job.py:264} INFO - 1 downstream tasks scheduled from follow-on schedule check
