[2022-02-02 13:30:36,852] {taskinstance.py:1032} INFO - Dependencies all met for <TaskInstance: hw_data_ingestion_gcs_dag.local_to_gcs_task scheduled__2022-01-01T00:00:00+00:00 [queued]>
[2022-02-02 13:30:36,864] {taskinstance.py:1032} INFO - Dependencies all met for <TaskInstance: hw_data_ingestion_gcs_dag.local_to_gcs_task scheduled__2022-01-01T00:00:00+00:00 [queued]>
[2022-02-02 13:30:36,865] {taskinstance.py:1238} INFO - 
--------------------------------------------------------------------------------
[2022-02-02 13:30:36,866] {taskinstance.py:1239} INFO - Starting attempt 2 of 2
[2022-02-02 13:30:36,866] {taskinstance.py:1240} INFO - 
--------------------------------------------------------------------------------
[2022-02-02 13:30:36,881] {taskinstance.py:1259} INFO - Executing <Task(PythonOperator): local_to_gcs_task> on 2022-01-01 00:00:00+00:00
[2022-02-02 13:30:36,887] {standard_task_runner.py:52} INFO - Started process 615 to run task
[2022-02-02 13:30:36,892] {standard_task_runner.py:76} INFO - Running: ['***', 'tasks', 'run', 'hw_data_ingestion_gcs_dag', 'local_to_gcs_task', 'scheduled__2022-01-01T00:00:00+00:00', '--job-id', '107', '--raw', '--subdir', 'DAGS_FOLDER/data_ingestion_hw_1_ex.py', '--cfg-path', '/tmp/tmphiz0zbii', '--error-file', '/tmp/tmpf7l93qwe']
[2022-02-02 13:30:36,894] {standard_task_runner.py:77} INFO - Job 107: Subtask local_to_gcs_task
[2022-02-02 13:30:36,974] {logging_mixin.py:109} INFO - Running <TaskInstance: hw_data_ingestion_gcs_dag.local_to_gcs_task scheduled__2022-01-01T00:00:00+00:00 [running]> on host 700aeb16bae0
[2022-02-02 13:30:37,018] {warnings.py:110} WARNING - /home/***/.local/lib/python3.7/site-packages/***/utils/context.py:152: AirflowContextDeprecationWarning: Accessing 'execution_date' from the template is deprecated and will be removed in a future version. Please use 'data_interval_start' or 'logical_date' instead.
  warnings.warn(_create_deprecation_warning(key, self._deprecation_replacements[key]))

[2022-02-02 13:30:37,050] {taskinstance.py:1426} INFO - Exporting the following env vars:
AIRFLOW_CTX_DAG_OWNER=***
AIRFLOW_CTX_DAG_ID=hw_data_ingestion_gcs_dag
AIRFLOW_CTX_TASK_ID=local_to_gcs_task
AIRFLOW_CTX_EXECUTION_DATE=2022-01-01T00:00:00+00:00
AIRFLOW_CTX_DAG_RUN_ID=scheduled__2022-01-01T00:00:00+00:00
[2022-02-02 13:30:37,341] {python.py:175} INFO - Done. Returned value was: None
[2022-02-02 13:30:37,357] {taskinstance.py:1277} INFO - Marking task as SUCCESS. dag_id=hw_data_ingestion_gcs_dag, task_id=local_to_gcs_task, execution_date=20220101T000000, start_date=20220202T133036, end_date=20220202T133037
[2022-02-02 13:30:37,427] {local_task_job.py:154} INFO - Task exited with return code 0
[2022-02-02 13:30:37,468] {local_task_job.py:264} INFO - 0 downstream tasks scheduled from follow-on schedule check
