[2022-02-02 18:44:53,766] {taskinstance.py:1032} INFO - Dependencies all met for <TaskInstance: ex_1_data_ingestion_gcs_dag_v3.download_dataset_task scheduled__2020-02-01T00:00:00+00:00 [queued]>
[2022-02-02 18:44:53,785] {taskinstance.py:1032} INFO - Dependencies all met for <TaskInstance: ex_1_data_ingestion_gcs_dag_v3.download_dataset_task scheduled__2020-02-01T00:00:00+00:00 [queued]>
[2022-02-02 18:44:53,788] {taskinstance.py:1238} INFO - 
--------------------------------------------------------------------------------
[2022-02-02 18:44:53,789] {taskinstance.py:1239} INFO - Starting attempt 1 of 1
[2022-02-02 18:44:53,790] {taskinstance.py:1240} INFO - 
--------------------------------------------------------------------------------
[2022-02-02 18:44:53,809] {taskinstance.py:1259} INFO - Executing <Task(BashOperator): download_dataset_task> on 2020-02-01 00:00:00+00:00
[2022-02-02 18:44:53,820] {standard_task_runner.py:52} INFO - Started process 10251 to run task
[2022-02-02 18:44:53,827] {standard_task_runner.py:76} INFO - Running: ['***', 'tasks', 'run', 'ex_1_data_ingestion_gcs_dag_v3', 'download_dataset_task', 'scheduled__2020-02-01T00:00:00+00:00', '--job-id', '341', '--raw', '--subdir', 'DAGS_FOLDER/data_ingestion_hw_1_ex.py', '--cfg-path', '/tmp/tmpoecc5r5h', '--error-file', '/tmp/tmpumlnl0uz']
[2022-02-02 18:44:53,830] {standard_task_runner.py:77} INFO - Job 341: Subtask download_dataset_task
[2022-02-02 18:44:53,906] {logging_mixin.py:109} INFO - Running <TaskInstance: ex_1_data_ingestion_gcs_dag_v3.download_dataset_task scheduled__2020-02-01T00:00:00+00:00 [running]> on host 700aeb16bae0
[2022-02-02 18:44:53,952] {warnings.py:110} WARNING - /home/***/.local/lib/python3.7/site-packages/***/utils/context.py:152: AirflowContextDeprecationWarning: Accessing 'execution_date' from the template is deprecated and will be removed in a future version. Please use 'data_interval_start' or 'logical_date' instead.
  warnings.warn(_create_deprecation_warning(key, self._deprecation_replacements[key]))

[2022-02-02 18:44:53,980] {taskinstance.py:1426} INFO - Exporting the following env vars:
AIRFLOW_CTX_DAG_OWNER=***
AIRFLOW_CTX_DAG_ID=ex_1_data_ingestion_gcs_dag_v3
AIRFLOW_CTX_TASK_ID=download_dataset_task
AIRFLOW_CTX_EXECUTION_DATE=2020-02-01T00:00:00+00:00
AIRFLOW_CTX_DAG_RUN_ID=scheduled__2020-02-01T00:00:00+00:00
[2022-02-02 18:44:53,982] {subprocess.py:62} INFO - Tmp dir root location: 
 /tmp
[2022-02-02 18:44:53,984] {subprocess.py:74} INFO - Running command: ['bash', '-c', 'curl -sS https://s3.amazonaws.com/nyc-tlc/trip+data/yellow_tripdata_2020-02.csv > /opt/***/yellow_tripdata_2020-02.csv']
[2022-02-02 18:44:54,003] {subprocess.py:85} INFO - Output:
[2022-02-02 18:48:30,626] {subprocess.py:93} INFO - Command exited with return code 0
[2022-02-02 18:48:30,669] {taskinstance.py:1277} INFO - Marking task as SUCCESS. dag_id=ex_1_data_ingestion_gcs_dag_v3, task_id=download_dataset_task, execution_date=20200201T000000, start_date=20220202T184453, end_date=20220202T184830
[2022-02-02 18:48:30,724] {local_task_job.py:154} INFO - Task exited with return code 0
[2022-02-02 18:48:30,777] {local_task_job.py:264} INFO - 1 downstream tasks scheduled from follow-on schedule check
[2022-02-10 13:17:58,787] {taskinstance.py:1032} INFO - Dependencies all met for <TaskInstance: ex_1_data_ingestion_gcs_dag_v3.download_dataset_task scheduled__2020-02-01T00:00:00+00:00 [queued]>
[2022-02-10 13:17:58,803] {taskinstance.py:1032} INFO - Dependencies all met for <TaskInstance: ex_1_data_ingestion_gcs_dag_v3.download_dataset_task scheduled__2020-02-01T00:00:00+00:00 [queued]>
[2022-02-10 13:17:58,805] {taskinstance.py:1238} INFO - 
--------------------------------------------------------------------------------
[2022-02-10 13:17:58,806] {taskinstance.py:1239} INFO - Starting attempt 1 of 1
[2022-02-10 13:17:58,807] {taskinstance.py:1240} INFO - 
--------------------------------------------------------------------------------
[2022-02-10 13:17:58,818] {taskinstance.py:1259} INFO - Executing <Task(BashOperator): download_dataset_task> on 2020-02-01 00:00:00+00:00
[2022-02-10 13:17:58,825] {standard_task_runner.py:52} INFO - Started process 2261 to run task
[2022-02-10 13:17:58,829] {standard_task_runner.py:76} INFO - Running: ['***', 'tasks', 'run', 'ex_1_data_ingestion_gcs_dag_v3', 'download_dataset_task', 'scheduled__2020-02-01T00:00:00+00:00', '--job-id', '699', '--raw', '--subdir', 'DAGS_FOLDER/data_ingestion_hw_1_ex.py', '--cfg-path', '/tmp/tmpe_hnu_ok', '--error-file', '/tmp/tmpqzmn26o_']
[2022-02-10 13:17:58,831] {standard_task_runner.py:77} INFO - Job 699: Subtask download_dataset_task
[2022-02-10 13:17:58,901] {logging_mixin.py:109} INFO - Running <TaskInstance: ex_1_data_ingestion_gcs_dag_v3.download_dataset_task scheduled__2020-02-01T00:00:00+00:00 [running]> on host e30f201fae61
[2022-02-10 13:17:58,944] {warnings.py:110} WARNING - /home/***/.local/lib/python3.7/site-packages/***/utils/context.py:152: AirflowContextDeprecationWarning: Accessing 'execution_date' from the template is deprecated and will be removed in a future version. Please use 'data_interval_start' or 'logical_date' instead.
  warnings.warn(_create_deprecation_warning(key, self._deprecation_replacements[key]))

[2022-02-10 13:17:58,979] {taskinstance.py:1426} INFO - Exporting the following env vars:
AIRFLOW_CTX_DAG_OWNER=***
AIRFLOW_CTX_DAG_ID=ex_1_data_ingestion_gcs_dag_v3
AIRFLOW_CTX_TASK_ID=download_dataset_task
AIRFLOW_CTX_EXECUTION_DATE=2020-02-01T00:00:00+00:00
AIRFLOW_CTX_DAG_RUN_ID=scheduled__2020-02-01T00:00:00+00:00
[2022-02-10 13:17:58,981] {subprocess.py:62} INFO - Tmp dir root location: 
 /tmp
[2022-02-10 13:17:58,982] {subprocess.py:74} INFO - Running command: ['bash', '-c', 'curl -sS https://s3.amazonaws.com/nyc-tlc/trip+data/yellow_tripdata_2020-02.csv > /opt/***/yellow_tripdata_2020-02.csv']
[2022-02-10 13:17:58,997] {subprocess.py:85} INFO - Output:
[2022-02-10 13:19:06,488] {subprocess.py:93} INFO - Command exited with return code 0
[2022-02-10 13:19:06,527] {taskinstance.py:1277} INFO - Marking task as SUCCESS. dag_id=ex_1_data_ingestion_gcs_dag_v3, task_id=download_dataset_task, execution_date=20200201T000000, start_date=20220210T131758, end_date=20220210T131906
[2022-02-10 13:19:06,586] {local_task_job.py:154} INFO - Task exited with return code 0
[2022-02-10 13:19:06,631] {local_task_job.py:264} INFO - 1 downstream tasks scheduled from follow-on schedule check
[2022-02-10 15:39:10,770] {taskinstance.py:1032} INFO - Dependencies all met for <TaskInstance: ex_1_data_ingestion_gcs_dag_v3.download_dataset_task scheduled__2020-02-01T00:00:00+00:00 [queued]>
[2022-02-10 15:39:10,788] {taskinstance.py:1032} INFO - Dependencies all met for <TaskInstance: ex_1_data_ingestion_gcs_dag_v3.download_dataset_task scheduled__2020-02-01T00:00:00+00:00 [queued]>
[2022-02-10 15:39:10,789] {taskinstance.py:1238} INFO - 
--------------------------------------------------------------------------------
[2022-02-10 15:39:10,790] {taskinstance.py:1239} INFO - Starting attempt 1 of 1
[2022-02-10 15:39:10,792] {taskinstance.py:1240} INFO - 
--------------------------------------------------------------------------------
[2022-02-10 15:39:10,811] {taskinstance.py:1259} INFO - Executing <Task(BashOperator): download_dataset_task> on 2020-02-01 00:00:00+00:00
[2022-02-10 15:39:10,821] {standard_task_runner.py:52} INFO - Started process 731 to run task
[2022-02-10 15:39:10,833] {standard_task_runner.py:76} INFO - Running: ['***', 'tasks', 'run', 'ex_1_data_ingestion_gcs_dag_v3', 'download_dataset_task', 'scheduled__2020-02-01T00:00:00+00:00', '--job-id', '820', '--raw', '--subdir', 'DAGS_FOLDER/data_ingestion_hw_1_ex.py', '--cfg-path', '/tmp/tmpts49llji', '--error-file', '/tmp/tmpm4jkoo3o']
[2022-02-10 15:39:10,836] {standard_task_runner.py:77} INFO - Job 820: Subtask download_dataset_task
[2022-02-10 15:39:10,958] {logging_mixin.py:109} INFO - Running <TaskInstance: ex_1_data_ingestion_gcs_dag_v3.download_dataset_task scheduled__2020-02-01T00:00:00+00:00 [running]> on host 276a0ad90304
[2022-02-10 15:39:11,033] {warnings.py:110} WARNING - /home/***/.local/lib/python3.7/site-packages/***/utils/context.py:152: AirflowContextDeprecationWarning: Accessing 'execution_date' from the template is deprecated and will be removed in a future version. Please use 'data_interval_start' or 'logical_date' instead.
  warnings.warn(_create_deprecation_warning(key, self._deprecation_replacements[key]))

[2022-02-10 15:39:11,092] {taskinstance.py:1426} INFO - Exporting the following env vars:
AIRFLOW_CTX_DAG_OWNER=***
AIRFLOW_CTX_DAG_ID=ex_1_data_ingestion_gcs_dag_v3
AIRFLOW_CTX_TASK_ID=download_dataset_task
AIRFLOW_CTX_EXECUTION_DATE=2020-02-01T00:00:00+00:00
AIRFLOW_CTX_DAG_RUN_ID=scheduled__2020-02-01T00:00:00+00:00
[2022-02-10 15:39:11,096] {subprocess.py:62} INFO - Tmp dir root location: 
 /tmp
[2022-02-10 15:39:11,098] {subprocess.py:74} INFO - Running command: ['bash', '-c', 'curl -sS https://s3.amazonaws.com/nyc-tlc/trip+data/yellow_tripdata_2020-02.csv > /opt/***/yellow_tripdata_2020-02.csv']
[2022-02-10 15:39:11,123] {subprocess.py:85} INFO - Output:
[2022-02-10 15:39:55,384] {subprocess.py:93} INFO - Command exited with return code 0
[2022-02-10 15:39:55,605] {taskinstance.py:1277} INFO - Marking task as SUCCESS. dag_id=ex_1_data_ingestion_gcs_dag_v3, task_id=download_dataset_task, execution_date=20200201T000000, start_date=20220210T153910, end_date=20220210T153955
[2022-02-10 15:39:56,024] {local_task_job.py:154} INFO - Task exited with return code 0
[2022-02-10 15:39:56,399] {local_task_job.py:264} INFO - 1 downstream tasks scheduled from follow-on schedule check
[2022-02-10 16:39:43,230] {taskinstance.py:1032} INFO - Dependencies all met for <TaskInstance: ex_1_data_ingestion_gcs_dag_v3.download_dataset_task scheduled__2020-02-01T00:00:00+00:00 [queued]>
[2022-02-10 16:39:43,273] {taskinstance.py:1032} INFO - Dependencies all met for <TaskInstance: ex_1_data_ingestion_gcs_dag_v3.download_dataset_task scheduled__2020-02-01T00:00:00+00:00 [queued]>
[2022-02-10 16:39:43,275] {taskinstance.py:1238} INFO - 
--------------------------------------------------------------------------------
[2022-02-10 16:39:43,278] {taskinstance.py:1239} INFO - Starting attempt 1 of 1
[2022-02-10 16:39:43,279] {taskinstance.py:1240} INFO - 
--------------------------------------------------------------------------------
[2022-02-10 16:39:43,319] {taskinstance.py:1259} INFO - Executing <Task(BashOperator): download_dataset_task> on 2020-02-01 00:00:00+00:00
[2022-02-10 16:39:43,333] {standard_task_runner.py:52} INFO - Started process 656 to run task
[2022-02-10 16:39:43,352] {standard_task_runner.py:76} INFO - Running: ['***', 'tasks', 'run', 'ex_1_data_ingestion_gcs_dag_v3', 'download_dataset_task', 'scheduled__2020-02-01T00:00:00+00:00', '--job-id', '952', '--raw', '--subdir', 'DAGS_FOLDER/data_ingestion_hw_1_ex.py', '--cfg-path', '/tmp/tmpfllamg0x', '--error-file', '/tmp/tmpsubetw8v']
[2022-02-10 16:39:43,356] {standard_task_runner.py:77} INFO - Job 952: Subtask download_dataset_task
[2022-02-10 16:39:43,577] {logging_mixin.py:109} INFO - Running <TaskInstance: ex_1_data_ingestion_gcs_dag_v3.download_dataset_task scheduled__2020-02-01T00:00:00+00:00 [running]> on host 106a34111faf
[2022-02-10 16:39:43,687] {warnings.py:110} WARNING - /home/***/.local/lib/python3.7/site-packages/***/utils/context.py:152: AirflowContextDeprecationWarning: Accessing 'execution_date' from the template is deprecated and will be removed in a future version. Please use 'data_interval_start' or 'logical_date' instead.
  warnings.warn(_create_deprecation_warning(key, self._deprecation_replacements[key]))

[2022-02-10 16:39:43,769] {taskinstance.py:1426} INFO - Exporting the following env vars:
AIRFLOW_CTX_DAG_OWNER=***
AIRFLOW_CTX_DAG_ID=ex_1_data_ingestion_gcs_dag_v3
AIRFLOW_CTX_TASK_ID=download_dataset_task
AIRFLOW_CTX_EXECUTION_DATE=2020-02-01T00:00:00+00:00
AIRFLOW_CTX_DAG_RUN_ID=scheduled__2020-02-01T00:00:00+00:00
[2022-02-10 16:39:43,773] {subprocess.py:62} INFO - Tmp dir root location: 
 /tmp
[2022-02-10 16:39:43,776] {subprocess.py:74} INFO - Running command: ['bash', '-c', 'curl -sS https://s3.amazonaws.com/nyc-tlc/trip+data/yellow_tripdata_2020-02.csv > /opt/***/yellow_tripdata_2020-02.csv']
[2022-02-10 16:39:43,818] {subprocess.py:85} INFO - Output:
[2022-02-10 16:40:21,640] {subprocess.py:93} INFO - Command exited with return code 0
[2022-02-10 16:40:21,698] {taskinstance.py:1277} INFO - Marking task as SUCCESS. dag_id=ex_1_data_ingestion_gcs_dag_v3, task_id=download_dataset_task, execution_date=20200201T000000, start_date=20220210T163943, end_date=20220210T164021
[2022-02-10 16:40:21,751] {local_task_job.py:154} INFO - Task exited with return code 0
[2022-02-10 16:40:21,814] {local_task_job.py:264} INFO - 1 downstream tasks scheduled from follow-on schedule check
