[2022-02-12 11:01:30,960] {processor.py:163} INFO - Started process (PID=50) to work on /opt/airflow/dags/FHV_injection_dag.py
[2022-02-12 11:01:30,965] {processor.py:642} INFO - Processing file /opt/airflow/dags/FHV_injection_dag.py for tasks to queue
[2022-02-12 11:01:30,968] {logging_mixin.py:109} INFO - [2022-02-12 11:01:30,967] {dagbag.py:500} INFO - Filling up the DagBag from /opt/airflow/dags/FHV_injection_dag.py
[2022-02-12 11:01:31,299] {processor.py:654} INFO - DAG(s) dict_keys(['FHV_data_ingestion_gcs_dag']) retrieved from /opt/airflow/dags/FHV_injection_dag.py
[2022-02-12 11:01:31,393] {logging_mixin.py:109} INFO - [2022-02-12 11:01:31,393] {dag.py:2396} INFO - Sync 1 DAGs
[2022-02-12 11:01:31,435] {logging_mixin.py:109} INFO - [2022-02-12 11:01:31,434] {dag.py:2935} INFO - Setting next_dagrun for FHV_data_ingestion_gcs_dag to 2022-02-01T00:00:00+00:00
[2022-02-12 11:01:31,464] {processor.py:171} INFO - Processing /opt/airflow/dags/FHV_injection_dag.py took 0.510 seconds
[2022-02-12 11:02:01,743] {processor.py:163} INFO - Started process (PID=89) to work on /opt/airflow/dags/FHV_injection_dag.py
[2022-02-12 11:02:01,745] {processor.py:642} INFO - Processing file /opt/airflow/dags/FHV_injection_dag.py for tasks to queue
[2022-02-12 11:02:01,747] {logging_mixin.py:109} INFO - [2022-02-12 11:02:01,746] {dagbag.py:500} INFO - Filling up the DagBag from /opt/airflow/dags/FHV_injection_dag.py
[2022-02-12 11:02:01,983] {processor.py:654} INFO - DAG(s) dict_keys(['FHV_data_ingestion_gcs_dag']) retrieved from /opt/airflow/dags/FHV_injection_dag.py
[2022-02-12 11:02:02,076] {logging_mixin.py:109} INFO - [2022-02-12 11:02:02,076] {dag.py:2396} INFO - Sync 1 DAGs
[2022-02-12 11:02:02,096] {logging_mixin.py:109} INFO - [2022-02-12 11:02:02,095] {dag.py:2935} INFO - Setting next_dagrun for FHV_data_ingestion_gcs_dag to 2022-02-01T00:00:00+00:00
[2022-02-12 11:02:02,111] {processor.py:171} INFO - Processing /opt/airflow/dags/FHV_injection_dag.py took 0.371 seconds
[2022-02-12 11:02:32,412] {processor.py:163} INFO - Started process (PID=134) to work on /opt/airflow/dags/FHV_injection_dag.py
[2022-02-12 11:02:32,414] {processor.py:642} INFO - Processing file /opt/airflow/dags/FHV_injection_dag.py for tasks to queue
[2022-02-12 11:02:32,416] {logging_mixin.py:109} INFO - [2022-02-12 11:02:32,416] {dagbag.py:500} INFO - Filling up the DagBag from /opt/airflow/dags/FHV_injection_dag.py
[2022-02-12 11:02:32,695] {processor.py:654} INFO - DAG(s) dict_keys(['FHV_data_ingestion_gcs_dag']) retrieved from /opt/airflow/dags/FHV_injection_dag.py
[2022-02-12 11:02:32,807] {logging_mixin.py:109} INFO - [2022-02-12 11:02:32,806] {dag.py:2396} INFO - Sync 1 DAGs
[2022-02-12 11:02:32,826] {logging_mixin.py:109} INFO - [2022-02-12 11:02:32,826] {dag.py:2935} INFO - Setting next_dagrun for FHV_data_ingestion_gcs_dag to 2022-02-01T00:00:00+00:00
[2022-02-12 11:02:32,836] {processor.py:171} INFO - Processing /opt/airflow/dags/FHV_injection_dag.py took 0.427 seconds
[2022-02-12 11:03:02,952] {processor.py:163} INFO - Started process (PID=178) to work on /opt/airflow/dags/FHV_injection_dag.py
[2022-02-12 11:03:02,955] {processor.py:642} INFO - Processing file /opt/airflow/dags/FHV_injection_dag.py for tasks to queue
[2022-02-12 11:03:02,956] {logging_mixin.py:109} INFO - [2022-02-12 11:03:02,956] {dagbag.py:500} INFO - Filling up the DagBag from /opt/airflow/dags/FHV_injection_dag.py
[2022-02-12 11:03:03,252] {processor.py:654} INFO - DAG(s) dict_keys(['FHV_data_ingestion_gcs_dag']) retrieved from /opt/airflow/dags/FHV_injection_dag.py
[2022-02-12 11:03:03,368] {logging_mixin.py:109} INFO - [2022-02-12 11:03:03,368] {dag.py:2396} INFO - Sync 1 DAGs
[2022-02-12 11:03:03,398] {logging_mixin.py:109} INFO - [2022-02-12 11:03:03,398] {dag.py:2935} INFO - Setting next_dagrun for FHV_data_ingestion_gcs_dag to 2022-02-01T00:00:00+00:00
[2022-02-12 11:03:03,410] {processor.py:171} INFO - Processing /opt/airflow/dags/FHV_injection_dag.py took 0.462 seconds
[2022-02-12 11:03:33,667] {processor.py:163} INFO - Started process (PID=220) to work on /opt/airflow/dags/FHV_injection_dag.py
[2022-02-12 11:03:33,670] {processor.py:642} INFO - Processing file /opt/airflow/dags/FHV_injection_dag.py for tasks to queue
[2022-02-12 11:03:33,673] {logging_mixin.py:109} INFO - [2022-02-12 11:03:33,673] {dagbag.py:500} INFO - Filling up the DagBag from /opt/airflow/dags/FHV_injection_dag.py
[2022-02-12 11:03:34,222] {processor.py:654} INFO - DAG(s) dict_keys(['FHV_data_ingestion_gcs_dag']) retrieved from /opt/airflow/dags/FHV_injection_dag.py
[2022-02-12 11:03:34,235] {logging_mixin.py:109} INFO - [2022-02-12 11:03:34,235] {dag.py:2396} INFO - Sync 1 DAGs
[2022-02-12 11:03:34,257] {logging_mixin.py:109} INFO - [2022-02-12 11:03:34,256] {dag.py:2935} INFO - Setting next_dagrun for FHV_data_ingestion_gcs_dag to 2022-02-01T00:00:00+00:00
[2022-02-12 11:03:34,266] {processor.py:171} INFO - Processing /opt/airflow/dags/FHV_injection_dag.py took 0.604 seconds
