[2022-02-12 11:01:29,633] {processor.py:163} INFO - Started process (PID=41) to work on /opt/airflow/dags/zone_injection_dag.py
[2022-02-12 11:01:29,639] {processor.py:642} INFO - Processing file /opt/airflow/dags/zone_injection_dag.py for tasks to queue
[2022-02-12 11:01:29,644] {logging_mixin.py:109} INFO - [2022-02-12 11:01:29,644] {dagbag.py:500} INFO - Filling up the DagBag from /opt/airflow/dags/zone_injection_dag.py
[2022-02-12 11:01:30,314] {processor.py:654} INFO - DAG(s) dict_keys(['zones_data_ingestion_gcs_dag']) retrieved from /opt/airflow/dags/zone_injection_dag.py
[2022-02-12 11:01:30,840] {logging_mixin.py:109} INFO - [2022-02-12 11:01:30,840] {dag.py:2396} INFO - Sync 1 DAGs
[2022-02-12 11:01:30,873] {logging_mixin.py:109} INFO - [2022-02-12 11:01:30,873] {dag.py:2935} INFO - Setting next_dagrun for zones_data_ingestion_gcs_dag to 2022-02-11T00:00:00+00:00
[2022-02-12 11:01:30,890] {processor.py:171} INFO - Processing /opt/airflow/dags/zone_injection_dag.py took 1.261 seconds
[2022-02-12 11:02:01,369] {processor.py:163} INFO - Started process (PID=80) to work on /opt/airflow/dags/zone_injection_dag.py
[2022-02-12 11:02:01,372] {processor.py:642} INFO - Processing file /opt/airflow/dags/zone_injection_dag.py for tasks to queue
[2022-02-12 11:02:01,373] {logging_mixin.py:109} INFO - [2022-02-12 11:02:01,373] {dagbag.py:500} INFO - Filling up the DagBag from /opt/airflow/dags/zone_injection_dag.py
[2022-02-12 11:02:01,615] {processor.py:654} INFO - DAG(s) dict_keys(['zones_data_ingestion_gcs_dag']) retrieved from /opt/airflow/dags/zone_injection_dag.py
[2022-02-12 11:02:01,694] {logging_mixin.py:109} INFO - [2022-02-12 11:02:01,693] {dag.py:2396} INFO - Sync 1 DAGs
[2022-02-12 11:02:01,707] {logging_mixin.py:109} INFO - [2022-02-12 11:02:01,707] {dag.py:2935} INFO - Setting next_dagrun for zones_data_ingestion_gcs_dag to 2022-02-11T00:00:00+00:00
[2022-02-12 11:02:01,715] {processor.py:171} INFO - Processing /opt/airflow/dags/zone_injection_dag.py took 0.349 seconds
[2022-02-12 11:02:32,032] {processor.py:163} INFO - Started process (PID=128) to work on /opt/airflow/dags/zone_injection_dag.py
[2022-02-12 11:02:32,034] {processor.py:642} INFO - Processing file /opt/airflow/dags/zone_injection_dag.py for tasks to queue
[2022-02-12 11:02:32,036] {logging_mixin.py:109} INFO - [2022-02-12 11:02:32,036] {dagbag.py:500} INFO - Filling up the DagBag from /opt/airflow/dags/zone_injection_dag.py
[2022-02-12 11:02:32,272] {processor.py:654} INFO - DAG(s) dict_keys(['zones_data_ingestion_gcs_dag']) retrieved from /opt/airflow/dags/zone_injection_dag.py
[2022-02-12 11:02:32,360] {logging_mixin.py:109} INFO - [2022-02-12 11:02:32,360] {dag.py:2396} INFO - Sync 1 DAGs
[2022-02-12 11:02:32,374] {logging_mixin.py:109} INFO - [2022-02-12 11:02:32,374] {dag.py:2935} INFO - Setting next_dagrun for zones_data_ingestion_gcs_dag to 2022-02-11T00:00:00+00:00
[2022-02-12 11:02:32,383] {processor.py:171} INFO - Processing /opt/airflow/dags/zone_injection_dag.py took 0.354 seconds
[2022-02-12 11:03:02,926] {processor.py:163} INFO - Started process (PID=177) to work on /opt/airflow/dags/zone_injection_dag.py
[2022-02-12 11:03:02,929] {processor.py:642} INFO - Processing file /opt/airflow/dags/zone_injection_dag.py for tasks to queue
[2022-02-12 11:03:02,930] {logging_mixin.py:109} INFO - [2022-02-12 11:03:02,930] {dagbag.py:500} INFO - Filling up the DagBag from /opt/airflow/dags/zone_injection_dag.py
[2022-02-12 11:03:03,218] {processor.py:654} INFO - DAG(s) dict_keys(['zones_data_ingestion_gcs_dag']) retrieved from /opt/airflow/dags/zone_injection_dag.py
[2022-02-12 11:03:03,332] {logging_mixin.py:109} INFO - [2022-02-12 11:03:03,332] {dag.py:2396} INFO - Sync 1 DAGs
[2022-02-12 11:03:03,367] {logging_mixin.py:109} INFO - [2022-02-12 11:03:03,366] {dag.py:2935} INFO - Setting next_dagrun for zones_data_ingestion_gcs_dag to 2022-02-11T00:00:00+00:00
[2022-02-12 11:03:03,395] {processor.py:171} INFO - Processing /opt/airflow/dags/zone_injection_dag.py took 0.472 seconds
[2022-02-12 11:03:33,664] {processor.py:163} INFO - Started process (PID=219) to work on /opt/airflow/dags/zone_injection_dag.py
[2022-02-12 11:03:33,668] {processor.py:642} INFO - Processing file /opt/airflow/dags/zone_injection_dag.py for tasks to queue
[2022-02-12 11:03:33,670] {logging_mixin.py:109} INFO - [2022-02-12 11:03:33,669] {dagbag.py:500} INFO - Filling up the DagBag from /opt/airflow/dags/zone_injection_dag.py
[2022-02-12 11:03:34,213] {processor.py:654} INFO - DAG(s) dict_keys(['zones_data_ingestion_gcs_dag']) retrieved from /opt/airflow/dags/zone_injection_dag.py
[2022-02-12 11:03:34,225] {logging_mixin.py:109} INFO - [2022-02-12 11:03:34,225] {dag.py:2396} INFO - Sync 1 DAGs
[2022-02-12 11:03:34,243] {logging_mixin.py:109} INFO - [2022-02-12 11:03:34,243] {dag.py:2935} INFO - Setting next_dagrun for zones_data_ingestion_gcs_dag to 2022-02-11T00:00:00+00:00
[2022-02-12 11:03:34,253] {processor.py:171} INFO - Processing /opt/airflow/dags/zone_injection_dag.py took 0.595 seconds
