[2022-02-18 12:53:38,494] {taskinstance.py:1032} INFO - Dependencies all met for <TaskInstance: data_2_gcs_dag.gcs_2_yellow_gcs_task scheduled__2022-02-17T00:00:00+00:00 [queued]>
[2022-02-18 12:53:38,505] {taskinstance.py:1032} INFO - Dependencies all met for <TaskInstance: data_2_gcs_dag.gcs_2_yellow_gcs_task scheduled__2022-02-17T00:00:00+00:00 [queued]>
[2022-02-18 12:53:38,506] {taskinstance.py:1238} INFO - 
--------------------------------------------------------------------------------
[2022-02-18 12:53:38,506] {taskinstance.py:1239} INFO - Starting attempt 1 of 2
[2022-02-18 12:53:38,507] {taskinstance.py:1240} INFO - 
--------------------------------------------------------------------------------
[2022-02-18 12:53:38,520] {taskinstance.py:1259} INFO - Executing <Task(GCSToGCSOperator): gcs_2_yellow_gcs_task> on 2022-02-17 00:00:00+00:00
[2022-02-18 12:53:38,527] {standard_task_runner.py:52} INFO - Started process 1165 to run task
[2022-02-18 12:53:38,544] {standard_task_runner.py:76} INFO - Running: ['***', 'tasks', 'run', 'data_2_gcs_dag', 'gcs_2_yellow_gcs_task', 'scheduled__2022-02-17T00:00:00+00:00', '--job-id', '1070', '--raw', '--subdir', 'DAGS_FOLDER/data-2-gcs-dag.py', '--cfg-path', '/tmp/tmptn23po71', '--error-file', '/tmp/tmpf9h689k3']
[2022-02-18 12:53:38,545] {standard_task_runner.py:77} INFO - Job 1070: Subtask gcs_2_yellow_gcs_task
[2022-02-18 12:53:38,618] {logging_mixin.py:109} INFO - Running <TaskInstance: data_2_gcs_dag.gcs_2_yellow_gcs_task scheduled__2022-02-17T00:00:00+00:00 [running]> on host 853fb9201673
[2022-02-18 12:53:38,703] {taskinstance.py:1426} INFO - Exporting the following env vars:
AIRFLOW_CTX_DAG_OWNER=***
AIRFLOW_CTX_DAG_ID=data_2_gcs_dag
AIRFLOW_CTX_TASK_ID=gcs_2_yellow_gcs_task
AIRFLOW_CTX_EXECUTION_DATE=2022-02-17T00:00:00+00:00
AIRFLOW_CTX_DAG_RUN_ID=scheduled__2022-02-17T00:00:00+00:00
[2022-02-18 12:53:38,708] {crypto.py:82} WARNING - empty cryptography key - values will not be stored encrypted.
[2022-02-18 12:53:38,709] {gcs_to_gcs.py:346} INFO - Delimiter ignored because wildcard is in prefix
[2022-02-18 12:53:39,011] {gcs_to_gcs.py:431} INFO - Executing copy of gs://dtc_data_lake_vaulted-art-339212/raw/yellow_tripdata_2020-06.csv to gs://dtc_data_lake_vaulted-art-339212/yellow/yellow_tripdata_2020-06.csv
[2022-02-18 12:53:39,423] {gcs.py:251} INFO - Total Bytes: 50277193 | Bytes Written: 50277193
[2022-02-18 12:53:39,424] {gcs.py:264} INFO - Object raw/yellow_tripdata_2020-06.csv in bucket dtc_data_lake_vaulted-art-339212 rewritten to object yellow/yellow_tripdata_2020-06.csv in bucket dtc_data_lake_vaulted-art-339212
[2022-02-18 12:53:39,425] {gcs_to_gcs.py:431} INFO - Executing copy of gs://dtc_data_lake_vaulted-art-339212/raw/yellow_tripdata_2020-07.csv to gs://dtc_data_lake_vaulted-art-339212/yellow/yellow_tripdata_2020-07.csv
[2022-02-18 12:53:39,800] {gcs.py:251} INFO - Total Bytes: 73326707 | Bytes Written: 73326707
[2022-02-18 12:53:39,801] {gcs.py:264} INFO - Object raw/yellow_tripdata_2020-07.csv in bucket dtc_data_lake_vaulted-art-339212 rewritten to object yellow/yellow_tripdata_2020-07.csv in bucket dtc_data_lake_vaulted-art-339212
[2022-02-18 12:53:39,802] {gcs_to_gcs.py:431} INFO - Executing copy of gs://dtc_data_lake_vaulted-art-339212/raw/yellow_tripdata_2019-08.csv to gs://dtc_data_lake_vaulted-art-339212/yellow/yellow_tripdata_2019-08.csv
[2022-02-18 12:53:40,249] {gcs.py:251} INFO - Total Bytes: 562386202 | Bytes Written: 562386202
[2022-02-18 12:53:40,250] {gcs.py:264} INFO - Object raw/yellow_tripdata_2019-08.csv in bucket dtc_data_lake_vaulted-art-339212 rewritten to object yellow/yellow_tripdata_2019-08.csv in bucket dtc_data_lake_vaulted-art-339212
[2022-02-18 12:53:40,251] {gcs_to_gcs.py:431} INFO - Executing copy of gs://dtc_data_lake_vaulted-art-339212/raw/yellow_tripdata_2020-12.csv to gs://dtc_data_lake_vaulted-art-339212/yellow/yellow_tripdata_2020-12.csv
[2022-02-18 12:53:40,605] {gcs.py:251} INFO - Total Bytes: 134481400 | Bytes Written: 134481400
[2022-02-18 12:53:40,606] {gcs.py:264} INFO - Object raw/yellow_tripdata_2020-12.csv in bucket dtc_data_lake_vaulted-art-339212 rewritten to object yellow/yellow_tripdata_2020-12.csv in bucket dtc_data_lake_vaulted-art-339212
[2022-02-18 12:53:40,609] {gcs_to_gcs.py:431} INFO - Executing copy of gs://dtc_data_lake_vaulted-art-339212/raw/yellow_tripdata_2020-09.csv to gs://dtc_data_lake_vaulted-art-339212/yellow/yellow_tripdata_2020-09.csv
[2022-02-18 12:53:40,963] {gcs.py:251} INFO - Total Bytes: 123394595 | Bytes Written: 123394595
[2022-02-18 12:53:40,965] {gcs.py:264} INFO - Object raw/yellow_tripdata_2020-09.csv in bucket dtc_data_lake_vaulted-art-339212 rewritten to object yellow/yellow_tripdata_2020-09.csv in bucket dtc_data_lake_vaulted-art-339212
[2022-02-18 12:53:40,966] {gcs_to_gcs.py:431} INFO - Executing copy of gs://dtc_data_lake_vaulted-art-339212/raw/yellow_tripdata_2020-11.csv to gs://dtc_data_lake_vaulted-art-339212/yellow/yellow_tripdata_2020-11.csv
[2022-02-18 12:53:41,366] {gcs.py:251} INFO - Total Bytes: 138989555 | Bytes Written: 138989555
[2022-02-18 12:53:41,367] {gcs.py:264} INFO - Object raw/yellow_tripdata_2020-11.csv in bucket dtc_data_lake_vaulted-art-339212 rewritten to object yellow/yellow_tripdata_2020-11.csv in bucket dtc_data_lake_vaulted-art-339212
[2022-02-18 12:53:41,367] {gcs_to_gcs.py:431} INFO - Executing copy of gs://dtc_data_lake_vaulted-art-339212/raw/yellow_tripdata_2020-10.csv to gs://dtc_data_lake_vaulted-art-339212/yellow/yellow_tripdata_2020-10.csv
[2022-02-18 12:53:41,615] {gcs.py:251} INFO - Total Bytes: 154917592 | Bytes Written: 154917592
[2022-02-18 12:53:41,616] {gcs.py:264} INFO - Object raw/yellow_tripdata_2020-10.csv in bucket dtc_data_lake_vaulted-art-339212 rewritten to object yellow/yellow_tripdata_2020-10.csv in bucket dtc_data_lake_vaulted-art-339212
[2022-02-18 12:53:41,617] {gcs_to_gcs.py:431} INFO - Executing copy of gs://dtc_data_lake_vaulted-art-339212/raw/yellow_tripdata_2019-01.csv to gs://dtc_data_lake_vaulted-art-339212/yellow/yellow_tripdata_2019-01.csv
[2022-02-18 12:53:41,921] {gcs.py:251} INFO - Total Bytes: 687088084 | Bytes Written: 687088084
[2022-02-18 12:53:41,923] {gcs.py:264} INFO - Object raw/yellow_tripdata_2019-01.csv in bucket dtc_data_lake_vaulted-art-339212 rewritten to object yellow/yellow_tripdata_2019-01.csv in bucket dtc_data_lake_vaulted-art-339212
[2022-02-18 12:53:41,924] {gcs_to_gcs.py:431} INFO - Executing copy of gs://dtc_data_lake_vaulted-art-339212/raw/yellow_tripdata_2019-11.csv to gs://dtc_data_lake_vaulted-art-339212/yellow/yellow_tripdata_2019-11.csv
[2022-02-18 12:53:42,353] {gcs.py:251} INFO - Total Bytes: 637807959 | Bytes Written: 637807959
[2022-02-18 12:53:42,354] {gcs.py:264} INFO - Object raw/yellow_tripdata_2019-11.csv in bucket dtc_data_lake_vaulted-art-339212 rewritten to object yellow/yellow_tripdata_2019-11.csv in bucket dtc_data_lake_vaulted-art-339212
[2022-02-18 12:53:42,355] {gcs_to_gcs.py:431} INFO - Executing copy of gs://dtc_data_lake_vaulted-art-339212/raw/yellow_tripdata_2020-08.csv to gs://dtc_data_lake_vaulted-art-339212/yellow/yellow_tripdata_2020-08.csv
[2022-02-18 12:53:42,698] {gcs.py:251} INFO - Total Bytes: 92411545 | Bytes Written: 92411545
[2022-02-18 12:53:42,699] {gcs.py:264} INFO - Object raw/yellow_tripdata_2020-08.csv in bucket dtc_data_lake_vaulted-art-339212 rewritten to object yellow/yellow_tripdata_2020-08.csv in bucket dtc_data_lake_vaulted-art-339212
[2022-02-18 12:53:42,701] {gcs_to_gcs.py:431} INFO - Executing copy of gs://dtc_data_lake_vaulted-art-339212/raw/yellow_tripdata_2019-02.csv to gs://dtc_data_lake_vaulted-art-339212/yellow/yellow_tripdata_2019-02.csv
[2022-02-18 12:53:43,140] {gcs.py:251} INFO - Total Bytes: 649882828 | Bytes Written: 649882828
[2022-02-18 12:53:43,143] {gcs.py:264} INFO - Object raw/yellow_tripdata_2019-02.csv in bucket dtc_data_lake_vaulted-art-339212 rewritten to object yellow/yellow_tripdata_2019-02.csv in bucket dtc_data_lake_vaulted-art-339212
[2022-02-18 12:53:43,144] {gcs_to_gcs.py:431} INFO - Executing copy of gs://dtc_data_lake_vaulted-art-339212/raw/yellow_tripdata_2019-04.csv to gs://dtc_data_lake_vaulted-art-339212/yellow/yellow_tripdata_2019-04.csv
[2022-02-18 12:53:43,560] {gcs.py:251} INFO - Total Bytes: 689207122 | Bytes Written: 689207122
[2022-02-18 12:53:43,561] {gcs.py:264} INFO - Object raw/yellow_tripdata_2019-04.csv in bucket dtc_data_lake_vaulted-art-339212 rewritten to object yellow/yellow_tripdata_2019-04.csv in bucket dtc_data_lake_vaulted-art-339212
[2022-02-18 12:53:43,563] {gcs_to_gcs.py:431} INFO - Executing copy of gs://dtc_data_lake_vaulted-art-339212/raw/yellow_tripdata_2019-10.csv to gs://dtc_data_lake_vaulted-art-339212/yellow/yellow_tripdata_2019-10.csv
[2022-02-18 12:53:43,998] {gcs.py:251} INFO - Total Bytes: 669168416 | Bytes Written: 669168416
[2022-02-18 12:53:43,999] {gcs.py:264} INFO - Object raw/yellow_tripdata_2019-10.csv in bucket dtc_data_lake_vaulted-art-339212 rewritten to object yellow/yellow_tripdata_2019-10.csv in bucket dtc_data_lake_vaulted-art-339212
[2022-02-18 12:53:43,999] {gcs_to_gcs.py:431} INFO - Executing copy of gs://dtc_data_lake_vaulted-art-339212/raw/yellow_tripdata_2019-06.csv to gs://dtc_data_lake_vaulted-art-339212/yellow/yellow_tripdata_2019-06.csv
[2022-02-18 12:53:44,432] {gcs.py:251} INFO - Total Bytes: 643492154 | Bytes Written: 643492154
[2022-02-18 12:53:44,433] {gcs.py:264} INFO - Object raw/yellow_tripdata_2019-06.csv in bucket dtc_data_lake_vaulted-art-339212 rewritten to object yellow/yellow_tripdata_2019-06.csv in bucket dtc_data_lake_vaulted-art-339212
[2022-02-18 12:53:44,434] {gcs_to_gcs.py:431} INFO - Executing copy of gs://dtc_data_lake_vaulted-art-339212/raw/yellow_tripdata_2020-01.csv to gs://dtc_data_lake_vaulted-art-339212/yellow/yellow_tripdata_2020-01.csv
[2022-02-18 12:53:44,869] {gcs.py:251} INFO - Total Bytes: 593610736 | Bytes Written: 593610736
[2022-02-18 12:53:44,870] {gcs.py:264} INFO - Object raw/yellow_tripdata_2020-01.csv in bucket dtc_data_lake_vaulted-art-339212 rewritten to object yellow/yellow_tripdata_2020-01.csv in bucket dtc_data_lake_vaulted-art-339212
[2022-02-18 12:53:44,870] {gcs_to_gcs.py:431} INFO - Executing copy of gs://dtc_data_lake_vaulted-art-339212/raw/yellow_tripdata_2020-05.csv to gs://dtc_data_lake_vaulted-art-339212/yellow/yellow_tripdata_2020-05.csv
[2022-02-18 12:53:45,220] {gcs.py:251} INFO - Total Bytes: 31641590 | Bytes Written: 31641590
[2022-02-18 12:53:45,221] {gcs.py:264} INFO - Object raw/yellow_tripdata_2020-05.csv in bucket dtc_data_lake_vaulted-art-339212 rewritten to object yellow/yellow_tripdata_2020-05.csv in bucket dtc_data_lake_vaulted-art-339212
[2022-02-18 12:53:45,222] {gcs_to_gcs.py:431} INFO - Executing copy of gs://dtc_data_lake_vaulted-art-339212/raw/yellow_tripdata_2019-07.csv to gs://dtc_data_lake_vaulted-art-339212/yellow/yellow_tripdata_2019-07.csv
[2022-02-18 12:53:45,530] {gcs.py:251} INFO - Total Bytes: 584387609 | Bytes Written: 584387609
[2022-02-18 12:53:45,531] {gcs.py:264} INFO - Object raw/yellow_tripdata_2019-07.csv in bucket dtc_data_lake_vaulted-art-339212 rewritten to object yellow/yellow_tripdata_2019-07.csv in bucket dtc_data_lake_vaulted-art-339212
[2022-02-18 12:53:45,533] {gcs_to_gcs.py:431} INFO - Executing copy of gs://dtc_data_lake_vaulted-art-339212/raw/yellow_tripdata_2020-03.csv to gs://dtc_data_lake_vaulted-art-339212/yellow/yellow_tripdata_2020-03.csv
[2022-02-18 12:53:45,939] {gcs.py:251} INFO - Total Bytes: 278288608 | Bytes Written: 278288608
[2022-02-18 12:53:45,940] {gcs.py:264} INFO - Object raw/yellow_tripdata_2020-03.csv in bucket dtc_data_lake_vaulted-art-339212 rewritten to object yellow/yellow_tripdata_2020-03.csv in bucket dtc_data_lake_vaulted-art-339212
[2022-02-18 12:53:45,941] {gcs_to_gcs.py:431} INFO - Executing copy of gs://dtc_data_lake_vaulted-art-339212/raw/yellow_tripdata_2019-03.csv to gs://dtc_data_lake_vaulted-art-339212/yellow/yellow_tripdata_2019-03.csv
[2022-02-18 12:53:46,375] {gcs.py:251} INFO - Total Bytes: 726201566 | Bytes Written: 726201566
[2022-02-18 12:53:46,377] {gcs.py:264} INFO - Object raw/yellow_tripdata_2019-03.csv in bucket dtc_data_lake_vaulted-art-339212 rewritten to object yellow/yellow_tripdata_2019-03.csv in bucket dtc_data_lake_vaulted-art-339212
[2022-02-18 12:53:46,379] {gcs_to_gcs.py:431} INFO - Executing copy of gs://dtc_data_lake_vaulted-art-339212/raw/yellow_tripdata_2019-09.csv to gs://dtc_data_lake_vaulted-art-339212/yellow/yellow_tripdata_2019-09.csv
[2022-02-18 12:53:46,824] {gcs.py:251} INFO - Total Bytes: 608973500 | Bytes Written: 608973500
[2022-02-18 12:53:46,825] {gcs.py:264} INFO - Object raw/yellow_tripdata_2019-09.csv in bucket dtc_data_lake_vaulted-art-339212 rewritten to object yellow/yellow_tripdata_2019-09.csv in bucket dtc_data_lake_vaulted-art-339212
[2022-02-18 12:53:46,825] {gcs_to_gcs.py:431} INFO - Executing copy of gs://dtc_data_lake_vaulted-art-339212/raw/yellow_tripdata_2019-12.csv to gs://dtc_data_lake_vaulted-art-339212/yellow/yellow_tripdata_2019-12.csv
[2022-02-18 12:53:47,286] {gcs.py:251} INFO - Total Bytes: 639108129 | Bytes Written: 639108129
[2022-02-18 12:53:47,287] {gcs.py:264} INFO - Object raw/yellow_tripdata_2019-12.csv in bucket dtc_data_lake_vaulted-art-339212 rewritten to object yellow/yellow_tripdata_2019-12.csv in bucket dtc_data_lake_vaulted-art-339212
[2022-02-18 12:53:47,288] {gcs_to_gcs.py:431} INFO - Executing copy of gs://dtc_data_lake_vaulted-art-339212/raw/yellow_tripdata_2020-04.csv to gs://dtc_data_lake_vaulted-art-339212/yellow/yellow_tripdata_2020-04.csv
[2022-02-18 12:53:47,409] {gcs.py:251} INFO - Total Bytes: 21662261 | Bytes Written: 21662261
[2022-02-18 12:53:47,410] {gcs.py:264} INFO - Object raw/yellow_tripdata_2020-04.csv in bucket dtc_data_lake_vaulted-art-339212 rewritten to object yellow/yellow_tripdata_2020-04.csv in bucket dtc_data_lake_vaulted-art-339212
[2022-02-18 12:53:47,411] {gcs_to_gcs.py:431} INFO - Executing copy of gs://dtc_data_lake_vaulted-art-339212/raw/yellow_tripdata_2020-02.csv to gs://dtc_data_lake_vaulted-art-339212/yellow/yellow_tripdata_2020-02.csv
[2022-02-18 12:53:47,844] {gcs.py:251} INFO - Total Bytes: 584190585 | Bytes Written: 584190585
[2022-02-18 12:53:47,845] {gcs.py:264} INFO - Object raw/yellow_tripdata_2020-02.csv in bucket dtc_data_lake_vaulted-art-339212 rewritten to object yellow/yellow_tripdata_2020-02.csv in bucket dtc_data_lake_vaulted-art-339212
[2022-02-18 12:53:47,846] {gcs_to_gcs.py:431} INFO - Executing copy of gs://dtc_data_lake_vaulted-art-339212/raw/yellow_tripdata_2019-05.csv to gs://dtc_data_lake_vaulted-art-339212/yellow/yellow_tripdata_2019-05.csv
[2022-02-18 12:53:48,017] {gcs.py:251} INFO - Total Bytes: 701538890 | Bytes Written: 701538890
[2022-02-18 12:53:48,018] {gcs.py:264} INFO - Object raw/yellow_tripdata_2019-05.csv in bucket dtc_data_lake_vaulted-art-339212 rewritten to object yellow/yellow_tripdata_2019-05.csv in bucket dtc_data_lake_vaulted-art-339212
[2022-02-18 12:53:48,035] {taskinstance.py:1277} INFO - Marking task as SUCCESS. dag_id=data_2_gcs_dag, task_id=gcs_2_yellow_gcs_task, execution_date=20220217T000000, start_date=20220218T125338, end_date=20220218T125348
[2022-02-18 12:53:48,101] {local_task_job.py:154} INFO - Task exited with return code 0
[2022-02-18 12:53:48,178] {local_task_job.py:264} INFO - 1 downstream tasks scheduled from follow-on schedule check
