[2022-02-03 17:33:24,792] {taskinstance.py:1032} INFO - Dependencies all met for <TaskInstance: zones_data_ingestion_gcs_dag.local_to_gcs_task manual__2022-02-03T17:33:19.417031+00:00 [queued]>
[2022-02-03 17:33:24,804] {taskinstance.py:1032} INFO - Dependencies all met for <TaskInstance: zones_data_ingestion_gcs_dag.local_to_gcs_task manual__2022-02-03T17:33:19.417031+00:00 [queued]>
[2022-02-03 17:33:24,806] {taskinstance.py:1238} INFO - 
--------------------------------------------------------------------------------
[2022-02-03 17:33:24,807] {taskinstance.py:1239} INFO - Starting attempt 1 of 1
[2022-02-03 17:33:24,808] {taskinstance.py:1240} INFO - 
--------------------------------------------------------------------------------
[2022-02-03 17:33:24,829] {taskinstance.py:1259} INFO - Executing <Task(PythonOperator): local_to_gcs_task> on 2022-02-03 17:33:19.417031+00:00
[2022-02-03 17:33:24,841] {standard_task_runner.py:76} INFO - Running: ['***', 'tasks', 'run', 'zones_data_ingestion_gcs_dag', 'local_to_gcs_task', 'manual__2022-02-03T17:33:19.417031+00:00', '--job-id', '638', '--raw', '--subdir', 'DAGS_FOLDER/zone_injection_dag.py', '--cfg-path', '/tmp/tmp5klwa421', '--error-file', '/tmp/tmpzyc4677c']
[2022-02-03 17:33:24,844] {standard_task_runner.py:77} INFO - Job 638: Subtask local_to_gcs_task
[2022-02-03 17:33:24,837] {standard_task_runner.py:52} INFO - Started process 5749 to run task
[2022-02-03 17:33:24,934] {logging_mixin.py:109} INFO - Running <TaskInstance: zones_data_ingestion_gcs_dag.local_to_gcs_task manual__2022-02-03T17:33:19.417031+00:00 [running]> on host 700aeb16bae0
[2022-02-03 17:33:25,020] {taskinstance.py:1426} INFO - Exporting the following env vars:
AIRFLOW_CTX_DAG_OWNER=***
AIRFLOW_CTX_DAG_ID=zones_data_ingestion_gcs_dag
AIRFLOW_CTX_TASK_ID=local_to_gcs_task
AIRFLOW_CTX_EXECUTION_DATE=2022-02-03T17:33:19.417031+00:00
AIRFLOW_CTX_DAG_RUN_ID=manual__2022-02-03T17:33:19.417031+00:00
[2022-02-03 17:33:25,377] {python.py:175} INFO - Done. Returned value was: None
[2022-02-03 17:33:25,399] {taskinstance.py:1277} INFO - Marking task as SUCCESS. dag_id=zones_data_ingestion_gcs_dag, task_id=local_to_gcs_task, execution_date=20220203T173319, start_date=20220203T173324, end_date=20220203T173325
[2022-02-03 17:33:25,472] {local_task_job.py:154} INFO - Task exited with return code 0
[2022-02-03 17:33:25,522] {local_task_job.py:264} INFO - 0 downstream tasks scheduled from follow-on schedule check
