[2022-02-10 16:29:49,092] {taskinstance.py:1032} INFO - Dependencies all met for <TaskInstance: ex_1_data_ingestion_gcs_dag_v3.download_dataset_task manual__2022-02-10T16:29:46.085233+00:00 [queued]>
[2022-02-10 16:29:49,106] {taskinstance.py:1032} INFO - Dependencies all met for <TaskInstance: ex_1_data_ingestion_gcs_dag_v3.download_dataset_task manual__2022-02-10T16:29:46.085233+00:00 [queued]>
[2022-02-10 16:29:49,107] {taskinstance.py:1238} INFO - 
--------------------------------------------------------------------------------
[2022-02-10 16:29:49,109] {taskinstance.py:1239} INFO - Starting attempt 1 of 1
[2022-02-10 16:29:49,110] {taskinstance.py:1240} INFO - 
--------------------------------------------------------------------------------
[2022-02-10 16:29:49,121] {taskinstance.py:1259} INFO - Executing <Task(BashOperator): download_dataset_task> on 2022-02-10 16:29:46.085233+00:00
[2022-02-10 16:29:49,131] {standard_task_runner.py:52} INFO - Started process 140 to run task
[2022-02-10 16:29:49,136] {standard_task_runner.py:76} INFO - Running: ['***', 'tasks', 'run', 'ex_1_data_ingestion_gcs_dag_v3', 'download_dataset_task', 'manual__2022-02-10T16:29:46.085233+00:00', '--job-id', '925', '--raw', '--subdir', 'DAGS_FOLDER/data_ingestion_hw_1_ex.py', '--cfg-path', '/tmp/tmp63x2157z', '--error-file', '/tmp/tmpynxgo709']
[2022-02-10 16:29:49,141] {standard_task_runner.py:77} INFO - Job 925: Subtask download_dataset_task
[2022-02-10 16:29:49,418] {logging_mixin.py:109} INFO - Running <TaskInstance: ex_1_data_ingestion_gcs_dag_v3.download_dataset_task manual__2022-02-10T16:29:46.085233+00:00 [running]> on host 106a34111faf
[2022-02-10 16:29:49,487] {warnings.py:110} WARNING - /home/***/.local/lib/python3.7/site-packages/***/utils/context.py:152: AirflowContextDeprecationWarning: Accessing 'execution_date' from the template is deprecated and will be removed in a future version. Please use 'data_interval_start' or 'logical_date' instead.
  warnings.warn(_create_deprecation_warning(key, self._deprecation_replacements[key]))

[2022-02-10 16:29:49,532] {taskinstance.py:1426} INFO - Exporting the following env vars:
AIRFLOW_CTX_DAG_OWNER=***
AIRFLOW_CTX_DAG_ID=ex_1_data_ingestion_gcs_dag_v3
AIRFLOW_CTX_TASK_ID=download_dataset_task
AIRFLOW_CTX_EXECUTION_DATE=2022-02-10T16:29:46.085233+00:00
AIRFLOW_CTX_DAG_RUN_ID=manual__2022-02-10T16:29:46.085233+00:00
[2022-02-10 16:29:49,535] {subprocess.py:62} INFO - Tmp dir root location: 
 /tmp
[2022-02-10 16:29:49,537] {subprocess.py:74} INFO - Running command: ['bash', '-c', 'curl -sS https://s3.amazonaws.com/nyc-tlc/trip+data/yellow_tripdata_2022-02.csv > /opt/***/yellow_tripdata_2022-02.csv']
[2022-02-10 16:29:49,562] {subprocess.py:85} INFO - Output:
[2022-02-10 16:29:50,146] {subprocess.py:93} INFO - Command exited with return code 0
[2022-02-10 16:29:50,185] {taskinstance.py:1277} INFO - Marking task as SUCCESS. dag_id=ex_1_data_ingestion_gcs_dag_v3, task_id=download_dataset_task, execution_date=20220210T162946, start_date=20220210T162949, end_date=20220210T162950
[2022-02-10 16:29:50,235] {local_task_job.py:154} INFO - Task exited with return code 0
[2022-02-10 16:29:50,289] {local_task_job.py:264} INFO - 1 downstream tasks scheduled from follow-on schedule check
