[2022-02-03 14:57:14,971] {taskinstance.py:1032} INFO - Dependencies all met for <TaskInstance: FHV_data_ingestion_gcs_dag.download_dataset_task scheduled__2020-10-01T00:00:00+00:00 [queued]>
[2022-02-03 14:57:15,000] {taskinstance.py:1032} INFO - Dependencies all met for <TaskInstance: FHV_data_ingestion_gcs_dag.download_dataset_task scheduled__2020-10-01T00:00:00+00:00 [queued]>
[2022-02-03 14:57:15,001] {taskinstance.py:1238} INFO - 
--------------------------------------------------------------------------------
[2022-02-03 14:57:15,002] {taskinstance.py:1239} INFO - Starting attempt 1 of 1
[2022-02-03 14:57:15,004] {taskinstance.py:1240} INFO - 
--------------------------------------------------------------------------------
[2022-02-03 14:57:15,026] {taskinstance.py:1259} INFO - Executing <Task(BashOperator): download_dataset_task> on 2020-10-01 00:00:00+00:00
[2022-02-03 14:57:15,036] {standard_task_runner.py:52} INFO - Started process 2025 to run task
[2022-02-03 14:57:15,044] {standard_task_runner.py:76} INFO - Running: ['***', 'tasks', 'run', 'FHV_data_ingestion_gcs_dag', 'download_dataset_task', 'scheduled__2020-10-01T00:00:00+00:00', '--job-id', '499', '--raw', '--subdir', 'DAGS_FOLDER/FHV_injection_dag.py', '--cfg-path', '/tmp/tmpywvdn7yj', '--error-file', '/tmp/tmpwjwesbop']
[2022-02-03 14:57:15,048] {standard_task_runner.py:77} INFO - Job 499: Subtask download_dataset_task
[2022-02-03 14:57:15,156] {logging_mixin.py:109} INFO - Running <TaskInstance: FHV_data_ingestion_gcs_dag.download_dataset_task scheduled__2020-10-01T00:00:00+00:00 [running]> on host 700aeb16bae0
[2022-02-03 14:57:15,239] {warnings.py:110} WARNING - /home/***/.local/lib/python3.7/site-packages/***/utils/context.py:152: AirflowContextDeprecationWarning: Accessing 'execution_date' from the template is deprecated and will be removed in a future version. Please use 'data_interval_start' or 'logical_date' instead.
  warnings.warn(_create_deprecation_warning(key, self._deprecation_replacements[key]))

[2022-02-03 14:57:15,282] {taskinstance.py:1426} INFO - Exporting the following env vars:
AIRFLOW_CTX_DAG_OWNER=***
AIRFLOW_CTX_DAG_ID=FHV_data_ingestion_gcs_dag
AIRFLOW_CTX_TASK_ID=download_dataset_task
AIRFLOW_CTX_EXECUTION_DATE=2020-10-01T00:00:00+00:00
AIRFLOW_CTX_DAG_RUN_ID=scheduled__2020-10-01T00:00:00+00:00
[2022-02-03 14:57:15,286] {subprocess.py:62} INFO - Tmp dir root location: 
 /tmp
[2022-02-03 14:57:15,289] {subprocess.py:74} INFO - Running command: ['bash', '-c', 'curl -sSLf https://nyc-tlc.s3.amazonaws.com/trip+data/fhv_tripdata_2020-10.csv > /opt/***/fhv_tripdata_2020-10.csv']
[2022-02-03 14:57:15,310] {subprocess.py:85} INFO - Output:
[2022-02-03 14:57:38,930] {subprocess.py:93} INFO - Command exited with return code 0
[2022-02-03 14:57:38,990] {taskinstance.py:1277} INFO - Marking task as SUCCESS. dag_id=FHV_data_ingestion_gcs_dag, task_id=download_dataset_task, execution_date=20201001T000000, start_date=20220203T145714, end_date=20220203T145738
[2022-02-03 14:57:39,039] {local_task_job.py:154} INFO - Task exited with return code 0
[2022-02-03 14:57:39,112] {local_task_job.py:264} INFO - 1 downstream tasks scheduled from follow-on schedule check
[2022-02-03 15:17:27,303] {taskinstance.py:1032} INFO - Dependencies all met for <TaskInstance: FHV_data_ingestion_gcs_dag.download_dataset_task scheduled__2020-10-01T00:00:00+00:00 [queued]>
[2022-02-03 15:17:27,323] {taskinstance.py:1032} INFO - Dependencies all met for <TaskInstance: FHV_data_ingestion_gcs_dag.download_dataset_task scheduled__2020-10-01T00:00:00+00:00 [queued]>
[2022-02-03 15:17:27,325] {taskinstance.py:1238} INFO - 
--------------------------------------------------------------------------------
[2022-02-03 15:17:27,326] {taskinstance.py:1239} INFO - Starting attempt 1 of 1
[2022-02-03 15:17:27,327] {taskinstance.py:1240} INFO - 
--------------------------------------------------------------------------------
[2022-02-03 15:17:27,344] {taskinstance.py:1259} INFO - Executing <Task(BashOperator): download_dataset_task> on 2020-10-01 00:00:00+00:00
[2022-02-03 15:17:27,351] {standard_task_runner.py:52} INFO - Started process 3401 to run task
[2022-02-03 15:17:27,357] {standard_task_runner.py:76} INFO - Running: ['***', 'tasks', 'run', 'FHV_data_ingestion_gcs_dag', 'download_dataset_task', 'scheduled__2020-10-01T00:00:00+00:00', '--job-id', '590', '--raw', '--subdir', 'DAGS_FOLDER/FHV_injection_dag.py', '--cfg-path', '/tmp/tmpdpqfpytn', '--error-file', '/tmp/tmp628l9qny']
[2022-02-03 15:17:27,359] {standard_task_runner.py:77} INFO - Job 590: Subtask download_dataset_task
[2022-02-03 15:17:27,454] {logging_mixin.py:109} INFO - Running <TaskInstance: FHV_data_ingestion_gcs_dag.download_dataset_task scheduled__2020-10-01T00:00:00+00:00 [running]> on host 700aeb16bae0
[2022-02-03 15:17:27,506] {warnings.py:110} WARNING - /home/***/.local/lib/python3.7/site-packages/***/utils/context.py:152: AirflowContextDeprecationWarning: Accessing 'execution_date' from the template is deprecated and will be removed in a future version. Please use 'data_interval_start' or 'logical_date' instead.
  warnings.warn(_create_deprecation_warning(key, self._deprecation_replacements[key]))

[2022-02-03 15:17:27,541] {taskinstance.py:1426} INFO - Exporting the following env vars:
AIRFLOW_CTX_DAG_OWNER=***
AIRFLOW_CTX_DAG_ID=FHV_data_ingestion_gcs_dag
AIRFLOW_CTX_TASK_ID=download_dataset_task
AIRFLOW_CTX_EXECUTION_DATE=2020-10-01T00:00:00+00:00
AIRFLOW_CTX_DAG_RUN_ID=scheduled__2020-10-01T00:00:00+00:00
[2022-02-03 15:17:27,543] {subprocess.py:62} INFO - Tmp dir root location: 
 /tmp
[2022-02-03 15:17:27,547] {subprocess.py:74} INFO - Running command: ['bash', '-c', 'curl -sSLf https://nyc-tlc.s3.amazonaws.com/trip+data/fhv_tripdata_2020-10.csv > /opt/***/fhv_tripdata_2020-10.csv']
[2022-02-03 15:17:27,565] {subprocess.py:85} INFO - Output:
[2022-02-03 15:18:04,114] {subprocess.py:93} INFO - Command exited with return code 0
[2022-02-03 15:18:04,138] {taskinstance.py:1277} INFO - Marking task as SUCCESS. dag_id=FHV_data_ingestion_gcs_dag, task_id=download_dataset_task, execution_date=20201001T000000, start_date=20220203T151727, end_date=20220203T151804
[2022-02-03 15:18:04,182] {local_task_job.py:154} INFO - Task exited with return code 0
[2022-02-03 15:18:04,225] {local_task_job.py:264} INFO - 1 downstream tasks scheduled from follow-on schedule check
