[2022-02-01 17:31:31,931] {taskinstance.py:1032} INFO - Dependencies all met for <TaskInstance: LocalIngestionDag.ingest scheduled__2021-11-02T06:00:00+00:00 [queued]>
[2022-02-01 17:31:31,958] {taskinstance.py:1032} INFO - Dependencies all met for <TaskInstance: LocalIngestionDag.ingest scheduled__2021-11-02T06:00:00+00:00 [queued]>
[2022-02-01 17:31:31,959] {taskinstance.py:1238} INFO - 
--------------------------------------------------------------------------------
[2022-02-01 17:31:31,960] {taskinstance.py:1239} INFO - Starting attempt 1 of 1
[2022-02-01 17:31:31,962] {taskinstance.py:1240} INFO - 
--------------------------------------------------------------------------------
[2022-02-01 17:31:31,997] {taskinstance.py:1259} INFO - Executing <Task(BashOperator): ingest> on 2021-11-02 06:00:00+00:00
[2022-02-01 17:31:32,006] {standard_task_runner.py:52} INFO - Started process 820 to run task
[2022-02-01 17:31:32,019] {standard_task_runner.py:76} INFO - Running: ['***', 'tasks', 'run', 'LocalIngestionDag', 'ingest', 'scheduled__2021-11-02T06:00:00+00:00', '--job-id', '61', '--raw', '--subdir', 'DAGS_FOLDER/data_ingestion_local.py', '--cfg-path', '/tmp/tmp0s_cy31a', '--error-file', '/tmp/tmptkog02_k']
[2022-02-01 17:31:32,021] {standard_task_runner.py:77} INFO - Job 61: Subtask ingest
[2022-02-01 17:31:32,125] {logging_mixin.py:109} INFO - Running <TaskInstance: LocalIngestionDag.ingest scheduled__2021-11-02T06:00:00+00:00 [running]> on host c2ae942a63f5
[2022-02-01 17:31:32,305] {taskinstance.py:1426} INFO - Exporting the following env vars:
AIRFLOW_CTX_DAG_OWNER=***
AIRFLOW_CTX_DAG_ID=LocalIngestionDag
AIRFLOW_CTX_TASK_ID=ingest
AIRFLOW_CTX_EXECUTION_DATE=2021-11-02T06:00:00+00:00
AIRFLOW_CTX_DAG_RUN_ID=scheduled__2021-11-02T06:00:00+00:00
[2022-02-01 17:31:32,308] {subprocess.py:62} INFO - Tmp dir root location: 
 /tmp
[2022-02-01 17:31:32,312] {subprocess.py:74} INFO - Running command: ['bash', '-c', 'pwd']
[2022-02-01 17:31:32,333] {subprocess.py:85} INFO - Output:
[2022-02-01 17:31:32,339] {subprocess.py:89} INFO - /tmp/***tmpea21tvv1
[2022-02-01 17:31:32,340] {subprocess.py:93} INFO - Command exited with return code 0
[2022-02-01 17:31:32,388] {taskinstance.py:1277} INFO - Marking task as SUCCESS. dag_id=LocalIngestionDag, task_id=ingest, execution_date=20211102T060000, start_date=20220201T173131, end_date=20220201T173132
[2022-02-01 17:31:32,470] {local_task_job.py:154} INFO - Task exited with return code 0
[2022-02-01 17:31:32,541] {local_task_job.py:264} INFO - 0 downstream tasks scheduled from follow-on schedule check
