[2022-02-02 18:11:52,587] {taskinstance.py:1032} INFO - Dependencies all met for <TaskInstance: ex_1_data_ingestion_gcs_dag_v3.format_to_parquet_task scheduled__2019-03-01T00:00:00+00:00 [queued]>
[2022-02-02 18:11:52,604] {taskinstance.py:1032} INFO - Dependencies all met for <TaskInstance: ex_1_data_ingestion_gcs_dag_v3.format_to_parquet_task scheduled__2019-03-01T00:00:00+00:00 [queued]>
[2022-02-02 18:11:52,605] {taskinstance.py:1238} INFO - 
--------------------------------------------------------------------------------
[2022-02-02 18:11:52,607] {taskinstance.py:1239} INFO - Starting attempt 1 of 1
[2022-02-02 18:11:52,608] {taskinstance.py:1240} INFO - 
--------------------------------------------------------------------------------
[2022-02-02 18:11:52,626] {taskinstance.py:1259} INFO - Executing <Task(PythonOperator): format_to_parquet_task> on 2019-03-01 00:00:00+00:00
[2022-02-02 18:11:52,642] {standard_task_runner.py:52} INFO - Started process 8553 to run task
[2022-02-02 18:11:52,647] {standard_task_runner.py:76} INFO - Running: ['***', 'tasks', 'run', 'ex_1_data_ingestion_gcs_dag_v3', 'format_to_parquet_task', 'scheduled__2019-03-01T00:00:00+00:00', '--job-id', '311', '--raw', '--subdir', 'DAGS_FOLDER/data_ingestion_hw_1_ex.py', '--cfg-path', '/tmp/tmpdmp7fusy', '--error-file', '/tmp/tmpgj7spbiq']
[2022-02-02 18:11:52,649] {standard_task_runner.py:77} INFO - Job 311: Subtask format_to_parquet_task
[2022-02-02 18:11:52,764] {logging_mixin.py:109} INFO - Running <TaskInstance: ex_1_data_ingestion_gcs_dag_v3.format_to_parquet_task scheduled__2019-03-01T00:00:00+00:00 [running]> on host 700aeb16bae0
[2022-02-02 18:11:52,815] {warnings.py:110} WARNING - /home/***/.local/lib/python3.7/site-packages/***/utils/context.py:152: AirflowContextDeprecationWarning: Accessing 'execution_date' from the template is deprecated and will be removed in a future version. Please use 'data_interval_start' or 'logical_date' instead.
  warnings.warn(_create_deprecation_warning(key, self._deprecation_replacements[key]))

[2022-02-02 18:11:52,845] {taskinstance.py:1426} INFO - Exporting the following env vars:
AIRFLOW_CTX_DAG_OWNER=***
AIRFLOW_CTX_DAG_ID=ex_1_data_ingestion_gcs_dag_v3
AIRFLOW_CTX_TASK_ID=format_to_parquet_task
AIRFLOW_CTX_EXECUTION_DATE=2019-03-01T00:00:00+00:00
AIRFLOW_CTX_DAG_RUN_ID=scheduled__2019-03-01T00:00:00+00:00
[2022-02-02 18:12:02,204] {python.py:175} INFO - Done. Returned value was: None
[2022-02-02 18:12:02,221] {taskinstance.py:1277} INFO - Marking task as SUCCESS. dag_id=ex_1_data_ingestion_gcs_dag_v3, task_id=format_to_parquet_task, execution_date=20190301T000000, start_date=20220202T181152, end_date=20220202T181202
[2022-02-02 18:12:02,668] {local_task_job.py:154} INFO - Task exited with return code 0
[2022-02-02 18:12:02,704] {local_task_job.py:264} INFO - 1 downstream tasks scheduled from follow-on schedule check
[2022-02-10 12:50:52,827] {taskinstance.py:1032} INFO - Dependencies all met for <TaskInstance: ex_1_data_ingestion_gcs_dag_v3.format_to_parquet_task scheduled__2019-03-01T00:00:00+00:00 [queued]>
[2022-02-10 12:50:52,842] {taskinstance.py:1032} INFO - Dependencies all met for <TaskInstance: ex_1_data_ingestion_gcs_dag_v3.format_to_parquet_task scheduled__2019-03-01T00:00:00+00:00 [queued]>
[2022-02-10 12:50:52,843] {taskinstance.py:1238} INFO - 
--------------------------------------------------------------------------------
[2022-02-10 12:50:52,844] {taskinstance.py:1239} INFO - Starting attempt 1 of 1
[2022-02-10 12:50:52,845] {taskinstance.py:1240} INFO - 
--------------------------------------------------------------------------------
[2022-02-10 12:50:52,868] {taskinstance.py:1259} INFO - Executing <Task(PythonOperator): format_to_parquet_task> on 2019-03-01 00:00:00+00:00
[2022-02-10 12:50:52,877] {standard_task_runner.py:52} INFO - Started process 828 to run task
[2022-02-10 12:50:52,885] {standard_task_runner.py:76} INFO - Running: ['***', 'tasks', 'run', 'ex_1_data_ingestion_gcs_dag_v3', 'format_to_parquet_task', 'scheduled__2019-03-01T00:00:00+00:00', '--job-id', '667', '--raw', '--subdir', 'DAGS_FOLDER/data_ingestion_hw_1_ex.py', '--cfg-path', '/tmp/tmp9bm_7xjz', '--error-file', '/tmp/tmpo09l08vg']
[2022-02-10 12:50:52,891] {standard_task_runner.py:77} INFO - Job 667: Subtask format_to_parquet_task
[2022-02-10 12:50:53,007] {logging_mixin.py:109} INFO - Running <TaskInstance: ex_1_data_ingestion_gcs_dag_v3.format_to_parquet_task scheduled__2019-03-01T00:00:00+00:00 [running]> on host e30f201fae61
[2022-02-10 12:50:53,057] {warnings.py:110} WARNING - /home/***/.local/lib/python3.7/site-packages/***/utils/context.py:152: AirflowContextDeprecationWarning: Accessing 'execution_date' from the template is deprecated and will be removed in a future version. Please use 'data_interval_start' or 'logical_date' instead.
  warnings.warn(_create_deprecation_warning(key, self._deprecation_replacements[key]))

[2022-02-10 12:50:53,087] {taskinstance.py:1426} INFO - Exporting the following env vars:
AIRFLOW_CTX_DAG_OWNER=***
AIRFLOW_CTX_DAG_ID=ex_1_data_ingestion_gcs_dag_v3
AIRFLOW_CTX_TASK_ID=format_to_parquet_task
AIRFLOW_CTX_EXECUTION_DATE=2019-03-01T00:00:00+00:00
AIRFLOW_CTX_DAG_RUN_ID=scheduled__2019-03-01T00:00:00+00:00
[2022-02-10 12:51:01,303] {python.py:175} INFO - Done. Returned value was: None
[2022-02-10 12:51:01,320] {taskinstance.py:1277} INFO - Marking task as SUCCESS. dag_id=ex_1_data_ingestion_gcs_dag_v3, task_id=format_to_parquet_task, execution_date=20190301T000000, start_date=20220210T125052, end_date=20220210T125101
[2022-02-10 12:51:01,705] {local_task_job.py:154} INFO - Task exited with return code 0
[2022-02-10 12:51:01,751] {local_task_job.py:264} INFO - 0 downstream tasks scheduled from follow-on schedule check
[2022-02-10 15:32:57,574] {taskinstance.py:1032} INFO - Dependencies all met for <TaskInstance: ex_1_data_ingestion_gcs_dag_v3.format_to_parquet_task scheduled__2019-03-01T00:00:00+00:00 [queued]>
[2022-02-10 15:32:57,590] {taskinstance.py:1032} INFO - Dependencies all met for <TaskInstance: ex_1_data_ingestion_gcs_dag_v3.format_to_parquet_task scheduled__2019-03-01T00:00:00+00:00 [queued]>
[2022-02-10 15:32:57,591] {taskinstance.py:1238} INFO - 
--------------------------------------------------------------------------------
[2022-02-10 15:32:57,594] {taskinstance.py:1239} INFO - Starting attempt 1 of 1
[2022-02-10 15:32:57,595] {taskinstance.py:1240} INFO - 
--------------------------------------------------------------------------------
[2022-02-10 15:32:57,608] {taskinstance.py:1259} INFO - Executing <Task(PythonOperator): format_to_parquet_task> on 2019-03-01 00:00:00+00:00
[2022-02-10 15:32:57,616] {standard_task_runner.py:52} INFO - Started process 290 to run task
[2022-02-10 15:32:57,621] {standard_task_runner.py:76} INFO - Running: ['***', 'tasks', 'run', 'ex_1_data_ingestion_gcs_dag_v3', 'format_to_parquet_task', 'scheduled__2019-03-01T00:00:00+00:00', '--job-id', '791', '--raw', '--subdir', 'DAGS_FOLDER/data_ingestion_hw_1_ex.py', '--cfg-path', '/tmp/tmpnwcqwjgg', '--error-file', '/tmp/tmp7yhrl8tv']
[2022-02-10 15:32:57,624] {standard_task_runner.py:77} INFO - Job 791: Subtask format_to_parquet_task
[2022-02-10 15:32:57,699] {logging_mixin.py:109} INFO - Running <TaskInstance: ex_1_data_ingestion_gcs_dag_v3.format_to_parquet_task scheduled__2019-03-01T00:00:00+00:00 [running]> on host 276a0ad90304
[2022-02-10 15:32:57,747] {warnings.py:110} WARNING - /home/***/.local/lib/python3.7/site-packages/***/utils/context.py:152: AirflowContextDeprecationWarning: Accessing 'execution_date' from the template is deprecated and will be removed in a future version. Please use 'data_interval_start' or 'logical_date' instead.
  warnings.warn(_create_deprecation_warning(key, self._deprecation_replacements[key]))

[2022-02-10 15:32:57,778] {taskinstance.py:1426} INFO - Exporting the following env vars:
AIRFLOW_CTX_DAG_OWNER=***
AIRFLOW_CTX_DAG_ID=ex_1_data_ingestion_gcs_dag_v3
AIRFLOW_CTX_TASK_ID=format_to_parquet_task
AIRFLOW_CTX_EXECUTION_DATE=2019-03-01T00:00:00+00:00
AIRFLOW_CTX_DAG_RUN_ID=scheduled__2019-03-01T00:00:00+00:00
[2022-02-10 15:33:04,306] {python.py:175} INFO - Done. Returned value was: None
[2022-02-10 15:33:04,325] {taskinstance.py:1277} INFO - Marking task as SUCCESS. dag_id=ex_1_data_ingestion_gcs_dag_v3, task_id=format_to_parquet_task, execution_date=20190301T000000, start_date=20220210T153257, end_date=20220210T153304
[2022-02-10 15:33:04,814] {local_task_job.py:154} INFO - Task exited with return code 0
[2022-02-10 15:33:04,897] {local_task_job.py:264} INFO - 0 downstream tasks scheduled from follow-on schedule check
