[2022-02-03 14:59:49,114] {taskinstance.py:1032} INFO - Dependencies all met for <TaskInstance: FHV_data_ingestion_gcs_dag.download_dataset_task scheduled__2021-02-01T00:00:00+00:00 [queued]>
[2022-02-03 14:59:49,146] {taskinstance.py:1032} INFO - Dependencies all met for <TaskInstance: FHV_data_ingestion_gcs_dag.download_dataset_task scheduled__2021-02-01T00:00:00+00:00 [queued]>
[2022-02-03 14:59:49,148] {taskinstance.py:1238} INFO - 
--------------------------------------------------------------------------------
[2022-02-03 14:59:49,149] {taskinstance.py:1239} INFO - Starting attempt 1 of 1
[2022-02-03 14:59:49,151] {taskinstance.py:1240} INFO - 
--------------------------------------------------------------------------------
[2022-02-03 14:59:49,177] {taskinstance.py:1259} INFO - Executing <Task(BashOperator): download_dataset_task> on 2021-02-01 00:00:00+00:00
[2022-02-03 14:59:49,189] {standard_task_runner.py:52} INFO - Started process 2210 to run task
[2022-02-03 14:59:49,204] {standard_task_runner.py:76} INFO - Running: ['***', 'tasks', 'run', 'FHV_data_ingestion_gcs_dag', 'download_dataset_task', 'scheduled__2021-02-01T00:00:00+00:00', '--job-id', '515', '--raw', '--subdir', 'DAGS_FOLDER/FHV_injection_dag.py', '--cfg-path', '/tmp/tmp9qv5rjhn', '--error-file', '/tmp/tmpnpjf7bxz']
[2022-02-03 14:59:49,208] {standard_task_runner.py:77} INFO - Job 515: Subtask download_dataset_task
[2022-02-03 14:59:49,365] {logging_mixin.py:109} INFO - Running <TaskInstance: FHV_data_ingestion_gcs_dag.download_dataset_task scheduled__2021-02-01T00:00:00+00:00 [running]> on host 700aeb16bae0
[2022-02-03 14:59:49,450] {warnings.py:110} WARNING - /home/***/.local/lib/python3.7/site-packages/***/utils/context.py:152: AirflowContextDeprecationWarning: Accessing 'execution_date' from the template is deprecated and will be removed in a future version. Please use 'data_interval_start' or 'logical_date' instead.
  warnings.warn(_create_deprecation_warning(key, self._deprecation_replacements[key]))

[2022-02-03 14:59:49,502] {taskinstance.py:1426} INFO - Exporting the following env vars:
AIRFLOW_CTX_DAG_OWNER=***
AIRFLOW_CTX_DAG_ID=FHV_data_ingestion_gcs_dag
AIRFLOW_CTX_TASK_ID=download_dataset_task
AIRFLOW_CTX_EXECUTION_DATE=2021-02-01T00:00:00+00:00
AIRFLOW_CTX_DAG_RUN_ID=scheduled__2021-02-01T00:00:00+00:00
[2022-02-03 14:59:49,508] {subprocess.py:62} INFO - Tmp dir root location: 
 /tmp
[2022-02-03 14:59:49,513] {subprocess.py:74} INFO - Running command: ['bash', '-c', 'curl -sSLf https://nyc-tlc.s3.amazonaws.com/trip+data/fhv_tripdata_2021-02.csv > /opt/***/fhv_tripdata_2021-02.csv']
[2022-02-03 14:59:49,538] {subprocess.py:85} INFO - Output:
[2022-02-03 15:00:15,449] {subprocess.py:93} INFO - Command exited with return code 0
[2022-02-03 15:00:15,510] {taskinstance.py:1277} INFO - Marking task as SUCCESS. dag_id=FHV_data_ingestion_gcs_dag, task_id=download_dataset_task, execution_date=20210201T000000, start_date=20220203T145949, end_date=20220203T150015
[2022-02-03 15:00:15,584] {local_task_job.py:154} INFO - Task exited with return code 0
[2022-02-03 15:00:15,659] {local_task_job.py:264} INFO - 1 downstream tasks scheduled from follow-on schedule check
[2022-02-03 15:19:29,867] {taskinstance.py:1032} INFO - Dependencies all met for <TaskInstance: FHV_data_ingestion_gcs_dag.download_dataset_task scheduled__2021-02-01T00:00:00+00:00 [queued]>
[2022-02-03 15:19:29,882] {taskinstance.py:1032} INFO - Dependencies all met for <TaskInstance: FHV_data_ingestion_gcs_dag.download_dataset_task scheduled__2021-02-01T00:00:00+00:00 [queued]>
[2022-02-03 15:19:29,883] {taskinstance.py:1238} INFO - 
--------------------------------------------------------------------------------
[2022-02-03 15:19:29,884] {taskinstance.py:1239} INFO - Starting attempt 1 of 1
[2022-02-03 15:19:29,885] {taskinstance.py:1240} INFO - 
--------------------------------------------------------------------------------
[2022-02-03 15:19:29,899] {taskinstance.py:1259} INFO - Executing <Task(BashOperator): download_dataset_task> on 2021-02-01 00:00:00+00:00
[2022-02-03 15:19:29,905] {standard_task_runner.py:52} INFO - Started process 3568 to run task
[2022-02-03 15:19:29,909] {standard_task_runner.py:76} INFO - Running: ['***', 'tasks', 'run', 'FHV_data_ingestion_gcs_dag', 'download_dataset_task', 'scheduled__2021-02-01T00:00:00+00:00', '--job-id', '603', '--raw', '--subdir', 'DAGS_FOLDER/FHV_injection_dag.py', '--cfg-path', '/tmp/tmp6q3k1rbi', '--error-file', '/tmp/tmpksboag4b']
[2022-02-03 15:19:29,911] {standard_task_runner.py:77} INFO - Job 603: Subtask download_dataset_task
[2022-02-03 15:19:29,980] {logging_mixin.py:109} INFO - Running <TaskInstance: FHV_data_ingestion_gcs_dag.download_dataset_task scheduled__2021-02-01T00:00:00+00:00 [running]> on host 700aeb16bae0
[2022-02-03 15:19:30,019] {warnings.py:110} WARNING - /home/***/.local/lib/python3.7/site-packages/***/utils/context.py:152: AirflowContextDeprecationWarning: Accessing 'execution_date' from the template is deprecated and will be removed in a future version. Please use 'data_interval_start' or 'logical_date' instead.
  warnings.warn(_create_deprecation_warning(key, self._deprecation_replacements[key]))

[2022-02-03 15:19:30,043] {taskinstance.py:1426} INFO - Exporting the following env vars:
AIRFLOW_CTX_DAG_OWNER=***
AIRFLOW_CTX_DAG_ID=FHV_data_ingestion_gcs_dag
AIRFLOW_CTX_TASK_ID=download_dataset_task
AIRFLOW_CTX_EXECUTION_DATE=2021-02-01T00:00:00+00:00
AIRFLOW_CTX_DAG_RUN_ID=scheduled__2021-02-01T00:00:00+00:00
[2022-02-03 15:19:30,045] {subprocess.py:62} INFO - Tmp dir root location: 
 /tmp
[2022-02-03 15:19:30,046] {subprocess.py:74} INFO - Running command: ['bash', '-c', 'curl -sSLf https://nyc-tlc.s3.amazonaws.com/trip+data/fhv_tripdata_2021-02.csv > /opt/***/fhv_tripdata_2021-02.csv']
[2022-02-03 15:19:30,057] {subprocess.py:85} INFO - Output:
[2022-02-03 15:19:56,486] {subprocess.py:93} INFO - Command exited with return code 0
[2022-02-03 15:19:56,550] {taskinstance.py:1277} INFO - Marking task as SUCCESS. dag_id=FHV_data_ingestion_gcs_dag, task_id=download_dataset_task, execution_date=20210201T000000, start_date=20220203T151929, end_date=20220203T151956
[2022-02-03 15:19:56,601] {local_task_job.py:154} INFO - Task exited with return code 0
[2022-02-03 15:19:56,637] {local_task_job.py:264} INFO - 1 downstream tasks scheduled from follow-on schedule check
