[2022-02-02 13:40:27,799] {taskinstance.py:1032} INFO - Dependencies all met for <TaskInstance: ex_1_data_ingestion_gcs_dag.download_dataset_task scheduled__2019-12-01T00:00:00+00:00 [queued]>
[2022-02-02 13:40:27,886] {taskinstance.py:1032} INFO - Dependencies all met for <TaskInstance: ex_1_data_ingestion_gcs_dag.download_dataset_task scheduled__2019-12-01T00:00:00+00:00 [queued]>
[2022-02-02 13:40:27,888] {taskinstance.py:1238} INFO - 
--------------------------------------------------------------------------------
[2022-02-02 13:40:27,890] {taskinstance.py:1239} INFO - Starting attempt 1 of 1
[2022-02-02 13:40:27,893] {taskinstance.py:1240} INFO - 
--------------------------------------------------------------------------------
[2022-02-02 13:40:28,015] {taskinstance.py:1259} INFO - Executing <Task(BashOperator): download_dataset_task> on 2019-12-01 00:00:00+00:00
[2022-02-02 13:40:28,031] {standard_task_runner.py:52} INFO - Started process 1175 to run task
[2022-02-02 13:40:28,083] {standard_task_runner.py:76} INFO - Running: ['***', 'tasks', 'run', 'ex_1_data_ingestion_gcs_dag', 'download_dataset_task', 'scheduled__2019-12-01T00:00:00+00:00', '--job-id', '124', '--raw', '--subdir', 'DAGS_FOLDER/data_ingestion_hw_1_ex.py', '--cfg-path', '/tmp/tmpv0a9dmu1', '--error-file', '/tmp/tmpykjnmcp6']
[2022-02-02 13:40:28,086] {standard_task_runner.py:77} INFO - Job 124: Subtask download_dataset_task
[2022-02-02 13:40:28,396] {logging_mixin.py:109} INFO - Running <TaskInstance: ex_1_data_ingestion_gcs_dag.download_dataset_task scheduled__2019-12-01T00:00:00+00:00 [running]> on host 700aeb16bae0
[2022-02-02 13:40:28,518] {warnings.py:110} WARNING - /home/***/.local/lib/python3.7/site-packages/***/utils/context.py:152: AirflowContextDeprecationWarning: Accessing 'execution_date' from the template is deprecated and will be removed in a future version. Please use 'data_interval_start' or 'logical_date' instead.
  warnings.warn(_create_deprecation_warning(key, self._deprecation_replacements[key]))

[2022-02-02 13:40:28,555] {taskinstance.py:1426} INFO - Exporting the following env vars:
AIRFLOW_CTX_DAG_OWNER=***
AIRFLOW_CTX_DAG_ID=ex_1_data_ingestion_gcs_dag
AIRFLOW_CTX_TASK_ID=download_dataset_task
AIRFLOW_CTX_EXECUTION_DATE=2019-12-01T00:00:00+00:00
AIRFLOW_CTX_DAG_RUN_ID=scheduled__2019-12-01T00:00:00+00:00
[2022-02-02 13:40:28,559] {subprocess.py:62} INFO - Tmp dir root location: 
 /tmp
[2022-02-02 13:40:28,562] {subprocess.py:74} INFO - Running command: ['bash', '-c', 'curl -sS https://s3.amazonaws.com/nyc-tlc/trip+data/yellow_tripdata_2019-12.csv > /opt/***/yellow_tripdata_2019-12.csv']
[2022-02-02 13:40:28,588] {subprocess.py:85} INFO - Output:
[2022-02-02 13:45:26,097] {subprocess.py:93} INFO - Command exited with return code 0
[2022-02-02 13:45:26,519] {taskinstance.py:1277} INFO - Marking task as SUCCESS. dag_id=ex_1_data_ingestion_gcs_dag, task_id=download_dataset_task, execution_date=20191201T000000, start_date=20220202T134027, end_date=20220202T134526
[2022-02-02 13:45:27,557] {local_task_job.py:154} INFO - Task exited with return code 0
[2022-02-02 13:45:29,198] {local_task_job.py:264} INFO - 0 downstream tasks scheduled from follow-on schedule check
