[2022-02-12 11:04:53,121] {taskinstance.py:1032} INFO - Dependencies all met for <TaskInstance: data_2_gcs_dag.gcs_2_gcs_task scheduled__2022-02-11T00:00:00+00:00 [queued]>
[2022-02-12 11:04:53,141] {taskinstance.py:1032} INFO - Dependencies all met for <TaskInstance: data_2_gcs_dag.gcs_2_gcs_task scheduled__2022-02-11T00:00:00+00:00 [queued]>
[2022-02-12 11:04:53,142] {taskinstance.py:1238} INFO - 
--------------------------------------------------------------------------------
[2022-02-12 11:04:53,144] {taskinstance.py:1239} INFO - Starting attempt 1 of 2
[2022-02-12 11:04:53,145] {taskinstance.py:1240} INFO - 
--------------------------------------------------------------------------------
[2022-02-12 11:04:53,174] {taskinstance.py:1259} INFO - Executing <Task(GCSToGCSOperator): gcs_2_gcs_task> on 2022-02-11 00:00:00+00:00
[2022-02-12 11:04:53,186] {standard_task_runner.py:52} INFO - Started process 65 to run task
[2022-02-12 11:04:53,192] {standard_task_runner.py:76} INFO - Running: ['***', 'tasks', 'run', 'data_2_gcs_dag', 'gcs_2_gcs_task', 'scheduled__2022-02-11T00:00:00+00:00', '--job-id', '1033', '--raw', '--subdir', 'DAGS_FOLDER/data-2-gcs-dag.py', '--cfg-path', '/tmp/tmpnj54sn8a', '--error-file', '/tmp/tmp_thv7nkt']
[2022-02-12 11:04:53,197] {standard_task_runner.py:77} INFO - Job 1033: Subtask gcs_2_gcs_task
[2022-02-12 11:04:53,294] {logging_mixin.py:109} INFO - Running <TaskInstance: data_2_gcs_dag.gcs_2_gcs_task scheduled__2022-02-11T00:00:00+00:00 [running]> on host 853fb9201673
[2022-02-12 11:04:53,393] {taskinstance.py:1426} INFO - Exporting the following env vars:
AIRFLOW_CTX_DAG_OWNER=***
AIRFLOW_CTX_DAG_ID=data_2_gcs_dag
AIRFLOW_CTX_TASK_ID=gcs_2_gcs_task
AIRFLOW_CTX_EXECUTION_DATE=2022-02-11T00:00:00+00:00
AIRFLOW_CTX_DAG_RUN_ID=scheduled__2022-02-11T00:00:00+00:00
[2022-02-12 11:04:53,396] {crypto.py:82} WARNING - empty cryptography key - values will not be stored encrypted.
[2022-02-12 11:04:53,397] {gcs_to_gcs.py:346} INFO - Delimiter ignored because wildcard is in prefix
[2022-02-12 11:04:53,895] {gcs_to_gcs.py:431} INFO - Executing copy of gs://dtc_data_lake_vaulted-art-339212/raw/yellow_tripdata_2019-01.csv to gs://dtc_data_lake_vaulted-art-339212/yellow/yellow_tripdata_2019-01.csv
[2022-02-12 11:04:54,392] {gcs.py:251} INFO - Total Bytes: 687088084 | Bytes Written: 687088084
[2022-02-12 11:04:54,393] {gcs.py:264} INFO - Object raw/yellow_tripdata_2019-01.csv in bucket dtc_data_lake_vaulted-art-339212 rewritten to object yellow/yellow_tripdata_2019-01.csv in bucket dtc_data_lake_vaulted-art-339212
[2022-02-12 11:04:54,394] {gcs_to_gcs.py:431} INFO - Executing copy of gs://dtc_data_lake_vaulted-art-339212/raw/yellow_tripdata_2019-02.csv to gs://dtc_data_lake_vaulted-art-339212/yellow/yellow_tripdata_2019-02.csv
[2022-02-12 11:04:54,596] {gcs.py:251} INFO - Total Bytes: 649882828 | Bytes Written: 649882828
[2022-02-12 11:04:54,597] {gcs.py:264} INFO - Object raw/yellow_tripdata_2019-02.csv in bucket dtc_data_lake_vaulted-art-339212 rewritten to object yellow/yellow_tripdata_2019-02.csv in bucket dtc_data_lake_vaulted-art-339212
[2022-02-12 11:04:54,598] {gcs_to_gcs.py:431} INFO - Executing copy of gs://dtc_data_lake_vaulted-art-339212/raw/yellow_tripdata_2019-03.csv to gs://dtc_data_lake_vaulted-art-339212/yellow/yellow_tripdata_2019-03.csv
[2022-02-12 11:04:54,804] {gcs.py:251} INFO - Total Bytes: 726201566 | Bytes Written: 726201566
[2022-02-12 11:04:54,805] {gcs.py:264} INFO - Object raw/yellow_tripdata_2019-03.csv in bucket dtc_data_lake_vaulted-art-339212 rewritten to object yellow/yellow_tripdata_2019-03.csv in bucket dtc_data_lake_vaulted-art-339212
[2022-02-12 11:04:54,806] {gcs_to_gcs.py:431} INFO - Executing copy of gs://dtc_data_lake_vaulted-art-339212/raw/yellow_tripdata_2019-04.csv to gs://dtc_data_lake_vaulted-art-339212/yellow/yellow_tripdata_2019-04.csv
[2022-02-12 11:04:54,973] {gcs.py:251} INFO - Total Bytes: 689207122 | Bytes Written: 689207122
[2022-02-12 11:04:54,974] {gcs.py:264} INFO - Object raw/yellow_tripdata_2019-04.csv in bucket dtc_data_lake_vaulted-art-339212 rewritten to object yellow/yellow_tripdata_2019-04.csv in bucket dtc_data_lake_vaulted-art-339212
[2022-02-12 11:04:54,975] {gcs_to_gcs.py:431} INFO - Executing copy of gs://dtc_data_lake_vaulted-art-339212/raw/yellow_tripdata_2019-05.csv to gs://dtc_data_lake_vaulted-art-339212/yellow/yellow_tripdata_2019-05.csv
[2022-02-12 11:04:55,165] {gcs.py:251} INFO - Total Bytes: 701538890 | Bytes Written: 701538890
[2022-02-12 11:04:55,167] {gcs.py:264} INFO - Object raw/yellow_tripdata_2019-05.csv in bucket dtc_data_lake_vaulted-art-339212 rewritten to object yellow/yellow_tripdata_2019-05.csv in bucket dtc_data_lake_vaulted-art-339212
[2022-02-12 11:04:55,168] {gcs_to_gcs.py:431} INFO - Executing copy of gs://dtc_data_lake_vaulted-art-339212/raw/yellow_tripdata_2019-06.csv to gs://dtc_data_lake_vaulted-art-339212/yellow/yellow_tripdata_2019-06.csv
[2022-02-12 11:04:55,686] {gcs.py:251} INFO - Total Bytes: 643492154 | Bytes Written: 643492154
[2022-02-12 11:04:55,687] {gcs.py:264} INFO - Object raw/yellow_tripdata_2019-06.csv in bucket dtc_data_lake_vaulted-art-339212 rewritten to object yellow/yellow_tripdata_2019-06.csv in bucket dtc_data_lake_vaulted-art-339212
[2022-02-12 11:04:55,688] {gcs_to_gcs.py:431} INFO - Executing copy of gs://dtc_data_lake_vaulted-art-339212/raw/yellow_tripdata_2019-07.csv to gs://dtc_data_lake_vaulted-art-339212/yellow/yellow_tripdata_2019-07.csv
[2022-02-12 11:04:56,102] {gcs.py:251} INFO - Total Bytes: 584387609 | Bytes Written: 584387609
[2022-02-12 11:04:56,104] {gcs.py:264} INFO - Object raw/yellow_tripdata_2019-07.csv in bucket dtc_data_lake_vaulted-art-339212 rewritten to object yellow/yellow_tripdata_2019-07.csv in bucket dtc_data_lake_vaulted-art-339212
[2022-02-12 11:04:56,106] {gcs_to_gcs.py:431} INFO - Executing copy of gs://dtc_data_lake_vaulted-art-339212/raw/yellow_tripdata_2019-08.csv to gs://dtc_data_lake_vaulted-art-339212/yellow/yellow_tripdata_2019-08.csv
[2022-02-12 11:04:56,291] {gcs.py:251} INFO - Total Bytes: 562386202 | Bytes Written: 562386202
[2022-02-12 11:04:56,292] {gcs.py:264} INFO - Object raw/yellow_tripdata_2019-08.csv in bucket dtc_data_lake_vaulted-art-339212 rewritten to object yellow/yellow_tripdata_2019-08.csv in bucket dtc_data_lake_vaulted-art-339212
[2022-02-12 11:04:56,293] {gcs_to_gcs.py:431} INFO - Executing copy of gs://dtc_data_lake_vaulted-art-339212/raw/yellow_tripdata_2019-09.csv to gs://dtc_data_lake_vaulted-art-339212/yellow/yellow_tripdata_2019-09.csv
[2022-02-12 11:04:56,468] {gcs.py:251} INFO - Total Bytes: 608973500 | Bytes Written: 608973500
[2022-02-12 11:04:56,469] {gcs.py:264} INFO - Object raw/yellow_tripdata_2019-09.csv in bucket dtc_data_lake_vaulted-art-339212 rewritten to object yellow/yellow_tripdata_2019-09.csv in bucket dtc_data_lake_vaulted-art-339212
[2022-02-12 11:04:56,470] {gcs_to_gcs.py:431} INFO - Executing copy of gs://dtc_data_lake_vaulted-art-339212/raw/yellow_tripdata_2019-10.csv to gs://dtc_data_lake_vaulted-art-339212/yellow/yellow_tripdata_2019-10.csv
[2022-02-12 11:04:56,899] {gcs.py:251} INFO - Total Bytes: 669168416 | Bytes Written: 669168416
[2022-02-12 11:04:56,899] {gcs.py:264} INFO - Object raw/yellow_tripdata_2019-10.csv in bucket dtc_data_lake_vaulted-art-339212 rewritten to object yellow/yellow_tripdata_2019-10.csv in bucket dtc_data_lake_vaulted-art-339212
[2022-02-12 11:04:56,900] {gcs_to_gcs.py:431} INFO - Executing copy of gs://dtc_data_lake_vaulted-art-339212/raw/yellow_tripdata_2019-11.csv to gs://dtc_data_lake_vaulted-art-339212/yellow/yellow_tripdata_2019-11.csv
[2022-02-12 11:04:57,095] {gcs.py:251} INFO - Total Bytes: 637807959 | Bytes Written: 637807959
[2022-02-12 11:04:57,096] {gcs.py:264} INFO - Object raw/yellow_tripdata_2019-11.csv in bucket dtc_data_lake_vaulted-art-339212 rewritten to object yellow/yellow_tripdata_2019-11.csv in bucket dtc_data_lake_vaulted-art-339212
[2022-02-12 11:04:57,098] {gcs_to_gcs.py:431} INFO - Executing copy of gs://dtc_data_lake_vaulted-art-339212/raw/yellow_tripdata_2019-12.csv to gs://dtc_data_lake_vaulted-art-339212/yellow/yellow_tripdata_2019-12.csv
[2022-02-12 11:04:57,287] {gcs.py:251} INFO - Total Bytes: 639108129 | Bytes Written: 639108129
[2022-02-12 11:04:57,288] {gcs.py:264} INFO - Object raw/yellow_tripdata_2019-12.csv in bucket dtc_data_lake_vaulted-art-339212 rewritten to object yellow/yellow_tripdata_2019-12.csv in bucket dtc_data_lake_vaulted-art-339212
[2022-02-12 11:04:57,301] {taskinstance.py:1277} INFO - Marking task as SUCCESS. dag_id=data_2_gcs_dag, task_id=gcs_2_gcs_task, execution_date=20220211T000000, start_date=20220212T110453, end_date=20220212T110457
[2022-02-12 11:04:57,356] {local_task_job.py:154} INFO - Task exited with return code 0
[2022-02-12 11:04:57,424] {local_task_job.py:264} INFO - 1 downstream tasks scheduled from follow-on schedule check
[2022-02-12 11:10:53,478] {taskinstance.py:1032} INFO - Dependencies all met for <TaskInstance: data_2_gcs_dag.gcs_2_gcs_task scheduled__2022-02-11T00:00:00+00:00 [queued]>
[2022-02-12 11:10:53,498] {taskinstance.py:1032} INFO - Dependencies all met for <TaskInstance: data_2_gcs_dag.gcs_2_gcs_task scheduled__2022-02-11T00:00:00+00:00 [queued]>
[2022-02-12 11:10:53,500] {taskinstance.py:1238} INFO - 
--------------------------------------------------------------------------------
[2022-02-12 11:10:53,501] {taskinstance.py:1239} INFO - Starting attempt 1 of 2
[2022-02-12 11:10:53,502] {taskinstance.py:1240} INFO - 
--------------------------------------------------------------------------------
[2022-02-12 11:10:53,528] {taskinstance.py:1259} INFO - Executing <Task(GCSToGCSOperator): gcs_2_gcs_task> on 2022-02-11 00:00:00+00:00
[2022-02-12 11:10:53,539] {standard_task_runner.py:52} INFO - Started process 354 to run task
[2022-02-12 11:10:53,547] {standard_task_runner.py:76} INFO - Running: ['***', 'tasks', 'run', 'data_2_gcs_dag', 'gcs_2_gcs_task', 'scheduled__2022-02-11T00:00:00+00:00', '--job-id', '1037', '--raw', '--subdir', 'DAGS_FOLDER/data-2-gcs-dag.py', '--cfg-path', '/tmp/tmpcjg70gi9', '--error-file', '/tmp/tmpdrbh7pqv']
[2022-02-12 11:10:53,550] {standard_task_runner.py:77} INFO - Job 1037: Subtask gcs_2_gcs_task
[2022-02-12 11:10:53,640] {logging_mixin.py:109} INFO - Running <TaskInstance: data_2_gcs_dag.gcs_2_gcs_task scheduled__2022-02-11T00:00:00+00:00 [running]> on host 853fb9201673
[2022-02-12 11:10:53,705] {taskinstance.py:1426} INFO - Exporting the following env vars:
AIRFLOW_CTX_DAG_OWNER=***
AIRFLOW_CTX_DAG_ID=data_2_gcs_dag
AIRFLOW_CTX_TASK_ID=gcs_2_gcs_task
AIRFLOW_CTX_EXECUTION_DATE=2022-02-11T00:00:00+00:00
AIRFLOW_CTX_DAG_RUN_ID=scheduled__2022-02-11T00:00:00+00:00
[2022-02-12 11:10:53,708] {crypto.py:82} WARNING - empty cryptography key - values will not be stored encrypted.
[2022-02-12 11:10:53,710] {gcs_to_gcs.py:346} INFO - Delimiter ignored because wildcard is in prefix
[2022-02-12 11:10:53,969] {gcs_to_gcs.py:431} INFO - Executing copy of gs://dtc_data_lake_vaulted-art-339212/raw/yellow_tripdata_2019-08.csv to gs://dtc_data_lake_vaulted-art-339212/yellow/yellow_tripdata_2019-08.csv
[2022-02-12 11:10:54,419] {gcs.py:251} INFO - Total Bytes: 562386202 | Bytes Written: 562386202
[2022-02-12 11:10:54,428] {gcs.py:264} INFO - Object raw/yellow_tripdata_2019-08.csv in bucket dtc_data_lake_vaulted-art-339212 rewritten to object yellow/yellow_tripdata_2019-08.csv in bucket dtc_data_lake_vaulted-art-339212
[2022-02-12 11:10:54,436] {gcs_to_gcs.py:431} INFO - Executing copy of gs://dtc_data_lake_vaulted-art-339212/raw/yellow_tripdata_2019-12.csv to gs://dtc_data_lake_vaulted-art-339212/yellow/yellow_tripdata_2019-12.csv
[2022-02-12 11:10:54,929] {gcs.py:251} INFO - Total Bytes: 639108129 | Bytes Written: 639108129
[2022-02-12 11:10:54,931] {gcs.py:264} INFO - Object raw/yellow_tripdata_2019-12.csv in bucket dtc_data_lake_vaulted-art-339212 rewritten to object yellow/yellow_tripdata_2019-12.csv in bucket dtc_data_lake_vaulted-art-339212
[2022-02-12 11:10:54,932] {gcs_to_gcs.py:431} INFO - Executing copy of gs://dtc_data_lake_vaulted-art-339212/raw/yellow_tripdata_2019-05.csv to gs://dtc_data_lake_vaulted-art-339212/yellow/yellow_tripdata_2019-05.csv
[2022-02-12 11:10:55,415] {gcs.py:251} INFO - Total Bytes: 701538890 | Bytes Written: 701538890
[2022-02-12 11:10:55,417] {gcs.py:264} INFO - Object raw/yellow_tripdata_2019-05.csv in bucket dtc_data_lake_vaulted-art-339212 rewritten to object yellow/yellow_tripdata_2019-05.csv in bucket dtc_data_lake_vaulted-art-339212
[2022-02-12 11:10:55,418] {gcs_to_gcs.py:431} INFO - Executing copy of gs://dtc_data_lake_vaulted-art-339212/raw/yellow_tripdata_2019-03.csv to gs://dtc_data_lake_vaulted-art-339212/yellow/yellow_tripdata_2019-03.csv
[2022-02-12 11:10:55,816] {gcs.py:251} INFO - Total Bytes: 726201566 | Bytes Written: 726201566
[2022-02-12 11:10:55,817] {gcs.py:264} INFO - Object raw/yellow_tripdata_2019-03.csv in bucket dtc_data_lake_vaulted-art-339212 rewritten to object yellow/yellow_tripdata_2019-03.csv in bucket dtc_data_lake_vaulted-art-339212
[2022-02-12 11:10:55,818] {gcs_to_gcs.py:431} INFO - Executing copy of gs://dtc_data_lake_vaulted-art-339212/raw/yellow_tripdata_2019-01.csv to gs://dtc_data_lake_vaulted-art-339212/yellow/yellow_tripdata_2019-01.csv
[2022-02-12 11:10:56,269] {gcs.py:251} INFO - Total Bytes: 687088084 | Bytes Written: 687088084
[2022-02-12 11:10:56,271] {gcs.py:264} INFO - Object raw/yellow_tripdata_2019-01.csv in bucket dtc_data_lake_vaulted-art-339212 rewritten to object yellow/yellow_tripdata_2019-01.csv in bucket dtc_data_lake_vaulted-art-339212
[2022-02-12 11:10:56,271] {gcs_to_gcs.py:431} INFO - Executing copy of gs://dtc_data_lake_vaulted-art-339212/raw/yellow_tripdata_2019-02.csv to gs://dtc_data_lake_vaulted-art-339212/yellow/yellow_tripdata_2019-02.csv
[2022-02-12 11:10:56,716] {gcs.py:251} INFO - Total Bytes: 649882828 | Bytes Written: 649882828
[2022-02-12 11:10:56,718] {gcs.py:264} INFO - Object raw/yellow_tripdata_2019-02.csv in bucket dtc_data_lake_vaulted-art-339212 rewritten to object yellow/yellow_tripdata_2019-02.csv in bucket dtc_data_lake_vaulted-art-339212
[2022-02-12 11:10:56,719] {gcs_to_gcs.py:431} INFO - Executing copy of gs://dtc_data_lake_vaulted-art-339212/raw/yellow_tripdata_2019-04.csv to gs://dtc_data_lake_vaulted-art-339212/yellow/yellow_tripdata_2019-04.csv
[2022-02-12 11:10:57,185] {gcs.py:251} INFO - Total Bytes: 689207122 | Bytes Written: 689207122
[2022-02-12 11:10:57,186] {gcs.py:264} INFO - Object raw/yellow_tripdata_2019-04.csv in bucket dtc_data_lake_vaulted-art-339212 rewritten to object yellow/yellow_tripdata_2019-04.csv in bucket dtc_data_lake_vaulted-art-339212
[2022-02-12 11:10:57,187] {gcs_to_gcs.py:431} INFO - Executing copy of gs://dtc_data_lake_vaulted-art-339212/raw/yellow_tripdata_2019-11.csv to gs://dtc_data_lake_vaulted-art-339212/yellow/yellow_tripdata_2019-11.csv
[2022-02-12 11:10:57,670] {gcs.py:251} INFO - Total Bytes: 637807959 | Bytes Written: 637807959
[2022-02-12 11:10:57,672] {gcs.py:264} INFO - Object raw/yellow_tripdata_2019-11.csv in bucket dtc_data_lake_vaulted-art-339212 rewritten to object yellow/yellow_tripdata_2019-11.csv in bucket dtc_data_lake_vaulted-art-339212
[2022-02-12 11:10:57,673] {gcs_to_gcs.py:431} INFO - Executing copy of gs://dtc_data_lake_vaulted-art-339212/raw/yellow_tripdata_2019-06.csv to gs://dtc_data_lake_vaulted-art-339212/yellow/yellow_tripdata_2019-06.csv
[2022-02-12 11:10:58,135] {gcs.py:251} INFO - Total Bytes: 643492154 | Bytes Written: 643492154
[2022-02-12 11:10:58,137] {gcs.py:264} INFO - Object raw/yellow_tripdata_2019-06.csv in bucket dtc_data_lake_vaulted-art-339212 rewritten to object yellow/yellow_tripdata_2019-06.csv in bucket dtc_data_lake_vaulted-art-339212
[2022-02-12 11:10:58,138] {gcs_to_gcs.py:431} INFO - Executing copy of gs://dtc_data_lake_vaulted-art-339212/raw/yellow_tripdata_2019-10.csv to gs://dtc_data_lake_vaulted-art-339212/yellow/yellow_tripdata_2019-10.csv
[2022-02-12 11:10:58,593] {gcs.py:251} INFO - Total Bytes: 669168416 | Bytes Written: 669168416
[2022-02-12 11:10:58,595] {gcs.py:264} INFO - Object raw/yellow_tripdata_2019-10.csv in bucket dtc_data_lake_vaulted-art-339212 rewritten to object yellow/yellow_tripdata_2019-10.csv in bucket dtc_data_lake_vaulted-art-339212
[2022-02-12 11:10:58,595] {gcs_to_gcs.py:431} INFO - Executing copy of gs://dtc_data_lake_vaulted-art-339212/raw/yellow_tripdata_2019-07.csv to gs://dtc_data_lake_vaulted-art-339212/yellow/yellow_tripdata_2019-07.csv
[2022-02-12 11:10:59,204] {gcs.py:251} INFO - Total Bytes: 584387609 | Bytes Written: 584387609
[2022-02-12 11:10:59,206] {gcs.py:264} INFO - Object raw/yellow_tripdata_2019-07.csv in bucket dtc_data_lake_vaulted-art-339212 rewritten to object yellow/yellow_tripdata_2019-07.csv in bucket dtc_data_lake_vaulted-art-339212
[2022-02-12 11:10:59,208] {gcs_to_gcs.py:431} INFO - Executing copy of gs://dtc_data_lake_vaulted-art-339212/raw/yellow_tripdata_2019-09.csv to gs://dtc_data_lake_vaulted-art-339212/yellow/yellow_tripdata_2019-09.csv
[2022-02-12 11:10:59,720] {gcs.py:251} INFO - Total Bytes: 608973500 | Bytes Written: 608973500
[2022-02-12 11:10:59,723] {gcs.py:264} INFO - Object raw/yellow_tripdata_2019-09.csv in bucket dtc_data_lake_vaulted-art-339212 rewritten to object yellow/yellow_tripdata_2019-09.csv in bucket dtc_data_lake_vaulted-art-339212
[2022-02-12 11:10:59,741] {taskinstance.py:1277} INFO - Marking task as SUCCESS. dag_id=data_2_gcs_dag, task_id=gcs_2_gcs_task, execution_date=20220211T000000, start_date=20220212T111053, end_date=20220212T111059
[2022-02-12 11:10:59,801] {local_task_job.py:154} INFO - Task exited with return code 0
[2022-02-12 11:10:59,847] {local_task_job.py:264} INFO - 1 downstream tasks scheduled from follow-on schedule check
