[2022-02-12 12:14:45,723] {taskinstance.py:1032} INFO - Dependencies all met for <TaskInstance: data_2_gcs_dag.gcs_2_gcs_task scheduled__2022-02-11T00:00:00+00:00 [queued]>
[2022-02-12 12:14:45,738] {taskinstance.py:1032} INFO - Dependencies all met for <TaskInstance: data_2_gcs_dag.gcs_2_gcs_task scheduled__2022-02-11T00:00:00+00:00 [queued]>
[2022-02-12 12:14:45,740] {taskinstance.py:1238} INFO - 
--------------------------------------------------------------------------------
[2022-02-12 12:14:45,744] {taskinstance.py:1239} INFO - Starting attempt 2 of 3
[2022-02-12 12:14:45,745] {taskinstance.py:1240} INFO - 
--------------------------------------------------------------------------------
[2022-02-12 12:14:45,773] {taskinstance.py:1259} INFO - Executing <Task(GCSToGCSOperator): gcs_2_gcs_task> on 2022-02-11 00:00:00+00:00
[2022-02-12 12:14:45,779] {standard_task_runner.py:52} INFO - Started process 1022 to run task
[2022-02-12 12:14:45,791] {standard_task_runner.py:76} INFO - Running: ['***', 'tasks', 'run', 'data_2_gcs_dag', 'gcs_2_gcs_task', 'scheduled__2022-02-11T00:00:00+00:00', '--job-id', '1041', '--raw', '--subdir', 'DAGS_FOLDER/data-2-gcs-dag.py', '--cfg-path', '/tmp/tmpjed9h00v', '--error-file', '/tmp/tmp2b9lkch2']
[2022-02-12 12:14:45,793] {standard_task_runner.py:77} INFO - Job 1041: Subtask gcs_2_gcs_task
[2022-02-12 12:14:45,878] {logging_mixin.py:109} INFO - Running <TaskInstance: data_2_gcs_dag.gcs_2_gcs_task scheduled__2022-02-11T00:00:00+00:00 [running]> on host 853fb9201673
[2022-02-12 12:14:45,957] {taskinstance.py:1426} INFO - Exporting the following env vars:
AIRFLOW_CTX_DAG_OWNER=***
AIRFLOW_CTX_DAG_ID=data_2_gcs_dag
AIRFLOW_CTX_TASK_ID=gcs_2_gcs_task
AIRFLOW_CTX_EXECUTION_DATE=2022-02-11T00:00:00+00:00
AIRFLOW_CTX_DAG_RUN_ID=scheduled__2022-02-11T00:00:00+00:00
[2022-02-12 12:14:45,959] {crypto.py:82} WARNING - empty cryptography key - values will not be stored encrypted.
[2022-02-12 12:14:45,960] {gcs_to_gcs.py:346} INFO - Delimiter ignored because wildcard is in prefix
[2022-02-12 12:14:46,348] {gcs_to_gcs.py:431} INFO - Executing copy of gs://dtc_data_lake_vaulted-art-339212/raw/yellow_tripdata_2019-08.csv to gs://dtc_data_lake_vaulted-art-339212/yellow/yellow_tripdata_2019-08.csv
[2022-02-12 12:14:47,773] {gcs.py:251} INFO - Total Bytes: 562386202 | Bytes Written: 562386202
[2022-02-12 12:14:47,775] {gcs.py:264} INFO - Object raw/yellow_tripdata_2019-08.csv in bucket dtc_data_lake_vaulted-art-339212 rewritten to object yellow/yellow_tripdata_2019-08.csv in bucket dtc_data_lake_vaulted-art-339212
[2022-02-12 12:14:47,776] {gcs_to_gcs.py:431} INFO - Executing copy of gs://dtc_data_lake_vaulted-art-339212/raw/yellow_tripdata_2019-12.csv to gs://dtc_data_lake_vaulted-art-339212/yellow/yellow_tripdata_2019-12.csv
[2022-02-12 12:14:48,122] {gcs.py:251} INFO - Total Bytes: 639108129 | Bytes Written: 639108129
[2022-02-12 12:14:48,125] {gcs.py:264} INFO - Object raw/yellow_tripdata_2019-12.csv in bucket dtc_data_lake_vaulted-art-339212 rewritten to object yellow/yellow_tripdata_2019-12.csv in bucket dtc_data_lake_vaulted-art-339212
[2022-02-12 12:14:48,128] {gcs_to_gcs.py:431} INFO - Executing copy of gs://dtc_data_lake_vaulted-art-339212/raw/yellow_tripdata_2019-05.csv to gs://dtc_data_lake_vaulted-art-339212/yellow/yellow_tripdata_2019-05.csv
[2022-02-12 12:14:48,600] {gcs.py:251} INFO - Total Bytes: 701538890 | Bytes Written: 701538890
[2022-02-12 12:14:48,602] {gcs.py:264} INFO - Object raw/yellow_tripdata_2019-05.csv in bucket dtc_data_lake_vaulted-art-339212 rewritten to object yellow/yellow_tripdata_2019-05.csv in bucket dtc_data_lake_vaulted-art-339212
[2022-02-12 12:14:48,604] {gcs_to_gcs.py:431} INFO - Executing copy of gs://dtc_data_lake_vaulted-art-339212/raw/yellow_tripdata_2019-03.csv to gs://dtc_data_lake_vaulted-art-339212/yellow/yellow_tripdata_2019-03.csv
[2022-02-12 12:14:49,060] {gcs.py:251} INFO - Total Bytes: 726201566 | Bytes Written: 726201566
[2022-02-12 12:14:49,061] {gcs.py:264} INFO - Object raw/yellow_tripdata_2019-03.csv in bucket dtc_data_lake_vaulted-art-339212 rewritten to object yellow/yellow_tripdata_2019-03.csv in bucket dtc_data_lake_vaulted-art-339212
[2022-02-12 12:14:49,064] {gcs_to_gcs.py:431} INFO - Executing copy of gs://dtc_data_lake_vaulted-art-339212/raw/yellow_tripdata_2019-01.csv to gs://dtc_data_lake_vaulted-art-339212/yellow/yellow_tripdata_2019-01.csv
[2022-02-12 12:14:49,525] {gcs.py:251} INFO - Total Bytes: 687088084 | Bytes Written: 687088084
[2022-02-12 12:14:49,526] {gcs.py:264} INFO - Object raw/yellow_tripdata_2019-01.csv in bucket dtc_data_lake_vaulted-art-339212 rewritten to object yellow/yellow_tripdata_2019-01.csv in bucket dtc_data_lake_vaulted-art-339212
[2022-02-12 12:14:49,527] {gcs_to_gcs.py:431} INFO - Executing copy of gs://dtc_data_lake_vaulted-art-339212/raw/yellow_tripdata_2019-02.csv to gs://dtc_data_lake_vaulted-art-339212/yellow/yellow_tripdata_2019-02.csv
[2022-02-12 12:14:50,068] {gcs.py:251} INFO - Total Bytes: 649882828 | Bytes Written: 649882828
[2022-02-12 12:14:50,070] {gcs.py:264} INFO - Object raw/yellow_tripdata_2019-02.csv in bucket dtc_data_lake_vaulted-art-339212 rewritten to object yellow/yellow_tripdata_2019-02.csv in bucket dtc_data_lake_vaulted-art-339212
[2022-02-12 12:14:50,071] {gcs_to_gcs.py:431} INFO - Executing copy of gs://dtc_data_lake_vaulted-art-339212/raw/yellow_tripdata_2019-04.csv to gs://dtc_data_lake_vaulted-art-339212/yellow/yellow_tripdata_2019-04.csv
[2022-02-12 12:14:51,911] {gcs.py:251} INFO - Total Bytes: 689207122 | Bytes Written: 689207122
[2022-02-12 12:14:51,912] {gcs.py:264} INFO - Object raw/yellow_tripdata_2019-04.csv in bucket dtc_data_lake_vaulted-art-339212 rewritten to object yellow/yellow_tripdata_2019-04.csv in bucket dtc_data_lake_vaulted-art-339212
[2022-02-12 12:14:51,914] {gcs_to_gcs.py:431} INFO - Executing copy of gs://dtc_data_lake_vaulted-art-339212/raw/yellow_tripdata_2019-11.csv to gs://dtc_data_lake_vaulted-art-339212/yellow/yellow_tripdata_2019-11.csv
[2022-02-12 12:14:52,333] {gcs.py:251} INFO - Total Bytes: 637807959 | Bytes Written: 637807959
[2022-02-12 12:14:52,335] {gcs.py:264} INFO - Object raw/yellow_tripdata_2019-11.csv in bucket dtc_data_lake_vaulted-art-339212 rewritten to object yellow/yellow_tripdata_2019-11.csv in bucket dtc_data_lake_vaulted-art-339212
[2022-02-12 12:14:52,336] {gcs_to_gcs.py:431} INFO - Executing copy of gs://dtc_data_lake_vaulted-art-339212/raw/yellow_tripdata_2019-06.csv to gs://dtc_data_lake_vaulted-art-339212/yellow/yellow_tripdata_2019-06.csv
[2022-02-12 12:14:52,765] {gcs.py:251} INFO - Total Bytes: 643492154 | Bytes Written: 643492154
[2022-02-12 12:14:52,766] {gcs.py:264} INFO - Object raw/yellow_tripdata_2019-06.csv in bucket dtc_data_lake_vaulted-art-339212 rewritten to object yellow/yellow_tripdata_2019-06.csv in bucket dtc_data_lake_vaulted-art-339212
[2022-02-12 12:14:52,767] {gcs_to_gcs.py:431} INFO - Executing copy of gs://dtc_data_lake_vaulted-art-339212/raw/yellow_tripdata_2019-10.csv to gs://dtc_data_lake_vaulted-art-339212/yellow/yellow_tripdata_2019-10.csv
[2022-02-12 12:14:54,278] {gcs.py:251} INFO - Total Bytes: 669168416 | Bytes Written: 669168416
[2022-02-12 12:14:54,282] {gcs.py:264} INFO - Object raw/yellow_tripdata_2019-10.csv in bucket dtc_data_lake_vaulted-art-339212 rewritten to object yellow/yellow_tripdata_2019-10.csv in bucket dtc_data_lake_vaulted-art-339212
[2022-02-12 12:14:54,285] {gcs_to_gcs.py:431} INFO - Executing copy of gs://dtc_data_lake_vaulted-art-339212/raw/yellow_tripdata_2019-07.csv to gs://dtc_data_lake_vaulted-art-339212/yellow/yellow_tripdata_2019-07.csv
[2022-02-12 12:14:54,731] {gcs.py:251} INFO - Total Bytes: 584387609 | Bytes Written: 584387609
[2022-02-12 12:14:54,733] {gcs.py:264} INFO - Object raw/yellow_tripdata_2019-07.csv in bucket dtc_data_lake_vaulted-art-339212 rewritten to object yellow/yellow_tripdata_2019-07.csv in bucket dtc_data_lake_vaulted-art-339212
[2022-02-12 12:14:54,734] {gcs_to_gcs.py:431} INFO - Executing copy of gs://dtc_data_lake_vaulted-art-339212/raw/yellow_tripdata_2019-09.csv to gs://dtc_data_lake_vaulted-art-339212/yellow/yellow_tripdata_2019-09.csv
[2022-02-12 12:14:55,210] {gcs.py:251} INFO - Total Bytes: 608973500 | Bytes Written: 608973500
[2022-02-12 12:14:55,213] {gcs.py:264} INFO - Object raw/yellow_tripdata_2019-09.csv in bucket dtc_data_lake_vaulted-art-339212 rewritten to object yellow/yellow_tripdata_2019-09.csv in bucket dtc_data_lake_vaulted-art-339212
[2022-02-12 12:14:55,230] {taskinstance.py:1277} INFO - Marking task as SUCCESS. dag_id=data_2_gcs_dag, task_id=gcs_2_gcs_task, execution_date=20220211T000000, start_date=20220212T121445, end_date=20220212T121455
[2022-02-12 12:14:55,269] {local_task_job.py:154} INFO - Task exited with return code 0
[2022-02-12 12:14:55,339] {local_task_job.py:264} INFO - 1 downstream tasks scheduled from follow-on schedule check
