[2022-02-02 19:02:09,722] {taskinstance.py:1032} INFO - Dependencies all met for <TaskInstance: ex_1_data_ingestion_gcs_dag_v3.format_to_parquet_task scheduled__2020-12-01T00:00:00+00:00 [queued]>
[2022-02-02 19:02:09,739] {taskinstance.py:1032} INFO - Dependencies all met for <TaskInstance: ex_1_data_ingestion_gcs_dag_v3.format_to_parquet_task scheduled__2020-12-01T00:00:00+00:00 [queued]>
[2022-02-02 19:02:09,740] {taskinstance.py:1238} INFO - 
--------------------------------------------------------------------------------
[2022-02-02 19:02:09,741] {taskinstance.py:1239} INFO - Starting attempt 1 of 1
[2022-02-02 19:02:09,742] {taskinstance.py:1240} INFO - 
--------------------------------------------------------------------------------
[2022-02-02 19:02:09,759] {taskinstance.py:1259} INFO - Executing <Task(PythonOperator): format_to_parquet_task> on 2020-12-01 00:00:00+00:00
[2022-02-02 19:02:09,770] {standard_task_runner.py:52} INFO - Started process 11237 to run task
[2022-02-02 19:02:09,774] {standard_task_runner.py:76} INFO - Running: ['***', 'tasks', 'run', 'ex_1_data_ingestion_gcs_dag_v3', 'format_to_parquet_task', 'scheduled__2020-12-01T00:00:00+00:00', '--job-id', '372', '--raw', '--subdir', 'DAGS_FOLDER/data_ingestion_hw_1_ex.py', '--cfg-path', '/tmp/tmpseyejpbq', '--error-file', '/tmp/tmporjifgbg']
[2022-02-02 19:02:09,777] {standard_task_runner.py:77} INFO - Job 372: Subtask format_to_parquet_task
[2022-02-02 19:02:09,853] {logging_mixin.py:109} INFO - Running <TaskInstance: ex_1_data_ingestion_gcs_dag_v3.format_to_parquet_task scheduled__2020-12-01T00:00:00+00:00 [running]> on host 700aeb16bae0
[2022-02-02 19:02:09,896] {warnings.py:110} WARNING - /home/***/.local/lib/python3.7/site-packages/***/utils/context.py:152: AirflowContextDeprecationWarning: Accessing 'execution_date' from the template is deprecated and will be removed in a future version. Please use 'data_interval_start' or 'logical_date' instead.
  warnings.warn(_create_deprecation_warning(key, self._deprecation_replacements[key]))

[2022-02-02 19:02:09,920] {taskinstance.py:1426} INFO - Exporting the following env vars:
AIRFLOW_CTX_DAG_OWNER=***
AIRFLOW_CTX_DAG_ID=ex_1_data_ingestion_gcs_dag_v3
AIRFLOW_CTX_TASK_ID=format_to_parquet_task
AIRFLOW_CTX_EXECUTION_DATE=2020-12-01T00:00:00+00:00
AIRFLOW_CTX_DAG_RUN_ID=scheduled__2020-12-01T00:00:00+00:00
[2022-02-02 19:02:10,981] {python.py:175} INFO - Done. Returned value was: None
[2022-02-02 19:02:11,003] {taskinstance.py:1277} INFO - Marking task as SUCCESS. dag_id=ex_1_data_ingestion_gcs_dag_v3, task_id=format_to_parquet_task, execution_date=20201201T000000, start_date=20220202T190209, end_date=20220202T190211
[2022-02-02 19:02:11,123] {local_task_job.py:154} INFO - Task exited with return code 0
[2022-02-02 19:02:11,163] {local_task_job.py:264} INFO - 1 downstream tasks scheduled from follow-on schedule check
[2022-02-10 13:33:56,155] {taskinstance.py:1032} INFO - Dependencies all met for <TaskInstance: ex_1_data_ingestion_gcs_dag_v3.format_to_parquet_task scheduled__2020-12-01T00:00:00+00:00 [queued]>
[2022-02-10 13:33:56,251] {taskinstance.py:1032} INFO - Dependencies all met for <TaskInstance: ex_1_data_ingestion_gcs_dag_v3.format_to_parquet_task scheduled__2020-12-01T00:00:00+00:00 [queued]>
[2022-02-10 13:33:56,255] {taskinstance.py:1238} INFO - 
--------------------------------------------------------------------------------
[2022-02-10 13:33:56,258] {taskinstance.py:1239} INFO - Starting attempt 1 of 1
[2022-02-10 13:33:56,260] {taskinstance.py:1240} INFO - 
--------------------------------------------------------------------------------
[2022-02-10 13:33:56,324] {taskinstance.py:1259} INFO - Executing <Task(PythonOperator): format_to_parquet_task> on 2020-12-01 00:00:00+00:00
[2022-02-10 13:33:56,353] {standard_task_runner.py:52} INFO - Started process 3108 to run task
[2022-02-10 13:33:56,372] {standard_task_runner.py:76} INFO - Running: ['***', 'tasks', 'run', 'ex_1_data_ingestion_gcs_dag_v3', 'format_to_parquet_task', 'scheduled__2020-12-01T00:00:00+00:00', '--job-id', '730', '--raw', '--subdir', 'DAGS_FOLDER/data_ingestion_hw_1_ex.py', '--cfg-path', '/tmp/tmptzevg72s', '--error-file', '/tmp/tmpyhctxyv1']
[2022-02-10 13:33:56,384] {standard_task_runner.py:77} INFO - Job 730: Subtask format_to_parquet_task
[2022-02-10 13:33:56,764] {logging_mixin.py:109} INFO - Running <TaskInstance: ex_1_data_ingestion_gcs_dag_v3.format_to_parquet_task scheduled__2020-12-01T00:00:00+00:00 [running]> on host e30f201fae61
[2022-02-10 13:33:56,920] {warnings.py:110} WARNING - /home/***/.local/lib/python3.7/site-packages/***/utils/context.py:152: AirflowContextDeprecationWarning: Accessing 'execution_date' from the template is deprecated and will be removed in a future version. Please use 'data_interval_start' or 'logical_date' instead.
  warnings.warn(_create_deprecation_warning(key, self._deprecation_replacements[key]))

[2022-02-10 13:33:57,021] {taskinstance.py:1426} INFO - Exporting the following env vars:
AIRFLOW_CTX_DAG_OWNER=***
AIRFLOW_CTX_DAG_ID=ex_1_data_ingestion_gcs_dag_v3
AIRFLOW_CTX_TASK_ID=format_to_parquet_task
AIRFLOW_CTX_EXECUTION_DATE=2020-12-01T00:00:00+00:00
AIRFLOW_CTX_DAG_RUN_ID=scheduled__2020-12-01T00:00:00+00:00
[2022-02-10 13:34:01,776] {python.py:175} INFO - Done. Returned value was: None
[2022-02-10 13:34:01,805] {taskinstance.py:1277} INFO - Marking task as SUCCESS. dag_id=ex_1_data_ingestion_gcs_dag_v3, task_id=format_to_parquet_task, execution_date=20201201T000000, start_date=20220210T133356, end_date=20220210T133401
[2022-02-10 13:34:02,012] {local_task_job.py:154} INFO - Task exited with return code 0
[2022-02-10 13:34:02,128] {local_task_job.py:264} INFO - 0 downstream tasks scheduled from follow-on schedule check
[2022-02-10 15:41:16,228] {taskinstance.py:1032} INFO - Dependencies all met for <TaskInstance: ex_1_data_ingestion_gcs_dag_v3.format_to_parquet_task scheduled__2020-12-01T00:00:00+00:00 [queued]>
[2022-02-10 15:41:16,244] {taskinstance.py:1032} INFO - Dependencies all met for <TaskInstance: ex_1_data_ingestion_gcs_dag_v3.format_to_parquet_task scheduled__2020-12-01T00:00:00+00:00 [queued]>
[2022-02-10 15:41:16,245] {taskinstance.py:1238} INFO - 
--------------------------------------------------------------------------------
[2022-02-10 15:41:16,245] {taskinstance.py:1239} INFO - Starting attempt 1 of 1
[2022-02-10 15:41:16,246] {taskinstance.py:1240} INFO - 
--------------------------------------------------------------------------------
[2022-02-10 15:41:16,272] {taskinstance.py:1259} INFO - Executing <Task(PythonOperator): format_to_parquet_task> on 2020-12-01 00:00:00+00:00
[2022-02-10 15:41:16,286] {standard_task_runner.py:52} INFO - Started process 999 to run task
[2022-02-10 15:41:16,294] {standard_task_runner.py:76} INFO - Running: ['***', 'tasks', 'run', 'ex_1_data_ingestion_gcs_dag_v3', 'format_to_parquet_task', 'scheduled__2020-12-01T00:00:00+00:00', '--job-id', '852', '--raw', '--subdir', 'DAGS_FOLDER/data_ingestion_hw_1_ex.py', '--cfg-path', '/tmp/tmph6x2zhle', '--error-file', '/tmp/tmp9bbapjkv']
[2022-02-10 15:41:16,298] {standard_task_runner.py:77} INFO - Job 852: Subtask format_to_parquet_task
[2022-02-10 15:41:16,425] {logging_mixin.py:109} INFO - Running <TaskInstance: ex_1_data_ingestion_gcs_dag_v3.format_to_parquet_task scheduled__2020-12-01T00:00:00+00:00 [running]> on host 276a0ad90304
[2022-02-10 15:41:16,566] {warnings.py:110} WARNING - /home/***/.local/lib/python3.7/site-packages/***/utils/context.py:152: AirflowContextDeprecationWarning: Accessing 'execution_date' from the template is deprecated and will be removed in a future version. Please use 'data_interval_start' or 'logical_date' instead.
  warnings.warn(_create_deprecation_warning(key, self._deprecation_replacements[key]))

[2022-02-10 15:41:16,611] {taskinstance.py:1426} INFO - Exporting the following env vars:
AIRFLOW_CTX_DAG_OWNER=***
AIRFLOW_CTX_DAG_ID=ex_1_data_ingestion_gcs_dag_v3
AIRFLOW_CTX_TASK_ID=format_to_parquet_task
AIRFLOW_CTX_EXECUTION_DATE=2020-12-01T00:00:00+00:00
AIRFLOW_CTX_DAG_RUN_ID=scheduled__2020-12-01T00:00:00+00:00
[2022-02-10 15:41:18,436] {python.py:175} INFO - Done. Returned value was: None
[2022-02-10 15:41:18,473] {taskinstance.py:1277} INFO - Marking task as SUCCESS. dag_id=ex_1_data_ingestion_gcs_dag_v3, task_id=format_to_parquet_task, execution_date=20201201T000000, start_date=20220210T154116, end_date=20220210T154118
[2022-02-10 15:41:18,890] {local_task_job.py:154} INFO - Task exited with return code 0
[2022-02-10 15:41:19,169] {local_task_job.py:264} INFO - 0 downstream tasks scheduled from follow-on schedule check
