[2022-02-03 14:58:16,521] {taskinstance.py:1032} INFO - Dependencies all met for <TaskInstance: FHV_data_ingestion_gcs_dag.download_dataset_task scheduled__2020-11-01T00:00:00+00:00 [queued]>
[2022-02-03 14:58:16,548] {taskinstance.py:1032} INFO - Dependencies all met for <TaskInstance: FHV_data_ingestion_gcs_dag.download_dataset_task scheduled__2020-11-01T00:00:00+00:00 [queued]>
[2022-02-03 14:58:16,550] {taskinstance.py:1238} INFO - 
--------------------------------------------------------------------------------
[2022-02-03 14:58:16,551] {taskinstance.py:1239} INFO - Starting attempt 1 of 1
[2022-02-03 14:58:16,553] {taskinstance.py:1240} INFO - 
--------------------------------------------------------------------------------
[2022-02-03 14:58:16,576] {taskinstance.py:1259} INFO - Executing <Task(BashOperator): download_dataset_task> on 2020-11-01 00:00:00+00:00
[2022-02-03 14:58:16,584] {standard_task_runner.py:52} INFO - Started process 2088 to run task
[2022-02-03 14:58:16,592] {standard_task_runner.py:76} INFO - Running: ['***', 'tasks', 'run', 'FHV_data_ingestion_gcs_dag', 'download_dataset_task', 'scheduled__2020-11-01T00:00:00+00:00', '--job-id', '503', '--raw', '--subdir', 'DAGS_FOLDER/FHV_injection_dag.py', '--cfg-path', '/tmp/tmp045ua5cs', '--error-file', '/tmp/tmpu8zvl0f0']
[2022-02-03 14:58:16,595] {standard_task_runner.py:77} INFO - Job 503: Subtask download_dataset_task
[2022-02-03 14:58:16,708] {logging_mixin.py:109} INFO - Running <TaskInstance: FHV_data_ingestion_gcs_dag.download_dataset_task scheduled__2020-11-01T00:00:00+00:00 [running]> on host 700aeb16bae0
[2022-02-03 14:58:16,784] {warnings.py:110} WARNING - /home/***/.local/lib/python3.7/site-packages/***/utils/context.py:152: AirflowContextDeprecationWarning: Accessing 'execution_date' from the template is deprecated and will be removed in a future version. Please use 'data_interval_start' or 'logical_date' instead.
  warnings.warn(_create_deprecation_warning(key, self._deprecation_replacements[key]))

[2022-02-03 14:58:16,843] {taskinstance.py:1426} INFO - Exporting the following env vars:
AIRFLOW_CTX_DAG_OWNER=***
AIRFLOW_CTX_DAG_ID=FHV_data_ingestion_gcs_dag
AIRFLOW_CTX_TASK_ID=download_dataset_task
AIRFLOW_CTX_EXECUTION_DATE=2020-11-01T00:00:00+00:00
AIRFLOW_CTX_DAG_RUN_ID=scheduled__2020-11-01T00:00:00+00:00
[2022-02-03 14:58:16,845] {subprocess.py:62} INFO - Tmp dir root location: 
 /tmp
[2022-02-03 14:58:16,848] {subprocess.py:74} INFO - Running command: ['bash', '-c', 'curl -sSLf https://nyc-tlc.s3.amazonaws.com/trip+data/fhv_tripdata_2020-11.csv > /opt/***/fhv_tripdata_2020-11.csv']
[2022-02-03 14:58:16,871] {subprocess.py:85} INFO - Output:
[2022-02-03 14:58:23,628] {subprocess.py:93} INFO - Command exited with return code 0
[2022-02-03 14:58:23,679] {taskinstance.py:1277} INFO - Marking task as SUCCESS. dag_id=FHV_data_ingestion_gcs_dag, task_id=download_dataset_task, execution_date=20201101T000000, start_date=20220203T145816, end_date=20220203T145823
[2022-02-03 14:58:23,734] {local_task_job.py:154} INFO - Task exited with return code 0
[2022-02-03 14:58:23,814] {local_task_job.py:264} INFO - 1 downstream tasks scheduled from follow-on schedule check
[2022-02-03 15:17:58,829] {taskinstance.py:1032} INFO - Dependencies all met for <TaskInstance: FHV_data_ingestion_gcs_dag.download_dataset_task scheduled__2020-11-01T00:00:00+00:00 [queued]>
[2022-02-03 15:17:58,840] {taskinstance.py:1032} INFO - Dependencies all met for <TaskInstance: FHV_data_ingestion_gcs_dag.download_dataset_task scheduled__2020-11-01T00:00:00+00:00 [queued]>
[2022-02-03 15:17:58,841] {taskinstance.py:1238} INFO - 
--------------------------------------------------------------------------------
[2022-02-03 15:17:58,841] {taskinstance.py:1239} INFO - Starting attempt 1 of 1
[2022-02-03 15:17:58,842] {taskinstance.py:1240} INFO - 
--------------------------------------------------------------------------------
[2022-02-03 15:17:58,853] {taskinstance.py:1259} INFO - Executing <Task(BashOperator): download_dataset_task> on 2020-11-01 00:00:00+00:00
[2022-02-03 15:17:58,857] {standard_task_runner.py:52} INFO - Started process 3430 to run task
[2022-02-03 15:17:58,861] {standard_task_runner.py:76} INFO - Running: ['***', 'tasks', 'run', 'FHV_data_ingestion_gcs_dag', 'download_dataset_task', 'scheduled__2020-11-01T00:00:00+00:00', '--job-id', '592', '--raw', '--subdir', 'DAGS_FOLDER/FHV_injection_dag.py', '--cfg-path', '/tmp/tmpbz5tcd7p', '--error-file', '/tmp/tmpgmtxi4pl']
[2022-02-03 15:17:58,863] {standard_task_runner.py:77} INFO - Job 592: Subtask download_dataset_task
[2022-02-03 15:17:58,942] {logging_mixin.py:109} INFO - Running <TaskInstance: FHV_data_ingestion_gcs_dag.download_dataset_task scheduled__2020-11-01T00:00:00+00:00 [running]> on host 700aeb16bae0
[2022-02-03 15:17:58,985] {warnings.py:110} WARNING - /home/***/.local/lib/python3.7/site-packages/***/utils/context.py:152: AirflowContextDeprecationWarning: Accessing 'execution_date' from the template is deprecated and will be removed in a future version. Please use 'data_interval_start' or 'logical_date' instead.
  warnings.warn(_create_deprecation_warning(key, self._deprecation_replacements[key]))

[2022-02-03 15:17:59,009] {taskinstance.py:1426} INFO - Exporting the following env vars:
AIRFLOW_CTX_DAG_OWNER=***
AIRFLOW_CTX_DAG_ID=FHV_data_ingestion_gcs_dag
AIRFLOW_CTX_TASK_ID=download_dataset_task
AIRFLOW_CTX_EXECUTION_DATE=2020-11-01T00:00:00+00:00
AIRFLOW_CTX_DAG_RUN_ID=scheduled__2020-11-01T00:00:00+00:00
[2022-02-03 15:17:59,010] {subprocess.py:62} INFO - Tmp dir root location: 
 /tmp
[2022-02-03 15:17:59,012] {subprocess.py:74} INFO - Running command: ['bash', '-c', 'curl -sSLf https://nyc-tlc.s3.amazonaws.com/trip+data/fhv_tripdata_2020-11.csv > /opt/***/fhv_tripdata_2020-11.csv']
[2022-02-03 15:17:59,023] {subprocess.py:85} INFO - Output:
[2022-02-03 15:18:44,885] {subprocess.py:93} INFO - Command exited with return code 0
[2022-02-03 15:18:45,308] {taskinstance.py:1277} INFO - Marking task as SUCCESS. dag_id=FHV_data_ingestion_gcs_dag, task_id=download_dataset_task, execution_date=20201101T000000, start_date=20220203T151758, end_date=20220203T151845
[2022-02-03 15:18:45,430] {local_task_job.py:154} INFO - Task exited with return code 0
[2022-02-03 15:18:45,624] {local_task_job.py:264} INFO - 1 downstream tasks scheduled from follow-on schedule check
