[2022-02-03 17:32:06,315] {processor.py:163} INFO - Started process (PID=7577) to work on /opt/airflow/dags/zone_injection_dag.py
[2022-02-03 17:32:06,318] {processor.py:642} INFO - Processing file /opt/airflow/dags/zone_injection_dag.py for tasks to queue
[2022-02-03 17:32:06,320] {logging_mixin.py:109} INFO - [2022-02-03 17:32:06,320] {dagbag.py:500} INFO - Filling up the DagBag from /opt/airflow/dags/zone_injection_dag.py
[2022-02-03 17:32:06,546] {processor.py:654} INFO - DAG(s) dict_keys(['zones_data_ingestion_gcs_dag']) retrieved from /opt/airflow/dags/zone_injection_dag.py
[2022-02-03 17:32:08,656] {logging_mixin.py:109} INFO - [2022-02-03 17:32:08,656] {manager.py:496} INFO - Created Permission View: can read on DAG:zones_data_ingestion_gcs_dag
[2022-02-03 17:32:08,674] {logging_mixin.py:109} INFO - [2022-02-03 17:32:08,674] {manager.py:496} INFO - Created Permission View: can edit on DAG:zones_data_ingestion_gcs_dag
[2022-02-03 17:32:08,675] {logging_mixin.py:109} INFO - [2022-02-03 17:32:08,675] {dag.py:2396} INFO - Sync 1 DAGs
[2022-02-03 17:32:08,685] {logging_mixin.py:109} INFO - [2022-02-03 17:32:08,685] {dag.py:2415} INFO - Creating ORM DAG for zones_data_ingestion_gcs_dag
[2022-02-03 17:32:08,699] {logging_mixin.py:109} INFO - [2022-02-03 17:32:08,699] {dag.py:2935} INFO - Setting next_dagrun for zones_data_ingestion_gcs_dag to 2022-02-02T00:00:00+00:00
[2022-02-03 17:32:08,727] {processor.py:171} INFO - Processing /opt/airflow/dags/zone_injection_dag.py took 2.417 seconds
[2022-02-03 17:32:39,714] {processor.py:163} INFO - Started process (PID=7627) to work on /opt/airflow/dags/zone_injection_dag.py
[2022-02-03 17:32:39,716] {processor.py:642} INFO - Processing file /opt/airflow/dags/zone_injection_dag.py for tasks to queue
[2022-02-03 17:32:39,718] {logging_mixin.py:109} INFO - [2022-02-03 17:32:39,718] {dagbag.py:500} INFO - Filling up the DagBag from /opt/airflow/dags/zone_injection_dag.py
[2022-02-03 17:32:40,112] {processor.py:654} INFO - DAG(s) dict_keys(['zones_data_ingestion_gcs_dag']) retrieved from /opt/airflow/dags/zone_injection_dag.py
[2022-02-03 17:32:40,128] {logging_mixin.py:109} INFO - [2022-02-03 17:32:40,128] {dag.py:2396} INFO - Sync 1 DAGs
[2022-02-03 17:32:40,151] {logging_mixin.py:109} INFO - [2022-02-03 17:32:40,151] {dag.py:2935} INFO - Setting next_dagrun for zones_data_ingestion_gcs_dag to 2022-02-02T00:00:00+00:00
[2022-02-03 17:32:40,165] {processor.py:171} INFO - Processing /opt/airflow/dags/zone_injection_dag.py took 0.459 seconds
[2022-02-03 17:33:11,124] {processor.py:163} INFO - Started process (PID=7668) to work on /opt/airflow/dags/zone_injection_dag.py
[2022-02-03 17:33:11,127] {processor.py:642} INFO - Processing file /opt/airflow/dags/zone_injection_dag.py for tasks to queue
[2022-02-03 17:33:11,129] {logging_mixin.py:109} INFO - [2022-02-03 17:33:11,129] {dagbag.py:500} INFO - Filling up the DagBag from /opt/airflow/dags/zone_injection_dag.py
[2022-02-03 17:33:11,416] {processor.py:654} INFO - DAG(s) dict_keys(['zones_data_ingestion_gcs_dag']) retrieved from /opt/airflow/dags/zone_injection_dag.py
[2022-02-03 17:33:11,432] {logging_mixin.py:109} INFO - [2022-02-03 17:33:11,432] {dag.py:2396} INFO - Sync 1 DAGs
[2022-02-03 17:33:11,478] {logging_mixin.py:109} INFO - [2022-02-03 17:33:11,478] {dag.py:2935} INFO - Setting next_dagrun for zones_data_ingestion_gcs_dag to 2022-02-02T00:00:00+00:00
[2022-02-03 17:33:11,500] {processor.py:171} INFO - Processing /opt/airflow/dags/zone_injection_dag.py took 0.381 seconds
[2022-02-03 17:33:41,674] {processor.py:163} INFO - Started process (PID=7734) to work on /opt/airflow/dags/zone_injection_dag.py
[2022-02-03 17:33:41,677] {processor.py:642} INFO - Processing file /opt/airflow/dags/zone_injection_dag.py for tasks to queue
[2022-02-03 17:33:41,679] {logging_mixin.py:109} INFO - [2022-02-03 17:33:41,679] {dagbag.py:500} INFO - Filling up the DagBag from /opt/airflow/dags/zone_injection_dag.py
[2022-02-03 17:33:41,943] {processor.py:654} INFO - DAG(s) dict_keys(['zones_data_ingestion_gcs_dag']) retrieved from /opt/airflow/dags/zone_injection_dag.py
[2022-02-03 17:33:41,959] {logging_mixin.py:109} INFO - [2022-02-03 17:33:41,958] {dag.py:2396} INFO - Sync 1 DAGs
[2022-02-03 17:33:41,980] {logging_mixin.py:109} INFO - [2022-02-03 17:33:41,980] {dag.py:2935} INFO - Setting next_dagrun for zones_data_ingestion_gcs_dag to 2022-02-03T00:00:00+00:00
[2022-02-03 17:33:42,004] {processor.py:171} INFO - Processing /opt/airflow/dags/zone_injection_dag.py took 0.335 seconds
[2022-02-03 17:34:12,383] {processor.py:163} INFO - Started process (PID=7776) to work on /opt/airflow/dags/zone_injection_dag.py
[2022-02-03 17:34:12,388] {processor.py:642} INFO - Processing file /opt/airflow/dags/zone_injection_dag.py for tasks to queue
[2022-02-03 17:34:12,390] {logging_mixin.py:109} INFO - [2022-02-03 17:34:12,390] {dagbag.py:500} INFO - Filling up the DagBag from /opt/airflow/dags/zone_injection_dag.py
[2022-02-03 17:34:12,689] {processor.py:654} INFO - DAG(s) dict_keys(['zones_data_ingestion_gcs_dag']) retrieved from /opt/airflow/dags/zone_injection_dag.py
[2022-02-03 17:34:12,714] {logging_mixin.py:109} INFO - [2022-02-03 17:34:12,713] {dag.py:2396} INFO - Sync 1 DAGs
[2022-02-03 17:34:12,735] {logging_mixin.py:109} INFO - [2022-02-03 17:34:12,735] {dag.py:2935} INFO - Setting next_dagrun for zones_data_ingestion_gcs_dag to 2022-02-03T00:00:00+00:00
[2022-02-03 17:34:12,754] {processor.py:171} INFO - Processing /opt/airflow/dags/zone_injection_dag.py took 0.376 seconds
[2022-02-03 17:34:42,911] {processor.py:163} INFO - Started process (PID=7828) to work on /opt/airflow/dags/zone_injection_dag.py
[2022-02-03 17:34:42,914] {processor.py:642} INFO - Processing file /opt/airflow/dags/zone_injection_dag.py for tasks to queue
[2022-02-03 17:34:42,917] {logging_mixin.py:109} INFO - [2022-02-03 17:34:42,916] {dagbag.py:500} INFO - Filling up the DagBag from /opt/airflow/dags/zone_injection_dag.py
[2022-02-03 17:34:43,307] {processor.py:654} INFO - DAG(s) dict_keys(['zones_data_ingestion_gcs_dag']) retrieved from /opt/airflow/dags/zone_injection_dag.py
[2022-02-03 17:34:43,325] {logging_mixin.py:109} INFO - [2022-02-03 17:34:43,324] {dag.py:2396} INFO - Sync 1 DAGs
[2022-02-03 17:34:43,347] {logging_mixin.py:109} INFO - [2022-02-03 17:34:43,347] {dag.py:2935} INFO - Setting next_dagrun for zones_data_ingestion_gcs_dag to 2022-02-03T00:00:00+00:00
[2022-02-03 17:34:43,363] {processor.py:171} INFO - Processing /opt/airflow/dags/zone_injection_dag.py took 0.458 seconds
