[2022-02-02 17:17:37,838] {taskinstance.py:1032} INFO - Dependencies all met for <TaskInstance: ex_1_data_ingestion_gcs_dag.download_dataset_task scheduled__2020-03-01T00:00:00+00:00 [queued]>
[2022-02-02 17:17:37,859] {taskinstance.py:1032} INFO - Dependencies all met for <TaskInstance: ex_1_data_ingestion_gcs_dag.download_dataset_task scheduled__2020-03-01T00:00:00+00:00 [queued]>
[2022-02-02 17:17:37,860] {taskinstance.py:1238} INFO - 
--------------------------------------------------------------------------------
[2022-02-02 17:17:37,862] {taskinstance.py:1239} INFO - Starting attempt 2 of 2
[2022-02-02 17:17:37,864] {taskinstance.py:1240} INFO - 
--------------------------------------------------------------------------------
[2022-02-02 17:17:37,888] {taskinstance.py:1259} INFO - Executing <Task(BashOperator): download_dataset_task> on 2020-03-01 00:00:00+00:00
[2022-02-02 17:17:37,899] {standard_task_runner.py:52} INFO - Started process 5536 to run task
[2022-02-02 17:17:37,904] {standard_task_runner.py:76} INFO - Running: ['***', 'tasks', 'run', 'ex_1_data_ingestion_gcs_dag', 'download_dataset_task', 'scheduled__2020-03-01T00:00:00+00:00', '--job-id', '200', '--raw', '--subdir', 'DAGS_FOLDER/data_ingestion_hw_1_ex.py', '--cfg-path', '/tmp/tmpfomf1s0u', '--error-file', '/tmp/tmp84sbzfdj']
[2022-02-02 17:17:37,905] {standard_task_runner.py:77} INFO - Job 200: Subtask download_dataset_task
[2022-02-02 17:17:37,989] {logging_mixin.py:109} INFO - Running <TaskInstance: ex_1_data_ingestion_gcs_dag.download_dataset_task scheduled__2020-03-01T00:00:00+00:00 [running]> on host 700aeb16bae0
[2022-02-02 17:17:38,036] {warnings.py:110} WARNING - /home/***/.local/lib/python3.7/site-packages/***/utils/context.py:152: AirflowContextDeprecationWarning: Accessing 'execution_date' from the template is deprecated and will be removed in a future version. Please use 'data_interval_start' or 'logical_date' instead.
  warnings.warn(_create_deprecation_warning(key, self._deprecation_replacements[key]))

[2022-02-02 17:17:38,066] {taskinstance.py:1426} INFO - Exporting the following env vars:
AIRFLOW_CTX_DAG_OWNER=***
AIRFLOW_CTX_DAG_ID=ex_1_data_ingestion_gcs_dag
AIRFLOW_CTX_TASK_ID=download_dataset_task
AIRFLOW_CTX_EXECUTION_DATE=2020-03-01T00:00:00+00:00
AIRFLOW_CTX_DAG_RUN_ID=scheduled__2020-03-01T00:00:00+00:00
[2022-02-02 17:17:38,067] {subprocess.py:62} INFO - Tmp dir root location: 
 /tmp
[2022-02-02 17:17:38,069] {subprocess.py:74} INFO - Running command: ['bash', '-c', 'curl -sS https://s3.amazonaws.com/nyc-tlc/trip+data/yellow_tripdata_2020-03.csv > /opt/***/yellow_tripdata_2020-03.csv']
[2022-02-02 17:17:38,084] {subprocess.py:85} INFO - Output:
[2022-02-02 17:19:14,829] {subprocess.py:93} INFO - Command exited with return code 0
[2022-02-02 17:19:14,883] {taskinstance.py:1277} INFO - Marking task as SUCCESS. dag_id=ex_1_data_ingestion_gcs_dag, task_id=download_dataset_task, execution_date=20200301T000000, start_date=20220202T171737, end_date=20220202T171914
[2022-02-02 17:19:14,945] {local_task_job.py:154} INFO - Task exited with return code 0
[2022-02-02 17:19:14,995] {local_task_job.py:264} INFO - 1 downstream tasks scheduled from follow-on schedule check
