[2022-02-02 19:12:17,208] {taskinstance.py:1032} INFO - Dependencies all met for <TaskInstance: ex_1_data_ingestion_gcs_dag_v3.local_to_gcs_task scheduled__2021-08-01T00:00:00+00:00 [queued]>
[2022-02-02 19:12:17,220] {taskinstance.py:1032} INFO - Dependencies all met for <TaskInstance: ex_1_data_ingestion_gcs_dag_v3.local_to_gcs_task scheduled__2021-08-01T00:00:00+00:00 [queued]>
[2022-02-02 19:12:17,221] {taskinstance.py:1238} INFO - 
--------------------------------------------------------------------------------
[2022-02-02 19:12:17,222] {taskinstance.py:1239} INFO - Starting attempt 1 of 1
[2022-02-02 19:12:17,222] {taskinstance.py:1240} INFO - 
--------------------------------------------------------------------------------
[2022-02-02 19:12:17,236] {taskinstance.py:1259} INFO - Executing <Task(PythonOperator): local_to_gcs_task> on 2021-08-01 00:00:00+00:00
[2022-02-02 19:12:17,243] {standard_task_runner.py:52} INFO - Started process 11849 to run task
[2022-02-02 19:12:17,248] {standard_task_runner.py:76} INFO - Running: ['***', 'tasks', 'run', 'ex_1_data_ingestion_gcs_dag_v3', 'local_to_gcs_task', 'scheduled__2021-08-01T00:00:00+00:00', '--job-id', '397', '--raw', '--subdir', 'DAGS_FOLDER/data_ingestion_hw_1_ex.py', '--cfg-path', '/tmp/tmpd0_m5nj4', '--error-file', '/tmp/tmp2u9oxmd2']
[2022-02-02 19:12:17,250] {standard_task_runner.py:77} INFO - Job 397: Subtask local_to_gcs_task
[2022-02-02 19:12:17,332] {logging_mixin.py:109} INFO - Running <TaskInstance: ex_1_data_ingestion_gcs_dag_v3.local_to_gcs_task scheduled__2021-08-01T00:00:00+00:00 [running]> on host 700aeb16bae0
[2022-02-02 19:12:17,375] {warnings.py:110} WARNING - /home/***/.local/lib/python3.7/site-packages/***/utils/context.py:152: AirflowContextDeprecationWarning: Accessing 'execution_date' from the template is deprecated and will be removed in a future version. Please use 'data_interval_start' or 'logical_date' instead.
  warnings.warn(_create_deprecation_warning(key, self._deprecation_replacements[key]))

[2022-02-02 19:12:17,399] {taskinstance.py:1426} INFO - Exporting the following env vars:
AIRFLOW_CTX_DAG_OWNER=***
AIRFLOW_CTX_DAG_ID=ex_1_data_ingestion_gcs_dag_v3
AIRFLOW_CTX_TASK_ID=local_to_gcs_task
AIRFLOW_CTX_EXECUTION_DATE=2021-08-01T00:00:00+00:00
AIRFLOW_CTX_DAG_RUN_ID=scheduled__2021-08-01T00:00:00+00:00
[2022-02-02 19:12:17,713] {python.py:175} INFO - Done. Returned value was: None
[2022-02-02 19:12:17,730] {taskinstance.py:1277} INFO - Marking task as SUCCESS. dag_id=ex_1_data_ingestion_gcs_dag_v3, task_id=local_to_gcs_task, execution_date=20210801T000000, start_date=20220202T191217, end_date=20220202T191217
[2022-02-02 19:12:17,792] {local_task_job.py:154} INFO - Task exited with return code 0
[2022-02-02 19:12:17,830] {local_task_job.py:264} INFO - 0 downstream tasks scheduled from follow-on schedule check
