[2022-02-02 18:53:09,290] {taskinstance.py:1032} INFO - Dependencies all met for <TaskInstance: ex_1_data_ingestion_gcs_dag_v3.download_dataset_task scheduled__2020-06-01T00:00:00+00:00 [queued]>
[2022-02-02 18:53:09,305] {taskinstance.py:1032} INFO - Dependencies all met for <TaskInstance: ex_1_data_ingestion_gcs_dag_v3.download_dataset_task scheduled__2020-06-01T00:00:00+00:00 [queued]>
[2022-02-02 18:53:09,307] {taskinstance.py:1238} INFO - 
--------------------------------------------------------------------------------
[2022-02-02 18:53:09,309] {taskinstance.py:1239} INFO - Starting attempt 1 of 1
[2022-02-02 18:53:09,311] {taskinstance.py:1240} INFO - 
--------------------------------------------------------------------------------
[2022-02-02 18:53:09,326] {taskinstance.py:1259} INFO - Executing <Task(BashOperator): download_dataset_task> on 2020-06-01 00:00:00+00:00
[2022-02-02 18:53:09,332] {standard_task_runner.py:52} INFO - Started process 10710 to run task
[2022-02-02 18:53:09,336] {standard_task_runner.py:76} INFO - Running: ['***', 'tasks', 'run', 'ex_1_data_ingestion_gcs_dag_v3', 'download_dataset_task', 'scheduled__2020-06-01T00:00:00+00:00', '--job-id', '353', '--raw', '--subdir', 'DAGS_FOLDER/data_ingestion_hw_1_ex.py', '--cfg-path', '/tmp/tmpp6rcihdh', '--error-file', '/tmp/tmp599y7ans']
[2022-02-02 18:53:09,337] {standard_task_runner.py:77} INFO - Job 353: Subtask download_dataset_task
[2022-02-02 18:53:09,383] {logging_mixin.py:109} INFO - Running <TaskInstance: ex_1_data_ingestion_gcs_dag_v3.download_dataset_task scheduled__2020-06-01T00:00:00+00:00 [running]> on host 700aeb16bae0
[2022-02-02 18:53:09,434] {warnings.py:110} WARNING - /home/***/.local/lib/python3.7/site-packages/***/utils/context.py:152: AirflowContextDeprecationWarning: Accessing 'execution_date' from the template is deprecated and will be removed in a future version. Please use 'data_interval_start' or 'logical_date' instead.
  warnings.warn(_create_deprecation_warning(key, self._deprecation_replacements[key]))

[2022-02-02 18:53:09,463] {taskinstance.py:1426} INFO - Exporting the following env vars:
AIRFLOW_CTX_DAG_OWNER=***
AIRFLOW_CTX_DAG_ID=ex_1_data_ingestion_gcs_dag_v3
AIRFLOW_CTX_TASK_ID=download_dataset_task
AIRFLOW_CTX_EXECUTION_DATE=2020-06-01T00:00:00+00:00
AIRFLOW_CTX_DAG_RUN_ID=scheduled__2020-06-01T00:00:00+00:00
[2022-02-02 18:53:09,465] {subprocess.py:62} INFO - Tmp dir root location: 
 /tmp
[2022-02-02 18:53:09,466] {subprocess.py:74} INFO - Running command: ['bash', '-c', 'curl -sS https://s3.amazonaws.com/nyc-tlc/trip+data/yellow_tripdata_2020-06.csv > /opt/***/yellow_tripdata_2020-06.csv']
[2022-02-02 18:53:09,481] {subprocess.py:85} INFO - Output:
[2022-02-02 18:53:46,951] {subprocess.py:93} INFO - Command exited with return code 0
[2022-02-02 18:53:46,991] {taskinstance.py:1277} INFO - Marking task as SUCCESS. dag_id=ex_1_data_ingestion_gcs_dag_v3, task_id=download_dataset_task, execution_date=20200601T000000, start_date=20220202T185309, end_date=20220202T185346
[2022-02-02 18:53:47,029] {local_task_job.py:154} INFO - Task exited with return code 0
[2022-02-02 18:53:47,083] {local_task_job.py:264} INFO - 1 downstream tasks scheduled from follow-on schedule check
[2022-02-10 13:23:10,848] {taskinstance.py:1032} INFO - Dependencies all met for <TaskInstance: ex_1_data_ingestion_gcs_dag_v3.download_dataset_task scheduled__2020-06-01T00:00:00+00:00 [queued]>
[2022-02-10 13:23:10,858] {taskinstance.py:1032} INFO - Dependencies all met for <TaskInstance: ex_1_data_ingestion_gcs_dag_v3.download_dataset_task scheduled__2020-06-01T00:00:00+00:00 [queued]>
[2022-02-10 13:23:10,859] {taskinstance.py:1238} INFO - 
--------------------------------------------------------------------------------
[2022-02-10 13:23:10,860] {taskinstance.py:1239} INFO - Starting attempt 1 of 1
[2022-02-10 13:23:10,861] {taskinstance.py:1240} INFO - 
--------------------------------------------------------------------------------
[2022-02-10 13:23:10,874] {taskinstance.py:1259} INFO - Executing <Task(BashOperator): download_dataset_task> on 2020-06-01 00:00:00+00:00
[2022-02-10 13:23:10,883] {standard_task_runner.py:52} INFO - Started process 2573 to run task
[2022-02-10 13:23:10,888] {standard_task_runner.py:76} INFO - Running: ['***', 'tasks', 'run', 'ex_1_data_ingestion_gcs_dag_v3', 'download_dataset_task', 'scheduled__2020-06-01T00:00:00+00:00', '--job-id', '711', '--raw', '--subdir', 'DAGS_FOLDER/data_ingestion_hw_1_ex.py', '--cfg-path', '/tmp/tmpkzy__l9y', '--error-file', '/tmp/tmpnmkfjnnk']
[2022-02-10 13:23:10,889] {standard_task_runner.py:77} INFO - Job 711: Subtask download_dataset_task
[2022-02-10 13:23:10,968] {logging_mixin.py:109} INFO - Running <TaskInstance: ex_1_data_ingestion_gcs_dag_v3.download_dataset_task scheduled__2020-06-01T00:00:00+00:00 [running]> on host e30f201fae61
[2022-02-10 13:23:11,013] {warnings.py:110} WARNING - /home/***/.local/lib/python3.7/site-packages/***/utils/context.py:152: AirflowContextDeprecationWarning: Accessing 'execution_date' from the template is deprecated and will be removed in a future version. Please use 'data_interval_start' or 'logical_date' instead.
  warnings.warn(_create_deprecation_warning(key, self._deprecation_replacements[key]))

[2022-02-10 13:23:11,038] {taskinstance.py:1426} INFO - Exporting the following env vars:
AIRFLOW_CTX_DAG_OWNER=***
AIRFLOW_CTX_DAG_ID=ex_1_data_ingestion_gcs_dag_v3
AIRFLOW_CTX_TASK_ID=download_dataset_task
AIRFLOW_CTX_EXECUTION_DATE=2020-06-01T00:00:00+00:00
AIRFLOW_CTX_DAG_RUN_ID=scheduled__2020-06-01T00:00:00+00:00
[2022-02-10 13:23:11,040] {subprocess.py:62} INFO - Tmp dir root location: 
 /tmp
[2022-02-10 13:23:11,042] {subprocess.py:74} INFO - Running command: ['bash', '-c', 'curl -sS https://s3.amazonaws.com/nyc-tlc/trip+data/yellow_tripdata_2020-06.csv > /opt/***/yellow_tripdata_2020-06.csv']
[2022-02-10 13:23:11,060] {subprocess.py:85} INFO - Output:
[2022-02-10 13:23:51,703] {subprocess.py:93} INFO - Command exited with return code 0
[2022-02-10 13:23:51,744] {taskinstance.py:1277} INFO - Marking task as SUCCESS. dag_id=ex_1_data_ingestion_gcs_dag_v3, task_id=download_dataset_task, execution_date=20200601T000000, start_date=20220210T132310, end_date=20220210T132351
[2022-02-10 13:23:51,780] {local_task_job.py:154} INFO - Task exited with return code 0
[2022-02-10 13:23:51,823] {local_task_job.py:264} INFO - 1 downstream tasks scheduled from follow-on schedule check
[2022-02-10 15:40:10,513] {taskinstance.py:1032} INFO - Dependencies all met for <TaskInstance: ex_1_data_ingestion_gcs_dag_v3.download_dataset_task scheduled__2020-06-01T00:00:00+00:00 [queued]>
[2022-02-10 15:40:10,540] {taskinstance.py:1032} INFO - Dependencies all met for <TaskInstance: ex_1_data_ingestion_gcs_dag_v3.download_dataset_task scheduled__2020-06-01T00:00:00+00:00 [queued]>
[2022-02-10 15:40:10,541] {taskinstance.py:1238} INFO - 
--------------------------------------------------------------------------------
[2022-02-10 15:40:10,543] {taskinstance.py:1239} INFO - Starting attempt 1 of 1
[2022-02-10 15:40:10,545] {taskinstance.py:1240} INFO - 
--------------------------------------------------------------------------------
[2022-02-10 15:40:10,573] {taskinstance.py:1259} INFO - Executing <Task(BashOperator): download_dataset_task> on 2020-06-01 00:00:00+00:00
[2022-02-10 15:40:10,597] {standard_task_runner.py:52} INFO - Started process 828 to run task
[2022-02-10 15:40:10,602] {standard_task_runner.py:76} INFO - Running: ['***', 'tasks', 'run', 'ex_1_data_ingestion_gcs_dag_v3', 'download_dataset_task', 'scheduled__2020-06-01T00:00:00+00:00', '--job-id', '830', '--raw', '--subdir', 'DAGS_FOLDER/data_ingestion_hw_1_ex.py', '--cfg-path', '/tmp/tmpimdpm6zd', '--error-file', '/tmp/tmpqgjh4lv_']
[2022-02-10 15:40:10,605] {standard_task_runner.py:77} INFO - Job 830: Subtask download_dataset_task
[2022-02-10 15:40:10,778] {logging_mixin.py:109} INFO - Running <TaskInstance: ex_1_data_ingestion_gcs_dag_v3.download_dataset_task scheduled__2020-06-01T00:00:00+00:00 [running]> on host 276a0ad90304
[2022-02-10 15:40:10,827] {warnings.py:110} WARNING - /home/***/.local/lib/python3.7/site-packages/***/utils/context.py:152: AirflowContextDeprecationWarning: Accessing 'execution_date' from the template is deprecated and will be removed in a future version. Please use 'data_interval_start' or 'logical_date' instead.
  warnings.warn(_create_deprecation_warning(key, self._deprecation_replacements[key]))

[2022-02-10 15:40:10,853] {taskinstance.py:1426} INFO - Exporting the following env vars:
AIRFLOW_CTX_DAG_OWNER=***
AIRFLOW_CTX_DAG_ID=ex_1_data_ingestion_gcs_dag_v3
AIRFLOW_CTX_TASK_ID=download_dataset_task
AIRFLOW_CTX_EXECUTION_DATE=2020-06-01T00:00:00+00:00
AIRFLOW_CTX_DAG_RUN_ID=scheduled__2020-06-01T00:00:00+00:00
[2022-02-10 15:40:10,855] {subprocess.py:62} INFO - Tmp dir root location: 
 /tmp
[2022-02-10 15:40:10,856] {subprocess.py:74} INFO - Running command: ['bash', '-c', 'curl -sS https://s3.amazonaws.com/nyc-tlc/trip+data/yellow_tripdata_2020-06.csv > /opt/***/yellow_tripdata_2020-06.csv']
[2022-02-10 15:40:10,872] {subprocess.py:85} INFO - Output:
[2022-02-10 15:40:20,399] {subprocess.py:93} INFO - Command exited with return code 0
[2022-02-10 15:40:20,436] {taskinstance.py:1277} INFO - Marking task as SUCCESS. dag_id=ex_1_data_ingestion_gcs_dag_v3, task_id=download_dataset_task, execution_date=20200601T000000, start_date=20220210T154010, end_date=20220210T154020
[2022-02-10 15:40:20,490] {local_task_job.py:154} INFO - Task exited with return code 0
[2022-02-10 15:40:20,533] {local_task_job.py:264} INFO - 1 downstream tasks scheduled from follow-on schedule check
[2022-02-10 16:41:14,908] {taskinstance.py:1032} INFO - Dependencies all met for <TaskInstance: ex_1_data_ingestion_gcs_dag_v3.download_dataset_task scheduled__2020-06-01T00:00:00+00:00 [queued]>
[2022-02-10 16:41:14,921] {taskinstance.py:1032} INFO - Dependencies all met for <TaskInstance: ex_1_data_ingestion_gcs_dag_v3.download_dataset_task scheduled__2020-06-01T00:00:00+00:00 [queued]>
[2022-02-10 16:41:14,923] {taskinstance.py:1238} INFO - 
--------------------------------------------------------------------------------
[2022-02-10 16:41:14,924] {taskinstance.py:1239} INFO - Starting attempt 1 of 1
[2022-02-10 16:41:14,926] {taskinstance.py:1240} INFO - 
--------------------------------------------------------------------------------
[2022-02-10 16:41:14,951] {taskinstance.py:1259} INFO - Executing <Task(BashOperator): download_dataset_task> on 2020-06-01 00:00:00+00:00
[2022-02-10 16:41:14,958] {standard_task_runner.py:52} INFO - Started process 746 to run task
[2022-02-10 16:41:14,963] {standard_task_runner.py:76} INFO - Running: ['***', 'tasks', 'run', 'ex_1_data_ingestion_gcs_dag_v3', 'download_dataset_task', 'scheduled__2020-06-01T00:00:00+00:00', '--job-id', '959', '--raw', '--subdir', 'DAGS_FOLDER/data_ingestion_hw_1_ex.py', '--cfg-path', '/tmp/tmpb0o3f7v7', '--error-file', '/tmp/tmpv3izbgxx']
[2022-02-10 16:41:14,966] {standard_task_runner.py:77} INFO - Job 959: Subtask download_dataset_task
[2022-02-10 16:41:15,068] {logging_mixin.py:109} INFO - Running <TaskInstance: ex_1_data_ingestion_gcs_dag_v3.download_dataset_task scheduled__2020-06-01T00:00:00+00:00 [running]> on host 106a34111faf
[2022-02-10 16:41:15,132] {warnings.py:110} WARNING - /home/***/.local/lib/python3.7/site-packages/***/utils/context.py:152: AirflowContextDeprecationWarning: Accessing 'execution_date' from the template is deprecated and will be removed in a future version. Please use 'data_interval_start' or 'logical_date' instead.
  warnings.warn(_create_deprecation_warning(key, self._deprecation_replacements[key]))

[2022-02-10 16:41:15,156] {taskinstance.py:1426} INFO - Exporting the following env vars:
AIRFLOW_CTX_DAG_OWNER=***
AIRFLOW_CTX_DAG_ID=ex_1_data_ingestion_gcs_dag_v3
AIRFLOW_CTX_TASK_ID=download_dataset_task
AIRFLOW_CTX_EXECUTION_DATE=2020-06-01T00:00:00+00:00
AIRFLOW_CTX_DAG_RUN_ID=scheduled__2020-06-01T00:00:00+00:00
[2022-02-10 16:41:15,158] {subprocess.py:62} INFO - Tmp dir root location: 
 /tmp
[2022-02-10 16:41:15,160] {subprocess.py:74} INFO - Running command: ['bash', '-c', 'curl -sS https://s3.amazonaws.com/nyc-tlc/trip+data/yellow_tripdata_2020-06.csv > /opt/***/yellow_tripdata_2020-06.csv']
[2022-02-10 16:41:15,177] {subprocess.py:85} INFO - Output:
[2022-02-10 16:41:18,564] {subprocess.py:93} INFO - Command exited with return code 0
[2022-02-10 16:41:18,637] {taskinstance.py:1277} INFO - Marking task as SUCCESS. dag_id=ex_1_data_ingestion_gcs_dag_v3, task_id=download_dataset_task, execution_date=20200601T000000, start_date=20220210T164114, end_date=20220210T164118
[2022-02-10 16:41:18,707] {local_task_job.py:154} INFO - Task exited with return code 0
[2022-02-10 16:41:18,760] {local_task_job.py:264} INFO - 1 downstream tasks scheduled from follow-on schedule check
