[2022-02-02 19:03:05,622] {taskinstance.py:1032} INFO - Dependencies all met for <TaskInstance: ex_1_data_ingestion_gcs_dag_v3.local_to_gcs_task scheduled__2021-01-01T00:00:00+00:00 [queued]>
[2022-02-02 19:03:05,636] {taskinstance.py:1032} INFO - Dependencies all met for <TaskInstance: ex_1_data_ingestion_gcs_dag_v3.local_to_gcs_task scheduled__2021-01-01T00:00:00+00:00 [queued]>
[2022-02-02 19:03:05,637] {taskinstance.py:1238} INFO - 
--------------------------------------------------------------------------------
[2022-02-02 19:03:05,637] {taskinstance.py:1239} INFO - Starting attempt 1 of 1
[2022-02-02 19:03:05,638] {taskinstance.py:1240} INFO - 
--------------------------------------------------------------------------------
[2022-02-02 19:03:05,651] {taskinstance.py:1259} INFO - Executing <Task(PythonOperator): local_to_gcs_task> on 2021-01-01 00:00:00+00:00
[2022-02-02 19:03:05,657] {standard_task_runner.py:52} INFO - Started process 11304 to run task
[2022-02-02 19:03:05,662] {standard_task_runner.py:76} INFO - Running: ['***', 'tasks', 'run', 'ex_1_data_ingestion_gcs_dag_v3', 'local_to_gcs_task', 'scheduled__2021-01-01T00:00:00+00:00', '--job-id', '376', '--raw', '--subdir', 'DAGS_FOLDER/data_ingestion_hw_1_ex.py', '--cfg-path', '/tmp/tmpriw5wj1q', '--error-file', '/tmp/tmpi9stpfgr']
[2022-02-02 19:03:05,663] {standard_task_runner.py:77} INFO - Job 376: Subtask local_to_gcs_task
[2022-02-02 19:03:05,734] {logging_mixin.py:109} INFO - Running <TaskInstance: ex_1_data_ingestion_gcs_dag_v3.local_to_gcs_task scheduled__2021-01-01T00:00:00+00:00 [running]> on host 700aeb16bae0
[2022-02-02 19:03:05,790] {warnings.py:110} WARNING - /home/***/.local/lib/python3.7/site-packages/***/utils/context.py:152: AirflowContextDeprecationWarning: Accessing 'execution_date' from the template is deprecated and will be removed in a future version. Please use 'data_interval_start' or 'logical_date' instead.
  warnings.warn(_create_deprecation_warning(key, self._deprecation_replacements[key]))

[2022-02-02 19:03:05,823] {taskinstance.py:1426} INFO - Exporting the following env vars:
AIRFLOW_CTX_DAG_OWNER=***
AIRFLOW_CTX_DAG_ID=ex_1_data_ingestion_gcs_dag_v3
AIRFLOW_CTX_TASK_ID=local_to_gcs_task
AIRFLOW_CTX_EXECUTION_DATE=2021-01-01T00:00:00+00:00
AIRFLOW_CTX_DAG_RUN_ID=scheduled__2021-01-01T00:00:00+00:00
[2022-02-02 19:03:08,665] {python.py:175} INFO - Done. Returned value was: None
[2022-02-02 19:03:08,683] {taskinstance.py:1277} INFO - Marking task as SUCCESS. dag_id=ex_1_data_ingestion_gcs_dag_v3, task_id=local_to_gcs_task, execution_date=20210101T000000, start_date=20220202T190305, end_date=20220202T190308
[2022-02-02 19:03:08,759] {local_task_job.py:154} INFO - Task exited with return code 0
[2022-02-02 19:03:08,775] {local_task_job.py:264} INFO - 0 downstream tasks scheduled from follow-on schedule check
[2022-02-10 13:36:04,485] {taskinstance.py:1032} INFO - Dependencies all met for <TaskInstance: ex_1_data_ingestion_gcs_dag_v3.local_to_gcs_task scheduled__2021-01-01T00:00:00+00:00 [queued]>
[2022-02-10 13:36:04,546] {taskinstance.py:1032} INFO - Dependencies all met for <TaskInstance: ex_1_data_ingestion_gcs_dag_v3.local_to_gcs_task scheduled__2021-01-01T00:00:00+00:00 [queued]>
[2022-02-10 13:36:04,552] {taskinstance.py:1238} INFO - 
--------------------------------------------------------------------------------
[2022-02-10 13:36:04,556] {taskinstance.py:1239} INFO - Starting attempt 1 of 1
[2022-02-10 13:36:04,560] {taskinstance.py:1240} INFO - 
--------------------------------------------------------------------------------
[2022-02-10 13:36:04,651] {taskinstance.py:1259} INFO - Executing <Task(PythonOperator): local_to_gcs_task> on 2021-01-01 00:00:00+00:00
[2022-02-10 13:36:04,665] {standard_task_runner.py:52} INFO - Started process 3202 to run task
[2022-02-10 13:36:04,684] {standard_task_runner.py:76} INFO - Running: ['***', 'tasks', 'run', 'ex_1_data_ingestion_gcs_dag_v3', 'local_to_gcs_task', 'scheduled__2021-01-01T00:00:00+00:00', '--job-id', '734', '--raw', '--subdir', 'DAGS_FOLDER/data_ingestion_hw_1_ex.py', '--cfg-path', '/tmp/tmp7zfyo1pb', '--error-file', '/tmp/tmp57yb3uqo']
[2022-02-10 13:36:04,689] {standard_task_runner.py:77} INFO - Job 734: Subtask local_to_gcs_task
[2022-02-10 13:36:04,976] {logging_mixin.py:109} INFO - Running <TaskInstance: ex_1_data_ingestion_gcs_dag_v3.local_to_gcs_task scheduled__2021-01-01T00:00:00+00:00 [running]> on host e30f201fae61
[2022-02-10 13:36:05,129] {warnings.py:110} WARNING - /home/***/.local/lib/python3.7/site-packages/***/utils/context.py:152: AirflowContextDeprecationWarning: Accessing 'execution_date' from the template is deprecated and will be removed in a future version. Please use 'data_interval_start' or 'logical_date' instead.
  warnings.warn(_create_deprecation_warning(key, self._deprecation_replacements[key]))

[2022-02-10 13:36:05,187] {taskinstance.py:1426} INFO - Exporting the following env vars:
AIRFLOW_CTX_DAG_OWNER=***
AIRFLOW_CTX_DAG_ID=ex_1_data_ingestion_gcs_dag_v3
AIRFLOW_CTX_TASK_ID=local_to_gcs_task
AIRFLOW_CTX_EXECUTION_DATE=2021-01-01T00:00:00+00:00
AIRFLOW_CTX_DAG_RUN_ID=scheduled__2021-01-01T00:00:00+00:00
[2022-02-10 13:36:08,497] {python.py:175} INFO - Done. Returned value was: None
[2022-02-10 13:36:08,561] {taskinstance.py:1277} INFO - Marking task as SUCCESS. dag_id=ex_1_data_ingestion_gcs_dag_v3, task_id=local_to_gcs_task, execution_date=20210101T000000, start_date=20220210T133604, end_date=20220210T133608
[2022-02-10 13:36:08,656] {local_task_job.py:154} INFO - Task exited with return code 0
[2022-02-10 13:36:08,764] {local_task_job.py:264} INFO - 0 downstream tasks scheduled from follow-on schedule check
[2022-02-10 15:41:31,169] {taskinstance.py:1032} INFO - Dependencies all met for <TaskInstance: ex_1_data_ingestion_gcs_dag_v3.local_to_gcs_task scheduled__2021-01-01T00:00:00+00:00 [queued]>
[2022-02-10 15:41:31,183] {taskinstance.py:1032} INFO - Dependencies all met for <TaskInstance: ex_1_data_ingestion_gcs_dag_v3.local_to_gcs_task scheduled__2021-01-01T00:00:00+00:00 [queued]>
[2022-02-10 15:41:31,184] {taskinstance.py:1238} INFO - 
--------------------------------------------------------------------------------
[2022-02-10 15:41:31,185] {taskinstance.py:1239} INFO - Starting attempt 1 of 1
[2022-02-10 15:41:31,186] {taskinstance.py:1240} INFO - 
--------------------------------------------------------------------------------
[2022-02-10 15:41:31,200] {taskinstance.py:1259} INFO - Executing <Task(PythonOperator): local_to_gcs_task> on 2021-01-01 00:00:00+00:00
[2022-02-10 15:41:31,208] {standard_task_runner.py:52} INFO - Started process 1041 to run task
[2022-02-10 15:41:31,218] {standard_task_runner.py:76} INFO - Running: ['***', 'tasks', 'run', 'ex_1_data_ingestion_gcs_dag_v3', 'local_to_gcs_task', 'scheduled__2021-01-01T00:00:00+00:00', '--job-id', '857', '--raw', '--subdir', 'DAGS_FOLDER/data_ingestion_hw_1_ex.py', '--cfg-path', '/tmp/tmppo7x4b1k', '--error-file', '/tmp/tmposcvix24']
[2022-02-10 15:41:31,220] {standard_task_runner.py:77} INFO - Job 857: Subtask local_to_gcs_task
[2022-02-10 15:41:31,304] {logging_mixin.py:109} INFO - Running <TaskInstance: ex_1_data_ingestion_gcs_dag_v3.local_to_gcs_task scheduled__2021-01-01T00:00:00+00:00 [running]> on host 276a0ad90304
[2022-02-10 15:41:31,366] {warnings.py:110} WARNING - /home/***/.local/lib/python3.7/site-packages/***/utils/context.py:152: AirflowContextDeprecationWarning: Accessing 'execution_date' from the template is deprecated and will be removed in a future version. Please use 'data_interval_start' or 'logical_date' instead.
  warnings.warn(_create_deprecation_warning(key, self._deprecation_replacements[key]))

[2022-02-10 15:41:31,397] {taskinstance.py:1426} INFO - Exporting the following env vars:
AIRFLOW_CTX_DAG_OWNER=***
AIRFLOW_CTX_DAG_ID=ex_1_data_ingestion_gcs_dag_v3
AIRFLOW_CTX_TASK_ID=local_to_gcs_task
AIRFLOW_CTX_EXECUTION_DATE=2021-01-01T00:00:00+00:00
AIRFLOW_CTX_DAG_RUN_ID=scheduled__2021-01-01T00:00:00+00:00
[2022-02-10 15:41:34,704] {python.py:175} INFO - Done. Returned value was: None
[2022-02-10 15:41:34,726] {taskinstance.py:1277} INFO - Marking task as SUCCESS. dag_id=ex_1_data_ingestion_gcs_dag_v3, task_id=local_to_gcs_task, execution_date=20210101T000000, start_date=20220210T154131, end_date=20220210T154134
[2022-02-10 15:41:34,756] {local_task_job.py:154} INFO - Task exited with return code 0
[2022-02-10 15:41:34,799] {local_task_job.py:264} INFO - 0 downstream tasks scheduled from follow-on schedule check
[2022-02-10 16:42:56,080] {taskinstance.py:1032} INFO - Dependencies all met for <TaskInstance: ex_1_data_ingestion_gcs_dag_v3.local_to_gcs_task scheduled__2021-01-01T00:00:00+00:00 [queued]>
[2022-02-10 16:42:56,114] {taskinstance.py:1032} INFO - Dependencies all met for <TaskInstance: ex_1_data_ingestion_gcs_dag_v3.local_to_gcs_task scheduled__2021-01-01T00:00:00+00:00 [queued]>
[2022-02-10 16:42:56,115] {taskinstance.py:1238} INFO - 
--------------------------------------------------------------------------------
[2022-02-10 16:42:56,117] {taskinstance.py:1239} INFO - Starting attempt 1 of 1
[2022-02-10 16:42:56,119] {taskinstance.py:1240} INFO - 
--------------------------------------------------------------------------------
[2022-02-10 16:42:56,150] {taskinstance.py:1259} INFO - Executing <Task(PythonOperator): local_to_gcs_task> on 2021-01-01 00:00:00+00:00
[2022-02-10 16:42:56,164] {standard_task_runner.py:52} INFO - Started process 891 to run task
[2022-02-10 16:42:56,180] {standard_task_runner.py:76} INFO - Running: ['***', 'tasks', 'run', 'ex_1_data_ingestion_gcs_dag_v3', 'local_to_gcs_task', 'scheduled__2021-01-01T00:00:00+00:00', '--job-id', '974', '--raw', '--subdir', 'DAGS_FOLDER/data_ingestion_hw_1_ex.py', '--cfg-path', '/tmp/tmpgq3w_fmo', '--error-file', '/tmp/tmp_5qz551i']
[2022-02-10 16:42:56,185] {standard_task_runner.py:77} INFO - Job 974: Subtask local_to_gcs_task
[2022-02-10 16:42:56,331] {logging_mixin.py:109} INFO - Running <TaskInstance: ex_1_data_ingestion_gcs_dag_v3.local_to_gcs_task scheduled__2021-01-01T00:00:00+00:00 [running]> on host 106a34111faf
[2022-02-10 16:42:56,438] {warnings.py:110} WARNING - /home/***/.local/lib/python3.7/site-packages/***/utils/context.py:152: AirflowContextDeprecationWarning: Accessing 'execution_date' from the template is deprecated and will be removed in a future version. Please use 'data_interval_start' or 'logical_date' instead.
  warnings.warn(_create_deprecation_warning(key, self._deprecation_replacements[key]))

[2022-02-10 16:42:56,494] {taskinstance.py:1426} INFO - Exporting the following env vars:
AIRFLOW_CTX_DAG_OWNER=***
AIRFLOW_CTX_DAG_ID=ex_1_data_ingestion_gcs_dag_v3
AIRFLOW_CTX_TASK_ID=local_to_gcs_task
AIRFLOW_CTX_EXECUTION_DATE=2021-01-01T00:00:00+00:00
AIRFLOW_CTX_DAG_RUN_ID=scheduled__2021-01-01T00:00:00+00:00
[2022-02-10 16:43:07,710] {python.py:175} INFO - Done. Returned value was: None
[2022-02-10 16:43:07,730] {taskinstance.py:1277} INFO - Marking task as SUCCESS. dag_id=ex_1_data_ingestion_gcs_dag_v3, task_id=local_to_gcs_task, execution_date=20210101T000000, start_date=20220210T164256, end_date=20220210T164307
[2022-02-10 16:43:07,809] {local_task_job.py:154} INFO - Task exited with return code 0
[2022-02-10 16:43:07,893] {local_task_job.py:264} INFO - 0 downstream tasks scheduled from follow-on schedule check
