[2022-02-03 14:56:46,322] {taskinstance.py:1032} INFO - Dependencies all met for <TaskInstance: FHV_data_ingestion_gcs_dag.format_to_parquet_task scheduled__2020-09-01T00:00:00+00:00 [queued]>
[2022-02-03 14:56:46,347] {taskinstance.py:1032} INFO - Dependencies all met for <TaskInstance: FHV_data_ingestion_gcs_dag.format_to_parquet_task scheduled__2020-09-01T00:00:00+00:00 [queued]>
[2022-02-03 14:56:46,349] {taskinstance.py:1238} INFO - 
--------------------------------------------------------------------------------
[2022-02-03 14:56:46,350] {taskinstance.py:1239} INFO - Starting attempt 1 of 1
[2022-02-03 14:56:46,352] {taskinstance.py:1240} INFO - 
--------------------------------------------------------------------------------
[2022-02-03 14:56:46,378] {taskinstance.py:1259} INFO - Executing <Task(PythonOperator): format_to_parquet_task> on 2020-09-01 00:00:00+00:00
[2022-02-03 14:56:46,391] {standard_task_runner.py:52} INFO - Started process 1992 to run task
[2022-02-03 14:56:46,399] {standard_task_runner.py:76} INFO - Running: ['***', 'tasks', 'run', 'FHV_data_ingestion_gcs_dag', 'format_to_parquet_task', 'scheduled__2020-09-01T00:00:00+00:00', '--job-id', '496', '--raw', '--subdir', 'DAGS_FOLDER/FHV_injection_dag.py', '--cfg-path', '/tmp/tmpg3p_hiw8', '--error-file', '/tmp/tmp64v0i1cy']
[2022-02-03 14:56:46,401] {standard_task_runner.py:77} INFO - Job 496: Subtask format_to_parquet_task
[2022-02-03 14:56:46,511] {logging_mixin.py:109} INFO - Running <TaskInstance: FHV_data_ingestion_gcs_dag.format_to_parquet_task scheduled__2020-09-01T00:00:00+00:00 [running]> on host 700aeb16bae0
[2022-02-03 14:56:46,580] {warnings.py:110} WARNING - /home/***/.local/lib/python3.7/site-packages/***/utils/context.py:152: AirflowContextDeprecationWarning: Accessing 'execution_date' from the template is deprecated and will be removed in a future version. Please use 'data_interval_start' or 'logical_date' instead.
  warnings.warn(_create_deprecation_warning(key, self._deprecation_replacements[key]))

[2022-02-03 14:56:46,628] {taskinstance.py:1426} INFO - Exporting the following env vars:
AIRFLOW_CTX_DAG_OWNER=***
AIRFLOW_CTX_DAG_ID=FHV_data_ingestion_gcs_dag
AIRFLOW_CTX_TASK_ID=format_to_parquet_task
AIRFLOW_CTX_EXECUTION_DATE=2020-09-01T00:00:00+00:00
AIRFLOW_CTX_DAG_RUN_ID=scheduled__2020-09-01T00:00:00+00:00
[2022-02-03 14:56:47,617] {python.py:175} INFO - Done. Returned value was: None
[2022-02-03 14:56:47,643] {taskinstance.py:1277} INFO - Marking task as SUCCESS. dag_id=FHV_data_ingestion_gcs_dag, task_id=format_to_parquet_task, execution_date=20200901T000000, start_date=20220203T145646, end_date=20220203T145647
[2022-02-03 14:56:47,749] {local_task_job.py:154} INFO - Task exited with return code 0
[2022-02-03 14:56:47,823] {local_task_job.py:264} INFO - 1 downstream tasks scheduled from follow-on schedule check
[2022-02-03 15:17:26,505] {taskinstance.py:1032} INFO - Dependencies all met for <TaskInstance: FHV_data_ingestion_gcs_dag.format_to_parquet_task scheduled__2020-09-01T00:00:00+00:00 [queued]>
[2022-02-03 15:17:26,535] {taskinstance.py:1032} INFO - Dependencies all met for <TaskInstance: FHV_data_ingestion_gcs_dag.format_to_parquet_task scheduled__2020-09-01T00:00:00+00:00 [queued]>
[2022-02-03 15:17:26,537] {taskinstance.py:1238} INFO - 
--------------------------------------------------------------------------------
[2022-02-03 15:17:26,538] {taskinstance.py:1239} INFO - Starting attempt 1 of 1
[2022-02-03 15:17:26,540] {taskinstance.py:1240} INFO - 
--------------------------------------------------------------------------------
[2022-02-03 15:17:26,585] {taskinstance.py:1259} INFO - Executing <Task(PythonOperator): format_to_parquet_task> on 2020-09-01 00:00:00+00:00
[2022-02-03 15:17:26,598] {standard_task_runner.py:52} INFO - Started process 3393 to run task
[2022-02-03 15:17:26,610] {standard_task_runner.py:76} INFO - Running: ['***', 'tasks', 'run', 'FHV_data_ingestion_gcs_dag', 'format_to_parquet_task', 'scheduled__2020-09-01T00:00:00+00:00', '--job-id', '589', '--raw', '--subdir', 'DAGS_FOLDER/FHV_injection_dag.py', '--cfg-path', '/tmp/tmpqcu25ltr', '--error-file', '/tmp/tmphtuploxw']
[2022-02-03 15:17:26,613] {standard_task_runner.py:77} INFO - Job 589: Subtask format_to_parquet_task
[2022-02-03 15:17:26,748] {logging_mixin.py:109} INFO - Running <TaskInstance: FHV_data_ingestion_gcs_dag.format_to_parquet_task scheduled__2020-09-01T00:00:00+00:00 [running]> on host 700aeb16bae0
[2022-02-03 15:17:26,807] {warnings.py:110} WARNING - /home/***/.local/lib/python3.7/site-packages/***/utils/context.py:152: AirflowContextDeprecationWarning: Accessing 'execution_date' from the template is deprecated and will be removed in a future version. Please use 'data_interval_start' or 'logical_date' instead.
  warnings.warn(_create_deprecation_warning(key, self._deprecation_replacements[key]))

[2022-02-03 15:17:26,845] {taskinstance.py:1426} INFO - Exporting the following env vars:
AIRFLOW_CTX_DAG_OWNER=***
AIRFLOW_CTX_DAG_ID=FHV_data_ingestion_gcs_dag
AIRFLOW_CTX_TASK_ID=format_to_parquet_task
AIRFLOW_CTX_EXECUTION_DATE=2020-09-01T00:00:00+00:00
AIRFLOW_CTX_DAG_RUN_ID=scheduled__2020-09-01T00:00:00+00:00
[2022-02-03 15:17:27,481] {python.py:175} INFO - Done. Returned value was: None
[2022-02-03 15:17:27,496] {taskinstance.py:1277} INFO - Marking task as SUCCESS. dag_id=FHV_data_ingestion_gcs_dag, task_id=format_to_parquet_task, execution_date=20200901T000000, start_date=20220203T151726, end_date=20220203T151727
[2022-02-03 15:17:27,589] {local_task_job.py:154} INFO - Task exited with return code 0
[2022-02-03 15:17:27,643] {local_task_job.py:264} INFO - 1 downstream tasks scheduled from follow-on schedule check
