[2022-02-02 13:47:34,302] {taskinstance.py:1032} INFO - Dependencies all met for <TaskInstance: ex_1_data_ingestion_gcs_dag.download_dataset_task scheduled__2021-09-01T00:00:00+00:00 [queued]>
[2022-02-02 13:47:34,545] {taskinstance.py:1032} INFO - Dependencies all met for <TaskInstance: ex_1_data_ingestion_gcs_dag.download_dataset_task scheduled__2021-09-01T00:00:00+00:00 [queued]>
[2022-02-02 13:47:34,564] {taskinstance.py:1238} INFO - 
--------------------------------------------------------------------------------
[2022-02-02 13:47:34,567] {taskinstance.py:1239} INFO - Starting attempt 1 of 1
[2022-02-02 13:47:34,568] {taskinstance.py:1240} INFO - 
--------------------------------------------------------------------------------
[2022-02-02 13:47:34,749] {taskinstance.py:1259} INFO - Executing <Task(BashOperator): download_dataset_task> on 2021-09-01 00:00:00+00:00
[2022-02-02 13:47:34,923] {standard_task_runner.py:52} INFO - Started process 1700 to run task
[2022-02-02 13:47:35,024] {standard_task_runner.py:76} INFO - Running: ['***', 'tasks', 'run', 'ex_1_data_ingestion_gcs_dag', 'download_dataset_task', 'scheduled__2021-09-01T00:00:00+00:00', '--job-id', '169', '--raw', '--subdir', 'DAGS_FOLDER/data_ingestion_hw_1_ex.py', '--cfg-path', '/tmp/tmpxmugtip3', '--error-file', '/tmp/tmph51sc_wm']
[2022-02-02 13:47:35,066] {standard_task_runner.py:77} INFO - Job 169: Subtask download_dataset_task
[2022-02-02 13:47:35,499] {logging_mixin.py:109} INFO - Running <TaskInstance: ex_1_data_ingestion_gcs_dag.download_dataset_task scheduled__2021-09-01T00:00:00+00:00 [running]> on host 700aeb16bae0
[2022-02-02 13:47:36,410] {warnings.py:110} WARNING - /home/***/.local/lib/python3.7/site-packages/***/utils/context.py:152: AirflowContextDeprecationWarning: Accessing 'execution_date' from the template is deprecated and will be removed in a future version. Please use 'data_interval_start' or 'logical_date' instead.
  warnings.warn(_create_deprecation_warning(key, self._deprecation_replacements[key]))

[2022-02-02 13:47:36,692] {taskinstance.py:1426} INFO - Exporting the following env vars:
AIRFLOW_CTX_DAG_OWNER=***
AIRFLOW_CTX_DAG_ID=ex_1_data_ingestion_gcs_dag
AIRFLOW_CTX_TASK_ID=download_dataset_task
AIRFLOW_CTX_EXECUTION_DATE=2021-09-01T00:00:00+00:00
AIRFLOW_CTX_DAG_RUN_ID=scheduled__2021-09-01T00:00:00+00:00
[2022-02-02 13:47:36,703] {subprocess.py:62} INFO - Tmp dir root location: 
 /tmp
[2022-02-02 13:47:36,718] {subprocess.py:74} INFO - Running command: ['bash', '-c', 'curl -sS https://s3.amazonaws.com/nyc-tlc/trip+data/yellow_tripdata_2021-09.csv > /opt/***/yellow_tripdata_2021-09.csv']
[2022-02-02 13:47:37,030] {subprocess.py:85} INFO - Output:
[2022-02-02 13:47:41,955] {subprocess.py:93} INFO - Command exited with return code 0
[2022-02-02 13:47:43,899] {taskinstance.py:1277} INFO - Marking task as SUCCESS. dag_id=ex_1_data_ingestion_gcs_dag, task_id=download_dataset_task, execution_date=20210901T000000, start_date=20220202T134734, end_date=20220202T134743
[2022-02-02 13:47:44,992] {local_task_job.py:154} INFO - Task exited with return code 0
[2022-02-02 13:47:46,926] {local_task_job.py:264} INFO - 0 downstream tasks scheduled from follow-on schedule check
