[2022-02-03 14:46:25,524] {taskinstance.py:1032} INFO - Dependencies all met for <TaskInstance: FHV_data_ingestion_gcs_dag.download_dataset_task scheduled__2019-10-01T00:00:00+00:00 [queued]>
[2022-02-03 14:46:25,538] {taskinstance.py:1032} INFO - Dependencies all met for <TaskInstance: FHV_data_ingestion_gcs_dag.download_dataset_task scheduled__2019-10-01T00:00:00+00:00 [queued]>
[2022-02-03 14:46:25,538] {taskinstance.py:1238} INFO - 
--------------------------------------------------------------------------------
[2022-02-03 14:46:25,539] {taskinstance.py:1239} INFO - Starting attempt 1 of 1
[2022-02-03 14:46:25,540] {taskinstance.py:1240} INFO - 
--------------------------------------------------------------------------------
[2022-02-03 14:46:25,552] {taskinstance.py:1259} INFO - Executing <Task(BashOperator): download_dataset_task> on 2019-10-01 00:00:00+00:00
[2022-02-03 14:46:25,556] {standard_task_runner.py:52} INFO - Started process 1319 to run task
[2022-02-03 14:46:25,560] {standard_task_runner.py:76} INFO - Running: ['***', 'tasks', 'run', 'FHV_data_ingestion_gcs_dag', 'download_dataset_task', 'scheduled__2019-10-01T00:00:00+00:00', '--job-id', '455', '--raw', '--subdir', 'DAGS_FOLDER/FHV_injection_dag.py', '--cfg-path', '/tmp/tmpdzp3aw4x', '--error-file', '/tmp/tmp6_i84ni3']
[2022-02-03 14:46:25,562] {standard_task_runner.py:77} INFO - Job 455: Subtask download_dataset_task
[2022-02-03 14:46:25,620] {logging_mixin.py:109} INFO - Running <TaskInstance: FHV_data_ingestion_gcs_dag.download_dataset_task scheduled__2019-10-01T00:00:00+00:00 [running]> on host 700aeb16bae0
[2022-02-03 14:46:25,661] {warnings.py:110} WARNING - /home/***/.local/lib/python3.7/site-packages/***/utils/context.py:152: AirflowContextDeprecationWarning: Accessing 'execution_date' from the template is deprecated and will be removed in a future version. Please use 'data_interval_start' or 'logical_date' instead.
  warnings.warn(_create_deprecation_warning(key, self._deprecation_replacements[key]))

[2022-02-03 14:46:25,686] {taskinstance.py:1426} INFO - Exporting the following env vars:
AIRFLOW_CTX_DAG_OWNER=***
AIRFLOW_CTX_DAG_ID=FHV_data_ingestion_gcs_dag
AIRFLOW_CTX_TASK_ID=download_dataset_task
AIRFLOW_CTX_EXECUTION_DATE=2019-10-01T00:00:00+00:00
AIRFLOW_CTX_DAG_RUN_ID=scheduled__2019-10-01T00:00:00+00:00
[2022-02-03 14:46:25,688] {subprocess.py:62} INFO - Tmp dir root location: 
 /tmp
[2022-02-03 14:46:25,690] {subprocess.py:74} INFO - Running command: ['bash', '-c', 'curl -sSLf https://nyc-tlc.s3.amazonaws.com/trip+data/fhv_tripdata_2019-10.csv > /opt/***/fhv_tripdata_2019-10.csv']
[2022-02-03 14:46:25,701] {subprocess.py:85} INFO - Output:
[2022-02-03 14:47:16,434] {subprocess.py:93} INFO - Command exited with return code 0
[2022-02-03 14:47:16,458] {taskinstance.py:1277} INFO - Marking task as SUCCESS. dag_id=FHV_data_ingestion_gcs_dag, task_id=download_dataset_task, execution_date=20191001T000000, start_date=20220203T144625, end_date=20220203T144716
[2022-02-03 14:47:16,489] {local_task_job.py:154} INFO - Task exited with return code 0
[2022-02-03 14:47:16,527] {local_task_job.py:264} INFO - 1 downstream tasks scheduled from follow-on schedule check
[2022-02-03 15:11:19,034] {taskinstance.py:1032} INFO - Dependencies all met for <TaskInstance: FHV_data_ingestion_gcs_dag.download_dataset_task scheduled__2019-10-01T00:00:00+00:00 [queued]>
[2022-02-03 15:11:19,046] {taskinstance.py:1032} INFO - Dependencies all met for <TaskInstance: FHV_data_ingestion_gcs_dag.download_dataset_task scheduled__2019-10-01T00:00:00+00:00 [queued]>
[2022-02-03 15:11:19,047] {taskinstance.py:1238} INFO - 
--------------------------------------------------------------------------------
[2022-02-03 15:11:19,047] {taskinstance.py:1239} INFO - Starting attempt 1 of 1
[2022-02-03 15:11:19,048] {taskinstance.py:1240} INFO - 
--------------------------------------------------------------------------------
[2022-02-03 15:11:19,058] {taskinstance.py:1259} INFO - Executing <Task(BashOperator): download_dataset_task> on 2019-10-01 00:00:00+00:00
[2022-02-03 15:11:19,062] {standard_task_runner.py:52} INFO - Started process 2897 to run task
[2022-02-03 15:11:19,066] {standard_task_runner.py:76} INFO - Running: ['***', 'tasks', 'run', 'FHV_data_ingestion_gcs_dag', 'download_dataset_task', 'scheduled__2019-10-01T00:00:00+00:00', '--job-id', '554', '--raw', '--subdir', 'DAGS_FOLDER/FHV_injection_dag.py', '--cfg-path', '/tmp/tmptmt8z4to', '--error-file', '/tmp/tmpz3w8piri']
[2022-02-03 15:11:19,068] {standard_task_runner.py:77} INFO - Job 554: Subtask download_dataset_task
[2022-02-03 15:11:19,132] {logging_mixin.py:109} INFO - Running <TaskInstance: FHV_data_ingestion_gcs_dag.download_dataset_task scheduled__2019-10-01T00:00:00+00:00 [running]> on host 700aeb16bae0
[2022-02-03 15:11:19,172] {warnings.py:110} WARNING - /home/***/.local/lib/python3.7/site-packages/***/utils/context.py:152: AirflowContextDeprecationWarning: Accessing 'execution_date' from the template is deprecated and will be removed in a future version. Please use 'data_interval_start' or 'logical_date' instead.
  warnings.warn(_create_deprecation_warning(key, self._deprecation_replacements[key]))

[2022-02-03 15:11:19,191] {taskinstance.py:1426} INFO - Exporting the following env vars:
AIRFLOW_CTX_DAG_OWNER=***
AIRFLOW_CTX_DAG_ID=FHV_data_ingestion_gcs_dag
AIRFLOW_CTX_TASK_ID=download_dataset_task
AIRFLOW_CTX_EXECUTION_DATE=2019-10-01T00:00:00+00:00
AIRFLOW_CTX_DAG_RUN_ID=scheduled__2019-10-01T00:00:00+00:00
[2022-02-03 15:11:19,192] {subprocess.py:62} INFO - Tmp dir root location: 
 /tmp
[2022-02-03 15:11:19,194] {subprocess.py:74} INFO - Running command: ['bash', '-c', 'curl -sSLf https://nyc-tlc.s3.amazonaws.com/trip+data/fhv_tripdata_2019-10.csv > /opt/***/fhv_tripdata_2019-10.csv']
[2022-02-03 15:11:19,205] {subprocess.py:85} INFO - Output:
[2022-02-03 15:12:05,537] {subprocess.py:93} INFO - Command exited with return code 0
[2022-02-03 15:12:05,576] {taskinstance.py:1277} INFO - Marking task as SUCCESS. dag_id=FHV_data_ingestion_gcs_dag, task_id=download_dataset_task, execution_date=20191001T000000, start_date=20220203T151119, end_date=20220203T151205
[2022-02-03 15:12:05,613] {local_task_job.py:154} INFO - Task exited with return code 0
[2022-02-03 15:12:05,682] {local_task_job.py:264} INFO - 1 downstream tasks scheduled from follow-on schedule check
