[2022-02-02 17:47:31,060] {taskinstance.py:1032} INFO - Dependencies all met for <TaskInstance: ex_1_data_ingestion_gcs_dag_v2.format_to_parquet_task scheduled__2019-05-01T00:00:00+00:00 [queued]>
[2022-02-02 17:47:31,189] {taskinstance.py:1032} INFO - Dependencies all met for <TaskInstance: ex_1_data_ingestion_gcs_dag_v2.format_to_parquet_task scheduled__2019-05-01T00:00:00+00:00 [queued]>
[2022-02-02 17:47:31,250] {taskinstance.py:1238} INFO - 
--------------------------------------------------------------------------------
[2022-02-02 17:47:31,315] {taskinstance.py:1239} INFO - Starting attempt 1 of 1
[2022-02-02 17:47:31,318] {taskinstance.py:1240} INFO - 
--------------------------------------------------------------------------------
[2022-02-02 17:47:31,417] {taskinstance.py:1259} INFO - Executing <Task(PythonOperator): format_to_parquet_task> on 2019-05-01 00:00:00+00:00
[2022-02-02 17:47:31,482] {standard_task_runner.py:52} INFO - Started process 7126 to run task
[2022-02-02 17:47:31,541] {standard_task_runner.py:76} INFO - Running: ['***', 'tasks', 'run', 'ex_1_data_ingestion_gcs_dag_v2', 'format_to_parquet_task', 'scheduled__2019-05-01T00:00:00+00:00', '--job-id', '250', '--raw', '--subdir', 'DAGS_FOLDER/data_ingestion_hw_1_ex.py', '--cfg-path', '/tmp/tmpmwj6j8fj', '--error-file', '/tmp/tmpz_e4z51z']
[2022-02-02 17:47:31,558] {standard_task_runner.py:77} INFO - Job 250: Subtask format_to_parquet_task
[2022-02-02 17:47:31,881] {logging_mixin.py:109} INFO - Running <TaskInstance: ex_1_data_ingestion_gcs_dag_v2.format_to_parquet_task scheduled__2019-05-01T00:00:00+00:00 [running]> on host 700aeb16bae0
[2022-02-02 17:47:32,019] {warnings.py:110} WARNING - /home/***/.local/lib/python3.7/site-packages/***/utils/context.py:152: AirflowContextDeprecationWarning: Accessing 'execution_date' from the template is deprecated and will be removed in a future version. Please use 'data_interval_start' or 'logical_date' instead.
  warnings.warn(_create_deprecation_warning(key, self._deprecation_replacements[key]))

[2022-02-02 17:47:32,124] {taskinstance.py:1426} INFO - Exporting the following env vars:
AIRFLOW_CTX_DAG_OWNER=***
AIRFLOW_CTX_DAG_ID=ex_1_data_ingestion_gcs_dag_v2
AIRFLOW_CTX_TASK_ID=format_to_parquet_task
AIRFLOW_CTX_EXECUTION_DATE=2019-05-01T00:00:00+00:00
AIRFLOW_CTX_DAG_RUN_ID=scheduled__2019-05-01T00:00:00+00:00
[2022-02-02 17:47:53,783] {local_task_job.py:154} INFO - Task exited with return code Negsignal.SIGKILL
[2022-02-02 17:47:53,909] {taskinstance.py:1277} INFO - Marking task as FAILED. dag_id=ex_1_data_ingestion_gcs_dag_v2, task_id=format_to_parquet_task, execution_date=20190501T000000, start_date=20220202T174731, end_date=20220202T174753
[2022-02-02 17:47:54,210] {local_task_job.py:264} INFO - 0 downstream tasks scheduled from follow-on schedule check
