[2022-02-03 14:54:58,624] {taskinstance.py:1032} INFO - Dependencies all met for <TaskInstance: FHV_data_ingestion_gcs_dag.format_to_parquet_task scheduled__2020-07-01T00:00:00+00:00 [queued]>
[2022-02-03 14:54:58,647] {taskinstance.py:1032} INFO - Dependencies all met for <TaskInstance: FHV_data_ingestion_gcs_dag.format_to_parquet_task scheduled__2020-07-01T00:00:00+00:00 [queued]>
[2022-02-03 14:54:58,649] {taskinstance.py:1238} INFO - 
--------------------------------------------------------------------------------
[2022-02-03 14:54:58,650] {taskinstance.py:1239} INFO - Starting attempt 1 of 1
[2022-02-03 14:54:58,651] {taskinstance.py:1240} INFO - 
--------------------------------------------------------------------------------
[2022-02-03 14:54:58,672] {taskinstance.py:1259} INFO - Executing <Task(PythonOperator): format_to_parquet_task> on 2020-07-01 00:00:00+00:00
[2022-02-03 14:54:58,680] {standard_task_runner.py:52} INFO - Started process 1883 to run task
[2022-02-03 14:54:58,687] {standard_task_runner.py:76} INFO - Running: ['***', 'tasks', 'run', 'FHV_data_ingestion_gcs_dag', 'format_to_parquet_task', 'scheduled__2020-07-01T00:00:00+00:00', '--job-id', '488', '--raw', '--subdir', 'DAGS_FOLDER/FHV_injection_dag.py', '--cfg-path', '/tmp/tmpt3qbn06_', '--error-file', '/tmp/tmpqv29ivyu']
[2022-02-03 14:54:58,690] {standard_task_runner.py:77} INFO - Job 488: Subtask format_to_parquet_task
[2022-02-03 14:54:58,802] {logging_mixin.py:109} INFO - Running <TaskInstance: FHV_data_ingestion_gcs_dag.format_to_parquet_task scheduled__2020-07-01T00:00:00+00:00 [running]> on host 700aeb16bae0
[2022-02-03 14:54:58,872] {warnings.py:110} WARNING - /home/***/.local/lib/python3.7/site-packages/***/utils/context.py:152: AirflowContextDeprecationWarning: Accessing 'execution_date' from the template is deprecated and will be removed in a future version. Please use 'data_interval_start' or 'logical_date' instead.
  warnings.warn(_create_deprecation_warning(key, self._deprecation_replacements[key]))

[2022-02-03 14:54:58,910] {taskinstance.py:1426} INFO - Exporting the following env vars:
AIRFLOW_CTX_DAG_OWNER=***
AIRFLOW_CTX_DAG_ID=FHV_data_ingestion_gcs_dag
AIRFLOW_CTX_TASK_ID=format_to_parquet_task
AIRFLOW_CTX_EXECUTION_DATE=2020-07-01T00:00:00+00:00
AIRFLOW_CTX_DAG_RUN_ID=scheduled__2020-07-01T00:00:00+00:00
[2022-02-03 14:54:59,606] {python.py:175} INFO - Done. Returned value was: None
[2022-02-03 14:54:59,634] {taskinstance.py:1277} INFO - Marking task as SUCCESS. dag_id=FHV_data_ingestion_gcs_dag, task_id=format_to_parquet_task, execution_date=20200701T000000, start_date=20220203T145458, end_date=20220203T145459
[2022-02-03 14:54:59,754] {local_task_job.py:154} INFO - Task exited with return code 0
[2022-02-03 14:54:59,833] {local_task_job.py:264} INFO - 1 downstream tasks scheduled from follow-on schedule check
[2022-02-03 15:17:20,100] {taskinstance.py:1032} INFO - Dependencies all met for <TaskInstance: FHV_data_ingestion_gcs_dag.format_to_parquet_task scheduled__2020-07-01T00:00:00+00:00 [queued]>
[2022-02-03 15:17:20,111] {taskinstance.py:1032} INFO - Dependencies all met for <TaskInstance: FHV_data_ingestion_gcs_dag.format_to_parquet_task scheduled__2020-07-01T00:00:00+00:00 [queued]>
[2022-02-03 15:17:20,112] {taskinstance.py:1238} INFO - 
--------------------------------------------------------------------------------
[2022-02-03 15:17:20,113] {taskinstance.py:1239} INFO - Starting attempt 1 of 1
[2022-02-03 15:17:20,114] {taskinstance.py:1240} INFO - 
--------------------------------------------------------------------------------
[2022-02-03 15:17:20,125] {taskinstance.py:1259} INFO - Executing <Task(PythonOperator): format_to_parquet_task> on 2020-07-01 00:00:00+00:00
[2022-02-03 15:17:20,130] {standard_task_runner.py:52} INFO - Started process 3372 to run task
[2022-02-03 15:17:20,134] {standard_task_runner.py:76} INFO - Running: ['***', 'tasks', 'run', 'FHV_data_ingestion_gcs_dag', 'format_to_parquet_task', 'scheduled__2020-07-01T00:00:00+00:00', '--job-id', '587', '--raw', '--subdir', 'DAGS_FOLDER/FHV_injection_dag.py', '--cfg-path', '/tmp/tmpgs_81asc', '--error-file', '/tmp/tmppw9n2slh']
[2022-02-03 15:17:20,136] {standard_task_runner.py:77} INFO - Job 587: Subtask format_to_parquet_task
[2022-02-03 15:17:20,199] {logging_mixin.py:109} INFO - Running <TaskInstance: FHV_data_ingestion_gcs_dag.format_to_parquet_task scheduled__2020-07-01T00:00:00+00:00 [running]> on host 700aeb16bae0
[2022-02-03 15:17:20,243] {warnings.py:110} WARNING - /home/***/.local/lib/python3.7/site-packages/***/utils/context.py:152: AirflowContextDeprecationWarning: Accessing 'execution_date' from the template is deprecated and will be removed in a future version. Please use 'data_interval_start' or 'logical_date' instead.
  warnings.warn(_create_deprecation_warning(key, self._deprecation_replacements[key]))

[2022-02-03 15:17:20,261] {taskinstance.py:1426} INFO - Exporting the following env vars:
AIRFLOW_CTX_DAG_OWNER=***
AIRFLOW_CTX_DAG_ID=FHV_data_ingestion_gcs_dag
AIRFLOW_CTX_TASK_ID=format_to_parquet_task
AIRFLOW_CTX_EXECUTION_DATE=2020-07-01T00:00:00+00:00
AIRFLOW_CTX_DAG_RUN_ID=scheduled__2020-07-01T00:00:00+00:00
[2022-02-03 15:17:20,647] {python.py:175} INFO - Done. Returned value was: None
[2022-02-03 15:17:20,663] {taskinstance.py:1277} INFO - Marking task as SUCCESS. dag_id=FHV_data_ingestion_gcs_dag, task_id=format_to_parquet_task, execution_date=20200701T000000, start_date=20220203T151720, end_date=20220203T151720
[2022-02-03 15:17:20,751] {local_task_job.py:154} INFO - Task exited with return code 0
[2022-02-03 15:17:20,787] {local_task_job.py:264} INFO - 1 downstream tasks scheduled from follow-on schedule check
