[2022-02-01 15:02:05,908] {taskinstance.py:1032} INFO - Dependencies all met for <TaskInstance: data_ingestion_gcs_dag.format_to_parquet_task scheduled__2022-01-31T00:00:00+00:00 [queued]>
[2022-02-01 15:02:05,921] {taskinstance.py:1032} INFO - Dependencies all met for <TaskInstance: data_ingestion_gcs_dag.format_to_parquet_task scheduled__2022-01-31T00:00:00+00:00 [queued]>
[2022-02-01 15:02:05,923] {taskinstance.py:1238} INFO - 
--------------------------------------------------------------------------------
[2022-02-01 15:02:05,924] {taskinstance.py:1239} INFO - Starting attempt 1 of 2
[2022-02-01 15:02:05,925] {taskinstance.py:1240} INFO - 
--------------------------------------------------------------------------------
[2022-02-01 15:02:05,941] {taskinstance.py:1259} INFO - Executing <Task(PythonOperator): format_to_parquet_task> on 2022-01-31 00:00:00+00:00
[2022-02-01 15:02:05,948] {standard_task_runner.py:52} INFO - Started process 214 to run task
[2022-02-01 15:02:05,957] {standard_task_runner.py:76} INFO - Running: ['***', 'tasks', 'run', 'data_ingestion_gcs_dag', 'format_to_parquet_task', 'scheduled__2022-01-31T00:00:00+00:00', '--job-id', '10', '--raw', '--subdir', 'DAGS_FOLDER/data-ingestion-gcs-dag.py', '--cfg-path', '/tmp/tmpjf0qnuva', '--error-file', '/tmp/tmp_j64m_kc']
[2022-02-01 15:02:05,959] {standard_task_runner.py:77} INFO - Job 10: Subtask format_to_parquet_task
[2022-02-01 15:02:06,047] {logging_mixin.py:109} INFO - Running <TaskInstance: data_ingestion_gcs_dag.format_to_parquet_task scheduled__2022-01-31T00:00:00+00:00 [running]> on host 876e2af6131d
[2022-02-01 15:02:06,178] {taskinstance.py:1426} INFO - Exporting the following env vars:
AIRFLOW_CTX_DAG_OWNER=***
AIRFLOW_CTX_DAG_ID=data_ingestion_gcs_dag
AIRFLOW_CTX_TASK_ID=format_to_parquet_task
AIRFLOW_CTX_EXECUTION_DATE=2022-01-31T00:00:00+00:00
AIRFLOW_CTX_DAG_RUN_ID=scheduled__2022-01-31T00:00:00+00:00
[2022-02-01 15:02:08,452] {python.py:175} INFO - Done. Returned value was: None
[2022-02-01 15:02:08,475] {taskinstance.py:1277} INFO - Marking task as SUCCESS. dag_id=data_ingestion_gcs_dag, task_id=format_to_parquet_task, execution_date=20220131T000000, start_date=20220201T150205, end_date=20220201T150208
[2022-02-01 15:02:08,611] {local_task_job.py:154} INFO - Task exited with return code 0
[2022-02-01 15:02:08,708] {local_task_job.py:264} INFO - 0 downstream tasks scheduled from follow-on schedule check
