[2022-02-18 12:53:38,465] {taskinstance.py:1032} INFO - Dependencies all met for <TaskInstance: data_2_gcs_dag.gcs_2_green_gcs_task scheduled__2022-02-17T00:00:00+00:00 [queued]>
[2022-02-18 12:53:38,477] {taskinstance.py:1032} INFO - Dependencies all met for <TaskInstance: data_2_gcs_dag.gcs_2_green_gcs_task scheduled__2022-02-17T00:00:00+00:00 [queued]>
[2022-02-18 12:53:38,477] {taskinstance.py:1238} INFO - 
--------------------------------------------------------------------------------
[2022-02-18 12:53:38,478] {taskinstance.py:1239} INFO - Starting attempt 1 of 2
[2022-02-18 12:53:38,478] {taskinstance.py:1240} INFO - 
--------------------------------------------------------------------------------
[2022-02-18 12:53:38,488] {taskinstance.py:1259} INFO - Executing <Task(GCSToGCSOperator): gcs_2_green_gcs_task> on 2022-02-17 00:00:00+00:00
[2022-02-18 12:53:38,495] {standard_task_runner.py:52} INFO - Started process 1164 to run task
[2022-02-18 12:53:38,510] {standard_task_runner.py:76} INFO - Running: ['***', 'tasks', 'run', 'data_2_gcs_dag', 'gcs_2_green_gcs_task', 'scheduled__2022-02-17T00:00:00+00:00', '--job-id', '1069', '--raw', '--subdir', 'DAGS_FOLDER/data-2-gcs-dag.py', '--cfg-path', '/tmp/tmpqq5aqnil', '--error-file', '/tmp/tmpzetenh_9']
[2022-02-18 12:53:38,513] {standard_task_runner.py:77} INFO - Job 1069: Subtask gcs_2_green_gcs_task
[2022-02-18 12:53:38,589] {logging_mixin.py:109} INFO - Running <TaskInstance: data_2_gcs_dag.gcs_2_green_gcs_task scheduled__2022-02-17T00:00:00+00:00 [running]> on host 853fb9201673
[2022-02-18 12:53:38,663] {taskinstance.py:1426} INFO - Exporting the following env vars:
AIRFLOW_CTX_DAG_OWNER=***
AIRFLOW_CTX_DAG_ID=data_2_gcs_dag
AIRFLOW_CTX_TASK_ID=gcs_2_green_gcs_task
AIRFLOW_CTX_EXECUTION_DATE=2022-02-17T00:00:00+00:00
AIRFLOW_CTX_DAG_RUN_ID=scheduled__2022-02-17T00:00:00+00:00
[2022-02-18 12:53:38,665] {crypto.py:82} WARNING - empty cryptography key - values will not be stored encrypted.
[2022-02-18 12:53:38,666] {gcs_to_gcs.py:346} INFO - Delimiter ignored because wildcard is in prefix
[2022-02-18 12:53:39,003] {gcs_to_gcs.py:431} INFO - Executing copy of gs://dtc_data_lake_vaulted-art-339212/raw/green_tripdata_2019-04.csv to gs://dtc_data_lake_vaulted-art-339212/green/green_tripdata_2019-04.csv
[2022-02-18 12:53:39,422] {gcs.py:251} INFO - Total Bytes: 47348207 | Bytes Written: 47348207
[2022-02-18 12:53:39,423] {gcs.py:264} INFO - Object raw/green_tripdata_2019-04.csv in bucket dtc_data_lake_vaulted-art-339212 rewritten to object green/green_tripdata_2019-04.csv in bucket dtc_data_lake_vaulted-art-339212
[2022-02-18 12:53:39,424] {gcs_to_gcs.py:431} INFO - Executing copy of gs://dtc_data_lake_vaulted-art-339212/raw/green_tripdata_2019-07.csv to gs://dtc_data_lake_vaulted-art-339212/green/green_tripdata_2019-07.csv
[2022-02-18 12:53:39,789] {gcs.py:251} INFO - Total Bytes: 43143777 | Bytes Written: 43143777
[2022-02-18 12:53:39,789] {gcs.py:264} INFO - Object raw/green_tripdata_2019-07.csv in bucket dtc_data_lake_vaulted-art-339212 rewritten to object green/green_tripdata_2019-07.csv in bucket dtc_data_lake_vaulted-art-339212
[2022-02-18 12:53:39,791] {gcs_to_gcs.py:431} INFO - Executing copy of gs://dtc_data_lake_vaulted-art-339212/raw/green_tripdata_2019-05.csv to gs://dtc_data_lake_vaulted-art-339212/green/green_tripdata_2019-05.csv
[2022-02-18 12:53:40,150] {gcs.py:251} INFO - Total Bytes: 46448105 | Bytes Written: 46448105
[2022-02-18 12:53:40,151] {gcs.py:264} INFO - Object raw/green_tripdata_2019-05.csv in bucket dtc_data_lake_vaulted-art-339212 rewritten to object green/green_tripdata_2019-05.csv in bucket dtc_data_lake_vaulted-art-339212
[2022-02-18 12:53:40,153] {gcs_to_gcs.py:431} INFO - Executing copy of gs://dtc_data_lake_vaulted-art-339212/raw/green_tripdata_2020-04.csv to gs://dtc_data_lake_vaulted-art-339212/green/green_tripdata_2020-04.csv
[2022-02-18 12:53:40,552] {gcs.py:251} INFO - Total Bytes: 3210216 | Bytes Written: 3210216
[2022-02-18 12:53:40,554] {gcs.py:264} INFO - Object raw/green_tripdata_2020-04.csv in bucket dtc_data_lake_vaulted-art-339212 rewritten to object green/green_tripdata_2020-04.csv in bucket dtc_data_lake_vaulted-art-339212
[2022-02-18 12:53:40,557] {gcs_to_gcs.py:431} INFO - Executing copy of gs://dtc_data_lake_vaulted-art-339212/raw/green_tripdata_2019-01.csv to gs://dtc_data_lake_vaulted-art-339212/green/green_tripdata_2019-01.csv
[2022-02-18 12:53:40,916] {gcs.py:251} INFO - Total Bytes: 57150546 | Bytes Written: 57150546
[2022-02-18 12:53:40,917] {gcs.py:264} INFO - Object raw/green_tripdata_2019-01.csv in bucket dtc_data_lake_vaulted-art-339212 rewritten to object green/green_tripdata_2019-01.csv in bucket dtc_data_lake_vaulted-art-339212
[2022-02-18 12:53:40,919] {gcs_to_gcs.py:431} INFO - Executing copy of gs://dtc_data_lake_vaulted-art-339212/raw/green_tripdata_2019-06.csv to gs://dtc_data_lake_vaulted-art-339212/green/green_tripdata_2019-06.csv
[2022-02-18 12:53:41,366] {gcs.py:251} INFO - Total Bytes: 43354841 | Bytes Written: 43354841
[2022-02-18 12:53:41,367] {gcs.py:264} INFO - Object raw/green_tripdata_2019-06.csv in bucket dtc_data_lake_vaulted-art-339212 rewritten to object green/green_tripdata_2019-06.csv in bucket dtc_data_lake_vaulted-art-339212
[2022-02-18 12:53:41,368] {gcs_to_gcs.py:431} INFO - Executing copy of gs://dtc_data_lake_vaulted-art-339212/raw/green_tripdata_2020-02.csv to gs://dtc_data_lake_vaulted-art-339212/green/green_tripdata_2020-02.csv
[2022-02-18 12:53:41,595] {gcs.py:251} INFO - Total Bytes: 36427762 | Bytes Written: 36427762
[2022-02-18 12:53:41,596] {gcs.py:264} INFO - Object raw/green_tripdata_2020-02.csv in bucket dtc_data_lake_vaulted-art-339212 rewritten to object green/green_tripdata_2020-02.csv in bucket dtc_data_lake_vaulted-art-339212
[2022-02-18 12:53:41,597] {gcs_to_gcs.py:431} INFO - Executing copy of gs://dtc_data_lake_vaulted-art-339212/raw/green_tripdata_2020-06.csv to gs://dtc_data_lake_vaulted-art-339212/green/green_tripdata_2020-06.csv
[2022-02-18 12:53:41,830] {gcs.py:251} INFO - Total Bytes: 5689051 | Bytes Written: 5689051
[2022-02-18 12:53:41,831] {gcs.py:264} INFO - Object raw/green_tripdata_2020-06.csv in bucket dtc_data_lake_vaulted-art-339212 rewritten to object green/green_tripdata_2020-06.csv in bucket dtc_data_lake_vaulted-art-339212
[2022-02-18 12:53:41,832] {gcs_to_gcs.py:431} INFO - Executing copy of gs://dtc_data_lake_vaulted-art-339212/raw/green_tripdata_2019-03.csv to gs://dtc_data_lake_vaulted-art-339212/green/green_tripdata_2019-03.csv
[2022-02-18 12:53:42,177] {gcs.py:251} INFO - Total Bytes: 55279989 | Bytes Written: 55279989
[2022-02-18 12:53:42,178] {gcs.py:264} INFO - Object raw/green_tripdata_2019-03.csv in bucket dtc_data_lake_vaulted-art-339212 rewritten to object green/green_tripdata_2019-03.csv in bucket dtc_data_lake_vaulted-art-339212
[2022-02-18 12:53:42,178] {gcs_to_gcs.py:431} INFO - Executing copy of gs://dtc_data_lake_vaulted-art-339212/raw/green_tripdata_2020-10.csv to gs://dtc_data_lake_vaulted-art-339212/green/green_tripdata_2020-10.csv
[2022-02-18 12:53:42,518] {gcs.py:251} INFO - Total Bytes: 8594676 | Bytes Written: 8594676
[2022-02-18 12:53:42,519] {gcs.py:264} INFO - Object raw/green_tripdata_2020-10.csv in bucket dtc_data_lake_vaulted-art-339212 rewritten to object green/green_tripdata_2020-10.csv in bucket dtc_data_lake_vaulted-art-339212
[2022-02-18 12:53:42,520] {gcs_to_gcs.py:431} INFO - Executing copy of gs://dtc_data_lake_vaulted-art-339212/raw/green_tripdata_2019-02.csv to gs://dtc_data_lake_vaulted-art-339212/green/green_tripdata_2019-02.csv
[2022-02-18 12:53:42,867] {gcs.py:251} INFO - Total Bytes: 52931812 | Bytes Written: 52931812
[2022-02-18 12:53:42,868] {gcs.py:264} INFO - Object raw/green_tripdata_2019-02.csv in bucket dtc_data_lake_vaulted-art-339212 rewritten to object green/green_tripdata_2019-02.csv in bucket dtc_data_lake_vaulted-art-339212
[2022-02-18 12:53:42,869] {gcs_to_gcs.py:431} INFO - Executing copy of gs://dtc_data_lake_vaulted-art-339212/raw/green_tripdata_2020-11.csv to gs://dtc_data_lake_vaulted-art-339212/green/green_tripdata_2020-11.csv
[2022-02-18 12:53:42,991] {gcs.py:251} INFO - Total Bytes: 8008450 | Bytes Written: 8008450
[2022-02-18 12:53:42,993] {gcs.py:264} INFO - Object raw/green_tripdata_2020-11.csv in bucket dtc_data_lake_vaulted-art-339212 rewritten to object green/green_tripdata_2020-11.csv in bucket dtc_data_lake_vaulted-art-339212
[2022-02-18 12:53:42,994] {gcs_to_gcs.py:431} INFO - Executing copy of gs://dtc_data_lake_vaulted-art-339212/raw/green_tripdata_2019-12.csv to gs://dtc_data_lake_vaulted-art-339212/green/green_tripdata_2019-12.csv
[2022-02-18 12:53:43,344] {gcs.py:251} INFO - Total Bytes: 41147811 | Bytes Written: 41147811
[2022-02-18 12:53:43,345] {gcs.py:264} INFO - Object raw/green_tripdata_2019-12.csv in bucket dtc_data_lake_vaulted-art-339212 rewritten to object green/green_tripdata_2019-12.csv in bucket dtc_data_lake_vaulted-art-339212
[2022-02-18 12:53:43,349] {gcs_to_gcs.py:431} INFO - Executing copy of gs://dtc_data_lake_vaulted-art-339212/raw/green_tripdata_2020-07.csv to gs://dtc_data_lake_vaulted-art-339212/green/green_tripdata_2020-07.csv
[2022-02-18 12:53:43,692] {gcs.py:251} INFO - Total Bytes: 6531544 | Bytes Written: 6531544
[2022-02-18 12:53:43,695] {gcs.py:264} INFO - Object raw/green_tripdata_2020-07.csv in bucket dtc_data_lake_vaulted-art-339212 rewritten to object green/green_tripdata_2020-07.csv in bucket dtc_data_lake_vaulted-art-339212
[2022-02-18 12:53:43,697] {gcs_to_gcs.py:431} INFO - Executing copy of gs://dtc_data_lake_vaulted-art-339212/raw/green_tripdata_2020-05.csv to gs://dtc_data_lake_vaulted-art-339212/green/green_tripdata_2020-05.csv
[2022-02-18 12:53:43,933] {gcs.py:251} INFO - Total Bytes: 5124005 | Bytes Written: 5124005
[2022-02-18 12:53:43,934] {gcs.py:264} INFO - Object raw/green_tripdata_2020-05.csv in bucket dtc_data_lake_vaulted-art-339212 rewritten to object green/green_tripdata_2020-05.csv in bucket dtc_data_lake_vaulted-art-339212
[2022-02-18 12:53:43,934] {gcs_to_gcs.py:431} INFO - Executing copy of gs://dtc_data_lake_vaulted-art-339212/raw/green_tripdata_2019-08.csv to gs://dtc_data_lake_vaulted-art-339212/green/green_tripdata_2019-08.csv
[2022-02-18 12:53:44,162] {gcs.py:251} INFO - Total Bytes: 41172572 | Bytes Written: 41172572
[2022-02-18 12:53:44,164] {gcs.py:264} INFO - Object raw/green_tripdata_2019-08.csv in bucket dtc_data_lake_vaulted-art-339212 rewritten to object green/green_tripdata_2019-08.csv in bucket dtc_data_lake_vaulted-art-339212
[2022-02-18 12:53:44,165] {gcs_to_gcs.py:431} INFO - Executing copy of gs://dtc_data_lake_vaulted-art-339212/raw/green_tripdata_2020-09.csv to gs://dtc_data_lake_vaulted-art-339212/green/green_tripdata_2020-09.csv
[2022-02-18 12:53:44,508] {gcs.py:251} INFO - Total Bytes: 7954036 | Bytes Written: 7954036
[2022-02-18 12:53:44,509] {gcs.py:264} INFO - Object raw/green_tripdata_2020-09.csv in bucket dtc_data_lake_vaulted-art-339212 rewritten to object green/green_tripdata_2020-09.csv in bucket dtc_data_lake_vaulted-art-339212
[2022-02-18 12:53:44,509] {gcs_to_gcs.py:431} INFO - Executing copy of gs://dtc_data_lake_vaulted-art-339212/raw/green_tripdata_2019-11.csv to gs://dtc_data_lake_vaulted-art-339212/green/green_tripdata_2019-11.csv
[2022-02-18 12:53:44,851] {gcs.py:251} INFO - Total Bytes: 41115708 | Bytes Written: 41115708
[2022-02-18 12:53:44,852] {gcs.py:264} INFO - Object raw/green_tripdata_2019-11.csv in bucket dtc_data_lake_vaulted-art-339212 rewritten to object green/green_tripdata_2019-11.csv in bucket dtc_data_lake_vaulted-art-339212
[2022-02-18 12:53:44,853] {gcs_to_gcs.py:431} INFO - Executing copy of gs://dtc_data_lake_vaulted-art-339212/raw/green_tripdata_2019-10.csv to gs://dtc_data_lake_vaulted-art-339212/green/green_tripdata_2019-10.csv
[2022-02-18 12:53:45,211] {gcs.py:251} INFO - Total Bytes: 43540725 | Bytes Written: 43540725
[2022-02-18 12:53:45,213] {gcs.py:264} INFO - Object raw/green_tripdata_2019-10.csv in bucket dtc_data_lake_vaulted-art-339212 rewritten to object green/green_tripdata_2019-10.csv in bucket dtc_data_lake_vaulted-art-339212
[2022-02-18 12:53:45,215] {gcs_to_gcs.py:431} INFO - Executing copy of gs://dtc_data_lake_vaulted-art-339212/raw/green_tripdata_2020-01.csv to gs://dtc_data_lake_vaulted-art-339212/green/green_tripdata_2020-01.csv
[2022-02-18 12:53:45,561] {gcs.py:251} INFO - Total Bytes: 40697160 | Bytes Written: 40697160
[2022-02-18 12:53:45,566] {gcs.py:264} INFO - Object raw/green_tripdata_2020-01.csv in bucket dtc_data_lake_vaulted-art-339212 rewritten to object green/green_tripdata_2020-01.csv in bucket dtc_data_lake_vaulted-art-339212
[2022-02-18 12:53:45,568] {gcs_to_gcs.py:431} INFO - Executing copy of gs://dtc_data_lake_vaulted-art-339212/raw/green_tripdata_2020-12.csv to gs://dtc_data_lake_vaulted-art-339212/green/green_tripdata_2020-12.csv
[2022-02-18 12:53:45,891] {gcs.py:251} INFO - Total Bytes: 7515599 | Bytes Written: 7515599
[2022-02-18 12:53:45,892] {gcs.py:264} INFO - Object raw/green_tripdata_2020-12.csv in bucket dtc_data_lake_vaulted-art-339212 rewritten to object green/green_tripdata_2020-12.csv in bucket dtc_data_lake_vaulted-art-339212
[2022-02-18 12:53:45,893] {gcs_to_gcs.py:431} INFO - Executing copy of gs://dtc_data_lake_vaulted-art-339212/raw/green_tripdata_2020-08.csv to gs://dtc_data_lake_vaulted-art-339212/green/green_tripdata_2020-08.csv
[2022-02-18 12:53:46,231] {gcs.py:251} INFO - Total Bytes: 7322715 | Bytes Written: 7322715
[2022-02-18 12:53:46,233] {gcs.py:264} INFO - Object raw/green_tripdata_2020-08.csv in bucket dtc_data_lake_vaulted-art-339212 rewritten to object green/green_tripdata_2020-08.csv in bucket dtc_data_lake_vaulted-art-339212
[2022-02-18 12:53:46,234] {gcs_to_gcs.py:431} INFO - Executing copy of gs://dtc_data_lake_vaulted-art-339212/raw/green_tripdata_2019-09.csv to gs://dtc_data_lake_vaulted-art-339212/green/green_tripdata_2019-09.csv
[2022-02-18 12:53:46,583] {gcs.py:251} INFO - Total Bytes: 41124323 | Bytes Written: 41124323
[2022-02-18 12:53:46,584] {gcs.py:264} INFO - Object raw/green_tripdata_2019-09.csv in bucket dtc_data_lake_vaulted-art-339212 rewritten to object green/green_tripdata_2019-09.csv in bucket dtc_data_lake_vaulted-art-339212
[2022-02-18 12:53:46,586] {gcs_to_gcs.py:431} INFO - Executing copy of gs://dtc_data_lake_vaulted-art-339212/raw/green_tripdata_2020-03.csv to gs://dtc_data_lake_vaulted-art-339212/green/green_tripdata_2020-03.csv
[2022-02-18 12:53:46,945] {gcs.py:251} INFO - Total Bytes: 20189664 | Bytes Written: 20189664
[2022-02-18 12:53:46,946] {gcs.py:264} INFO - Object raw/green_tripdata_2020-03.csv in bucket dtc_data_lake_vaulted-art-339212 rewritten to object green/green_tripdata_2020-03.csv in bucket dtc_data_lake_vaulted-art-339212
[2022-02-18 12:53:46,980] {taskinstance.py:1277} INFO - Marking task as SUCCESS. dag_id=data_2_gcs_dag, task_id=gcs_2_green_gcs_task, execution_date=20220217T000000, start_date=20220218T125338, end_date=20220218T125346
[2022-02-18 12:53:47,032] {local_task_job.py:154} INFO - Task exited with return code 0
[2022-02-18 12:53:47,070] {local_task_job.py:264} INFO - 1 downstream tasks scheduled from follow-on schedule check
