[2022-02-02 19:13:48,539] {taskinstance.py:1032} INFO - Dependencies all met for <TaskInstance: ex_1_data_ingestion_gcs_dag_v3.format_to_parquet_task scheduled__2021-11-01T00:00:00+00:00 [queued]>
[2022-02-02 19:13:48,555] {taskinstance.py:1032} INFO - Dependencies all met for <TaskInstance: ex_1_data_ingestion_gcs_dag_v3.format_to_parquet_task scheduled__2021-11-01T00:00:00+00:00 [queued]>
[2022-02-02 19:13:48,556] {taskinstance.py:1238} INFO - 
--------------------------------------------------------------------------------
[2022-02-02 19:13:48,557] {taskinstance.py:1239} INFO - Starting attempt 1 of 1
[2022-02-02 19:13:48,558] {taskinstance.py:1240} INFO - 
--------------------------------------------------------------------------------
[2022-02-02 19:13:48,574] {taskinstance.py:1259} INFO - Executing <Task(PythonOperator): format_to_parquet_task> on 2021-11-01 00:00:00+00:00
[2022-02-02 19:13:48,585] {standard_task_runner.py:52} INFO - Started process 11957 to run task
[2022-02-02 19:13:48,591] {standard_task_runner.py:76} INFO - Running: ['***', 'tasks', 'run', 'ex_1_data_ingestion_gcs_dag_v3', 'format_to_parquet_task', 'scheduled__2021-11-01T00:00:00+00:00', '--job-id', '405', '--raw', '--subdir', 'DAGS_FOLDER/data_ingestion_hw_1_ex.py', '--cfg-path', '/tmp/tmp7r9fvx3f', '--error-file', '/tmp/tmp8nhoxezm']
[2022-02-02 19:13:48,593] {standard_task_runner.py:77} INFO - Job 405: Subtask format_to_parquet_task
[2022-02-02 19:13:48,685] {logging_mixin.py:109} INFO - Running <TaskInstance: ex_1_data_ingestion_gcs_dag_v3.format_to_parquet_task scheduled__2021-11-01T00:00:00+00:00 [running]> on host 700aeb16bae0
[2022-02-02 19:13:48,742] {warnings.py:110} WARNING - /home/***/.local/lib/python3.7/site-packages/***/utils/context.py:152: AirflowContextDeprecationWarning: Accessing 'execution_date' from the template is deprecated and will be removed in a future version. Please use 'data_interval_start' or 'logical_date' instead.
  warnings.warn(_create_deprecation_warning(key, self._deprecation_replacements[key]))

[2022-02-02 19:13:48,769] {taskinstance.py:1426} INFO - Exporting the following env vars:
AIRFLOW_CTX_DAG_OWNER=***
AIRFLOW_CTX_DAG_ID=ex_1_data_ingestion_gcs_dag_v3
AIRFLOW_CTX_TASK_ID=format_to_parquet_task
AIRFLOW_CTX_EXECUTION_DATE=2021-11-01T00:00:00+00:00
AIRFLOW_CTX_DAG_RUN_ID=scheduled__2021-11-01T00:00:00+00:00
[2022-02-02 19:13:48,900] {python.py:175} INFO - Done. Returned value was: None
[2022-02-02 19:13:48,926] {taskinstance.py:1277} INFO - Marking task as SUCCESS. dag_id=ex_1_data_ingestion_gcs_dag_v3, task_id=format_to_parquet_task, execution_date=20211101T000000, start_date=20220202T191348, end_date=20220202T191348
[2022-02-02 19:13:49,009] {local_task_job.py:154} INFO - Task exited with return code 0
[2022-02-02 19:13:49,128] {local_task_job.py:264} INFO - 1 downstream tasks scheduled from follow-on schedule check
[2022-02-10 14:55:36,748] {taskinstance.py:1032} INFO - Dependencies all met for <TaskInstance: ex_1_data_ingestion_gcs_dag_v3.format_to_parquet_task scheduled__2021-11-01T00:00:00+00:00 [queued]>
[2022-02-10 14:55:36,765] {taskinstance.py:1032} INFO - Dependencies all met for <TaskInstance: ex_1_data_ingestion_gcs_dag_v3.format_to_parquet_task scheduled__2021-11-01T00:00:00+00:00 [queued]>
[2022-02-10 14:55:36,766] {taskinstance.py:1238} INFO - 
--------------------------------------------------------------------------------
[2022-02-10 14:55:36,766] {taskinstance.py:1239} INFO - Starting attempt 1 of 1
[2022-02-10 14:55:36,767] {taskinstance.py:1240} INFO - 
--------------------------------------------------------------------------------
[2022-02-10 14:55:36,780] {taskinstance.py:1259} INFO - Executing <Task(PythonOperator): format_to_parquet_task> on 2021-11-01 00:00:00+00:00
[2022-02-10 14:55:36,787] {standard_task_runner.py:52} INFO - Started process 3617 to run task
[2022-02-10 14:55:36,791] {standard_task_runner.py:76} INFO - Running: ['***', 'tasks', 'run', 'ex_1_data_ingestion_gcs_dag_v3', 'format_to_parquet_task', 'scheduled__2021-11-01T00:00:00+00:00', '--job-id', '759', '--raw', '--subdir', 'DAGS_FOLDER/data_ingestion_hw_1_ex.py', '--cfg-path', '/tmp/tmpexyvffhm', '--error-file', '/tmp/tmpi_xluvps']
[2022-02-10 14:55:36,793] {standard_task_runner.py:77} INFO - Job 759: Subtask format_to_parquet_task
[2022-02-10 14:55:36,871] {logging_mixin.py:109} INFO - Running <TaskInstance: ex_1_data_ingestion_gcs_dag_v3.format_to_parquet_task scheduled__2021-11-01T00:00:00+00:00 [running]> on host e30f201fae61
[2022-02-10 14:55:36,915] {warnings.py:110} WARNING - /home/***/.local/lib/python3.7/site-packages/***/utils/context.py:152: AirflowContextDeprecationWarning: Accessing 'execution_date' from the template is deprecated and will be removed in a future version. Please use 'data_interval_start' or 'logical_date' instead.
  warnings.warn(_create_deprecation_warning(key, self._deprecation_replacements[key]))

[2022-02-10 14:55:36,940] {taskinstance.py:1426} INFO - Exporting the following env vars:
AIRFLOW_CTX_DAG_OWNER=***
AIRFLOW_CTX_DAG_ID=ex_1_data_ingestion_gcs_dag_v3
AIRFLOW_CTX_TASK_ID=format_to_parquet_task
AIRFLOW_CTX_EXECUTION_DATE=2021-11-01T00:00:00+00:00
AIRFLOW_CTX_DAG_RUN_ID=scheduled__2021-11-01T00:00:00+00:00
[2022-02-10 14:55:37,043] {python.py:175} INFO - Done. Returned value was: None
[2022-02-10 14:55:37,058] {taskinstance.py:1277} INFO - Marking task as SUCCESS. dag_id=ex_1_data_ingestion_gcs_dag_v3, task_id=format_to_parquet_task, execution_date=20211101T000000, start_date=20220210T145536, end_date=20220210T145537
[2022-02-10 14:55:37,086] {local_task_job.py:154} INFO - Task exited with return code 0
[2022-02-10 14:55:37,126] {local_task_job.py:264} INFO - 1 downstream tasks scheduled from follow-on schedule check
[2022-02-10 15:43:16,158] {taskinstance.py:1032} INFO - Dependencies all met for <TaskInstance: ex_1_data_ingestion_gcs_dag_v3.format_to_parquet_task scheduled__2021-11-01T00:00:00+00:00 [queued]>
[2022-02-10 15:43:16,178] {taskinstance.py:1032} INFO - Dependencies all met for <TaskInstance: ex_1_data_ingestion_gcs_dag_v3.format_to_parquet_task scheduled__2021-11-01T00:00:00+00:00 [queued]>
[2022-02-10 15:43:16,179] {taskinstance.py:1238} INFO - 
--------------------------------------------------------------------------------
[2022-02-10 15:43:16,181] {taskinstance.py:1239} INFO - Starting attempt 1 of 1
[2022-02-10 15:43:16,182] {taskinstance.py:1240} INFO - 
--------------------------------------------------------------------------------
[2022-02-10 15:43:16,206] {taskinstance.py:1259} INFO - Executing <Task(PythonOperator): format_to_parquet_task> on 2021-11-01 00:00:00+00:00
[2022-02-10 15:43:16,218] {standard_task_runner.py:52} INFO - Started process 1254 to run task
[2022-02-10 15:43:16,224] {standard_task_runner.py:76} INFO - Running: ['***', 'tasks', 'run', 'ex_1_data_ingestion_gcs_dag_v3', 'format_to_parquet_task', 'scheduled__2021-11-01T00:00:00+00:00', '--job-id', '884', '--raw', '--subdir', 'DAGS_FOLDER/data_ingestion_hw_1_ex.py', '--cfg-path', '/tmp/tmpiyq9rj0_', '--error-file', '/tmp/tmpna05jgc4']
[2022-02-10 15:43:16,226] {standard_task_runner.py:77} INFO - Job 884: Subtask format_to_parquet_task
[2022-02-10 15:43:16,306] {logging_mixin.py:109} INFO - Running <TaskInstance: ex_1_data_ingestion_gcs_dag_v3.format_to_parquet_task scheduled__2021-11-01T00:00:00+00:00 [running]> on host 276a0ad90304
[2022-02-10 15:43:16,356] {warnings.py:110} WARNING - /home/***/.local/lib/python3.7/site-packages/***/utils/context.py:152: AirflowContextDeprecationWarning: Accessing 'execution_date' from the template is deprecated and will be removed in a future version. Please use 'data_interval_start' or 'logical_date' instead.
  warnings.warn(_create_deprecation_warning(key, self._deprecation_replacements[key]))

[2022-02-10 15:43:16,389] {taskinstance.py:1426} INFO - Exporting the following env vars:
AIRFLOW_CTX_DAG_OWNER=***
AIRFLOW_CTX_DAG_ID=ex_1_data_ingestion_gcs_dag_v3
AIRFLOW_CTX_TASK_ID=format_to_parquet_task
AIRFLOW_CTX_EXECUTION_DATE=2021-11-01T00:00:00+00:00
AIRFLOW_CTX_DAG_RUN_ID=scheduled__2021-11-01T00:00:00+00:00
[2022-02-10 15:43:16,548] {python.py:175} INFO - Done. Returned value was: None
[2022-02-10 15:43:16,634] {taskinstance.py:1277} INFO - Marking task as SUCCESS. dag_id=ex_1_data_ingestion_gcs_dag_v3, task_id=format_to_parquet_task, execution_date=20211101T000000, start_date=20220210T154316, end_date=20220210T154316
[2022-02-10 15:43:16,727] {local_task_job.py:154} INFO - Task exited with return code 0
[2022-02-10 15:43:16,807] {local_task_job.py:264} INFO - 1 downstream tasks scheduled from follow-on schedule check
