[2022-02-10 15:44:31,266] {taskinstance.py:1032} INFO - Dependencies all met for <TaskInstance: ex_1_data_ingestion_gcs_dag_v3.download_dataset_task scheduled__2019-08-01T00:00:00+00:00 [queued]>
[2022-02-10 15:44:31,289] {taskinstance.py:1032} INFO - Dependencies all met for <TaskInstance: ex_1_data_ingestion_gcs_dag_v3.download_dataset_task scheduled__2019-08-01T00:00:00+00:00 [queued]>
[2022-02-10 15:44:31,291] {taskinstance.py:1238} INFO - 
--------------------------------------------------------------------------------
[2022-02-10 15:44:31,292] {taskinstance.py:1239} INFO - Starting attempt 2 of 2
[2022-02-10 15:44:31,294] {taskinstance.py:1240} INFO - 
--------------------------------------------------------------------------------
[2022-02-10 15:44:31,320] {taskinstance.py:1259} INFO - Executing <Task(BashOperator): download_dataset_task> on 2019-08-01 00:00:00+00:00
[2022-02-10 15:44:31,333] {standard_task_runner.py:52} INFO - Started process 1354 to run task
[2022-02-10 15:44:31,347] {standard_task_runner.py:76} INFO - Running: ['***', 'tasks', 'run', 'ex_1_data_ingestion_gcs_dag_v3', 'download_dataset_task', 'scheduled__2019-08-01T00:00:00+00:00', '--job-id', '892', '--raw', '--subdir', 'DAGS_FOLDER/data_ingestion_hw_1_ex.py', '--cfg-path', '/tmp/tmpx_n44cpk', '--error-file', '/tmp/tmpjlgq3yoq']
[2022-02-10 15:44:31,349] {standard_task_runner.py:77} INFO - Job 892: Subtask download_dataset_task
[2022-02-10 15:44:31,476] {logging_mixin.py:109} INFO - Running <TaskInstance: ex_1_data_ingestion_gcs_dag_v3.download_dataset_task scheduled__2019-08-01T00:00:00+00:00 [running]> on host 276a0ad90304
[2022-02-10 15:44:31,527] {warnings.py:110} WARNING - /home/***/.local/lib/python3.7/site-packages/***/utils/context.py:152: AirflowContextDeprecationWarning: Accessing 'execution_date' from the template is deprecated and will be removed in a future version. Please use 'data_interval_start' or 'logical_date' instead.
  warnings.warn(_create_deprecation_warning(key, self._deprecation_replacements[key]))

[2022-02-10 15:44:31,561] {taskinstance.py:1426} INFO - Exporting the following env vars:
AIRFLOW_CTX_DAG_OWNER=***
AIRFLOW_CTX_DAG_ID=ex_1_data_ingestion_gcs_dag_v3
AIRFLOW_CTX_TASK_ID=download_dataset_task
AIRFLOW_CTX_EXECUTION_DATE=2019-08-01T00:00:00+00:00
AIRFLOW_CTX_DAG_RUN_ID=scheduled__2019-08-01T00:00:00+00:00
[2022-02-10 15:44:31,563] {subprocess.py:62} INFO - Tmp dir root location: 
 /tmp
[2022-02-10 15:44:31,566] {subprocess.py:74} INFO - Running command: ['bash', '-c', 'curl -sS https://s3.amazonaws.com/nyc-tlc/trip+data/yellow_tripdata_2019-08.csv > /opt/***/yellow_tripdata_2019-08.csv']
[2022-02-10 15:44:31,589] {subprocess.py:85} INFO - Output:
[2022-02-10 15:45:24,495] {subprocess.py:93} INFO - Command exited with return code 0
[2022-02-10 15:45:24,628] {taskinstance.py:1277} INFO - Marking task as SUCCESS. dag_id=ex_1_data_ingestion_gcs_dag_v3, task_id=download_dataset_task, execution_date=20190801T000000, start_date=20220210T154431, end_date=20220210T154524
[2022-02-10 15:45:24,707] {local_task_job.py:154} INFO - Task exited with return code 0
[2022-02-10 15:45:24,791] {local_task_job.py:264} INFO - 1 downstream tasks scheduled from follow-on schedule check
[2022-02-10 16:51:50,121] {taskinstance.py:1032} INFO - Dependencies all met for <TaskInstance: ex_1_data_ingestion_gcs_dag_v3.download_dataset_task scheduled__2019-08-01T00:00:00+00:00 [queued]>
[2022-02-10 16:51:50,136] {taskinstance.py:1032} INFO - Dependencies all met for <TaskInstance: ex_1_data_ingestion_gcs_dag_v3.download_dataset_task scheduled__2019-08-01T00:00:00+00:00 [queued]>
[2022-02-10 16:51:50,137] {taskinstance.py:1238} INFO - 
--------------------------------------------------------------------------------
[2022-02-10 16:51:50,139] {taskinstance.py:1239} INFO - Starting attempt 2 of 2
[2022-02-10 16:51:50,141] {taskinstance.py:1240} INFO - 
--------------------------------------------------------------------------------
[2022-02-10 16:51:50,181] {taskinstance.py:1259} INFO - Executing <Task(BashOperator): download_dataset_task> on 2019-08-01 00:00:00+00:00
[2022-02-10 16:51:50,193] {standard_task_runner.py:52} INFO - Started process 1423 to run task
[2022-02-10 16:51:50,206] {standard_task_runner.py:76} INFO - Running: ['***', 'tasks', 'run', 'ex_1_data_ingestion_gcs_dag_v3', 'download_dataset_task', 'scheduled__2019-08-01T00:00:00+00:00', '--job-id', '1008', '--raw', '--subdir', 'DAGS_FOLDER/data_ingestion_hw_1_ex.py', '--cfg-path', '/tmp/tmppzat_rdl', '--error-file', '/tmp/tmpe2ciy_ca']
[2022-02-10 16:51:50,211] {standard_task_runner.py:77} INFO - Job 1008: Subtask download_dataset_task
[2022-02-10 16:51:50,306] {logging_mixin.py:109} INFO - Running <TaskInstance: ex_1_data_ingestion_gcs_dag_v3.download_dataset_task scheduled__2019-08-01T00:00:00+00:00 [running]> on host 106a34111faf
[2022-02-10 16:51:50,364] {warnings.py:110} WARNING - /home/***/.local/lib/python3.7/site-packages/***/utils/context.py:152: AirflowContextDeprecationWarning: Accessing 'execution_date' from the template is deprecated and will be removed in a future version. Please use 'data_interval_start' or 'logical_date' instead.
  warnings.warn(_create_deprecation_warning(key, self._deprecation_replacements[key]))

[2022-02-10 16:51:50,407] {taskinstance.py:1426} INFO - Exporting the following env vars:
AIRFLOW_CTX_DAG_OWNER=***
AIRFLOW_CTX_DAG_ID=ex_1_data_ingestion_gcs_dag_v3
AIRFLOW_CTX_TASK_ID=download_dataset_task
AIRFLOW_CTX_EXECUTION_DATE=2019-08-01T00:00:00+00:00
AIRFLOW_CTX_DAG_RUN_ID=scheduled__2019-08-01T00:00:00+00:00
[2022-02-10 16:51:50,410] {subprocess.py:62} INFO - Tmp dir root location: 
 /tmp
[2022-02-10 16:51:50,412] {subprocess.py:74} INFO - Running command: ['bash', '-c', 'curl -sS https://s3.amazonaws.com/nyc-tlc/trip+data/yellow_tripdata_2019-08.csv > /opt/***/yellow_tripdata_2019-08.csv']
[2022-02-10 16:51:50,454] {subprocess.py:85} INFO - Output:
[2022-02-10 16:52:10,273] {subprocess.py:93} INFO - Command exited with return code 0
[2022-02-10 16:52:10,392] {taskinstance.py:1277} INFO - Marking task as SUCCESS. dag_id=ex_1_data_ingestion_gcs_dag_v3, task_id=download_dataset_task, execution_date=20190801T000000, start_date=20220210T165150, end_date=20220210T165210
[2022-02-10 16:52:10,446] {local_task_job.py:154} INFO - Task exited with return code 0
[2022-02-10 16:52:10,490] {local_task_job.py:264} INFO - 1 downstream tasks scheduled from follow-on schedule check
