[2022-02-01 17:31:19,037] {taskinstance.py:1032} INFO - Dependencies all met for <TaskInstance: LocalIngestionDag.wget manual__2022-02-01T17:31:16.947983+00:00 [queued]>
[2022-02-01 17:31:19,057] {taskinstance.py:1032} INFO - Dependencies all met for <TaskInstance: LocalIngestionDag.wget manual__2022-02-01T17:31:16.947983+00:00 [queued]>
[2022-02-01 17:31:19,059] {taskinstance.py:1238} INFO - 
--------------------------------------------------------------------------------
[2022-02-01 17:31:19,061] {taskinstance.py:1239} INFO - Starting attempt 1 of 1
[2022-02-01 17:31:19,062] {taskinstance.py:1240} INFO - 
--------------------------------------------------------------------------------
[2022-02-01 17:31:19,084] {taskinstance.py:1259} INFO - Executing <Task(BashOperator): wget> on 2022-02-01 17:31:16.947983+00:00
[2022-02-01 17:31:19,091] {standard_task_runner.py:52} INFO - Started process 739 to run task
[2022-02-01 17:31:19,119] {standard_task_runner.py:76} INFO - Running: ['***', 'tasks', 'run', 'LocalIngestionDag', 'wget', 'manual__2022-02-01T17:31:16.947983+00:00', '--job-id', '38', '--raw', '--subdir', 'DAGS_FOLDER/data_ingestion_local.py', '--cfg-path', '/tmp/tmpyhrqsc4a', '--error-file', '/tmp/tmpj4f54a72']
[2022-02-01 17:31:19,133] {standard_task_runner.py:77} INFO - Job 38: Subtask wget
[2022-02-01 17:31:19,309] {logging_mixin.py:109} INFO - Running <TaskInstance: LocalIngestionDag.wget manual__2022-02-01T17:31:16.947983+00:00 [running]> on host c2ae942a63f5
[2022-02-01 17:31:19,462] {taskinstance.py:1426} INFO - Exporting the following env vars:
AIRFLOW_CTX_DAG_OWNER=***
AIRFLOW_CTX_DAG_ID=LocalIngestionDag
AIRFLOW_CTX_TASK_ID=wget
AIRFLOW_CTX_EXECUTION_DATE=2022-02-01T17:31:16.947983+00:00
AIRFLOW_CTX_DAG_RUN_ID=manual__2022-02-01T17:31:16.947983+00:00
[2022-02-01 17:31:19,464] {subprocess.py:62} INFO - Tmp dir root location: 
 /tmp
[2022-02-01 17:31:19,465] {subprocess.py:74} INFO - Running command: ['bash', '-c', "echo 'hello world'"]
[2022-02-01 17:31:19,494] {subprocess.py:85} INFO - Output:
[2022-02-01 17:31:19,497] {subprocess.py:89} INFO - hello world
[2022-02-01 17:31:19,498] {subprocess.py:93} INFO - Command exited with return code 0
[2022-02-01 17:31:19,547] {taskinstance.py:1277} INFO - Marking task as SUCCESS. dag_id=LocalIngestionDag, task_id=wget, execution_date=20220201T173116, start_date=20220201T173119, end_date=20220201T173119
[2022-02-01 17:31:19,617] {local_task_job.py:154} INFO - Task exited with return code 0
[2022-02-01 17:31:19,709] {local_task_job.py:264} INFO - 1 downstream tasks scheduled from follow-on schedule check
