[2022-02-03 14:52:16,112] {taskinstance.py:1032} INFO - Dependencies all met for <TaskInstance: FHV_data_ingestion_gcs_dag.format_to_parquet_task scheduled__2020-03-01T00:00:00+00:00 [queued]>
[2022-02-03 14:52:16,123] {taskinstance.py:1032} INFO - Dependencies all met for <TaskInstance: FHV_data_ingestion_gcs_dag.format_to_parquet_task scheduled__2020-03-01T00:00:00+00:00 [queued]>
[2022-02-03 14:52:16,124] {taskinstance.py:1238} INFO - 
--------------------------------------------------------------------------------
[2022-02-03 14:52:16,124] {taskinstance.py:1239} INFO - Starting attempt 1 of 1
[2022-02-03 14:52:16,125] {taskinstance.py:1240} INFO - 
--------------------------------------------------------------------------------
[2022-02-03 14:52:16,136] {taskinstance.py:1259} INFO - Executing <Task(PythonOperator): format_to_parquet_task> on 2020-03-01 00:00:00+00:00
[2022-02-03 14:52:16,140] {standard_task_runner.py:52} INFO - Started process 1687 to run task
[2022-02-03 14:52:16,144] {standard_task_runner.py:76} INFO - Running: ['***', 'tasks', 'run', 'FHV_data_ingestion_gcs_dag', 'format_to_parquet_task', 'scheduled__2020-03-01T00:00:00+00:00', '--job-id', '472', '--raw', '--subdir', 'DAGS_FOLDER/FHV_injection_dag.py', '--cfg-path', '/tmp/tmpyj1767jq', '--error-file', '/tmp/tmptndpla04']
[2022-02-03 14:52:16,146] {standard_task_runner.py:77} INFO - Job 472: Subtask format_to_parquet_task
[2022-02-03 14:52:16,206] {logging_mixin.py:109} INFO - Running <TaskInstance: FHV_data_ingestion_gcs_dag.format_to_parquet_task scheduled__2020-03-01T00:00:00+00:00 [running]> on host 700aeb16bae0
[2022-02-03 14:52:16,239] {warnings.py:110} WARNING - /home/***/.local/lib/python3.7/site-packages/***/utils/context.py:152: AirflowContextDeprecationWarning: Accessing 'execution_date' from the template is deprecated and will be removed in a future version. Please use 'data_interval_start' or 'logical_date' instead.
  warnings.warn(_create_deprecation_warning(key, self._deprecation_replacements[key]))

[2022-02-03 14:52:16,259] {taskinstance.py:1426} INFO - Exporting the following env vars:
AIRFLOW_CTX_DAG_OWNER=***
AIRFLOW_CTX_DAG_ID=FHV_data_ingestion_gcs_dag
AIRFLOW_CTX_TASK_ID=format_to_parquet_task
AIRFLOW_CTX_EXECUTION_DATE=2020-03-01T00:00:00+00:00
AIRFLOW_CTX_DAG_RUN_ID=scheduled__2020-03-01T00:00:00+00:00
[2022-02-03 14:52:16,755] {python.py:175} INFO - Done. Returned value was: None
[2022-02-03 14:52:16,777] {taskinstance.py:1277} INFO - Marking task as SUCCESS. dag_id=FHV_data_ingestion_gcs_dag, task_id=format_to_parquet_task, execution_date=20200301T000000, start_date=20220203T145216, end_date=20220203T145216
[2022-02-03 14:52:16,863] {local_task_job.py:154} INFO - Task exited with return code 0
[2022-02-03 14:52:16,913] {local_task_job.py:264} INFO - 1 downstream tasks scheduled from follow-on schedule check
[2022-02-03 15:14:51,443] {taskinstance.py:1032} INFO - Dependencies all met for <TaskInstance: FHV_data_ingestion_gcs_dag.format_to_parquet_task scheduled__2020-03-01T00:00:00+00:00 [queued]>
[2022-02-03 15:14:51,463] {taskinstance.py:1032} INFO - Dependencies all met for <TaskInstance: FHV_data_ingestion_gcs_dag.format_to_parquet_task scheduled__2020-03-01T00:00:00+00:00 [queued]>
[2022-02-03 15:14:51,464] {taskinstance.py:1238} INFO - 
--------------------------------------------------------------------------------
[2022-02-03 15:14:51,465] {taskinstance.py:1239} INFO - Starting attempt 1 of 1
[2022-02-03 15:14:51,466] {taskinstance.py:1240} INFO - 
--------------------------------------------------------------------------------
[2022-02-03 15:14:51,488] {taskinstance.py:1259} INFO - Executing <Task(PythonOperator): format_to_parquet_task> on 2020-03-01 00:00:00+00:00
[2022-02-03 15:14:51,495] {standard_task_runner.py:52} INFO - Started process 3166 to run task
[2022-02-03 15:14:51,501] {standard_task_runner.py:76} INFO - Running: ['***', 'tasks', 'run', 'FHV_data_ingestion_gcs_dag', 'format_to_parquet_task', 'scheduled__2020-03-01T00:00:00+00:00', '--job-id', '571', '--raw', '--subdir', 'DAGS_FOLDER/FHV_injection_dag.py', '--cfg-path', '/tmp/tmpqa1syo07', '--error-file', '/tmp/tmpciltzzc7']
[2022-02-03 15:14:51,504] {standard_task_runner.py:77} INFO - Job 571: Subtask format_to_parquet_task
[2022-02-03 15:14:51,589] {logging_mixin.py:109} INFO - Running <TaskInstance: FHV_data_ingestion_gcs_dag.format_to_parquet_task scheduled__2020-03-01T00:00:00+00:00 [running]> on host 700aeb16bae0
[2022-02-03 15:14:51,631] {warnings.py:110} WARNING - /home/***/.local/lib/python3.7/site-packages/***/utils/context.py:152: AirflowContextDeprecationWarning: Accessing 'execution_date' from the template is deprecated and will be removed in a future version. Please use 'data_interval_start' or 'logical_date' instead.
  warnings.warn(_create_deprecation_warning(key, self._deprecation_replacements[key]))

[2022-02-03 15:14:51,651] {taskinstance.py:1426} INFO - Exporting the following env vars:
AIRFLOW_CTX_DAG_OWNER=***
AIRFLOW_CTX_DAG_ID=FHV_data_ingestion_gcs_dag
AIRFLOW_CTX_TASK_ID=format_to_parquet_task
AIRFLOW_CTX_EXECUTION_DATE=2020-03-01T00:00:00+00:00
AIRFLOW_CTX_DAG_RUN_ID=scheduled__2020-03-01T00:00:00+00:00
[2022-02-03 15:14:52,140] {python.py:175} INFO - Done. Returned value was: None
[2022-02-03 15:14:52,160] {taskinstance.py:1277} INFO - Marking task as SUCCESS. dag_id=FHV_data_ingestion_gcs_dag, task_id=format_to_parquet_task, execution_date=20200301T000000, start_date=20220203T151451, end_date=20220203T151452
[2022-02-03 15:14:52,239] {local_task_job.py:154} INFO - Task exited with return code 0
[2022-02-03 15:14:52,280] {local_task_job.py:264} INFO - 1 downstream tasks scheduled from follow-on schedule check
