[2022-02-02 18:30:28,678] {taskinstance.py:1032} INFO - Dependencies all met for <TaskInstance: ex_1_data_ingestion_gcs_dag_v3.download_dataset_task scheduled__2019-10-01T00:00:00+00:00 [queued]>
[2022-02-02 18:30:28,691] {taskinstance.py:1032} INFO - Dependencies all met for <TaskInstance: ex_1_data_ingestion_gcs_dag_v3.download_dataset_task scheduled__2019-10-01T00:00:00+00:00 [queued]>
[2022-02-02 18:30:28,692] {taskinstance.py:1238} INFO - 
--------------------------------------------------------------------------------
[2022-02-02 18:30:28,693] {taskinstance.py:1239} INFO - Starting attempt 1 of 1
[2022-02-02 18:30:28,693] {taskinstance.py:1240} INFO - 
--------------------------------------------------------------------------------
[2022-02-02 18:30:28,705] {taskinstance.py:1259} INFO - Executing <Task(BashOperator): download_dataset_task> on 2019-10-01 00:00:00+00:00
[2022-02-02 18:30:28,711] {standard_task_runner.py:52} INFO - Started process 9514 to run task
[2022-02-02 18:30:28,716] {standard_task_runner.py:76} INFO - Running: ['***', 'tasks', 'run', 'ex_1_data_ingestion_gcs_dag_v3', 'download_dataset_task', 'scheduled__2019-10-01T00:00:00+00:00', '--job-id', '331', '--raw', '--subdir', 'DAGS_FOLDER/data_ingestion_hw_1_ex.py', '--cfg-path', '/tmp/tmpyc_vxbfg', '--error-file', '/tmp/tmpe9p0dr7t']
[2022-02-02 18:30:28,718] {standard_task_runner.py:77} INFO - Job 331: Subtask download_dataset_task
[2022-02-02 18:30:28,798] {logging_mixin.py:109} INFO - Running <TaskInstance: ex_1_data_ingestion_gcs_dag_v3.download_dataset_task scheduled__2019-10-01T00:00:00+00:00 [running]> on host 700aeb16bae0
[2022-02-02 18:30:28,839] {warnings.py:110} WARNING - /home/***/.local/lib/python3.7/site-packages/***/utils/context.py:152: AirflowContextDeprecationWarning: Accessing 'execution_date' from the template is deprecated and will be removed in a future version. Please use 'data_interval_start' or 'logical_date' instead.
  warnings.warn(_create_deprecation_warning(key, self._deprecation_replacements[key]))

[2022-02-02 18:30:28,864] {taskinstance.py:1426} INFO - Exporting the following env vars:
AIRFLOW_CTX_DAG_OWNER=***
AIRFLOW_CTX_DAG_ID=ex_1_data_ingestion_gcs_dag_v3
AIRFLOW_CTX_TASK_ID=download_dataset_task
AIRFLOW_CTX_EXECUTION_DATE=2019-10-01T00:00:00+00:00
AIRFLOW_CTX_DAG_RUN_ID=scheduled__2019-10-01T00:00:00+00:00
[2022-02-02 18:30:28,866] {subprocess.py:62} INFO - Tmp dir root location: 
 /tmp
[2022-02-02 18:30:28,869] {subprocess.py:74} INFO - Running command: ['bash', '-c', 'curl -sS https://s3.amazonaws.com/nyc-tlc/trip+data/yellow_tripdata_2019-10.csv > /opt/***/yellow_tripdata_2019-10.csv']
[2022-02-02 18:30:28,883] {subprocess.py:85} INFO - Output:
[2022-02-02 18:32:45,414] {subprocess.py:93} INFO - Command exited with return code 0
[2022-02-02 18:32:45,452] {taskinstance.py:1277} INFO - Marking task as SUCCESS. dag_id=ex_1_data_ingestion_gcs_dag_v3, task_id=download_dataset_task, execution_date=20191001T000000, start_date=20220202T183028, end_date=20220202T183245
[2022-02-02 18:32:45,509] {local_task_job.py:154} INFO - Task exited with return code 0
[2022-02-02 18:32:45,553] {local_task_job.py:264} INFO - 1 downstream tasks scheduled from follow-on schedule check
