[2022-02-02 19:06:32,904] {taskinstance.py:1032} INFO - Dependencies all met for <TaskInstance: ex_1_data_ingestion_gcs_dag_v3.download_dataset_task scheduled__2021-04-01T00:00:00+00:00 [queued]>
[2022-02-02 19:06:32,915] {taskinstance.py:1032} INFO - Dependencies all met for <TaskInstance: ex_1_data_ingestion_gcs_dag_v3.download_dataset_task scheduled__2021-04-01T00:00:00+00:00 [queued]>
[2022-02-02 19:06:32,916] {taskinstance.py:1238} INFO - 
--------------------------------------------------------------------------------
[2022-02-02 19:06:32,917] {taskinstance.py:1239} INFO - Starting attempt 1 of 1
[2022-02-02 19:06:32,918] {taskinstance.py:1240} INFO - 
--------------------------------------------------------------------------------
[2022-02-02 19:06:32,930] {taskinstance.py:1259} INFO - Executing <Task(BashOperator): download_dataset_task> on 2021-04-01 00:00:00+00:00
[2022-02-02 19:06:32,936] {standard_task_runner.py:52} INFO - Started process 11501 to run task
[2022-02-02 19:06:32,940] {standard_task_runner.py:76} INFO - Running: ['***', 'tasks', 'run', 'ex_1_data_ingestion_gcs_dag_v3', 'download_dataset_task', 'scheduled__2021-04-01T00:00:00+00:00', '--job-id', '383', '--raw', '--subdir', 'DAGS_FOLDER/data_ingestion_hw_1_ex.py', '--cfg-path', '/tmp/tmphkdtx6gh', '--error-file', '/tmp/tmplrx4ew7l']
[2022-02-02 19:06:32,942] {standard_task_runner.py:77} INFO - Job 383: Subtask download_dataset_task
[2022-02-02 19:06:33,051] {logging_mixin.py:109} INFO - Running <TaskInstance: ex_1_data_ingestion_gcs_dag_v3.download_dataset_task scheduled__2021-04-01T00:00:00+00:00 [running]> on host 700aeb16bae0
[2022-02-02 19:06:33,112] {warnings.py:110} WARNING - /home/***/.local/lib/python3.7/site-packages/***/utils/context.py:152: AirflowContextDeprecationWarning: Accessing 'execution_date' from the template is deprecated and will be removed in a future version. Please use 'data_interval_start' or 'logical_date' instead.
  warnings.warn(_create_deprecation_warning(key, self._deprecation_replacements[key]))

[2022-02-02 19:06:33,139] {taskinstance.py:1426} INFO - Exporting the following env vars:
AIRFLOW_CTX_DAG_OWNER=***
AIRFLOW_CTX_DAG_ID=ex_1_data_ingestion_gcs_dag_v3
AIRFLOW_CTX_TASK_ID=download_dataset_task
AIRFLOW_CTX_EXECUTION_DATE=2021-04-01T00:00:00+00:00
AIRFLOW_CTX_DAG_RUN_ID=scheduled__2021-04-01T00:00:00+00:00
[2022-02-02 19:06:33,142] {subprocess.py:62} INFO - Tmp dir root location: 
 /tmp
[2022-02-02 19:06:33,144] {subprocess.py:74} INFO - Running command: ['bash', '-c', 'curl -sS https://s3.amazonaws.com/nyc-tlc/trip+data/yellow_tripdata_2021-04.csv > /opt/***/yellow_tripdata_2021-04.csv']
[2022-02-02 19:06:33,162] {subprocess.py:85} INFO - Output:
[2022-02-02 19:07:27,704] {subprocess.py:93} INFO - Command exited with return code 0
[2022-02-02 19:07:27,937] {taskinstance.py:1277} INFO - Marking task as SUCCESS. dag_id=ex_1_data_ingestion_gcs_dag_v3, task_id=download_dataset_task, execution_date=20210401T000000, start_date=20220202T190632, end_date=20220202T190727
[2022-02-02 19:07:27,988] {local_task_job.py:154} INFO - Task exited with return code 0
[2022-02-02 19:07:28,028] {local_task_job.py:264} INFO - 1 downstream tasks scheduled from follow-on schedule check
[2022-02-10 14:50:13,701] {taskinstance.py:1032} INFO - Dependencies all met for <TaskInstance: ex_1_data_ingestion_gcs_dag_v3.download_dataset_task scheduled__2021-04-01T00:00:00+00:00 [queued]>
[2022-02-10 14:50:13,783] {taskinstance.py:1032} INFO - Dependencies all met for <TaskInstance: ex_1_data_ingestion_gcs_dag_v3.download_dataset_task scheduled__2021-04-01T00:00:00+00:00 [queued]>
[2022-02-10 14:50:13,791] {taskinstance.py:1238} INFO - 
--------------------------------------------------------------------------------
[2022-02-10 14:50:13,795] {taskinstance.py:1239} INFO - Starting attempt 1 of 1
[2022-02-10 14:50:13,801] {taskinstance.py:1240} INFO - 
--------------------------------------------------------------------------------
[2022-02-10 14:50:13,882] {taskinstance.py:1259} INFO - Executing <Task(BashOperator): download_dataset_task> on 2021-04-01 00:00:00+00:00
[2022-02-10 14:50:13,913] {standard_task_runner.py:52} INFO - Started process 3307 to run task
[2022-02-10 14:50:13,947] {standard_task_runner.py:76} INFO - Running: ['***', 'tasks', 'run', 'ex_1_data_ingestion_gcs_dag_v3', 'download_dataset_task', 'scheduled__2021-04-01T00:00:00+00:00', '--job-id', '737', '--raw', '--subdir', 'DAGS_FOLDER/data_ingestion_hw_1_ex.py', '--cfg-path', '/tmp/tmpdns5gjy_', '--error-file', '/tmp/tmp7z4hls5a']
[2022-02-10 14:50:13,961] {standard_task_runner.py:77} INFO - Job 737: Subtask download_dataset_task
[2022-02-10 14:50:14,335] {logging_mixin.py:109} INFO - Running <TaskInstance: ex_1_data_ingestion_gcs_dag_v3.download_dataset_task scheduled__2021-04-01T00:00:00+00:00 [running]> on host e30f201fae61
[2022-02-10 14:50:14,456] {warnings.py:110} WARNING - /home/***/.local/lib/python3.7/site-packages/***/utils/context.py:152: AirflowContextDeprecationWarning: Accessing 'execution_date' from the template is deprecated and will be removed in a future version. Please use 'data_interval_start' or 'logical_date' instead.
  warnings.warn(_create_deprecation_warning(key, self._deprecation_replacements[key]))

[2022-02-10 14:50:14,516] {taskinstance.py:1426} INFO - Exporting the following env vars:
AIRFLOW_CTX_DAG_OWNER=***
AIRFLOW_CTX_DAG_ID=ex_1_data_ingestion_gcs_dag_v3
AIRFLOW_CTX_TASK_ID=download_dataset_task
AIRFLOW_CTX_EXECUTION_DATE=2021-04-01T00:00:00+00:00
AIRFLOW_CTX_DAG_RUN_ID=scheduled__2021-04-01T00:00:00+00:00
[2022-02-10 14:50:14,521] {subprocess.py:62} INFO - Tmp dir root location: 
 /tmp
[2022-02-10 14:50:14,523] {subprocess.py:74} INFO - Running command: ['bash', '-c', 'curl -sS https://s3.amazonaws.com/nyc-tlc/trip+data/yellow_tripdata_2021-04.csv > /opt/***/yellow_tripdata_2021-04.csv']
[2022-02-10 14:50:14,554] {subprocess.py:85} INFO - Output:
[2022-02-10 14:50:25,365] {subprocess.py:93} INFO - Command exited with return code 0
[2022-02-10 14:50:25,448] {taskinstance.py:1277} INFO - Marking task as SUCCESS. dag_id=ex_1_data_ingestion_gcs_dag_v3, task_id=download_dataset_task, execution_date=20210401T000000, start_date=20220210T145013, end_date=20220210T145025
[2022-02-10 14:50:25,561] {local_task_job.py:154} INFO - Task exited with return code 0
[2022-02-10 14:50:25,733] {local_task_job.py:264} INFO - 0 downstream tasks scheduled from follow-on schedule check
[2022-02-10 15:41:39,353] {taskinstance.py:1032} INFO - Dependencies all met for <TaskInstance: ex_1_data_ingestion_gcs_dag_v3.download_dataset_task scheduled__2021-04-01T00:00:00+00:00 [queued]>
[2022-02-10 15:41:39,374] {taskinstance.py:1032} INFO - Dependencies all met for <TaskInstance: ex_1_data_ingestion_gcs_dag_v3.download_dataset_task scheduled__2021-04-01T00:00:00+00:00 [queued]>
[2022-02-10 15:41:39,377] {taskinstance.py:1238} INFO - 
--------------------------------------------------------------------------------
[2022-02-10 15:41:39,378] {taskinstance.py:1239} INFO - Starting attempt 1 of 1
[2022-02-10 15:41:39,379] {taskinstance.py:1240} INFO - 
--------------------------------------------------------------------------------
[2022-02-10 15:41:39,398] {taskinstance.py:1259} INFO - Executing <Task(BashOperator): download_dataset_task> on 2021-04-01 00:00:00+00:00
[2022-02-10 15:41:39,406] {standard_task_runner.py:52} INFO - Started process 1061 to run task
[2022-02-10 15:41:39,418] {standard_task_runner.py:76} INFO - Running: ['***', 'tasks', 'run', 'ex_1_data_ingestion_gcs_dag_v3', 'download_dataset_task', 'scheduled__2021-04-01T00:00:00+00:00', '--job-id', '860', '--raw', '--subdir', 'DAGS_FOLDER/data_ingestion_hw_1_ex.py', '--cfg-path', '/tmp/tmpb5rrhlv4', '--error-file', '/tmp/tmph208fpqb']
[2022-02-10 15:41:39,420] {standard_task_runner.py:77} INFO - Job 860: Subtask download_dataset_task
[2022-02-10 15:41:39,549] {logging_mixin.py:109} INFO - Running <TaskInstance: ex_1_data_ingestion_gcs_dag_v3.download_dataset_task scheduled__2021-04-01T00:00:00+00:00 [running]> on host 276a0ad90304
[2022-02-10 15:41:39,612] {warnings.py:110} WARNING - /home/***/.local/lib/python3.7/site-packages/***/utils/context.py:152: AirflowContextDeprecationWarning: Accessing 'execution_date' from the template is deprecated and will be removed in a future version. Please use 'data_interval_start' or 'logical_date' instead.
  warnings.warn(_create_deprecation_warning(key, self._deprecation_replacements[key]))

[2022-02-10 15:41:39,646] {taskinstance.py:1426} INFO - Exporting the following env vars:
AIRFLOW_CTX_DAG_OWNER=***
AIRFLOW_CTX_DAG_ID=ex_1_data_ingestion_gcs_dag_v3
AIRFLOW_CTX_TASK_ID=download_dataset_task
AIRFLOW_CTX_EXECUTION_DATE=2021-04-01T00:00:00+00:00
AIRFLOW_CTX_DAG_RUN_ID=scheduled__2021-04-01T00:00:00+00:00
[2022-02-10 15:41:39,649] {subprocess.py:62} INFO - Tmp dir root location: 
 /tmp
[2022-02-10 15:41:39,652] {subprocess.py:74} INFO - Running command: ['bash', '-c', 'curl -sS https://s3.amazonaws.com/nyc-tlc/trip+data/yellow_tripdata_2021-04.csv > /opt/***/yellow_tripdata_2021-04.csv']
[2022-02-10 15:41:39,691] {subprocess.py:85} INFO - Output:
[2022-02-10 15:41:55,857] {subprocess.py:93} INFO - Command exited with return code 0
[2022-02-10 15:41:55,927] {taskinstance.py:1277} INFO - Marking task as SUCCESS. dag_id=ex_1_data_ingestion_gcs_dag_v3, task_id=download_dataset_task, execution_date=20210401T000000, start_date=20220210T154139, end_date=20220210T154155
[2022-02-10 15:41:55,976] {local_task_job.py:154} INFO - Task exited with return code 0
[2022-02-10 15:41:56,045] {local_task_job.py:264} INFO - 1 downstream tasks scheduled from follow-on schedule check
[2022-02-10 16:43:22,217] {taskinstance.py:1032} INFO - Dependencies all met for <TaskInstance: ex_1_data_ingestion_gcs_dag_v3.download_dataset_task scheduled__2021-04-01T00:00:00+00:00 [queued]>
[2022-02-10 16:43:22,232] {taskinstance.py:1032} INFO - Dependencies all met for <TaskInstance: ex_1_data_ingestion_gcs_dag_v3.download_dataset_task scheduled__2021-04-01T00:00:00+00:00 [queued]>
[2022-02-10 16:43:22,233] {taskinstance.py:1238} INFO - 
--------------------------------------------------------------------------------
[2022-02-10 16:43:22,234] {taskinstance.py:1239} INFO - Starting attempt 1 of 1
[2022-02-10 16:43:22,235] {taskinstance.py:1240} INFO - 
--------------------------------------------------------------------------------
[2022-02-10 16:43:22,253] {taskinstance.py:1259} INFO - Executing <Task(BashOperator): download_dataset_task> on 2021-04-01 00:00:00+00:00
[2022-02-10 16:43:22,259] {standard_task_runner.py:52} INFO - Started process 929 to run task
[2022-02-10 16:43:22,265] {standard_task_runner.py:76} INFO - Running: ['***', 'tasks', 'run', 'ex_1_data_ingestion_gcs_dag_v3', 'download_dataset_task', 'scheduled__2021-04-01T00:00:00+00:00', '--job-id', '978', '--raw', '--subdir', 'DAGS_FOLDER/data_ingestion_hw_1_ex.py', '--cfg-path', '/tmp/tmp71iwsiou', '--error-file', '/tmp/tmpa4d__60o']
[2022-02-10 16:43:22,267] {standard_task_runner.py:77} INFO - Job 978: Subtask download_dataset_task
[2022-02-10 16:43:22,351] {logging_mixin.py:109} INFO - Running <TaskInstance: ex_1_data_ingestion_gcs_dag_v3.download_dataset_task scheduled__2021-04-01T00:00:00+00:00 [running]> on host 106a34111faf
[2022-02-10 16:43:22,409] {warnings.py:110} WARNING - /home/***/.local/lib/python3.7/site-packages/***/utils/context.py:152: AirflowContextDeprecationWarning: Accessing 'execution_date' from the template is deprecated and will be removed in a future version. Please use 'data_interval_start' or 'logical_date' instead.
  warnings.warn(_create_deprecation_warning(key, self._deprecation_replacements[key]))

[2022-02-10 16:43:22,439] {taskinstance.py:1426} INFO - Exporting the following env vars:
AIRFLOW_CTX_DAG_OWNER=***
AIRFLOW_CTX_DAG_ID=ex_1_data_ingestion_gcs_dag_v3
AIRFLOW_CTX_TASK_ID=download_dataset_task
AIRFLOW_CTX_EXECUTION_DATE=2021-04-01T00:00:00+00:00
AIRFLOW_CTX_DAG_RUN_ID=scheduled__2021-04-01T00:00:00+00:00
[2022-02-10 16:43:22,440] {subprocess.py:62} INFO - Tmp dir root location: 
 /tmp
[2022-02-10 16:43:22,442] {subprocess.py:74} INFO - Running command: ['bash', '-c', 'curl -sS https://s3.amazonaws.com/nyc-tlc/trip+data/yellow_tripdata_2021-04.csv > /opt/***/yellow_tripdata_2021-04.csv']
[2022-02-10 16:43:22,458] {subprocess.py:85} INFO - Output:
[2022-02-10 16:44:42,850] {subprocess.py:93} INFO - Command exited with return code 0
[2022-02-10 16:44:42,898] {taskinstance.py:1277} INFO - Marking task as SUCCESS. dag_id=ex_1_data_ingestion_gcs_dag_v3, task_id=download_dataset_task, execution_date=20210401T000000, start_date=20220210T164322, end_date=20220210T164442
[2022-02-10 16:44:42,951] {local_task_job.py:154} INFO - Task exited with return code 0
[2022-02-10 16:44:43,012] {local_task_job.py:264} INFO - 1 downstream tasks scheduled from follow-on schedule check
