[2022-02-01 17:31:22,943] {taskinstance.py:1032} INFO - Dependencies all met for <TaskInstance: LocalIngestionDag.ingest scheduled__2021-04-02T06:00:00+00:00 [queued]>
[2022-02-01 17:31:22,996] {taskinstance.py:1032} INFO - Dependencies all met for <TaskInstance: LocalIngestionDag.ingest scheduled__2021-04-02T06:00:00+00:00 [queued]>
[2022-02-01 17:31:22,997] {taskinstance.py:1238} INFO - 
--------------------------------------------------------------------------------
[2022-02-01 17:31:22,999] {taskinstance.py:1239} INFO - Starting attempt 1 of 1
[2022-02-01 17:31:23,001] {taskinstance.py:1240} INFO - 
--------------------------------------------------------------------------------
[2022-02-01 17:31:23,057] {taskinstance.py:1259} INFO - Executing <Task(BashOperator): ingest> on 2021-04-02 06:00:00+00:00
[2022-02-01 17:31:23,120] {standard_task_runner.py:52} INFO - Started process 782 to run task
[2022-02-01 17:31:23,181] {standard_task_runner.py:76} INFO - Running: ['***', 'tasks', 'run', 'LocalIngestionDag', 'ingest', 'scheduled__2021-04-02T06:00:00+00:00', '--job-id', '49', '--raw', '--subdir', 'DAGS_FOLDER/data_ingestion_local.py', '--cfg-path', '/tmp/tmp_tnd8mh7', '--error-file', '/tmp/tmp5f80npvv']
[2022-02-01 17:31:23,203] {standard_task_runner.py:77} INFO - Job 49: Subtask ingest
[2022-02-01 17:31:23,589] {logging_mixin.py:109} INFO - Running <TaskInstance: LocalIngestionDag.ingest scheduled__2021-04-02T06:00:00+00:00 [running]> on host c2ae942a63f5
[2022-02-01 17:31:23,954] {taskinstance.py:1426} INFO - Exporting the following env vars:
AIRFLOW_CTX_DAG_OWNER=***
AIRFLOW_CTX_DAG_ID=LocalIngestionDag
AIRFLOW_CTX_TASK_ID=ingest
AIRFLOW_CTX_EXECUTION_DATE=2021-04-02T06:00:00+00:00
AIRFLOW_CTX_DAG_RUN_ID=scheduled__2021-04-02T06:00:00+00:00
[2022-02-01 17:31:23,961] {subprocess.py:62} INFO - Tmp dir root location: 
 /tmp
[2022-02-01 17:31:23,970] {subprocess.py:74} INFO - Running command: ['bash', '-c', 'pwd']
[2022-02-01 17:31:24,028] {subprocess.py:85} INFO - Output:
[2022-02-01 17:31:24,032] {subprocess.py:89} INFO - /tmp/***tmpkf46pm6h
[2022-02-01 17:31:24,037] {subprocess.py:93} INFO - Command exited with return code 0
[2022-02-01 17:31:24,204] {taskinstance.py:1277} INFO - Marking task as SUCCESS. dag_id=LocalIngestionDag, task_id=ingest, execution_date=20210402T060000, start_date=20220201T173122, end_date=20220201T173124
[2022-02-01 17:31:24,405] {local_task_job.py:154} INFO - Task exited with return code 0
[2022-02-01 17:31:24,555] {local_task_job.py:264} INFO - 0 downstream tasks scheduled from follow-on schedule check
