[2022-02-02 18:26:36,610] {taskinstance.py:1032} INFO - Dependencies all met for <TaskInstance: ex_1_data_ingestion_gcs_dag_v3.format_to_parquet_task scheduled__2019-08-01T00:00:00+00:00 [queued]>
[2022-02-02 18:26:36,625] {taskinstance.py:1032} INFO - Dependencies all met for <TaskInstance: ex_1_data_ingestion_gcs_dag_v3.format_to_parquet_task scheduled__2019-08-01T00:00:00+00:00 [queued]>
[2022-02-02 18:26:36,626] {taskinstance.py:1238} INFO - 
--------------------------------------------------------------------------------
[2022-02-02 18:26:36,627] {taskinstance.py:1239} INFO - Starting attempt 1 of 1
[2022-02-02 18:26:36,628] {taskinstance.py:1240} INFO - 
--------------------------------------------------------------------------------
[2022-02-02 18:26:36,642] {taskinstance.py:1259} INFO - Executing <Task(PythonOperator): format_to_parquet_task> on 2019-08-01 00:00:00+00:00
[2022-02-02 18:26:36,649] {standard_task_runner.py:52} INFO - Started process 9308 to run task
[2022-02-02 18:26:36,653] {standard_task_runner.py:76} INFO - Running: ['***', 'tasks', 'run', 'ex_1_data_ingestion_gcs_dag_v3', 'format_to_parquet_task', 'scheduled__2019-08-01T00:00:00+00:00', '--job-id', '326', '--raw', '--subdir', 'DAGS_FOLDER/data_ingestion_hw_1_ex.py', '--cfg-path', '/tmp/tmp4b6edoqh', '--error-file', '/tmp/tmp4aaznszy']
[2022-02-02 18:26:36,655] {standard_task_runner.py:77} INFO - Job 326: Subtask format_to_parquet_task
[2022-02-02 18:26:36,730] {logging_mixin.py:109} INFO - Running <TaskInstance: ex_1_data_ingestion_gcs_dag_v3.format_to_parquet_task scheduled__2019-08-01T00:00:00+00:00 [running]> on host 700aeb16bae0
[2022-02-02 18:26:36,782] {warnings.py:110} WARNING - /home/***/.local/lib/python3.7/site-packages/***/utils/context.py:152: AirflowContextDeprecationWarning: Accessing 'execution_date' from the template is deprecated and will be removed in a future version. Please use 'data_interval_start' or 'logical_date' instead.
  warnings.warn(_create_deprecation_warning(key, self._deprecation_replacements[key]))

[2022-02-02 18:26:36,806] {taskinstance.py:1426} INFO - Exporting the following env vars:
AIRFLOW_CTX_DAG_OWNER=***
AIRFLOW_CTX_DAG_ID=ex_1_data_ingestion_gcs_dag_v3
AIRFLOW_CTX_TASK_ID=format_to_parquet_task
AIRFLOW_CTX_EXECUTION_DATE=2019-08-01T00:00:00+00:00
AIRFLOW_CTX_DAG_RUN_ID=scheduled__2019-08-01T00:00:00+00:00
[2022-02-02 18:26:43,493] {python.py:175} INFO - Done. Returned value was: None
[2022-02-02 18:26:43,508] {taskinstance.py:1277} INFO - Marking task as SUCCESS. dag_id=ex_1_data_ingestion_gcs_dag_v3, task_id=format_to_parquet_task, execution_date=20190801T000000, start_date=20220202T182636, end_date=20220202T182643
[2022-02-02 18:26:43,888] {local_task_job.py:154} INFO - Task exited with return code 0
[2022-02-02 18:26:43,932] {local_task_job.py:264} INFO - 1 downstream tasks scheduled from follow-on schedule check
[2022-02-10 13:03:54,076] {taskinstance.py:1032} INFO - Dependencies all met for <TaskInstance: ex_1_data_ingestion_gcs_dag_v3.format_to_parquet_task scheduled__2019-08-01T00:00:00+00:00 [queued]>
[2022-02-10 13:03:54,093] {taskinstance.py:1032} INFO - Dependencies all met for <TaskInstance: ex_1_data_ingestion_gcs_dag_v3.format_to_parquet_task scheduled__2019-08-01T00:00:00+00:00 [queued]>
[2022-02-10 13:03:54,095] {taskinstance.py:1238} INFO - 
--------------------------------------------------------------------------------
[2022-02-10 13:03:54,096] {taskinstance.py:1239} INFO - Starting attempt 1 of 1
[2022-02-10 13:03:54,098] {taskinstance.py:1240} INFO - 
--------------------------------------------------------------------------------
[2022-02-10 13:03:54,125] {taskinstance.py:1259} INFO - Executing <Task(PythonOperator): format_to_parquet_task> on 2019-08-01 00:00:00+00:00
[2022-02-10 13:03:54,133] {standard_task_runner.py:52} INFO - Started process 1524 to run task
[2022-02-10 13:03:54,138] {standard_task_runner.py:76} INFO - Running: ['***', 'tasks', 'run', 'ex_1_data_ingestion_gcs_dag_v3', 'format_to_parquet_task', 'scheduled__2019-08-01T00:00:00+00:00', '--job-id', '682', '--raw', '--subdir', 'DAGS_FOLDER/data_ingestion_hw_1_ex.py', '--cfg-path', '/tmp/tmpm2w5wpmt', '--error-file', '/tmp/tmpkk__4i39']
[2022-02-10 13:03:54,142] {standard_task_runner.py:77} INFO - Job 682: Subtask format_to_parquet_task
[2022-02-10 13:03:54,252] {logging_mixin.py:109} INFO - Running <TaskInstance: ex_1_data_ingestion_gcs_dag_v3.format_to_parquet_task scheduled__2019-08-01T00:00:00+00:00 [running]> on host e30f201fae61
[2022-02-10 13:03:54,302] {warnings.py:110} WARNING - /home/***/.local/lib/python3.7/site-packages/***/utils/context.py:152: AirflowContextDeprecationWarning: Accessing 'execution_date' from the template is deprecated and will be removed in a future version. Please use 'data_interval_start' or 'logical_date' instead.
  warnings.warn(_create_deprecation_warning(key, self._deprecation_replacements[key]))

[2022-02-10 13:03:54,335] {taskinstance.py:1426} INFO - Exporting the following env vars:
AIRFLOW_CTX_DAG_OWNER=***
AIRFLOW_CTX_DAG_ID=ex_1_data_ingestion_gcs_dag_v3
AIRFLOW_CTX_TASK_ID=format_to_parquet_task
AIRFLOW_CTX_EXECUTION_DATE=2019-08-01T00:00:00+00:00
AIRFLOW_CTX_DAG_RUN_ID=scheduled__2019-08-01T00:00:00+00:00
[2022-02-10 13:03:59,566] {python.py:175} INFO - Done. Returned value was: None
[2022-02-10 13:03:59,584] {taskinstance.py:1277} INFO - Marking task as SUCCESS. dag_id=ex_1_data_ingestion_gcs_dag_v3, task_id=format_to_parquet_task, execution_date=20190801T000000, start_date=20220210T130354, end_date=20220210T130359
[2022-02-10 13:03:59,858] {local_task_job.py:154} INFO - Task exited with return code 0
[2022-02-10 13:03:59,895] {local_task_job.py:264} INFO - 1 downstream tasks scheduled from follow-on schedule check
[2022-02-10 15:36:07,329] {taskinstance.py:1032} INFO - Dependencies all met for <TaskInstance: ex_1_data_ingestion_gcs_dag_v3.format_to_parquet_task scheduled__2019-08-01T00:00:00+00:00 [queued]>
[2022-02-10 15:36:07,341] {taskinstance.py:1032} INFO - Dependencies all met for <TaskInstance: ex_1_data_ingestion_gcs_dag_v3.format_to_parquet_task scheduled__2019-08-01T00:00:00+00:00 [queued]>
[2022-02-10 15:36:07,342] {taskinstance.py:1238} INFO - 
--------------------------------------------------------------------------------
[2022-02-10 15:36:07,343] {taskinstance.py:1239} INFO - Starting attempt 1 of 1
[2022-02-10 15:36:07,344] {taskinstance.py:1240} INFO - 
--------------------------------------------------------------------------------
[2022-02-10 15:36:07,355] {taskinstance.py:1259} INFO - Executing <Task(PythonOperator): format_to_parquet_task> on 2019-08-01 00:00:00+00:00
[2022-02-10 15:36:07,361] {standard_task_runner.py:52} INFO - Started process 500 to run task
[2022-02-10 15:36:07,365] {standard_task_runner.py:76} INFO - Running: ['***', 'tasks', 'run', 'ex_1_data_ingestion_gcs_dag_v3', 'format_to_parquet_task', 'scheduled__2019-08-01T00:00:00+00:00', '--job-id', '803', '--raw', '--subdir', 'DAGS_FOLDER/data_ingestion_hw_1_ex.py', '--cfg-path', '/tmp/tmpkhhq1l4p', '--error-file', '/tmp/tmp5fh1t613']
[2022-02-10 15:36:07,368] {standard_task_runner.py:77} INFO - Job 803: Subtask format_to_parquet_task
[2022-02-10 15:36:07,439] {logging_mixin.py:109} INFO - Running <TaskInstance: ex_1_data_ingestion_gcs_dag_v3.format_to_parquet_task scheduled__2019-08-01T00:00:00+00:00 [running]> on host 276a0ad90304
[2022-02-10 15:36:07,487] {warnings.py:110} WARNING - /home/***/.local/lib/python3.7/site-packages/***/utils/context.py:152: AirflowContextDeprecationWarning: Accessing 'execution_date' from the template is deprecated and will be removed in a future version. Please use 'data_interval_start' or 'logical_date' instead.
  warnings.warn(_create_deprecation_warning(key, self._deprecation_replacements[key]))

[2022-02-10 15:36:07,512] {taskinstance.py:1426} INFO - Exporting the following env vars:
AIRFLOW_CTX_DAG_OWNER=***
AIRFLOW_CTX_DAG_ID=ex_1_data_ingestion_gcs_dag_v3
AIRFLOW_CTX_TASK_ID=format_to_parquet_task
AIRFLOW_CTX_EXECUTION_DATE=2019-08-01T00:00:00+00:00
AIRFLOW_CTX_DAG_RUN_ID=scheduled__2019-08-01T00:00:00+00:00
[2022-02-10 15:36:11,791] {python.py:175} INFO - Done. Returned value was: None
[2022-02-10 15:36:11,809] {taskinstance.py:1277} INFO - Marking task as SUCCESS. dag_id=ex_1_data_ingestion_gcs_dag_v3, task_id=format_to_parquet_task, execution_date=20190801T000000, start_date=20220210T153607, end_date=20220210T153611
[2022-02-10 15:36:12,098] {local_task_job.py:154} INFO - Task exited with return code 0
[2022-02-10 15:36:12,135] {local_task_job.py:264} INFO - 1 downstream tasks scheduled from follow-on schedule check
