[2022-02-10 15:45:27,613] {taskinstance.py:1032} INFO - Dependencies all met for <TaskInstance: ex_1_data_ingestion_gcs_dag_v3.format_to_parquet_task scheduled__2019-08-01T00:00:00+00:00 [queued]>
[2022-02-10 15:45:27,643] {taskinstance.py:1032} INFO - Dependencies all met for <TaskInstance: ex_1_data_ingestion_gcs_dag_v3.format_to_parquet_task scheduled__2019-08-01T00:00:00+00:00 [queued]>
[2022-02-10 15:45:27,645] {taskinstance.py:1238} INFO - 
--------------------------------------------------------------------------------
[2022-02-10 15:45:27,646] {taskinstance.py:1239} INFO - Starting attempt 2 of 2
[2022-02-10 15:45:27,647] {taskinstance.py:1240} INFO - 
--------------------------------------------------------------------------------
[2022-02-10 15:45:27,676] {taskinstance.py:1259} INFO - Executing <Task(PythonOperator): format_to_parquet_task> on 2019-08-01 00:00:00+00:00
[2022-02-10 15:45:27,688] {standard_task_runner.py:52} INFO - Started process 1397 to run task
[2022-02-10 15:45:27,696] {standard_task_runner.py:76} INFO - Running: ['***', 'tasks', 'run', 'ex_1_data_ingestion_gcs_dag_v3', 'format_to_parquet_task', 'scheduled__2019-08-01T00:00:00+00:00', '--job-id', '895', '--raw', '--subdir', 'DAGS_FOLDER/data_ingestion_hw_1_ex.py', '--cfg-path', '/tmp/tmp565rz2ua', '--error-file', '/tmp/tmpwhc5qh_s']
[2022-02-10 15:45:27,699] {standard_task_runner.py:77} INFO - Job 895: Subtask format_to_parquet_task
[2022-02-10 15:45:27,845] {logging_mixin.py:109} INFO - Running <TaskInstance: ex_1_data_ingestion_gcs_dag_v3.format_to_parquet_task scheduled__2019-08-01T00:00:00+00:00 [running]> on host 276a0ad90304
[2022-02-10 15:45:27,977] {warnings.py:110} WARNING - /home/***/.local/lib/python3.7/site-packages/***/utils/context.py:152: AirflowContextDeprecationWarning: Accessing 'execution_date' from the template is deprecated and will be removed in a future version. Please use 'data_interval_start' or 'logical_date' instead.
  warnings.warn(_create_deprecation_warning(key, self._deprecation_replacements[key]))

[2022-02-10 15:45:28,032] {taskinstance.py:1426} INFO - Exporting the following env vars:
AIRFLOW_CTX_DAG_OWNER=***
AIRFLOW_CTX_DAG_ID=ex_1_data_ingestion_gcs_dag_v3
AIRFLOW_CTX_TASK_ID=format_to_parquet_task
AIRFLOW_CTX_EXECUTION_DATE=2019-08-01T00:00:00+00:00
AIRFLOW_CTX_DAG_RUN_ID=scheduled__2019-08-01T00:00:00+00:00
[2022-02-10 15:45:41,484] {python.py:175} INFO - Done. Returned value was: None
[2022-02-10 15:45:41,536] {taskinstance.py:1277} INFO - Marking task as SUCCESS. dag_id=ex_1_data_ingestion_gcs_dag_v3, task_id=format_to_parquet_task, execution_date=20190801T000000, start_date=20220210T154527, end_date=20220210T154541
[2022-02-10 15:45:42,059] {local_task_job.py:154} INFO - Task exited with return code 0
[2022-02-10 15:45:42,125] {local_task_job.py:264} INFO - 1 downstream tasks scheduled from follow-on schedule check
