[2022-02-02 17:39:51,841] {taskinstance.py:1032} INFO - Dependencies all met for <TaskInstance: ex_1_data_ingestion_gcs_dag_v2.download_dataset_task scheduled__2019-01-01T00:00:00+00:00 [queued]>
[2022-02-02 17:39:51,965] {taskinstance.py:1032} INFO - Dependencies all met for <TaskInstance: ex_1_data_ingestion_gcs_dag_v2.download_dataset_task scheduled__2019-01-01T00:00:00+00:00 [queued]>
[2022-02-02 17:39:51,970] {taskinstance.py:1238} INFO - 
--------------------------------------------------------------------------------
[2022-02-02 17:39:51,971] {taskinstance.py:1239} INFO - Starting attempt 1 of 1
[2022-02-02 17:39:51,973] {taskinstance.py:1240} INFO - 
--------------------------------------------------------------------------------
[2022-02-02 17:39:52,054] {taskinstance.py:1259} INFO - Executing <Task(BashOperator): download_dataset_task> on 2019-01-01 00:00:00+00:00
[2022-02-02 17:39:52,119] {standard_task_runner.py:52} INFO - Started process 6612 to run task
[2022-02-02 17:39:52,139] {standard_task_runner.py:76} INFO - Running: ['***', 'tasks', 'run', 'ex_1_data_ingestion_gcs_dag_v2', 'download_dataset_task', 'scheduled__2019-01-01T00:00:00+00:00', '--job-id', '206', '--raw', '--subdir', 'DAGS_FOLDER/data_ingestion_hw_1_ex.py', '--cfg-path', '/tmp/tmpm6g79qb2', '--error-file', '/tmp/tmpp8fv2ket']
[2022-02-02 17:39:52,142] {standard_task_runner.py:77} INFO - Job 206: Subtask download_dataset_task
[2022-02-02 17:39:52,571] {logging_mixin.py:109} INFO - Running <TaskInstance: ex_1_data_ingestion_gcs_dag_v2.download_dataset_task scheduled__2019-01-01T00:00:00+00:00 [running]> on host 700aeb16bae0
[2022-02-02 17:39:52,700] {warnings.py:110} WARNING - /home/***/.local/lib/python3.7/site-packages/***/utils/context.py:152: AirflowContextDeprecationWarning: Accessing 'execution_date' from the template is deprecated and will be removed in a future version. Please use 'data_interval_start' or 'logical_date' instead.
  warnings.warn(_create_deprecation_warning(key, self._deprecation_replacements[key]))

[2022-02-02 17:39:52,853] {taskinstance.py:1426} INFO - Exporting the following env vars:
AIRFLOW_CTX_DAG_OWNER=***
AIRFLOW_CTX_DAG_ID=ex_1_data_ingestion_gcs_dag_v2
AIRFLOW_CTX_TASK_ID=download_dataset_task
AIRFLOW_CTX_EXECUTION_DATE=2019-01-01T00:00:00+00:00
AIRFLOW_CTX_DAG_RUN_ID=scheduled__2019-01-01T00:00:00+00:00
[2022-02-02 17:39:52,858] {subprocess.py:62} INFO - Tmp dir root location: 
 /tmp
[2022-02-02 17:39:52,860] {subprocess.py:74} INFO - Running command: ['bash', '-c', 'curl -sS https://s3.amazonaws.com/nyc-tlc/trip+data/yellow_tripdata_2019-01.csv > /opt/***/yellow_tripdata_2019-01.csv']
[2022-02-02 17:39:53,283] {subprocess.py:85} INFO - Output:
[2022-02-02 17:45:41,271] {subprocess.py:93} INFO - Command exited with return code 0
[2022-02-02 17:45:45,944] {taskinstance.py:1277} INFO - Marking task as SUCCESS. dag_id=ex_1_data_ingestion_gcs_dag_v2, task_id=download_dataset_task, execution_date=20190101T000000, start_date=20220202T173951, end_date=20220202T174545
[2022-02-02 17:45:47,875] {local_task_job.py:154} INFO - Task exited with return code 0
[2022-02-02 17:45:49,644] {local_task_job.py:264} INFO - 0 downstream tasks scheduled from follow-on schedule check
