[2022-02-03 14:47:17,564] {taskinstance.py:1032} INFO - Dependencies all met for <TaskInstance: FHV_data_ingestion_gcs_dag.format_to_parquet_task scheduled__2019-10-01T00:00:00+00:00 [queued]>
[2022-02-03 14:47:17,582] {taskinstance.py:1032} INFO - Dependencies all met for <TaskInstance: FHV_data_ingestion_gcs_dag.format_to_parquet_task scheduled__2019-10-01T00:00:00+00:00 [queued]>
[2022-02-03 14:47:17,583] {taskinstance.py:1238} INFO - 
--------------------------------------------------------------------------------
[2022-02-03 14:47:17,584] {taskinstance.py:1239} INFO - Starting attempt 1 of 1
[2022-02-03 14:47:17,585] {taskinstance.py:1240} INFO - 
--------------------------------------------------------------------------------
[2022-02-03 14:47:17,598] {taskinstance.py:1259} INFO - Executing <Task(PythonOperator): format_to_parquet_task> on 2019-10-01 00:00:00+00:00
[2022-02-03 14:47:17,603] {standard_task_runner.py:52} INFO - Started process 1364 to run task
[2022-02-03 14:47:17,609] {standard_task_runner.py:76} INFO - Running: ['***', 'tasks', 'run', 'FHV_data_ingestion_gcs_dag', 'format_to_parquet_task', 'scheduled__2019-10-01T00:00:00+00:00', '--job-id', '456', '--raw', '--subdir', 'DAGS_FOLDER/FHV_injection_dag.py', '--cfg-path', '/tmp/tmpebl_qo4d', '--error-file', '/tmp/tmpzrbk6vni']
[2022-02-03 14:47:17,611] {standard_task_runner.py:77} INFO - Job 456: Subtask format_to_parquet_task
[2022-02-03 14:47:17,667] {logging_mixin.py:109} INFO - Running <TaskInstance: FHV_data_ingestion_gcs_dag.format_to_parquet_task scheduled__2019-10-01T00:00:00+00:00 [running]> on host 700aeb16bae0
[2022-02-03 14:47:17,703] {warnings.py:110} WARNING - /home/***/.local/lib/python3.7/site-packages/***/utils/context.py:152: AirflowContextDeprecationWarning: Accessing 'execution_date' from the template is deprecated and will be removed in a future version. Please use 'data_interval_start' or 'logical_date' instead.
  warnings.warn(_create_deprecation_warning(key, self._deprecation_replacements[key]))

[2022-02-03 14:47:17,725] {taskinstance.py:1426} INFO - Exporting the following env vars:
AIRFLOW_CTX_DAG_OWNER=***
AIRFLOW_CTX_DAG_ID=FHV_data_ingestion_gcs_dag
AIRFLOW_CTX_TASK_ID=format_to_parquet_task
AIRFLOW_CTX_EXECUTION_DATE=2019-10-01T00:00:00+00:00
AIRFLOW_CTX_DAG_RUN_ID=scheduled__2019-10-01T00:00:00+00:00
[2022-02-03 14:47:18,236] {python.py:175} INFO - Done. Returned value was: None
[2022-02-03 14:47:18,255] {taskinstance.py:1277} INFO - Marking task as SUCCESS. dag_id=FHV_data_ingestion_gcs_dag, task_id=format_to_parquet_task, execution_date=20191001T000000, start_date=20220203T144717, end_date=20220203T144718
[2022-02-03 14:47:18,347] {local_task_job.py:154} INFO - Task exited with return code 0
[2022-02-03 14:47:18,389] {local_task_job.py:264} INFO - 1 downstream tasks scheduled from follow-on schedule check
[2022-02-03 15:12:06,285] {taskinstance.py:1032} INFO - Dependencies all met for <TaskInstance: FHV_data_ingestion_gcs_dag.format_to_parquet_task scheduled__2019-10-01T00:00:00+00:00 [queued]>
[2022-02-03 15:12:06,298] {taskinstance.py:1032} INFO - Dependencies all met for <TaskInstance: FHV_data_ingestion_gcs_dag.format_to_parquet_task scheduled__2019-10-01T00:00:00+00:00 [queued]>
[2022-02-03 15:12:06,299] {taskinstance.py:1238} INFO - 
--------------------------------------------------------------------------------
[2022-02-03 15:12:06,300] {taskinstance.py:1239} INFO - Starting attempt 1 of 1
[2022-02-03 15:12:06,300] {taskinstance.py:1240} INFO - 
--------------------------------------------------------------------------------
[2022-02-03 15:12:06,312] {taskinstance.py:1259} INFO - Executing <Task(PythonOperator): format_to_parquet_task> on 2019-10-01 00:00:00+00:00
[2022-02-03 15:12:06,317] {standard_task_runner.py:52} INFO - Started process 2962 to run task
[2022-02-03 15:12:06,326] {standard_task_runner.py:76} INFO - Running: ['***', 'tasks', 'run', 'FHV_data_ingestion_gcs_dag', 'format_to_parquet_task', 'scheduled__2019-10-01T00:00:00+00:00', '--job-id', '558', '--raw', '--subdir', 'DAGS_FOLDER/FHV_injection_dag.py', '--cfg-path', '/tmp/tmpkmmr2u91', '--error-file', '/tmp/tmp9a02hp5n']
[2022-02-03 15:12:06,329] {standard_task_runner.py:77} INFO - Job 558: Subtask format_to_parquet_task
[2022-02-03 15:12:06,391] {logging_mixin.py:109} INFO - Running <TaskInstance: FHV_data_ingestion_gcs_dag.format_to_parquet_task scheduled__2019-10-01T00:00:00+00:00 [running]> on host 700aeb16bae0
[2022-02-03 15:12:06,440] {warnings.py:110} WARNING - /home/***/.local/lib/python3.7/site-packages/***/utils/context.py:152: AirflowContextDeprecationWarning: Accessing 'execution_date' from the template is deprecated and will be removed in a future version. Please use 'data_interval_start' or 'logical_date' instead.
  warnings.warn(_create_deprecation_warning(key, self._deprecation_replacements[key]))

[2022-02-03 15:12:06,462] {taskinstance.py:1426} INFO - Exporting the following env vars:
AIRFLOW_CTX_DAG_OWNER=***
AIRFLOW_CTX_DAG_ID=FHV_data_ingestion_gcs_dag
AIRFLOW_CTX_TASK_ID=format_to_parquet_task
AIRFLOW_CTX_EXECUTION_DATE=2019-10-01T00:00:00+00:00
AIRFLOW_CTX_DAG_RUN_ID=scheduled__2019-10-01T00:00:00+00:00
[2022-02-03 15:12:07,051] {python.py:175} INFO - Done. Returned value was: None
[2022-02-03 15:12:07,068] {taskinstance.py:1277} INFO - Marking task as SUCCESS. dag_id=FHV_data_ingestion_gcs_dag, task_id=format_to_parquet_task, execution_date=20191001T000000, start_date=20220203T151206, end_date=20220203T151207
[2022-02-03 15:12:07,142] {local_task_job.py:154} INFO - Task exited with return code 0
[2022-02-03 15:12:07,179] {local_task_job.py:264} INFO - 1 downstream tasks scheduled from follow-on schedule check
