[2022-02-10 15:55:35,078] {taskinstance.py:1032} INFO - Dependencies all met for <TaskInstance: data_2_gcs_dag.bigquery_external_table_task manual__2022-02-10T15:51:47.943190+00:00 [queued]>
[2022-02-10 15:55:35,090] {taskinstance.py:1032} INFO - Dependencies all met for <TaskInstance: data_2_gcs_dag.bigquery_external_table_task manual__2022-02-10T15:51:47.943190+00:00 [queued]>
[2022-02-10 15:55:35,091] {taskinstance.py:1238} INFO - 
--------------------------------------------------------------------------------
[2022-02-10 15:55:35,091] {taskinstance.py:1239} INFO - Starting attempt 3 of 4
[2022-02-10 15:55:35,092] {taskinstance.py:1240} INFO - 
--------------------------------------------------------------------------------
[2022-02-10 15:55:35,104] {taskinstance.py:1259} INFO - Executing <Task(BigQueryCreateExternalTableOperator): bigquery_external_table_task> on 2022-02-10 15:51:47.943190+00:00
[2022-02-10 15:55:35,109] {standard_task_runner.py:52} INFO - Started process 285 to run task
[2022-02-10 15:55:35,113] {standard_task_runner.py:76} INFO - Running: ['***', 'tasks', 'run', 'data_2_gcs_dag', 'bigquery_external_table_task', 'manual__2022-02-10T15:51:47.943190+00:00', '--job-id', '909', '--raw', '--subdir', 'DAGS_FOLDER/data-2-gcs-dag.py', '--cfg-path', '/tmp/tmp4z3bcln0', '--error-file', '/tmp/tmptvo49p0x']
[2022-02-10 15:55:35,114] {standard_task_runner.py:77} INFO - Job 909: Subtask bigquery_external_table_task
[2022-02-10 15:55:35,183] {logging_mixin.py:109} INFO - Running <TaskInstance: data_2_gcs_dag.bigquery_external_table_task manual__2022-02-10T15:51:47.943190+00:00 [running]> on host c1978c8f7cc5
[2022-02-10 15:55:35,255] {taskinstance.py:1426} INFO - Exporting the following env vars:
AIRFLOW_CTX_DAG_OWNER=***
AIRFLOW_CTX_DAG_ID=data_2_gcs_dag
AIRFLOW_CTX_TASK_ID=bigquery_external_table_task
AIRFLOW_CTX_EXECUTION_DATE=2022-02-10T15:51:47.943190+00:00
AIRFLOW_CTX_DAG_RUN_ID=manual__2022-02-10T15:51:47.943190+00:00
[2022-02-10 15:55:35,261] {crypto.py:82} WARNING - empty cryptography key - values will not be stored encrypted.
[2022-02-10 15:55:35,927] {taskinstance.py:1277} INFO - Marking task as SUCCESS. dag_id=data_2_gcs_dag, task_id=bigquery_external_table_task, execution_date=20220210T155147, start_date=20220210T155535, end_date=20220210T155535
[2022-02-10 15:55:35,990] {local_task_job.py:154} INFO - Task exited with return code 0
[2022-02-10 15:55:36,033] {local_task_job.py:264} INFO - 1 downstream tasks scheduled from follow-on schedule check
