[2022-02-03 14:53:50,319] {taskinstance.py:1032} INFO - Dependencies all met for <TaskInstance: FHV_data_ingestion_gcs_dag.format_to_parquet_task scheduled__2020-06-01T00:00:00+00:00 [queued]>
[2022-02-03 14:53:50,356] {taskinstance.py:1032} INFO - Dependencies all met for <TaskInstance: FHV_data_ingestion_gcs_dag.format_to_parquet_task scheduled__2020-06-01T00:00:00+00:00 [queued]>
[2022-02-03 14:53:50,358] {taskinstance.py:1238} INFO - 
--------------------------------------------------------------------------------
[2022-02-03 14:53:50,360] {taskinstance.py:1239} INFO - Starting attempt 1 of 1
[2022-02-03 14:53:50,362] {taskinstance.py:1240} INFO - 
--------------------------------------------------------------------------------
[2022-02-03 14:53:50,424] {taskinstance.py:1259} INFO - Executing <Task(PythonOperator): format_to_parquet_task> on 2020-06-01 00:00:00+00:00
[2022-02-03 14:53:50,436] {standard_task_runner.py:52} INFO - Started process 1822 to run task
[2022-02-03 14:53:50,448] {standard_task_runner.py:76} INFO - Running: ['***', 'tasks', 'run', 'FHV_data_ingestion_gcs_dag', 'format_to_parquet_task', 'scheduled__2020-06-01T00:00:00+00:00', '--job-id', '484', '--raw', '--subdir', 'DAGS_FOLDER/FHV_injection_dag.py', '--cfg-path', '/tmp/tmprjzvv8_0', '--error-file', '/tmp/tmphu0n9sgk']
[2022-02-03 14:53:50,452] {standard_task_runner.py:77} INFO - Job 484: Subtask format_to_parquet_task
[2022-02-03 14:53:50,642] {logging_mixin.py:109} INFO - Running <TaskInstance: FHV_data_ingestion_gcs_dag.format_to_parquet_task scheduled__2020-06-01T00:00:00+00:00 [running]> on host 700aeb16bae0
[2022-02-03 14:53:50,747] {warnings.py:110} WARNING - /home/***/.local/lib/python3.7/site-packages/***/utils/context.py:152: AirflowContextDeprecationWarning: Accessing 'execution_date' from the template is deprecated and will be removed in a future version. Please use 'data_interval_start' or 'logical_date' instead.
  warnings.warn(_create_deprecation_warning(key, self._deprecation_replacements[key]))

[2022-02-03 14:53:50,813] {taskinstance.py:1426} INFO - Exporting the following env vars:
AIRFLOW_CTX_DAG_OWNER=***
AIRFLOW_CTX_DAG_ID=FHV_data_ingestion_gcs_dag
AIRFLOW_CTX_TASK_ID=format_to_parquet_task
AIRFLOW_CTX_EXECUTION_DATE=2020-06-01T00:00:00+00:00
AIRFLOW_CTX_DAG_RUN_ID=scheduled__2020-06-01T00:00:00+00:00
[2022-02-03 14:53:51,790] {python.py:175} INFO - Done. Returned value was: None
[2022-02-03 14:53:51,830] {taskinstance.py:1277} INFO - Marking task as SUCCESS. dag_id=FHV_data_ingestion_gcs_dag, task_id=format_to_parquet_task, execution_date=20200601T000000, start_date=20220203T145350, end_date=20220203T145351
[2022-02-03 14:53:51,967] {local_task_job.py:154} INFO - Task exited with return code 0
[2022-02-03 14:53:52,084] {local_task_job.py:264} INFO - 1 downstream tasks scheduled from follow-on schedule check
[2022-02-03 15:15:47,431] {taskinstance.py:1032} INFO - Dependencies all met for <TaskInstance: FHV_data_ingestion_gcs_dag.format_to_parquet_task scheduled__2020-06-01T00:00:00+00:00 [queued]>
[2022-02-03 15:15:47,443] {taskinstance.py:1032} INFO - Dependencies all met for <TaskInstance: FHV_data_ingestion_gcs_dag.format_to_parquet_task scheduled__2020-06-01T00:00:00+00:00 [queued]>
[2022-02-03 15:15:47,443] {taskinstance.py:1238} INFO - 
--------------------------------------------------------------------------------
[2022-02-03 15:15:47,444] {taskinstance.py:1239} INFO - Starting attempt 1 of 1
[2022-02-03 15:15:47,444] {taskinstance.py:1240} INFO - 
--------------------------------------------------------------------------------
[2022-02-03 15:15:47,454] {taskinstance.py:1259} INFO - Executing <Task(PythonOperator): format_to_parquet_task> on 2020-06-01 00:00:00+00:00
[2022-02-03 15:15:47,458] {standard_task_runner.py:52} INFO - Started process 3258 to run task
[2022-02-03 15:15:47,462] {standard_task_runner.py:76} INFO - Running: ['***', 'tasks', 'run', 'FHV_data_ingestion_gcs_dag', 'format_to_parquet_task', 'scheduled__2020-06-01T00:00:00+00:00', '--job-id', '580', '--raw', '--subdir', 'DAGS_FOLDER/FHV_injection_dag.py', '--cfg-path', '/tmp/tmprdbdztvi', '--error-file', '/tmp/tmpm_6v1ggb']
[2022-02-03 15:15:47,465] {standard_task_runner.py:77} INFO - Job 580: Subtask format_to_parquet_task
[2022-02-03 15:15:47,564] {logging_mixin.py:109} INFO - Running <TaskInstance: FHV_data_ingestion_gcs_dag.format_to_parquet_task scheduled__2020-06-01T00:00:00+00:00 [running]> on host 700aeb16bae0
[2022-02-03 15:15:47,624] {warnings.py:110} WARNING - /home/***/.local/lib/python3.7/site-packages/***/utils/context.py:152: AirflowContextDeprecationWarning: Accessing 'execution_date' from the template is deprecated and will be removed in a future version. Please use 'data_interval_start' or 'logical_date' instead.
  warnings.warn(_create_deprecation_warning(key, self._deprecation_replacements[key]))

[2022-02-03 15:15:47,652] {taskinstance.py:1426} INFO - Exporting the following env vars:
AIRFLOW_CTX_DAG_OWNER=***
AIRFLOW_CTX_DAG_ID=FHV_data_ingestion_gcs_dag
AIRFLOW_CTX_TASK_ID=format_to_parquet_task
AIRFLOW_CTX_EXECUTION_DATE=2020-06-01T00:00:00+00:00
AIRFLOW_CTX_DAG_RUN_ID=scheduled__2020-06-01T00:00:00+00:00
[2022-02-03 15:15:48,007] {python.py:175} INFO - Done. Returned value was: None
[2022-02-03 15:15:48,029] {taskinstance.py:1277} INFO - Marking task as SUCCESS. dag_id=FHV_data_ingestion_gcs_dag, task_id=format_to_parquet_task, execution_date=20200601T000000, start_date=20220203T151547, end_date=20220203T151548
[2022-02-03 15:15:48,119] {local_task_job.py:154} INFO - Task exited with return code 0
[2022-02-03 15:15:48,158] {local_task_job.py:264} INFO - 1 downstream tasks scheduled from follow-on schedule check
