[2022-02-02 13:46:30,754] {taskinstance.py:1032} INFO - Dependencies all met for <TaskInstance: ex_1_data_ingestion_gcs_dag.format_to_parquet_task scheduled__2019-04-01T00:00:00+00:00 [queued]>
[2022-02-02 13:46:30,889] {taskinstance.py:1032} INFO - Dependencies all met for <TaskInstance: ex_1_data_ingestion_gcs_dag.format_to_parquet_task scheduled__2019-04-01T00:00:00+00:00 [queued]>
[2022-02-02 13:46:30,892] {taskinstance.py:1238} INFO - 
--------------------------------------------------------------------------------
[2022-02-02 13:46:30,894] {taskinstance.py:1239} INFO - Starting attempt 1 of 1
[2022-02-02 13:46:30,896] {taskinstance.py:1240} INFO - 
--------------------------------------------------------------------------------
[2022-02-02 13:46:31,043] {taskinstance.py:1259} INFO - Executing <Task(PythonOperator): format_to_parquet_task> on 2019-04-01 00:00:00+00:00
[2022-02-02 13:46:31,201] {standard_task_runner.py:52} INFO - Started process 1590 to run task
[2022-02-02 13:46:31,249] {standard_task_runner.py:76} INFO - Running: ['***', 'tasks', 'run', 'ex_1_data_ingestion_gcs_dag', 'format_to_parquet_task', 'scheduled__2019-04-01T00:00:00+00:00', '--job-id', '160', '--raw', '--subdir', 'DAGS_FOLDER/data_ingestion_hw_1_ex.py', '--cfg-path', '/tmp/tmpptitpbqi', '--error-file', '/tmp/tmp2ty739eo']
[2022-02-02 13:46:31,323] {standard_task_runner.py:77} INFO - Job 160: Subtask format_to_parquet_task
[2022-02-02 13:46:31,995] {logging_mixin.py:109} INFO - Running <TaskInstance: ex_1_data_ingestion_gcs_dag.format_to_parquet_task scheduled__2019-04-01T00:00:00+00:00 [running]> on host 700aeb16bae0
[2022-02-02 13:46:32,281] {warnings.py:110} WARNING - /home/***/.local/lib/python3.7/site-packages/***/utils/context.py:152: AirflowContextDeprecationWarning: Accessing 'execution_date' from the template is deprecated and will be removed in a future version. Please use 'data_interval_start' or 'logical_date' instead.
  warnings.warn(_create_deprecation_warning(key, self._deprecation_replacements[key]))

[2022-02-02 13:46:32,382] {taskinstance.py:1426} INFO - Exporting the following env vars:
AIRFLOW_CTX_DAG_OWNER=***
AIRFLOW_CTX_DAG_ID=ex_1_data_ingestion_gcs_dag
AIRFLOW_CTX_TASK_ID=format_to_parquet_task
AIRFLOW_CTX_EXECUTION_DATE=2019-04-01T00:00:00+00:00
AIRFLOW_CTX_DAG_RUN_ID=scheduled__2019-04-01T00:00:00+00:00
[2022-02-02 13:47:09,166] {local_task_job.py:154} INFO - Task exited with return code Negsignal.SIGKILL
[2022-02-02 13:47:10,026] {taskinstance.py:1277} INFO - Marking task as FAILED. dag_id=ex_1_data_ingestion_gcs_dag, task_id=format_to_parquet_task, execution_date=20190401T000000, start_date=20220202T134630, end_date=20220202T134709
[2022-02-02 13:47:11,351] {local_task_job.py:264} INFO - 0 downstream tasks scheduled from follow-on schedule check
