[2022-02-03 15:01:55,383] {taskinstance.py:1032} INFO - Dependencies all met for <TaskInstance: FHV_data_ingestion_gcs_dag.download_dataset_task scheduled__2021-04-01T00:00:00+00:00 [queued]>
[2022-02-03 15:01:55,420] {taskinstance.py:1032} INFO - Dependencies all met for <TaskInstance: FHV_data_ingestion_gcs_dag.download_dataset_task scheduled__2021-04-01T00:00:00+00:00 [queued]>
[2022-02-03 15:01:55,423] {taskinstance.py:1238} INFO - 
--------------------------------------------------------------------------------
[2022-02-03 15:01:55,424] {taskinstance.py:1239} INFO - Starting attempt 1 of 1
[2022-02-03 15:01:55,426] {taskinstance.py:1240} INFO - 
--------------------------------------------------------------------------------
[2022-02-03 15:01:55,462] {taskinstance.py:1259} INFO - Executing <Task(BashOperator): download_dataset_task> on 2021-04-01 00:00:00+00:00
[2022-02-03 15:01:55,482] {standard_task_runner.py:52} INFO - Started process 2331 to run task
[2022-02-03 15:01:55,493] {standard_task_runner.py:76} INFO - Running: ['***', 'tasks', 'run', 'FHV_data_ingestion_gcs_dag', 'download_dataset_task', 'scheduled__2021-04-01T00:00:00+00:00', '--job-id', '523', '--raw', '--subdir', 'DAGS_FOLDER/FHV_injection_dag.py', '--cfg-path', '/tmp/tmp068kz5ic', '--error-file', '/tmp/tmpadqrq5px']
[2022-02-03 15:01:55,497] {standard_task_runner.py:77} INFO - Job 523: Subtask download_dataset_task
[2022-02-03 15:01:55,674] {logging_mixin.py:109} INFO - Running <TaskInstance: FHV_data_ingestion_gcs_dag.download_dataset_task scheduled__2021-04-01T00:00:00+00:00 [running]> on host 700aeb16bae0
[2022-02-03 15:01:55,807] {warnings.py:110} WARNING - /home/***/.local/lib/python3.7/site-packages/***/utils/context.py:152: AirflowContextDeprecationWarning: Accessing 'execution_date' from the template is deprecated and will be removed in a future version. Please use 'data_interval_start' or 'logical_date' instead.
  warnings.warn(_create_deprecation_warning(key, self._deprecation_replacements[key]))

[2022-02-03 15:01:55,902] {taskinstance.py:1426} INFO - Exporting the following env vars:
AIRFLOW_CTX_DAG_OWNER=***
AIRFLOW_CTX_DAG_ID=FHV_data_ingestion_gcs_dag
AIRFLOW_CTX_TASK_ID=download_dataset_task
AIRFLOW_CTX_EXECUTION_DATE=2021-04-01T00:00:00+00:00
AIRFLOW_CTX_DAG_RUN_ID=scheduled__2021-04-01T00:00:00+00:00
[2022-02-03 15:01:55,908] {subprocess.py:62} INFO - Tmp dir root location: 
 /tmp
[2022-02-03 15:01:55,911] {subprocess.py:74} INFO - Running command: ['bash', '-c', 'curl -sSLf https://nyc-tlc.s3.amazonaws.com/trip+data/fhv_tripdata_2021-04.csv > /opt/***/fhv_tripdata_2021-04.csv']
[2022-02-03 15:01:55,945] {subprocess.py:85} INFO - Output:
[2022-02-03 15:02:05,015] {subprocess.py:93} INFO - Command exited with return code 0
[2022-02-03 15:02:05,151] {taskinstance.py:1277} INFO - Marking task as SUCCESS. dag_id=FHV_data_ingestion_gcs_dag, task_id=download_dataset_task, execution_date=20210401T000000, start_date=20220203T150155, end_date=20220203T150205
[2022-02-03 15:02:05,266] {local_task_job.py:154} INFO - Task exited with return code 0
[2022-02-03 15:02:05,378] {local_task_job.py:264} INFO - 1 downstream tasks scheduled from follow-on schedule check
[2022-02-03 15:20:31,296] {taskinstance.py:1032} INFO - Dependencies all met for <TaskInstance: FHV_data_ingestion_gcs_dag.download_dataset_task scheduled__2021-04-01T00:00:00+00:00 [queued]>
[2022-02-03 15:20:31,307] {taskinstance.py:1032} INFO - Dependencies all met for <TaskInstance: FHV_data_ingestion_gcs_dag.download_dataset_task scheduled__2021-04-01T00:00:00+00:00 [queued]>
[2022-02-03 15:20:31,308] {taskinstance.py:1238} INFO - 
--------------------------------------------------------------------------------
[2022-02-03 15:20:31,309] {taskinstance.py:1239} INFO - Starting attempt 1 of 1
[2022-02-03 15:20:31,309] {taskinstance.py:1240} INFO - 
--------------------------------------------------------------------------------
[2022-02-03 15:20:31,320] {taskinstance.py:1259} INFO - Executing <Task(BashOperator): download_dataset_task> on 2021-04-01 00:00:00+00:00
[2022-02-03 15:20:31,325] {standard_task_runner.py:52} INFO - Started process 3633 to run task
[2022-02-03 15:20:31,329] {standard_task_runner.py:76} INFO - Running: ['***', 'tasks', 'run', 'FHV_data_ingestion_gcs_dag', 'download_dataset_task', 'scheduled__2021-04-01T00:00:00+00:00', '--job-id', '607', '--raw', '--subdir', 'DAGS_FOLDER/FHV_injection_dag.py', '--cfg-path', '/tmp/tmp0pzirrf6', '--error-file', '/tmp/tmpgtpvgsol']
[2022-02-03 15:20:31,330] {standard_task_runner.py:77} INFO - Job 607: Subtask download_dataset_task
[2022-02-03 15:20:31,393] {logging_mixin.py:109} INFO - Running <TaskInstance: FHV_data_ingestion_gcs_dag.download_dataset_task scheduled__2021-04-01T00:00:00+00:00 [running]> on host 700aeb16bae0
[2022-02-03 15:20:31,432] {warnings.py:110} WARNING - /home/***/.local/lib/python3.7/site-packages/***/utils/context.py:152: AirflowContextDeprecationWarning: Accessing 'execution_date' from the template is deprecated and will be removed in a future version. Please use 'data_interval_start' or 'logical_date' instead.
  warnings.warn(_create_deprecation_warning(key, self._deprecation_replacements[key]))

[2022-02-03 15:20:31,452] {taskinstance.py:1426} INFO - Exporting the following env vars:
AIRFLOW_CTX_DAG_OWNER=***
AIRFLOW_CTX_DAG_ID=FHV_data_ingestion_gcs_dag
AIRFLOW_CTX_TASK_ID=download_dataset_task
AIRFLOW_CTX_EXECUTION_DATE=2021-04-01T00:00:00+00:00
AIRFLOW_CTX_DAG_RUN_ID=scheduled__2021-04-01T00:00:00+00:00
[2022-02-03 15:20:31,454] {subprocess.py:62} INFO - Tmp dir root location: 
 /tmp
[2022-02-03 15:20:31,455] {subprocess.py:74} INFO - Running command: ['bash', '-c', 'curl -sSLf https://nyc-tlc.s3.amazonaws.com/trip+data/fhv_tripdata_2021-04.csv > /opt/***/fhv_tripdata_2021-04.csv']
[2022-02-03 15:20:31,466] {subprocess.py:85} INFO - Output:
[2022-02-03 15:21:00,533] {subprocess.py:93} INFO - Command exited with return code 0
[2022-02-03 15:21:00,605] {taskinstance.py:1277} INFO - Marking task as SUCCESS. dag_id=FHV_data_ingestion_gcs_dag, task_id=download_dataset_task, execution_date=20210401T000000, start_date=20220203T152031, end_date=20220203T152100
[2022-02-03 15:21:00,634] {local_task_job.py:154} INFO - Task exited with return code 0
[2022-02-03 15:21:00,673] {local_task_job.py:264} INFO - 1 downstream tasks scheduled from follow-on schedule check
