[2022-02-02 18:29:53,039] {taskinstance.py:1032} INFO - Dependencies all met for <TaskInstance: ex_1_data_ingestion_gcs_dag_v3.format_to_parquet_task scheduled__2019-09-01T00:00:00+00:00 [queued]>
[2022-02-02 18:29:53,055] {taskinstance.py:1032} INFO - Dependencies all met for <TaskInstance: ex_1_data_ingestion_gcs_dag_v3.format_to_parquet_task scheduled__2019-09-01T00:00:00+00:00 [queued]>
[2022-02-02 18:29:53,057] {taskinstance.py:1238} INFO - 
--------------------------------------------------------------------------------
[2022-02-02 18:29:53,058] {taskinstance.py:1239} INFO - Starting attempt 1 of 1
[2022-02-02 18:29:53,060] {taskinstance.py:1240} INFO - 
--------------------------------------------------------------------------------
[2022-02-02 18:29:53,076] {taskinstance.py:1259} INFO - Executing <Task(PythonOperator): format_to_parquet_task> on 2019-09-01 00:00:00+00:00
[2022-02-02 18:29:53,083] {standard_task_runner.py:52} INFO - Started process 9474 to run task
[2022-02-02 18:29:53,087] {standard_task_runner.py:76} INFO - Running: ['***', 'tasks', 'run', 'ex_1_data_ingestion_gcs_dag_v3', 'format_to_parquet_task', 'scheduled__2019-09-01T00:00:00+00:00', '--job-id', '329', '--raw', '--subdir', 'DAGS_FOLDER/data_ingestion_hw_1_ex.py', '--cfg-path', '/tmp/tmp1y8_m724', '--error-file', '/tmp/tmp8mkge97x']
[2022-02-02 18:29:53,089] {standard_task_runner.py:77} INFO - Job 329: Subtask format_to_parquet_task
[2022-02-02 18:29:53,161] {logging_mixin.py:109} INFO - Running <TaskInstance: ex_1_data_ingestion_gcs_dag_v3.format_to_parquet_task scheduled__2019-09-01T00:00:00+00:00 [running]> on host 700aeb16bae0
[2022-02-02 18:29:53,204] {warnings.py:110} WARNING - /home/***/.local/lib/python3.7/site-packages/***/utils/context.py:152: AirflowContextDeprecationWarning: Accessing 'execution_date' from the template is deprecated and will be removed in a future version. Please use 'data_interval_start' or 'logical_date' instead.
  warnings.warn(_create_deprecation_warning(key, self._deprecation_replacements[key]))

[2022-02-02 18:29:53,226] {taskinstance.py:1426} INFO - Exporting the following env vars:
AIRFLOW_CTX_DAG_OWNER=***
AIRFLOW_CTX_DAG_ID=ex_1_data_ingestion_gcs_dag_v3
AIRFLOW_CTX_TASK_ID=format_to_parquet_task
AIRFLOW_CTX_EXECUTION_DATE=2019-09-01T00:00:00+00:00
AIRFLOW_CTX_DAG_RUN_ID=scheduled__2019-09-01T00:00:00+00:00
[2022-02-02 18:29:57,830] {python.py:175} INFO - Done. Returned value was: None
[2022-02-02 18:29:57,856] {taskinstance.py:1277} INFO - Marking task as SUCCESS. dag_id=ex_1_data_ingestion_gcs_dag_v3, task_id=format_to_parquet_task, execution_date=20190901T000000, start_date=20220202T182953, end_date=20220202T182957
[2022-02-02 18:29:58,231] {local_task_job.py:212} WARNING - State of this instance has been externally set to success. Terminating instance.
[2022-02-02 18:29:58,241] {process_utils.py:124} INFO - Sending Signals.SIGTERM to group 9474. PIDs of all processes in the group: [9474]
[2022-02-02 18:29:58,243] {process_utils.py:75} INFO - Sending the signal Signals.SIGTERM to group 9474
[2022-02-02 18:29:58,342] {process_utils.py:70} INFO - Process psutil.Process(pid=9474, status='terminated', exitcode=0, started='18:29:52') (9474) terminated with exit code 0
[2022-02-10 13:06:12,731] {taskinstance.py:1032} INFO - Dependencies all met for <TaskInstance: ex_1_data_ingestion_gcs_dag_v3.format_to_parquet_task scheduled__2019-09-01T00:00:00+00:00 [queued]>
[2022-02-10 13:06:12,745] {taskinstance.py:1032} INFO - Dependencies all met for <TaskInstance: ex_1_data_ingestion_gcs_dag_v3.format_to_parquet_task scheduled__2019-09-01T00:00:00+00:00 [queued]>
[2022-02-10 13:06:12,746] {taskinstance.py:1238} INFO - 
--------------------------------------------------------------------------------
[2022-02-10 13:06:12,747] {taskinstance.py:1239} INFO - Starting attempt 1 of 1
[2022-02-10 13:06:12,748] {taskinstance.py:1240} INFO - 
--------------------------------------------------------------------------------
[2022-02-10 13:06:12,761] {taskinstance.py:1259} INFO - Executing <Task(PythonOperator): format_to_parquet_task> on 2019-09-01 00:00:00+00:00
[2022-02-10 13:06:12,769] {standard_task_runner.py:52} INFO - Started process 1643 to run task
[2022-02-10 13:06:12,773] {standard_task_runner.py:76} INFO - Running: ['***', 'tasks', 'run', 'ex_1_data_ingestion_gcs_dag_v3', 'format_to_parquet_task', 'scheduled__2019-09-01T00:00:00+00:00', '--job-id', '685', '--raw', '--subdir', 'DAGS_FOLDER/data_ingestion_hw_1_ex.py', '--cfg-path', '/tmp/tmpon23sygb', '--error-file', '/tmp/tmpgglkphdq']
[2022-02-10 13:06:12,776] {standard_task_runner.py:77} INFO - Job 685: Subtask format_to_parquet_task
[2022-02-10 13:06:12,852] {logging_mixin.py:109} INFO - Running <TaskInstance: ex_1_data_ingestion_gcs_dag_v3.format_to_parquet_task scheduled__2019-09-01T00:00:00+00:00 [running]> on host e30f201fae61
[2022-02-10 13:06:12,896] {warnings.py:110} WARNING - /home/***/.local/lib/python3.7/site-packages/***/utils/context.py:152: AirflowContextDeprecationWarning: Accessing 'execution_date' from the template is deprecated and will be removed in a future version. Please use 'data_interval_start' or 'logical_date' instead.
  warnings.warn(_create_deprecation_warning(key, self._deprecation_replacements[key]))

[2022-02-10 13:06:12,921] {taskinstance.py:1426} INFO - Exporting the following env vars:
AIRFLOW_CTX_DAG_OWNER=***
AIRFLOW_CTX_DAG_ID=ex_1_data_ingestion_gcs_dag_v3
AIRFLOW_CTX_TASK_ID=format_to_parquet_task
AIRFLOW_CTX_EXECUTION_DATE=2019-09-01T00:00:00+00:00
AIRFLOW_CTX_DAG_RUN_ID=scheduled__2019-09-01T00:00:00+00:00
[2022-02-10 13:06:21,347] {python.py:175} INFO - Done. Returned value was: None
[2022-02-10 13:06:21,367] {taskinstance.py:1277} INFO - Marking task as SUCCESS. dag_id=ex_1_data_ingestion_gcs_dag_v3, task_id=format_to_parquet_task, execution_date=20190901T000000, start_date=20220210T130612, end_date=20220210T130621
[2022-02-10 13:06:21,694] {local_task_job.py:154} INFO - Task exited with return code 0
[2022-02-10 13:06:21,743] {local_task_job.py:264} INFO - 1 downstream tasks scheduled from follow-on schedule check
[2022-02-10 15:37:20,743] {taskinstance.py:1032} INFO - Dependencies all met for <TaskInstance: ex_1_data_ingestion_gcs_dag_v3.format_to_parquet_task scheduled__2019-09-01T00:00:00+00:00 [queued]>
[2022-02-10 15:37:20,796] {taskinstance.py:1032} INFO - Dependencies all met for <TaskInstance: ex_1_data_ingestion_gcs_dag_v3.format_to_parquet_task scheduled__2019-09-01T00:00:00+00:00 [queued]>
[2022-02-10 15:37:20,798] {taskinstance.py:1238} INFO - 
--------------------------------------------------------------------------------
[2022-02-10 15:37:20,800] {taskinstance.py:1239} INFO - Starting attempt 1 of 1
[2022-02-10 15:37:20,802] {taskinstance.py:1240} INFO - 
--------------------------------------------------------------------------------
[2022-02-10 15:37:20,835] {taskinstance.py:1259} INFO - Executing <Task(PythonOperator): format_to_parquet_task> on 2019-09-01 00:00:00+00:00
[2022-02-10 15:37:20,854] {standard_task_runner.py:52} INFO - Started process 574 to run task
[2022-02-10 15:37:20,879] {standard_task_runner.py:76} INFO - Running: ['***', 'tasks', 'run', 'ex_1_data_ingestion_gcs_dag_v3', 'format_to_parquet_task', 'scheduled__2019-09-01T00:00:00+00:00', '--job-id', '807', '--raw', '--subdir', 'DAGS_FOLDER/data_ingestion_hw_1_ex.py', '--cfg-path', '/tmp/tmp6dhuwwv1', '--error-file', '/tmp/tmp5o3t7pmq']
[2022-02-10 15:37:20,883] {standard_task_runner.py:77} INFO - Job 807: Subtask format_to_parquet_task
[2022-02-10 15:37:21,135] {logging_mixin.py:109} INFO - Running <TaskInstance: ex_1_data_ingestion_gcs_dag_v3.format_to_parquet_task scheduled__2019-09-01T00:00:00+00:00 [running]> on host 276a0ad90304
[2022-02-10 15:37:21,228] {warnings.py:110} WARNING - /home/***/.local/lib/python3.7/site-packages/***/utils/context.py:152: AirflowContextDeprecationWarning: Accessing 'execution_date' from the template is deprecated and will be removed in a future version. Please use 'data_interval_start' or 'logical_date' instead.
  warnings.warn(_create_deprecation_warning(key, self._deprecation_replacements[key]))

[2022-02-10 15:37:21,291] {taskinstance.py:1426} INFO - Exporting the following env vars:
AIRFLOW_CTX_DAG_OWNER=***
AIRFLOW_CTX_DAG_ID=ex_1_data_ingestion_gcs_dag_v3
AIRFLOW_CTX_TASK_ID=format_to_parquet_task
AIRFLOW_CTX_EXECUTION_DATE=2019-09-01T00:00:00+00:00
AIRFLOW_CTX_DAG_RUN_ID=scheduled__2019-09-01T00:00:00+00:00
[2022-02-10 15:37:30,107] {python.py:175} INFO - Done. Returned value was: None
[2022-02-10 15:37:30,129] {taskinstance.py:1277} INFO - Marking task as SUCCESS. dag_id=ex_1_data_ingestion_gcs_dag_v3, task_id=format_to_parquet_task, execution_date=20190901T000000, start_date=20220210T153720, end_date=20220210T153730
[2022-02-10 15:37:30,534] {local_task_job.py:154} INFO - Task exited with return code 0
[2022-02-10 15:37:30,662] {local_task_job.py:264} INFO - 0 downstream tasks scheduled from follow-on schedule check
