[2022-02-02 19:02:26,416] {taskinstance.py:1032} INFO - Dependencies all met for <TaskInstance: ex_1_data_ingestion_gcs_dag_v3.download_dataset_task scheduled__2021-01-01T00:00:00+00:00 [queued]>
[2022-02-02 19:02:26,439] {taskinstance.py:1032} INFO - Dependencies all met for <TaskInstance: ex_1_data_ingestion_gcs_dag_v3.download_dataset_task scheduled__2021-01-01T00:00:00+00:00 [queued]>
[2022-02-02 19:02:26,440] {taskinstance.py:1238} INFO - 
--------------------------------------------------------------------------------
[2022-02-02 19:02:26,441] {taskinstance.py:1239} INFO - Starting attempt 1 of 1
[2022-02-02 19:02:26,443] {taskinstance.py:1240} INFO - 
--------------------------------------------------------------------------------
[2022-02-02 19:02:26,461] {taskinstance.py:1259} INFO - Executing <Task(BashOperator): download_dataset_task> on 2021-01-01 00:00:00+00:00
[2022-02-02 19:02:26,468] {standard_task_runner.py:52} INFO - Started process 11258 to run task
[2022-02-02 19:02:26,473] {standard_task_runner.py:76} INFO - Running: ['***', 'tasks', 'run', 'ex_1_data_ingestion_gcs_dag_v3', 'download_dataset_task', 'scheduled__2021-01-01T00:00:00+00:00', '--job-id', '374', '--raw', '--subdir', 'DAGS_FOLDER/data_ingestion_hw_1_ex.py', '--cfg-path', '/tmp/tmprlh_oegr', '--error-file', '/tmp/tmpzdpju21s']
[2022-02-02 19:02:26,474] {standard_task_runner.py:77} INFO - Job 374: Subtask download_dataset_task
[2022-02-02 19:02:26,543] {logging_mixin.py:109} INFO - Running <TaskInstance: ex_1_data_ingestion_gcs_dag_v3.download_dataset_task scheduled__2021-01-01T00:00:00+00:00 [running]> on host 700aeb16bae0
[2022-02-02 19:02:26,585] {warnings.py:110} WARNING - /home/***/.local/lib/python3.7/site-packages/***/utils/context.py:152: AirflowContextDeprecationWarning: Accessing 'execution_date' from the template is deprecated and will be removed in a future version. Please use 'data_interval_start' or 'logical_date' instead.
  warnings.warn(_create_deprecation_warning(key, self._deprecation_replacements[key]))

[2022-02-02 19:02:26,610] {taskinstance.py:1426} INFO - Exporting the following env vars:
AIRFLOW_CTX_DAG_OWNER=***
AIRFLOW_CTX_DAG_ID=ex_1_data_ingestion_gcs_dag_v3
AIRFLOW_CTX_TASK_ID=download_dataset_task
AIRFLOW_CTX_EXECUTION_DATE=2021-01-01T00:00:00+00:00
AIRFLOW_CTX_DAG_RUN_ID=scheduled__2021-01-01T00:00:00+00:00
[2022-02-02 19:02:26,612] {subprocess.py:62} INFO - Tmp dir root location: 
 /tmp
[2022-02-02 19:02:26,614] {subprocess.py:74} INFO - Running command: ['bash', '-c', 'curl -sS https://s3.amazonaws.com/nyc-tlc/trip+data/yellow_tripdata_2021-01.csv > /opt/***/yellow_tripdata_2021-01.csv']
[2022-02-02 19:02:26,627] {subprocess.py:85} INFO - Output:
[2022-02-02 19:03:01,374] {subprocess.py:93} INFO - Command exited with return code 0
[2022-02-02 19:03:01,408] {taskinstance.py:1277} INFO - Marking task as SUCCESS. dag_id=ex_1_data_ingestion_gcs_dag_v3, task_id=download_dataset_task, execution_date=20210101T000000, start_date=20220202T190226, end_date=20220202T190301
[2022-02-02 19:03:01,438] {local_task_job.py:154} INFO - Task exited with return code 0
[2022-02-02 19:03:01,480] {local_task_job.py:264} INFO - 1 downstream tasks scheduled from follow-on schedule check
[2022-02-10 13:34:28,607] {taskinstance.py:1032} INFO - Dependencies all met for <TaskInstance: ex_1_data_ingestion_gcs_dag_v3.download_dataset_task scheduled__2021-01-01T00:00:00+00:00 [queued]>
[2022-02-10 13:34:28,653] {taskinstance.py:1032} INFO - Dependencies all met for <TaskInstance: ex_1_data_ingestion_gcs_dag_v3.download_dataset_task scheduled__2021-01-01T00:00:00+00:00 [queued]>
[2022-02-10 13:34:28,656] {taskinstance.py:1238} INFO - 
--------------------------------------------------------------------------------
[2022-02-10 13:34:28,658] {taskinstance.py:1239} INFO - Starting attempt 1 of 1
[2022-02-10 13:34:28,661] {taskinstance.py:1240} INFO - 
--------------------------------------------------------------------------------
[2022-02-10 13:34:28,696] {taskinstance.py:1259} INFO - Executing <Task(BashOperator): download_dataset_task> on 2021-01-01 00:00:00+00:00
[2022-02-10 13:34:28,718] {standard_task_runner.py:52} INFO - Started process 3139 to run task
[2022-02-10 13:34:28,733] {standard_task_runner.py:76} INFO - Running: ['***', 'tasks', 'run', 'ex_1_data_ingestion_gcs_dag_v3', 'download_dataset_task', 'scheduled__2021-01-01T00:00:00+00:00', '--job-id', '732', '--raw', '--subdir', 'DAGS_FOLDER/data_ingestion_hw_1_ex.py', '--cfg-path', '/tmp/tmpvgumbmwu', '--error-file', '/tmp/tmp25himuzn']
[2022-02-10 13:34:28,738] {standard_task_runner.py:77} INFO - Job 732: Subtask download_dataset_task
[2022-02-10 13:34:29,012] {logging_mixin.py:109} INFO - Running <TaskInstance: ex_1_data_ingestion_gcs_dag_v3.download_dataset_task scheduled__2021-01-01T00:00:00+00:00 [running]> on host e30f201fae61
[2022-02-10 13:34:29,136] {warnings.py:110} WARNING - /home/***/.local/lib/python3.7/site-packages/***/utils/context.py:152: AirflowContextDeprecationWarning: Accessing 'execution_date' from the template is deprecated and will be removed in a future version. Please use 'data_interval_start' or 'logical_date' instead.
  warnings.warn(_create_deprecation_warning(key, self._deprecation_replacements[key]))

[2022-02-10 13:34:29,210] {taskinstance.py:1426} INFO - Exporting the following env vars:
AIRFLOW_CTX_DAG_OWNER=***
AIRFLOW_CTX_DAG_ID=ex_1_data_ingestion_gcs_dag_v3
AIRFLOW_CTX_TASK_ID=download_dataset_task
AIRFLOW_CTX_EXECUTION_DATE=2021-01-01T00:00:00+00:00
AIRFLOW_CTX_DAG_RUN_ID=scheduled__2021-01-01T00:00:00+00:00
[2022-02-10 13:34:29,215] {subprocess.py:62} INFO - Tmp dir root location: 
 /tmp
[2022-02-10 13:34:29,219] {subprocess.py:74} INFO - Running command: ['bash', '-c', 'curl -sS https://s3.amazonaws.com/nyc-tlc/trip+data/yellow_tripdata_2021-01.csv > /opt/***/yellow_tripdata_2021-01.csv']
[2022-02-10 13:34:29,249] {subprocess.py:85} INFO - Output:
[2022-02-10 13:35:53,593] {subprocess.py:93} INFO - Command exited with return code 0
[2022-02-10 13:35:53,666] {taskinstance.py:1277} INFO - Marking task as SUCCESS. dag_id=ex_1_data_ingestion_gcs_dag_v3, task_id=download_dataset_task, execution_date=20210101T000000, start_date=20220210T133428, end_date=20220210T133553
[2022-02-10 13:35:53,761] {local_task_job.py:154} INFO - Task exited with return code 0
[2022-02-10 13:35:53,895] {local_task_job.py:264} INFO - 1 downstream tasks scheduled from follow-on schedule check
[2022-02-10 15:41:06,464] {taskinstance.py:1032} INFO - Dependencies all met for <TaskInstance: ex_1_data_ingestion_gcs_dag_v3.download_dataset_task scheduled__2021-01-01T00:00:00+00:00 [queued]>
[2022-02-10 15:41:06,483] {taskinstance.py:1032} INFO - Dependencies all met for <TaskInstance: ex_1_data_ingestion_gcs_dag_v3.download_dataset_task scheduled__2021-01-01T00:00:00+00:00 [queued]>
[2022-02-10 15:41:06,485] {taskinstance.py:1238} INFO - 
--------------------------------------------------------------------------------
[2022-02-10 15:41:06,486] {taskinstance.py:1239} INFO - Starting attempt 1 of 1
[2022-02-10 15:41:06,488] {taskinstance.py:1240} INFO - 
--------------------------------------------------------------------------------
[2022-02-10 15:41:06,513] {taskinstance.py:1259} INFO - Executing <Task(BashOperator): download_dataset_task> on 2021-01-01 00:00:00+00:00
[2022-02-10 15:41:06,528] {standard_task_runner.py:52} INFO - Started process 991 to run task
[2022-02-10 15:41:06,541] {standard_task_runner.py:76} INFO - Running: ['***', 'tasks', 'run', 'ex_1_data_ingestion_gcs_dag_v3', 'download_dataset_task', 'scheduled__2021-01-01T00:00:00+00:00', '--job-id', '851', '--raw', '--subdir', 'DAGS_FOLDER/data_ingestion_hw_1_ex.py', '--cfg-path', '/tmp/tmpwsikrb1r', '--error-file', '/tmp/tmpr_o6wuo7']
[2022-02-10 15:41:06,549] {standard_task_runner.py:77} INFO - Job 851: Subtask download_dataset_task
[2022-02-10 15:41:06,657] {logging_mixin.py:109} INFO - Running <TaskInstance: ex_1_data_ingestion_gcs_dag_v3.download_dataset_task scheduled__2021-01-01T00:00:00+00:00 [running]> on host 276a0ad90304
[2022-02-10 15:41:06,732] {warnings.py:110} WARNING - /home/***/.local/lib/python3.7/site-packages/***/utils/context.py:152: AirflowContextDeprecationWarning: Accessing 'execution_date' from the template is deprecated and will be removed in a future version. Please use 'data_interval_start' or 'logical_date' instead.
  warnings.warn(_create_deprecation_warning(key, self._deprecation_replacements[key]))

[2022-02-10 15:41:06,767] {taskinstance.py:1426} INFO - Exporting the following env vars:
AIRFLOW_CTX_DAG_OWNER=***
AIRFLOW_CTX_DAG_ID=ex_1_data_ingestion_gcs_dag_v3
AIRFLOW_CTX_TASK_ID=download_dataset_task
AIRFLOW_CTX_EXECUTION_DATE=2021-01-01T00:00:00+00:00
AIRFLOW_CTX_DAG_RUN_ID=scheduled__2021-01-01T00:00:00+00:00
[2022-02-10 15:41:06,769] {subprocess.py:62} INFO - Tmp dir root location: 
 /tmp
[2022-02-10 15:41:06,773] {subprocess.py:74} INFO - Running command: ['bash', '-c', 'curl -sS https://s3.amazonaws.com/nyc-tlc/trip+data/yellow_tripdata_2021-01.csv > /opt/***/yellow_tripdata_2021-01.csv']
[2022-02-10 15:41:06,795] {subprocess.py:85} INFO - Output:
[2022-02-10 15:41:16,853] {subprocess.py:93} INFO - Command exited with return code 0
[2022-02-10 15:41:16,895] {taskinstance.py:1277} INFO - Marking task as SUCCESS. dag_id=ex_1_data_ingestion_gcs_dag_v3, task_id=download_dataset_task, execution_date=20210101T000000, start_date=20220210T154106, end_date=20220210T154116
[2022-02-10 15:41:16,951] {local_task_job.py:154} INFO - Task exited with return code 0
[2022-02-10 15:41:17,010] {local_task_job.py:264} INFO - 1 downstream tasks scheduled from follow-on schedule check
[2022-02-10 16:42:44,321] {taskinstance.py:1032} INFO - Dependencies all met for <TaskInstance: ex_1_data_ingestion_gcs_dag_v3.download_dataset_task scheduled__2021-01-01T00:00:00+00:00 [queued]>
[2022-02-10 16:42:44,365] {taskinstance.py:1032} INFO - Dependencies all met for <TaskInstance: ex_1_data_ingestion_gcs_dag_v3.download_dataset_task scheduled__2021-01-01T00:00:00+00:00 [queued]>
[2022-02-10 16:42:44,371] {taskinstance.py:1238} INFO - 
--------------------------------------------------------------------------------
[2022-02-10 16:42:44,375] {taskinstance.py:1239} INFO - Starting attempt 1 of 1
[2022-02-10 16:42:44,378] {taskinstance.py:1240} INFO - 
--------------------------------------------------------------------------------
[2022-02-10 16:42:44,419] {taskinstance.py:1259} INFO - Executing <Task(BashOperator): download_dataset_task> on 2021-01-01 00:00:00+00:00
[2022-02-10 16:42:44,444] {standard_task_runner.py:76} INFO - Running: ['***', 'tasks', 'run', 'ex_1_data_ingestion_gcs_dag_v3', 'download_dataset_task', 'scheduled__2021-01-01T00:00:00+00:00', '--job-id', '973', '--raw', '--subdir', 'DAGS_FOLDER/data_ingestion_hw_1_ex.py', '--cfg-path', '/tmp/tmp2qnxayhu', '--error-file', '/tmp/tmpspx2ctjo']
[2022-02-10 16:42:44,453] {standard_task_runner.py:77} INFO - Job 973: Subtask download_dataset_task
[2022-02-10 16:42:44,434] {standard_task_runner.py:52} INFO - Started process 871 to run task
[2022-02-10 16:42:44,640] {logging_mixin.py:109} INFO - Running <TaskInstance: ex_1_data_ingestion_gcs_dag_v3.download_dataset_task scheduled__2021-01-01T00:00:00+00:00 [running]> on host 106a34111faf
[2022-02-10 16:42:44,703] {warnings.py:110} WARNING - /home/***/.local/lib/python3.7/site-packages/***/utils/context.py:152: AirflowContextDeprecationWarning: Accessing 'execution_date' from the template is deprecated and will be removed in a future version. Please use 'data_interval_start' or 'logical_date' instead.
  warnings.warn(_create_deprecation_warning(key, self._deprecation_replacements[key]))

[2022-02-10 16:42:44,728] {taskinstance.py:1426} INFO - Exporting the following env vars:
AIRFLOW_CTX_DAG_OWNER=***
AIRFLOW_CTX_DAG_ID=ex_1_data_ingestion_gcs_dag_v3
AIRFLOW_CTX_TASK_ID=download_dataset_task
AIRFLOW_CTX_EXECUTION_DATE=2021-01-01T00:00:00+00:00
AIRFLOW_CTX_DAG_RUN_ID=scheduled__2021-01-01T00:00:00+00:00
[2022-02-10 16:42:44,731] {subprocess.py:62} INFO - Tmp dir root location: 
 /tmp
[2022-02-10 16:42:44,733] {subprocess.py:74} INFO - Running command: ['bash', '-c', 'curl -sS https://s3.amazonaws.com/nyc-tlc/trip+data/yellow_tripdata_2021-01.csv > /opt/***/yellow_tripdata_2021-01.csv']
[2022-02-10 16:42:44,751] {subprocess.py:85} INFO - Output:
[2022-02-10 16:42:53,268] {subprocess.py:93} INFO - Command exited with return code 0
[2022-02-10 16:42:53,327] {taskinstance.py:1277} INFO - Marking task as SUCCESS. dag_id=ex_1_data_ingestion_gcs_dag_v3, task_id=download_dataset_task, execution_date=20210101T000000, start_date=20220210T164244, end_date=20220210T164253
[2022-02-10 16:42:53,395] {local_task_job.py:154} INFO - Task exited with return code 0
[2022-02-10 16:42:53,488] {local_task_job.py:264} INFO - 1 downstream tasks scheduled from follow-on schedule check
