[2022-02-03 14:58:58,525] {taskinstance.py:1032} INFO - Dependencies all met for <TaskInstance: FHV_data_ingestion_gcs_dag.local_to_gcs_task scheduled__2020-12-01T00:00:00+00:00 [queued]>
[2022-02-03 14:58:58,558] {taskinstance.py:1032} INFO - Dependencies all met for <TaskInstance: FHV_data_ingestion_gcs_dag.local_to_gcs_task scheduled__2020-12-01T00:00:00+00:00 [queued]>
[2022-02-03 14:58:58,560] {taskinstance.py:1238} INFO - 
--------------------------------------------------------------------------------
[2022-02-03 14:58:58,562] {taskinstance.py:1239} INFO - Starting attempt 1 of 1
[2022-02-03 14:58:58,563] {taskinstance.py:1240} INFO - 
--------------------------------------------------------------------------------
[2022-02-03 14:58:58,593] {taskinstance.py:1259} INFO - Executing <Task(PythonOperator): local_to_gcs_task> on 2020-12-01 00:00:00+00:00
[2022-02-03 14:58:58,607] {standard_task_runner.py:52} INFO - Started process 2152 to run task
[2022-02-03 14:58:58,636] {standard_task_runner.py:76} INFO - Running: ['***', 'tasks', 'run', 'FHV_data_ingestion_gcs_dag', 'local_to_gcs_task', 'scheduled__2020-12-01T00:00:00+00:00', '--job-id', '509', '--raw', '--subdir', 'DAGS_FOLDER/FHV_injection_dag.py', '--cfg-path', '/tmp/tmpua_8rspn', '--error-file', '/tmp/tmpx1x2zte_']
[2022-02-03 14:58:58,642] {standard_task_runner.py:77} INFO - Job 509: Subtask local_to_gcs_task
[2022-02-03 14:58:58,885] {logging_mixin.py:109} INFO - Running <TaskInstance: FHV_data_ingestion_gcs_dag.local_to_gcs_task scheduled__2020-12-01T00:00:00+00:00 [running]> on host 700aeb16bae0
[2022-02-03 14:58:59,083] {warnings.py:110} WARNING - /home/***/.local/lib/python3.7/site-packages/***/utils/context.py:152: AirflowContextDeprecationWarning: Accessing 'execution_date' from the template is deprecated and will be removed in a future version. Please use 'data_interval_start' or 'logical_date' instead.
  warnings.warn(_create_deprecation_warning(key, self._deprecation_replacements[key]))

[2022-02-03 14:58:59,136] {taskinstance.py:1426} INFO - Exporting the following env vars:
AIRFLOW_CTX_DAG_OWNER=***
AIRFLOW_CTX_DAG_ID=FHV_data_ingestion_gcs_dag
AIRFLOW_CTX_TASK_ID=local_to_gcs_task
AIRFLOW_CTX_EXECUTION_DATE=2020-12-01T00:00:00+00:00
AIRFLOW_CTX_DAG_RUN_ID=scheduled__2020-12-01T00:00:00+00:00
[2022-02-03 14:59:01,428] {python.py:175} INFO - Done. Returned value was: None
[2022-02-03 14:59:01,453] {taskinstance.py:1277} INFO - Marking task as SUCCESS. dag_id=FHV_data_ingestion_gcs_dag, task_id=local_to_gcs_task, execution_date=20201201T000000, start_date=20220203T145858, end_date=20220203T145901
[2022-02-03 14:59:01,522] {local_task_job.py:154} INFO - Task exited with return code 0
[2022-02-03 14:59:01,582] {local_task_job.py:264} INFO - 1 downstream tasks scheduled from follow-on schedule check
[2022-02-03 15:19:07,812] {taskinstance.py:1032} INFO - Dependencies all met for <TaskInstance: FHV_data_ingestion_gcs_dag.local_to_gcs_task scheduled__2020-12-01T00:00:00+00:00 [queued]>
[2022-02-03 15:19:07,825] {taskinstance.py:1032} INFO - Dependencies all met for <TaskInstance: FHV_data_ingestion_gcs_dag.local_to_gcs_task scheduled__2020-12-01T00:00:00+00:00 [queued]>
[2022-02-03 15:19:07,826] {taskinstance.py:1238} INFO - 
--------------------------------------------------------------------------------
[2022-02-03 15:19:07,827] {taskinstance.py:1239} INFO - Starting attempt 1 of 1
[2022-02-03 15:19:07,827] {taskinstance.py:1240} INFO - 
--------------------------------------------------------------------------------
[2022-02-03 15:19:07,841] {taskinstance.py:1259} INFO - Executing <Task(PythonOperator): local_to_gcs_task> on 2020-12-01 00:00:00+00:00
[2022-02-03 15:19:07,851] {standard_task_runner.py:52} INFO - Started process 3537 to run task
[2022-02-03 15:19:07,855] {standard_task_runner.py:76} INFO - Running: ['***', 'tasks', 'run', 'FHV_data_ingestion_gcs_dag', 'local_to_gcs_task', 'scheduled__2020-12-01T00:00:00+00:00', '--job-id', '600', '--raw', '--subdir', 'DAGS_FOLDER/FHV_injection_dag.py', '--cfg-path', '/tmp/tmpot9bcpgl', '--error-file', '/tmp/tmplf5044m6']
[2022-02-03 15:19:07,857] {standard_task_runner.py:77} INFO - Job 600: Subtask local_to_gcs_task
[2022-02-03 15:19:07,918] {logging_mixin.py:109} INFO - Running <TaskInstance: FHV_data_ingestion_gcs_dag.local_to_gcs_task scheduled__2020-12-01T00:00:00+00:00 [running]> on host 700aeb16bae0
[2022-02-03 15:19:07,970] {warnings.py:110} WARNING - /home/***/.local/lib/python3.7/site-packages/***/utils/context.py:152: AirflowContextDeprecationWarning: Accessing 'execution_date' from the template is deprecated and will be removed in a future version. Please use 'data_interval_start' or 'logical_date' instead.
  warnings.warn(_create_deprecation_warning(key, self._deprecation_replacements[key]))

[2022-02-03 15:19:07,996] {taskinstance.py:1426} INFO - Exporting the following env vars:
AIRFLOW_CTX_DAG_OWNER=***
AIRFLOW_CTX_DAG_ID=FHV_data_ingestion_gcs_dag
AIRFLOW_CTX_TASK_ID=local_to_gcs_task
AIRFLOW_CTX_EXECUTION_DATE=2020-12-01T00:00:00+00:00
AIRFLOW_CTX_DAG_RUN_ID=scheduled__2020-12-01T00:00:00+00:00
[2022-02-03 15:19:11,190] {python.py:175} INFO - Done. Returned value was: None
[2022-02-03 15:19:11,204] {taskinstance.py:1277} INFO - Marking task as SUCCESS. dag_id=FHV_data_ingestion_gcs_dag, task_id=local_to_gcs_task, execution_date=20201201T000000, start_date=20220203T151907, end_date=20220203T151911
[2022-02-03 15:19:11,249] {local_task_job.py:154} INFO - Task exited with return code 0
[2022-02-03 15:19:11,288] {local_task_job.py:264} INFO - 0 downstream tasks scheduled from follow-on schedule check
