[2022-02-03 14:59:31,676] {taskinstance.py:1032} INFO - Dependencies all met for <TaskInstance: FHV_data_ingestion_gcs_dag.local_to_gcs_task scheduled__2021-01-01T00:00:00+00:00 [queued]>
[2022-02-03 14:59:31,698] {taskinstance.py:1032} INFO - Dependencies all met for <TaskInstance: FHV_data_ingestion_gcs_dag.local_to_gcs_task scheduled__2021-01-01T00:00:00+00:00 [queued]>
[2022-02-03 14:59:31,699] {taskinstance.py:1238} INFO - 
--------------------------------------------------------------------------------
[2022-02-03 14:59:31,701] {taskinstance.py:1239} INFO - Starting attempt 1 of 1
[2022-02-03 14:59:31,702] {taskinstance.py:1240} INFO - 
--------------------------------------------------------------------------------
[2022-02-03 14:59:31,722] {taskinstance.py:1259} INFO - Executing <Task(PythonOperator): local_to_gcs_task> on 2021-01-01 00:00:00+00:00
[2022-02-03 14:59:31,735] {standard_task_runner.py:52} INFO - Started process 2194 to run task
[2022-02-03 14:59:31,742] {standard_task_runner.py:76} INFO - Running: ['***', 'tasks', 'run', 'FHV_data_ingestion_gcs_dag', 'local_to_gcs_task', 'scheduled__2021-01-01T00:00:00+00:00', '--job-id', '513', '--raw', '--subdir', 'DAGS_FOLDER/FHV_injection_dag.py', '--cfg-path', '/tmp/tmp9n6qef0x', '--error-file', '/tmp/tmpe3hu8lo1']
[2022-02-03 14:59:31,745] {standard_task_runner.py:77} INFO - Job 513: Subtask local_to_gcs_task
[2022-02-03 14:59:31,851] {logging_mixin.py:109} INFO - Running <TaskInstance: FHV_data_ingestion_gcs_dag.local_to_gcs_task scheduled__2021-01-01T00:00:00+00:00 [running]> on host 700aeb16bae0
[2022-02-03 14:59:31,920] {warnings.py:110} WARNING - /home/***/.local/lib/python3.7/site-packages/***/utils/context.py:152: AirflowContextDeprecationWarning: Accessing 'execution_date' from the template is deprecated and will be removed in a future version. Please use 'data_interval_start' or 'logical_date' instead.
  warnings.warn(_create_deprecation_warning(key, self._deprecation_replacements[key]))

[2022-02-03 14:59:31,962] {taskinstance.py:1426} INFO - Exporting the following env vars:
AIRFLOW_CTX_DAG_OWNER=***
AIRFLOW_CTX_DAG_ID=FHV_data_ingestion_gcs_dag
AIRFLOW_CTX_TASK_ID=local_to_gcs_task
AIRFLOW_CTX_EXECUTION_DATE=2021-01-01T00:00:00+00:00
AIRFLOW_CTX_DAG_RUN_ID=scheduled__2021-01-01T00:00:00+00:00
[2022-02-03 14:59:34,398] {python.py:175} INFO - Done. Returned value was: None
[2022-02-03 14:59:34,444] {taskinstance.py:1277} INFO - Marking task as SUCCESS. dag_id=FHV_data_ingestion_gcs_dag, task_id=local_to_gcs_task, execution_date=20210101T000000, start_date=20220203T145931, end_date=20220203T145934
[2022-02-03 14:59:34,527] {local_task_job.py:154} INFO - Task exited with return code 0
[2022-02-03 14:59:34,599] {local_task_job.py:264} INFO - 1 downstream tasks scheduled from follow-on schedule check
[2022-02-03 15:19:29,161] {taskinstance.py:1032} INFO - Dependencies all met for <TaskInstance: FHV_data_ingestion_gcs_dag.local_to_gcs_task scheduled__2021-01-01T00:00:00+00:00 [queued]>
[2022-02-03 15:19:29,173] {taskinstance.py:1032} INFO - Dependencies all met for <TaskInstance: FHV_data_ingestion_gcs_dag.local_to_gcs_task scheduled__2021-01-01T00:00:00+00:00 [queued]>
[2022-02-03 15:19:29,173] {taskinstance.py:1238} INFO - 
--------------------------------------------------------------------------------
[2022-02-03 15:19:29,174] {taskinstance.py:1239} INFO - Starting attempt 1 of 1
[2022-02-03 15:19:29,174] {taskinstance.py:1240} INFO - 
--------------------------------------------------------------------------------
[2022-02-03 15:19:29,185] {taskinstance.py:1259} INFO - Executing <Task(PythonOperator): local_to_gcs_task> on 2021-01-01 00:00:00+00:00
[2022-02-03 15:19:29,189] {standard_task_runner.py:52} INFO - Started process 3558 to run task
[2022-02-03 15:19:29,193] {standard_task_runner.py:76} INFO - Running: ['***', 'tasks', 'run', 'FHV_data_ingestion_gcs_dag', 'local_to_gcs_task', 'scheduled__2021-01-01T00:00:00+00:00', '--job-id', '602', '--raw', '--subdir', 'DAGS_FOLDER/FHV_injection_dag.py', '--cfg-path', '/tmp/tmpr8k96v5z', '--error-file', '/tmp/tmp04mej3xf']
[2022-02-03 15:19:29,195] {standard_task_runner.py:77} INFO - Job 602: Subtask local_to_gcs_task
[2022-02-03 15:19:29,258] {logging_mixin.py:109} INFO - Running <TaskInstance: FHV_data_ingestion_gcs_dag.local_to_gcs_task scheduled__2021-01-01T00:00:00+00:00 [running]> on host 700aeb16bae0
[2022-02-03 15:19:29,299] {warnings.py:110} WARNING - /home/***/.local/lib/python3.7/site-packages/***/utils/context.py:152: AirflowContextDeprecationWarning: Accessing 'execution_date' from the template is deprecated and will be removed in a future version. Please use 'data_interval_start' or 'logical_date' instead.
  warnings.warn(_create_deprecation_warning(key, self._deprecation_replacements[key]))

[2022-02-03 15:19:29,318] {taskinstance.py:1426} INFO - Exporting the following env vars:
AIRFLOW_CTX_DAG_OWNER=***
AIRFLOW_CTX_DAG_ID=FHV_data_ingestion_gcs_dag
AIRFLOW_CTX_TASK_ID=local_to_gcs_task
AIRFLOW_CTX_EXECUTION_DATE=2021-01-01T00:00:00+00:00
AIRFLOW_CTX_DAG_RUN_ID=scheduled__2021-01-01T00:00:00+00:00
[2022-02-03 15:19:32,889] {python.py:175} INFO - Done. Returned value was: None
[2022-02-03 15:19:32,903] {taskinstance.py:1277} INFO - Marking task as SUCCESS. dag_id=FHV_data_ingestion_gcs_dag, task_id=local_to_gcs_task, execution_date=20210101T000000, start_date=20220203T151929, end_date=20220203T151932
[2022-02-03 15:19:32,963] {local_task_job.py:154} INFO - Task exited with return code 0
[2022-02-03 15:19:33,002] {local_task_job.py:264} INFO - 0 downstream tasks scheduled from follow-on schedule check
