[2022-02-03 14:53:08,554] {taskinstance.py:1032} INFO - Dependencies all met for <TaskInstance: FHV_data_ingestion_gcs_dag.download_dataset_task scheduled__2020-05-01T00:00:00+00:00 [queued]>
[2022-02-03 14:53:08,591] {taskinstance.py:1032} INFO - Dependencies all met for <TaskInstance: FHV_data_ingestion_gcs_dag.download_dataset_task scheduled__2020-05-01T00:00:00+00:00 [queued]>
[2022-02-03 14:53:08,597] {taskinstance.py:1238} INFO - 
--------------------------------------------------------------------------------
[2022-02-03 14:53:08,599] {taskinstance.py:1239} INFO - Starting attempt 1 of 1
[2022-02-03 14:53:08,601] {taskinstance.py:1240} INFO - 
--------------------------------------------------------------------------------
[2022-02-03 14:53:08,645] {taskinstance.py:1259} INFO - Executing <Task(BashOperator): download_dataset_task> on 2020-05-01 00:00:00+00:00
[2022-02-03 14:53:08,654] {standard_task_runner.py:52} INFO - Started process 1765 to run task
[2022-02-03 14:53:08,672] {standard_task_runner.py:76} INFO - Running: ['***', 'tasks', 'run', 'FHV_data_ingestion_gcs_dag', 'download_dataset_task', 'scheduled__2020-05-01T00:00:00+00:00', '--job-id', '479', '--raw', '--subdir', 'DAGS_FOLDER/FHV_injection_dag.py', '--cfg-path', '/tmp/tmpnc5opm7q', '--error-file', '/tmp/tmpfz_jmffu']
[2022-02-03 14:53:08,675] {standard_task_runner.py:77} INFO - Job 479: Subtask download_dataset_task
[2022-02-03 14:53:08,816] {logging_mixin.py:109} INFO - Running <TaskInstance: FHV_data_ingestion_gcs_dag.download_dataset_task scheduled__2020-05-01T00:00:00+00:00 [running]> on host 700aeb16bae0
[2022-02-03 14:53:08,900] {warnings.py:110} WARNING - /home/***/.local/lib/python3.7/site-packages/***/utils/context.py:152: AirflowContextDeprecationWarning: Accessing 'execution_date' from the template is deprecated and will be removed in a future version. Please use 'data_interval_start' or 'logical_date' instead.
  warnings.warn(_create_deprecation_warning(key, self._deprecation_replacements[key]))

[2022-02-03 14:53:08,950] {taskinstance.py:1426} INFO - Exporting the following env vars:
AIRFLOW_CTX_DAG_OWNER=***
AIRFLOW_CTX_DAG_ID=FHV_data_ingestion_gcs_dag
AIRFLOW_CTX_TASK_ID=download_dataset_task
AIRFLOW_CTX_EXECUTION_DATE=2020-05-01T00:00:00+00:00
AIRFLOW_CTX_DAG_RUN_ID=scheduled__2020-05-01T00:00:00+00:00
[2022-02-03 14:53:08,954] {subprocess.py:62} INFO - Tmp dir root location: 
 /tmp
[2022-02-03 14:53:08,957] {subprocess.py:74} INFO - Running command: ['bash', '-c', 'curl -sSLf https://nyc-tlc.s3.amazonaws.com/trip+data/fhv_tripdata_2020-05.csv > /opt/***/fhv_tripdata_2020-05.csv']
[2022-02-03 14:53:08,982] {subprocess.py:85} INFO - Output:
[2022-02-03 14:53:26,479] {subprocess.py:93} INFO - Command exited with return code 0
[2022-02-03 14:53:26,593] {taskinstance.py:1277} INFO - Marking task as SUCCESS. dag_id=FHV_data_ingestion_gcs_dag, task_id=download_dataset_task, execution_date=20200501T000000, start_date=20220203T145308, end_date=20220203T145326
[2022-02-03 14:53:26,673] {local_task_job.py:154} INFO - Task exited with return code 0
[2022-02-03 14:53:26,748] {local_task_job.py:264} INFO - 1 downstream tasks scheduled from follow-on schedule check
[2022-02-03 15:15:22,882] {taskinstance.py:1032} INFO - Dependencies all met for <TaskInstance: FHV_data_ingestion_gcs_dag.download_dataset_task scheduled__2020-05-01T00:00:00+00:00 [queued]>
[2022-02-03 15:15:22,895] {taskinstance.py:1032} INFO - Dependencies all met for <TaskInstance: FHV_data_ingestion_gcs_dag.download_dataset_task scheduled__2020-05-01T00:00:00+00:00 [queued]>
[2022-02-03 15:15:22,896] {taskinstance.py:1238} INFO - 
--------------------------------------------------------------------------------
[2022-02-03 15:15:22,897] {taskinstance.py:1239} INFO - Starting attempt 1 of 1
[2022-02-03 15:15:22,898] {taskinstance.py:1240} INFO - 
--------------------------------------------------------------------------------
[2022-02-03 15:15:22,913] {taskinstance.py:1259} INFO - Executing <Task(BashOperator): download_dataset_task> on 2020-05-01 00:00:00+00:00
[2022-02-03 15:15:22,918] {standard_task_runner.py:52} INFO - Started process 3214 to run task
[2022-02-03 15:15:22,923] {standard_task_runner.py:76} INFO - Running: ['***', 'tasks', 'run', 'FHV_data_ingestion_gcs_dag', 'download_dataset_task', 'scheduled__2020-05-01T00:00:00+00:00', '--job-id', '576', '--raw', '--subdir', 'DAGS_FOLDER/FHV_injection_dag.py', '--cfg-path', '/tmp/tmplbkwvtcc', '--error-file', '/tmp/tmpg97mtkue']
[2022-02-03 15:15:22,924] {standard_task_runner.py:77} INFO - Job 576: Subtask download_dataset_task
[2022-02-03 15:15:22,991] {logging_mixin.py:109} INFO - Running <TaskInstance: FHV_data_ingestion_gcs_dag.download_dataset_task scheduled__2020-05-01T00:00:00+00:00 [running]> on host 700aeb16bae0
[2022-02-03 15:15:23,036] {warnings.py:110} WARNING - /home/***/.local/lib/python3.7/site-packages/***/utils/context.py:152: AirflowContextDeprecationWarning: Accessing 'execution_date' from the template is deprecated and will be removed in a future version. Please use 'data_interval_start' or 'logical_date' instead.
  warnings.warn(_create_deprecation_warning(key, self._deprecation_replacements[key]))

[2022-02-03 15:15:23,062] {taskinstance.py:1426} INFO - Exporting the following env vars:
AIRFLOW_CTX_DAG_OWNER=***
AIRFLOW_CTX_DAG_ID=FHV_data_ingestion_gcs_dag
AIRFLOW_CTX_TASK_ID=download_dataset_task
AIRFLOW_CTX_EXECUTION_DATE=2020-05-01T00:00:00+00:00
AIRFLOW_CTX_DAG_RUN_ID=scheduled__2020-05-01T00:00:00+00:00
[2022-02-03 15:15:23,064] {subprocess.py:62} INFO - Tmp dir root location: 
 /tmp
[2022-02-03 15:15:23,065] {subprocess.py:74} INFO - Running command: ['bash', '-c', 'curl -sSLf https://nyc-tlc.s3.amazonaws.com/trip+data/fhv_tripdata_2020-05.csv > /opt/***/fhv_tripdata_2020-05.csv']
[2022-02-03 15:15:23,079] {subprocess.py:85} INFO - Output:
[2022-02-03 15:15:43,147] {subprocess.py:93} INFO - Command exited with return code 0
[2022-02-03 15:15:43,185] {taskinstance.py:1277} INFO - Marking task as SUCCESS. dag_id=FHV_data_ingestion_gcs_dag, task_id=download_dataset_task, execution_date=20200501T000000, start_date=20220203T151522, end_date=20220203T151543
[2022-02-03 15:15:43,220] {local_task_job.py:154} INFO - Task exited with return code 0
[2022-02-03 15:15:43,261] {local_task_job.py:264} INFO - 1 downstream tasks scheduled from follow-on schedule check
