[2022-02-03 17:33:20,902] {taskinstance.py:1032} INFO - Dependencies all met for <TaskInstance: zones_data_ingestion_gcs_dag.download_dataset_task manual__2022-02-03T17:33:19.417031+00:00 [queued]>
[2022-02-03 17:33:20,919] {taskinstance.py:1032} INFO - Dependencies all met for <TaskInstance: zones_data_ingestion_gcs_dag.download_dataset_task manual__2022-02-03T17:33:19.417031+00:00 [queued]>
[2022-02-03 17:33:20,920] {taskinstance.py:1238} INFO - 
--------------------------------------------------------------------------------
[2022-02-03 17:33:20,921] {taskinstance.py:1239} INFO - Starting attempt 1 of 1
[2022-02-03 17:33:20,922] {taskinstance.py:1240} INFO - 
--------------------------------------------------------------------------------
[2022-02-03 17:33:20,934] {taskinstance.py:1259} INFO - Executing <Task(BashOperator): download_dataset_task> on 2022-02-03 17:33:19.417031+00:00
[2022-02-03 17:33:20,940] {standard_task_runner.py:52} INFO - Started process 5720 to run task
[2022-02-03 17:33:20,945] {standard_task_runner.py:76} INFO - Running: ['***', 'tasks', 'run', 'zones_data_ingestion_gcs_dag', 'download_dataset_task', 'manual__2022-02-03T17:33:19.417031+00:00', '--job-id', '633', '--raw', '--subdir', 'DAGS_FOLDER/zone_injection_dag.py', '--cfg-path', '/tmp/tmpy863mn_a', '--error-file', '/tmp/tmpjftwnwg7']
[2022-02-03 17:33:20,947] {standard_task_runner.py:77} INFO - Job 633: Subtask download_dataset_task
[2022-02-03 17:33:21,036] {logging_mixin.py:109} INFO - Running <TaskInstance: zones_data_ingestion_gcs_dag.download_dataset_task manual__2022-02-03T17:33:19.417031+00:00 [running]> on host 700aeb16bae0
[2022-02-03 17:33:21,170] {taskinstance.py:1426} INFO - Exporting the following env vars:
AIRFLOW_CTX_DAG_OWNER=***
AIRFLOW_CTX_DAG_ID=zones_data_ingestion_gcs_dag
AIRFLOW_CTX_TASK_ID=download_dataset_task
AIRFLOW_CTX_EXECUTION_DATE=2022-02-03T17:33:19.417031+00:00
AIRFLOW_CTX_DAG_RUN_ID=manual__2022-02-03T17:33:19.417031+00:00
[2022-02-03 17:33:21,173] {subprocess.py:62} INFO - Tmp dir root location: 
 /tmp
[2022-02-03 17:33:21,176] {subprocess.py:74} INFO - Running command: ['bash', '-c', 'curl -sSLf https://s3.amazonaws.com/nyc-tlc/misc/taxi+_zone_lookup.csv > /opt/***/taxi+_zone_lookup.csv']
[2022-02-03 17:33:21,192] {subprocess.py:85} INFO - Output:
[2022-02-03 17:33:21,794] {subprocess.py:93} INFO - Command exited with return code 0
[2022-02-03 17:33:21,830] {taskinstance.py:1277} INFO - Marking task as SUCCESS. dag_id=zones_data_ingestion_gcs_dag, task_id=download_dataset_task, execution_date=20220203T173319, start_date=20220203T173320, end_date=20220203T173321
[2022-02-03 17:33:21,887] {local_task_job.py:154} INFO - Task exited with return code 0
[2022-02-03 17:33:21,967] {local_task_job.py:264} INFO - 1 downstream tasks scheduled from follow-on schedule check
