[2022-02-02 19:09:38,509] {taskinstance.py:1032} INFO - Dependencies all met for <TaskInstance: ex_1_data_ingestion_gcs_dag_v3.download_dataset_task scheduled__2021-06-01T00:00:00+00:00 [queued]>
[2022-02-02 19:09:38,520] {taskinstance.py:1032} INFO - Dependencies all met for <TaskInstance: ex_1_data_ingestion_gcs_dag_v3.download_dataset_task scheduled__2021-06-01T00:00:00+00:00 [queued]>
[2022-02-02 19:09:38,521] {taskinstance.py:1238} INFO - 
--------------------------------------------------------------------------------
[2022-02-02 19:09:38,522] {taskinstance.py:1239} INFO - Starting attempt 1 of 1
[2022-02-02 19:09:38,522] {taskinstance.py:1240} INFO - 
--------------------------------------------------------------------------------
[2022-02-02 19:09:38,533] {taskinstance.py:1259} INFO - Executing <Task(BashOperator): download_dataset_task> on 2021-06-01 00:00:00+00:00
[2022-02-02 19:09:38,540] {standard_task_runner.py:52} INFO - Started process 11683 to run task
[2022-02-02 19:09:38,544] {standard_task_runner.py:76} INFO - Running: ['***', 'tasks', 'run', 'ex_1_data_ingestion_gcs_dag_v3', 'download_dataset_task', 'scheduled__2021-06-01T00:00:00+00:00', '--job-id', '389', '--raw', '--subdir', 'DAGS_FOLDER/data_ingestion_hw_1_ex.py', '--cfg-path', '/tmp/tmp26sdr5ey', '--error-file', '/tmp/tmpn5x3x709']
[2022-02-02 19:09:38,546] {standard_task_runner.py:77} INFO - Job 389: Subtask download_dataset_task
[2022-02-02 19:09:38,634] {logging_mixin.py:109} INFO - Running <TaskInstance: ex_1_data_ingestion_gcs_dag_v3.download_dataset_task scheduled__2021-06-01T00:00:00+00:00 [running]> on host 700aeb16bae0
[2022-02-02 19:09:38,692] {warnings.py:110} WARNING - /home/***/.local/lib/python3.7/site-packages/***/utils/context.py:152: AirflowContextDeprecationWarning: Accessing 'execution_date' from the template is deprecated and will be removed in a future version. Please use 'data_interval_start' or 'logical_date' instead.
  warnings.warn(_create_deprecation_warning(key, self._deprecation_replacements[key]))

[2022-02-02 19:09:38,717] {taskinstance.py:1426} INFO - Exporting the following env vars:
AIRFLOW_CTX_DAG_OWNER=***
AIRFLOW_CTX_DAG_ID=ex_1_data_ingestion_gcs_dag_v3
AIRFLOW_CTX_TASK_ID=download_dataset_task
AIRFLOW_CTX_EXECUTION_DATE=2021-06-01T00:00:00+00:00
AIRFLOW_CTX_DAG_RUN_ID=scheduled__2021-06-01T00:00:00+00:00
[2022-02-02 19:09:38,719] {subprocess.py:62} INFO - Tmp dir root location: 
 /tmp
[2022-02-02 19:09:38,720] {subprocess.py:74} INFO - Running command: ['bash', '-c', 'curl -sS https://s3.amazonaws.com/nyc-tlc/trip+data/yellow_tripdata_2021-06.csv > /opt/***/yellow_tripdata_2021-06.csv']
[2022-02-02 19:09:38,736] {subprocess.py:85} INFO - Output:
[2022-02-02 19:10:01,519] {subprocess.py:93} INFO - Command exited with return code 0
[2022-02-02 19:10:01,627] {taskinstance.py:1277} INFO - Marking task as SUCCESS. dag_id=ex_1_data_ingestion_gcs_dag_v3, task_id=download_dataset_task, execution_date=20210601T000000, start_date=20220202T190938, end_date=20220202T191001
[2022-02-02 19:10:01,671] {local_task_job.py:154} INFO - Task exited with return code 0
[2022-02-02 19:10:01,713] {local_task_job.py:264} INFO - 1 downstream tasks scheduled from follow-on schedule check
[2022-02-10 14:52:23,645] {taskinstance.py:1032} INFO - Dependencies all met for <TaskInstance: ex_1_data_ingestion_gcs_dag_v3.download_dataset_task scheduled__2021-06-01T00:00:00+00:00 [queued]>
[2022-02-10 14:52:23,685] {taskinstance.py:1032} INFO - Dependencies all met for <TaskInstance: ex_1_data_ingestion_gcs_dag_v3.download_dataset_task scheduled__2021-06-01T00:00:00+00:00 [queued]>
[2022-02-10 14:52:23,688] {taskinstance.py:1238} INFO - 
--------------------------------------------------------------------------------
[2022-02-10 14:52:23,691] {taskinstance.py:1239} INFO - Starting attempt 1 of 1
[2022-02-10 14:52:23,693] {taskinstance.py:1240} INFO - 
--------------------------------------------------------------------------------
[2022-02-10 14:52:23,728] {taskinstance.py:1259} INFO - Executing <Task(BashOperator): download_dataset_task> on 2021-06-01 00:00:00+00:00
[2022-02-10 14:52:23,747] {standard_task_runner.py:52} INFO - Started process 3414 to run task
[2022-02-10 14:52:23,764] {standard_task_runner.py:76} INFO - Running: ['***', 'tasks', 'run', 'ex_1_data_ingestion_gcs_dag_v3', 'download_dataset_task', 'scheduled__2021-06-01T00:00:00+00:00', '--job-id', '743', '--raw', '--subdir', 'DAGS_FOLDER/data_ingestion_hw_1_ex.py', '--cfg-path', '/tmp/tmpzoar5a16', '--error-file', '/tmp/tmpv6zcm08l']
[2022-02-10 14:52:23,770] {standard_task_runner.py:77} INFO - Job 743: Subtask download_dataset_task
[2022-02-10 14:52:24,037] {logging_mixin.py:109} INFO - Running <TaskInstance: ex_1_data_ingestion_gcs_dag_v3.download_dataset_task scheduled__2021-06-01T00:00:00+00:00 [running]> on host e30f201fae61
[2022-02-10 14:52:24,171] {warnings.py:110} WARNING - /home/***/.local/lib/python3.7/site-packages/***/utils/context.py:152: AirflowContextDeprecationWarning: Accessing 'execution_date' from the template is deprecated and will be removed in a future version. Please use 'data_interval_start' or 'logical_date' instead.
  warnings.warn(_create_deprecation_warning(key, self._deprecation_replacements[key]))

[2022-02-10 14:52:24,228] {taskinstance.py:1426} INFO - Exporting the following env vars:
AIRFLOW_CTX_DAG_OWNER=***
AIRFLOW_CTX_DAG_ID=ex_1_data_ingestion_gcs_dag_v3
AIRFLOW_CTX_TASK_ID=download_dataset_task
AIRFLOW_CTX_EXECUTION_DATE=2021-06-01T00:00:00+00:00
AIRFLOW_CTX_DAG_RUN_ID=scheduled__2021-06-01T00:00:00+00:00
[2022-02-10 14:52:24,233] {subprocess.py:62} INFO - Tmp dir root location: 
 /tmp
[2022-02-10 14:52:24,237] {subprocess.py:74} INFO - Running command: ['bash', '-c', 'curl -sS https://s3.amazonaws.com/nyc-tlc/trip+data/yellow_tripdata_2021-06.csv > /opt/***/yellow_tripdata_2021-06.csv']
[2022-02-10 14:52:24,283] {subprocess.py:85} INFO - Output:
[2022-02-10 14:52:37,185] {subprocess.py:93} INFO - Command exited with return code 0
[2022-02-10 14:52:37,260] {taskinstance.py:1277} INFO - Marking task as SUCCESS. dag_id=ex_1_data_ingestion_gcs_dag_v3, task_id=download_dataset_task, execution_date=20210601T000000, start_date=20220210T145223, end_date=20220210T145237
[2022-02-10 14:52:37,368] {local_task_job.py:154} INFO - Task exited with return code 0
[2022-02-10 14:52:37,484] {local_task_job.py:264} INFO - 1 downstream tasks scheduled from follow-on schedule check
[2022-02-10 15:42:11,204] {taskinstance.py:1032} INFO - Dependencies all met for <TaskInstance: ex_1_data_ingestion_gcs_dag_v3.download_dataset_task scheduled__2021-06-01T00:00:00+00:00 [queued]>
[2022-02-10 15:42:11,225] {taskinstance.py:1032} INFO - Dependencies all met for <TaskInstance: ex_1_data_ingestion_gcs_dag_v3.download_dataset_task scheduled__2021-06-01T00:00:00+00:00 [queued]>
[2022-02-10 15:42:11,226] {taskinstance.py:1238} INFO - 
--------------------------------------------------------------------------------
[2022-02-10 15:42:11,235] {taskinstance.py:1239} INFO - Starting attempt 1 of 1
[2022-02-10 15:42:11,239] {taskinstance.py:1240} INFO - 
--------------------------------------------------------------------------------
[2022-02-10 15:42:11,283] {taskinstance.py:1259} INFO - Executing <Task(BashOperator): download_dataset_task> on 2021-06-01 00:00:00+00:00
[2022-02-10 15:42:11,309] {standard_task_runner.py:52} INFO - Started process 1123 to run task
[2022-02-10 15:42:11,350] {standard_task_runner.py:76} INFO - Running: ['***', 'tasks', 'run', 'ex_1_data_ingestion_gcs_dag_v3', 'download_dataset_task', 'scheduled__2021-06-01T00:00:00+00:00', '--job-id', '867', '--raw', '--subdir', 'DAGS_FOLDER/data_ingestion_hw_1_ex.py', '--cfg-path', '/tmp/tmpaeoygj7i', '--error-file', '/tmp/tmpcj5v4ff0']
[2022-02-10 15:42:11,371] {standard_task_runner.py:77} INFO - Job 867: Subtask download_dataset_task
[2022-02-10 15:42:11,642] {logging_mixin.py:109} INFO - Running <TaskInstance: ex_1_data_ingestion_gcs_dag_v3.download_dataset_task scheduled__2021-06-01T00:00:00+00:00 [running]> on host 276a0ad90304
[2022-02-10 15:42:11,755] {warnings.py:110} WARNING - /home/***/.local/lib/python3.7/site-packages/***/utils/context.py:152: AirflowContextDeprecationWarning: Accessing 'execution_date' from the template is deprecated and will be removed in a future version. Please use 'data_interval_start' or 'logical_date' instead.
  warnings.warn(_create_deprecation_warning(key, self._deprecation_replacements[key]))

[2022-02-10 15:42:11,854] {taskinstance.py:1426} INFO - Exporting the following env vars:
AIRFLOW_CTX_DAG_OWNER=***
AIRFLOW_CTX_DAG_ID=ex_1_data_ingestion_gcs_dag_v3
AIRFLOW_CTX_TASK_ID=download_dataset_task
AIRFLOW_CTX_EXECUTION_DATE=2021-06-01T00:00:00+00:00
AIRFLOW_CTX_DAG_RUN_ID=scheduled__2021-06-01T00:00:00+00:00
[2022-02-10 15:42:11,863] {subprocess.py:62} INFO - Tmp dir root location: 
 /tmp
[2022-02-10 15:42:11,868] {subprocess.py:74} INFO - Running command: ['bash', '-c', 'curl -sS https://s3.amazonaws.com/nyc-tlc/trip+data/yellow_tripdata_2021-06.csv > /opt/***/yellow_tripdata_2021-06.csv']
[2022-02-10 15:42:11,909] {subprocess.py:85} INFO - Output:
[2022-02-10 15:42:27,312] {subprocess.py:93} INFO - Command exited with return code 0
[2022-02-10 15:42:27,358] {taskinstance.py:1277} INFO - Marking task as SUCCESS. dag_id=ex_1_data_ingestion_gcs_dag_v3, task_id=download_dataset_task, execution_date=20210601T000000, start_date=20220210T154211, end_date=20220210T154227
[2022-02-10 15:42:27,435] {local_task_job.py:154} INFO - Task exited with return code 0
[2022-02-10 15:42:27,562] {local_task_job.py:264} INFO - 1 downstream tasks scheduled from follow-on schedule check
[2022-02-10 16:43:43,272] {taskinstance.py:1032} INFO - Dependencies all met for <TaskInstance: ex_1_data_ingestion_gcs_dag_v3.download_dataset_task scheduled__2021-06-01T00:00:00+00:00 [queued]>
[2022-02-10 16:43:43,288] {taskinstance.py:1032} INFO - Dependencies all met for <TaskInstance: ex_1_data_ingestion_gcs_dag_v3.download_dataset_task scheduled__2021-06-01T00:00:00+00:00 [queued]>
[2022-02-10 16:43:43,289] {taskinstance.py:1238} INFO - 
--------------------------------------------------------------------------------
[2022-02-10 16:43:43,291] {taskinstance.py:1239} INFO - Starting attempt 1 of 1
[2022-02-10 16:43:43,293] {taskinstance.py:1240} INFO - 
--------------------------------------------------------------------------------
[2022-02-10 16:43:43,309] {taskinstance.py:1259} INFO - Executing <Task(BashOperator): download_dataset_task> on 2021-06-01 00:00:00+00:00
[2022-02-10 16:43:43,317] {standard_task_runner.py:52} INFO - Started process 958 to run task
[2022-02-10 16:43:43,322] {standard_task_runner.py:76} INFO - Running: ['***', 'tasks', 'run', 'ex_1_data_ingestion_gcs_dag_v3', 'download_dataset_task', 'scheduled__2021-06-01T00:00:00+00:00', '--job-id', '982', '--raw', '--subdir', 'DAGS_FOLDER/data_ingestion_hw_1_ex.py', '--cfg-path', '/tmp/tmpz10cnbi7', '--error-file', '/tmp/tmpviszxmln']
[2022-02-10 16:43:43,324] {standard_task_runner.py:77} INFO - Job 982: Subtask download_dataset_task
[2022-02-10 16:43:43,432] {logging_mixin.py:109} INFO - Running <TaskInstance: ex_1_data_ingestion_gcs_dag_v3.download_dataset_task scheduled__2021-06-01T00:00:00+00:00 [running]> on host 106a34111faf
[2022-02-10 16:43:43,483] {warnings.py:110} WARNING - /home/***/.local/lib/python3.7/site-packages/***/utils/context.py:152: AirflowContextDeprecationWarning: Accessing 'execution_date' from the template is deprecated and will be removed in a future version. Please use 'data_interval_start' or 'logical_date' instead.
  warnings.warn(_create_deprecation_warning(key, self._deprecation_replacements[key]))

[2022-02-10 16:43:43,512] {taskinstance.py:1426} INFO - Exporting the following env vars:
AIRFLOW_CTX_DAG_OWNER=***
AIRFLOW_CTX_DAG_ID=ex_1_data_ingestion_gcs_dag_v3
AIRFLOW_CTX_TASK_ID=download_dataset_task
AIRFLOW_CTX_EXECUTION_DATE=2021-06-01T00:00:00+00:00
AIRFLOW_CTX_DAG_RUN_ID=scheduled__2021-06-01T00:00:00+00:00
[2022-02-10 16:43:43,514] {subprocess.py:62} INFO - Tmp dir root location: 
 /tmp
[2022-02-10 16:43:43,516] {subprocess.py:74} INFO - Running command: ['bash', '-c', 'curl -sS https://s3.amazonaws.com/nyc-tlc/trip+data/yellow_tripdata_2021-06.csv > /opt/***/yellow_tripdata_2021-06.csv']
[2022-02-10 16:43:43,534] {subprocess.py:85} INFO - Output:
[2022-02-10 16:45:02,709] {subprocess.py:93} INFO - Command exited with return code 0
[2022-02-10 16:45:02,757] {taskinstance.py:1277} INFO - Marking task as SUCCESS. dag_id=ex_1_data_ingestion_gcs_dag_v3, task_id=download_dataset_task, execution_date=20210601T000000, start_date=20220210T164343, end_date=20220210T164502
[2022-02-10 16:45:02,845] {local_task_job.py:154} INFO - Task exited with return code 0
[2022-02-10 16:45:02,919] {local_task_job.py:264} INFO - 1 downstream tasks scheduled from follow-on schedule check
