[2022-02-02 19:04:38,803] {taskinstance.py:1032} INFO - Dependencies all met for <TaskInstance: ex_1_data_ingestion_gcs_dag_v3.format_to_parquet_task scheduled__2021-02-01T00:00:00+00:00 [queued]>
[2022-02-02 19:04:38,822] {taskinstance.py:1032} INFO - Dependencies all met for <TaskInstance: ex_1_data_ingestion_gcs_dag_v3.format_to_parquet_task scheduled__2021-02-01T00:00:00+00:00 [queued]>
[2022-02-02 19:04:38,823] {taskinstance.py:1238} INFO - 
--------------------------------------------------------------------------------
[2022-02-02 19:04:38,824] {taskinstance.py:1239} INFO - Starting attempt 1 of 1
[2022-02-02 19:04:38,826] {taskinstance.py:1240} INFO - 
--------------------------------------------------------------------------------
[2022-02-02 19:04:38,840] {taskinstance.py:1259} INFO - Executing <Task(PythonOperator): format_to_parquet_task> on 2021-02-01 00:00:00+00:00
[2022-02-02 19:04:38,846] {standard_task_runner.py:52} INFO - Started process 11383 to run task
[2022-02-02 19:04:38,850] {standard_task_runner.py:76} INFO - Running: ['***', 'tasks', 'run', 'ex_1_data_ingestion_gcs_dag_v3', 'format_to_parquet_task', 'scheduled__2021-02-01T00:00:00+00:00', '--job-id', '378', '--raw', '--subdir', 'DAGS_FOLDER/data_ingestion_hw_1_ex.py', '--cfg-path', '/tmp/tmp8db1l3ku', '--error-file', '/tmp/tmpdjvratkt']
[2022-02-02 19:04:38,852] {standard_task_runner.py:77} INFO - Job 378: Subtask format_to_parquet_task
[2022-02-02 19:04:38,923] {logging_mixin.py:109} INFO - Running <TaskInstance: ex_1_data_ingestion_gcs_dag_v3.format_to_parquet_task scheduled__2021-02-01T00:00:00+00:00 [running]> on host 700aeb16bae0
[2022-02-02 19:04:38,964] {warnings.py:110} WARNING - /home/***/.local/lib/python3.7/site-packages/***/utils/context.py:152: AirflowContextDeprecationWarning: Accessing 'execution_date' from the template is deprecated and will be removed in a future version. Please use 'data_interval_start' or 'logical_date' instead.
  warnings.warn(_create_deprecation_warning(key, self._deprecation_replacements[key]))

[2022-02-02 19:04:38,987] {taskinstance.py:1426} INFO - Exporting the following env vars:
AIRFLOW_CTX_DAG_OWNER=***
AIRFLOW_CTX_DAG_ID=ex_1_data_ingestion_gcs_dag_v3
AIRFLOW_CTX_TASK_ID=format_to_parquet_task
AIRFLOW_CTX_EXECUTION_DATE=2021-02-01T00:00:00+00:00
AIRFLOW_CTX_DAG_RUN_ID=scheduled__2021-02-01T00:00:00+00:00
[2022-02-02 19:04:39,914] {python.py:175} INFO - Done. Returned value was: None
[2022-02-02 19:04:39,930] {taskinstance.py:1277} INFO - Marking task as SUCCESS. dag_id=ex_1_data_ingestion_gcs_dag_v3, task_id=format_to_parquet_task, execution_date=20210201T000000, start_date=20220202T190438, end_date=20220202T190439
[2022-02-02 19:04:40,040] {local_task_job.py:154} INFO - Task exited with return code 0
[2022-02-02 19:04:40,075] {local_task_job.py:264} INFO - 1 downstream tasks scheduled from follow-on schedule check
[2022-02-10 15:41:29,295] {taskinstance.py:1032} INFO - Dependencies all met for <TaskInstance: ex_1_data_ingestion_gcs_dag_v3.format_to_parquet_task scheduled__2021-02-01T00:00:00+00:00 [queued]>
[2022-02-10 15:41:29,343] {taskinstance.py:1032} INFO - Dependencies all met for <TaskInstance: ex_1_data_ingestion_gcs_dag_v3.format_to_parquet_task scheduled__2021-02-01T00:00:00+00:00 [queued]>
[2022-02-10 15:41:29,349] {taskinstance.py:1238} INFO - 
--------------------------------------------------------------------------------
[2022-02-10 15:41:29,350] {taskinstance.py:1239} INFO - Starting attempt 1 of 1
[2022-02-10 15:41:29,352] {taskinstance.py:1240} INFO - 
--------------------------------------------------------------------------------
[2022-02-10 15:41:29,399] {taskinstance.py:1259} INFO - Executing <Task(PythonOperator): format_to_parquet_task> on 2021-02-01 00:00:00+00:00
[2022-02-10 15:41:29,420] {standard_task_runner.py:52} INFO - Started process 1034 to run task
[2022-02-10 15:41:29,450] {standard_task_runner.py:76} INFO - Running: ['***', 'tasks', 'run', 'ex_1_data_ingestion_gcs_dag_v3', 'format_to_parquet_task', 'scheduled__2021-02-01T00:00:00+00:00', '--job-id', '856', '--raw', '--subdir', 'DAGS_FOLDER/data_ingestion_hw_1_ex.py', '--cfg-path', '/tmp/tmp66mzm_ok', '--error-file', '/tmp/tmp9mstwgk5']
[2022-02-10 15:41:29,467] {standard_task_runner.py:77} INFO - Job 856: Subtask format_to_parquet_task
[2022-02-10 15:41:29,643] {logging_mixin.py:109} INFO - Running <TaskInstance: ex_1_data_ingestion_gcs_dag_v3.format_to_parquet_task scheduled__2021-02-01T00:00:00+00:00 [running]> on host 276a0ad90304
[2022-02-10 15:41:29,724] {warnings.py:110} WARNING - /home/***/.local/lib/python3.7/site-packages/***/utils/context.py:152: AirflowContextDeprecationWarning: Accessing 'execution_date' from the template is deprecated and will be removed in a future version. Please use 'data_interval_start' or 'logical_date' instead.
  warnings.warn(_create_deprecation_warning(key, self._deprecation_replacements[key]))

[2022-02-10 15:41:29,789] {taskinstance.py:1426} INFO - Exporting the following env vars:
AIRFLOW_CTX_DAG_OWNER=***
AIRFLOW_CTX_DAG_ID=ex_1_data_ingestion_gcs_dag_v3
AIRFLOW_CTX_TASK_ID=format_to_parquet_task
AIRFLOW_CTX_EXECUTION_DATE=2021-02-01T00:00:00+00:00
AIRFLOW_CTX_DAG_RUN_ID=scheduled__2021-02-01T00:00:00+00:00
[2022-02-10 15:41:31,497] {python.py:175} INFO - Done. Returned value was: None
[2022-02-10 15:41:31,513] {taskinstance.py:1277} INFO - Marking task as SUCCESS. dag_id=ex_1_data_ingestion_gcs_dag_v3, task_id=format_to_parquet_task, execution_date=20210201T000000, start_date=20220210T154129, end_date=20220210T154131
[2022-02-10 15:41:31,649] {local_task_job.py:154} INFO - Task exited with return code 0
[2022-02-10 15:41:31,698] {local_task_job.py:264} INFO - 1 downstream tasks scheduled from follow-on schedule check
