[2022-02-03 14:46:15,443] {taskinstance.py:1032} INFO - Dependencies all met for <TaskInstance: FHV_data_ingestion_gcs_dag.format_to_parquet_task scheduled__2019-09-01T00:00:00+00:00 [queued]>
[2022-02-03 14:46:15,455] {taskinstance.py:1032} INFO - Dependencies all met for <TaskInstance: FHV_data_ingestion_gcs_dag.format_to_parquet_task scheduled__2019-09-01T00:00:00+00:00 [queued]>
[2022-02-03 14:46:15,455] {taskinstance.py:1238} INFO - 
--------------------------------------------------------------------------------
[2022-02-03 14:46:15,456] {taskinstance.py:1239} INFO - Starting attempt 1 of 1
[2022-02-03 14:46:15,456] {taskinstance.py:1240} INFO - 
--------------------------------------------------------------------------------
[2022-02-03 14:46:15,467] {taskinstance.py:1259} INFO - Executing <Task(PythonOperator): format_to_parquet_task> on 2019-09-01 00:00:00+00:00
[2022-02-03 14:46:15,472] {standard_task_runner.py:52} INFO - Started process 1293 to run task
[2022-02-03 14:46:15,476] {standard_task_runner.py:76} INFO - Running: ['***', 'tasks', 'run', 'FHV_data_ingestion_gcs_dag', 'format_to_parquet_task', 'scheduled__2019-09-01T00:00:00+00:00', '--job-id', '452', '--raw', '--subdir', 'DAGS_FOLDER/FHV_injection_dag.py', '--cfg-path', '/tmp/tmp5mgmrl8i', '--error-file', '/tmp/tmp99zhxb71']
[2022-02-03 14:46:15,478] {standard_task_runner.py:77} INFO - Job 452: Subtask format_to_parquet_task
[2022-02-03 14:46:15,539] {logging_mixin.py:109} INFO - Running <TaskInstance: FHV_data_ingestion_gcs_dag.format_to_parquet_task scheduled__2019-09-01T00:00:00+00:00 [running]> on host 700aeb16bae0
[2022-02-03 14:46:15,578] {warnings.py:110} WARNING - /home/***/.local/lib/python3.7/site-packages/***/utils/context.py:152: AirflowContextDeprecationWarning: Accessing 'execution_date' from the template is deprecated and will be removed in a future version. Please use 'data_interval_start' or 'logical_date' instead.
  warnings.warn(_create_deprecation_warning(key, self._deprecation_replacements[key]))

[2022-02-03 14:46:15,603] {taskinstance.py:1426} INFO - Exporting the following env vars:
AIRFLOW_CTX_DAG_OWNER=***
AIRFLOW_CTX_DAG_ID=FHV_data_ingestion_gcs_dag
AIRFLOW_CTX_TASK_ID=format_to_parquet_task
AIRFLOW_CTX_EXECUTION_DATE=2019-09-01T00:00:00+00:00
AIRFLOW_CTX_DAG_RUN_ID=scheduled__2019-09-01T00:00:00+00:00
[2022-02-03 14:46:15,925] {python.py:175} INFO - Done. Returned value was: None
[2022-02-03 14:46:15,941] {taskinstance.py:1277} INFO - Marking task as SUCCESS. dag_id=FHV_data_ingestion_gcs_dag, task_id=format_to_parquet_task, execution_date=20190901T000000, start_date=20220203T144615, end_date=20220203T144615
[2022-02-03 14:46:16,012] {local_task_job.py:154} INFO - Task exited with return code 0
[2022-02-03 14:46:16,057] {local_task_job.py:264} INFO - 1 downstream tasks scheduled from follow-on schedule check
[2022-02-03 15:11:29,500] {taskinstance.py:1032} INFO - Dependencies all met for <TaskInstance: FHV_data_ingestion_gcs_dag.format_to_parquet_task scheduled__2019-09-01T00:00:00+00:00 [queued]>
[2022-02-03 15:11:29,515] {taskinstance.py:1032} INFO - Dependencies all met for <TaskInstance: FHV_data_ingestion_gcs_dag.format_to_parquet_task scheduled__2019-09-01T00:00:00+00:00 [queued]>
[2022-02-03 15:11:29,516] {taskinstance.py:1238} INFO - 
--------------------------------------------------------------------------------
[2022-02-03 15:11:29,517] {taskinstance.py:1239} INFO - Starting attempt 1 of 1
[2022-02-03 15:11:29,518] {taskinstance.py:1240} INFO - 
--------------------------------------------------------------------------------
[2022-02-03 15:11:29,531] {taskinstance.py:1259} INFO - Executing <Task(PythonOperator): format_to_parquet_task> on 2019-09-01 00:00:00+00:00
[2022-02-03 15:11:29,537] {standard_task_runner.py:52} INFO - Started process 2913 to run task
[2022-02-03 15:11:29,542] {standard_task_runner.py:76} INFO - Running: ['***', 'tasks', 'run', 'FHV_data_ingestion_gcs_dag', 'format_to_parquet_task', 'scheduled__2019-09-01T00:00:00+00:00', '--job-id', '555', '--raw', '--subdir', 'DAGS_FOLDER/FHV_injection_dag.py', '--cfg-path', '/tmp/tmp6n2bo0ym', '--error-file', '/tmp/tmphmcoa1rr']
[2022-02-03 15:11:29,544] {standard_task_runner.py:77} INFO - Job 555: Subtask format_to_parquet_task
[2022-02-03 15:11:29,609] {logging_mixin.py:109} INFO - Running <TaskInstance: FHV_data_ingestion_gcs_dag.format_to_parquet_task scheduled__2019-09-01T00:00:00+00:00 [running]> on host 700aeb16bae0
[2022-02-03 15:11:29,654] {warnings.py:110} WARNING - /home/***/.local/lib/python3.7/site-packages/***/utils/context.py:152: AirflowContextDeprecationWarning: Accessing 'execution_date' from the template is deprecated and will be removed in a future version. Please use 'data_interval_start' or 'logical_date' instead.
  warnings.warn(_create_deprecation_warning(key, self._deprecation_replacements[key]))

[2022-02-03 15:11:29,678] {taskinstance.py:1426} INFO - Exporting the following env vars:
AIRFLOW_CTX_DAG_OWNER=***
AIRFLOW_CTX_DAG_ID=FHV_data_ingestion_gcs_dag
AIRFLOW_CTX_TASK_ID=format_to_parquet_task
AIRFLOW_CTX_EXECUTION_DATE=2019-09-01T00:00:00+00:00
AIRFLOW_CTX_DAG_RUN_ID=scheduled__2019-09-01T00:00:00+00:00
[2022-02-03 15:11:30,040] {python.py:175} INFO - Done. Returned value was: None
[2022-02-03 15:11:30,058] {taskinstance.py:1277} INFO - Marking task as SUCCESS. dag_id=FHV_data_ingestion_gcs_dag, task_id=format_to_parquet_task, execution_date=20190901T000000, start_date=20220203T151129, end_date=20220203T151130
[2022-02-03 15:11:30,120] {local_task_job.py:154} INFO - Task exited with return code 0
[2022-02-03 15:11:30,169] {local_task_job.py:264} INFO - 1 downstream tasks scheduled from follow-on schedule check
