[2022-02-02 18:51:06,113] {taskinstance.py:1032} INFO - Dependencies all met for <TaskInstance: ex_1_data_ingestion_gcs_dag_v3.download_dataset_task scheduled__2020-04-01T00:00:00+00:00 [queued]>
[2022-02-02 18:51:06,131] {taskinstance.py:1032} INFO - Dependencies all met for <TaskInstance: ex_1_data_ingestion_gcs_dag_v3.download_dataset_task scheduled__2020-04-01T00:00:00+00:00 [queued]>
[2022-02-02 18:51:06,132] {taskinstance.py:1238} INFO - 
--------------------------------------------------------------------------------
[2022-02-02 18:51:06,133] {taskinstance.py:1239} INFO - Starting attempt 1 of 1
[2022-02-02 18:51:06,134] {taskinstance.py:1240} INFO - 
--------------------------------------------------------------------------------
[2022-02-02 18:51:06,152] {taskinstance.py:1259} INFO - Executing <Task(BashOperator): download_dataset_task> on 2020-04-01 00:00:00+00:00
[2022-02-02 18:51:06,158] {standard_task_runner.py:52} INFO - Started process 10575 to run task
[2022-02-02 18:51:06,163] {standard_task_runner.py:76} INFO - Running: ['***', 'tasks', 'run', 'ex_1_data_ingestion_gcs_dag_v3', 'download_dataset_task', 'scheduled__2020-04-01T00:00:00+00:00', '--job-id', '347', '--raw', '--subdir', 'DAGS_FOLDER/data_ingestion_hw_1_ex.py', '--cfg-path', '/tmp/tmp4g79rrsp', '--error-file', '/tmp/tmp3v6yilmi']
[2022-02-02 18:51:06,166] {standard_task_runner.py:77} INFO - Job 347: Subtask download_dataset_task
[2022-02-02 18:51:06,236] {logging_mixin.py:109} INFO - Running <TaskInstance: ex_1_data_ingestion_gcs_dag_v3.download_dataset_task scheduled__2020-04-01T00:00:00+00:00 [running]> on host 700aeb16bae0
[2022-02-02 18:51:06,282] {warnings.py:110} WARNING - /home/***/.local/lib/python3.7/site-packages/***/utils/context.py:152: AirflowContextDeprecationWarning: Accessing 'execution_date' from the template is deprecated and will be removed in a future version. Please use 'data_interval_start' or 'logical_date' instead.
  warnings.warn(_create_deprecation_warning(key, self._deprecation_replacements[key]))

[2022-02-02 18:51:06,308] {taskinstance.py:1426} INFO - Exporting the following env vars:
AIRFLOW_CTX_DAG_OWNER=***
AIRFLOW_CTX_DAG_ID=ex_1_data_ingestion_gcs_dag_v3
AIRFLOW_CTX_TASK_ID=download_dataset_task
AIRFLOW_CTX_EXECUTION_DATE=2020-04-01T00:00:00+00:00
AIRFLOW_CTX_DAG_RUN_ID=scheduled__2020-04-01T00:00:00+00:00
[2022-02-02 18:51:06,310] {subprocess.py:62} INFO - Tmp dir root location: 
 /tmp
[2022-02-02 18:51:06,312] {subprocess.py:74} INFO - Running command: ['bash', '-c', 'curl -sS https://s3.amazonaws.com/nyc-tlc/trip+data/yellow_tripdata_2020-04.csv > /opt/***/yellow_tripdata_2020-04.csv']
[2022-02-02 18:51:06,327] {subprocess.py:85} INFO - Output:
[2022-02-02 18:51:28,694] {subprocess.py:93} INFO - Command exited with return code 0
[2022-02-02 18:51:28,736] {taskinstance.py:1277} INFO - Marking task as SUCCESS. dag_id=ex_1_data_ingestion_gcs_dag_v3, task_id=download_dataset_task, execution_date=20200401T000000, start_date=20220202T185106, end_date=20220202T185128
[2022-02-02 18:51:28,798] {local_task_job.py:154} INFO - Task exited with return code 0
[2022-02-02 18:51:28,847] {local_task_job.py:264} INFO - 1 downstream tasks scheduled from follow-on schedule check
[2022-02-10 13:21:38,528] {taskinstance.py:1032} INFO - Dependencies all met for <TaskInstance: ex_1_data_ingestion_gcs_dag_v3.download_dataset_task scheduled__2020-04-01T00:00:00+00:00 [queued]>
[2022-02-10 13:21:38,547] {taskinstance.py:1032} INFO - Dependencies all met for <TaskInstance: ex_1_data_ingestion_gcs_dag_v3.download_dataset_task scheduled__2020-04-01T00:00:00+00:00 [queued]>
[2022-02-10 13:21:38,548] {taskinstance.py:1238} INFO - 
--------------------------------------------------------------------------------
[2022-02-10 13:21:38,550] {taskinstance.py:1239} INFO - Starting attempt 1 of 1
[2022-02-10 13:21:38,551] {taskinstance.py:1240} INFO - 
--------------------------------------------------------------------------------
[2022-02-10 13:21:38,570] {taskinstance.py:1259} INFO - Executing <Task(BashOperator): download_dataset_task> on 2020-04-01 00:00:00+00:00
[2022-02-10 13:21:38,583] {standard_task_runner.py:52} INFO - Started process 2460 to run task
[2022-02-10 13:21:38,588] {standard_task_runner.py:76} INFO - Running: ['***', 'tasks', 'run', 'ex_1_data_ingestion_gcs_dag_v3', 'download_dataset_task', 'scheduled__2020-04-01T00:00:00+00:00', '--job-id', '705', '--raw', '--subdir', 'DAGS_FOLDER/data_ingestion_hw_1_ex.py', '--cfg-path', '/tmp/tmpcql3et3m', '--error-file', '/tmp/tmp3xj07gvi']
[2022-02-10 13:21:38,590] {standard_task_runner.py:77} INFO - Job 705: Subtask download_dataset_task
[2022-02-10 13:21:38,669] {logging_mixin.py:109} INFO - Running <TaskInstance: ex_1_data_ingestion_gcs_dag_v3.download_dataset_task scheduled__2020-04-01T00:00:00+00:00 [running]> on host e30f201fae61
[2022-02-10 13:21:38,712] {warnings.py:110} WARNING - /home/***/.local/lib/python3.7/site-packages/***/utils/context.py:152: AirflowContextDeprecationWarning: Accessing 'execution_date' from the template is deprecated and will be removed in a future version. Please use 'data_interval_start' or 'logical_date' instead.
  warnings.warn(_create_deprecation_warning(key, self._deprecation_replacements[key]))

[2022-02-10 13:21:38,739] {taskinstance.py:1426} INFO - Exporting the following env vars:
AIRFLOW_CTX_DAG_OWNER=***
AIRFLOW_CTX_DAG_ID=ex_1_data_ingestion_gcs_dag_v3
AIRFLOW_CTX_TASK_ID=download_dataset_task
AIRFLOW_CTX_EXECUTION_DATE=2020-04-01T00:00:00+00:00
AIRFLOW_CTX_DAG_RUN_ID=scheduled__2020-04-01T00:00:00+00:00
[2022-02-10 13:21:38,741] {subprocess.py:62} INFO - Tmp dir root location: 
 /tmp
[2022-02-10 13:21:38,743] {subprocess.py:74} INFO - Running command: ['bash', '-c', 'curl -sS https://s3.amazonaws.com/nyc-tlc/trip+data/yellow_tripdata_2020-04.csv > /opt/***/yellow_tripdata_2020-04.csv']
[2022-02-10 13:21:38,759] {subprocess.py:85} INFO - Output:
[2022-02-10 13:22:07,515] {subprocess.py:93} INFO - Command exited with return code 0
[2022-02-10 13:22:07,553] {taskinstance.py:1277} INFO - Marking task as SUCCESS. dag_id=ex_1_data_ingestion_gcs_dag_v3, task_id=download_dataset_task, execution_date=20200401T000000, start_date=20220210T132138, end_date=20220210T132207
[2022-02-10 13:22:07,604] {local_task_job.py:154} INFO - Task exited with return code 0
[2022-02-10 13:22:07,652] {local_task_job.py:264} INFO - 1 downstream tasks scheduled from follow-on schedule check
[2022-02-10 15:39:45,672] {taskinstance.py:1032} INFO - Dependencies all met for <TaskInstance: ex_1_data_ingestion_gcs_dag_v3.download_dataset_task scheduled__2020-04-01T00:00:00+00:00 [queued]>
[2022-02-10 15:39:45,711] {taskinstance.py:1032} INFO - Dependencies all met for <TaskInstance: ex_1_data_ingestion_gcs_dag_v3.download_dataset_task scheduled__2020-04-01T00:00:00+00:00 [queued]>
[2022-02-10 15:39:45,713] {taskinstance.py:1238} INFO - 
--------------------------------------------------------------------------------
[2022-02-10 15:39:45,715] {taskinstance.py:1239} INFO - Starting attempt 1 of 1
[2022-02-10 15:39:45,716] {taskinstance.py:1240} INFO - 
--------------------------------------------------------------------------------
[2022-02-10 15:39:45,745] {taskinstance.py:1259} INFO - Executing <Task(BashOperator): download_dataset_task> on 2020-04-01 00:00:00+00:00
[2022-02-10 15:39:45,755] {standard_task_runner.py:52} INFO - Started process 770 to run task
[2022-02-10 15:39:45,771] {standard_task_runner.py:76} INFO - Running: ['***', 'tasks', 'run', 'ex_1_data_ingestion_gcs_dag_v3', 'download_dataset_task', 'scheduled__2020-04-01T00:00:00+00:00', '--job-id', '823', '--raw', '--subdir', 'DAGS_FOLDER/data_ingestion_hw_1_ex.py', '--cfg-path', '/tmp/tmpcb27wuzj', '--error-file', '/tmp/tmpzvz8neic']
[2022-02-10 15:39:45,775] {standard_task_runner.py:77} INFO - Job 823: Subtask download_dataset_task
[2022-02-10 15:39:45,949] {logging_mixin.py:109} INFO - Running <TaskInstance: ex_1_data_ingestion_gcs_dag_v3.download_dataset_task scheduled__2020-04-01T00:00:00+00:00 [running]> on host 276a0ad90304
[2022-02-10 15:39:46,120] {warnings.py:110} WARNING - /home/***/.local/lib/python3.7/site-packages/***/utils/context.py:152: AirflowContextDeprecationWarning: Accessing 'execution_date' from the template is deprecated and will be removed in a future version. Please use 'data_interval_start' or 'logical_date' instead.
  warnings.warn(_create_deprecation_warning(key, self._deprecation_replacements[key]))

[2022-02-10 15:39:46,171] {taskinstance.py:1426} INFO - Exporting the following env vars:
AIRFLOW_CTX_DAG_OWNER=***
AIRFLOW_CTX_DAG_ID=ex_1_data_ingestion_gcs_dag_v3
AIRFLOW_CTX_TASK_ID=download_dataset_task
AIRFLOW_CTX_EXECUTION_DATE=2020-04-01T00:00:00+00:00
AIRFLOW_CTX_DAG_RUN_ID=scheduled__2020-04-01T00:00:00+00:00
[2022-02-10 15:39:46,176] {subprocess.py:62} INFO - Tmp dir root location: 
 /tmp
[2022-02-10 15:39:46,179] {subprocess.py:74} INFO - Running command: ['bash', '-c', 'curl -sS https://s3.amazonaws.com/nyc-tlc/trip+data/yellow_tripdata_2020-04.csv > /opt/***/yellow_tripdata_2020-04.csv']
[2022-02-10 15:39:46,208] {subprocess.py:85} INFO - Output:
[2022-02-10 15:39:50,081] {subprocess.py:93} INFO - Command exited with return code 0
[2022-02-10 15:39:50,384] {taskinstance.py:1277} INFO - Marking task as SUCCESS. dag_id=ex_1_data_ingestion_gcs_dag_v3, task_id=download_dataset_task, execution_date=20200401T000000, start_date=20220210T153945, end_date=20220210T153950
[2022-02-10 15:39:50,535] {local_task_job.py:154} INFO - Task exited with return code 0
[2022-02-10 15:39:50,833] {local_task_job.py:264} INFO - 0 downstream tasks scheduled from follow-on schedule check
[2022-02-10 16:40:45,061] {taskinstance.py:1032} INFO - Dependencies all met for <TaskInstance: ex_1_data_ingestion_gcs_dag_v3.download_dataset_task scheduled__2020-04-01T00:00:00+00:00 [queued]>
[2022-02-10 16:40:45,085] {taskinstance.py:1032} INFO - Dependencies all met for <TaskInstance: ex_1_data_ingestion_gcs_dag_v3.download_dataset_task scheduled__2020-04-01T00:00:00+00:00 [queued]>
[2022-02-10 16:40:45,087] {taskinstance.py:1238} INFO - 
--------------------------------------------------------------------------------
[2022-02-10 16:40:45,089] {taskinstance.py:1239} INFO - Starting attempt 1 of 1
[2022-02-10 16:40:45,090] {taskinstance.py:1240} INFO - 
--------------------------------------------------------------------------------
[2022-02-10 16:40:45,118] {taskinstance.py:1259} INFO - Executing <Task(BashOperator): download_dataset_task> on 2020-04-01 00:00:00+00:00
[2022-02-10 16:40:45,129] {standard_task_runner.py:52} INFO - Started process 712 to run task
[2022-02-10 16:40:45,144] {standard_task_runner.py:76} INFO - Running: ['***', 'tasks', 'run', 'ex_1_data_ingestion_gcs_dag_v3', 'download_dataset_task', 'scheduled__2020-04-01T00:00:00+00:00', '--job-id', '956', '--raw', '--subdir', 'DAGS_FOLDER/data_ingestion_hw_1_ex.py', '--cfg-path', '/tmp/tmpfo236u9v', '--error-file', '/tmp/tmpn8fw29gb']
[2022-02-10 16:40:45,151] {standard_task_runner.py:77} INFO - Job 956: Subtask download_dataset_task
[2022-02-10 16:40:45,319] {logging_mixin.py:109} INFO - Running <TaskInstance: ex_1_data_ingestion_gcs_dag_v3.download_dataset_task scheduled__2020-04-01T00:00:00+00:00 [running]> on host 106a34111faf
[2022-02-10 16:40:45,437] {warnings.py:110} WARNING - /home/***/.local/lib/python3.7/site-packages/***/utils/context.py:152: AirflowContextDeprecationWarning: Accessing 'execution_date' from the template is deprecated and will be removed in a future version. Please use 'data_interval_start' or 'logical_date' instead.
  warnings.warn(_create_deprecation_warning(key, self._deprecation_replacements[key]))

[2022-02-10 16:40:45,486] {taskinstance.py:1426} INFO - Exporting the following env vars:
AIRFLOW_CTX_DAG_OWNER=***
AIRFLOW_CTX_DAG_ID=ex_1_data_ingestion_gcs_dag_v3
AIRFLOW_CTX_TASK_ID=download_dataset_task
AIRFLOW_CTX_EXECUTION_DATE=2020-04-01T00:00:00+00:00
AIRFLOW_CTX_DAG_RUN_ID=scheduled__2020-04-01T00:00:00+00:00
[2022-02-10 16:40:45,488] {subprocess.py:62} INFO - Tmp dir root location: 
 /tmp
[2022-02-10 16:40:45,491] {subprocess.py:74} INFO - Running command: ['bash', '-c', 'curl -sS https://s3.amazonaws.com/nyc-tlc/trip+data/yellow_tripdata_2020-04.csv > /opt/***/yellow_tripdata_2020-04.csv']
[2022-02-10 16:40:45,519] {subprocess.py:85} INFO - Output:
[2022-02-10 16:40:48,685] {subprocess.py:93} INFO - Command exited with return code 0
[2022-02-10 16:40:48,750] {taskinstance.py:1277} INFO - Marking task as SUCCESS. dag_id=ex_1_data_ingestion_gcs_dag_v3, task_id=download_dataset_task, execution_date=20200401T000000, start_date=20220210T164045, end_date=20220210T164048
[2022-02-10 16:40:48,839] {local_task_job.py:154} INFO - Task exited with return code 0
[2022-02-10 16:40:49,136] {local_task_job.py:264} INFO - 0 downstream tasks scheduled from follow-on schedule check
