[2022-02-10 12:43:15,930] {taskinstance.py:1032} INFO - Dependencies all met for <TaskInstance: ex_1_data_ingestion_gcs_dag_v3.format_to_parquet_task manual__2022-02-10T12:43:11.439936+00:00 [queued]>
[2022-02-10 12:43:15,955] {taskinstance.py:1032} INFO - Dependencies all met for <TaskInstance: ex_1_data_ingestion_gcs_dag_v3.format_to_parquet_task manual__2022-02-10T12:43:11.439936+00:00 [queued]>
[2022-02-10 12:43:15,956] {taskinstance.py:1238} INFO - 
--------------------------------------------------------------------------------
[2022-02-10 12:43:15,957] {taskinstance.py:1239} INFO - Starting attempt 1 of 1
[2022-02-10 12:43:15,959] {taskinstance.py:1240} INFO - 
--------------------------------------------------------------------------------
[2022-02-10 12:43:15,983] {taskinstance.py:1259} INFO - Executing <Task(PythonOperator): format_to_parquet_task> on 2022-02-10 12:43:11.439936+00:00
[2022-02-10 12:43:15,997] {standard_task_runner.py:52} INFO - Started process 437 to run task
[2022-02-10 12:43:16,014] {standard_task_runner.py:76} INFO - Running: ['***', 'tasks', 'run', 'ex_1_data_ingestion_gcs_dag_v3', 'format_to_parquet_task', 'manual__2022-02-10T12:43:11.439936+00:00', '--job-id', '658', '--raw', '--subdir', 'DAGS_FOLDER/data_ingestion_hw_1_ex.py', '--cfg-path', '/tmp/tmpe1qojpz2', '--error-file', '/tmp/tmpyuy6iqu1']
[2022-02-10 12:43:16,019] {standard_task_runner.py:77} INFO - Job 658: Subtask format_to_parquet_task
[2022-02-10 12:43:16,163] {logging_mixin.py:109} INFO - Running <TaskInstance: ex_1_data_ingestion_gcs_dag_v3.format_to_parquet_task manual__2022-02-10T12:43:11.439936+00:00 [running]> on host e30f201fae61
[2022-02-10 12:43:16,282] {warnings.py:110} WARNING - /home/***/.local/lib/python3.7/site-packages/***/utils/context.py:152: AirflowContextDeprecationWarning: Accessing 'execution_date' from the template is deprecated and will be removed in a future version. Please use 'data_interval_start' or 'logical_date' instead.
  warnings.warn(_create_deprecation_warning(key, self._deprecation_replacements[key]))

[2022-02-10 12:43:16,330] {taskinstance.py:1426} INFO - Exporting the following env vars:
AIRFLOW_CTX_DAG_OWNER=***
AIRFLOW_CTX_DAG_ID=ex_1_data_ingestion_gcs_dag_v3
AIRFLOW_CTX_TASK_ID=format_to_parquet_task
AIRFLOW_CTX_EXECUTION_DATE=2022-02-10T12:43:11.439936+00:00
AIRFLOW_CTX_DAG_RUN_ID=manual__2022-02-10T12:43:11.439936+00:00
[2022-02-10 12:43:16,492] {python.py:175} INFO - Done. Returned value was: None
[2022-02-10 12:43:16,533] {taskinstance.py:1277} INFO - Marking task as SUCCESS. dag_id=ex_1_data_ingestion_gcs_dag_v3, task_id=format_to_parquet_task, execution_date=20220210T124311, start_date=20220210T124315, end_date=20220210T124316
[2022-02-10 12:43:16,664] {local_task_job.py:154} INFO - Task exited with return code 0
[2022-02-10 12:43:16,828] {local_task_job.py:264} INFO - 1 downstream tasks scheduled from follow-on schedule check
