[2022-02-02 18:17:55,741] {taskinstance.py:1032} INFO - Dependencies all met for <TaskInstance: ex_1_data_ingestion_gcs_dag_v3.format_to_parquet_task scheduled__2019-05-01T00:00:00+00:00 [queued]>
[2022-02-02 18:17:55,755] {taskinstance.py:1032} INFO - Dependencies all met for <TaskInstance: ex_1_data_ingestion_gcs_dag_v3.format_to_parquet_task scheduled__2019-05-01T00:00:00+00:00 [queued]>
[2022-02-02 18:17:55,756] {taskinstance.py:1238} INFO - 
--------------------------------------------------------------------------------
[2022-02-02 18:17:55,757] {taskinstance.py:1239} INFO - Starting attempt 1 of 1
[2022-02-02 18:17:55,758] {taskinstance.py:1240} INFO - 
--------------------------------------------------------------------------------
[2022-02-02 18:17:55,771] {taskinstance.py:1259} INFO - Executing <Task(PythonOperator): format_to_parquet_task> on 2019-05-01 00:00:00+00:00
[2022-02-02 18:17:55,777] {standard_task_runner.py:52} INFO - Started process 8855 to run task
[2022-02-02 18:17:55,785] {standard_task_runner.py:76} INFO - Running: ['***', 'tasks', 'run', 'ex_1_data_ingestion_gcs_dag_v3', 'format_to_parquet_task', 'scheduled__2019-05-01T00:00:00+00:00', '--job-id', '317', '--raw', '--subdir', 'DAGS_FOLDER/data_ingestion_hw_1_ex.py', '--cfg-path', '/tmp/tmpef_yx5o3', '--error-file', '/tmp/tmp6gv6s31f']
[2022-02-02 18:17:55,788] {standard_task_runner.py:77} INFO - Job 317: Subtask format_to_parquet_task
[2022-02-02 18:17:55,928] {logging_mixin.py:109} INFO - Running <TaskInstance: ex_1_data_ingestion_gcs_dag_v3.format_to_parquet_task scheduled__2019-05-01T00:00:00+00:00 [running]> on host 700aeb16bae0
[2022-02-02 18:17:55,988] {warnings.py:110} WARNING - /home/***/.local/lib/python3.7/site-packages/***/utils/context.py:152: AirflowContextDeprecationWarning: Accessing 'execution_date' from the template is deprecated and will be removed in a future version. Please use 'data_interval_start' or 'logical_date' instead.
  warnings.warn(_create_deprecation_warning(key, self._deprecation_replacements[key]))

[2022-02-02 18:17:56,023] {taskinstance.py:1426} INFO - Exporting the following env vars:
AIRFLOW_CTX_DAG_OWNER=***
AIRFLOW_CTX_DAG_ID=ex_1_data_ingestion_gcs_dag_v3
AIRFLOW_CTX_TASK_ID=format_to_parquet_task
AIRFLOW_CTX_EXECUTION_DATE=2019-05-01T00:00:00+00:00
AIRFLOW_CTX_DAG_RUN_ID=scheduled__2019-05-01T00:00:00+00:00
[2022-02-02 18:18:05,872] {python.py:175} INFO - Done. Returned value was: None
[2022-02-02 18:18:05,906] {taskinstance.py:1277} INFO - Marking task as SUCCESS. dag_id=ex_1_data_ingestion_gcs_dag_v3, task_id=format_to_parquet_task, execution_date=20190501T000000, start_date=20220202T181755, end_date=20220202T181805
[2022-02-02 18:18:06,112] {local_task_job.py:212} WARNING - State of this instance has been externally set to success. Terminating instance.
[2022-02-02 18:18:06,123] {process_utils.py:124} INFO - Sending Signals.SIGTERM to group 8855. PIDs of all processes in the group: [8855]
[2022-02-02 18:18:06,134] {process_utils.py:75} INFO - Sending the signal Signals.SIGTERM to group 8855
[2022-02-02 18:18:07,014] {process_utils.py:70} INFO - Process psutil.Process(pid=8855, status='terminated', exitcode=0, started='18:17:55') (8855) terminated with exit code 0
