[2022-02-10 17:28:04,942] {taskinstance.py:1032} INFO - Dependencies all met for <TaskInstance: ex_1_data_ingestion_gcs_dag_v3.local_to_gcs_task scheduled__2019-08-01T00:00:00+00:00 [queued]>
[2022-02-10 17:28:04,958] {taskinstance.py:1032} INFO - Dependencies all met for <TaskInstance: ex_1_data_ingestion_gcs_dag_v3.local_to_gcs_task scheduled__2019-08-01T00:00:00+00:00 [queued]>
[2022-02-10 17:28:04,959] {taskinstance.py:1238} INFO - 
--------------------------------------------------------------------------------
[2022-02-10 17:28:04,959] {taskinstance.py:1239} INFO - Starting attempt 3 of 3
[2022-02-10 17:28:04,960] {taskinstance.py:1240} INFO - 
--------------------------------------------------------------------------------
[2022-02-10 17:28:04,977] {taskinstance.py:1259} INFO - Executing <Task(PythonOperator): local_to_gcs_task> on 2019-08-01 00:00:00+00:00
[2022-02-10 17:28:04,987] {standard_task_runner.py:52} INFO - Started process 3058 to run task
[2022-02-10 17:28:04,994] {standard_task_runner.py:76} INFO - Running: ['***', 'tasks', 'run', 'ex_1_data_ingestion_gcs_dag_v3', 'local_to_gcs_task', 'scheduled__2019-08-01T00:00:00+00:00', '--job-id', '1024', '--raw', '--subdir', 'DAGS_FOLDER/data_ingestion_hw_1_ex.py', '--cfg-path', '/tmp/tmpl_fd0go8', '--error-file', '/tmp/tmpcfy2f9ch']
[2022-02-10 17:28:04,997] {standard_task_runner.py:77} INFO - Job 1024: Subtask local_to_gcs_task
[2022-02-10 17:28:05,100] {logging_mixin.py:109} INFO - Running <TaskInstance: ex_1_data_ingestion_gcs_dag_v3.local_to_gcs_task scheduled__2019-08-01T00:00:00+00:00 [running]> on host 106a34111faf
[2022-02-10 17:28:05,186] {warnings.py:110} WARNING - /home/***/.local/lib/python3.7/site-packages/***/utils/context.py:152: AirflowContextDeprecationWarning: Accessing 'execution_date' from the template is deprecated and will be removed in a future version. Please use 'data_interval_start' or 'logical_date' instead.
  warnings.warn(_create_deprecation_warning(key, self._deprecation_replacements[key]))

[2022-02-10 17:28:05,229] {taskinstance.py:1426} INFO - Exporting the following env vars:
AIRFLOW_CTX_DAG_OWNER=***
AIRFLOW_CTX_DAG_ID=ex_1_data_ingestion_gcs_dag_v3
AIRFLOW_CTX_TASK_ID=local_to_gcs_task
AIRFLOW_CTX_EXECUTION_DATE=2019-08-01T00:00:00+00:00
AIRFLOW_CTX_DAG_RUN_ID=scheduled__2019-08-01T00:00:00+00:00
[2022-02-10 17:29:13,422] {python.py:175} INFO - Done. Returned value was: None
[2022-02-10 17:29:13,570] {taskinstance.py:1277} INFO - Marking task as SUCCESS. dag_id=ex_1_data_ingestion_gcs_dag_v3, task_id=local_to_gcs_task, execution_date=20190801T000000, start_date=20220210T172804, end_date=20220210T172913
[2022-02-10 17:29:13,800] {local_task_job.py:154} INFO - Task exited with return code 0
[2022-02-10 17:29:13,885] {local_task_job.py:264} INFO - 0 downstream tasks scheduled from follow-on schedule check
