[2022-02-01 17:31:30,168] {taskinstance.py:1032} INFO - Dependencies all met for <TaskInstance: LocalIngestionDag.ingest scheduled__2021-10-02T06:00:00+00:00 [queued]>
[2022-02-01 17:31:30,192] {taskinstance.py:1032} INFO - Dependencies all met for <TaskInstance: LocalIngestionDag.ingest scheduled__2021-10-02T06:00:00+00:00 [queued]>
[2022-02-01 17:31:30,194] {taskinstance.py:1238} INFO - 
--------------------------------------------------------------------------------
[2022-02-01 17:31:30,195] {taskinstance.py:1239} INFO - Starting attempt 1 of 1
[2022-02-01 17:31:30,197] {taskinstance.py:1240} INFO - 
--------------------------------------------------------------------------------
[2022-02-01 17:31:30,224] {taskinstance.py:1259} INFO - Executing <Task(BashOperator): ingest> on 2021-10-02 06:00:00+00:00
[2022-02-01 17:31:30,233] {standard_task_runner.py:52} INFO - Started process 813 to run task
[2022-02-01 17:31:30,254] {standard_task_runner.py:76} INFO - Running: ['***', 'tasks', 'run', 'LocalIngestionDag', 'ingest', 'scheduled__2021-10-02T06:00:00+00:00', '--job-id', '59', '--raw', '--subdir', 'DAGS_FOLDER/data_ingestion_local.py', '--cfg-path', '/tmp/tmpd8282z3h', '--error-file', '/tmp/tmpwg4e83_t']
[2022-02-01 17:31:30,256] {standard_task_runner.py:77} INFO - Job 59: Subtask ingest
[2022-02-01 17:31:30,428] {logging_mixin.py:109} INFO - Running <TaskInstance: LocalIngestionDag.ingest scheduled__2021-10-02T06:00:00+00:00 [running]> on host c2ae942a63f5
[2022-02-01 17:31:30,553] {taskinstance.py:1426} INFO - Exporting the following env vars:
AIRFLOW_CTX_DAG_OWNER=***
AIRFLOW_CTX_DAG_ID=LocalIngestionDag
AIRFLOW_CTX_TASK_ID=ingest
AIRFLOW_CTX_EXECUTION_DATE=2021-10-02T06:00:00+00:00
AIRFLOW_CTX_DAG_RUN_ID=scheduled__2021-10-02T06:00:00+00:00
[2022-02-01 17:31:30,557] {subprocess.py:62} INFO - Tmp dir root location: 
 /tmp
[2022-02-01 17:31:30,559] {subprocess.py:74} INFO - Running command: ['bash', '-c', 'pwd']
[2022-02-01 17:31:30,572] {subprocess.py:85} INFO - Output:
[2022-02-01 17:31:30,574] {subprocess.py:89} INFO - /tmp/***tmpr_agls87
[2022-02-01 17:31:30,575] {subprocess.py:93} INFO - Command exited with return code 0
[2022-02-01 17:31:30,623] {taskinstance.py:1277} INFO - Marking task as SUCCESS. dag_id=LocalIngestionDag, task_id=ingest, execution_date=20211002T060000, start_date=20220201T173130, end_date=20220201T173130
[2022-02-01 17:31:30,709] {local_task_job.py:154} INFO - Task exited with return code 0
[2022-02-01 17:31:30,777] {local_task_job.py:264} INFO - 0 downstream tasks scheduled from follow-on schedule check
