[2022-02-03 14:52:50,795] {taskinstance.py:1032} INFO - Dependencies all met for <TaskInstance: FHV_data_ingestion_gcs_dag.format_to_parquet_task scheduled__2020-04-01T00:00:00+00:00 [queued]>
[2022-02-03 14:52:50,821] {taskinstance.py:1032} INFO - Dependencies all met for <TaskInstance: FHV_data_ingestion_gcs_dag.format_to_parquet_task scheduled__2020-04-01T00:00:00+00:00 [queued]>
[2022-02-03 14:52:50,823] {taskinstance.py:1238} INFO - 
--------------------------------------------------------------------------------
[2022-02-03 14:52:50,824] {taskinstance.py:1239} INFO - Starting attempt 1 of 1
[2022-02-03 14:52:50,825] {taskinstance.py:1240} INFO - 
--------------------------------------------------------------------------------
[2022-02-03 14:52:50,862] {taskinstance.py:1259} INFO - Executing <Task(PythonOperator): format_to_parquet_task> on 2020-04-01 00:00:00+00:00
[2022-02-03 14:52:50,874] {standard_task_runner.py:52} INFO - Started process 1740 to run task
[2022-02-03 14:52:50,883] {standard_task_runner.py:76} INFO - Running: ['***', 'tasks', 'run', 'FHV_data_ingestion_gcs_dag', 'format_to_parquet_task', 'scheduled__2020-04-01T00:00:00+00:00', '--job-id', '476', '--raw', '--subdir', 'DAGS_FOLDER/FHV_injection_dag.py', '--cfg-path', '/tmp/tmp38c4ck45', '--error-file', '/tmp/tmpqhm7fi4v']
[2022-02-03 14:52:50,886] {standard_task_runner.py:77} INFO - Job 476: Subtask format_to_parquet_task
[2022-02-03 14:52:51,032] {logging_mixin.py:109} INFO - Running <TaskInstance: FHV_data_ingestion_gcs_dag.format_to_parquet_task scheduled__2020-04-01T00:00:00+00:00 [running]> on host 700aeb16bae0
[2022-02-03 14:52:51,111] {warnings.py:110} WARNING - /home/***/.local/lib/python3.7/site-packages/***/utils/context.py:152: AirflowContextDeprecationWarning: Accessing 'execution_date' from the template is deprecated and will be removed in a future version. Please use 'data_interval_start' or 'logical_date' instead.
  warnings.warn(_create_deprecation_warning(key, self._deprecation_replacements[key]))

[2022-02-03 14:52:51,154] {taskinstance.py:1426} INFO - Exporting the following env vars:
AIRFLOW_CTX_DAG_OWNER=***
AIRFLOW_CTX_DAG_ID=FHV_data_ingestion_gcs_dag
AIRFLOW_CTX_TASK_ID=format_to_parquet_task
AIRFLOW_CTX_EXECUTION_DATE=2020-04-01T00:00:00+00:00
AIRFLOW_CTX_DAG_RUN_ID=scheduled__2020-04-01T00:00:00+00:00
[2022-02-03 14:52:51,712] {python.py:175} INFO - Done. Returned value was: None
[2022-02-03 14:52:51,747] {taskinstance.py:1277} INFO - Marking task as SUCCESS. dag_id=FHV_data_ingestion_gcs_dag, task_id=format_to_parquet_task, execution_date=20200401T000000, start_date=20220203T145250, end_date=20220203T145251
[2022-02-03 14:52:51,826] {local_task_job.py:154} INFO - Task exited with return code 0
[2022-02-03 14:52:51,904] {local_task_job.py:264} INFO - 1 downstream tasks scheduled from follow-on schedule check
[2022-02-03 15:15:18,121] {taskinstance.py:1032} INFO - Dependencies all met for <TaskInstance: FHV_data_ingestion_gcs_dag.format_to_parquet_task scheduled__2020-04-01T00:00:00+00:00 [queued]>
[2022-02-03 15:15:18,134] {taskinstance.py:1032} INFO - Dependencies all met for <TaskInstance: FHV_data_ingestion_gcs_dag.format_to_parquet_task scheduled__2020-04-01T00:00:00+00:00 [queued]>
[2022-02-03 15:15:18,135] {taskinstance.py:1238} INFO - 
--------------------------------------------------------------------------------
[2022-02-03 15:15:18,136] {taskinstance.py:1239} INFO - Starting attempt 1 of 1
[2022-02-03 15:15:18,137] {taskinstance.py:1240} INFO - 
--------------------------------------------------------------------------------
[2022-02-03 15:15:18,148] {taskinstance.py:1259} INFO - Executing <Task(PythonOperator): format_to_parquet_task> on 2020-04-01 00:00:00+00:00
[2022-02-03 15:15:18,153] {standard_task_runner.py:52} INFO - Started process 3202 to run task
[2022-02-03 15:15:18,157] {standard_task_runner.py:76} INFO - Running: ['***', 'tasks', 'run', 'FHV_data_ingestion_gcs_dag', 'format_to_parquet_task', 'scheduled__2020-04-01T00:00:00+00:00', '--job-id', '574', '--raw', '--subdir', 'DAGS_FOLDER/FHV_injection_dag.py', '--cfg-path', '/tmp/tmpircpcodb', '--error-file', '/tmp/tmpbnwk7mvx']
[2022-02-03 15:15:18,159] {standard_task_runner.py:77} INFO - Job 574: Subtask format_to_parquet_task
[2022-02-03 15:15:18,235] {logging_mixin.py:109} INFO - Running <TaskInstance: FHV_data_ingestion_gcs_dag.format_to_parquet_task scheduled__2020-04-01T00:00:00+00:00 [running]> on host 700aeb16bae0
[2022-02-03 15:15:18,281] {warnings.py:110} WARNING - /home/***/.local/lib/python3.7/site-packages/***/utils/context.py:152: AirflowContextDeprecationWarning: Accessing 'execution_date' from the template is deprecated and will be removed in a future version. Please use 'data_interval_start' or 'logical_date' instead.
  warnings.warn(_create_deprecation_warning(key, self._deprecation_replacements[key]))

[2022-02-03 15:15:18,309] {taskinstance.py:1426} INFO - Exporting the following env vars:
AIRFLOW_CTX_DAG_OWNER=***
AIRFLOW_CTX_DAG_ID=FHV_data_ingestion_gcs_dag
AIRFLOW_CTX_TASK_ID=format_to_parquet_task
AIRFLOW_CTX_EXECUTION_DATE=2020-04-01T00:00:00+00:00
AIRFLOW_CTX_DAG_RUN_ID=scheduled__2020-04-01T00:00:00+00:00
[2022-02-03 15:15:18,600] {python.py:175} INFO - Done. Returned value was: None
[2022-02-03 15:15:18,614] {taskinstance.py:1277} INFO - Marking task as SUCCESS. dag_id=FHV_data_ingestion_gcs_dag, task_id=format_to_parquet_task, execution_date=20200401T000000, start_date=20220203T151518, end_date=20220203T151518
[2022-02-03 15:15:18,699] {local_task_job.py:154} INFO - Task exited with return code 0
[2022-02-03 15:15:18,732] {local_task_job.py:264} INFO - 1 downstream tasks scheduled from follow-on schedule check
