[2022-02-02 17:32:23,286] {taskinstance.py:1032} INFO - Dependencies all met for <TaskInstance: ex_1_data_ingestion_gcs_dag.format_to_parquet_task scheduled__2019-01-01T00:00:00+00:00 [queued]>
[2022-02-02 17:32:23,303] {taskinstance.py:1032} INFO - Dependencies all met for <TaskInstance: ex_1_data_ingestion_gcs_dag.format_to_parquet_task scheduled__2019-01-01T00:00:00+00:00 [queued]>
[2022-02-02 17:32:23,304] {taskinstance.py:1238} INFO - 
--------------------------------------------------------------------------------
[2022-02-02 17:32:23,304] {taskinstance.py:1239} INFO - Starting attempt 2 of 2
[2022-02-02 17:32:23,305] {taskinstance.py:1240} INFO - 
--------------------------------------------------------------------------------
[2022-02-02 17:32:23,316] {taskinstance.py:1259} INFO - Executing <Task(PythonOperator): format_to_parquet_task> on 2019-01-01 00:00:00+00:00
[2022-02-02 17:32:23,322] {standard_task_runner.py:52} INFO - Started process 6251 to run task
[2022-02-02 17:32:23,327] {standard_task_runner.py:76} INFO - Running: ['***', 'tasks', 'run', 'ex_1_data_ingestion_gcs_dag', 'format_to_parquet_task', 'scheduled__2019-01-01T00:00:00+00:00', '--job-id', '204', '--raw', '--subdir', 'DAGS_FOLDER/data_ingestion_hw_1_ex.py', '--cfg-path', '/tmp/tmpppak9twq', '--error-file', '/tmp/tmpkjbi__t6']
[2022-02-02 17:32:23,329] {standard_task_runner.py:77} INFO - Job 204: Subtask format_to_parquet_task
[2022-02-02 17:32:23,396] {logging_mixin.py:109} INFO - Running <TaskInstance: ex_1_data_ingestion_gcs_dag.format_to_parquet_task scheduled__2019-01-01T00:00:00+00:00 [running]> on host 700aeb16bae0
[2022-02-02 17:32:23,434] {warnings.py:110} WARNING - /home/***/.local/lib/python3.7/site-packages/***/utils/context.py:152: AirflowContextDeprecationWarning: Accessing 'execution_date' from the template is deprecated and will be removed in a future version. Please use 'data_interval_start' or 'logical_date' instead.
  warnings.warn(_create_deprecation_warning(key, self._deprecation_replacements[key]))

[2022-02-02 17:32:23,458] {taskinstance.py:1426} INFO - Exporting the following env vars:
AIRFLOW_CTX_DAG_OWNER=***
AIRFLOW_CTX_DAG_ID=ex_1_data_ingestion_gcs_dag
AIRFLOW_CTX_TASK_ID=format_to_parquet_task
AIRFLOW_CTX_EXECUTION_DATE=2019-01-01T00:00:00+00:00
AIRFLOW_CTX_DAG_RUN_ID=scheduled__2019-01-01T00:00:00+00:00
[2022-02-02 17:32:46,897] {python.py:175} INFO - Done. Returned value was: None
[2022-02-02 17:32:46,952] {taskinstance.py:1277} INFO - Marking task as SUCCESS. dag_id=ex_1_data_ingestion_gcs_dag, task_id=format_to_parquet_task, execution_date=20190101T000000, start_date=20220202T173223, end_date=20220202T173246
[2022-02-02 17:32:48,916] {local_task_job.py:154} INFO - Task exited with return code 0
[2022-02-02 17:32:48,970] {local_task_job.py:264} INFO - 0 downstream tasks scheduled from follow-on schedule check
