[2022-02-03 14:53:39,878] {taskinstance.py:1032} INFO - Dependencies all met for <TaskInstance: FHV_data_ingestion_gcs_dag.download_dataset_task scheduled__2020-06-01T00:00:00+00:00 [queued]>
[2022-02-03 14:53:39,920] {taskinstance.py:1032} INFO - Dependencies all met for <TaskInstance: FHV_data_ingestion_gcs_dag.download_dataset_task scheduled__2020-06-01T00:00:00+00:00 [queued]>
[2022-02-03 14:53:39,922] {taskinstance.py:1238} INFO - 
--------------------------------------------------------------------------------
[2022-02-03 14:53:39,923] {taskinstance.py:1239} INFO - Starting attempt 1 of 1
[2022-02-03 14:53:39,925] {taskinstance.py:1240} INFO - 
--------------------------------------------------------------------------------
[2022-02-03 14:53:39,976] {taskinstance.py:1259} INFO - Executing <Task(BashOperator): download_dataset_task> on 2020-06-01 00:00:00+00:00
[2022-02-03 14:53:39,989] {standard_task_runner.py:52} INFO - Started process 1805 to run task
[2022-02-03 14:53:39,997] {standard_task_runner.py:76} INFO - Running: ['***', 'tasks', 'run', 'FHV_data_ingestion_gcs_dag', 'download_dataset_task', 'scheduled__2020-06-01T00:00:00+00:00', '--job-id', '483', '--raw', '--subdir', 'DAGS_FOLDER/FHV_injection_dag.py', '--cfg-path', '/tmp/tmpumwhb3pm', '--error-file', '/tmp/tmphpr7eosh']
[2022-02-03 14:53:40,001] {standard_task_runner.py:77} INFO - Job 483: Subtask download_dataset_task
[2022-02-03 14:53:40,215] {logging_mixin.py:109} INFO - Running <TaskInstance: FHV_data_ingestion_gcs_dag.download_dataset_task scheduled__2020-06-01T00:00:00+00:00 [running]> on host 700aeb16bae0
[2022-02-03 14:53:40,330] {warnings.py:110} WARNING - /home/***/.local/lib/python3.7/site-packages/***/utils/context.py:152: AirflowContextDeprecationWarning: Accessing 'execution_date' from the template is deprecated and will be removed in a future version. Please use 'data_interval_start' or 'logical_date' instead.
  warnings.warn(_create_deprecation_warning(key, self._deprecation_replacements[key]))

[2022-02-03 14:53:40,385] {taskinstance.py:1426} INFO - Exporting the following env vars:
AIRFLOW_CTX_DAG_OWNER=***
AIRFLOW_CTX_DAG_ID=FHV_data_ingestion_gcs_dag
AIRFLOW_CTX_TASK_ID=download_dataset_task
AIRFLOW_CTX_EXECUTION_DATE=2020-06-01T00:00:00+00:00
AIRFLOW_CTX_DAG_RUN_ID=scheduled__2020-06-01T00:00:00+00:00
[2022-02-03 14:53:40,389] {subprocess.py:62} INFO - Tmp dir root location: 
 /tmp
[2022-02-03 14:53:40,392] {subprocess.py:74} INFO - Running command: ['bash', '-c', 'curl -sSLf https://nyc-tlc.s3.amazonaws.com/trip+data/fhv_tripdata_2020-06.csv > /opt/***/fhv_tripdata_2020-06.csv']
[2022-02-03 14:53:40,418] {subprocess.py:85} INFO - Output:
[2022-02-03 14:53:49,277] {subprocess.py:93} INFO - Command exited with return code 0
[2022-02-03 14:53:49,323] {taskinstance.py:1277} INFO - Marking task as SUCCESS. dag_id=FHV_data_ingestion_gcs_dag, task_id=download_dataset_task, execution_date=20200601T000000, start_date=20220203T145339, end_date=20220203T145349
[2022-02-03 14:53:49,387] {local_task_job.py:154} INFO - Task exited with return code 0
[2022-02-03 14:53:49,454] {local_task_job.py:264} INFO - 1 downstream tasks scheduled from follow-on schedule check
[2022-02-03 15:15:23,049] {taskinstance.py:1032} INFO - Dependencies all met for <TaskInstance: FHV_data_ingestion_gcs_dag.download_dataset_task scheduled__2020-06-01T00:00:00+00:00 [queued]>
[2022-02-03 15:15:23,063] {taskinstance.py:1032} INFO - Dependencies all met for <TaskInstance: FHV_data_ingestion_gcs_dag.download_dataset_task scheduled__2020-06-01T00:00:00+00:00 [queued]>
[2022-02-03 15:15:23,063] {taskinstance.py:1238} INFO - 
--------------------------------------------------------------------------------
[2022-02-03 15:15:23,064] {taskinstance.py:1239} INFO - Starting attempt 1 of 1
[2022-02-03 15:15:23,065] {taskinstance.py:1240} INFO - 
--------------------------------------------------------------------------------
[2022-02-03 15:15:23,077] {taskinstance.py:1259} INFO - Executing <Task(BashOperator): download_dataset_task> on 2020-06-01 00:00:00+00:00
[2022-02-03 15:15:23,082] {standard_task_runner.py:52} INFO - Started process 3218 to run task
[2022-02-03 15:15:23,088] {standard_task_runner.py:76} INFO - Running: ['***', 'tasks', 'run', 'FHV_data_ingestion_gcs_dag', 'download_dataset_task', 'scheduled__2020-06-01T00:00:00+00:00', '--job-id', '577', '--raw', '--subdir', 'DAGS_FOLDER/FHV_injection_dag.py', '--cfg-path', '/tmp/tmp6m6n47xq', '--error-file', '/tmp/tmpusyionl8']
[2022-02-03 15:15:23,090] {standard_task_runner.py:77} INFO - Job 577: Subtask download_dataset_task
[2022-02-03 15:15:23,153] {logging_mixin.py:109} INFO - Running <TaskInstance: FHV_data_ingestion_gcs_dag.download_dataset_task scheduled__2020-06-01T00:00:00+00:00 [running]> on host 700aeb16bae0
[2022-02-03 15:15:23,190] {warnings.py:110} WARNING - /home/***/.local/lib/python3.7/site-packages/***/utils/context.py:152: AirflowContextDeprecationWarning: Accessing 'execution_date' from the template is deprecated and will be removed in a future version. Please use 'data_interval_start' or 'logical_date' instead.
  warnings.warn(_create_deprecation_warning(key, self._deprecation_replacements[key]))

[2022-02-03 15:15:23,212] {taskinstance.py:1426} INFO - Exporting the following env vars:
AIRFLOW_CTX_DAG_OWNER=***
AIRFLOW_CTX_DAG_ID=FHV_data_ingestion_gcs_dag
AIRFLOW_CTX_TASK_ID=download_dataset_task
AIRFLOW_CTX_EXECUTION_DATE=2020-06-01T00:00:00+00:00
AIRFLOW_CTX_DAG_RUN_ID=scheduled__2020-06-01T00:00:00+00:00
[2022-02-03 15:15:23,214] {subprocess.py:62} INFO - Tmp dir root location: 
 /tmp
[2022-02-03 15:15:23,215] {subprocess.py:74} INFO - Running command: ['bash', '-c', 'curl -sSLf https://nyc-tlc.s3.amazonaws.com/trip+data/fhv_tripdata_2020-06.csv > /opt/***/fhv_tripdata_2020-06.csv']
[2022-02-03 15:15:23,225] {subprocess.py:85} INFO - Output:
[2022-02-03 15:15:46,076] {subprocess.py:93} INFO - Command exited with return code 0
[2022-02-03 15:15:46,111] {taskinstance.py:1277} INFO - Marking task as SUCCESS. dag_id=FHV_data_ingestion_gcs_dag, task_id=download_dataset_task, execution_date=20200601T000000, start_date=20220203T151523, end_date=20220203T151546
[2022-02-03 15:15:46,150] {local_task_job.py:154} INFO - Task exited with return code 0
[2022-02-03 15:15:46,203] {local_task_job.py:264} INFO - 1 downstream tasks scheduled from follow-on schedule check
