[2022-02-02 19:12:14,032] {taskinstance.py:1032} INFO - Dependencies all met for <TaskInstance: ex_1_data_ingestion_gcs_dag_v3.download_dataset_task scheduled__2021-08-01T00:00:00+00:00 [queued]>
[2022-02-02 19:12:14,046] {taskinstance.py:1032} INFO - Dependencies all met for <TaskInstance: ex_1_data_ingestion_gcs_dag_v3.download_dataset_task scheduled__2021-08-01T00:00:00+00:00 [queued]>
[2022-02-02 19:12:14,047] {taskinstance.py:1238} INFO - 
--------------------------------------------------------------------------------
[2022-02-02 19:12:14,048] {taskinstance.py:1239} INFO - Starting attempt 1 of 1
[2022-02-02 19:12:14,049] {taskinstance.py:1240} INFO - 
--------------------------------------------------------------------------------
[2022-02-02 19:12:14,061] {taskinstance.py:1259} INFO - Executing <Task(BashOperator): download_dataset_task> on 2021-08-01 00:00:00+00:00
[2022-02-02 19:12:14,071] {standard_task_runner.py:52} INFO - Started process 11837 to run task
[2022-02-02 19:12:14,075] {standard_task_runner.py:76} INFO - Running: ['***', 'tasks', 'run', 'ex_1_data_ingestion_gcs_dag_v3', 'download_dataset_task', 'scheduled__2021-08-01T00:00:00+00:00', '--job-id', '395', '--raw', '--subdir', 'DAGS_FOLDER/data_ingestion_hw_1_ex.py', '--cfg-path', '/tmp/tmp2ci7dyq1', '--error-file', '/tmp/tmpmqgy7qz2']
[2022-02-02 19:12:14,077] {standard_task_runner.py:77} INFO - Job 395: Subtask download_dataset_task
[2022-02-02 19:12:14,161] {logging_mixin.py:109} INFO - Running <TaskInstance: ex_1_data_ingestion_gcs_dag_v3.download_dataset_task scheduled__2021-08-01T00:00:00+00:00 [running]> on host 700aeb16bae0
[2022-02-02 19:12:14,204] {warnings.py:110} WARNING - /home/***/.local/lib/python3.7/site-packages/***/utils/context.py:152: AirflowContextDeprecationWarning: Accessing 'execution_date' from the template is deprecated and will be removed in a future version. Please use 'data_interval_start' or 'logical_date' instead.
  warnings.warn(_create_deprecation_warning(key, self._deprecation_replacements[key]))

[2022-02-02 19:12:14,232] {taskinstance.py:1426} INFO - Exporting the following env vars:
AIRFLOW_CTX_DAG_OWNER=***
AIRFLOW_CTX_DAG_ID=ex_1_data_ingestion_gcs_dag_v3
AIRFLOW_CTX_TASK_ID=download_dataset_task
AIRFLOW_CTX_EXECUTION_DATE=2021-08-01T00:00:00+00:00
AIRFLOW_CTX_DAG_RUN_ID=scheduled__2021-08-01T00:00:00+00:00
[2022-02-02 19:12:14,235] {subprocess.py:62} INFO - Tmp dir root location: 
 /tmp
[2022-02-02 19:12:14,237] {subprocess.py:74} INFO - Running command: ['bash', '-c', 'curl -sS https://s3.amazonaws.com/nyc-tlc/trip+data/yellow_tripdata_2021-08.csv > /opt/***/yellow_tripdata_2021-08.csv']
[2022-02-02 19:12:14,255] {subprocess.py:85} INFO - Output:
[2022-02-02 19:12:14,818] {subprocess.py:93} INFO - Command exited with return code 0
[2022-02-02 19:12:14,851] {taskinstance.py:1277} INFO - Marking task as SUCCESS. dag_id=ex_1_data_ingestion_gcs_dag_v3, task_id=download_dataset_task, execution_date=20210801T000000, start_date=20220202T191214, end_date=20220202T191214
[2022-02-02 19:12:14,898] {local_task_job.py:154} INFO - Task exited with return code 0
[2022-02-02 19:12:14,946] {local_task_job.py:264} INFO - 1 downstream tasks scheduled from follow-on schedule check
