[2022-02-10 15:07:13,038] {processor.py:163} INFO - Started process (PID=44) to work on /opt/airflow/dags/data-2-gcs-dag.py
[2022-02-10 15:07:13,041] {processor.py:642} INFO - Processing file /opt/airflow/dags/data-2-gcs-dag.py for tasks to queue
[2022-02-10 15:07:13,042] {logging_mixin.py:109} INFO - [2022-02-10 15:07:13,042] {dagbag.py:500} INFO - Filling up the DagBag from /opt/airflow/dags/data-2-gcs-dag.py
[2022-02-10 15:07:15,646] {processor.py:654} INFO - DAG(s) dict_keys(['data_2_gcs_dag']) retrieved from /opt/airflow/dags/data-2-gcs-dag.py
[2022-02-10 15:07:16,290] {logging_mixin.py:109} INFO - [2022-02-10 15:07:16,290] {dag.py:2396} INFO - Sync 1 DAGs
[2022-02-10 15:07:16,349] {processor.py:171} INFO - Processing /opt/airflow/dags/data-2-gcs-dag.py took 3.350 seconds
[2022-02-10 15:07:46,512] {processor.py:163} INFO - Started process (PID=79) to work on /opt/airflow/dags/data-2-gcs-dag.py
[2022-02-10 15:07:46,515] {processor.py:642} INFO - Processing file /opt/airflow/dags/data-2-gcs-dag.py for tasks to queue
[2022-02-10 15:07:46,519] {logging_mixin.py:109} INFO - [2022-02-10 15:07:46,518] {dagbag.py:500} INFO - Filling up the DagBag from /opt/airflow/dags/data-2-gcs-dag.py
[2022-02-10 15:07:47,377] {processor.py:654} INFO - DAG(s) dict_keys(['data_2_gcs_dag']) retrieved from /opt/airflow/dags/data-2-gcs-dag.py
[2022-02-10 15:07:47,401] {logging_mixin.py:109} INFO - [2022-02-10 15:07:47,399] {dag.py:2396} INFO - Sync 1 DAGs
[2022-02-10 15:07:47,445] {processor.py:171} INFO - Processing /opt/airflow/dags/data-2-gcs-dag.py took 0.941 seconds
[2022-02-10 15:08:17,565] {processor.py:163} INFO - Started process (PID=105) to work on /opt/airflow/dags/data-2-gcs-dag.py
[2022-02-10 15:08:17,569] {processor.py:642} INFO - Processing file /opt/airflow/dags/data-2-gcs-dag.py for tasks to queue
[2022-02-10 15:08:17,571] {logging_mixin.py:109} INFO - [2022-02-10 15:08:17,571] {dagbag.py:500} INFO - Filling up the DagBag from /opt/airflow/dags/data-2-gcs-dag.py
[2022-02-10 15:08:18,870] {processor.py:654} INFO - DAG(s) dict_keys(['data_2_gcs_dag']) retrieved from /opt/airflow/dags/data-2-gcs-dag.py
[2022-02-10 15:08:18,888] {logging_mixin.py:109} INFO - [2022-02-10 15:08:18,888] {dag.py:2396} INFO - Sync 1 DAGs
[2022-02-10 15:08:18,927] {processor.py:171} INFO - Processing /opt/airflow/dags/data-2-gcs-dag.py took 1.369 seconds
[2022-02-10 15:08:49,026] {processor.py:163} INFO - Started process (PID=130) to work on /opt/airflow/dags/data-2-gcs-dag.py
[2022-02-10 15:08:49,028] {processor.py:642} INFO - Processing file /opt/airflow/dags/data-2-gcs-dag.py for tasks to queue
[2022-02-10 15:08:49,030] {logging_mixin.py:109} INFO - [2022-02-10 15:08:49,030] {dagbag.py:500} INFO - Filling up the DagBag from /opt/airflow/dags/data-2-gcs-dag.py
[2022-02-10 15:08:49,691] {processor.py:654} INFO - DAG(s) dict_keys(['data_2_gcs_dag']) retrieved from /opt/airflow/dags/data-2-gcs-dag.py
[2022-02-10 15:08:49,703] {logging_mixin.py:109} INFO - [2022-02-10 15:08:49,703] {dag.py:2396} INFO - Sync 1 DAGs
[2022-02-10 15:08:49,728] {processor.py:171} INFO - Processing /opt/airflow/dags/data-2-gcs-dag.py took 0.706 seconds
[2022-02-10 15:09:19,885] {processor.py:163} INFO - Started process (PID=166) to work on /opt/airflow/dags/data-2-gcs-dag.py
[2022-02-10 15:09:19,889] {processor.py:642} INFO - Processing file /opt/airflow/dags/data-2-gcs-dag.py for tasks to queue
[2022-02-10 15:09:19,892] {logging_mixin.py:109} INFO - [2022-02-10 15:09:19,892] {dagbag.py:500} INFO - Filling up the DagBag from /opt/airflow/dags/data-2-gcs-dag.py
[2022-02-10 15:09:20,721] {processor.py:654} INFO - DAG(s) dict_keys(['data_2_gcs_dag']) retrieved from /opt/airflow/dags/data-2-gcs-dag.py
[2022-02-10 15:09:20,738] {logging_mixin.py:109} INFO - [2022-02-10 15:09:20,737] {dag.py:2396} INFO - Sync 1 DAGs
[2022-02-10 15:09:20,770] {processor.py:171} INFO - Processing /opt/airflow/dags/data-2-gcs-dag.py took 0.890 seconds
[2022-02-10 15:09:50,871] {processor.py:163} INFO - Started process (PID=190) to work on /opt/airflow/dags/data-2-gcs-dag.py
[2022-02-10 15:09:50,875] {processor.py:642} INFO - Processing file /opt/airflow/dags/data-2-gcs-dag.py for tasks to queue
[2022-02-10 15:09:50,879] {logging_mixin.py:109} INFO - [2022-02-10 15:09:50,879] {dagbag.py:500} INFO - Filling up the DagBag from /opt/airflow/dags/data-2-gcs-dag.py
[2022-02-10 15:09:51,645] {processor.py:654} INFO - DAG(s) dict_keys(['data_2_gcs_dag']) retrieved from /opt/airflow/dags/data-2-gcs-dag.py
[2022-02-10 15:09:51,656] {logging_mixin.py:109} INFO - [2022-02-10 15:09:51,656] {dag.py:2396} INFO - Sync 1 DAGs
[2022-02-10 15:09:51,683] {processor.py:171} INFO - Processing /opt/airflow/dags/data-2-gcs-dag.py took 0.820 seconds
[2022-02-10 15:10:21,840] {processor.py:163} INFO - Started process (PID=223) to work on /opt/airflow/dags/data-2-gcs-dag.py
[2022-02-10 15:10:21,842] {processor.py:642} INFO - Processing file /opt/airflow/dags/data-2-gcs-dag.py for tasks to queue
[2022-02-10 15:10:21,844] {logging_mixin.py:109} INFO - [2022-02-10 15:10:21,844] {dagbag.py:500} INFO - Filling up the DagBag from /opt/airflow/dags/data-2-gcs-dag.py
[2022-02-10 15:10:22,505] {processor.py:654} INFO - DAG(s) dict_keys(['data_2_gcs_dag']) retrieved from /opt/airflow/dags/data-2-gcs-dag.py
[2022-02-10 15:10:22,518] {logging_mixin.py:109} INFO - [2022-02-10 15:10:22,518] {dag.py:2396} INFO - Sync 1 DAGs
[2022-02-10 15:10:22,548] {processor.py:171} INFO - Processing /opt/airflow/dags/data-2-gcs-dag.py took 0.732 seconds
[2022-02-10 15:10:52,674] {processor.py:163} INFO - Started process (PID=248) to work on /opt/airflow/dags/data-2-gcs-dag.py
[2022-02-10 15:10:52,677] {processor.py:642} INFO - Processing file /opt/airflow/dags/data-2-gcs-dag.py for tasks to queue
[2022-02-10 15:10:52,679] {logging_mixin.py:109} INFO - [2022-02-10 15:10:52,678] {dagbag.py:500} INFO - Filling up the DagBag from /opt/airflow/dags/data-2-gcs-dag.py
[2022-02-10 15:10:53,369] {processor.py:654} INFO - DAG(s) dict_keys(['data_2_gcs_dag']) retrieved from /opt/airflow/dags/data-2-gcs-dag.py
[2022-02-10 15:10:53,384] {logging_mixin.py:109} INFO - [2022-02-10 15:10:53,384] {dag.py:2396} INFO - Sync 1 DAGs
[2022-02-10 15:10:53,424] {processor.py:171} INFO - Processing /opt/airflow/dags/data-2-gcs-dag.py took 0.754 seconds
[2022-02-10 15:11:23,521] {processor.py:163} INFO - Started process (PID=284) to work on /opt/airflow/dags/data-2-gcs-dag.py
[2022-02-10 15:11:23,524] {processor.py:642} INFO - Processing file /opt/airflow/dags/data-2-gcs-dag.py for tasks to queue
[2022-02-10 15:11:23,525] {logging_mixin.py:109} INFO - [2022-02-10 15:11:23,525] {dagbag.py:500} INFO - Filling up the DagBag from /opt/airflow/dags/data-2-gcs-dag.py
[2022-02-10 15:11:24,292] {processor.py:654} INFO - DAG(s) dict_keys(['data_2_gcs_dag']) retrieved from /opt/airflow/dags/data-2-gcs-dag.py
[2022-02-10 15:11:24,307] {logging_mixin.py:109} INFO - [2022-02-10 15:11:24,307] {dag.py:2396} INFO - Sync 1 DAGs
[2022-02-10 15:11:24,341] {processor.py:171} INFO - Processing /opt/airflow/dags/data-2-gcs-dag.py took 0.823 seconds
[2022-02-10 15:11:54,440] {processor.py:163} INFO - Started process (PID=310) to work on /opt/airflow/dags/data-2-gcs-dag.py
[2022-02-10 15:11:54,443] {processor.py:642} INFO - Processing file /opt/airflow/dags/data-2-gcs-dag.py for tasks to queue
[2022-02-10 15:11:54,445] {logging_mixin.py:109} INFO - [2022-02-10 15:11:54,445] {dagbag.py:500} INFO - Filling up the DagBag from /opt/airflow/dags/data-2-gcs-dag.py
[2022-02-10 15:11:55,303] {processor.py:654} INFO - DAG(s) dict_keys(['data_2_gcs_dag']) retrieved from /opt/airflow/dags/data-2-gcs-dag.py
[2022-02-10 15:11:55,317] {logging_mixin.py:109} INFO - [2022-02-10 15:11:55,317] {dag.py:2396} INFO - Sync 1 DAGs
[2022-02-10 15:11:55,352] {processor.py:171} INFO - Processing /opt/airflow/dags/data-2-gcs-dag.py took 0.917 seconds
[2022-02-10 15:12:25,536] {processor.py:163} INFO - Started process (PID=344) to work on /opt/airflow/dags/data-2-gcs-dag.py
[2022-02-10 15:12:25,540] {processor.py:642} INFO - Processing file /opt/airflow/dags/data-2-gcs-dag.py for tasks to queue
[2022-02-10 15:12:25,542] {logging_mixin.py:109} INFO - [2022-02-10 15:12:25,542] {dagbag.py:500} INFO - Filling up the DagBag from /opt/airflow/dags/data-2-gcs-dag.py
[2022-02-10 15:12:26,316] {processor.py:654} INFO - DAG(s) dict_keys(['data_2_gcs_dag']) retrieved from /opt/airflow/dags/data-2-gcs-dag.py
[2022-02-10 15:12:26,328] {logging_mixin.py:109} INFO - [2022-02-10 15:12:26,327] {dag.py:2396} INFO - Sync 1 DAGs
[2022-02-10 15:12:26,345] {logging_mixin.py:109} INFO - [2022-02-10 15:12:26,344] {dag.py:2935} INFO - Setting next_dagrun for data_2_gcs_dag to 2022-02-10T00:00:00+00:00
[2022-02-10 15:12:26,357] {processor.py:171} INFO - Processing /opt/airflow/dags/data-2-gcs-dag.py took 0.824 seconds
[2022-02-10 15:12:56,480] {processor.py:163} INFO - Started process (PID=369) to work on /opt/airflow/dags/data-2-gcs-dag.py
[2022-02-10 15:12:56,484] {processor.py:642} INFO - Processing file /opt/airflow/dags/data-2-gcs-dag.py for tasks to queue
[2022-02-10 15:12:56,485] {logging_mixin.py:109} INFO - [2022-02-10 15:12:56,485] {dagbag.py:500} INFO - Filling up the DagBag from /opt/airflow/dags/data-2-gcs-dag.py
[2022-02-10 15:12:57,330] {processor.py:654} INFO - DAG(s) dict_keys(['data_2_gcs_dag']) retrieved from /opt/airflow/dags/data-2-gcs-dag.py
[2022-02-10 15:12:57,344] {logging_mixin.py:109} INFO - [2022-02-10 15:12:57,344] {dag.py:2396} INFO - Sync 1 DAGs
[2022-02-10 15:12:57,367] {logging_mixin.py:109} INFO - [2022-02-10 15:12:57,367] {dag.py:2935} INFO - Setting next_dagrun for data_2_gcs_dag to 2022-02-10T00:00:00+00:00
[2022-02-10 15:12:57,382] {processor.py:171} INFO - Processing /opt/airflow/dags/data-2-gcs-dag.py took 0.906 seconds
[2022-02-10 15:13:27,479] {processor.py:163} INFO - Started process (PID=404) to work on /opt/airflow/dags/data-2-gcs-dag.py
[2022-02-10 15:13:27,482] {processor.py:642} INFO - Processing file /opt/airflow/dags/data-2-gcs-dag.py for tasks to queue
[2022-02-10 15:13:27,484] {logging_mixin.py:109} INFO - [2022-02-10 15:13:27,484] {dagbag.py:500} INFO - Filling up the DagBag from /opt/airflow/dags/data-2-gcs-dag.py
[2022-02-10 15:13:28,234] {processor.py:654} INFO - DAG(s) dict_keys(['data_2_gcs_dag']) retrieved from /opt/airflow/dags/data-2-gcs-dag.py
[2022-02-10 15:13:28,249] {logging_mixin.py:109} INFO - [2022-02-10 15:13:28,249] {dag.py:2396} INFO - Sync 1 DAGs
[2022-02-10 15:13:28,272] {processor.py:171} INFO - Processing /opt/airflow/dags/data-2-gcs-dag.py took 0.798 seconds
[2022-02-10 15:13:58,367] {processor.py:163} INFO - Started process (PID=430) to work on /opt/airflow/dags/data-2-gcs-dag.py
[2022-02-10 15:13:58,370] {processor.py:642} INFO - Processing file /opt/airflow/dags/data-2-gcs-dag.py for tasks to queue
[2022-02-10 15:13:58,372] {logging_mixin.py:109} INFO - [2022-02-10 15:13:58,372] {dagbag.py:500} INFO - Filling up the DagBag from /opt/airflow/dags/data-2-gcs-dag.py
[2022-02-10 15:13:59,174] {processor.py:654} INFO - DAG(s) dict_keys(['data_2_gcs_dag']) retrieved from /opt/airflow/dags/data-2-gcs-dag.py
[2022-02-10 15:13:59,191] {logging_mixin.py:109} INFO - [2022-02-10 15:13:59,191] {dag.py:2396} INFO - Sync 1 DAGs
[2022-02-10 15:13:59,222] {processor.py:171} INFO - Processing /opt/airflow/dags/data-2-gcs-dag.py took 0.859 seconds
[2022-02-10 15:14:29,352] {processor.py:163} INFO - Started process (PID=467) to work on /opt/airflow/dags/data-2-gcs-dag.py
[2022-02-10 15:14:29,355] {processor.py:642} INFO - Processing file /opt/airflow/dags/data-2-gcs-dag.py for tasks to queue
[2022-02-10 15:14:29,357] {logging_mixin.py:109} INFO - [2022-02-10 15:14:29,357] {dagbag.py:500} INFO - Filling up the DagBag from /opt/airflow/dags/data-2-gcs-dag.py
[2022-02-10 15:14:30,074] {processor.py:654} INFO - DAG(s) dict_keys(['data_2_gcs_dag']) retrieved from /opt/airflow/dags/data-2-gcs-dag.py
[2022-02-10 15:14:30,084] {logging_mixin.py:109} INFO - [2022-02-10 15:14:30,084] {dag.py:2396} INFO - Sync 1 DAGs
[2022-02-10 15:14:30,122] {processor.py:171} INFO - Processing /opt/airflow/dags/data-2-gcs-dag.py took 0.775 seconds
[2022-02-10 15:14:40,971] {processor.py:163} INFO - Started process (PID=482) to work on /opt/airflow/dags/data-2-gcs-dag.py
[2022-02-10 15:14:40,973] {processor.py:642} INFO - Processing file /opt/airflow/dags/data-2-gcs-dag.py for tasks to queue
[2022-02-10 15:14:40,975] {logging_mixin.py:109} INFO - [2022-02-10 15:14:40,974] {dagbag.py:500} INFO - Filling up the DagBag from /opt/airflow/dags/data-2-gcs-dag.py
[2022-02-10 15:14:41,695] {processor.py:654} INFO - DAG(s) dict_keys(['data_2_gcs_dag']) retrieved from /opt/airflow/dags/data-2-gcs-dag.py
[2022-02-10 15:14:41,978] {logging_mixin.py:109} INFO - [2022-02-10 15:14:41,978] {dag.py:2396} INFO - Sync 1 DAGs
[2022-02-10 15:14:42,017] {processor.py:171} INFO - Processing /opt/airflow/dags/data-2-gcs-dag.py took 1.050 seconds
[2022-02-10 15:15:12,147] {processor.py:163} INFO - Started process (PID=506) to work on /opt/airflow/dags/data-2-gcs-dag.py
[2022-02-10 15:15:12,149] {processor.py:642} INFO - Processing file /opt/airflow/dags/data-2-gcs-dag.py for tasks to queue
[2022-02-10 15:15:12,151] {logging_mixin.py:109} INFO - [2022-02-10 15:15:12,151] {dagbag.py:500} INFO - Filling up the DagBag from /opt/airflow/dags/data-2-gcs-dag.py
[2022-02-10 15:15:12,912] {processor.py:654} INFO - DAG(s) dict_keys(['data_2_gcs_dag']) retrieved from /opt/airflow/dags/data-2-gcs-dag.py
[2022-02-10 15:15:12,921] {logging_mixin.py:109} INFO - [2022-02-10 15:15:12,921] {dag.py:2396} INFO - Sync 1 DAGs
[2022-02-10 15:15:12,942] {processor.py:171} INFO - Processing /opt/airflow/dags/data-2-gcs-dag.py took 0.800 seconds
[2022-02-10 15:15:13,989] {processor.py:163} INFO - Started process (PID=511) to work on /opt/airflow/dags/data-2-gcs-dag.py
[2022-02-10 15:15:13,992] {processor.py:642} INFO - Processing file /opt/airflow/dags/data-2-gcs-dag.py for tasks to queue
[2022-02-10 15:15:13,995] {logging_mixin.py:109} INFO - [2022-02-10 15:15:13,994] {dagbag.py:500} INFO - Filling up the DagBag from /opt/airflow/dags/data-2-gcs-dag.py
[2022-02-10 15:15:14,953] {processor.py:654} INFO - DAG(s) dict_keys(['data_2_gcs_dag']) retrieved from /opt/airflow/dags/data-2-gcs-dag.py
[2022-02-10 15:15:14,968] {logging_mixin.py:109} INFO - [2022-02-10 15:15:14,968] {dag.py:2396} INFO - Sync 1 DAGs
[2022-02-10 15:15:15,007] {processor.py:171} INFO - Processing /opt/airflow/dags/data-2-gcs-dag.py took 1.022 seconds
[2022-02-10 15:15:45,278] {processor.py:163} INFO - Started process (PID=545) to work on /opt/airflow/dags/data-2-gcs-dag.py
[2022-02-10 15:15:45,281] {processor.py:642} INFO - Processing file /opt/airflow/dags/data-2-gcs-dag.py for tasks to queue
[2022-02-10 15:15:45,284] {logging_mixin.py:109} INFO - [2022-02-10 15:15:45,284] {dagbag.py:500} INFO - Filling up the DagBag from /opt/airflow/dags/data-2-gcs-dag.py
[2022-02-10 15:15:46,337] {processor.py:654} INFO - DAG(s) dict_keys(['data_2_gcs_dag']) retrieved from /opt/airflow/dags/data-2-gcs-dag.py
[2022-02-10 15:15:46,350] {logging_mixin.py:109} INFO - [2022-02-10 15:15:46,350] {dag.py:2396} INFO - Sync 1 DAGs
[2022-02-10 15:15:46,382] {processor.py:171} INFO - Processing /opt/airflow/dags/data-2-gcs-dag.py took 1.150 seconds
[2022-02-10 15:16:16,491] {processor.py:163} INFO - Started process (PID=573) to work on /opt/airflow/dags/data-2-gcs-dag.py
[2022-02-10 15:16:16,493] {processor.py:642} INFO - Processing file /opt/airflow/dags/data-2-gcs-dag.py for tasks to queue
[2022-02-10 15:16:16,496] {logging_mixin.py:109} INFO - [2022-02-10 15:16:16,495] {dagbag.py:500} INFO - Filling up the DagBag from /opt/airflow/dags/data-2-gcs-dag.py
[2022-02-10 15:16:17,289] {processor.py:654} INFO - DAG(s) dict_keys(['data_2_gcs_dag']) retrieved from /opt/airflow/dags/data-2-gcs-dag.py
[2022-02-10 15:16:17,299] {logging_mixin.py:109} INFO - [2022-02-10 15:16:17,299] {dag.py:2396} INFO - Sync 1 DAGs
[2022-02-10 15:16:17,324] {processor.py:171} INFO - Processing /opt/airflow/dags/data-2-gcs-dag.py took 0.839 seconds
[2022-02-10 15:16:20,374] {processor.py:163} INFO - Started process (PID=578) to work on /opt/airflow/dags/data-2-gcs-dag.py
[2022-02-10 15:16:20,377] {processor.py:642} INFO - Processing file /opt/airflow/dags/data-2-gcs-dag.py for tasks to queue
[2022-02-10 15:16:20,379] {logging_mixin.py:109} INFO - [2022-02-10 15:16:20,379] {dagbag.py:500} INFO - Filling up the DagBag from /opt/airflow/dags/data-2-gcs-dag.py
[2022-02-10 15:16:21,618] {processor.py:654} INFO - DAG(s) dict_keys(['data_2_gcs_dag']) retrieved from /opt/airflow/dags/data-2-gcs-dag.py
[2022-02-10 15:16:21,635] {logging_mixin.py:109} INFO - [2022-02-10 15:16:21,635] {dag.py:2396} INFO - Sync 1 DAGs
[2022-02-10 15:16:21,673] {processor.py:171} INFO - Processing /opt/airflow/dags/data-2-gcs-dag.py took 1.303 seconds
[2022-02-10 15:16:51,763] {processor.py:163} INFO - Started process (PID=611) to work on /opt/airflow/dags/data-2-gcs-dag.py
[2022-02-10 15:16:51,766] {processor.py:642} INFO - Processing file /opt/airflow/dags/data-2-gcs-dag.py for tasks to queue
[2022-02-10 15:16:51,767] {logging_mixin.py:109} INFO - [2022-02-10 15:16:51,767] {dagbag.py:500} INFO - Filling up the DagBag from /opt/airflow/dags/data-2-gcs-dag.py
[2022-02-10 15:16:53,090] {processor.py:654} INFO - DAG(s) dict_keys(['data_2_gcs_dag']) retrieved from /opt/airflow/dags/data-2-gcs-dag.py
[2022-02-10 15:16:53,108] {logging_mixin.py:109} INFO - [2022-02-10 15:16:53,107] {dag.py:2396} INFO - Sync 1 DAGs
[2022-02-10 15:16:53,156] {processor.py:171} INFO - Processing /opt/airflow/dags/data-2-gcs-dag.py took 1.398 seconds
[2022-02-10 15:17:23,263] {processor.py:163} INFO - Started process (PID=636) to work on /opt/airflow/dags/data-2-gcs-dag.py
[2022-02-10 15:17:23,265] {processor.py:642} INFO - Processing file /opt/airflow/dags/data-2-gcs-dag.py for tasks to queue
[2022-02-10 15:17:23,267] {logging_mixin.py:109} INFO - [2022-02-10 15:17:23,267] {dagbag.py:500} INFO - Filling up the DagBag from /opt/airflow/dags/data-2-gcs-dag.py
[2022-02-10 15:17:23,969] {processor.py:654} INFO - DAG(s) dict_keys(['data_2_gcs_dag']) retrieved from /opt/airflow/dags/data-2-gcs-dag.py
[2022-02-10 15:17:23,979] {logging_mixin.py:109} INFO - [2022-02-10 15:17:23,978] {dag.py:2396} INFO - Sync 1 DAGs
[2022-02-10 15:17:24,003] {processor.py:171} INFO - Processing /opt/airflow/dags/data-2-gcs-dag.py took 0.744 seconds
[2022-02-10 15:17:47,031] {processor.py:163} INFO - Started process (PID=662) to work on /opt/airflow/dags/data-2-gcs-dag.py
[2022-02-10 15:17:47,034] {processor.py:642} INFO - Processing file /opt/airflow/dags/data-2-gcs-dag.py for tasks to queue
[2022-02-10 15:17:47,035] {logging_mixin.py:109} INFO - [2022-02-10 15:17:47,035] {dagbag.py:500} INFO - Filling up the DagBag from /opt/airflow/dags/data-2-gcs-dag.py
[2022-02-10 15:17:47,877] {processor.py:654} INFO - DAG(s) dict_keys(['data_2_gcs_dag']) retrieved from /opt/airflow/dags/data-2-gcs-dag.py
[2022-02-10 15:17:48,188] {logging_mixin.py:109} INFO - [2022-02-10 15:17:48,188] {dag.py:2396} INFO - Sync 1 DAGs
[2022-02-10 15:17:48,259] {processor.py:171} INFO - Processing /opt/airflow/dags/data-2-gcs-dag.py took 1.231 seconds
[2022-02-10 15:18:18,364] {processor.py:163} INFO - Started process (PID=698) to work on /opt/airflow/dags/data-2-gcs-dag.py
[2022-02-10 15:18:18,366] {processor.py:642} INFO - Processing file /opt/airflow/dags/data-2-gcs-dag.py for tasks to queue
[2022-02-10 15:18:18,368] {logging_mixin.py:109} INFO - [2022-02-10 15:18:18,368] {dagbag.py:500} INFO - Filling up the DagBag from /opt/airflow/dags/data-2-gcs-dag.py
[2022-02-10 15:18:19,099] {processor.py:654} INFO - DAG(s) dict_keys(['data_2_gcs_dag']) retrieved from /opt/airflow/dags/data-2-gcs-dag.py
[2022-02-10 15:18:19,113] {logging_mixin.py:109} INFO - [2022-02-10 15:18:19,113] {dag.py:2396} INFO - Sync 1 DAGs
[2022-02-10 15:18:19,140] {processor.py:171} INFO - Processing /opt/airflow/dags/data-2-gcs-dag.py took 0.781 seconds
[2022-02-10 15:18:45,232] {processor.py:163} INFO - Started process (PID=724) to work on /opt/airflow/dags/data-2-gcs-dag.py
[2022-02-10 15:18:45,235] {processor.py:642} INFO - Processing file /opt/airflow/dags/data-2-gcs-dag.py for tasks to queue
[2022-02-10 15:18:45,237] {logging_mixin.py:109} INFO - [2022-02-10 15:18:45,237] {dagbag.py:500} INFO - Filling up the DagBag from /opt/airflow/dags/data-2-gcs-dag.py
[2022-02-10 15:18:46,145] {processor.py:654} INFO - DAG(s) dict_keys(['data_2_gcs_dag']) retrieved from /opt/airflow/dags/data-2-gcs-dag.py
[2022-02-10 15:18:46,374] {logging_mixin.py:109} INFO - [2022-02-10 15:18:46,373] {dag.py:2396} INFO - Sync 1 DAGs
[2022-02-10 15:18:46,421] {logging_mixin.py:109} INFO - [2022-02-10 15:18:46,420] {dag.py:2935} INFO - Setting next_dagrun for data_2_gcs_dag to 2022-02-10T00:00:00+00:00
[2022-02-10 15:18:46,522] {processor.py:171} INFO - Processing /opt/airflow/dags/data-2-gcs-dag.py took 1.296 seconds
[2022-02-10 15:19:22,672] {processor.py:163} INFO - Started process (PID=750) to work on /opt/airflow/dags/data-2-gcs-dag.py
[2022-02-10 15:19:23,158] {processor.py:642} INFO - Processing file /opt/airflow/dags/data-2-gcs-dag.py for tasks to queue
[2022-02-10 15:19:23,287] {logging_mixin.py:109} INFO - [2022-02-10 15:19:23,286] {dagbag.py:500} INFO - Filling up the DagBag from /opt/airflow/dags/data-2-gcs-dag.py
[2022-02-10 15:19:27,258] {processor.py:654} INFO - DAG(s) dict_keys(['data_2_gcs_dag']) retrieved from /opt/airflow/dags/data-2-gcs-dag.py
[2022-02-10 15:19:27,292] {logging_mixin.py:109} INFO - [2022-02-10 15:19:27,291] {dag.py:2396} INFO - Sync 1 DAGs
[2022-02-10 15:19:27,380] {processor.py:171} INFO - Processing /opt/airflow/dags/data-2-gcs-dag.py took 5.526 seconds
[2022-02-10 15:19:57,543] {processor.py:163} INFO - Started process (PID=784) to work on /opt/airflow/dags/data-2-gcs-dag.py
[2022-02-10 15:19:57,546] {processor.py:642} INFO - Processing file /opt/airflow/dags/data-2-gcs-dag.py for tasks to queue
[2022-02-10 15:19:57,548] {logging_mixin.py:109} INFO - [2022-02-10 15:19:57,547] {dagbag.py:500} INFO - Filling up the DagBag from /opt/airflow/dags/data-2-gcs-dag.py
[2022-02-10 15:19:58,249] {processor.py:654} INFO - DAG(s) dict_keys(['data_2_gcs_dag']) retrieved from /opt/airflow/dags/data-2-gcs-dag.py
[2022-02-10 15:19:58,261] {logging_mixin.py:109} INFO - [2022-02-10 15:19:58,261] {dag.py:2396} INFO - Sync 1 DAGs
[2022-02-10 15:19:58,289] {processor.py:171} INFO - Processing /opt/airflow/dags/data-2-gcs-dag.py took 0.751 seconds
[2022-02-10 15:20:28,408] {processor.py:163} INFO - Started process (PID=811) to work on /opt/airflow/dags/data-2-gcs-dag.py
[2022-02-10 15:20:28,414] {processor.py:642} INFO - Processing file /opt/airflow/dags/data-2-gcs-dag.py for tasks to queue
[2022-02-10 15:20:28,416] {logging_mixin.py:109} INFO - [2022-02-10 15:20:28,416] {dagbag.py:500} INFO - Filling up the DagBag from /opt/airflow/dags/data-2-gcs-dag.py
[2022-02-10 15:20:29,286] {processor.py:654} INFO - DAG(s) dict_keys(['data_2_gcs_dag']) retrieved from /opt/airflow/dags/data-2-gcs-dag.py
[2022-02-10 15:20:29,303] {logging_mixin.py:109} INFO - [2022-02-10 15:20:29,302] {dag.py:2396} INFO - Sync 1 DAGs
[2022-02-10 15:20:29,332] {processor.py:171} INFO - Processing /opt/airflow/dags/data-2-gcs-dag.py took 0.933 seconds
[2022-02-10 15:20:59,455] {processor.py:163} INFO - Started process (PID=846) to work on /opt/airflow/dags/data-2-gcs-dag.py
[2022-02-10 15:20:59,459] {processor.py:642} INFO - Processing file /opt/airflow/dags/data-2-gcs-dag.py for tasks to queue
[2022-02-10 15:20:59,463] {logging_mixin.py:109} INFO - [2022-02-10 15:20:59,463] {dagbag.py:500} INFO - Filling up the DagBag from /opt/airflow/dags/data-2-gcs-dag.py
[2022-02-10 15:21:00,366] {processor.py:654} INFO - DAG(s) dict_keys(['data_2_gcs_dag']) retrieved from /opt/airflow/dags/data-2-gcs-dag.py
[2022-02-10 15:21:00,384] {logging_mixin.py:109} INFO - [2022-02-10 15:21:00,383] {dag.py:2396} INFO - Sync 1 DAGs
[2022-02-10 15:21:00,428] {processor.py:171} INFO - Processing /opt/airflow/dags/data-2-gcs-dag.py took 0.981 seconds
[2022-02-10 15:21:30,590] {processor.py:163} INFO - Started process (PID=871) to work on /opt/airflow/dags/data-2-gcs-dag.py
[2022-02-10 15:21:30,593] {processor.py:642} INFO - Processing file /opt/airflow/dags/data-2-gcs-dag.py for tasks to queue
[2022-02-10 15:21:30,595] {logging_mixin.py:109} INFO - [2022-02-10 15:21:30,595] {dagbag.py:500} INFO - Filling up the DagBag from /opt/airflow/dags/data-2-gcs-dag.py
[2022-02-10 15:21:31,464] {processor.py:654} INFO - DAG(s) dict_keys(['data_2_gcs_dag']) retrieved from /opt/airflow/dags/data-2-gcs-dag.py
[2022-02-10 15:21:31,475] {logging_mixin.py:109} INFO - [2022-02-10 15:21:31,475] {dag.py:2396} INFO - Sync 1 DAGs
[2022-02-10 15:21:31,511] {processor.py:171} INFO - Processing /opt/airflow/dags/data-2-gcs-dag.py took 0.925 seconds
[2022-02-10 15:22:01,652] {processor.py:163} INFO - Started process (PID=904) to work on /opt/airflow/dags/data-2-gcs-dag.py
[2022-02-10 15:22:01,655] {processor.py:642} INFO - Processing file /opt/airflow/dags/data-2-gcs-dag.py for tasks to queue
[2022-02-10 15:22:01,656] {logging_mixin.py:109} INFO - [2022-02-10 15:22:01,656] {dagbag.py:500} INFO - Filling up the DagBag from /opt/airflow/dags/data-2-gcs-dag.py
[2022-02-10 15:22:02,329] {processor.py:654} INFO - DAG(s) dict_keys(['data_2_gcs_dag']) retrieved from /opt/airflow/dags/data-2-gcs-dag.py
[2022-02-10 15:22:02,339] {logging_mixin.py:109} INFO - [2022-02-10 15:22:02,338] {dag.py:2396} INFO - Sync 1 DAGs
[2022-02-10 15:22:02,363] {processor.py:171} INFO - Processing /opt/airflow/dags/data-2-gcs-dag.py took 0.715 seconds
[2022-02-10 15:22:32,486] {processor.py:163} INFO - Started process (PID=928) to work on /opt/airflow/dags/data-2-gcs-dag.py
[2022-02-10 15:22:32,488] {processor.py:642} INFO - Processing file /opt/airflow/dags/data-2-gcs-dag.py for tasks to queue
[2022-02-10 15:22:32,489] {logging_mixin.py:109} INFO - [2022-02-10 15:22:32,489] {dagbag.py:500} INFO - Filling up the DagBag from /opt/airflow/dags/data-2-gcs-dag.py
[2022-02-10 15:22:33,151] {processor.py:654} INFO - DAG(s) dict_keys(['data_2_gcs_dag']) retrieved from /opt/airflow/dags/data-2-gcs-dag.py
[2022-02-10 15:22:33,160] {logging_mixin.py:109} INFO - [2022-02-10 15:22:33,160] {dag.py:2396} INFO - Sync 1 DAGs
[2022-02-10 15:22:33,193] {processor.py:171} INFO - Processing /opt/airflow/dags/data-2-gcs-dag.py took 0.711 seconds
[2022-02-10 15:23:03,284] {processor.py:163} INFO - Started process (PID=964) to work on /opt/airflow/dags/data-2-gcs-dag.py
[2022-02-10 15:23:03,286] {processor.py:642} INFO - Processing file /opt/airflow/dags/data-2-gcs-dag.py for tasks to queue
[2022-02-10 15:23:03,288] {logging_mixin.py:109} INFO - [2022-02-10 15:23:03,287] {dagbag.py:500} INFO - Filling up the DagBag from /opt/airflow/dags/data-2-gcs-dag.py
[2022-02-10 15:23:03,978] {processor.py:654} INFO - DAG(s) dict_keys(['data_2_gcs_dag']) retrieved from /opt/airflow/dags/data-2-gcs-dag.py
[2022-02-10 15:23:03,990] {logging_mixin.py:109} INFO - [2022-02-10 15:23:03,989] {dag.py:2396} INFO - Sync 1 DAGs
[2022-02-10 15:23:04,015] {processor.py:171} INFO - Processing /opt/airflow/dags/data-2-gcs-dag.py took 0.738 seconds
[2022-02-10 15:23:34,122] {processor.py:163} INFO - Started process (PID=991) to work on /opt/airflow/dags/data-2-gcs-dag.py
[2022-02-10 15:23:34,124] {processor.py:642} INFO - Processing file /opt/airflow/dags/data-2-gcs-dag.py for tasks to queue
[2022-02-10 15:23:34,126] {logging_mixin.py:109} INFO - [2022-02-10 15:23:34,126] {dagbag.py:500} INFO - Filling up the DagBag from /opt/airflow/dags/data-2-gcs-dag.py
[2022-02-10 15:23:34,819] {processor.py:654} INFO - DAG(s) dict_keys(['data_2_gcs_dag']) retrieved from /opt/airflow/dags/data-2-gcs-dag.py
[2022-02-10 15:23:34,829] {logging_mixin.py:109} INFO - [2022-02-10 15:23:34,829] {dag.py:2396} INFO - Sync 1 DAGs
[2022-02-10 15:23:34,855] {processor.py:171} INFO - Processing /opt/airflow/dags/data-2-gcs-dag.py took 0.737 seconds
[2022-02-10 15:24:04,988] {processor.py:163} INFO - Started process (PID=1026) to work on /opt/airflow/dags/data-2-gcs-dag.py
[2022-02-10 15:24:04,992] {processor.py:642} INFO - Processing file /opt/airflow/dags/data-2-gcs-dag.py for tasks to queue
[2022-02-10 15:24:04,993] {logging_mixin.py:109} INFO - [2022-02-10 15:24:04,993] {dagbag.py:500} INFO - Filling up the DagBag from /opt/airflow/dags/data-2-gcs-dag.py
[2022-02-10 15:24:05,687] {processor.py:654} INFO - DAG(s) dict_keys(['data_2_gcs_dag']) retrieved from /opt/airflow/dags/data-2-gcs-dag.py
[2022-02-10 15:24:05,697] {logging_mixin.py:109} INFO - [2022-02-10 15:24:05,697] {dag.py:2396} INFO - Sync 1 DAGs
[2022-02-10 15:24:05,722] {processor.py:171} INFO - Processing /opt/airflow/dags/data-2-gcs-dag.py took 0.738 seconds
[2022-02-10 15:24:11,248] {processor.py:163} INFO - Started process (PID=1031) to work on /opt/airflow/dags/data-2-gcs-dag.py
[2022-02-10 15:24:11,251] {processor.py:642} INFO - Processing file /opt/airflow/dags/data-2-gcs-dag.py for tasks to queue
[2022-02-10 15:24:11,252] {logging_mixin.py:109} INFO - [2022-02-10 15:24:11,252] {dagbag.py:500} INFO - Filling up the DagBag from /opt/airflow/dags/data-2-gcs-dag.py
[2022-02-10 15:24:12,791] {processor.py:654} INFO - DAG(s) dict_keys(['data_2_gcs_dag']) retrieved from /opt/airflow/dags/data-2-gcs-dag.py
[2022-02-10 15:24:12,838] {logging_mixin.py:109} INFO - [2022-02-10 15:24:12,838] {dag.py:2396} INFO - Sync 1 DAGs
[2022-02-10 15:24:12,938] {processor.py:171} INFO - Processing /opt/airflow/dags/data-2-gcs-dag.py took 1.694 seconds
[2022-02-10 15:24:43,059] {processor.py:163} INFO - Started process (PID=1069) to work on /opt/airflow/dags/data-2-gcs-dag.py
[2022-02-10 15:24:43,073] {processor.py:642} INFO - Processing file /opt/airflow/dags/data-2-gcs-dag.py for tasks to queue
[2022-02-10 15:24:43,077] {logging_mixin.py:109} INFO - [2022-02-10 15:24:43,076] {dagbag.py:500} INFO - Filling up the DagBag from /opt/airflow/dags/data-2-gcs-dag.py
[2022-02-10 15:24:44,076] {processor.py:654} INFO - DAG(s) dict_keys(['data_2_gcs_dag']) retrieved from /opt/airflow/dags/data-2-gcs-dag.py
[2022-02-10 15:24:44,088] {logging_mixin.py:109} INFO - [2022-02-10 15:24:44,088] {dag.py:2396} INFO - Sync 1 DAGs
[2022-02-10 15:24:44,107] {logging_mixin.py:109} INFO - [2022-02-10 15:24:44,107] {dag.py:2935} INFO - Setting next_dagrun for data_2_gcs_dag to 2022-02-10T00:00:00+00:00
[2022-02-10 15:24:44,125] {processor.py:171} INFO - Processing /opt/airflow/dags/data-2-gcs-dag.py took 1.073 seconds
[2022-02-10 15:50:58,095] {processor.py:163} INFO - Started process (PID=43) to work on /opt/airflow/dags/data-2-gcs-dag.py
[2022-02-10 15:50:58,100] {processor.py:642} INFO - Processing file /opt/airflow/dags/data-2-gcs-dag.py for tasks to queue
[2022-02-10 15:50:58,103] {logging_mixin.py:109} INFO - [2022-02-10 15:50:58,103] {dagbag.py:500} INFO - Filling up the DagBag from /opt/airflow/dags/data-2-gcs-dag.py
[2022-02-10 15:51:00,859] {processor.py:654} INFO - DAG(s) dict_keys(['data_2_gcs_dag']) retrieved from /opt/airflow/dags/data-2-gcs-dag.py
[2022-02-10 15:51:01,567] {logging_mixin.py:109} INFO - [2022-02-10 15:51:01,567] {dag.py:2396} INFO - Sync 1 DAGs
[2022-02-10 15:51:01,588] {logging_mixin.py:109} INFO - [2022-02-10 15:51:01,588] {dag.py:2935} INFO - Setting next_dagrun for data_2_gcs_dag to 2022-02-10T00:00:00+00:00
[2022-02-10 15:51:01,607] {processor.py:171} INFO - Processing /opt/airflow/dags/data-2-gcs-dag.py took 3.517 seconds
[2022-02-10 15:51:31,755] {processor.py:163} INFO - Started process (PID=79) to work on /opt/airflow/dags/data-2-gcs-dag.py
[2022-02-10 15:51:31,759] {processor.py:642} INFO - Processing file /opt/airflow/dags/data-2-gcs-dag.py for tasks to queue
[2022-02-10 15:51:31,761] {logging_mixin.py:109} INFO - [2022-02-10 15:51:31,761] {dagbag.py:500} INFO - Filling up the DagBag from /opt/airflow/dags/data-2-gcs-dag.py
[2022-02-10 15:51:32,478] {processor.py:654} INFO - DAG(s) dict_keys(['data_2_gcs_dag']) retrieved from /opt/airflow/dags/data-2-gcs-dag.py
[2022-02-10 15:51:32,489] {logging_mixin.py:109} INFO - [2022-02-10 15:51:32,489] {dag.py:2396} INFO - Sync 1 DAGs
[2022-02-10 15:51:32,508] {logging_mixin.py:109} INFO - [2022-02-10 15:51:32,508] {dag.py:2935} INFO - Setting next_dagrun for data_2_gcs_dag to 2022-02-10T00:00:00+00:00
[2022-02-10 15:51:32,518] {processor.py:171} INFO - Processing /opt/airflow/dags/data-2-gcs-dag.py took 0.770 seconds
[2022-02-10 15:52:02,634] {processor.py:163} INFO - Started process (PID=103) to work on /opt/airflow/dags/data-2-gcs-dag.py
[2022-02-10 15:52:02,636] {processor.py:642} INFO - Processing file /opt/airflow/dags/data-2-gcs-dag.py for tasks to queue
[2022-02-10 15:52:02,641] {logging_mixin.py:109} INFO - [2022-02-10 15:52:02,640] {dagbag.py:500} INFO - Filling up the DagBag from /opt/airflow/dags/data-2-gcs-dag.py
[2022-02-10 15:52:03,484] {processor.py:654} INFO - DAG(s) dict_keys(['data_2_gcs_dag']) retrieved from /opt/airflow/dags/data-2-gcs-dag.py
[2022-02-10 15:52:03,502] {logging_mixin.py:109} INFO - [2022-02-10 15:52:03,502] {dag.py:2396} INFO - Sync 1 DAGs
[2022-02-10 15:52:03,534] {processor.py:171} INFO - Processing /opt/airflow/dags/data-2-gcs-dag.py took 0.905 seconds
[2022-02-10 15:52:33,657] {processor.py:163} INFO - Started process (PID=138) to work on /opt/airflow/dags/data-2-gcs-dag.py
[2022-02-10 15:52:33,661] {processor.py:642} INFO - Processing file /opt/airflow/dags/data-2-gcs-dag.py for tasks to queue
[2022-02-10 15:52:33,663] {logging_mixin.py:109} INFO - [2022-02-10 15:52:33,663] {dagbag.py:500} INFO - Filling up the DagBag from /opt/airflow/dags/data-2-gcs-dag.py
[2022-02-10 15:52:34,504] {processor.py:654} INFO - DAG(s) dict_keys(['data_2_gcs_dag']) retrieved from /opt/airflow/dags/data-2-gcs-dag.py
[2022-02-10 15:52:34,516] {logging_mixin.py:109} INFO - [2022-02-10 15:52:34,516] {dag.py:2396} INFO - Sync 1 DAGs
[2022-02-10 15:52:34,543] {processor.py:171} INFO - Processing /opt/airflow/dags/data-2-gcs-dag.py took 0.890 seconds
[2022-02-10 15:53:04,688] {processor.py:163} INFO - Started process (PID=164) to work on /opt/airflow/dags/data-2-gcs-dag.py
[2022-02-10 15:53:04,691] {processor.py:642} INFO - Processing file /opt/airflow/dags/data-2-gcs-dag.py for tasks to queue
[2022-02-10 15:53:04,692] {logging_mixin.py:109} INFO - [2022-02-10 15:53:04,692] {dagbag.py:500} INFO - Filling up the DagBag from /opt/airflow/dags/data-2-gcs-dag.py
[2022-02-10 15:53:05,520] {processor.py:654} INFO - DAG(s) dict_keys(['data_2_gcs_dag']) retrieved from /opt/airflow/dags/data-2-gcs-dag.py
[2022-02-10 15:53:05,531] {logging_mixin.py:109} INFO - [2022-02-10 15:53:05,531] {dag.py:2396} INFO - Sync 1 DAGs
[2022-02-10 15:53:05,560] {processor.py:171} INFO - Processing /opt/airflow/dags/data-2-gcs-dag.py took 0.876 seconds
[2022-02-10 15:53:13,506] {processor.py:163} INFO - Started process (PID=179) to work on /opt/airflow/dags/data-2-gcs-dag.py
[2022-02-10 15:53:13,513] {processor.py:642} INFO - Processing file /opt/airflow/dags/data-2-gcs-dag.py for tasks to queue
[2022-02-10 15:53:13,515] {logging_mixin.py:109} INFO - [2022-02-10 15:53:13,515] {dagbag.py:500} INFO - Filling up the DagBag from /opt/airflow/dags/data-2-gcs-dag.py
[2022-02-10 15:53:14,985] {processor.py:654} INFO - DAG(s) dict_keys(['data_2_gcs_dag']) retrieved from /opt/airflow/dags/data-2-gcs-dag.py
[2022-02-10 15:53:15,233] {logging_mixin.py:109} INFO - [2022-02-10 15:53:15,233] {dag.py:2396} INFO - Sync 1 DAGs
[2022-02-10 15:53:15,274] {processor.py:171} INFO - Processing /opt/airflow/dags/data-2-gcs-dag.py took 1.772 seconds
[2022-02-10 15:53:45,393] {processor.py:163} INFO - Started process (PID=202) to work on /opt/airflow/dags/data-2-gcs-dag.py
[2022-02-10 15:53:45,395] {processor.py:642} INFO - Processing file /opt/airflow/dags/data-2-gcs-dag.py for tasks to queue
[2022-02-10 15:53:45,397] {logging_mixin.py:109} INFO - [2022-02-10 15:53:45,397] {dagbag.py:500} INFO - Filling up the DagBag from /opt/airflow/dags/data-2-gcs-dag.py
[2022-02-10 15:53:46,248] {processor.py:654} INFO - DAG(s) dict_keys(['data_2_gcs_dag']) retrieved from /opt/airflow/dags/data-2-gcs-dag.py
[2022-02-10 15:53:46,261] {logging_mixin.py:109} INFO - [2022-02-10 15:53:46,261] {dag.py:2396} INFO - Sync 1 DAGs
[2022-02-10 15:53:46,292] {processor.py:171} INFO - Processing /opt/airflow/dags/data-2-gcs-dag.py took 0.904 seconds
[2022-02-10 15:54:16,435] {processor.py:163} INFO - Started process (PID=238) to work on /opt/airflow/dags/data-2-gcs-dag.py
[2022-02-10 15:54:16,437] {processor.py:642} INFO - Processing file /opt/airflow/dags/data-2-gcs-dag.py for tasks to queue
[2022-02-10 15:54:16,438] {logging_mixin.py:109} INFO - [2022-02-10 15:54:16,438] {dagbag.py:500} INFO - Filling up the DagBag from /opt/airflow/dags/data-2-gcs-dag.py
[2022-02-10 15:54:17,144] {processor.py:654} INFO - DAG(s) dict_keys(['data_2_gcs_dag']) retrieved from /opt/airflow/dags/data-2-gcs-dag.py
[2022-02-10 15:54:17,157] {logging_mixin.py:109} INFO - [2022-02-10 15:54:17,157] {dag.py:2396} INFO - Sync 1 DAGs
[2022-02-10 15:54:17,193] {processor.py:171} INFO - Processing /opt/airflow/dags/data-2-gcs-dag.py took 0.762 seconds
[2022-02-10 15:54:17,788] {processor.py:163} INFO - Started process (PID=243) to work on /opt/airflow/dags/data-2-gcs-dag.py
[2022-02-10 15:54:17,792] {processor.py:642} INFO - Processing file /opt/airflow/dags/data-2-gcs-dag.py for tasks to queue
[2022-02-10 15:54:17,795] {logging_mixin.py:109} INFO - [2022-02-10 15:54:17,795] {dagbag.py:500} INFO - Filling up the DagBag from /opt/airflow/dags/data-2-gcs-dag.py
[2022-02-10 15:54:19,041] {processor.py:654} INFO - DAG(s) dict_keys(['data_2_gcs_dag']) retrieved from /opt/airflow/dags/data-2-gcs-dag.py
[2022-02-10 15:54:19,240] {logging_mixin.py:109} INFO - [2022-02-10 15:54:19,240] {dag.py:2396} INFO - Sync 1 DAGs
[2022-02-10 15:54:19,270] {processor.py:171} INFO - Processing /opt/airflow/dags/data-2-gcs-dag.py took 1.487 seconds
[2022-02-10 15:54:35,393] {processor.py:163} INFO - Started process (PID=258) to work on /opt/airflow/dags/data-2-gcs-dag.py
[2022-02-10 15:54:35,399] {processor.py:642} INFO - Processing file /opt/airflow/dags/data-2-gcs-dag.py for tasks to queue
[2022-02-10 15:54:35,402] {logging_mixin.py:109} INFO - [2022-02-10 15:54:35,402] {dagbag.py:500} INFO - Filling up the DagBag from /opt/airflow/dags/data-2-gcs-dag.py
[2022-02-10 15:54:36,763] {processor.py:654} INFO - DAG(s) dict_keys(['data_2_gcs_dag']) retrieved from /opt/airflow/dags/data-2-gcs-dag.py
[2022-02-10 15:54:36,772] {logging_mixin.py:109} INFO - [2022-02-10 15:54:36,772] {dag.py:2396} INFO - Sync 1 DAGs
[2022-02-10 15:54:36,821] {processor.py:171} INFO - Processing /opt/airflow/dags/data-2-gcs-dag.py took 1.436 seconds
[2022-02-10 15:55:06,954] {processor.py:163} INFO - Started process (PID=292) to work on /opt/airflow/dags/data-2-gcs-dag.py
[2022-02-10 15:55:06,957] {processor.py:642} INFO - Processing file /opt/airflow/dags/data-2-gcs-dag.py for tasks to queue
[2022-02-10 15:55:06,958] {logging_mixin.py:109} INFO - [2022-02-10 15:55:06,958] {dagbag.py:500} INFO - Filling up the DagBag from /opt/airflow/dags/data-2-gcs-dag.py
[2022-02-10 15:55:07,994] {processor.py:654} INFO - DAG(s) dict_keys(['data_2_gcs_dag']) retrieved from /opt/airflow/dags/data-2-gcs-dag.py
[2022-02-10 15:55:08,292] {logging_mixin.py:109} INFO - [2022-02-10 15:55:08,291] {dag.py:2396} INFO - Sync 1 DAGs
[2022-02-10 15:55:08,329] {processor.py:171} INFO - Processing /opt/airflow/dags/data-2-gcs-dag.py took 1.381 seconds
[2022-02-10 15:55:38,421] {processor.py:163} INFO - Started process (PID=316) to work on /opt/airflow/dags/data-2-gcs-dag.py
[2022-02-10 15:55:38,424] {processor.py:642} INFO - Processing file /opt/airflow/dags/data-2-gcs-dag.py for tasks to queue
[2022-02-10 15:55:38,426] {logging_mixin.py:109} INFO - [2022-02-10 15:55:38,425] {dagbag.py:500} INFO - Filling up the DagBag from /opt/airflow/dags/data-2-gcs-dag.py
[2022-02-10 15:55:39,204] {processor.py:654} INFO - DAG(s) dict_keys(['data_2_gcs_dag']) retrieved from /opt/airflow/dags/data-2-gcs-dag.py
[2022-02-10 15:55:39,217] {logging_mixin.py:109} INFO - [2022-02-10 15:55:39,216] {dag.py:2396} INFO - Sync 1 DAGs
[2022-02-10 15:55:39,242] {processor.py:171} INFO - Processing /opt/airflow/dags/data-2-gcs-dag.py took 0.824 seconds
[2022-02-10 15:56:09,381] {processor.py:163} INFO - Started process (PID=352) to work on /opt/airflow/dags/data-2-gcs-dag.py
[2022-02-10 15:56:09,383] {processor.py:642} INFO - Processing file /opt/airflow/dags/data-2-gcs-dag.py for tasks to queue
[2022-02-10 15:56:09,385] {logging_mixin.py:109} INFO - [2022-02-10 15:56:09,385] {dagbag.py:500} INFO - Filling up the DagBag from /opt/airflow/dags/data-2-gcs-dag.py
[2022-02-10 15:56:10,236] {processor.py:654} INFO - DAG(s) dict_keys(['data_2_gcs_dag']) retrieved from /opt/airflow/dags/data-2-gcs-dag.py
[2022-02-10 15:56:10,263] {logging_mixin.py:109} INFO - [2022-02-10 15:56:10,263] {dag.py:2396} INFO - Sync 1 DAGs
[2022-02-10 15:56:10,306] {processor.py:171} INFO - Processing /opt/airflow/dags/data-2-gcs-dag.py took 0.930 seconds
[2022-02-10 15:56:40,398] {processor.py:163} INFO - Started process (PID=377) to work on /opt/airflow/dags/data-2-gcs-dag.py
[2022-02-10 15:56:40,402] {processor.py:642} INFO - Processing file /opt/airflow/dags/data-2-gcs-dag.py for tasks to queue
[2022-02-10 15:56:40,404] {logging_mixin.py:109} INFO - [2022-02-10 15:56:40,404] {dagbag.py:500} INFO - Filling up the DagBag from /opt/airflow/dags/data-2-gcs-dag.py
[2022-02-10 15:56:41,114] {processor.py:654} INFO - DAG(s) dict_keys(['data_2_gcs_dag']) retrieved from /opt/airflow/dags/data-2-gcs-dag.py
[2022-02-10 15:56:41,124] {logging_mixin.py:109} INFO - [2022-02-10 15:56:41,123] {dag.py:2396} INFO - Sync 1 DAGs
[2022-02-10 15:56:41,146] {processor.py:171} INFO - Processing /opt/airflow/dags/data-2-gcs-dag.py took 0.756 seconds
[2022-02-10 15:57:11,264] {processor.py:163} INFO - Started process (PID=412) to work on /opt/airflow/dags/data-2-gcs-dag.py
[2022-02-10 15:57:11,269] {processor.py:642} INFO - Processing file /opt/airflow/dags/data-2-gcs-dag.py for tasks to queue
[2022-02-10 15:57:11,271] {logging_mixin.py:109} INFO - [2022-02-10 15:57:11,271] {dagbag.py:500} INFO - Filling up the DagBag from /opt/airflow/dags/data-2-gcs-dag.py
[2022-02-10 15:57:12,039] {processor.py:654} INFO - DAG(s) dict_keys(['data_2_gcs_dag']) retrieved from /opt/airflow/dags/data-2-gcs-dag.py
[2022-02-10 15:57:12,050] {logging_mixin.py:109} INFO - [2022-02-10 15:57:12,050] {dag.py:2396} INFO - Sync 1 DAGs
[2022-02-10 15:57:12,073] {processor.py:171} INFO - Processing /opt/airflow/dags/data-2-gcs-dag.py took 0.820 seconds
[2022-02-10 15:57:42,216] {processor.py:163} INFO - Started process (PID=437) to work on /opt/airflow/dags/data-2-gcs-dag.py
[2022-02-10 15:57:42,219] {processor.py:642} INFO - Processing file /opt/airflow/dags/data-2-gcs-dag.py for tasks to queue
[2022-02-10 15:57:42,221] {logging_mixin.py:109} INFO - [2022-02-10 15:57:42,221] {dagbag.py:500} INFO - Filling up the DagBag from /opt/airflow/dags/data-2-gcs-dag.py
[2022-02-10 15:57:42,919] {processor.py:654} INFO - DAG(s) dict_keys(['data_2_gcs_dag']) retrieved from /opt/airflow/dags/data-2-gcs-dag.py
[2022-02-10 15:57:42,929] {logging_mixin.py:109} INFO - [2022-02-10 15:57:42,929] {dag.py:2396} INFO - Sync 1 DAGs
[2022-02-10 15:57:42,919] {processor.py:171} INFO - Processing /opt/airflow/dags/data-2-gcs-dag.py took 0.742 seconds
[2022-02-10 15:58:13,010] {processor.py:163} INFO - Started process (PID=473) to work on /opt/airflow/dags/data-2-gcs-dag.py
[2022-02-10 15:58:13,013] {processor.py:642} INFO - Processing file /opt/airflow/dags/data-2-gcs-dag.py for tasks to queue
[2022-02-10 15:58:13,015] {logging_mixin.py:109} INFO - [2022-02-10 15:58:13,015] {dagbag.py:500} INFO - Filling up the DagBag from /opt/airflow/dags/data-2-gcs-dag.py
[2022-02-10 15:58:13,765] {processor.py:654} INFO - DAG(s) dict_keys(['data_2_gcs_dag']) retrieved from /opt/airflow/dags/data-2-gcs-dag.py
[2022-02-10 15:58:13,783] {logging_mixin.py:109} INFO - [2022-02-10 15:58:13,782] {dag.py:2396} INFO - Sync 1 DAGs
[2022-02-10 15:58:13,816] {processor.py:171} INFO - Processing /opt/airflow/dags/data-2-gcs-dag.py took 0.811 seconds
[2022-02-10 15:58:43,974] {processor.py:163} INFO - Started process (PID=499) to work on /opt/airflow/dags/data-2-gcs-dag.py
[2022-02-10 15:58:43,978] {processor.py:642} INFO - Processing file /opt/airflow/dags/data-2-gcs-dag.py for tasks to queue
[2022-02-10 15:58:43,979] {logging_mixin.py:109} INFO - [2022-02-10 15:58:43,979] {dagbag.py:500} INFO - Filling up the DagBag from /opt/airflow/dags/data-2-gcs-dag.py
[2022-02-10 15:58:44,766] {processor.py:654} INFO - DAG(s) dict_keys(['data_2_gcs_dag']) retrieved from /opt/airflow/dags/data-2-gcs-dag.py
[2022-02-10 15:58:44,782] {logging_mixin.py:109} INFO - [2022-02-10 15:58:44,781] {dag.py:2396} INFO - Sync 1 DAGs
[2022-02-10 15:58:44,816] {processor.py:171} INFO - Processing /opt/airflow/dags/data-2-gcs-dag.py took 0.845 seconds
[2022-02-10 15:59:14,909] {processor.py:163} INFO - Started process (PID=534) to work on /opt/airflow/dags/data-2-gcs-dag.py
[2022-02-10 15:59:14,912] {processor.py:642} INFO - Processing file /opt/airflow/dags/data-2-gcs-dag.py for tasks to queue
[2022-02-10 15:59:14,913] {logging_mixin.py:109} INFO - [2022-02-10 15:59:14,913] {dagbag.py:500} INFO - Filling up the DagBag from /opt/airflow/dags/data-2-gcs-dag.py
[2022-02-10 15:59:15,570] {processor.py:654} INFO - DAG(s) dict_keys(['data_2_gcs_dag']) retrieved from /opt/airflow/dags/data-2-gcs-dag.py
[2022-02-10 15:59:15,581] {logging_mixin.py:109} INFO - [2022-02-10 15:59:15,580] {dag.py:2396} INFO - Sync 1 DAGs
[2022-02-10 15:59:15,603] {processor.py:171} INFO - Processing /opt/airflow/dags/data-2-gcs-dag.py took 0.698 seconds
[2022-02-10 15:59:45,724] {processor.py:163} INFO - Started process (PID=558) to work on /opt/airflow/dags/data-2-gcs-dag.py
[2022-02-10 15:59:45,731] {processor.py:642} INFO - Processing file /opt/airflow/dags/data-2-gcs-dag.py for tasks to queue
[2022-02-10 15:59:45,734] {logging_mixin.py:109} INFO - [2022-02-10 15:59:45,733] {dagbag.py:500} INFO - Filling up the DagBag from /opt/airflow/dags/data-2-gcs-dag.py
[2022-02-10 15:59:46,565] {processor.py:654} INFO - DAG(s) dict_keys(['data_2_gcs_dag']) retrieved from /opt/airflow/dags/data-2-gcs-dag.py
[2022-02-10 15:59:46,575] {logging_mixin.py:109} INFO - [2022-02-10 15:59:46,575] {dag.py:2396} INFO - Sync 1 DAGs
[2022-02-10 15:59:46,599] {processor.py:171} INFO - Processing /opt/airflow/dags/data-2-gcs-dag.py took 0.881 seconds
[2022-02-10 16:00:16,800] {processor.py:163} INFO - Started process (PID=594) to work on /opt/airflow/dags/data-2-gcs-dag.py
[2022-02-10 16:00:16,803] {processor.py:642} INFO - Processing file /opt/airflow/dags/data-2-gcs-dag.py for tasks to queue
[2022-02-10 16:00:16,805] {logging_mixin.py:109} INFO - [2022-02-10 16:00:16,805] {dagbag.py:500} INFO - Filling up the DagBag from /opt/airflow/dags/data-2-gcs-dag.py
[2022-02-10 16:00:17,481] {processor.py:654} INFO - DAG(s) dict_keys(['data_2_gcs_dag']) retrieved from /opt/airflow/dags/data-2-gcs-dag.py
[2022-02-10 16:00:17,492] {logging_mixin.py:109} INFO - [2022-02-10 16:00:17,491] {dag.py:2396} INFO - Sync 1 DAGs
[2022-02-10 16:00:17,514] {processor.py:171} INFO - Processing /opt/airflow/dags/data-2-gcs-dag.py took 0.719 seconds
[2022-02-10 16:00:47,614] {processor.py:163} INFO - Started process (PID=620) to work on /opt/airflow/dags/data-2-gcs-dag.py
[2022-02-10 16:00:47,617] {processor.py:642} INFO - Processing file /opt/airflow/dags/data-2-gcs-dag.py for tasks to queue
[2022-02-10 16:00:47,619] {logging_mixin.py:109} INFO - [2022-02-10 16:00:47,619] {dagbag.py:500} INFO - Filling up the DagBag from /opt/airflow/dags/data-2-gcs-dag.py
[2022-02-10 16:00:48,447] {processor.py:654} INFO - DAG(s) dict_keys(['data_2_gcs_dag']) retrieved from /opt/airflow/dags/data-2-gcs-dag.py
[2022-02-10 16:00:48,457] {logging_mixin.py:109} INFO - [2022-02-10 16:00:48,457] {dag.py:2396} INFO - Sync 1 DAGs
[2022-02-10 16:00:48,474] {logging_mixin.py:109} INFO - [2022-02-10 16:00:48,474] {dag.py:2935} INFO - Setting next_dagrun for data_2_gcs_dag to 2022-02-09 00:00:00+00:00
[2022-02-10 16:00:48,486] {processor.py:171} INFO - Processing /opt/airflow/dags/data-2-gcs-dag.py took 0.877 seconds
[2022-02-10 16:01:18,587] {processor.py:163} INFO - Started process (PID=653) to work on /opt/airflow/dags/data-2-gcs-dag.py
[2022-02-10 16:01:18,592] {processor.py:642} INFO - Processing file /opt/airflow/dags/data-2-gcs-dag.py for tasks to queue
[2022-02-10 16:01:18,595] {logging_mixin.py:109} INFO - [2022-02-10 16:01:18,595] {dagbag.py:500} INFO - Filling up the DagBag from /opt/airflow/dags/data-2-gcs-dag.py
[2022-02-10 16:01:19,304] {processor.py:654} INFO - DAG(s) dict_keys(['data_2_gcs_dag']) retrieved from /opt/airflow/dags/data-2-gcs-dag.py
[2022-02-10 16:01:19,313] {logging_mixin.py:109} INFO - [2022-02-10 16:01:19,313] {dag.py:2396} INFO - Sync 1 DAGs
[2022-02-10 16:01:19,338] {processor.py:171} INFO - Processing /opt/airflow/dags/data-2-gcs-dag.py took 0.755 seconds
[2022-02-10 16:01:49,430] {processor.py:163} INFO - Started process (PID=676) to work on /opt/airflow/dags/data-2-gcs-dag.py
[2022-02-10 16:01:49,433] {processor.py:642} INFO - Processing file /opt/airflow/dags/data-2-gcs-dag.py for tasks to queue
[2022-02-10 16:01:49,435] {logging_mixin.py:109} INFO - [2022-02-10 16:01:49,434] {dagbag.py:500} INFO - Filling up the DagBag from /opt/airflow/dags/data-2-gcs-dag.py
[2022-02-10 16:01:50,424] {processor.py:654} INFO - DAG(s) dict_keys(['data_2_gcs_dag']) retrieved from /opt/airflow/dags/data-2-gcs-dag.py
[2022-02-10 16:01:50,459] {logging_mixin.py:109} INFO - [2022-02-10 16:01:50,458] {dag.py:2396} INFO - Sync 1 DAGs
[2022-02-10 16:01:50,507] {processor.py:171} INFO - Processing /opt/airflow/dags/data-2-gcs-dag.py took 1.080 seconds
[2022-02-10 16:02:20,618] {processor.py:163} INFO - Started process (PID=712) to work on /opt/airflow/dags/data-2-gcs-dag.py
[2022-02-10 16:02:20,621] {processor.py:642} INFO - Processing file /opt/airflow/dags/data-2-gcs-dag.py for tasks to queue
[2022-02-10 16:02:20,624] {logging_mixin.py:109} INFO - [2022-02-10 16:02:20,623] {dagbag.py:500} INFO - Filling up the DagBag from /opt/airflow/dags/data-2-gcs-dag.py
[2022-02-10 16:02:21,468] {processor.py:654} INFO - DAG(s) dict_keys(['data_2_gcs_dag']) retrieved from /opt/airflow/dags/data-2-gcs-dag.py
[2022-02-10 16:02:21,485] {logging_mixin.py:109} INFO - [2022-02-10 16:02:21,485] {dag.py:2396} INFO - Sync 1 DAGs
[2022-02-10 16:02:21,544] {processor.py:171} INFO - Processing /opt/airflow/dags/data-2-gcs-dag.py took 0.931 seconds
[2022-02-10 16:02:51,651] {processor.py:163} INFO - Started process (PID=738) to work on /opt/airflow/dags/data-2-gcs-dag.py
[2022-02-10 16:02:51,655] {processor.py:642} INFO - Processing file /opt/airflow/dags/data-2-gcs-dag.py for tasks to queue
[2022-02-10 16:02:51,657] {logging_mixin.py:109} INFO - [2022-02-10 16:02:51,657] {dagbag.py:500} INFO - Filling up the DagBag from /opt/airflow/dags/data-2-gcs-dag.py
[2022-02-10 16:02:52,613] {processor.py:654} INFO - DAG(s) dict_keys(['data_2_gcs_dag']) retrieved from /opt/airflow/dags/data-2-gcs-dag.py
[2022-02-10 16:02:52,635] {logging_mixin.py:109} INFO - [2022-02-10 16:02:52,634] {dag.py:2396} INFO - Sync 1 DAGs
[2022-02-10 16:02:52,672] {processor.py:171} INFO - Processing /opt/airflow/dags/data-2-gcs-dag.py took 1.027 seconds
[2022-02-10 16:03:22,777] {processor.py:163} INFO - Started process (PID=773) to work on /opt/airflow/dags/data-2-gcs-dag.py
[2022-02-10 16:03:22,781] {processor.py:642} INFO - Processing file /opt/airflow/dags/data-2-gcs-dag.py for tasks to queue
[2022-02-10 16:03:22,783] {logging_mixin.py:109} INFO - [2022-02-10 16:03:22,783] {dagbag.py:500} INFO - Filling up the DagBag from /opt/airflow/dags/data-2-gcs-dag.py
[2022-02-10 16:03:23,824] {processor.py:654} INFO - DAG(s) dict_keys(['data_2_gcs_dag']) retrieved from /opt/airflow/dags/data-2-gcs-dag.py
[2022-02-10 16:03:23,840] {logging_mixin.py:109} INFO - [2022-02-10 16:03:23,840] {dag.py:2396} INFO - Sync 1 DAGs
[2022-02-10 16:03:23,873] {processor.py:171} INFO - Processing /opt/airflow/dags/data-2-gcs-dag.py took 1.100 seconds
[2022-02-10 16:03:54,015] {processor.py:163} INFO - Started process (PID=799) to work on /opt/airflow/dags/data-2-gcs-dag.py
[2022-02-10 16:03:54,019] {processor.py:642} INFO - Processing file /opt/airflow/dags/data-2-gcs-dag.py for tasks to queue
[2022-02-10 16:03:54,023] {logging_mixin.py:109} INFO - [2022-02-10 16:03:54,023] {dagbag.py:500} INFO - Filling up the DagBag from /opt/airflow/dags/data-2-gcs-dag.py
[2022-02-10 16:03:54,703] {processor.py:654} INFO - DAG(s) dict_keys(['data_2_gcs_dag']) retrieved from /opt/airflow/dags/data-2-gcs-dag.py
[2022-02-10 16:03:54,717] {logging_mixin.py:109} INFO - [2022-02-10 16:03:54,717] {dag.py:2396} INFO - Sync 1 DAGs
[2022-02-10 16:03:54,744] {processor.py:171} INFO - Processing /opt/airflow/dags/data-2-gcs-dag.py took 0.737 seconds
[2022-02-10 16:04:23,245] {processor.py:163} INFO - Started process (PID=825) to work on /opt/airflow/dags/data-2-gcs-dag.py
[2022-02-10 16:04:23,251] {processor.py:642} INFO - Processing file /opt/airflow/dags/data-2-gcs-dag.py for tasks to queue
[2022-02-10 16:04:23,259] {logging_mixin.py:109} INFO - [2022-02-10 16:04:23,258] {dagbag.py:500} INFO - Filling up the DagBag from /opt/airflow/dags/data-2-gcs-dag.py
[2022-02-10 16:04:24,474] {processor.py:654} INFO - DAG(s) dict_keys(['data_2_gcs_dag']) retrieved from /opt/airflow/dags/data-2-gcs-dag.py
[2022-02-10 16:04:24,738] {logging_mixin.py:109} INFO - [2022-02-10 16:04:24,737] {dag.py:2396} INFO - Sync 1 DAGs
[2022-02-10 16:04:24,790] {processor.py:171} INFO - Processing /opt/airflow/dags/data-2-gcs-dag.py took 1.556 seconds
[2022-02-10 16:04:55,022] {processor.py:163} INFO - Started process (PID=859) to work on /opt/airflow/dags/data-2-gcs-dag.py
[2022-02-10 16:04:55,025] {processor.py:642} INFO - Processing file /opt/airflow/dags/data-2-gcs-dag.py for tasks to queue
[2022-02-10 16:04:55,036] {logging_mixin.py:109} INFO - [2022-02-10 16:04:55,034] {dagbag.py:500} INFO - Filling up the DagBag from /opt/airflow/dags/data-2-gcs-dag.py
[2022-02-10 16:04:56,302] {processor.py:654} INFO - DAG(s) dict_keys(['data_2_gcs_dag']) retrieved from /opt/airflow/dags/data-2-gcs-dag.py
[2022-02-10 16:04:56,318] {logging_mixin.py:109} INFO - [2022-02-10 16:04:56,318] {dag.py:2396} INFO - Sync 1 DAGs
[2022-02-10 16:04:56,350] {processor.py:171} INFO - Processing /opt/airflow/dags/data-2-gcs-dag.py took 1.335 seconds
[2022-02-10 16:05:26,485] {processor.py:163} INFO - Started process (PID=884) to work on /opt/airflow/dags/data-2-gcs-dag.py
[2022-02-10 16:05:26,487] {processor.py:642} INFO - Processing file /opt/airflow/dags/data-2-gcs-dag.py for tasks to queue
[2022-02-10 16:05:26,489] {logging_mixin.py:109} INFO - [2022-02-10 16:05:26,489] {dagbag.py:500} INFO - Filling up the DagBag from /opt/airflow/dags/data-2-gcs-dag.py
[2022-02-10 16:05:27,263] {processor.py:654} INFO - DAG(s) dict_keys(['data_2_gcs_dag']) retrieved from /opt/airflow/dags/data-2-gcs-dag.py
[2022-02-10 16:05:27,274] {logging_mixin.py:109} INFO - [2022-02-10 16:05:27,273] {dag.py:2396} INFO - Sync 1 DAGs
[2022-02-10 16:05:27,297] {processor.py:171} INFO - Processing /opt/airflow/dags/data-2-gcs-dag.py took 0.815 seconds
[2022-02-10 16:05:57,511] {processor.py:163} INFO - Started process (PID=919) to work on /opt/airflow/dags/data-2-gcs-dag.py
[2022-02-10 16:05:57,518] {processor.py:642} INFO - Processing file /opt/airflow/dags/data-2-gcs-dag.py for tasks to queue
[2022-02-10 16:05:57,520] {logging_mixin.py:109} INFO - [2022-02-10 16:05:57,519] {dagbag.py:500} INFO - Filling up the DagBag from /opt/airflow/dags/data-2-gcs-dag.py
[2022-02-10 16:05:58,638] {processor.py:654} INFO - DAG(s) dict_keys(['data_2_gcs_dag']) retrieved from /opt/airflow/dags/data-2-gcs-dag.py
[2022-02-10 16:05:58,652] {logging_mixin.py:109} INFO - [2022-02-10 16:05:58,651] {dag.py:2396} INFO - Sync 1 DAGs
[2022-02-10 16:05:58,707] {processor.py:171} INFO - Processing /opt/airflow/dags/data-2-gcs-dag.py took 1.203 seconds
[2022-02-10 16:06:28,816] {processor.py:163} INFO - Started process (PID=944) to work on /opt/airflow/dags/data-2-gcs-dag.py
[2022-02-10 16:06:28,818] {processor.py:642} INFO - Processing file /opt/airflow/dags/data-2-gcs-dag.py for tasks to queue
[2022-02-10 16:06:28,820] {logging_mixin.py:109} INFO - [2022-02-10 16:06:28,820] {dagbag.py:500} INFO - Filling up the DagBag from /opt/airflow/dags/data-2-gcs-dag.py
[2022-02-10 16:06:29,583] {processor.py:654} INFO - DAG(s) dict_keys(['data_2_gcs_dag']) retrieved from /opt/airflow/dags/data-2-gcs-dag.py
[2022-02-10 16:06:29,596] {logging_mixin.py:109} INFO - [2022-02-10 16:06:29,595] {dag.py:2396} INFO - Sync 1 DAGs
[2022-02-10 16:06:29,618] {processor.py:171} INFO - Processing /opt/airflow/dags/data-2-gcs-dag.py took 0.807 seconds
[2022-02-10 16:06:59,732] {processor.py:163} INFO - Started process (PID=982) to work on /opt/airflow/dags/data-2-gcs-dag.py
[2022-02-10 16:06:59,734] {processor.py:642} INFO - Processing file /opt/airflow/dags/data-2-gcs-dag.py for tasks to queue
[2022-02-10 16:06:59,736] {logging_mixin.py:109} INFO - [2022-02-10 16:06:59,736] {dagbag.py:500} INFO - Filling up the DagBag from /opt/airflow/dags/data-2-gcs-dag.py
[2022-02-10 16:07:00,430] {processor.py:654} INFO - DAG(s) dict_keys(['data_2_gcs_dag']) retrieved from /opt/airflow/dags/data-2-gcs-dag.py
[2022-02-10 16:07:00,439] {logging_mixin.py:109} INFO - [2022-02-10 16:07:00,439] {dag.py:2396} INFO - Sync 1 DAGs
[2022-02-10 16:07:00,463] {processor.py:171} INFO - Processing /opt/airflow/dags/data-2-gcs-dag.py took 0.735 seconds
[2022-02-10 16:07:30,630] {processor.py:163} INFO - Started process (PID=1008) to work on /opt/airflow/dags/data-2-gcs-dag.py
[2022-02-10 16:07:30,632] {processor.py:642} INFO - Processing file /opt/airflow/dags/data-2-gcs-dag.py for tasks to queue
[2022-02-10 16:07:30,634] {logging_mixin.py:109} INFO - [2022-02-10 16:07:30,633] {dagbag.py:500} INFO - Filling up the DagBag from /opt/airflow/dags/data-2-gcs-dag.py
[2022-02-10 16:07:31,580] {processor.py:654} INFO - DAG(s) dict_keys(['data_2_gcs_dag']) retrieved from /opt/airflow/dags/data-2-gcs-dag.py
[2022-02-10 16:07:31,599] {logging_mixin.py:109} INFO - [2022-02-10 16:07:31,599] {dag.py:2396} INFO - Sync 1 DAGs
[2022-02-10 16:07:31,648] {processor.py:171} INFO - Processing /opt/airflow/dags/data-2-gcs-dag.py took 1.030 seconds
[2022-02-10 16:08:01,776] {processor.py:163} INFO - Started process (PID=1045) to work on /opt/airflow/dags/data-2-gcs-dag.py
[2022-02-10 16:08:01,779] {processor.py:642} INFO - Processing file /opt/airflow/dags/data-2-gcs-dag.py for tasks to queue
[2022-02-10 16:08:01,782] {logging_mixin.py:109} INFO - [2022-02-10 16:08:01,782] {dagbag.py:500} INFO - Filling up the DagBag from /opt/airflow/dags/data-2-gcs-dag.py
[2022-02-10 16:08:02,614] {processor.py:654} INFO - DAG(s) dict_keys(['data_2_gcs_dag']) retrieved from /opt/airflow/dags/data-2-gcs-dag.py
[2022-02-10 16:08:02,626] {logging_mixin.py:109} INFO - [2022-02-10 16:08:02,625] {dag.py:2396} INFO - Sync 1 DAGs
[2022-02-10 16:08:02,653] {processor.py:171} INFO - Processing /opt/airflow/dags/data-2-gcs-dag.py took 0.881 seconds
[2022-02-10 16:08:32,848] {processor.py:163} INFO - Started process (PID=1071) to work on /opt/airflow/dags/data-2-gcs-dag.py
[2022-02-10 16:08:32,865] {processor.py:642} INFO - Processing file /opt/airflow/dags/data-2-gcs-dag.py for tasks to queue
[2022-02-10 16:08:32,870] {logging_mixin.py:109} INFO - [2022-02-10 16:08:32,870] {dagbag.py:500} INFO - Filling up the DagBag from /opt/airflow/dags/data-2-gcs-dag.py
[2022-02-10 16:08:33,861] {processor.py:654} INFO - DAG(s) dict_keys(['data_2_gcs_dag']) retrieved from /opt/airflow/dags/data-2-gcs-dag.py
[2022-02-10 16:08:33,883] {logging_mixin.py:109} INFO - [2022-02-10 16:08:33,883] {dag.py:2396} INFO - Sync 1 DAGs
[2022-02-10 16:08:33,930] {processor.py:171} INFO - Processing /opt/airflow/dags/data-2-gcs-dag.py took 1.087 seconds
[2022-02-10 16:09:04,087] {processor.py:163} INFO - Started process (PID=1096) to work on /opt/airflow/dags/data-2-gcs-dag.py
[2022-02-10 16:09:04,092] {processor.py:642} INFO - Processing file /opt/airflow/dags/data-2-gcs-dag.py for tasks to queue
[2022-02-10 16:09:04,094] {logging_mixin.py:109} INFO - [2022-02-10 16:09:04,094] {dagbag.py:500} INFO - Filling up the DagBag from /opt/airflow/dags/data-2-gcs-dag.py
[2022-02-10 16:09:04,811] {processor.py:654} INFO - DAG(s) dict_keys(['data_2_gcs_dag']) retrieved from /opt/airflow/dags/data-2-gcs-dag.py
[2022-02-10 16:09:04,821] {logging_mixin.py:109} INFO - [2022-02-10 16:09:04,821] {dag.py:2396} INFO - Sync 1 DAGs
[2022-02-10 16:09:04,844] {processor.py:171} INFO - Processing /opt/airflow/dags/data-2-gcs-dag.py took 0.763 seconds
[2022-02-10 16:09:34,980] {processor.py:163} INFO - Started process (PID=1132) to work on /opt/airflow/dags/data-2-gcs-dag.py
[2022-02-10 16:09:34,984] {processor.py:642} INFO - Processing file /opt/airflow/dags/data-2-gcs-dag.py for tasks to queue
[2022-02-10 16:09:34,987] {logging_mixin.py:109} INFO - [2022-02-10 16:09:34,987] {dagbag.py:500} INFO - Filling up the DagBag from /opt/airflow/dags/data-2-gcs-dag.py
[2022-02-10 16:09:35,743] {processor.py:654} INFO - DAG(s) dict_keys(['data_2_gcs_dag']) retrieved from /opt/airflow/dags/data-2-gcs-dag.py
[2022-02-10 16:09:35,754] {logging_mixin.py:109} INFO - [2022-02-10 16:09:35,753] {dag.py:2396} INFO - Sync 1 DAGs
[2022-02-10 16:09:35,778] {processor.py:171} INFO - Processing /opt/airflow/dags/data-2-gcs-dag.py took 0.803 seconds
[2022-02-10 16:10:05,925] {processor.py:163} INFO - Started process (PID=1156) to work on /opt/airflow/dags/data-2-gcs-dag.py
[2022-02-10 16:10:05,934] {processor.py:642} INFO - Processing file /opt/airflow/dags/data-2-gcs-dag.py for tasks to queue
[2022-02-10 16:10:05,938] {logging_mixin.py:109} INFO - [2022-02-10 16:10:05,938] {dagbag.py:500} INFO - Filling up the DagBag from /opt/airflow/dags/data-2-gcs-dag.py
[2022-02-10 16:10:07,104] {processor.py:654} INFO - DAG(s) dict_keys(['data_2_gcs_dag']) retrieved from /opt/airflow/dags/data-2-gcs-dag.py
[2022-02-10 16:10:07,126] {logging_mixin.py:109} INFO - [2022-02-10 16:10:07,125] {dag.py:2396} INFO - Sync 1 DAGs
[2022-02-10 16:10:07,190] {processor.py:171} INFO - Processing /opt/airflow/dags/data-2-gcs-dag.py took 1.274 seconds
[2022-02-10 16:10:37,403] {processor.py:163} INFO - Started process (PID=1193) to work on /opt/airflow/dags/data-2-gcs-dag.py
[2022-02-10 16:10:37,407] {processor.py:642} INFO - Processing file /opt/airflow/dags/data-2-gcs-dag.py for tasks to queue
[2022-02-10 16:10:37,418] {logging_mixin.py:109} INFO - [2022-02-10 16:10:37,418] {dagbag.py:500} INFO - Filling up the DagBag from /opt/airflow/dags/data-2-gcs-dag.py
[2022-02-10 16:10:38,685] {processor.py:654} INFO - DAG(s) dict_keys(['data_2_gcs_dag']) retrieved from /opt/airflow/dags/data-2-gcs-dag.py
[2022-02-10 16:10:38,709] {logging_mixin.py:109} INFO - [2022-02-10 16:10:38,708] {dag.py:2396} INFO - Sync 1 DAGs
[2022-02-10 16:10:38,752] {processor.py:171} INFO - Processing /opt/airflow/dags/data-2-gcs-dag.py took 1.368 seconds
[2022-02-10 16:11:08,884] {processor.py:163} INFO - Started process (PID=1218) to work on /opt/airflow/dags/data-2-gcs-dag.py
[2022-02-10 16:11:08,889] {processor.py:642} INFO - Processing file /opt/airflow/dags/data-2-gcs-dag.py for tasks to queue
[2022-02-10 16:11:08,891] {logging_mixin.py:109} INFO - [2022-02-10 16:11:08,891] {dagbag.py:500} INFO - Filling up the DagBag from /opt/airflow/dags/data-2-gcs-dag.py
[2022-02-10 16:11:09,590] {processor.py:654} INFO - DAG(s) dict_keys(['data_2_gcs_dag']) retrieved from /opt/airflow/dags/data-2-gcs-dag.py
[2022-02-10 16:11:09,602] {logging_mixin.py:109} INFO - [2022-02-10 16:11:09,602] {dag.py:2396} INFO - Sync 1 DAGs
[2022-02-10 16:11:09,628] {processor.py:171} INFO - Processing /opt/airflow/dags/data-2-gcs-dag.py took 0.752 seconds
[2022-02-10 16:11:39,767] {processor.py:163} INFO - Started process (PID=1254) to work on /opt/airflow/dags/data-2-gcs-dag.py
[2022-02-10 16:11:39,769] {processor.py:642} INFO - Processing file /opt/airflow/dags/data-2-gcs-dag.py for tasks to queue
[2022-02-10 16:11:39,771] {logging_mixin.py:109} INFO - [2022-02-10 16:11:39,771] {dagbag.py:500} INFO - Filling up the DagBag from /opt/airflow/dags/data-2-gcs-dag.py
[2022-02-10 16:11:40,443] {processor.py:654} INFO - DAG(s) dict_keys(['data_2_gcs_dag']) retrieved from /opt/airflow/dags/data-2-gcs-dag.py
[2022-02-10 16:11:40,453] {logging_mixin.py:109} INFO - [2022-02-10 16:11:40,453] {dag.py:2396} INFO - Sync 1 DAGs
[2022-02-10 16:11:40,478] {processor.py:171} INFO - Processing /opt/airflow/dags/data-2-gcs-dag.py took 0.716 seconds
[2022-02-10 16:12:10,643] {processor.py:163} INFO - Started process (PID=1279) to work on /opt/airflow/dags/data-2-gcs-dag.py
[2022-02-10 16:12:10,646] {processor.py:642} INFO - Processing file /opt/airflow/dags/data-2-gcs-dag.py for tasks to queue
[2022-02-10 16:12:10,648] {logging_mixin.py:109} INFO - [2022-02-10 16:12:10,648] {dagbag.py:500} INFO - Filling up the DagBag from /opt/airflow/dags/data-2-gcs-dag.py
[2022-02-10 16:12:11,313] {processor.py:654} INFO - DAG(s) dict_keys(['data_2_gcs_dag']) retrieved from /opt/airflow/dags/data-2-gcs-dag.py
[2022-02-10 16:12:11,328] {logging_mixin.py:109} INFO - [2022-02-10 16:12:11,328] {dag.py:2396} INFO - Sync 1 DAGs
[2022-02-10 16:12:11,356] {processor.py:171} INFO - Processing /opt/airflow/dags/data-2-gcs-dag.py took 0.717 seconds
[2022-02-10 16:12:41,451] {processor.py:163} INFO - Started process (PID=1315) to work on /opt/airflow/dags/data-2-gcs-dag.py
[2022-02-10 16:12:41,453] {processor.py:642} INFO - Processing file /opt/airflow/dags/data-2-gcs-dag.py for tasks to queue
[2022-02-10 16:12:41,455] {logging_mixin.py:109} INFO - [2022-02-10 16:12:41,455] {dagbag.py:500} INFO - Filling up the DagBag from /opt/airflow/dags/data-2-gcs-dag.py
[2022-02-10 16:12:42,207] {processor.py:654} INFO - DAG(s) dict_keys(['data_2_gcs_dag']) retrieved from /opt/airflow/dags/data-2-gcs-dag.py
[2022-02-10 16:12:42,219] {logging_mixin.py:109} INFO - [2022-02-10 16:12:42,218] {dag.py:2396} INFO - Sync 1 DAGs
[2022-02-10 16:12:42,245] {processor.py:171} INFO - Processing /opt/airflow/dags/data-2-gcs-dag.py took 0.836 seconds
[2022-02-10 16:13:12,387] {processor.py:163} INFO - Started process (PID=1341) to work on /opt/airflow/dags/data-2-gcs-dag.py
[2022-02-10 16:13:12,392] {processor.py:642} INFO - Processing file /opt/airflow/dags/data-2-gcs-dag.py for tasks to queue
[2022-02-10 16:13:12,395] {logging_mixin.py:109} INFO - [2022-02-10 16:13:12,395] {dagbag.py:500} INFO - Filling up the DagBag from /opt/airflow/dags/data-2-gcs-dag.py
[2022-02-10 16:13:13,178] {processor.py:654} INFO - DAG(s) dict_keys(['data_2_gcs_dag']) retrieved from /opt/airflow/dags/data-2-gcs-dag.py
[2022-02-10 16:13:13,195] {logging_mixin.py:109} INFO - [2022-02-10 16:13:13,195] {dag.py:2396} INFO - Sync 1 DAGs
[2022-02-10 16:13:13,226] {processor.py:171} INFO - Processing /opt/airflow/dags/data-2-gcs-dag.py took 0.848 seconds
[2022-02-10 16:13:43,301] {processor.py:163} INFO - Started process (PID=1378) to work on /opt/airflow/dags/data-2-gcs-dag.py
[2022-02-10 16:13:43,304] {processor.py:642} INFO - Processing file /opt/airflow/dags/data-2-gcs-dag.py for tasks to queue
[2022-02-10 16:13:43,305] {logging_mixin.py:109} INFO - [2022-02-10 16:13:43,305] {dagbag.py:500} INFO - Filling up the DagBag from /opt/airflow/dags/data-2-gcs-dag.py
[2022-02-10 16:13:44,028] {processor.py:654} INFO - DAG(s) dict_keys(['data_2_gcs_dag']) retrieved from /opt/airflow/dags/data-2-gcs-dag.py
[2022-02-10 16:13:44,040] {logging_mixin.py:109} INFO - [2022-02-10 16:13:44,040] {dag.py:2396} INFO - Sync 1 DAGs
[2022-02-10 16:13:44,059] {logging_mixin.py:109} INFO - [2022-02-10 16:13:44,059] {dag.py:2935} INFO - Setting next_dagrun for data_2_gcs_dag to 2022-02-10T00:00:00+00:00
[2022-02-10 16:13:44,073] {processor.py:171} INFO - Processing /opt/airflow/dags/data-2-gcs-dag.py took 0.775 seconds
[2022-02-10 16:14:14,128] {processor.py:163} INFO - Started process (PID=1403) to work on /opt/airflow/dags/data-2-gcs-dag.py
[2022-02-10 16:14:14,130] {processor.py:642} INFO - Processing file /opt/airflow/dags/data-2-gcs-dag.py for tasks to queue
[2022-02-10 16:14:14,131] {logging_mixin.py:109} INFO - [2022-02-10 16:14:14,131] {dagbag.py:500} INFO - Filling up the DagBag from /opt/airflow/dags/data-2-gcs-dag.py
[2022-02-10 16:14:14,813] {processor.py:654} INFO - DAG(s) dict_keys(['data_2_gcs_dag']) retrieved from /opt/airflow/dags/data-2-gcs-dag.py
[2022-02-10 16:14:14,823] {logging_mixin.py:109} INFO - [2022-02-10 16:14:14,823] {dag.py:2396} INFO - Sync 1 DAGs
[2022-02-10 16:14:14,839] {logging_mixin.py:109} INFO - [2022-02-10 16:14:14,838] {dag.py:2935} INFO - Setting next_dagrun for data_2_gcs_dag to 2022-02-10T00:00:00+00:00
[2022-02-10 16:14:14,850] {processor.py:171} INFO - Processing /opt/airflow/dags/data-2-gcs-dag.py took 0.725 seconds
[2022-02-10 16:14:44,991] {processor.py:163} INFO - Started process (PID=1439) to work on /opt/airflow/dags/data-2-gcs-dag.py
[2022-02-10 16:14:44,995] {processor.py:642} INFO - Processing file /opt/airflow/dags/data-2-gcs-dag.py for tasks to queue
[2022-02-10 16:14:44,998] {logging_mixin.py:109} INFO - [2022-02-10 16:14:44,998] {dagbag.py:500} INFO - Filling up the DagBag from /opt/airflow/dags/data-2-gcs-dag.py
[2022-02-10 16:14:45,663] {processor.py:654} INFO - DAG(s) dict_keys(['data_2_gcs_dag']) retrieved from /opt/airflow/dags/data-2-gcs-dag.py
[2022-02-10 16:14:45,673] {logging_mixin.py:109} INFO - [2022-02-10 16:14:45,673] {dag.py:2396} INFO - Sync 1 DAGs
[2022-02-10 16:14:45,688] {logging_mixin.py:109} INFO - [2022-02-10 16:14:45,688] {dag.py:2935} INFO - Setting next_dagrun for data_2_gcs_dag to 2022-02-10T00:00:00+00:00
[2022-02-10 16:14:45,698] {processor.py:171} INFO - Processing /opt/airflow/dags/data-2-gcs-dag.py took 0.715 seconds
[2022-02-10 16:15:15,786] {processor.py:163} INFO - Started process (PID=1464) to work on /opt/airflow/dags/data-2-gcs-dag.py
[2022-02-10 16:15:15,788] {processor.py:642} INFO - Processing file /opt/airflow/dags/data-2-gcs-dag.py for tasks to queue
[2022-02-10 16:15:15,790] {logging_mixin.py:109} INFO - [2022-02-10 16:15:15,790] {dagbag.py:500} INFO - Filling up the DagBag from /opt/airflow/dags/data-2-gcs-dag.py
[2022-02-10 16:15:16,444] {processor.py:654} INFO - DAG(s) dict_keys(['data_2_gcs_dag']) retrieved from /opt/airflow/dags/data-2-gcs-dag.py
[2022-02-10 16:15:16,456] {logging_mixin.py:109} INFO - [2022-02-10 16:15:16,456] {dag.py:2396} INFO - Sync 1 DAGs
[2022-02-10 16:15:16,474] {logging_mixin.py:109} INFO - [2022-02-10 16:15:16,474] {dag.py:2935} INFO - Setting next_dagrun for data_2_gcs_dag to 2022-02-10T00:00:00+00:00
[2022-02-10 16:15:16,486] {processor.py:171} INFO - Processing /opt/airflow/dags/data-2-gcs-dag.py took 0.704 seconds
[2022-02-10 16:15:46,641] {processor.py:163} INFO - Started process (PID=1498) to work on /opt/airflow/dags/data-2-gcs-dag.py
[2022-02-10 16:15:46,644] {processor.py:642} INFO - Processing file /opt/airflow/dags/data-2-gcs-dag.py for tasks to queue
[2022-02-10 16:15:46,649] {logging_mixin.py:109} INFO - [2022-02-10 16:15:46,648] {dagbag.py:500} INFO - Filling up the DagBag from /opt/airflow/dags/data-2-gcs-dag.py
[2022-02-10 16:15:47,376] {processor.py:654} INFO - DAG(s) dict_keys(['data_2_gcs_dag']) retrieved from /opt/airflow/dags/data-2-gcs-dag.py
[2022-02-10 16:15:47,385] {logging_mixin.py:109} INFO - [2022-02-10 16:15:47,385] {dag.py:2396} INFO - Sync 1 DAGs
[2022-02-10 16:15:47,400] {logging_mixin.py:109} INFO - [2022-02-10 16:15:47,400] {dag.py:2935} INFO - Setting next_dagrun for data_2_gcs_dag to 2022-02-10T00:00:00+00:00
[2022-02-10 16:15:47,410] {processor.py:171} INFO - Processing /opt/airflow/dags/data-2-gcs-dag.py took 0.775 seconds
[2022-02-10 16:16:17,570] {processor.py:163} INFO - Started process (PID=1522) to work on /opt/airflow/dags/data-2-gcs-dag.py
[2022-02-10 16:16:17,572] {processor.py:642} INFO - Processing file /opt/airflow/dags/data-2-gcs-dag.py for tasks to queue
[2022-02-10 16:16:17,574] {logging_mixin.py:109} INFO - [2022-02-10 16:16:17,574] {dagbag.py:500} INFO - Filling up the DagBag from /opt/airflow/dags/data-2-gcs-dag.py
[2022-02-10 16:16:18,275] {processor.py:654} INFO - DAG(s) dict_keys(['data_2_gcs_dag']) retrieved from /opt/airflow/dags/data-2-gcs-dag.py
[2022-02-10 16:16:18,285] {logging_mixin.py:109} INFO - [2022-02-10 16:16:18,284] {dag.py:2396} INFO - Sync 1 DAGs
[2022-02-10 16:16:18,301] {logging_mixin.py:109} INFO - [2022-02-10 16:16:18,300] {dag.py:2935} INFO - Setting next_dagrun for data_2_gcs_dag to 2022-02-10T00:00:00+00:00
[2022-02-10 16:16:18,311] {processor.py:171} INFO - Processing /opt/airflow/dags/data-2-gcs-dag.py took 0.744 seconds
[2022-02-10 16:16:26,391] {processor.py:163} INFO - Started process (PID=1536) to work on /opt/airflow/dags/data-2-gcs-dag.py
[2022-02-10 16:16:26,393] {processor.py:642} INFO - Processing file /opt/airflow/dags/data-2-gcs-dag.py for tasks to queue
[2022-02-10 16:16:26,394] {logging_mixin.py:109} INFO - [2022-02-10 16:16:26,394] {dagbag.py:500} INFO - Filling up the DagBag from /opt/airflow/dags/data-2-gcs-dag.py
[2022-02-10 16:16:27,195] {processor.py:654} INFO - DAG(s) dict_keys(['data_2_gcs_dag']) retrieved from /opt/airflow/dags/data-2-gcs-dag.py
[2022-02-10 16:16:27,207] {logging_mixin.py:109} INFO - [2022-02-10 16:16:27,207] {dag.py:2396} INFO - Sync 1 DAGs
[2022-02-10 16:16:27,230] {logging_mixin.py:109} INFO - [2022-02-10 16:16:27,230] {dag.py:2935} INFO - Setting next_dagrun for data_2_gcs_dag to 2022-02-10T00:00:00+00:00
[2022-02-10 16:16:27,249] {processor.py:171} INFO - Processing /opt/airflow/dags/data-2-gcs-dag.py took 0.862 seconds
[2022-02-10 16:16:57,375] {processor.py:163} INFO - Started process (PID=1572) to work on /opt/airflow/dags/data-2-gcs-dag.py
[2022-02-10 16:16:57,377] {processor.py:642} INFO - Processing file /opt/airflow/dags/data-2-gcs-dag.py for tasks to queue
[2022-02-10 16:16:57,379] {logging_mixin.py:109} INFO - [2022-02-10 16:16:57,379] {dagbag.py:500} INFO - Filling up the DagBag from /opt/airflow/dags/data-2-gcs-dag.py
[2022-02-10 16:16:58,163] {processor.py:654} INFO - DAG(s) dict_keys(['data_2_gcs_dag']) retrieved from /opt/airflow/dags/data-2-gcs-dag.py
[2022-02-10 16:16:58,173] {logging_mixin.py:109} INFO - [2022-02-10 16:16:58,172] {dag.py:2396} INFO - Sync 1 DAGs
[2022-02-10 16:16:58,189] {logging_mixin.py:109} INFO - [2022-02-10 16:16:58,188] {dag.py:2935} INFO - Setting next_dagrun for data_2_gcs_dag to 2022-02-10T00:00:00+00:00
[2022-02-10 16:16:58,199] {processor.py:171} INFO - Processing /opt/airflow/dags/data-2-gcs-dag.py took 0.829 seconds
[2022-02-10 16:17:28,350] {processor.py:163} INFO - Started process (PID=1597) to work on /opt/airflow/dags/data-2-gcs-dag.py
[2022-02-10 16:17:28,355] {processor.py:642} INFO - Processing file /opt/airflow/dags/data-2-gcs-dag.py for tasks to queue
[2022-02-10 16:17:28,358] {logging_mixin.py:109} INFO - [2022-02-10 16:17:28,357] {dagbag.py:500} INFO - Filling up the DagBag from /opt/airflow/dags/data-2-gcs-dag.py
[2022-02-10 16:17:29,091] {processor.py:654} INFO - DAG(s) dict_keys(['data_2_gcs_dag']) retrieved from /opt/airflow/dags/data-2-gcs-dag.py
[2022-02-10 16:17:29,100] {logging_mixin.py:109} INFO - [2022-02-10 16:17:29,100] {dag.py:2396} INFO - Sync 1 DAGs
[2022-02-10 16:17:29,119] {logging_mixin.py:109} INFO - [2022-02-10 16:17:29,119] {dag.py:2935} INFO - Setting next_dagrun for data_2_gcs_dag to 2022-02-10T00:00:00+00:00
[2022-02-10 16:17:29,133] {processor.py:171} INFO - Processing /opt/airflow/dags/data-2-gcs-dag.py took 0.792 seconds
[2022-02-10 16:17:59,231] {processor.py:163} INFO - Started process (PID=1633) to work on /opt/airflow/dags/data-2-gcs-dag.py
[2022-02-10 16:17:59,233] {processor.py:642} INFO - Processing file /opt/airflow/dags/data-2-gcs-dag.py for tasks to queue
[2022-02-10 16:17:59,235] {logging_mixin.py:109} INFO - [2022-02-10 16:17:59,235] {dagbag.py:500} INFO - Filling up the DagBag from /opt/airflow/dags/data-2-gcs-dag.py
[2022-02-10 16:17:59,953] {processor.py:654} INFO - DAG(s) dict_keys(['data_2_gcs_dag']) retrieved from /opt/airflow/dags/data-2-gcs-dag.py
[2022-02-10 16:17:59,965] {logging_mixin.py:109} INFO - [2022-02-10 16:17:59,965] {dag.py:2396} INFO - Sync 1 DAGs
[2022-02-10 16:17:59,984] {logging_mixin.py:109} INFO - [2022-02-10 16:17:59,984] {dag.py:2935} INFO - Setting next_dagrun for data_2_gcs_dag to 2022-02-10T00:00:00+00:00
[2022-02-10 16:17:59,997] {processor.py:171} INFO - Processing /opt/airflow/dags/data-2-gcs-dag.py took 0.773 seconds
[2022-02-10 16:18:30,125] {processor.py:163} INFO - Started process (PID=1659) to work on /opt/airflow/dags/data-2-gcs-dag.py
[2022-02-10 16:18:30,129] {processor.py:642} INFO - Processing file /opt/airflow/dags/data-2-gcs-dag.py for tasks to queue
[2022-02-10 16:18:30,131] {logging_mixin.py:109} INFO - [2022-02-10 16:18:30,131] {dagbag.py:500} INFO - Filling up the DagBag from /opt/airflow/dags/data-2-gcs-dag.py
[2022-02-10 16:18:30,855] {processor.py:654} INFO - DAG(s) dict_keys(['data_2_gcs_dag']) retrieved from /opt/airflow/dags/data-2-gcs-dag.py
[2022-02-10 16:18:30,881] {logging_mixin.py:109} INFO - [2022-02-10 16:18:30,880] {dag.py:2396} INFO - Sync 1 DAGs
[2022-02-10 16:18:30,912] {logging_mixin.py:109} INFO - [2022-02-10 16:18:30,912] {dag.py:2935} INFO - Setting next_dagrun for data_2_gcs_dag to 2022-02-10T00:00:00+00:00
[2022-02-10 16:18:30,927] {processor.py:171} INFO - Processing /opt/airflow/dags/data-2-gcs-dag.py took 0.805 seconds
[2022-02-10 16:19:01,055] {processor.py:163} INFO - Started process (PID=1695) to work on /opt/airflow/dags/data-2-gcs-dag.py
[2022-02-10 16:19:01,057] {processor.py:642} INFO - Processing file /opt/airflow/dags/data-2-gcs-dag.py for tasks to queue
[2022-02-10 16:19:01,059] {logging_mixin.py:109} INFO - [2022-02-10 16:19:01,059] {dagbag.py:500} INFO - Filling up the DagBag from /opt/airflow/dags/data-2-gcs-dag.py
[2022-02-10 16:19:01,875] {processor.py:654} INFO - DAG(s) dict_keys(['data_2_gcs_dag']) retrieved from /opt/airflow/dags/data-2-gcs-dag.py
[2022-02-10 16:19:01,892] {logging_mixin.py:109} INFO - [2022-02-10 16:19:01,891] {dag.py:2396} INFO - Sync 1 DAGs
[2022-02-10 16:19:01,918] {logging_mixin.py:109} INFO - [2022-02-10 16:19:01,917] {dag.py:2935} INFO - Setting next_dagrun for data_2_gcs_dag to 2022-02-10T00:00:00+00:00
[2022-02-10 16:19:01,942] {processor.py:171} INFO - Processing /opt/airflow/dags/data-2-gcs-dag.py took 0.892 seconds
[2022-02-10 16:19:32,094] {processor.py:163} INFO - Started process (PID=1720) to work on /opt/airflow/dags/data-2-gcs-dag.py
[2022-02-10 16:19:32,097] {processor.py:642} INFO - Processing file /opt/airflow/dags/data-2-gcs-dag.py for tasks to queue
[2022-02-10 16:19:32,098] {logging_mixin.py:109} INFO - [2022-02-10 16:19:32,098] {dagbag.py:500} INFO - Filling up the DagBag from /opt/airflow/dags/data-2-gcs-dag.py
[2022-02-10 16:19:32,832] {processor.py:654} INFO - DAG(s) dict_keys(['data_2_gcs_dag']) retrieved from /opt/airflow/dags/data-2-gcs-dag.py
[2022-02-10 16:19:32,842] {logging_mixin.py:109} INFO - [2022-02-10 16:19:32,842] {dag.py:2396} INFO - Sync 1 DAGs
[2022-02-10 16:19:32,860] {logging_mixin.py:109} INFO - [2022-02-10 16:19:32,860] {dag.py:2935} INFO - Setting next_dagrun for data_2_gcs_dag to 2022-02-10T00:00:00+00:00
[2022-02-10 16:19:32,872] {processor.py:171} INFO - Processing /opt/airflow/dags/data-2-gcs-dag.py took 0.782 seconds
[2022-02-10 16:20:02,987] {processor.py:163} INFO - Started process (PID=1753) to work on /opt/airflow/dags/data-2-gcs-dag.py
[2022-02-10 16:20:02,990] {processor.py:642} INFO - Processing file /opt/airflow/dags/data-2-gcs-dag.py for tasks to queue
[2022-02-10 16:20:02,994] {logging_mixin.py:109} INFO - [2022-02-10 16:20:02,994] {dagbag.py:500} INFO - Filling up the DagBag from /opt/airflow/dags/data-2-gcs-dag.py
[2022-02-10 16:20:03,711] {processor.py:654} INFO - DAG(s) dict_keys(['data_2_gcs_dag']) retrieved from /opt/airflow/dags/data-2-gcs-dag.py
[2022-02-10 16:20:03,722] {logging_mixin.py:109} INFO - [2022-02-10 16:20:03,721] {dag.py:2396} INFO - Sync 1 DAGs
[2022-02-10 16:20:03,738] {logging_mixin.py:109} INFO - [2022-02-10 16:20:03,738] {dag.py:2935} INFO - Setting next_dagrun for data_2_gcs_dag to 2022-02-10T00:00:00+00:00
[2022-02-10 16:20:03,748] {processor.py:171} INFO - Processing /opt/airflow/dags/data-2-gcs-dag.py took 0.765 seconds
[2022-02-10 16:20:33,873] {processor.py:163} INFO - Started process (PID=1780) to work on /opt/airflow/dags/data-2-gcs-dag.py
[2022-02-10 16:20:33,876] {processor.py:642} INFO - Processing file /opt/airflow/dags/data-2-gcs-dag.py for tasks to queue
[2022-02-10 16:20:33,878] {logging_mixin.py:109} INFO - [2022-02-10 16:20:33,877] {dagbag.py:500} INFO - Filling up the DagBag from /opt/airflow/dags/data-2-gcs-dag.py
[2022-02-10 16:20:34,594] {processor.py:654} INFO - DAG(s) dict_keys(['data_2_gcs_dag']) retrieved from /opt/airflow/dags/data-2-gcs-dag.py
[2022-02-10 16:20:34,613] {logging_mixin.py:109} INFO - [2022-02-10 16:20:34,613] {dag.py:2396} INFO - Sync 1 DAGs
[2022-02-10 16:20:34,640] {logging_mixin.py:109} INFO - [2022-02-10 16:20:34,639] {dag.py:2935} INFO - Setting next_dagrun for data_2_gcs_dag to 2022-02-10T00:00:00+00:00
[2022-02-10 16:20:34,658] {processor.py:171} INFO - Processing /opt/airflow/dags/data-2-gcs-dag.py took 0.790 seconds
[2022-02-10 16:21:04,762] {processor.py:163} INFO - Started process (PID=1816) to work on /opt/airflow/dags/data-2-gcs-dag.py
[2022-02-10 16:21:04,765] {processor.py:642} INFO - Processing file /opt/airflow/dags/data-2-gcs-dag.py for tasks to queue
[2022-02-10 16:21:04,767] {logging_mixin.py:109} INFO - [2022-02-10 16:21:04,767] {dagbag.py:500} INFO - Filling up the DagBag from /opt/airflow/dags/data-2-gcs-dag.py
[2022-02-10 16:21:05,421] {processor.py:654} INFO - DAG(s) dict_keys(['data_2_gcs_dag']) retrieved from /opt/airflow/dags/data-2-gcs-dag.py
[2022-02-10 16:21:05,432] {logging_mixin.py:109} INFO - [2022-02-10 16:21:05,432] {dag.py:2396} INFO - Sync 1 DAGs
[2022-02-10 16:21:05,449] {logging_mixin.py:109} INFO - [2022-02-10 16:21:05,448] {dag.py:2935} INFO - Setting next_dagrun for data_2_gcs_dag to 2022-02-10T00:00:00+00:00
[2022-02-10 16:21:05,458] {processor.py:171} INFO - Processing /opt/airflow/dags/data-2-gcs-dag.py took 0.701 seconds
[2022-02-10 16:21:35,619] {processor.py:163} INFO - Started process (PID=1841) to work on /opt/airflow/dags/data-2-gcs-dag.py
[2022-02-10 16:21:35,622] {processor.py:642} INFO - Processing file /opt/airflow/dags/data-2-gcs-dag.py for tasks to queue
[2022-02-10 16:21:35,624] {logging_mixin.py:109} INFO - [2022-02-10 16:21:35,623] {dagbag.py:500} INFO - Filling up the DagBag from /opt/airflow/dags/data-2-gcs-dag.py
[2022-02-10 16:21:36,290] {processor.py:654} INFO - DAG(s) dict_keys(['data_2_gcs_dag']) retrieved from /opt/airflow/dags/data-2-gcs-dag.py
[2022-02-10 16:21:36,304] {logging_mixin.py:109} INFO - [2022-02-10 16:21:36,304] {dag.py:2396} INFO - Sync 1 DAGs
[2022-02-10 16:21:36,321] {logging_mixin.py:109} INFO - [2022-02-10 16:21:36,321] {dag.py:2935} INFO - Setting next_dagrun for data_2_gcs_dag to 2022-02-10T00:00:00+00:00
[2022-02-10 16:21:36,337] {processor.py:171} INFO - Processing /opt/airflow/dags/data-2-gcs-dag.py took 0.721 seconds
[2022-02-10 16:22:06,436] {processor.py:163} INFO - Started process (PID=1877) to work on /opt/airflow/dags/data-2-gcs-dag.py
[2022-02-10 16:22:06,439] {processor.py:642} INFO - Processing file /opt/airflow/dags/data-2-gcs-dag.py for tasks to queue
[2022-02-10 16:22:06,440] {logging_mixin.py:109} INFO - [2022-02-10 16:22:06,440] {dagbag.py:500} INFO - Filling up the DagBag from /opt/airflow/dags/data-2-gcs-dag.py
[2022-02-10 16:22:07,101] {processor.py:654} INFO - DAG(s) dict_keys(['data_2_gcs_dag']) retrieved from /opt/airflow/dags/data-2-gcs-dag.py
[2022-02-10 16:22:07,116] {logging_mixin.py:109} INFO - [2022-02-10 16:22:07,115] {dag.py:2396} INFO - Sync 1 DAGs
[2022-02-10 16:22:07,133] {logging_mixin.py:109} INFO - [2022-02-10 16:22:07,133] {dag.py:2935} INFO - Setting next_dagrun for data_2_gcs_dag to 2022-02-10T00:00:00+00:00
[2022-02-10 16:22:07,144] {processor.py:171} INFO - Processing /opt/airflow/dags/data-2-gcs-dag.py took 0.711 seconds
[2022-02-10 16:22:37,242] {processor.py:163} INFO - Started process (PID=1901) to work on /opt/airflow/dags/data-2-gcs-dag.py
[2022-02-10 16:22:37,246] {processor.py:642} INFO - Processing file /opt/airflow/dags/data-2-gcs-dag.py for tasks to queue
[2022-02-10 16:22:37,256] {logging_mixin.py:109} INFO - [2022-02-10 16:22:37,255] {dagbag.py:500} INFO - Filling up the DagBag from /opt/airflow/dags/data-2-gcs-dag.py
[2022-02-10 16:22:37,948] {processor.py:654} INFO - DAG(s) dict_keys(['data_2_gcs_dag']) retrieved from /opt/airflow/dags/data-2-gcs-dag.py
[2022-02-10 16:22:37,960] {logging_mixin.py:109} INFO - [2022-02-10 16:22:37,960] {dag.py:2396} INFO - Sync 1 DAGs
[2022-02-10 16:22:37,977] {logging_mixin.py:109} INFO - [2022-02-10 16:22:37,977] {dag.py:2935} INFO - Setting next_dagrun for data_2_gcs_dag to 2022-02-10T00:00:00+00:00
[2022-02-10 16:22:37,988] {processor.py:171} INFO - Processing /opt/airflow/dags/data-2-gcs-dag.py took 0.755 seconds
[2022-02-10 16:23:08,082] {processor.py:163} INFO - Started process (PID=1938) to work on /opt/airflow/dags/data-2-gcs-dag.py
[2022-02-10 16:23:08,085] {processor.py:642} INFO - Processing file /opt/airflow/dags/data-2-gcs-dag.py for tasks to queue
[2022-02-10 16:23:08,086] {logging_mixin.py:109} INFO - [2022-02-10 16:23:08,086] {dagbag.py:500} INFO - Filling up the DagBag from /opt/airflow/dags/data-2-gcs-dag.py
[2022-02-10 16:23:08,713] {processor.py:654} INFO - DAG(s) dict_keys(['data_2_gcs_dag']) retrieved from /opt/airflow/dags/data-2-gcs-dag.py
[2022-02-10 16:23:08,723] {logging_mixin.py:109} INFO - [2022-02-10 16:23:08,723] {dag.py:2396} INFO - Sync 1 DAGs
[2022-02-10 16:23:08,739] {logging_mixin.py:109} INFO - [2022-02-10 16:23:08,739] {dag.py:2935} INFO - Setting next_dagrun for data_2_gcs_dag to 2022-02-10T00:00:00+00:00
[2022-02-10 16:23:08,751] {processor.py:171} INFO - Processing /opt/airflow/dags/data-2-gcs-dag.py took 0.673 seconds
[2022-02-10 16:23:38,902] {processor.py:163} INFO - Started process (PID=1975) to work on /opt/airflow/dags/data-2-gcs-dag.py
[2022-02-10 16:23:38,906] {processor.py:642} INFO - Processing file /opt/airflow/dags/data-2-gcs-dag.py for tasks to queue
[2022-02-10 16:23:38,908] {logging_mixin.py:109} INFO - [2022-02-10 16:23:38,908] {dagbag.py:500} INFO - Filling up the DagBag from /opt/airflow/dags/data-2-gcs-dag.py
[2022-02-10 16:23:39,543] {processor.py:654} INFO - DAG(s) dict_keys(['data_2_gcs_dag']) retrieved from /opt/airflow/dags/data-2-gcs-dag.py
[2022-02-10 16:23:39,556] {logging_mixin.py:109} INFO - [2022-02-10 16:23:39,556] {dag.py:2396} INFO - Sync 1 DAGs
[2022-02-10 16:23:39,576] {logging_mixin.py:109} INFO - [2022-02-10 16:23:39,576] {dag.py:2935} INFO - Setting next_dagrun for data_2_gcs_dag to 2022-02-10T00:00:00+00:00
[2022-02-10 16:23:39,590] {processor.py:171} INFO - Processing /opt/airflow/dags/data-2-gcs-dag.py took 0.695 seconds
[2022-02-10 16:24:09,655] {processor.py:163} INFO - Started process (PID=2002) to work on /opt/airflow/dags/data-2-gcs-dag.py
[2022-02-10 16:24:09,658] {processor.py:642} INFO - Processing file /opt/airflow/dags/data-2-gcs-dag.py for tasks to queue
[2022-02-10 16:24:09,659] {logging_mixin.py:109} INFO - [2022-02-10 16:24:09,659] {dagbag.py:500} INFO - Filling up the DagBag from /opt/airflow/dags/data-2-gcs-dag.py
[2022-02-10 16:24:10,265] {processor.py:654} INFO - DAG(s) dict_keys(['data_2_gcs_dag']) retrieved from /opt/airflow/dags/data-2-gcs-dag.py
[2022-02-10 16:24:10,275] {logging_mixin.py:109} INFO - [2022-02-10 16:24:10,275] {dag.py:2396} INFO - Sync 1 DAGs
[2022-02-10 16:24:10,293] {logging_mixin.py:109} INFO - [2022-02-10 16:24:10,293] {dag.py:2935} INFO - Setting next_dagrun for data_2_gcs_dag to 2022-02-10T00:00:00+00:00
[2022-02-10 16:24:10,305] {processor.py:171} INFO - Processing /opt/airflow/dags/data-2-gcs-dag.py took 0.654 seconds
[2022-02-10 16:24:40,408] {processor.py:163} INFO - Started process (PID=2038) to work on /opt/airflow/dags/data-2-gcs-dag.py
[2022-02-10 16:24:40,412] {processor.py:642} INFO - Processing file /opt/airflow/dags/data-2-gcs-dag.py for tasks to queue
[2022-02-10 16:24:40,414] {logging_mixin.py:109} INFO - [2022-02-10 16:24:40,414] {dagbag.py:500} INFO - Filling up the DagBag from /opt/airflow/dags/data-2-gcs-dag.py
[2022-02-10 16:24:41,075] {processor.py:654} INFO - DAG(s) dict_keys(['data_2_gcs_dag']) retrieved from /opt/airflow/dags/data-2-gcs-dag.py
[2022-02-10 16:24:41,085] {logging_mixin.py:109} INFO - [2022-02-10 16:24:41,085] {dag.py:2396} INFO - Sync 1 DAGs
[2022-02-10 16:24:41,102] {logging_mixin.py:109} INFO - [2022-02-10 16:24:41,102] {dag.py:2935} INFO - Setting next_dagrun for data_2_gcs_dag to 2022-02-10T00:00:00+00:00
[2022-02-10 16:24:41,114] {processor.py:171} INFO - Processing /opt/airflow/dags/data-2-gcs-dag.py took 0.712 seconds
[2022-02-10 16:25:11,219] {processor.py:163} INFO - Started process (PID=2064) to work on /opt/airflow/dags/data-2-gcs-dag.py
[2022-02-10 16:25:11,223] {processor.py:642} INFO - Processing file /opt/airflow/dags/data-2-gcs-dag.py for tasks to queue
[2022-02-10 16:25:11,225] {logging_mixin.py:109} INFO - [2022-02-10 16:25:11,224] {dagbag.py:500} INFO - Filling up the DagBag from /opt/airflow/dags/data-2-gcs-dag.py
[2022-02-10 16:25:11,825] {processor.py:654} INFO - DAG(s) dict_keys(['data_2_gcs_dag']) retrieved from /opt/airflow/dags/data-2-gcs-dag.py
[2022-02-10 16:25:11,836] {logging_mixin.py:109} INFO - [2022-02-10 16:25:11,836] {dag.py:2396} INFO - Sync 1 DAGs
[2022-02-10 16:25:11,853] {logging_mixin.py:109} INFO - [2022-02-10 16:25:11,853] {dag.py:2935} INFO - Setting next_dagrun for data_2_gcs_dag to 2022-02-10T00:00:00+00:00
[2022-02-10 16:25:11,881] {processor.py:171} INFO - Processing /opt/airflow/dags/data-2-gcs-dag.py took 0.699 seconds
