[2022-02-02 19:13:46,472] {taskinstance.py:1032} INFO - Dependencies all met for <TaskInstance: ex_1_data_ingestion_gcs_dag_v3.download_dataset_task scheduled__2021-11-01T00:00:00+00:00 [queued]>
[2022-02-02 19:13:46,490] {taskinstance.py:1032} INFO - Dependencies all met for <TaskInstance: ex_1_data_ingestion_gcs_dag_v3.download_dataset_task scheduled__2021-11-01T00:00:00+00:00 [queued]>
[2022-02-02 19:13:46,491] {taskinstance.py:1238} INFO - 
--------------------------------------------------------------------------------
[2022-02-02 19:13:46,492] {taskinstance.py:1239} INFO - Starting attempt 1 of 1
[2022-02-02 19:13:46,493] {taskinstance.py:1240} INFO - 
--------------------------------------------------------------------------------
[2022-02-02 19:13:46,519] {taskinstance.py:1259} INFO - Executing <Task(BashOperator): download_dataset_task> on 2021-11-01 00:00:00+00:00
[2022-02-02 19:13:46,532] {standard_task_runner.py:52} INFO - Started process 11951 to run task
[2022-02-02 19:13:46,536] {standard_task_runner.py:76} INFO - Running: ['***', 'tasks', 'run', 'ex_1_data_ingestion_gcs_dag_v3', 'download_dataset_task', 'scheduled__2021-11-01T00:00:00+00:00', '--job-id', '404', '--raw', '--subdir', 'DAGS_FOLDER/data_ingestion_hw_1_ex.py', '--cfg-path', '/tmp/tmp0pg1_d3j', '--error-file', '/tmp/tmp7vfajctd']
[2022-02-02 19:13:46,539] {standard_task_runner.py:77} INFO - Job 404: Subtask download_dataset_task
[2022-02-02 19:13:46,623] {logging_mixin.py:109} INFO - Running <TaskInstance: ex_1_data_ingestion_gcs_dag_v3.download_dataset_task scheduled__2021-11-01T00:00:00+00:00 [running]> on host 700aeb16bae0
[2022-02-02 19:13:46,672] {warnings.py:110} WARNING - /home/***/.local/lib/python3.7/site-packages/***/utils/context.py:152: AirflowContextDeprecationWarning: Accessing 'execution_date' from the template is deprecated and will be removed in a future version. Please use 'data_interval_start' or 'logical_date' instead.
  warnings.warn(_create_deprecation_warning(key, self._deprecation_replacements[key]))

[2022-02-02 19:13:46,700] {taskinstance.py:1426} INFO - Exporting the following env vars:
AIRFLOW_CTX_DAG_OWNER=***
AIRFLOW_CTX_DAG_ID=ex_1_data_ingestion_gcs_dag_v3
AIRFLOW_CTX_TASK_ID=download_dataset_task
AIRFLOW_CTX_EXECUTION_DATE=2021-11-01T00:00:00+00:00
AIRFLOW_CTX_DAG_RUN_ID=scheduled__2021-11-01T00:00:00+00:00
[2022-02-02 19:13:46,702] {subprocess.py:62} INFO - Tmp dir root location: 
 /tmp
[2022-02-02 19:13:46,703] {subprocess.py:74} INFO - Running command: ['bash', '-c', 'curl -sS https://s3.amazonaws.com/nyc-tlc/trip+data/yellow_tripdata_2021-11.csv > /opt/***/yellow_tripdata_2021-11.csv']
[2022-02-02 19:13:46,719] {subprocess.py:85} INFO - Output:
[2022-02-02 19:13:47,293] {subprocess.py:93} INFO - Command exited with return code 0
[2022-02-02 19:13:47,336] {taskinstance.py:1277} INFO - Marking task as SUCCESS. dag_id=ex_1_data_ingestion_gcs_dag_v3, task_id=download_dataset_task, execution_date=20211101T000000, start_date=20220202T191346, end_date=20220202T191347
[2022-02-02 19:13:47,403] {local_task_job.py:154} INFO - Task exited with return code 0
[2022-02-02 19:13:47,446] {local_task_job.py:264} INFO - 1 downstream tasks scheduled from follow-on schedule check
[2022-02-10 14:55:34,703] {taskinstance.py:1032} INFO - Dependencies all met for <TaskInstance: ex_1_data_ingestion_gcs_dag_v3.download_dataset_task scheduled__2021-11-01T00:00:00+00:00 [queued]>
[2022-02-10 14:55:34,717] {taskinstance.py:1032} INFO - Dependencies all met for <TaskInstance: ex_1_data_ingestion_gcs_dag_v3.download_dataset_task scheduled__2021-11-01T00:00:00+00:00 [queued]>
[2022-02-10 14:55:34,718] {taskinstance.py:1238} INFO - 
--------------------------------------------------------------------------------
[2022-02-10 14:55:34,719] {taskinstance.py:1239} INFO - Starting attempt 1 of 1
[2022-02-10 14:55:34,720] {taskinstance.py:1240} INFO - 
--------------------------------------------------------------------------------
[2022-02-10 14:55:34,732] {taskinstance.py:1259} INFO - Executing <Task(BashOperator): download_dataset_task> on 2021-11-01 00:00:00+00:00
[2022-02-10 14:55:34,740] {standard_task_runner.py:52} INFO - Started process 3601 to run task
[2022-02-10 14:55:34,744] {standard_task_runner.py:76} INFO - Running: ['***', 'tasks', 'run', 'ex_1_data_ingestion_gcs_dag_v3', 'download_dataset_task', 'scheduled__2021-11-01T00:00:00+00:00', '--job-id', '758', '--raw', '--subdir', 'DAGS_FOLDER/data_ingestion_hw_1_ex.py', '--cfg-path', '/tmp/tmp_8k4eqty', '--error-file', '/tmp/tmprk_ubr0u']
[2022-02-10 14:55:34,747] {standard_task_runner.py:77} INFO - Job 758: Subtask download_dataset_task
[2022-02-10 14:55:34,850] {logging_mixin.py:109} INFO - Running <TaskInstance: ex_1_data_ingestion_gcs_dag_v3.download_dataset_task scheduled__2021-11-01T00:00:00+00:00 [running]> on host e30f201fae61
[2022-02-10 14:55:34,900] {warnings.py:110} WARNING - /home/***/.local/lib/python3.7/site-packages/***/utils/context.py:152: AirflowContextDeprecationWarning: Accessing 'execution_date' from the template is deprecated and will be removed in a future version. Please use 'data_interval_start' or 'logical_date' instead.
  warnings.warn(_create_deprecation_warning(key, self._deprecation_replacements[key]))

[2022-02-10 14:55:34,942] {taskinstance.py:1426} INFO - Exporting the following env vars:
AIRFLOW_CTX_DAG_OWNER=***
AIRFLOW_CTX_DAG_ID=ex_1_data_ingestion_gcs_dag_v3
AIRFLOW_CTX_TASK_ID=download_dataset_task
AIRFLOW_CTX_EXECUTION_DATE=2021-11-01T00:00:00+00:00
AIRFLOW_CTX_DAG_RUN_ID=scheduled__2021-11-01T00:00:00+00:00
[2022-02-10 14:55:34,943] {subprocess.py:62} INFO - Tmp dir root location: 
 /tmp
[2022-02-10 14:55:34,945] {subprocess.py:74} INFO - Running command: ['bash', '-c', 'curl -sS https://s3.amazonaws.com/nyc-tlc/trip+data/yellow_tripdata_2021-11.csv > /opt/***/yellow_tripdata_2021-11.csv']
[2022-02-10 14:55:34,958] {subprocess.py:85} INFO - Output:
[2022-02-10 14:55:35,488] {subprocess.py:93} INFO - Command exited with return code 0
[2022-02-10 14:55:35,519] {taskinstance.py:1277} INFO - Marking task as SUCCESS. dag_id=ex_1_data_ingestion_gcs_dag_v3, task_id=download_dataset_task, execution_date=20211101T000000, start_date=20220210T145534, end_date=20220210T145535
[2022-02-10 14:55:35,567] {local_task_job.py:154} INFO - Task exited with return code 0
[2022-02-10 14:55:35,620] {local_task_job.py:264} INFO - 1 downstream tasks scheduled from follow-on schedule check
[2022-02-10 15:43:13,416] {taskinstance.py:1032} INFO - Dependencies all met for <TaskInstance: ex_1_data_ingestion_gcs_dag_v3.download_dataset_task scheduled__2021-11-01T00:00:00+00:00 [queued]>
[2022-02-10 15:43:13,429] {taskinstance.py:1032} INFO - Dependencies all met for <TaskInstance: ex_1_data_ingestion_gcs_dag_v3.download_dataset_task scheduled__2021-11-01T00:00:00+00:00 [queued]>
[2022-02-10 15:43:13,430] {taskinstance.py:1238} INFO - 
--------------------------------------------------------------------------------
[2022-02-10 15:43:13,431] {taskinstance.py:1239} INFO - Starting attempt 1 of 1
[2022-02-10 15:43:13,432] {taskinstance.py:1240} INFO - 
--------------------------------------------------------------------------------
[2022-02-10 15:43:13,454] {taskinstance.py:1259} INFO - Executing <Task(BashOperator): download_dataset_task> on 2021-11-01 00:00:00+00:00
[2022-02-10 15:43:13,461] {standard_task_runner.py:52} INFO - Started process 1239 to run task
[2022-02-10 15:43:13,468] {standard_task_runner.py:76} INFO - Running: ['***', 'tasks', 'run', 'ex_1_data_ingestion_gcs_dag_v3', 'download_dataset_task', 'scheduled__2021-11-01T00:00:00+00:00', '--job-id', '881', '--raw', '--subdir', 'DAGS_FOLDER/data_ingestion_hw_1_ex.py', '--cfg-path', '/tmp/tmpr810mrvc', '--error-file', '/tmp/tmp70z2olhe']
[2022-02-10 15:43:13,469] {standard_task_runner.py:77} INFO - Job 881: Subtask download_dataset_task
[2022-02-10 15:43:13,554] {logging_mixin.py:109} INFO - Running <TaskInstance: ex_1_data_ingestion_gcs_dag_v3.download_dataset_task scheduled__2021-11-01T00:00:00+00:00 [running]> on host 276a0ad90304
[2022-02-10 15:43:13,611] {warnings.py:110} WARNING - /home/***/.local/lib/python3.7/site-packages/***/utils/context.py:152: AirflowContextDeprecationWarning: Accessing 'execution_date' from the template is deprecated and will be removed in a future version. Please use 'data_interval_start' or 'logical_date' instead.
  warnings.warn(_create_deprecation_warning(key, self._deprecation_replacements[key]))

[2022-02-10 15:43:13,650] {taskinstance.py:1426} INFO - Exporting the following env vars:
AIRFLOW_CTX_DAG_OWNER=***
AIRFLOW_CTX_DAG_ID=ex_1_data_ingestion_gcs_dag_v3
AIRFLOW_CTX_TASK_ID=download_dataset_task
AIRFLOW_CTX_EXECUTION_DATE=2021-11-01T00:00:00+00:00
AIRFLOW_CTX_DAG_RUN_ID=scheduled__2021-11-01T00:00:00+00:00
[2022-02-10 15:43:13,652] {subprocess.py:62} INFO - Tmp dir root location: 
 /tmp
[2022-02-10 15:43:13,655] {subprocess.py:74} INFO - Running command: ['bash', '-c', 'curl -sS https://s3.amazonaws.com/nyc-tlc/trip+data/yellow_tripdata_2021-11.csv > /opt/***/yellow_tripdata_2021-11.csv']
[2022-02-10 15:43:13,679] {subprocess.py:85} INFO - Output:
[2022-02-10 15:43:14,173] {subprocess.py:93} INFO - Command exited with return code 0
[2022-02-10 15:43:14,205] {taskinstance.py:1277} INFO - Marking task as SUCCESS. dag_id=ex_1_data_ingestion_gcs_dag_v3, task_id=download_dataset_task, execution_date=20211101T000000, start_date=20220210T154313, end_date=20220210T154314
[2022-02-10 15:43:14,254] {local_task_job.py:154} INFO - Task exited with return code 0
[2022-02-10 15:43:14,295] {local_task_job.py:264} INFO - 1 downstream tasks scheduled from follow-on schedule check
[2022-02-10 16:45:29,235] {taskinstance.py:1032} INFO - Dependencies all met for <TaskInstance: ex_1_data_ingestion_gcs_dag_v3.download_dataset_task scheduled__2021-11-01T00:00:00+00:00 [queued]>
[2022-02-10 16:45:29,263] {taskinstance.py:1032} INFO - Dependencies all met for <TaskInstance: ex_1_data_ingestion_gcs_dag_v3.download_dataset_task scheduled__2021-11-01T00:00:00+00:00 [queued]>
[2022-02-10 16:45:29,265] {taskinstance.py:1238} INFO - 
--------------------------------------------------------------------------------
[2022-02-10 16:45:29,267] {taskinstance.py:1239} INFO - Starting attempt 1 of 1
[2022-02-10 16:45:29,268] {taskinstance.py:1240} INFO - 
--------------------------------------------------------------------------------
[2022-02-10 16:45:29,319] {taskinstance.py:1259} INFO - Executing <Task(BashOperator): download_dataset_task> on 2021-11-01 00:00:00+00:00
[2022-02-10 16:45:29,335] {standard_task_runner.py:52} INFO - Started process 1082 to run task
[2022-02-10 16:45:29,346] {standard_task_runner.py:76} INFO - Running: ['***', 'tasks', 'run', 'ex_1_data_ingestion_gcs_dag_v3', 'download_dataset_task', 'scheduled__2021-11-01T00:00:00+00:00', '--job-id', '993', '--raw', '--subdir', 'DAGS_FOLDER/data_ingestion_hw_1_ex.py', '--cfg-path', '/tmp/tmp73c4ve36', '--error-file', '/tmp/tmpx1fzmn7e']
[2022-02-10 16:45:29,348] {standard_task_runner.py:77} INFO - Job 993: Subtask download_dataset_task
[2022-02-10 16:45:29,467] {logging_mixin.py:109} INFO - Running <TaskInstance: ex_1_data_ingestion_gcs_dag_v3.download_dataset_task scheduled__2021-11-01T00:00:00+00:00 [running]> on host 106a34111faf
[2022-02-10 16:45:29,561] {warnings.py:110} WARNING - /home/***/.local/lib/python3.7/site-packages/***/utils/context.py:152: AirflowContextDeprecationWarning: Accessing 'execution_date' from the template is deprecated and will be removed in a future version. Please use 'data_interval_start' or 'logical_date' instead.
  warnings.warn(_create_deprecation_warning(key, self._deprecation_replacements[key]))

[2022-02-10 16:45:29,629] {taskinstance.py:1426} INFO - Exporting the following env vars:
AIRFLOW_CTX_DAG_OWNER=***
AIRFLOW_CTX_DAG_ID=ex_1_data_ingestion_gcs_dag_v3
AIRFLOW_CTX_TASK_ID=download_dataset_task
AIRFLOW_CTX_EXECUTION_DATE=2021-11-01T00:00:00+00:00
AIRFLOW_CTX_DAG_RUN_ID=scheduled__2021-11-01T00:00:00+00:00
[2022-02-10 16:45:29,631] {subprocess.py:62} INFO - Tmp dir root location: 
 /tmp
[2022-02-10 16:45:29,633] {subprocess.py:74} INFO - Running command: ['bash', '-c', 'curl -sS https://s3.amazonaws.com/nyc-tlc/trip+data/yellow_tripdata_2021-11.csv > /opt/***/yellow_tripdata_2021-11.csv']
[2022-02-10 16:45:29,659] {subprocess.py:85} INFO - Output:
[2022-02-10 16:45:30,196] {subprocess.py:93} INFO - Command exited with return code 0
[2022-02-10 16:45:30,244] {taskinstance.py:1277} INFO - Marking task as SUCCESS. dag_id=ex_1_data_ingestion_gcs_dag_v3, task_id=download_dataset_task, execution_date=20211101T000000, start_date=20220210T164529, end_date=20220210T164530
[2022-02-10 16:45:30,290] {local_task_job.py:154} INFO - Task exited with return code 0
[2022-02-10 16:45:30,378] {local_task_job.py:264} INFO - 0 downstream tasks scheduled from follow-on schedule check
