[2022-02-02 13:40:25,058] {taskinstance.py:1032} INFO - Dependencies all met for <TaskInstance: ex_1_data_ingestion_gcs_dag.format_to_parquet_task manual__2022-02-02T13:40:14.569086+00:00 [queued]>
[2022-02-02 13:40:25,096] {taskinstance.py:1032} INFO - Dependencies all met for <TaskInstance: ex_1_data_ingestion_gcs_dag.format_to_parquet_task manual__2022-02-02T13:40:14.569086+00:00 [queued]>
[2022-02-02 13:40:25,097] {taskinstance.py:1238} INFO - 
--------------------------------------------------------------------------------
[2022-02-02 13:40:25,099] {taskinstance.py:1239} INFO - Starting attempt 1 of 1
[2022-02-02 13:40:25,101] {taskinstance.py:1240} INFO - 
--------------------------------------------------------------------------------
[2022-02-02 13:40:25,154] {taskinstance.py:1259} INFO - Executing <Task(PythonOperator): format_to_parquet_task> on 2022-02-02 13:40:14.569086+00:00
[2022-02-02 13:40:25,185] {standard_task_runner.py:52} INFO - Started process 1150 to run task
[2022-02-02 13:40:25,226] {standard_task_runner.py:76} INFO - Running: ['***', 'tasks', 'run', 'ex_1_data_ingestion_gcs_dag', 'format_to_parquet_task', 'manual__2022-02-02T13:40:14.569086+00:00', '--job-id', '120', '--raw', '--subdir', 'DAGS_FOLDER/data_ingestion_hw_1_ex.py', '--cfg-path', '/tmp/tmp3l09ddmw', '--error-file', '/tmp/tmpxn9c5ai1']
[2022-02-02 13:40:25,231] {standard_task_runner.py:77} INFO - Job 120: Subtask format_to_parquet_task
[2022-02-02 13:40:25,454] {logging_mixin.py:109} INFO - Running <TaskInstance: ex_1_data_ingestion_gcs_dag.format_to_parquet_task manual__2022-02-02T13:40:14.569086+00:00 [running]> on host 700aeb16bae0
[2022-02-02 13:40:25,589] {warnings.py:110} WARNING - /home/***/.local/lib/python3.7/site-packages/***/utils/context.py:152: AirflowContextDeprecationWarning: Accessing 'execution_date' from the template is deprecated and will be removed in a future version. Please use 'data_interval_start' or 'logical_date' instead.
  warnings.warn(_create_deprecation_warning(key, self._deprecation_replacements[key]))

[2022-02-02 13:40:25,644] {taskinstance.py:1426} INFO - Exporting the following env vars:
AIRFLOW_CTX_DAG_OWNER=***
AIRFLOW_CTX_DAG_ID=ex_1_data_ingestion_gcs_dag
AIRFLOW_CTX_TASK_ID=format_to_parquet_task
AIRFLOW_CTX_EXECUTION_DATE=2022-02-02T13:40:14.569086+00:00
AIRFLOW_CTX_DAG_RUN_ID=manual__2022-02-02T13:40:14.569086+00:00
[2022-02-02 13:40:26,136] {python.py:175} INFO - Done. Returned value was: None
[2022-02-02 13:40:26,174] {taskinstance.py:1277} INFO - Marking task as SUCCESS. dag_id=ex_1_data_ingestion_gcs_dag, task_id=format_to_parquet_task, execution_date=20220202T134014, start_date=20220202T134025, end_date=20220202T134026
[2022-02-02 13:40:26,253] {local_task_job.py:154} INFO - Task exited with return code 0
[2022-02-02 13:40:26,510] {local_task_job.py:264} INFO - 1 downstream tasks scheduled from follow-on schedule check
