[2022-02-03 14:34:50,540] {taskinstance.py:1032} INFO - Dependencies all met for <TaskInstance: FHV_data_ingestion_gcs_dag.download_dataset_task scheduled__2019-02-01T00:00:00+00:00 [queued]>
[2022-02-03 14:34:50,550] {taskinstance.py:1032} INFO - Dependencies all met for <TaskInstance: FHV_data_ingestion_gcs_dag.download_dataset_task scheduled__2019-02-01T00:00:00+00:00 [queued]>
[2022-02-03 14:34:50,551] {taskinstance.py:1238} INFO - 
--------------------------------------------------------------------------------
[2022-02-03 14:34:50,552] {taskinstance.py:1239} INFO - Starting attempt 1 of 1
[2022-02-03 14:34:50,553] {taskinstance.py:1240} INFO - 
--------------------------------------------------------------------------------
[2022-02-03 14:34:50,564] {taskinstance.py:1259} INFO - Executing <Task(BashOperator): download_dataset_task> on 2019-02-01 00:00:00+00:00
[2022-02-03 14:34:50,569] {standard_task_runner.py:52} INFO - Started process 620 to run task
[2022-02-03 14:34:50,573] {standard_task_runner.py:76} INFO - Running: ['***', 'tasks', 'run', 'FHV_data_ingestion_gcs_dag', 'download_dataset_task', 'scheduled__2019-02-01T00:00:00+00:00', '--job-id', '425', '--raw', '--subdir', 'DAGS_FOLDER/FHV_injection_dag.py', '--cfg-path', '/tmp/tmps87okk8j', '--error-file', '/tmp/tmprmuy5sd4']
[2022-02-03 14:34:50,574] {standard_task_runner.py:77} INFO - Job 425: Subtask download_dataset_task
[2022-02-03 14:34:50,634] {logging_mixin.py:109} INFO - Running <TaskInstance: FHV_data_ingestion_gcs_dag.download_dataset_task scheduled__2019-02-01T00:00:00+00:00 [running]> on host 700aeb16bae0
[2022-02-03 14:34:50,669] {warnings.py:110} WARNING - /home/***/.local/lib/python3.7/site-packages/***/utils/context.py:152: AirflowContextDeprecationWarning: Accessing 'execution_date' from the template is deprecated and will be removed in a future version. Please use 'data_interval_start' or 'logical_date' instead.
  warnings.warn(_create_deprecation_warning(key, self._deprecation_replacements[key]))

[2022-02-03 14:34:50,689] {taskinstance.py:1426} INFO - Exporting the following env vars:
AIRFLOW_CTX_DAG_OWNER=***
AIRFLOW_CTX_DAG_ID=FHV_data_ingestion_gcs_dag
AIRFLOW_CTX_TASK_ID=download_dataset_task
AIRFLOW_CTX_EXECUTION_DATE=2019-02-01T00:00:00+00:00
AIRFLOW_CTX_DAG_RUN_ID=scheduled__2019-02-01T00:00:00+00:00
[2022-02-03 14:34:50,691] {subprocess.py:62} INFO - Tmp dir root location: 
 /tmp
[2022-02-03 14:34:50,692] {subprocess.py:74} INFO - Running command: ['bash', '-c', 'curl -sSLf https://nyc-tlc.s3.amazonaws.com/trip+data/fhv_tripdata_2019-02.csv > /opt/***/fhv_tripdata_2019-02.csv']
[2022-02-03 14:34:50,703] {subprocess.py:85} INFO - Output:
[2022-02-03 14:35:21,726] {subprocess.py:93} INFO - Command exited with return code 0
[2022-02-03 14:35:21,753] {taskinstance.py:1277} INFO - Marking task as SUCCESS. dag_id=FHV_data_ingestion_gcs_dag, task_id=download_dataset_task, execution_date=20190201T000000, start_date=20220203T143450, end_date=20220203T143521
[2022-02-03 14:35:21,797] {local_task_job.py:154} INFO - Task exited with return code 0
[2022-02-03 14:35:21,838] {local_task_job.py:264} INFO - 1 downstream tasks scheduled from follow-on schedule check
[2022-02-03 15:04:20,779] {taskinstance.py:1032} INFO - Dependencies all met for <TaskInstance: FHV_data_ingestion_gcs_dag.download_dataset_task scheduled__2019-02-01T00:00:00+00:00 [queued]>
[2022-02-03 15:04:20,825] {taskinstance.py:1032} INFO - Dependencies all met for <TaskInstance: FHV_data_ingestion_gcs_dag.download_dataset_task scheduled__2019-02-01T00:00:00+00:00 [queued]>
[2022-02-03 15:04:20,828] {taskinstance.py:1238} INFO - 
--------------------------------------------------------------------------------
[2022-02-03 15:04:20,829] {taskinstance.py:1239} INFO - Starting attempt 1 of 1
[2022-02-03 15:04:20,831] {taskinstance.py:1240} INFO - 
--------------------------------------------------------------------------------
[2022-02-03 15:04:20,880] {taskinstance.py:1259} INFO - Executing <Task(BashOperator): download_dataset_task> on 2019-02-01 00:00:00+00:00
[2022-02-03 15:04:20,891] {standard_task_runner.py:52} INFO - Started process 2445 to run task
[2022-02-03 15:04:20,912] {standard_task_runner.py:76} INFO - Running: ['***', 'tasks', 'run', 'FHV_data_ingestion_gcs_dag', 'download_dataset_task', 'scheduled__2019-02-01T00:00:00+00:00', '--job-id', '530', '--raw', '--subdir', 'DAGS_FOLDER/FHV_injection_dag.py', '--cfg-path', '/tmp/tmpiqhnqgg2', '--error-file', '/tmp/tmpe9s69az2']
[2022-02-03 15:04:20,915] {standard_task_runner.py:77} INFO - Job 530: Subtask download_dataset_task
[2022-02-03 15:04:21,106] {logging_mixin.py:109} INFO - Running <TaskInstance: FHV_data_ingestion_gcs_dag.download_dataset_task scheduled__2019-02-01T00:00:00+00:00 [running]> on host 700aeb16bae0
[2022-02-03 15:04:21,183] {warnings.py:110} WARNING - /home/***/.local/lib/python3.7/site-packages/***/utils/context.py:152: AirflowContextDeprecationWarning: Accessing 'execution_date' from the template is deprecated and will be removed in a future version. Please use 'data_interval_start' or 'logical_date' instead.
  warnings.warn(_create_deprecation_warning(key, self._deprecation_replacements[key]))

[2022-02-03 15:04:21,228] {taskinstance.py:1426} INFO - Exporting the following env vars:
AIRFLOW_CTX_DAG_OWNER=***
AIRFLOW_CTX_DAG_ID=FHV_data_ingestion_gcs_dag
AIRFLOW_CTX_TASK_ID=download_dataset_task
AIRFLOW_CTX_EXECUTION_DATE=2019-02-01T00:00:00+00:00
AIRFLOW_CTX_DAG_RUN_ID=scheduled__2019-02-01T00:00:00+00:00
[2022-02-03 15:04:21,233] {subprocess.py:62} INFO - Tmp dir root location: 
 /tmp
[2022-02-03 15:04:21,236] {subprocess.py:74} INFO - Running command: ['bash', '-c', 'curl -sSLf https://nyc-tlc.s3.amazonaws.com/trip+data/fhv_tripdata_2019-02.csv > /opt/***/fhv_tripdata_2019-02.csv']
[2022-02-03 15:04:21,258] {subprocess.py:85} INFO - Output:
[2022-02-03 15:05:53,683] {subprocess.py:93} INFO - Command exited with return code 0
[2022-02-03 15:05:53,793] {taskinstance.py:1277} INFO - Marking task as SUCCESS. dag_id=FHV_data_ingestion_gcs_dag, task_id=download_dataset_task, execution_date=20190201T000000, start_date=20220203T150420, end_date=20220203T150553
[2022-02-03 15:05:53,878] {local_task_job.py:154} INFO - Task exited with return code 0
[2022-02-03 15:05:53,949] {local_task_job.py:264} INFO - 1 downstream tasks scheduled from follow-on schedule check
