[2022-02-03 15:21:24,622] {taskinstance.py:1032} INFO - Dependencies all met for <TaskInstance: FHV_data_ingestion_gcs_dag.download_dataset_task scheduled__2021-07-01T00:00:00+00:00 [queued]>
[2022-02-03 15:21:24,641] {taskinstance.py:1032} INFO - Dependencies all met for <TaskInstance: FHV_data_ingestion_gcs_dag.download_dataset_task scheduled__2021-07-01T00:00:00+00:00 [queued]>
[2022-02-03 15:21:24,644] {taskinstance.py:1238} INFO - 
--------------------------------------------------------------------------------
[2022-02-03 15:21:24,647] {taskinstance.py:1239} INFO - Starting attempt 1 of 1
[2022-02-03 15:21:24,647] {taskinstance.py:1240} INFO - 
--------------------------------------------------------------------------------
[2022-02-03 15:21:24,665] {taskinstance.py:1259} INFO - Executing <Task(BashOperator): download_dataset_task> on 2021-07-01 00:00:00+00:00
[2022-02-03 15:21:24,671] {standard_task_runner.py:52} INFO - Started process 3735 to run task
[2022-02-03 15:21:24,680] {standard_task_runner.py:76} INFO - Running: ['***', 'tasks', 'run', 'FHV_data_ingestion_gcs_dag', 'download_dataset_task', 'scheduled__2021-07-01T00:00:00+00:00', '--job-id', '616', '--raw', '--subdir', 'DAGS_FOLDER/FHV_injection_dag.py', '--cfg-path', '/tmp/tmpzvgdzat9', '--error-file', '/tmp/tmps8bmjp9g']
[2022-02-03 15:21:24,682] {standard_task_runner.py:77} INFO - Job 616: Subtask download_dataset_task
[2022-02-03 15:21:24,764] {logging_mixin.py:109} INFO - Running <TaskInstance: FHV_data_ingestion_gcs_dag.download_dataset_task scheduled__2021-07-01T00:00:00+00:00 [running]> on host 700aeb16bae0
[2022-02-03 15:21:24,811] {warnings.py:110} WARNING - /home/***/.local/lib/python3.7/site-packages/***/utils/context.py:152: AirflowContextDeprecationWarning: Accessing 'execution_date' from the template is deprecated and will be removed in a future version. Please use 'data_interval_start' or 'logical_date' instead.
  warnings.warn(_create_deprecation_warning(key, self._deprecation_replacements[key]))

[2022-02-03 15:21:24,836] {taskinstance.py:1426} INFO - Exporting the following env vars:
AIRFLOW_CTX_DAG_OWNER=***
AIRFLOW_CTX_DAG_ID=FHV_data_ingestion_gcs_dag
AIRFLOW_CTX_TASK_ID=download_dataset_task
AIRFLOW_CTX_EXECUTION_DATE=2021-07-01T00:00:00+00:00
AIRFLOW_CTX_DAG_RUN_ID=scheduled__2021-07-01T00:00:00+00:00
[2022-02-03 15:21:24,838] {subprocess.py:62} INFO - Tmp dir root location: 
 /tmp
[2022-02-03 15:21:24,840] {subprocess.py:74} INFO - Running command: ['bash', '-c', 'curl -sSLf https://nyc-tlc.s3.amazonaws.com/trip+data/fhv_tripdata_2021-07.csv > /opt/***/fhv_tripdata_2021-07.csv']
[2022-02-03 15:21:24,853] {subprocess.py:85} INFO - Output:
[2022-02-03 15:21:35,225] {subprocess.py:93} INFO - Command exited with return code 0
[2022-02-03 15:21:35,252] {taskinstance.py:1277} INFO - Marking task as SUCCESS. dag_id=FHV_data_ingestion_gcs_dag, task_id=download_dataset_task, execution_date=20210701T000000, start_date=20220203T152124, end_date=20220203T152135
[2022-02-03 15:21:35,297] {local_task_job.py:154} INFO - Task exited with return code 0
[2022-02-03 15:21:35,336] {local_task_job.py:264} INFO - 1 downstream tasks scheduled from follow-on schedule check
