[2022-02-03 14:41:04,557] {taskinstance.py:1032} INFO - Dependencies all met for <TaskInstance: FHV_data_ingestion_gcs_dag.format_to_parquet_task scheduled__2019-06-01T00:00:00+00:00 [queued]>
[2022-02-03 14:41:04,568] {taskinstance.py:1032} INFO - Dependencies all met for <TaskInstance: FHV_data_ingestion_gcs_dag.format_to_parquet_task scheduled__2019-06-01T00:00:00+00:00 [queued]>
[2022-02-03 14:41:04,569] {taskinstance.py:1238} INFO - 
--------------------------------------------------------------------------------
[2022-02-03 14:41:04,569] {taskinstance.py:1239} INFO - Starting attempt 1 of 1
[2022-02-03 14:41:04,570] {taskinstance.py:1240} INFO - 
--------------------------------------------------------------------------------
[2022-02-03 14:41:04,582] {taskinstance.py:1259} INFO - Executing <Task(PythonOperator): format_to_parquet_task> on 2019-06-01 00:00:00+00:00
[2022-02-03 14:41:04,588] {standard_task_runner.py:52} INFO - Started process 1000 to run task
[2022-02-03 14:41:04,593] {standard_task_runner.py:76} INFO - Running: ['***', 'tasks', 'run', 'FHV_data_ingestion_gcs_dag', 'format_to_parquet_task', 'scheduled__2019-06-01T00:00:00+00:00', '--job-id', '442', '--raw', '--subdir', 'DAGS_FOLDER/FHV_injection_dag.py', '--cfg-path', '/tmp/tmpol7ey692', '--error-file', '/tmp/tmp8971ypg0']
[2022-02-03 14:41:04,594] {standard_task_runner.py:77} INFO - Job 442: Subtask format_to_parquet_task
[2022-02-03 14:41:04,663] {logging_mixin.py:109} INFO - Running <TaskInstance: FHV_data_ingestion_gcs_dag.format_to_parquet_task scheduled__2019-06-01T00:00:00+00:00 [running]> on host 700aeb16bae0
[2022-02-03 14:41:04,701] {warnings.py:110} WARNING - /home/***/.local/lib/python3.7/site-packages/***/utils/context.py:152: AirflowContextDeprecationWarning: Accessing 'execution_date' from the template is deprecated and will be removed in a future version. Please use 'data_interval_start' or 'logical_date' instead.
  warnings.warn(_create_deprecation_warning(key, self._deprecation_replacements[key]))

[2022-02-03 14:41:04,721] {taskinstance.py:1426} INFO - Exporting the following env vars:
AIRFLOW_CTX_DAG_OWNER=***
AIRFLOW_CTX_DAG_ID=FHV_data_ingestion_gcs_dag
AIRFLOW_CTX_TASK_ID=format_to_parquet_task
AIRFLOW_CTX_EXECUTION_DATE=2019-06-01T00:00:00+00:00
AIRFLOW_CTX_DAG_RUN_ID=scheduled__2019-06-01T00:00:00+00:00
[2022-02-03 14:41:05,232] {python.py:175} INFO - Done. Returned value was: None
[2022-02-03 14:41:05,247] {taskinstance.py:1277} INFO - Marking task as SUCCESS. dag_id=FHV_data_ingestion_gcs_dag, task_id=format_to_parquet_task, execution_date=20190601T000000, start_date=20220203T144104, end_date=20220203T144105
[2022-02-03 14:41:05,329] {local_task_job.py:154} INFO - Task exited with return code 0
[2022-02-03 14:41:05,371] {local_task_job.py:264} INFO - 1 downstream tasks scheduled from follow-on schedule check
[2022-02-03 15:08:38,218] {taskinstance.py:1032} INFO - Dependencies all met for <TaskInstance: FHV_data_ingestion_gcs_dag.format_to_parquet_task scheduled__2019-06-01T00:00:00+00:00 [queued]>
[2022-02-03 15:08:38,231] {taskinstance.py:1032} INFO - Dependencies all met for <TaskInstance: FHV_data_ingestion_gcs_dag.format_to_parquet_task scheduled__2019-06-01T00:00:00+00:00 [queued]>
[2022-02-03 15:08:38,232] {taskinstance.py:1238} INFO - 
--------------------------------------------------------------------------------
[2022-02-03 15:08:38,233] {taskinstance.py:1239} INFO - Starting attempt 1 of 1
[2022-02-03 15:08:38,233] {taskinstance.py:1240} INFO - 
--------------------------------------------------------------------------------
[2022-02-03 15:08:38,247] {taskinstance.py:1259} INFO - Executing <Task(PythonOperator): format_to_parquet_task> on 2019-06-01 00:00:00+00:00
[2022-02-03 15:08:38,254] {standard_task_runner.py:52} INFO - Started process 2714 to run task
[2022-02-03 15:08:38,258] {standard_task_runner.py:76} INFO - Running: ['***', 'tasks', 'run', 'FHV_data_ingestion_gcs_dag', 'format_to_parquet_task', 'scheduled__2019-06-01T00:00:00+00:00', '--job-id', '545', '--raw', '--subdir', 'DAGS_FOLDER/FHV_injection_dag.py', '--cfg-path', '/tmp/tmp_o3l88cs', '--error-file', '/tmp/tmp8tji8ou7']
[2022-02-03 15:08:38,260] {standard_task_runner.py:77} INFO - Job 545: Subtask format_to_parquet_task
[2022-02-03 15:08:38,325] {logging_mixin.py:109} INFO - Running <TaskInstance: FHV_data_ingestion_gcs_dag.format_to_parquet_task scheduled__2019-06-01T00:00:00+00:00 [running]> on host 700aeb16bae0
[2022-02-03 15:08:38,365] {warnings.py:110} WARNING - /home/***/.local/lib/python3.7/site-packages/***/utils/context.py:152: AirflowContextDeprecationWarning: Accessing 'execution_date' from the template is deprecated and will be removed in a future version. Please use 'data_interval_start' or 'logical_date' instead.
  warnings.warn(_create_deprecation_warning(key, self._deprecation_replacements[key]))

[2022-02-03 15:08:38,384] {taskinstance.py:1426} INFO - Exporting the following env vars:
AIRFLOW_CTX_DAG_OWNER=***
AIRFLOW_CTX_DAG_ID=FHV_data_ingestion_gcs_dag
AIRFLOW_CTX_TASK_ID=format_to_parquet_task
AIRFLOW_CTX_EXECUTION_DATE=2019-06-01T00:00:00+00:00
AIRFLOW_CTX_DAG_RUN_ID=scheduled__2019-06-01T00:00:00+00:00
[2022-02-03 15:08:38,901] {python.py:175} INFO - Done. Returned value was: None
[2022-02-03 15:08:38,918] {taskinstance.py:1277} INFO - Marking task as SUCCESS. dag_id=FHV_data_ingestion_gcs_dag, task_id=format_to_parquet_task, execution_date=20190601T000000, start_date=20220203T150838, end_date=20220203T150838
[2022-02-03 15:08:38,998] {local_task_job.py:154} INFO - Task exited with return code 0
[2022-02-03 15:08:39,035] {local_task_job.py:264} INFO - 1 downstream tasks scheduled from follow-on schedule check
