[2022-02-03 15:21:36,538] {taskinstance.py:1032} INFO - Dependencies all met for <TaskInstance: FHV_data_ingestion_gcs_dag.format_to_parquet_task scheduled__2021-07-01T00:00:00+00:00 [queued]>
[2022-02-03 15:21:36,554] {taskinstance.py:1032} INFO - Dependencies all met for <TaskInstance: FHV_data_ingestion_gcs_dag.format_to_parquet_task scheduled__2021-07-01T00:00:00+00:00 [queued]>
[2022-02-03 15:21:36,555] {taskinstance.py:1238} INFO - 
--------------------------------------------------------------------------------
[2022-02-03 15:21:36,556] {taskinstance.py:1239} INFO - Starting attempt 1 of 1
[2022-02-03 15:21:36,557] {taskinstance.py:1240} INFO - 
--------------------------------------------------------------------------------
[2022-02-03 15:21:36,570] {taskinstance.py:1259} INFO - Executing <Task(PythonOperator): format_to_parquet_task> on 2021-07-01 00:00:00+00:00
[2022-02-03 15:21:36,575] {standard_task_runner.py:52} INFO - Started process 3749 to run task
[2022-02-03 15:21:36,579] {standard_task_runner.py:76} INFO - Running: ['***', 'tasks', 'run', 'FHV_data_ingestion_gcs_dag', 'format_to_parquet_task', 'scheduled__2021-07-01T00:00:00+00:00', '--job-id', '617', '--raw', '--subdir', 'DAGS_FOLDER/FHV_injection_dag.py', '--cfg-path', '/tmp/tmpzwo_fe63', '--error-file', '/tmp/tmpr802vcne']
[2022-02-03 15:21:36,581] {standard_task_runner.py:77} INFO - Job 617: Subtask format_to_parquet_task
[2022-02-03 15:21:36,652] {logging_mixin.py:109} INFO - Running <TaskInstance: FHV_data_ingestion_gcs_dag.format_to_parquet_task scheduled__2021-07-01T00:00:00+00:00 [running]> on host 700aeb16bae0
[2022-02-03 15:21:36,697] {warnings.py:110} WARNING - /home/***/.local/lib/python3.7/site-packages/***/utils/context.py:152: AirflowContextDeprecationWarning: Accessing 'execution_date' from the template is deprecated and will be removed in a future version. Please use 'data_interval_start' or 'logical_date' instead.
  warnings.warn(_create_deprecation_warning(key, self._deprecation_replacements[key]))

[2022-02-03 15:21:36,719] {taskinstance.py:1426} INFO - Exporting the following env vars:
AIRFLOW_CTX_DAG_OWNER=***
AIRFLOW_CTX_DAG_ID=FHV_data_ingestion_gcs_dag
AIRFLOW_CTX_TASK_ID=format_to_parquet_task
AIRFLOW_CTX_EXECUTION_DATE=2021-07-01T00:00:00+00:00
AIRFLOW_CTX_DAG_RUN_ID=scheduled__2021-07-01T00:00:00+00:00
[2022-02-03 15:21:37,215] {python.py:175} INFO - Done. Returned value was: None
[2022-02-03 15:21:37,232] {taskinstance.py:1277} INFO - Marking task as SUCCESS. dag_id=FHV_data_ingestion_gcs_dag, task_id=format_to_parquet_task, execution_date=20210701T000000, start_date=20220203T152136, end_date=20220203T152137
[2022-02-03 15:21:37,317] {local_task_job.py:154} INFO - Task exited with return code 0
[2022-02-03 15:21:37,405] {local_task_job.py:264} INFO - 0 downstream tasks scheduled from follow-on schedule check
