[2022-02-02 18:07:26,635] {taskinstance.py:1032} INFO - Dependencies all met for <TaskInstance: ex_1_data_ingestion_gcs_dag_v3.format_to_parquet_task scheduled__2019-02-01T00:00:00+00:00 [queued]>
[2022-02-02 18:07:26,652] {taskinstance.py:1032} INFO - Dependencies all met for <TaskInstance: ex_1_data_ingestion_gcs_dag_v3.format_to_parquet_task scheduled__2019-02-01T00:00:00+00:00 [queued]>
[2022-02-02 18:07:26,653] {taskinstance.py:1238} INFO - 
--------------------------------------------------------------------------------
[2022-02-02 18:07:26,654] {taskinstance.py:1239} INFO - Starting attempt 1 of 1
[2022-02-02 18:07:26,655] {taskinstance.py:1240} INFO - 
--------------------------------------------------------------------------------
[2022-02-02 18:07:26,674] {taskinstance.py:1259} INFO - Executing <Task(PythonOperator): format_to_parquet_task> on 2019-02-01 00:00:00+00:00
[2022-02-02 18:07:26,685] {standard_task_runner.py:52} INFO - Started process 8335 to run task
[2022-02-02 18:07:26,690] {standard_task_runner.py:76} INFO - Running: ['***', 'tasks', 'run', 'ex_1_data_ingestion_gcs_dag_v3', 'format_to_parquet_task', 'scheduled__2019-02-01T00:00:00+00:00', '--job-id', '308', '--raw', '--subdir', 'DAGS_FOLDER/data_ingestion_hw_1_ex.py', '--cfg-path', '/tmp/tmp78mwumpu', '--error-file', '/tmp/tmpjl6hwdwz']
[2022-02-02 18:07:26,692] {standard_task_runner.py:77} INFO - Job 308: Subtask format_to_parquet_task
[2022-02-02 18:07:26,769] {logging_mixin.py:109} INFO - Running <TaskInstance: ex_1_data_ingestion_gcs_dag_v3.format_to_parquet_task scheduled__2019-02-01T00:00:00+00:00 [running]> on host 700aeb16bae0
[2022-02-02 18:07:26,808] {warnings.py:110} WARNING - /home/***/.local/lib/python3.7/site-packages/***/utils/context.py:152: AirflowContextDeprecationWarning: Accessing 'execution_date' from the template is deprecated and will be removed in a future version. Please use 'data_interval_start' or 'logical_date' instead.
  warnings.warn(_create_deprecation_warning(key, self._deprecation_replacements[key]))

[2022-02-02 18:07:26,862] {taskinstance.py:1426} INFO - Exporting the following env vars:
AIRFLOW_CTX_DAG_OWNER=***
AIRFLOW_CTX_DAG_ID=ex_1_data_ingestion_gcs_dag_v3
AIRFLOW_CTX_TASK_ID=format_to_parquet_task
AIRFLOW_CTX_EXECUTION_DATE=2019-02-01T00:00:00+00:00
AIRFLOW_CTX_DAG_RUN_ID=scheduled__2019-02-01T00:00:00+00:00
[2022-02-02 18:07:38,139] {python.py:175} INFO - Done. Returned value was: None
[2022-02-02 18:07:38,188] {taskinstance.py:1277} INFO - Marking task as SUCCESS. dag_id=ex_1_data_ingestion_gcs_dag_v3, task_id=format_to_parquet_task, execution_date=20190201T000000, start_date=20220202T180726, end_date=20220202T180738
[2022-02-02 18:07:39,267] {local_task_job.py:154} INFO - Task exited with return code 0
[2022-02-02 18:07:39,326] {local_task_job.py:264} INFO - 1 downstream tasks scheduled from follow-on schedule check
[2022-02-10 12:48:35,857] {taskinstance.py:1032} INFO - Dependencies all met for <TaskInstance: ex_1_data_ingestion_gcs_dag_v3.format_to_parquet_task scheduled__2019-02-01T00:00:00+00:00 [queued]>
[2022-02-10 12:48:35,871] {taskinstance.py:1032} INFO - Dependencies all met for <TaskInstance: ex_1_data_ingestion_gcs_dag_v3.format_to_parquet_task scheduled__2019-02-01T00:00:00+00:00 [queued]>
[2022-02-10 12:48:35,872] {taskinstance.py:1238} INFO - 
--------------------------------------------------------------------------------
[2022-02-10 12:48:35,873] {taskinstance.py:1239} INFO - Starting attempt 1 of 1
[2022-02-10 12:48:35,874] {taskinstance.py:1240} INFO - 
--------------------------------------------------------------------------------
[2022-02-10 12:48:35,885] {taskinstance.py:1259} INFO - Executing <Task(PythonOperator): format_to_parquet_task> on 2019-02-01 00:00:00+00:00
[2022-02-10 12:48:35,890] {standard_task_runner.py:52} INFO - Started process 714 to run task
[2022-02-10 12:48:35,894] {standard_task_runner.py:76} INFO - Running: ['***', 'tasks', 'run', 'ex_1_data_ingestion_gcs_dag_v3', 'format_to_parquet_task', 'scheduled__2019-02-01T00:00:00+00:00', '--job-id', '664', '--raw', '--subdir', 'DAGS_FOLDER/data_ingestion_hw_1_ex.py', '--cfg-path', '/tmp/tmpkf4kw8zz', '--error-file', '/tmp/tmpydjtiuwm']
[2022-02-10 12:48:35,897] {standard_task_runner.py:77} INFO - Job 664: Subtask format_to_parquet_task
[2022-02-10 12:48:35,976] {logging_mixin.py:109} INFO - Running <TaskInstance: ex_1_data_ingestion_gcs_dag_v3.format_to_parquet_task scheduled__2019-02-01T00:00:00+00:00 [running]> on host e30f201fae61
[2022-02-10 12:48:36,018] {warnings.py:110} WARNING - /home/***/.local/lib/python3.7/site-packages/***/utils/context.py:152: AirflowContextDeprecationWarning: Accessing 'execution_date' from the template is deprecated and will be removed in a future version. Please use 'data_interval_start' or 'logical_date' instead.
  warnings.warn(_create_deprecation_warning(key, self._deprecation_replacements[key]))

[2022-02-10 12:48:36,041] {taskinstance.py:1426} INFO - Exporting the following env vars:
AIRFLOW_CTX_DAG_OWNER=***
AIRFLOW_CTX_DAG_ID=ex_1_data_ingestion_gcs_dag_v3
AIRFLOW_CTX_TASK_ID=format_to_parquet_task
AIRFLOW_CTX_EXECUTION_DATE=2019-02-01T00:00:00+00:00
AIRFLOW_CTX_DAG_RUN_ID=scheduled__2019-02-01T00:00:00+00:00
[2022-02-10 12:48:42,769] {python.py:175} INFO - Done. Returned value was: None
[2022-02-10 12:48:42,790] {taskinstance.py:1277} INFO - Marking task as SUCCESS. dag_id=ex_1_data_ingestion_gcs_dag_v3, task_id=format_to_parquet_task, execution_date=20190201T000000, start_date=20220210T124835, end_date=20220210T124842
[2022-02-10 12:48:43,776] {local_task_job.py:154} INFO - Task exited with return code 0
[2022-02-10 12:48:43,916] {local_task_job.py:264} INFO - 0 downstream tasks scheduled from follow-on schedule check
[2022-02-10 15:30:48,726] {taskinstance.py:1032} INFO - Dependencies all met for <TaskInstance: ex_1_data_ingestion_gcs_dag_v3.format_to_parquet_task scheduled__2019-02-01T00:00:00+00:00 [queued]>
[2022-02-10 15:30:48,750] {taskinstance.py:1032} INFO - Dependencies all met for <TaskInstance: ex_1_data_ingestion_gcs_dag_v3.format_to_parquet_task scheduled__2019-02-01T00:00:00+00:00 [queued]>
[2022-02-10 15:30:48,752] {taskinstance.py:1238} INFO - 
--------------------------------------------------------------------------------
[2022-02-10 15:30:48,754] {taskinstance.py:1239} INFO - Starting attempt 1 of 1
[2022-02-10 15:30:48,755] {taskinstance.py:1240} INFO - 
--------------------------------------------------------------------------------
[2022-02-10 15:30:48,786] {taskinstance.py:1259} INFO - Executing <Task(PythonOperator): format_to_parquet_task> on 2019-02-01 00:00:00+00:00
[2022-02-10 15:30:48,798] {standard_task_runner.py:52} INFO - Started process 165 to run task
[2022-02-10 15:30:48,811] {standard_task_runner.py:76} INFO - Running: ['***', 'tasks', 'run', 'ex_1_data_ingestion_gcs_dag_v3', 'format_to_parquet_task', 'scheduled__2019-02-01T00:00:00+00:00', '--job-id', '783', '--raw', '--subdir', 'DAGS_FOLDER/data_ingestion_hw_1_ex.py', '--cfg-path', '/tmp/tmpp1096p0e', '--error-file', '/tmp/tmpvbg6an6v']
[2022-02-10 15:30:48,816] {standard_task_runner.py:77} INFO - Job 783: Subtask format_to_parquet_task
[2022-02-10 15:30:48,938] {logging_mixin.py:109} INFO - Running <TaskInstance: ex_1_data_ingestion_gcs_dag_v3.format_to_parquet_task scheduled__2019-02-01T00:00:00+00:00 [running]> on host 276a0ad90304
[2022-02-10 15:30:48,998] {warnings.py:110} WARNING - /home/***/.local/lib/python3.7/site-packages/***/utils/context.py:152: AirflowContextDeprecationWarning: Accessing 'execution_date' from the template is deprecated and will be removed in a future version. Please use 'data_interval_start' or 'logical_date' instead.
  warnings.warn(_create_deprecation_warning(key, self._deprecation_replacements[key]))

[2022-02-10 15:30:49,044] {taskinstance.py:1426} INFO - Exporting the following env vars:
AIRFLOW_CTX_DAG_OWNER=***
AIRFLOW_CTX_DAG_ID=ex_1_data_ingestion_gcs_dag_v3
AIRFLOW_CTX_TASK_ID=format_to_parquet_task
AIRFLOW_CTX_EXECUTION_DATE=2019-02-01T00:00:00+00:00
AIRFLOW_CTX_DAG_RUN_ID=scheduled__2019-02-01T00:00:00+00:00
[2022-02-10 15:31:27,219] {python.py:175} INFO - Done. Returned value was: None
[2022-02-10 15:31:27,276] {taskinstance.py:1277} INFO - Marking task as SUCCESS. dag_id=ex_1_data_ingestion_gcs_dag_v3, task_id=format_to_parquet_task, execution_date=20190201T000000, start_date=20220210T153048, end_date=20220210T153127
[2022-02-10 15:31:28,631] {local_task_job.py:154} INFO - Task exited with return code 0
[2022-02-10 15:31:28,870] {local_task_job.py:264} INFO - 0 downstream tasks scheduled from follow-on schedule check
