[2022-02-02 19:08:36,959] {taskinstance.py:1032} INFO - Dependencies all met for <TaskInstance: ex_1_data_ingestion_gcs_dag_v3.download_dataset_task scheduled__2021-05-01T00:00:00+00:00 [queued]>
[2022-02-02 19:08:36,977] {taskinstance.py:1032} INFO - Dependencies all met for <TaskInstance: ex_1_data_ingestion_gcs_dag_v3.download_dataset_task scheduled__2021-05-01T00:00:00+00:00 [queued]>
[2022-02-02 19:08:36,979] {taskinstance.py:1238} INFO - 
--------------------------------------------------------------------------------
[2022-02-02 19:08:36,979] {taskinstance.py:1239} INFO - Starting attempt 1 of 1
[2022-02-02 19:08:36,980] {taskinstance.py:1240} INFO - 
--------------------------------------------------------------------------------
[2022-02-02 19:08:36,996] {taskinstance.py:1259} INFO - Executing <Task(BashOperator): download_dataset_task> on 2021-05-01 00:00:00+00:00
[2022-02-02 19:08:37,004] {standard_task_runner.py:52} INFO - Started process 11617 to run task
[2022-02-02 19:08:37,009] {standard_task_runner.py:76} INFO - Running: ['***', 'tasks', 'run', 'ex_1_data_ingestion_gcs_dag_v3', 'download_dataset_task', 'scheduled__2021-05-01T00:00:00+00:00', '--job-id', '386', '--raw', '--subdir', 'DAGS_FOLDER/data_ingestion_hw_1_ex.py', '--cfg-path', '/tmp/tmpnow0mgh5', '--error-file', '/tmp/tmp6rtbvthp']
[2022-02-02 19:08:37,011] {standard_task_runner.py:77} INFO - Job 386: Subtask download_dataset_task
[2022-02-02 19:08:37,081] {logging_mixin.py:109} INFO - Running <TaskInstance: ex_1_data_ingestion_gcs_dag_v3.download_dataset_task scheduled__2021-05-01T00:00:00+00:00 [running]> on host 700aeb16bae0
[2022-02-02 19:08:37,122] {warnings.py:110} WARNING - /home/***/.local/lib/python3.7/site-packages/***/utils/context.py:152: AirflowContextDeprecationWarning: Accessing 'execution_date' from the template is deprecated and will be removed in a future version. Please use 'data_interval_start' or 'logical_date' instead.
  warnings.warn(_create_deprecation_warning(key, self._deprecation_replacements[key]))

[2022-02-02 19:08:37,144] {taskinstance.py:1426} INFO - Exporting the following env vars:
AIRFLOW_CTX_DAG_OWNER=***
AIRFLOW_CTX_DAG_ID=ex_1_data_ingestion_gcs_dag_v3
AIRFLOW_CTX_TASK_ID=download_dataset_task
AIRFLOW_CTX_EXECUTION_DATE=2021-05-01T00:00:00+00:00
AIRFLOW_CTX_DAG_RUN_ID=scheduled__2021-05-01T00:00:00+00:00
[2022-02-02 19:08:37,146] {subprocess.py:62} INFO - Tmp dir root location: 
 /tmp
[2022-02-02 19:08:37,147] {subprocess.py:74} INFO - Running command: ['bash', '-c', 'curl -sS https://s3.amazonaws.com/nyc-tlc/trip+data/yellow_tripdata_2021-05.csv > /opt/***/yellow_tripdata_2021-05.csv']
[2022-02-02 19:08:37,162] {subprocess.py:85} INFO - Output:
[2022-02-02 19:09:06,808] {subprocess.py:93} INFO - Command exited with return code 0
[2022-02-02 19:09:06,861] {taskinstance.py:1277} INFO - Marking task as SUCCESS. dag_id=ex_1_data_ingestion_gcs_dag_v3, task_id=download_dataset_task, execution_date=20210501T000000, start_date=20220202T190836, end_date=20220202T190906
[2022-02-02 19:09:06,909] {local_task_job.py:154} INFO - Task exited with return code 0
[2022-02-02 19:09:06,957] {local_task_job.py:264} INFO - 1 downstream tasks scheduled from follow-on schedule check
[2022-02-10 14:51:17,010] {taskinstance.py:1032} INFO - Dependencies all met for <TaskInstance: ex_1_data_ingestion_gcs_dag_v3.download_dataset_task scheduled__2021-05-01T00:00:00+00:00 [queued]>
[2022-02-10 14:51:17,044] {taskinstance.py:1032} INFO - Dependencies all met for <TaskInstance: ex_1_data_ingestion_gcs_dag_v3.download_dataset_task scheduled__2021-05-01T00:00:00+00:00 [queued]>
[2022-02-10 14:51:17,046] {taskinstance.py:1238} INFO - 
--------------------------------------------------------------------------------
[2022-02-10 14:51:17,048] {taskinstance.py:1239} INFO - Starting attempt 1 of 1
[2022-02-10 14:51:17,050] {taskinstance.py:1240} INFO - 
--------------------------------------------------------------------------------
[2022-02-10 14:51:17,076] {taskinstance.py:1259} INFO - Executing <Task(BashOperator): download_dataset_task> on 2021-05-01 00:00:00+00:00
[2022-02-10 14:51:17,089] {standard_task_runner.py:52} INFO - Started process 3353 to run task
[2022-02-10 14:51:17,098] {standard_task_runner.py:76} INFO - Running: ['***', 'tasks', 'run', 'ex_1_data_ingestion_gcs_dag_v3', 'download_dataset_task', 'scheduled__2021-05-01T00:00:00+00:00', '--job-id', '740', '--raw', '--subdir', 'DAGS_FOLDER/data_ingestion_hw_1_ex.py', '--cfg-path', '/tmp/tmp2obs7tgc', '--error-file', '/tmp/tmp26z10f5x']
[2022-02-10 14:51:17,102] {standard_task_runner.py:77} INFO - Job 740: Subtask download_dataset_task
[2022-02-10 14:51:17,252] {logging_mixin.py:109} INFO - Running <TaskInstance: ex_1_data_ingestion_gcs_dag_v3.download_dataset_task scheduled__2021-05-01T00:00:00+00:00 [running]> on host e30f201fae61
[2022-02-10 14:51:17,419] {warnings.py:110} WARNING - /home/***/.local/lib/python3.7/site-packages/***/utils/context.py:152: AirflowContextDeprecationWarning: Accessing 'execution_date' from the template is deprecated and will be removed in a future version. Please use 'data_interval_start' or 'logical_date' instead.
  warnings.warn(_create_deprecation_warning(key, self._deprecation_replacements[key]))

[2022-02-10 14:51:17,481] {taskinstance.py:1426} INFO - Exporting the following env vars:
AIRFLOW_CTX_DAG_OWNER=***
AIRFLOW_CTX_DAG_ID=ex_1_data_ingestion_gcs_dag_v3
AIRFLOW_CTX_TASK_ID=download_dataset_task
AIRFLOW_CTX_EXECUTION_DATE=2021-05-01T00:00:00+00:00
AIRFLOW_CTX_DAG_RUN_ID=scheduled__2021-05-01T00:00:00+00:00
[2022-02-10 14:51:17,484] {subprocess.py:62} INFO - Tmp dir root location: 
 /tmp
[2022-02-10 14:51:17,487] {subprocess.py:74} INFO - Running command: ['bash', '-c', 'curl -sS https://s3.amazonaws.com/nyc-tlc/trip+data/yellow_tripdata_2021-05.csv > /opt/***/yellow_tripdata_2021-05.csv']
[2022-02-10 14:51:17,528] {subprocess.py:85} INFO - Output:
[2022-02-10 14:51:29,057] {subprocess.py:93} INFO - Command exited with return code 0
[2022-02-10 14:51:29,116] {taskinstance.py:1277} INFO - Marking task as SUCCESS. dag_id=ex_1_data_ingestion_gcs_dag_v3, task_id=download_dataset_task, execution_date=20210501T000000, start_date=20220210T145117, end_date=20220210T145129
[2022-02-10 14:51:29,232] {local_task_job.py:154} INFO - Task exited with return code 0
[2022-02-10 14:51:29,325] {local_task_job.py:264} INFO - 1 downstream tasks scheduled from follow-on schedule check
[2022-02-10 15:41:39,801] {taskinstance.py:1032} INFO - Dependencies all met for <TaskInstance: ex_1_data_ingestion_gcs_dag_v3.download_dataset_task scheduled__2021-05-01T00:00:00+00:00 [queued]>
[2022-02-10 15:41:39,818] {taskinstance.py:1032} INFO - Dependencies all met for <TaskInstance: ex_1_data_ingestion_gcs_dag_v3.download_dataset_task scheduled__2021-05-01T00:00:00+00:00 [queued]>
[2022-02-10 15:41:39,819] {taskinstance.py:1238} INFO - 
--------------------------------------------------------------------------------
[2022-02-10 15:41:39,822] {taskinstance.py:1239} INFO - Starting attempt 1 of 1
[2022-02-10 15:41:39,824] {taskinstance.py:1240} INFO - 
--------------------------------------------------------------------------------
[2022-02-10 15:41:39,842] {taskinstance.py:1259} INFO - Executing <Task(BashOperator): download_dataset_task> on 2021-05-01 00:00:00+00:00
[2022-02-10 15:41:39,854] {standard_task_runner.py:52} INFO - Started process 1067 to run task
[2022-02-10 15:41:39,859] {standard_task_runner.py:76} INFO - Running: ['***', 'tasks', 'run', 'ex_1_data_ingestion_gcs_dag_v3', 'download_dataset_task', 'scheduled__2021-05-01T00:00:00+00:00', '--job-id', '861', '--raw', '--subdir', 'DAGS_FOLDER/data_ingestion_hw_1_ex.py', '--cfg-path', '/tmp/tmp0hekam61', '--error-file', '/tmp/tmp3atkk2xx']
[2022-02-10 15:41:39,861] {standard_task_runner.py:77} INFO - Job 861: Subtask download_dataset_task
[2022-02-10 15:41:39,952] {logging_mixin.py:109} INFO - Running <TaskInstance: ex_1_data_ingestion_gcs_dag_v3.download_dataset_task scheduled__2021-05-01T00:00:00+00:00 [running]> on host 276a0ad90304
[2022-02-10 15:41:40,018] {warnings.py:110} WARNING - /home/***/.local/lib/python3.7/site-packages/***/utils/context.py:152: AirflowContextDeprecationWarning: Accessing 'execution_date' from the template is deprecated and will be removed in a future version. Please use 'data_interval_start' or 'logical_date' instead.
  warnings.warn(_create_deprecation_warning(key, self._deprecation_replacements[key]))

[2022-02-10 15:41:40,059] {taskinstance.py:1426} INFO - Exporting the following env vars:
AIRFLOW_CTX_DAG_OWNER=***
AIRFLOW_CTX_DAG_ID=ex_1_data_ingestion_gcs_dag_v3
AIRFLOW_CTX_TASK_ID=download_dataset_task
AIRFLOW_CTX_EXECUTION_DATE=2021-05-01T00:00:00+00:00
AIRFLOW_CTX_DAG_RUN_ID=scheduled__2021-05-01T00:00:00+00:00
[2022-02-10 15:41:40,061] {subprocess.py:62} INFO - Tmp dir root location: 
 /tmp
[2022-02-10 15:41:40,063] {subprocess.py:74} INFO - Running command: ['bash', '-c', 'curl -sS https://s3.amazonaws.com/nyc-tlc/trip+data/yellow_tripdata_2021-05.csv > /opt/***/yellow_tripdata_2021-05.csv']
[2022-02-10 15:41:40,087] {subprocess.py:85} INFO - Output:
[2022-02-10 15:42:09,239] {subprocess.py:93} INFO - Command exited with return code 0
[2022-02-10 15:42:09,273] {taskinstance.py:1277} INFO - Marking task as SUCCESS. dag_id=ex_1_data_ingestion_gcs_dag_v3, task_id=download_dataset_task, execution_date=20210501T000000, start_date=20220210T154139, end_date=20220210T154209
[2022-02-10 15:42:09,328] {local_task_job.py:154} INFO - Task exited with return code 0
[2022-02-10 15:42:09,370] {local_task_job.py:264} INFO - 1 downstream tasks scheduled from follow-on schedule check
[2022-02-10 16:43:42,863] {taskinstance.py:1032} INFO - Dependencies all met for <TaskInstance: ex_1_data_ingestion_gcs_dag_v3.download_dataset_task scheduled__2021-05-01T00:00:00+00:00 [queued]>
[2022-02-10 16:43:42,878] {taskinstance.py:1032} INFO - Dependencies all met for <TaskInstance: ex_1_data_ingestion_gcs_dag_v3.download_dataset_task scheduled__2021-05-01T00:00:00+00:00 [queued]>
[2022-02-10 16:43:42,879] {taskinstance.py:1238} INFO - 
--------------------------------------------------------------------------------
[2022-02-10 16:43:42,880] {taskinstance.py:1239} INFO - Starting attempt 1 of 1
[2022-02-10 16:43:42,881] {taskinstance.py:1240} INFO - 
--------------------------------------------------------------------------------
[2022-02-10 16:43:42,898] {taskinstance.py:1259} INFO - Executing <Task(BashOperator): download_dataset_task> on 2021-05-01 00:00:00+00:00
[2022-02-10 16:43:42,906] {standard_task_runner.py:52} INFO - Started process 954 to run task
[2022-02-10 16:43:42,911] {standard_task_runner.py:76} INFO - Running: ['***', 'tasks', 'run', 'ex_1_data_ingestion_gcs_dag_v3', 'download_dataset_task', 'scheduled__2021-05-01T00:00:00+00:00', '--job-id', '981', '--raw', '--subdir', 'DAGS_FOLDER/data_ingestion_hw_1_ex.py', '--cfg-path', '/tmp/tmpl5nvga2e', '--error-file', '/tmp/tmpwa2_br_3']
[2022-02-10 16:43:42,913] {standard_task_runner.py:77} INFO - Job 981: Subtask download_dataset_task
[2022-02-10 16:43:43,007] {logging_mixin.py:109} INFO - Running <TaskInstance: ex_1_data_ingestion_gcs_dag_v3.download_dataset_task scheduled__2021-05-01T00:00:00+00:00 [running]> on host 106a34111faf
[2022-02-10 16:43:43,058] {warnings.py:110} WARNING - /home/***/.local/lib/python3.7/site-packages/***/utils/context.py:152: AirflowContextDeprecationWarning: Accessing 'execution_date' from the template is deprecated and will be removed in a future version. Please use 'data_interval_start' or 'logical_date' instead.
  warnings.warn(_create_deprecation_warning(key, self._deprecation_replacements[key]))

[2022-02-10 16:43:43,093] {taskinstance.py:1426} INFO - Exporting the following env vars:
AIRFLOW_CTX_DAG_OWNER=***
AIRFLOW_CTX_DAG_ID=ex_1_data_ingestion_gcs_dag_v3
AIRFLOW_CTX_TASK_ID=download_dataset_task
AIRFLOW_CTX_EXECUTION_DATE=2021-05-01T00:00:00+00:00
AIRFLOW_CTX_DAG_RUN_ID=scheduled__2021-05-01T00:00:00+00:00
[2022-02-10 16:43:43,100] {subprocess.py:62} INFO - Tmp dir root location: 
 /tmp
[2022-02-10 16:43:43,102] {subprocess.py:74} INFO - Running command: ['bash', '-c', 'curl -sS https://s3.amazonaws.com/nyc-tlc/trip+data/yellow_tripdata_2021-05.csv > /opt/***/yellow_tripdata_2021-05.csv']
[2022-02-10 16:43:43,127] {subprocess.py:85} INFO - Output:
[2022-02-10 16:43:52,495] {subprocess.py:93} INFO - Command exited with return code 0
[2022-02-10 16:43:52,534] {taskinstance.py:1277} INFO - Marking task as SUCCESS. dag_id=ex_1_data_ingestion_gcs_dag_v3, task_id=download_dataset_task, execution_date=20210501T000000, start_date=20220210T164342, end_date=20220210T164352
[2022-02-10 16:43:52,582] {local_task_job.py:154} INFO - Task exited with return code 0
[2022-02-10 16:43:52,618] {local_task_job.py:264} INFO - 1 downstream tasks scheduled from follow-on schedule check
