[2022-02-02 18:14:35,023] {taskinstance.py:1032} INFO - Dependencies all met for <TaskInstance: ex_1_data_ingestion_gcs_dag_v3.format_to_parquet_task scheduled__2019-04-01T00:00:00+00:00 [queued]>
[2022-02-02 18:14:35,041] {taskinstance.py:1032} INFO - Dependencies all met for <TaskInstance: ex_1_data_ingestion_gcs_dag_v3.format_to_parquet_task scheduled__2019-04-01T00:00:00+00:00 [queued]>
[2022-02-02 18:14:35,043] {taskinstance.py:1238} INFO - 
--------------------------------------------------------------------------------
[2022-02-02 18:14:35,044] {taskinstance.py:1239} INFO - Starting attempt 1 of 1
[2022-02-02 18:14:35,045] {taskinstance.py:1240} INFO - 
--------------------------------------------------------------------------------
[2022-02-02 18:14:35,059] {taskinstance.py:1259} INFO - Executing <Task(PythonOperator): format_to_parquet_task> on 2019-04-01 00:00:00+00:00
[2022-02-02 18:14:35,067] {standard_task_runner.py:52} INFO - Started process 8689 to run task
[2022-02-02 18:14:35,072] {standard_task_runner.py:76} INFO - Running: ['***', 'tasks', 'run', 'ex_1_data_ingestion_gcs_dag_v3', 'format_to_parquet_task', 'scheduled__2019-04-01T00:00:00+00:00', '--job-id', '314', '--raw', '--subdir', 'DAGS_FOLDER/data_ingestion_hw_1_ex.py', '--cfg-path', '/tmp/tmpnswvcvg3', '--error-file', '/tmp/tmpto372b_q']
[2022-02-02 18:14:35,074] {standard_task_runner.py:77} INFO - Job 314: Subtask format_to_parquet_task
[2022-02-02 18:14:35,153] {logging_mixin.py:109} INFO - Running <TaskInstance: ex_1_data_ingestion_gcs_dag_v3.format_to_parquet_task scheduled__2019-04-01T00:00:00+00:00 [running]> on host 700aeb16bae0
[2022-02-02 18:14:35,201] {warnings.py:110} WARNING - /home/***/.local/lib/python3.7/site-packages/***/utils/context.py:152: AirflowContextDeprecationWarning: Accessing 'execution_date' from the template is deprecated and will be removed in a future version. Please use 'data_interval_start' or 'logical_date' instead.
  warnings.warn(_create_deprecation_warning(key, self._deprecation_replacements[key]))

[2022-02-02 18:14:35,227] {taskinstance.py:1426} INFO - Exporting the following env vars:
AIRFLOW_CTX_DAG_OWNER=***
AIRFLOW_CTX_DAG_ID=ex_1_data_ingestion_gcs_dag_v3
AIRFLOW_CTX_TASK_ID=format_to_parquet_task
AIRFLOW_CTX_EXECUTION_DATE=2019-04-01T00:00:00+00:00
AIRFLOW_CTX_DAG_RUN_ID=scheduled__2019-04-01T00:00:00+00:00
[2022-02-02 18:14:43,730] {python.py:175} INFO - Done. Returned value was: None
[2022-02-02 18:14:43,751] {taskinstance.py:1277} INFO - Marking task as SUCCESS. dag_id=ex_1_data_ingestion_gcs_dag_v3, task_id=format_to_parquet_task, execution_date=20190401T000000, start_date=20220202T181435, end_date=20220202T181443
[2022-02-02 18:14:44,201] {local_task_job.py:154} INFO - Task exited with return code 0
[2022-02-02 18:14:44,240] {local_task_job.py:264} INFO - 1 downstream tasks scheduled from follow-on schedule check
[2022-02-10 12:53:56,406] {taskinstance.py:1032} INFO - Dependencies all met for <TaskInstance: ex_1_data_ingestion_gcs_dag_v3.format_to_parquet_task scheduled__2019-04-01T00:00:00+00:00 [queued]>
[2022-02-10 12:53:56,421] {taskinstance.py:1032} INFO - Dependencies all met for <TaskInstance: ex_1_data_ingestion_gcs_dag_v3.format_to_parquet_task scheduled__2019-04-01T00:00:00+00:00 [queued]>
[2022-02-10 12:53:56,422] {taskinstance.py:1238} INFO - 
--------------------------------------------------------------------------------
[2022-02-10 12:53:56,423] {taskinstance.py:1239} INFO - Starting attempt 1 of 1
[2022-02-10 12:53:56,424] {taskinstance.py:1240} INFO - 
--------------------------------------------------------------------------------
[2022-02-10 12:53:56,437] {taskinstance.py:1259} INFO - Executing <Task(PythonOperator): format_to_parquet_task> on 2019-04-01 00:00:00+00:00
[2022-02-10 12:53:56,443] {standard_task_runner.py:52} INFO - Started process 988 to run task
[2022-02-10 12:53:56,447] {standard_task_runner.py:76} INFO - Running: ['***', 'tasks', 'run', 'ex_1_data_ingestion_gcs_dag_v3', 'format_to_parquet_task', 'scheduled__2019-04-01T00:00:00+00:00', '--job-id', '670', '--raw', '--subdir', 'DAGS_FOLDER/data_ingestion_hw_1_ex.py', '--cfg-path', '/tmp/tmpj3xqkg3o', '--error-file', '/tmp/tmpv8zqqh92']
[2022-02-10 12:53:56,449] {standard_task_runner.py:77} INFO - Job 670: Subtask format_to_parquet_task
[2022-02-10 12:53:56,516] {logging_mixin.py:109} INFO - Running <TaskInstance: ex_1_data_ingestion_gcs_dag_v3.format_to_parquet_task scheduled__2019-04-01T00:00:00+00:00 [running]> on host e30f201fae61
[2022-02-10 12:53:56,565] {warnings.py:110} WARNING - /home/***/.local/lib/python3.7/site-packages/***/utils/context.py:152: AirflowContextDeprecationWarning: Accessing 'execution_date' from the template is deprecated and will be removed in a future version. Please use 'data_interval_start' or 'logical_date' instead.
  warnings.warn(_create_deprecation_warning(key, self._deprecation_replacements[key]))

[2022-02-10 12:53:56,591] {taskinstance.py:1426} INFO - Exporting the following env vars:
AIRFLOW_CTX_DAG_OWNER=***
AIRFLOW_CTX_DAG_ID=ex_1_data_ingestion_gcs_dag_v3
AIRFLOW_CTX_TASK_ID=format_to_parquet_task
AIRFLOW_CTX_EXECUTION_DATE=2019-04-01T00:00:00+00:00
AIRFLOW_CTX_DAG_RUN_ID=scheduled__2019-04-01T00:00:00+00:00
[2022-02-10 12:54:02,587] {python.py:175} INFO - Done. Returned value was: None
[2022-02-10 12:54:02,602] {taskinstance.py:1277} INFO - Marking task as SUCCESS. dag_id=ex_1_data_ingestion_gcs_dag_v3, task_id=format_to_parquet_task, execution_date=20190401T000000, start_date=20220210T125356, end_date=20220210T125402
[2022-02-10 12:54:02,950] {local_task_job.py:154} INFO - Task exited with return code 0
[2022-02-10 12:54:02,992] {local_task_job.py:264} INFO - 1 downstream tasks scheduled from follow-on schedule check
[2022-02-10 15:32:42,348] {taskinstance.py:1032} INFO - Dependencies all met for <TaskInstance: ex_1_data_ingestion_gcs_dag_v3.format_to_parquet_task scheduled__2019-04-01T00:00:00+00:00 [queued]>
[2022-02-10 15:32:42,367] {taskinstance.py:1032} INFO - Dependencies all met for <TaskInstance: ex_1_data_ingestion_gcs_dag_v3.format_to_parquet_task scheduled__2019-04-01T00:00:00+00:00 [queued]>
[2022-02-10 15:32:42,368] {taskinstance.py:1238} INFO - 
--------------------------------------------------------------------------------
[2022-02-10 15:32:42,368] {taskinstance.py:1239} INFO - Starting attempt 1 of 1
[2022-02-10 15:32:42,369] {taskinstance.py:1240} INFO - 
--------------------------------------------------------------------------------
[2022-02-10 15:32:42,384] {taskinstance.py:1259} INFO - Executing <Task(PythonOperator): format_to_parquet_task> on 2019-04-01 00:00:00+00:00
[2022-02-10 15:32:42,391] {standard_task_runner.py:52} INFO - Started process 267 to run task
[2022-02-10 15:32:42,396] {standard_task_runner.py:76} INFO - Running: ['***', 'tasks', 'run', 'ex_1_data_ingestion_gcs_dag_v3', 'format_to_parquet_task', 'scheduled__2019-04-01T00:00:00+00:00', '--job-id', '789', '--raw', '--subdir', 'DAGS_FOLDER/data_ingestion_hw_1_ex.py', '--cfg-path', '/tmp/tmp2y8r87mn', '--error-file', '/tmp/tmphdhwj_ze']
[2022-02-10 15:32:42,398] {standard_task_runner.py:77} INFO - Job 789: Subtask format_to_parquet_task
[2022-02-10 15:32:42,497] {logging_mixin.py:109} INFO - Running <TaskInstance: ex_1_data_ingestion_gcs_dag_v3.format_to_parquet_task scheduled__2019-04-01T00:00:00+00:00 [running]> on host 276a0ad90304
[2022-02-10 15:32:42,571] {warnings.py:110} WARNING - /home/***/.local/lib/python3.7/site-packages/***/utils/context.py:152: AirflowContextDeprecationWarning: Accessing 'execution_date' from the template is deprecated and will be removed in a future version. Please use 'data_interval_start' or 'logical_date' instead.
  warnings.warn(_create_deprecation_warning(key, self._deprecation_replacements[key]))

[2022-02-10 15:32:42,605] {taskinstance.py:1426} INFO - Exporting the following env vars:
AIRFLOW_CTX_DAG_OWNER=***
AIRFLOW_CTX_DAG_ID=ex_1_data_ingestion_gcs_dag_v3
AIRFLOW_CTX_TASK_ID=format_to_parquet_task
AIRFLOW_CTX_EXECUTION_DATE=2019-04-01T00:00:00+00:00
AIRFLOW_CTX_DAG_RUN_ID=scheduled__2019-04-01T00:00:00+00:00
[2022-02-10 15:32:49,685] {python.py:175} INFO - Done. Returned value was: None
[2022-02-10 15:32:49,711] {taskinstance.py:1277} INFO - Marking task as SUCCESS. dag_id=ex_1_data_ingestion_gcs_dag_v3, task_id=format_to_parquet_task, execution_date=20190401T000000, start_date=20220210T153242, end_date=20220210T153249
[2022-02-10 15:32:50,148] {local_task_job.py:154} INFO - Task exited with return code 0
[2022-02-10 15:32:50,234] {local_task_job.py:264} INFO - 0 downstream tasks scheduled from follow-on schedule check
