[2022-02-10 15:45:42,041] {taskinstance.py:1032} INFO - Dependencies all met for <TaskInstance: ex_1_data_ingestion_gcs_dag_v3.format_to_parquet_task scheduled__2019-04-01T00:00:00+00:00 [queued]>
[2022-02-10 15:45:42,059] {taskinstance.py:1032} INFO - Dependencies all met for <TaskInstance: ex_1_data_ingestion_gcs_dag_v3.format_to_parquet_task scheduled__2019-04-01T00:00:00+00:00 [queued]>
[2022-02-10 15:45:42,060] {taskinstance.py:1238} INFO - 
--------------------------------------------------------------------------------
[2022-02-10 15:45:42,062] {taskinstance.py:1239} INFO - Starting attempt 2 of 2
[2022-02-10 15:45:42,063] {taskinstance.py:1240} INFO - 
--------------------------------------------------------------------------------
[2022-02-10 15:45:42,086] {taskinstance.py:1259} INFO - Executing <Task(PythonOperator): format_to_parquet_task> on 2019-04-01 00:00:00+00:00
[2022-02-10 15:45:42,098] {standard_task_runner.py:52} INFO - Started process 1424 to run task
[2022-02-10 15:45:42,121] {standard_task_runner.py:76} INFO - Running: ['***', 'tasks', 'run', 'ex_1_data_ingestion_gcs_dag_v3', 'format_to_parquet_task', 'scheduled__2019-04-01T00:00:00+00:00', '--job-id', '897', '--raw', '--subdir', 'DAGS_FOLDER/data_ingestion_hw_1_ex.py', '--cfg-path', '/tmp/tmp1qt8juz0', '--error-file', '/tmp/tmpi7xq2hyt']
[2022-02-10 15:45:42,125] {standard_task_runner.py:77} INFO - Job 897: Subtask format_to_parquet_task
[2022-02-10 15:45:42,336] {logging_mixin.py:109} INFO - Running <TaskInstance: ex_1_data_ingestion_gcs_dag_v3.format_to_parquet_task scheduled__2019-04-01T00:00:00+00:00 [running]> on host 276a0ad90304
[2022-02-10 15:45:42,473] {warnings.py:110} WARNING - /home/***/.local/lib/python3.7/site-packages/***/utils/context.py:152: AirflowContextDeprecationWarning: Accessing 'execution_date' from the template is deprecated and will be removed in a future version. Please use 'data_interval_start' or 'logical_date' instead.
  warnings.warn(_create_deprecation_warning(key, self._deprecation_replacements[key]))

[2022-02-10 15:45:42,519] {taskinstance.py:1426} INFO - Exporting the following env vars:
AIRFLOW_CTX_DAG_OWNER=***
AIRFLOW_CTX_DAG_ID=ex_1_data_ingestion_gcs_dag_v3
AIRFLOW_CTX_TASK_ID=format_to_parquet_task
AIRFLOW_CTX_EXECUTION_DATE=2019-04-01T00:00:00+00:00
AIRFLOW_CTX_DAG_RUN_ID=scheduled__2019-04-01T00:00:00+00:00
[2022-02-10 15:45:55,031] {python.py:175} INFO - Done. Returned value was: None
[2022-02-10 15:45:55,083] {taskinstance.py:1277} INFO - Marking task as SUCCESS. dag_id=ex_1_data_ingestion_gcs_dag_v3, task_id=format_to_parquet_task, execution_date=20190401T000000, start_date=20220210T154542, end_date=20220210T154555
[2022-02-10 15:45:56,171] {local_task_job.py:154} INFO - Task exited with return code 0
[2022-02-10 15:45:56,255] {local_task_job.py:264} INFO - 0 downstream tasks scheduled from follow-on schedule check
