[2022-02-03 14:32:56,604] {taskinstance.py:1032} INFO - Dependencies all met for <TaskInstance: FHV_data_ingestion_gcs_dag.format_to_parquet_task scheduled__2019-01-01T00:00:00+00:00 [queued]>
[2022-02-03 14:32:56,618] {taskinstance.py:1032} INFO - Dependencies all met for <TaskInstance: FHV_data_ingestion_gcs_dag.format_to_parquet_task scheduled__2019-01-01T00:00:00+00:00 [queued]>
[2022-02-03 14:32:56,618] {taskinstance.py:1238} INFO - 
--------------------------------------------------------------------------------
[2022-02-03 14:32:56,619] {taskinstance.py:1239} INFO - Starting attempt 1 of 1
[2022-02-03 14:32:56,620] {taskinstance.py:1240} INFO - 
--------------------------------------------------------------------------------
[2022-02-03 14:32:56,634] {taskinstance.py:1259} INFO - Executing <Task(PythonOperator): format_to_parquet_task> on 2019-01-01 00:00:00+00:00
[2022-02-03 14:32:56,641] {standard_task_runner.py:52} INFO - Started process 513 to run task
[2022-02-03 14:32:56,645] {standard_task_runner.py:76} INFO - Running: ['***', 'tasks', 'run', 'FHV_data_ingestion_gcs_dag', 'format_to_parquet_task', 'scheduled__2019-01-01T00:00:00+00:00', '--job-id', '422', '--raw', '--subdir', 'DAGS_FOLDER/FHV_injection_dag.py', '--cfg-path', '/tmp/tmplttnu0ml', '--error-file', '/tmp/tmpwsq226az']
[2022-02-03 14:32:56,646] {standard_task_runner.py:77} INFO - Job 422: Subtask format_to_parquet_task
[2022-02-03 14:32:56,701] {logging_mixin.py:109} INFO - Running <TaskInstance: FHV_data_ingestion_gcs_dag.format_to_parquet_task scheduled__2019-01-01T00:00:00+00:00 [running]> on host 700aeb16bae0
[2022-02-03 14:32:56,736] {warnings.py:110} WARNING - /home/***/.local/lib/python3.7/site-packages/***/utils/context.py:152: AirflowContextDeprecationWarning: Accessing 'execution_date' from the template is deprecated and will be removed in a future version. Please use 'data_interval_start' or 'logical_date' instead.
  warnings.warn(_create_deprecation_warning(key, self._deprecation_replacements[key]))

[2022-02-03 14:32:56,760] {taskinstance.py:1426} INFO - Exporting the following env vars:
AIRFLOW_CTX_DAG_OWNER=***
AIRFLOW_CTX_DAG_ID=FHV_data_ingestion_gcs_dag
AIRFLOW_CTX_TASK_ID=format_to_parquet_task
AIRFLOW_CTX_EXECUTION_DATE=2019-01-01T00:00:00+00:00
AIRFLOW_CTX_DAG_RUN_ID=scheduled__2019-01-01T00:00:00+00:00
[2022-02-03 14:33:02,996] {python.py:175} INFO - Done. Returned value was: None
[2022-02-03 14:33:03,011] {taskinstance.py:1277} INFO - Marking task as SUCCESS. dag_id=FHV_data_ingestion_gcs_dag, task_id=format_to_parquet_task, execution_date=20190101T000000, start_date=20220203T143256, end_date=20220203T143303
[2022-02-03 14:33:03,433] {local_task_job.py:154} INFO - Task exited with return code 0
[2022-02-03 14:33:03,467] {local_task_job.py:264} INFO - 0 downstream tasks scheduled from follow-on schedule check
[2022-02-03 15:07:29,699] {taskinstance.py:1032} INFO - Dependencies all met for <TaskInstance: FHV_data_ingestion_gcs_dag.format_to_parquet_task scheduled__2019-01-01T00:00:00+00:00 [queued]>
[2022-02-03 15:07:29,710] {taskinstance.py:1032} INFO - Dependencies all met for <TaskInstance: FHV_data_ingestion_gcs_dag.format_to_parquet_task scheduled__2019-01-01T00:00:00+00:00 [queued]>
[2022-02-03 15:07:29,710] {taskinstance.py:1238} INFO - 
--------------------------------------------------------------------------------
[2022-02-03 15:07:29,711] {taskinstance.py:1239} INFO - Starting attempt 1 of 1
[2022-02-03 15:07:29,712] {taskinstance.py:1240} INFO - 
--------------------------------------------------------------------------------
[2022-02-03 15:07:29,726] {taskinstance.py:1259} INFO - Executing <Task(PythonOperator): format_to_parquet_task> on 2019-01-01 00:00:00+00:00
[2022-02-03 15:07:29,732] {standard_task_runner.py:52} INFO - Started process 2608 to run task
[2022-02-03 15:07:29,739] {standard_task_runner.py:76} INFO - Running: ['***', 'tasks', 'run', 'FHV_data_ingestion_gcs_dag', 'format_to_parquet_task', 'scheduled__2019-01-01T00:00:00+00:00', '--job-id', '536', '--raw', '--subdir', 'DAGS_FOLDER/FHV_injection_dag.py', '--cfg-path', '/tmp/tmp9gy00rlr', '--error-file', '/tmp/tmptze8njk9']
[2022-02-03 15:07:29,742] {standard_task_runner.py:77} INFO - Job 536: Subtask format_to_parquet_task
[2022-02-03 15:07:29,809] {logging_mixin.py:109} INFO - Running <TaskInstance: FHV_data_ingestion_gcs_dag.format_to_parquet_task scheduled__2019-01-01T00:00:00+00:00 [running]> on host 700aeb16bae0
[2022-02-03 15:07:29,847] {warnings.py:110} WARNING - /home/***/.local/lib/python3.7/site-packages/***/utils/context.py:152: AirflowContextDeprecationWarning: Accessing 'execution_date' from the template is deprecated and will be removed in a future version. Please use 'data_interval_start' or 'logical_date' instead.
  warnings.warn(_create_deprecation_warning(key, self._deprecation_replacements[key]))

[2022-02-03 15:07:29,867] {taskinstance.py:1426} INFO - Exporting the following env vars:
AIRFLOW_CTX_DAG_OWNER=***
AIRFLOW_CTX_DAG_ID=FHV_data_ingestion_gcs_dag
AIRFLOW_CTX_TASK_ID=format_to_parquet_task
AIRFLOW_CTX_EXECUTION_DATE=2019-01-01T00:00:00+00:00
AIRFLOW_CTX_DAG_RUN_ID=scheduled__2019-01-01T00:00:00+00:00
[2022-02-03 15:07:37,173] {python.py:175} INFO - Done. Returned value was: None
[2022-02-03 15:07:37,186] {taskinstance.py:1277} INFO - Marking task as SUCCESS. dag_id=FHV_data_ingestion_gcs_dag, task_id=format_to_parquet_task, execution_date=20190101T000000, start_date=20220203T150729, end_date=20220203T150737
[2022-02-03 15:07:37,752] {local_task_job.py:154} INFO - Task exited with return code 0
[2022-02-03 15:07:37,809] {local_task_job.py:264} INFO - 1 downstream tasks scheduled from follow-on schedule check
