[2022-02-03 14:55:01,131] {taskinstance.py:1032} INFO - Dependencies all met for <TaskInstance: FHV_data_ingestion_gcs_dag.local_to_gcs_task scheduled__2020-07-01T00:00:00+00:00 [queued]>
[2022-02-03 14:55:01,158] {taskinstance.py:1032} INFO - Dependencies all met for <TaskInstance: FHV_data_ingestion_gcs_dag.local_to_gcs_task scheduled__2020-07-01T00:00:00+00:00 [queued]>
[2022-02-03 14:55:01,160] {taskinstance.py:1238} INFO - 
--------------------------------------------------------------------------------
[2022-02-03 14:55:01,161] {taskinstance.py:1239} INFO - Starting attempt 1 of 1
[2022-02-03 14:55:01,163] {taskinstance.py:1240} INFO - 
--------------------------------------------------------------------------------
[2022-02-03 14:55:01,186] {taskinstance.py:1259} INFO - Executing <Task(PythonOperator): local_to_gcs_task> on 2020-07-01 00:00:00+00:00
[2022-02-03 14:55:01,202] {standard_task_runner.py:52} INFO - Started process 1891 to run task
[2022-02-03 14:55:01,211] {standard_task_runner.py:76} INFO - Running: ['***', 'tasks', 'run', 'FHV_data_ingestion_gcs_dag', 'local_to_gcs_task', 'scheduled__2020-07-01T00:00:00+00:00', '--job-id', '489', '--raw', '--subdir', 'DAGS_FOLDER/FHV_injection_dag.py', '--cfg-path', '/tmp/tmp5_li1mqo', '--error-file', '/tmp/tmpjkbi3pfs']
[2022-02-03 14:55:01,218] {standard_task_runner.py:77} INFO - Job 489: Subtask local_to_gcs_task
[2022-02-03 14:55:01,364] {logging_mixin.py:109} INFO - Running <TaskInstance: FHV_data_ingestion_gcs_dag.local_to_gcs_task scheduled__2020-07-01T00:00:00+00:00 [running]> on host 700aeb16bae0
[2022-02-03 14:55:01,440] {warnings.py:110} WARNING - /home/***/.local/lib/python3.7/site-packages/***/utils/context.py:152: AirflowContextDeprecationWarning: Accessing 'execution_date' from the template is deprecated and will be removed in a future version. Please use 'data_interval_start' or 'logical_date' instead.
  warnings.warn(_create_deprecation_warning(key, self._deprecation_replacements[key]))

[2022-02-03 14:55:01,489] {taskinstance.py:1426} INFO - Exporting the following env vars:
AIRFLOW_CTX_DAG_OWNER=***
AIRFLOW_CTX_DAG_ID=FHV_data_ingestion_gcs_dag
AIRFLOW_CTX_TASK_ID=local_to_gcs_task
AIRFLOW_CTX_EXECUTION_DATE=2020-07-01T00:00:00+00:00
AIRFLOW_CTX_DAG_RUN_ID=scheduled__2020-07-01T00:00:00+00:00
[2022-02-03 14:55:03,813] {python.py:175} INFO - Done. Returned value was: None
[2022-02-03 14:55:03,852] {taskinstance.py:1277} INFO - Marking task as SUCCESS. dag_id=FHV_data_ingestion_gcs_dag, task_id=local_to_gcs_task, execution_date=20200701T000000, start_date=20220203T145501, end_date=20220203T145503
[2022-02-03 14:55:03,905] {local_task_job.py:154} INFO - Task exited with return code 0
[2022-02-03 14:55:03,970] {local_task_job.py:264} INFO - 1 downstream tasks scheduled from follow-on schedule check
[2022-02-03 15:17:21,367] {taskinstance.py:1032} INFO - Dependencies all met for <TaskInstance: FHV_data_ingestion_gcs_dag.local_to_gcs_task scheduled__2020-07-01T00:00:00+00:00 [queued]>
[2022-02-03 15:17:21,382] {taskinstance.py:1032} INFO - Dependencies all met for <TaskInstance: FHV_data_ingestion_gcs_dag.local_to_gcs_task scheduled__2020-07-01T00:00:00+00:00 [queued]>
[2022-02-03 15:17:21,383] {taskinstance.py:1238} INFO - 
--------------------------------------------------------------------------------
[2022-02-03 15:17:21,384] {taskinstance.py:1239} INFO - Starting attempt 1 of 1
[2022-02-03 15:17:21,385] {taskinstance.py:1240} INFO - 
--------------------------------------------------------------------------------
[2022-02-03 15:17:21,400] {taskinstance.py:1259} INFO - Executing <Task(PythonOperator): local_to_gcs_task> on 2020-07-01 00:00:00+00:00
[2022-02-03 15:17:21,408] {standard_task_runner.py:52} INFO - Started process 3380 to run task
[2022-02-03 15:17:21,412] {standard_task_runner.py:76} INFO - Running: ['***', 'tasks', 'run', 'FHV_data_ingestion_gcs_dag', 'local_to_gcs_task', 'scheduled__2020-07-01T00:00:00+00:00', '--job-id', '588', '--raw', '--subdir', 'DAGS_FOLDER/FHV_injection_dag.py', '--cfg-path', '/tmp/tmpmg2t1azi', '--error-file', '/tmp/tmp1qoov1rt']
[2022-02-03 15:17:21,415] {standard_task_runner.py:77} INFO - Job 588: Subtask local_to_gcs_task
[2022-02-03 15:17:21,508] {logging_mixin.py:109} INFO - Running <TaskInstance: FHV_data_ingestion_gcs_dag.local_to_gcs_task scheduled__2020-07-01T00:00:00+00:00 [running]> on host 700aeb16bae0
[2022-02-03 15:17:21,569] {warnings.py:110} WARNING - /home/***/.local/lib/python3.7/site-packages/***/utils/context.py:152: AirflowContextDeprecationWarning: Accessing 'execution_date' from the template is deprecated and will be removed in a future version. Please use 'data_interval_start' or 'logical_date' instead.
  warnings.warn(_create_deprecation_warning(key, self._deprecation_replacements[key]))

[2022-02-03 15:17:21,595] {taskinstance.py:1426} INFO - Exporting the following env vars:
AIRFLOW_CTX_DAG_OWNER=***
AIRFLOW_CTX_DAG_ID=FHV_data_ingestion_gcs_dag
AIRFLOW_CTX_TASK_ID=local_to_gcs_task
AIRFLOW_CTX_EXECUTION_DATE=2020-07-01T00:00:00+00:00
AIRFLOW_CTX_DAG_RUN_ID=scheduled__2020-07-01T00:00:00+00:00
[2022-02-03 15:17:23,709] {python.py:175} INFO - Done. Returned value was: None
[2022-02-03 15:17:23,726] {taskinstance.py:1277} INFO - Marking task as SUCCESS. dag_id=FHV_data_ingestion_gcs_dag, task_id=local_to_gcs_task, execution_date=20200701T000000, start_date=20220203T151721, end_date=20220203T151723
[2022-02-03 15:17:23,765] {local_task_job.py:154} INFO - Task exited with return code 0
[2022-02-03 15:17:23,803] {local_task_job.py:264} INFO - 0 downstream tasks scheduled from follow-on schedule check
