[2022-02-01 17:31:30,523] {taskinstance.py:1032} INFO - Dependencies all met for <TaskInstance: LocalIngestionDag.wget scheduled__2021-12-02T06:00:00+00:00 [queued]>
[2022-02-01 17:31:30,537] {taskinstance.py:1032} INFO - Dependencies all met for <TaskInstance: LocalIngestionDag.wget scheduled__2021-12-02T06:00:00+00:00 [queued]>
[2022-02-01 17:31:30,539] {taskinstance.py:1238} INFO - 
--------------------------------------------------------------------------------
[2022-02-01 17:31:30,541] {taskinstance.py:1239} INFO - Starting attempt 1 of 1
[2022-02-01 17:31:30,542] {taskinstance.py:1240} INFO - 
--------------------------------------------------------------------------------
[2022-02-01 17:31:30,567] {taskinstance.py:1259} INFO - Executing <Task(BashOperator): wget> on 2021-12-02 06:00:00+00:00
[2022-02-01 17:31:30,571] {standard_task_runner.py:52} INFO - Started process 816 to run task
[2022-02-01 17:31:30,583] {standard_task_runner.py:76} INFO - Running: ['***', 'tasks', 'run', 'LocalIngestionDag', 'wget', 'scheduled__2021-12-02T06:00:00+00:00', '--job-id', '60', '--raw', '--subdir', 'DAGS_FOLDER/data_ingestion_local.py', '--cfg-path', '/tmp/tmpnm5e98i2', '--error-file', '/tmp/tmpg39qwmd6']
[2022-02-01 17:31:30,584] {standard_task_runner.py:77} INFO - Job 60: Subtask wget
[2022-02-01 17:31:30,686] {logging_mixin.py:109} INFO - Running <TaskInstance: LocalIngestionDag.wget scheduled__2021-12-02T06:00:00+00:00 [running]> on host c2ae942a63f5
[2022-02-01 17:31:30,827] {taskinstance.py:1426} INFO - Exporting the following env vars:
AIRFLOW_CTX_DAG_OWNER=***
AIRFLOW_CTX_DAG_ID=LocalIngestionDag
AIRFLOW_CTX_TASK_ID=wget
AIRFLOW_CTX_EXECUTION_DATE=2021-12-02T06:00:00+00:00
AIRFLOW_CTX_DAG_RUN_ID=scheduled__2021-12-02T06:00:00+00:00
[2022-02-01 17:31:30,829] {subprocess.py:62} INFO - Tmp dir root location: 
 /tmp
[2022-02-01 17:31:30,831] {subprocess.py:74} INFO - Running command: ['bash', '-c', "echo 'hello world'"]
[2022-02-01 17:31:30,845] {subprocess.py:85} INFO - Output:
[2022-02-01 17:31:30,850] {subprocess.py:89} INFO - hello world
[2022-02-01 17:31:30,857] {subprocess.py:93} INFO - Command exited with return code 0
[2022-02-01 17:31:30,890] {taskinstance.py:1277} INFO - Marking task as SUCCESS. dag_id=LocalIngestionDag, task_id=wget, execution_date=20211202T060000, start_date=20220201T173130, end_date=20220201T173130
[2022-02-01 17:31:30,956] {local_task_job.py:154} INFO - Task exited with return code 0
[2022-02-01 17:31:31,011] {local_task_job.py:264} INFO - 1 downstream tasks scheduled from follow-on schedule check
