[2022-02-02 17:50:32,557] {taskinstance.py:1032} INFO - Dependencies all met for <TaskInstance: ex_1_data_ingestion_gcs_dag_v2.local_to_gcs_task scheduled__2021-04-01T00:00:00+00:00 [queued]>
[2022-02-02 17:50:32,599] {taskinstance.py:1032} INFO - Dependencies all met for <TaskInstance: ex_1_data_ingestion_gcs_dag_v2.local_to_gcs_task scheduled__2021-04-01T00:00:00+00:00 [queued]>
[2022-02-02 17:50:32,600] {taskinstance.py:1238} INFO - 
--------------------------------------------------------------------------------
[2022-02-02 17:50:32,601] {taskinstance.py:1239} INFO - Starting attempt 1 of 1
[2022-02-02 17:50:32,602] {taskinstance.py:1240} INFO - 
--------------------------------------------------------------------------------
[2022-02-02 17:50:32,616] {taskinstance.py:1259} INFO - Executing <Task(PythonOperator): local_to_gcs_task> on 2021-04-01 00:00:00+00:00
[2022-02-02 17:50:32,622] {standard_task_runner.py:52} INFO - Started process 7493 to run task
[2022-02-02 17:50:32,628] {standard_task_runner.py:76} INFO - Running: ['***', 'tasks', 'run', 'ex_1_data_ingestion_gcs_dag_v2', 'local_to_gcs_task', 'scheduled__2021-04-01T00:00:00+00:00', '--job-id', '298', '--raw', '--subdir', 'DAGS_FOLDER/data_ingestion_hw_1_ex.py', '--cfg-path', '/tmp/tmpi02yb44f', '--error-file', '/tmp/tmpi3aj9lou']
[2022-02-02 17:50:32,630] {standard_task_runner.py:77} INFO - Job 298: Subtask local_to_gcs_task
[2022-02-02 17:50:32,733] {logging_mixin.py:109} INFO - Running <TaskInstance: ex_1_data_ingestion_gcs_dag_v2.local_to_gcs_task scheduled__2021-04-01T00:00:00+00:00 [running]> on host 700aeb16bae0
[2022-02-02 17:50:32,777] {warnings.py:110} WARNING - /home/***/.local/lib/python3.7/site-packages/***/utils/context.py:152: AirflowContextDeprecationWarning: Accessing 'execution_date' from the template is deprecated and will be removed in a future version. Please use 'data_interval_start' or 'logical_date' instead.
  warnings.warn(_create_deprecation_warning(key, self._deprecation_replacements[key]))

[2022-02-02 17:50:32,816] {taskinstance.py:1426} INFO - Exporting the following env vars:
AIRFLOW_CTX_DAG_OWNER=***
AIRFLOW_CTX_DAG_ID=ex_1_data_ingestion_gcs_dag_v2
AIRFLOW_CTX_TASK_ID=local_to_gcs_task
AIRFLOW_CTX_EXECUTION_DATE=2021-04-01T00:00:00+00:00
AIRFLOW_CTX_DAG_RUN_ID=scheduled__2021-04-01T00:00:00+00:00
[2022-02-02 17:50:37,064] {python.py:175} INFO - Done. Returned value was: None
[2022-02-02 17:50:37,080] {taskinstance.py:1277} INFO - Marking task as SUCCESS. dag_id=ex_1_data_ingestion_gcs_dag_v2, task_id=local_to_gcs_task, execution_date=20210401T000000, start_date=20220202T175032, end_date=20220202T175037
[2022-02-02 17:50:37,125] {local_task_job.py:154} INFO - Task exited with return code 0
[2022-02-02 17:50:37,160] {local_task_job.py:264} INFO - 0 downstream tasks scheduled from follow-on schedule check
