[2022-02-10 12:38:58,564] {taskinstance.py:1032} INFO - Dependencies all met for <TaskInstance: ex_1_data_ingestion_gcs_dag_v3.download_dataset_task scheduled__2020-03-01T00:00:00+00:00 [queued]>
[2022-02-10 12:38:58,580] {taskinstance.py:1032} INFO - Dependencies all met for <TaskInstance: ex_1_data_ingestion_gcs_dag_v3.download_dataset_task scheduled__2020-03-01T00:00:00+00:00 [queued]>
[2022-02-10 12:38:58,581] {taskinstance.py:1238} INFO - 
--------------------------------------------------------------------------------
[2022-02-10 12:38:58,582] {taskinstance.py:1239} INFO - Starting attempt 2 of 2
[2022-02-10 12:38:58,583] {taskinstance.py:1240} INFO - 
--------------------------------------------------------------------------------
[2022-02-10 12:38:58,597] {taskinstance.py:1259} INFO - Executing <Task(BashOperator): download_dataset_task> on 2020-03-01 00:00:00+00:00
[2022-02-10 12:38:58,603] {standard_task_runner.py:52} INFO - Started process 221 to run task
[2022-02-10 12:38:58,607] {standard_task_runner.py:76} INFO - Running: ['***', 'tasks', 'run', 'ex_1_data_ingestion_gcs_dag_v3', 'download_dataset_task', 'scheduled__2020-03-01T00:00:00+00:00', '--job-id', '656', '--raw', '--subdir', 'DAGS_FOLDER/data_ingestion_hw_1_ex.py', '--cfg-path', '/tmp/tmpl23k2n56', '--error-file', '/tmp/tmpoagjfo0z']
[2022-02-10 12:38:58,609] {standard_task_runner.py:77} INFO - Job 656: Subtask download_dataset_task
[2022-02-10 12:38:58,677] {logging_mixin.py:109} INFO - Running <TaskInstance: ex_1_data_ingestion_gcs_dag_v3.download_dataset_task scheduled__2020-03-01T00:00:00+00:00 [running]> on host e30f201fae61
[2022-02-10 12:38:58,737] {warnings.py:110} WARNING - /home/***/.local/lib/python3.7/site-packages/***/utils/context.py:152: AirflowContextDeprecationWarning: Accessing 'execution_date' from the template is deprecated and will be removed in a future version. Please use 'data_interval_start' or 'logical_date' instead.
  warnings.warn(_create_deprecation_warning(key, self._deprecation_replacements[key]))

[2022-02-10 12:38:58,765] {taskinstance.py:1426} INFO - Exporting the following env vars:
AIRFLOW_CTX_DAG_OWNER=***
AIRFLOW_CTX_DAG_ID=ex_1_data_ingestion_gcs_dag_v3
AIRFLOW_CTX_TASK_ID=download_dataset_task
AIRFLOW_CTX_EXECUTION_DATE=2020-03-01T00:00:00+00:00
AIRFLOW_CTX_DAG_RUN_ID=scheduled__2020-03-01T00:00:00+00:00
[2022-02-10 12:38:58,768] {subprocess.py:62} INFO - Tmp dir root location: 
 /tmp
[2022-02-10 12:38:58,772] {subprocess.py:74} INFO - Running command: ['bash', '-c', 'curl -sS https://s3.amazonaws.com/nyc-tlc/trip+data/yellow_tripdata_2020-03.csv > /opt/***/yellow_tripdata_2020-03.csv']
[2022-02-10 12:38:58,792] {subprocess.py:85} INFO - Output:
[2022-02-10 12:39:44,270] {local_task_job.py:212} WARNING - State of this instance has been externally set to failed. Terminating instance.
[2022-02-10 12:39:44,278] {process_utils.py:124} INFO - Sending Signals.SIGTERM to group 221. PIDs of all processes in the group: [222, 223, 221]
[2022-02-10 12:39:44,279] {process_utils.py:75} INFO - Sending the signal Signals.SIGTERM to group 221
[2022-02-10 12:39:44,281] {taskinstance.py:1408} ERROR - Received SIGTERM. Terminating subprocesses.
[2022-02-10 12:39:44,282] {subprocess.py:99} INFO - Sending SIGTERM signal to process group
[2022-02-10 12:39:44,334] {process_utils.py:70} INFO - Process psutil.Process(pid=222, status='terminated', started='12:38:58') (222) terminated with exit code None
[2022-02-10 12:39:44,336] {process_utils.py:70} INFO - Process psutil.Process(pid=221, status='terminated', exitcode=0, started='12:38:58') (221) terminated with exit code 0
[2022-02-10 12:39:44,337] {process_utils.py:70} INFO - Process psutil.Process(pid=223, status='terminated', started='12:38:58') (223) terminated with exit code None
