[2022-02-02 18:57:49,102] {taskinstance.py:1032} INFO - Dependencies all met for <TaskInstance: ex_1_data_ingestion_gcs_dag_v3.download_dataset_task scheduled__2020-09-01T00:00:00+00:00 [queued]>
[2022-02-02 18:57:49,132] {taskinstance.py:1032} INFO - Dependencies all met for <TaskInstance: ex_1_data_ingestion_gcs_dag_v3.download_dataset_task scheduled__2020-09-01T00:00:00+00:00 [queued]>
[2022-02-02 18:57:49,134] {taskinstance.py:1238} INFO - 
--------------------------------------------------------------------------------
[2022-02-02 18:57:49,135] {taskinstance.py:1239} INFO - Starting attempt 1 of 1
[2022-02-02 18:57:49,137] {taskinstance.py:1240} INFO - 
--------------------------------------------------------------------------------
[2022-02-02 18:57:49,163] {taskinstance.py:1259} INFO - Executing <Task(BashOperator): download_dataset_task> on 2020-09-01 00:00:00+00:00
[2022-02-02 18:57:49,176] {standard_task_runner.py:52} INFO - Started process 10972 to run task
[2022-02-02 18:57:49,181] {standard_task_runner.py:76} INFO - Running: ['***', 'tasks', 'run', 'ex_1_data_ingestion_gcs_dag_v3', 'download_dataset_task', 'scheduled__2020-09-01T00:00:00+00:00', '--job-id', '362', '--raw', '--subdir', 'DAGS_FOLDER/data_ingestion_hw_1_ex.py', '--cfg-path', '/tmp/tmp259cifju', '--error-file', '/tmp/tmpvms0u1v5']
[2022-02-02 18:57:49,183] {standard_task_runner.py:77} INFO - Job 362: Subtask download_dataset_task
[2022-02-02 18:57:49,262] {logging_mixin.py:109} INFO - Running <TaskInstance: ex_1_data_ingestion_gcs_dag_v3.download_dataset_task scheduled__2020-09-01T00:00:00+00:00 [running]> on host 700aeb16bae0
[2022-02-02 18:57:49,316] {warnings.py:110} WARNING - /home/***/.local/lib/python3.7/site-packages/***/utils/context.py:152: AirflowContextDeprecationWarning: Accessing 'execution_date' from the template is deprecated and will be removed in a future version. Please use 'data_interval_start' or 'logical_date' instead.
  warnings.warn(_create_deprecation_warning(key, self._deprecation_replacements[key]))

[2022-02-02 18:57:49,347] {taskinstance.py:1426} INFO - Exporting the following env vars:
AIRFLOW_CTX_DAG_OWNER=***
AIRFLOW_CTX_DAG_ID=ex_1_data_ingestion_gcs_dag_v3
AIRFLOW_CTX_TASK_ID=download_dataset_task
AIRFLOW_CTX_EXECUTION_DATE=2020-09-01T00:00:00+00:00
AIRFLOW_CTX_DAG_RUN_ID=scheduled__2020-09-01T00:00:00+00:00
[2022-02-02 18:57:49,349] {subprocess.py:62} INFO - Tmp dir root location: 
 /tmp
[2022-02-02 18:57:49,351] {subprocess.py:74} INFO - Running command: ['bash', '-c', 'curl -sS https://s3.amazonaws.com/nyc-tlc/trip+data/yellow_tripdata_2020-09.csv > /opt/***/yellow_tripdata_2020-09.csv']
[2022-02-02 18:57:49,378] {subprocess.py:85} INFO - Output:
[2022-02-02 18:58:28,507] {subprocess.py:93} INFO - Command exited with return code 0
[2022-02-02 18:58:28,576] {taskinstance.py:1277} INFO - Marking task as SUCCESS. dag_id=ex_1_data_ingestion_gcs_dag_v3, task_id=download_dataset_task, execution_date=20200901T000000, start_date=20220202T185749, end_date=20220202T185828
[2022-02-02 18:58:28,619] {local_task_job.py:154} INFO - Task exited with return code 0
[2022-02-02 18:58:28,682] {local_task_job.py:264} INFO - 1 downstream tasks scheduled from follow-on schedule check
[2022-02-10 13:27:56,336] {taskinstance.py:1032} INFO - Dependencies all met for <TaskInstance: ex_1_data_ingestion_gcs_dag_v3.download_dataset_task scheduled__2020-09-01T00:00:00+00:00 [queued]>
[2022-02-10 13:27:56,362] {taskinstance.py:1032} INFO - Dependencies all met for <TaskInstance: ex_1_data_ingestion_gcs_dag_v3.download_dataset_task scheduled__2020-09-01T00:00:00+00:00 [queued]>
[2022-02-10 13:27:56,365] {taskinstance.py:1238} INFO - 
--------------------------------------------------------------------------------
[2022-02-10 13:27:56,367] {taskinstance.py:1239} INFO - Starting attempt 1 of 1
[2022-02-10 13:27:56,369] {taskinstance.py:1240} INFO - 
--------------------------------------------------------------------------------
[2022-02-10 13:27:56,398] {taskinstance.py:1259} INFO - Executing <Task(BashOperator): download_dataset_task> on 2020-09-01 00:00:00+00:00
[2022-02-10 13:27:56,412] {standard_task_runner.py:52} INFO - Started process 2841 to run task
[2022-02-10 13:27:56,422] {standard_task_runner.py:76} INFO - Running: ['***', 'tasks', 'run', 'ex_1_data_ingestion_gcs_dag_v3', 'download_dataset_task', 'scheduled__2020-09-01T00:00:00+00:00', '--job-id', '720', '--raw', '--subdir', 'DAGS_FOLDER/data_ingestion_hw_1_ex.py', '--cfg-path', '/tmp/tmpn1td2bnf', '--error-file', '/tmp/tmpux_9kznp']
[2022-02-10 13:27:56,426] {standard_task_runner.py:77} INFO - Job 720: Subtask download_dataset_task
[2022-02-10 13:27:56,580] {logging_mixin.py:109} INFO - Running <TaskInstance: ex_1_data_ingestion_gcs_dag_v3.download_dataset_task scheduled__2020-09-01T00:00:00+00:00 [running]> on host e30f201fae61
[2022-02-10 13:27:56,707] {warnings.py:110} WARNING - /home/***/.local/lib/python3.7/site-packages/***/utils/context.py:152: AirflowContextDeprecationWarning: Accessing 'execution_date' from the template is deprecated and will be removed in a future version. Please use 'data_interval_start' or 'logical_date' instead.
  warnings.warn(_create_deprecation_warning(key, self._deprecation_replacements[key]))

[2022-02-10 13:27:56,764] {taskinstance.py:1426} INFO - Exporting the following env vars:
AIRFLOW_CTX_DAG_OWNER=***
AIRFLOW_CTX_DAG_ID=ex_1_data_ingestion_gcs_dag_v3
AIRFLOW_CTX_TASK_ID=download_dataset_task
AIRFLOW_CTX_EXECUTION_DATE=2020-09-01T00:00:00+00:00
AIRFLOW_CTX_DAG_RUN_ID=scheduled__2020-09-01T00:00:00+00:00
[2022-02-10 13:27:56,767] {subprocess.py:62} INFO - Tmp dir root location: 
 /tmp
[2022-02-10 13:27:56,770] {subprocess.py:74} INFO - Running command: ['bash', '-c', 'curl -sS https://s3.amazonaws.com/nyc-tlc/trip+data/yellow_tripdata_2020-09.csv > /opt/***/yellow_tripdata_2020-09.csv']
[2022-02-10 13:27:56,822] {subprocess.py:85} INFO - Output:
[2022-02-10 13:29:05,647] {subprocess.py:93} INFO - Command exited with return code 0
[2022-02-10 13:29:05,727] {taskinstance.py:1277} INFO - Marking task as SUCCESS. dag_id=ex_1_data_ingestion_gcs_dag_v3, task_id=download_dataset_task, execution_date=20200901T000000, start_date=20220210T132756, end_date=20220210T132905
[2022-02-10 13:29:05,812] {local_task_job.py:154} INFO - Task exited with return code 0
[2022-02-10 13:29:05,894] {local_task_job.py:264} INFO - 1 downstream tasks scheduled from follow-on schedule check
[2022-02-10 15:40:39,346] {taskinstance.py:1032} INFO - Dependencies all met for <TaskInstance: ex_1_data_ingestion_gcs_dag_v3.download_dataset_task scheduled__2020-09-01T00:00:00+00:00 [queued]>
[2022-02-10 15:40:39,359] {taskinstance.py:1032} INFO - Dependencies all met for <TaskInstance: ex_1_data_ingestion_gcs_dag_v3.download_dataset_task scheduled__2020-09-01T00:00:00+00:00 [queued]>
[2022-02-10 15:40:39,360] {taskinstance.py:1238} INFO - 
--------------------------------------------------------------------------------
[2022-02-10 15:40:39,361] {taskinstance.py:1239} INFO - Starting attempt 1 of 1
[2022-02-10 15:40:39,362] {taskinstance.py:1240} INFO - 
--------------------------------------------------------------------------------
[2022-02-10 15:40:39,378] {taskinstance.py:1259} INFO - Executing <Task(BashOperator): download_dataset_task> on 2020-09-01 00:00:00+00:00
[2022-02-10 15:40:39,386] {standard_task_runner.py:52} INFO - Started process 916 to run task
[2022-02-10 15:40:39,395] {standard_task_runner.py:76} INFO - Running: ['***', 'tasks', 'run', 'ex_1_data_ingestion_gcs_dag_v3', 'download_dataset_task', 'scheduled__2020-09-01T00:00:00+00:00', '--job-id', '841', '--raw', '--subdir', 'DAGS_FOLDER/data_ingestion_hw_1_ex.py', '--cfg-path', '/tmp/tmpgejrff7a', '--error-file', '/tmp/tmp2izyysx_']
[2022-02-10 15:40:39,398] {standard_task_runner.py:77} INFO - Job 841: Subtask download_dataset_task
[2022-02-10 15:40:39,472] {logging_mixin.py:109} INFO - Running <TaskInstance: ex_1_data_ingestion_gcs_dag_v3.download_dataset_task scheduled__2020-09-01T00:00:00+00:00 [running]> on host 276a0ad90304
[2022-02-10 15:40:39,534] {warnings.py:110} WARNING - /home/***/.local/lib/python3.7/site-packages/***/utils/context.py:152: AirflowContextDeprecationWarning: Accessing 'execution_date' from the template is deprecated and will be removed in a future version. Please use 'data_interval_start' or 'logical_date' instead.
  warnings.warn(_create_deprecation_warning(key, self._deprecation_replacements[key]))

[2022-02-10 15:40:39,601] {taskinstance.py:1426} INFO - Exporting the following env vars:
AIRFLOW_CTX_DAG_OWNER=***
AIRFLOW_CTX_DAG_ID=ex_1_data_ingestion_gcs_dag_v3
AIRFLOW_CTX_TASK_ID=download_dataset_task
AIRFLOW_CTX_EXECUTION_DATE=2020-09-01T00:00:00+00:00
AIRFLOW_CTX_DAG_RUN_ID=scheduled__2020-09-01T00:00:00+00:00
[2022-02-10 15:40:39,606] {subprocess.py:62} INFO - Tmp dir root location: 
 /tmp
[2022-02-10 15:40:39,611] {subprocess.py:74} INFO - Running command: ['bash', '-c', 'curl -sS https://s3.amazonaws.com/nyc-tlc/trip+data/yellow_tripdata_2020-09.csv > /opt/***/yellow_tripdata_2020-09.csv']
[2022-02-10 15:40:39,660] {subprocess.py:85} INFO - Output:
[2022-02-10 15:40:48,127] {subprocess.py:93} INFO - Command exited with return code 0
[2022-02-10 15:40:48,238] {taskinstance.py:1277} INFO - Marking task as SUCCESS. dag_id=ex_1_data_ingestion_gcs_dag_v3, task_id=download_dataset_task, execution_date=20200901T000000, start_date=20220210T154039, end_date=20220210T154048
[2022-02-10 15:40:48,382] {local_task_job.py:154} INFO - Task exited with return code 0
[2022-02-10 15:40:48,515] {local_task_job.py:264} INFO - 1 downstream tasks scheduled from follow-on schedule check
[2022-02-10 16:41:32,109] {taskinstance.py:1032} INFO - Dependencies all met for <TaskInstance: ex_1_data_ingestion_gcs_dag_v3.download_dataset_task scheduled__2020-09-01T00:00:00+00:00 [queued]>
[2022-02-10 16:41:32,121] {taskinstance.py:1032} INFO - Dependencies all met for <TaskInstance: ex_1_data_ingestion_gcs_dag_v3.download_dataset_task scheduled__2020-09-01T00:00:00+00:00 [queued]>
[2022-02-10 16:41:32,122] {taskinstance.py:1238} INFO - 
--------------------------------------------------------------------------------
[2022-02-10 16:41:32,124] {taskinstance.py:1239} INFO - Starting attempt 1 of 1
[2022-02-10 16:41:32,124] {taskinstance.py:1240} INFO - 
--------------------------------------------------------------------------------
[2022-02-10 16:41:32,139] {taskinstance.py:1259} INFO - Executing <Task(BashOperator): download_dataset_task> on 2020-09-01 00:00:00+00:00
[2022-02-10 16:41:32,146] {standard_task_runner.py:52} INFO - Started process 781 to run task
[2022-02-10 16:41:32,161] {standard_task_runner.py:76} INFO - Running: ['***', 'tasks', 'run', 'ex_1_data_ingestion_gcs_dag_v3', 'download_dataset_task', 'scheduled__2020-09-01T00:00:00+00:00', '--job-id', '964', '--raw', '--subdir', 'DAGS_FOLDER/data_ingestion_hw_1_ex.py', '--cfg-path', '/tmp/tmp21clbto6', '--error-file', '/tmp/tmp0dkfn6ph']
[2022-02-10 16:41:32,163] {standard_task_runner.py:77} INFO - Job 964: Subtask download_dataset_task
[2022-02-10 16:41:32,239] {logging_mixin.py:109} INFO - Running <TaskInstance: ex_1_data_ingestion_gcs_dag_v3.download_dataset_task scheduled__2020-09-01T00:00:00+00:00 [running]> on host 106a34111faf
[2022-02-10 16:41:32,290] {warnings.py:110} WARNING - /home/***/.local/lib/python3.7/site-packages/***/utils/context.py:152: AirflowContextDeprecationWarning: Accessing 'execution_date' from the template is deprecated and will be removed in a future version. Please use 'data_interval_start' or 'logical_date' instead.
  warnings.warn(_create_deprecation_warning(key, self._deprecation_replacements[key]))

[2022-02-10 16:41:32,319] {taskinstance.py:1426} INFO - Exporting the following env vars:
AIRFLOW_CTX_DAG_OWNER=***
AIRFLOW_CTX_DAG_ID=ex_1_data_ingestion_gcs_dag_v3
AIRFLOW_CTX_TASK_ID=download_dataset_task
AIRFLOW_CTX_EXECUTION_DATE=2020-09-01T00:00:00+00:00
AIRFLOW_CTX_DAG_RUN_ID=scheduled__2020-09-01T00:00:00+00:00
[2022-02-10 16:41:32,322] {subprocess.py:62} INFO - Tmp dir root location: 
 /tmp
[2022-02-10 16:41:32,324] {subprocess.py:74} INFO - Running command: ['bash', '-c', 'curl -sS https://s3.amazonaws.com/nyc-tlc/trip+data/yellow_tripdata_2020-09.csv > /opt/***/yellow_tripdata_2020-09.csv']
[2022-02-10 16:41:32,344] {subprocess.py:85} INFO - Output:
[2022-02-10 16:41:44,374] {subprocess.py:93} INFO - Command exited with return code 0
[2022-02-10 16:41:44,463] {taskinstance.py:1277} INFO - Marking task as SUCCESS. dag_id=ex_1_data_ingestion_gcs_dag_v3, task_id=download_dataset_task, execution_date=20200901T000000, start_date=20220210T164132, end_date=20220210T164144
[2022-02-10 16:41:44,525] {local_task_job.py:154} INFO - Task exited with return code 0
[2022-02-10 16:41:44,587] {local_task_job.py:264} INFO - 1 downstream tasks scheduled from follow-on schedule check
