[2022-02-01 18:19:41,264] {taskinstance.py:1032} INFO - Dependencies all met for <TaskInstance: LocalIngestionDag.wget scheduled__2021-06-02T06:00:00+00:00 [queued]>
[2022-02-01 18:19:41,288] {taskinstance.py:1032} INFO - Dependencies all met for <TaskInstance: LocalIngestionDag.wget scheduled__2021-06-02T06:00:00+00:00 [queued]>
[2022-02-01 18:19:41,289] {taskinstance.py:1238} INFO - 
--------------------------------------------------------------------------------
[2022-02-01 18:19:41,292] {taskinstance.py:1239} INFO - Starting attempt 2 of 2
[2022-02-01 18:19:41,294] {taskinstance.py:1240} INFO - 
--------------------------------------------------------------------------------
[2022-02-01 18:19:41,320] {taskinstance.py:1259} INFO - Executing <Task(BashOperator): wget> on 2021-06-02 06:00:00+00:00
[2022-02-01 18:19:41,329] {standard_task_runner.py:52} INFO - Started process 3093 to run task
[2022-02-01 18:19:41,348] {standard_task_runner.py:76} INFO - Running: ['***', 'tasks', 'run', 'LocalIngestionDag', 'wget', 'scheduled__2021-06-02T06:00:00+00:00', '--job-id', '70', '--raw', '--subdir', 'DAGS_FOLDER/data_ingestion_local.py', '--cfg-path', '/tmp/tmp36uwjzbb', '--error-file', '/tmp/tmp644u6bym']
[2022-02-01 18:19:41,351] {standard_task_runner.py:77} INFO - Job 70: Subtask wget
[2022-02-01 18:19:41,465] {logging_mixin.py:109} INFO - Running <TaskInstance: LocalIngestionDag.wget scheduled__2021-06-02T06:00:00+00:00 [running]> on host c2ae942a63f5
[2022-02-01 18:19:41,563] {taskinstance.py:1426} INFO - Exporting the following env vars:
AIRFLOW_CTX_DAG_OWNER=***
AIRFLOW_CTX_DAG_ID=LocalIngestionDag
AIRFLOW_CTX_TASK_ID=wget
AIRFLOW_CTX_EXECUTION_DATE=2021-06-02T06:00:00+00:00
AIRFLOW_CTX_DAG_RUN_ID=scheduled__2021-06-02T06:00:00+00:00
[2022-02-01 18:19:41,567] {subprocess.py:62} INFO - Tmp dir root location: 
 /tmp
[2022-02-01 18:19:41,570] {subprocess.py:74} INFO - Running command: ['bash', '-c', 'echo "{execution_date.strftime(\'%Y-%m\')}"']
[2022-02-01 18:19:41,586] {subprocess.py:85} INFO - Output:
[2022-02-01 18:19:41,588] {subprocess.py:89} INFO - {execution_date.strftime('%Y-%m')}
[2022-02-01 18:19:41,591] {subprocess.py:93} INFO - Command exited with return code 0
[2022-02-01 18:19:41,634] {taskinstance.py:1277} INFO - Marking task as SUCCESS. dag_id=LocalIngestionDag, task_id=wget, execution_date=20210602T060000, start_date=20220201T181941, end_date=20220201T181941
[2022-02-01 18:19:41,675] {local_task_job.py:154} INFO - Task exited with return code 0
[2022-02-01 18:19:41,762] {local_task_job.py:264} INFO - 1 downstream tasks scheduled from follow-on schedule check
