[2022-02-03 15:00:19,381] {taskinstance.py:1032} INFO - Dependencies all met for <TaskInstance: FHV_data_ingestion_gcs_dag.local_to_gcs_task scheduled__2021-02-01T00:00:00+00:00 [queued]>
[2022-02-03 15:00:19,404] {taskinstance.py:1032} INFO - Dependencies all met for <TaskInstance: FHV_data_ingestion_gcs_dag.local_to_gcs_task scheduled__2021-02-01T00:00:00+00:00 [queued]>
[2022-02-03 15:00:19,406] {taskinstance.py:1238} INFO - 
--------------------------------------------------------------------------------
[2022-02-03 15:00:19,408] {taskinstance.py:1239} INFO - Starting attempt 1 of 1
[2022-02-03 15:00:19,409] {taskinstance.py:1240} INFO - 
--------------------------------------------------------------------------------
[2022-02-03 15:00:19,434] {taskinstance.py:1259} INFO - Executing <Task(PythonOperator): local_to_gcs_task> on 2021-02-01 00:00:00+00:00
[2022-02-03 15:00:19,442] {standard_task_runner.py:52} INFO - Started process 2243 to run task
[2022-02-03 15:00:19,449] {standard_task_runner.py:76} INFO - Running: ['***', 'tasks', 'run', 'FHV_data_ingestion_gcs_dag', 'local_to_gcs_task', 'scheduled__2021-02-01T00:00:00+00:00', '--job-id', '517', '--raw', '--subdir', 'DAGS_FOLDER/FHV_injection_dag.py', '--cfg-path', '/tmp/tmpia9gqvts', '--error-file', '/tmp/tmpo11xnfb9']
[2022-02-03 15:00:19,452] {standard_task_runner.py:77} INFO - Job 517: Subtask local_to_gcs_task
[2022-02-03 15:00:19,558] {logging_mixin.py:109} INFO - Running <TaskInstance: FHV_data_ingestion_gcs_dag.local_to_gcs_task scheduled__2021-02-01T00:00:00+00:00 [running]> on host 700aeb16bae0
[2022-02-03 15:00:19,649] {warnings.py:110} WARNING - /home/***/.local/lib/python3.7/site-packages/***/utils/context.py:152: AirflowContextDeprecationWarning: Accessing 'execution_date' from the template is deprecated and will be removed in a future version. Please use 'data_interval_start' or 'logical_date' instead.
  warnings.warn(_create_deprecation_warning(key, self._deprecation_replacements[key]))

[2022-02-03 15:00:19,713] {taskinstance.py:1426} INFO - Exporting the following env vars:
AIRFLOW_CTX_DAG_OWNER=***
AIRFLOW_CTX_DAG_ID=FHV_data_ingestion_gcs_dag
AIRFLOW_CTX_TASK_ID=local_to_gcs_task
AIRFLOW_CTX_EXECUTION_DATE=2021-02-01T00:00:00+00:00
AIRFLOW_CTX_DAG_RUN_ID=scheduled__2021-02-01T00:00:00+00:00
[2022-02-03 15:00:21,936] {python.py:175} INFO - Done. Returned value was: None
[2022-02-03 15:00:21,959] {taskinstance.py:1277} INFO - Marking task as SUCCESS. dag_id=FHV_data_ingestion_gcs_dag, task_id=local_to_gcs_task, execution_date=20210201T000000, start_date=20220203T150019, end_date=20220203T150021
[2022-02-03 15:00:22,009] {local_task_job.py:154} INFO - Task exited with return code 0
[2022-02-03 15:00:22,075] {local_task_job.py:264} INFO - 1 downstream tasks scheduled from follow-on schedule check
[2022-02-03 15:19:58,803] {taskinstance.py:1032} INFO - Dependencies all met for <TaskInstance: FHV_data_ingestion_gcs_dag.local_to_gcs_task scheduled__2021-02-01T00:00:00+00:00 [queued]>
[2022-02-03 15:19:58,819] {taskinstance.py:1032} INFO - Dependencies all met for <TaskInstance: FHV_data_ingestion_gcs_dag.local_to_gcs_task scheduled__2021-02-01T00:00:00+00:00 [queued]>
[2022-02-03 15:19:58,820] {taskinstance.py:1238} INFO - 
--------------------------------------------------------------------------------
[2022-02-03 15:19:58,821] {taskinstance.py:1239} INFO - Starting attempt 1 of 1
[2022-02-03 15:19:58,822] {taskinstance.py:1240} INFO - 
--------------------------------------------------------------------------------
[2022-02-03 15:19:58,833] {taskinstance.py:1259} INFO - Executing <Task(PythonOperator): local_to_gcs_task> on 2021-02-01 00:00:00+00:00
[2022-02-03 15:19:58,838] {standard_task_runner.py:52} INFO - Started process 3604 to run task
[2022-02-03 15:19:58,842] {standard_task_runner.py:76} INFO - Running: ['***', 'tasks', 'run', 'FHV_data_ingestion_gcs_dag', 'local_to_gcs_task', 'scheduled__2021-02-01T00:00:00+00:00', '--job-id', '605', '--raw', '--subdir', 'DAGS_FOLDER/FHV_injection_dag.py', '--cfg-path', '/tmp/tmpo0l9iqsu', '--error-file', '/tmp/tmp56ewne0d']
[2022-02-03 15:19:58,844] {standard_task_runner.py:77} INFO - Job 605: Subtask local_to_gcs_task
[2022-02-03 15:19:58,909] {logging_mixin.py:109} INFO - Running <TaskInstance: FHV_data_ingestion_gcs_dag.local_to_gcs_task scheduled__2021-02-01T00:00:00+00:00 [running]> on host 700aeb16bae0
[2022-02-03 15:19:58,949] {warnings.py:110} WARNING - /home/***/.local/lib/python3.7/site-packages/***/utils/context.py:152: AirflowContextDeprecationWarning: Accessing 'execution_date' from the template is deprecated and will be removed in a future version. Please use 'data_interval_start' or 'logical_date' instead.
  warnings.warn(_create_deprecation_warning(key, self._deprecation_replacements[key]))

[2022-02-03 15:19:58,971] {taskinstance.py:1426} INFO - Exporting the following env vars:
AIRFLOW_CTX_DAG_OWNER=***
AIRFLOW_CTX_DAG_ID=FHV_data_ingestion_gcs_dag
AIRFLOW_CTX_TASK_ID=local_to_gcs_task
AIRFLOW_CTX_EXECUTION_DATE=2021-02-01T00:00:00+00:00
AIRFLOW_CTX_DAG_RUN_ID=scheduled__2021-02-01T00:00:00+00:00
[2022-02-03 15:20:01,493] {python.py:175} INFO - Done. Returned value was: None
[2022-02-03 15:20:01,513] {taskinstance.py:1277} INFO - Marking task as SUCCESS. dag_id=FHV_data_ingestion_gcs_dag, task_id=local_to_gcs_task, execution_date=20210201T000000, start_date=20220203T151958, end_date=20220203T152001
[2022-02-03 15:20:01,552] {local_task_job.py:154} INFO - Task exited with return code 0
[2022-02-03 15:20:01,605] {local_task_job.py:264} INFO - 0 downstream tasks scheduled from follow-on schedule check
