[2022-02-02 18:12:50,681] {taskinstance.py:1032} INFO - Dependencies all met for <TaskInstance: ex_1_data_ingestion_gcs_dag_v3.download_dataset_task scheduled__2019-04-01T00:00:00+00:00 [queued]>
[2022-02-02 18:12:50,701] {taskinstance.py:1032} INFO - Dependencies all met for <TaskInstance: ex_1_data_ingestion_gcs_dag_v3.download_dataset_task scheduled__2019-04-01T00:00:00+00:00 [queued]>
[2022-02-02 18:12:50,702] {taskinstance.py:1238} INFO - 
--------------------------------------------------------------------------------
[2022-02-02 18:12:50,703] {taskinstance.py:1239} INFO - Starting attempt 1 of 1
[2022-02-02 18:12:50,704] {taskinstance.py:1240} INFO - 
--------------------------------------------------------------------------------
[2022-02-02 18:12:50,716] {taskinstance.py:1259} INFO - Executing <Task(BashOperator): download_dataset_task> on 2019-04-01 00:00:00+00:00
[2022-02-02 18:12:50,724] {standard_task_runner.py:52} INFO - Started process 8606 to run task
[2022-02-02 18:12:50,729] {standard_task_runner.py:76} INFO - Running: ['***', 'tasks', 'run', 'ex_1_data_ingestion_gcs_dag_v3', 'download_dataset_task', 'scheduled__2019-04-01T00:00:00+00:00', '--job-id', '313', '--raw', '--subdir', 'DAGS_FOLDER/data_ingestion_hw_1_ex.py', '--cfg-path', '/tmp/tmp61i40sw3', '--error-file', '/tmp/tmpfiuoz88d']
[2022-02-02 18:12:50,731] {standard_task_runner.py:77} INFO - Job 313: Subtask download_dataset_task
[2022-02-02 18:12:50,806] {logging_mixin.py:109} INFO - Running <TaskInstance: ex_1_data_ingestion_gcs_dag_v3.download_dataset_task scheduled__2019-04-01T00:00:00+00:00 [running]> on host 700aeb16bae0
[2022-02-02 18:12:50,857] {warnings.py:110} WARNING - /home/***/.local/lib/python3.7/site-packages/***/utils/context.py:152: AirflowContextDeprecationWarning: Accessing 'execution_date' from the template is deprecated and will be removed in a future version. Please use 'data_interval_start' or 'logical_date' instead.
  warnings.warn(_create_deprecation_warning(key, self._deprecation_replacements[key]))

[2022-02-02 18:12:50,884] {taskinstance.py:1426} INFO - Exporting the following env vars:
AIRFLOW_CTX_DAG_OWNER=***
AIRFLOW_CTX_DAG_ID=ex_1_data_ingestion_gcs_dag_v3
AIRFLOW_CTX_TASK_ID=download_dataset_task
AIRFLOW_CTX_EXECUTION_DATE=2019-04-01T00:00:00+00:00
AIRFLOW_CTX_DAG_RUN_ID=scheduled__2019-04-01T00:00:00+00:00
[2022-02-02 18:12:50,885] {subprocess.py:62} INFO - Tmp dir root location: 
 /tmp
[2022-02-02 18:12:50,887] {subprocess.py:74} INFO - Running command: ['bash', '-c', 'curl -sS https://s3.amazonaws.com/nyc-tlc/trip+data/yellow_tripdata_2019-04.csv > /opt/***/yellow_tripdata_2019-04.csv']
[2022-02-02 18:12:50,902] {subprocess.py:85} INFO - Output:
[2022-02-02 18:14:33,680] {subprocess.py:93} INFO - Command exited with return code 0
[2022-02-02 18:14:33,803] {taskinstance.py:1277} INFO - Marking task as SUCCESS. dag_id=ex_1_data_ingestion_gcs_dag_v3, task_id=download_dataset_task, execution_date=20190401T000000, start_date=20220202T181250, end_date=20220202T181433
[2022-02-02 18:14:33,857] {local_task_job.py:154} INFO - Task exited with return code 0
[2022-02-02 18:14:33,901] {local_task_job.py:264} INFO - 1 downstream tasks scheduled from follow-on schedule check
