[2022-02-02 19:14:17,738] {taskinstance.py:1032} INFO - Dependencies all met for <TaskInstance: ex_1_data_ingestion_gcs_dag_v3.download_dataset_task scheduled__2021-12-01T00:00:00+00:00 [queued]>
[2022-02-02 19:14:17,756] {taskinstance.py:1032} INFO - Dependencies all met for <TaskInstance: ex_1_data_ingestion_gcs_dag_v3.download_dataset_task scheduled__2021-12-01T00:00:00+00:00 [queued]>
[2022-02-02 19:14:17,757] {taskinstance.py:1238} INFO - 
--------------------------------------------------------------------------------
[2022-02-02 19:14:17,759] {taskinstance.py:1239} INFO - Starting attempt 1 of 1
[2022-02-02 19:14:17,761] {taskinstance.py:1240} INFO - 
--------------------------------------------------------------------------------
[2022-02-02 19:14:17,782] {taskinstance.py:1259} INFO - Executing <Task(BashOperator): download_dataset_task> on 2021-12-01 00:00:00+00:00
[2022-02-02 19:14:17,789] {standard_task_runner.py:52} INFO - Started process 11993 to run task
[2022-02-02 19:14:17,798] {standard_task_runner.py:76} INFO - Running: ['***', 'tasks', 'run', 'ex_1_data_ingestion_gcs_dag_v3', 'download_dataset_task', 'scheduled__2021-12-01T00:00:00+00:00', '--job-id', '407', '--raw', '--subdir', 'DAGS_FOLDER/data_ingestion_hw_1_ex.py', '--cfg-path', '/tmp/tmpa7a9xqo1', '--error-file', '/tmp/tmp98du2lrb']
[2022-02-02 19:14:17,799] {standard_task_runner.py:77} INFO - Job 407: Subtask download_dataset_task
[2022-02-02 19:14:17,880] {logging_mixin.py:109} INFO - Running <TaskInstance: ex_1_data_ingestion_gcs_dag_v3.download_dataset_task scheduled__2021-12-01T00:00:00+00:00 [running]> on host 700aeb16bae0
[2022-02-02 19:14:17,925] {warnings.py:110} WARNING - /home/***/.local/lib/python3.7/site-packages/***/utils/context.py:152: AirflowContextDeprecationWarning: Accessing 'execution_date' from the template is deprecated and will be removed in a future version. Please use 'data_interval_start' or 'logical_date' instead.
  warnings.warn(_create_deprecation_warning(key, self._deprecation_replacements[key]))

[2022-02-02 19:14:17,953] {taskinstance.py:1426} INFO - Exporting the following env vars:
AIRFLOW_CTX_DAG_OWNER=***
AIRFLOW_CTX_DAG_ID=ex_1_data_ingestion_gcs_dag_v3
AIRFLOW_CTX_TASK_ID=download_dataset_task
AIRFLOW_CTX_EXECUTION_DATE=2021-12-01T00:00:00+00:00
AIRFLOW_CTX_DAG_RUN_ID=scheduled__2021-12-01T00:00:00+00:00
[2022-02-02 19:14:17,954] {subprocess.py:62} INFO - Tmp dir root location: 
 /tmp
[2022-02-02 19:14:17,956] {subprocess.py:74} INFO - Running command: ['bash', '-c', 'curl -sS https://s3.amazonaws.com/nyc-tlc/trip+data/yellow_tripdata_2021-12.csv > /opt/***/yellow_tripdata_2021-12.csv']
[2022-02-02 19:14:17,972] {subprocess.py:85} INFO - Output:
[2022-02-02 19:14:18,508] {subprocess.py:93} INFO - Command exited with return code 0
[2022-02-02 19:14:18,546] {taskinstance.py:1277} INFO - Marking task as SUCCESS. dag_id=ex_1_data_ingestion_gcs_dag_v3, task_id=download_dataset_task, execution_date=20211201T000000, start_date=20220202T191417, end_date=20220202T191418
[2022-02-02 19:14:18,613] {local_task_job.py:154} INFO - Task exited with return code 0
[2022-02-02 19:14:18,661] {local_task_job.py:264} INFO - 1 downstream tasks scheduled from follow-on schedule check
[2022-02-10 14:56:05,178] {taskinstance.py:1032} INFO - Dependencies all met for <TaskInstance: ex_1_data_ingestion_gcs_dag_v3.download_dataset_task scheduled__2021-12-01T00:00:00+00:00 [queued]>
[2022-02-10 14:56:05,191] {taskinstance.py:1032} INFO - Dependencies all met for <TaskInstance: ex_1_data_ingestion_gcs_dag_v3.download_dataset_task scheduled__2021-12-01T00:00:00+00:00 [queued]>
[2022-02-10 14:56:05,192] {taskinstance.py:1238} INFO - 
--------------------------------------------------------------------------------
[2022-02-10 14:56:05,193] {taskinstance.py:1239} INFO - Starting attempt 1 of 1
[2022-02-10 14:56:05,194] {taskinstance.py:1240} INFO - 
--------------------------------------------------------------------------------
[2022-02-10 14:56:05,206] {taskinstance.py:1259} INFO - Executing <Task(BashOperator): download_dataset_task> on 2021-12-01 00:00:00+00:00
[2022-02-10 14:56:05,214] {standard_task_runner.py:52} INFO - Started process 3646 to run task
[2022-02-10 14:56:05,219] {standard_task_runner.py:76} INFO - Running: ['***', 'tasks', 'run', 'ex_1_data_ingestion_gcs_dag_v3', 'download_dataset_task', 'scheduled__2021-12-01T00:00:00+00:00', '--job-id', '761', '--raw', '--subdir', 'DAGS_FOLDER/data_ingestion_hw_1_ex.py', '--cfg-path', '/tmp/tmp141swttg', '--error-file', '/tmp/tmpthkry74u']
[2022-02-10 14:56:05,222] {standard_task_runner.py:77} INFO - Job 761: Subtask download_dataset_task
[2022-02-10 14:56:05,292] {logging_mixin.py:109} INFO - Running <TaskInstance: ex_1_data_ingestion_gcs_dag_v3.download_dataset_task scheduled__2021-12-01T00:00:00+00:00 [running]> on host e30f201fae61
[2022-02-10 14:56:05,337] {warnings.py:110} WARNING - /home/***/.local/lib/python3.7/site-packages/***/utils/context.py:152: AirflowContextDeprecationWarning: Accessing 'execution_date' from the template is deprecated and will be removed in a future version. Please use 'data_interval_start' or 'logical_date' instead.
  warnings.warn(_create_deprecation_warning(key, self._deprecation_replacements[key]))

[2022-02-10 14:56:05,380] {taskinstance.py:1426} INFO - Exporting the following env vars:
AIRFLOW_CTX_DAG_OWNER=***
AIRFLOW_CTX_DAG_ID=ex_1_data_ingestion_gcs_dag_v3
AIRFLOW_CTX_TASK_ID=download_dataset_task
AIRFLOW_CTX_EXECUTION_DATE=2021-12-01T00:00:00+00:00
AIRFLOW_CTX_DAG_RUN_ID=scheduled__2021-12-01T00:00:00+00:00
[2022-02-10 14:56:05,384] {subprocess.py:62} INFO - Tmp dir root location: 
 /tmp
[2022-02-10 14:56:05,386] {subprocess.py:74} INFO - Running command: ['bash', '-c', 'curl -sS https://s3.amazonaws.com/nyc-tlc/trip+data/yellow_tripdata_2021-12.csv > /opt/***/yellow_tripdata_2021-12.csv']
[2022-02-10 14:56:05,405] {subprocess.py:85} INFO - Output:
[2022-02-10 14:56:05,923] {subprocess.py:93} INFO - Command exited with return code 0
[2022-02-10 14:56:05,959] {taskinstance.py:1277} INFO - Marking task as SUCCESS. dag_id=ex_1_data_ingestion_gcs_dag_v3, task_id=download_dataset_task, execution_date=20211201T000000, start_date=20220210T145605, end_date=20220210T145605
[2022-02-10 14:56:06,011] {local_task_job.py:154} INFO - Task exited with return code 0
[2022-02-10 14:56:06,054] {local_task_job.py:264} INFO - 1 downstream tasks scheduled from follow-on schedule check
[2022-02-10 15:43:13,621] {taskinstance.py:1032} INFO - Dependencies all met for <TaskInstance: ex_1_data_ingestion_gcs_dag_v3.download_dataset_task scheduled__2021-12-01T00:00:00+00:00 [queued]>
[2022-02-10 15:43:13,636] {taskinstance.py:1032} INFO - Dependencies all met for <TaskInstance: ex_1_data_ingestion_gcs_dag_v3.download_dataset_task scheduled__2021-12-01T00:00:00+00:00 [queued]>
[2022-02-10 15:43:13,637] {taskinstance.py:1238} INFO - 
--------------------------------------------------------------------------------
[2022-02-10 15:43:13,639] {taskinstance.py:1239} INFO - Starting attempt 1 of 1
[2022-02-10 15:43:13,640] {taskinstance.py:1240} INFO - 
--------------------------------------------------------------------------------
[2022-02-10 15:43:13,666] {taskinstance.py:1259} INFO - Executing <Task(BashOperator): download_dataset_task> on 2021-12-01 00:00:00+00:00
[2022-02-10 15:43:13,673] {standard_task_runner.py:52} INFO - Started process 1241 to run task
[2022-02-10 15:43:13,679] {standard_task_runner.py:76} INFO - Running: ['***', 'tasks', 'run', 'ex_1_data_ingestion_gcs_dag_v3', 'download_dataset_task', 'scheduled__2021-12-01T00:00:00+00:00', '--job-id', '882', '--raw', '--subdir', 'DAGS_FOLDER/data_ingestion_hw_1_ex.py', '--cfg-path', '/tmp/tmplweqyrzw', '--error-file', '/tmp/tmpwwg2b48c']
[2022-02-10 15:43:13,680] {standard_task_runner.py:77} INFO - Job 882: Subtask download_dataset_task
[2022-02-10 15:43:13,719] {logging_mixin.py:109} INFO - Running <TaskInstance: ex_1_data_ingestion_gcs_dag_v3.download_dataset_task scheduled__2021-12-01T00:00:00+00:00 [running]> on host 276a0ad90304
[2022-02-10 15:43:13,761] {warnings.py:110} WARNING - /home/***/.local/lib/python3.7/site-packages/***/utils/context.py:152: AirflowContextDeprecationWarning: Accessing 'execution_date' from the template is deprecated and will be removed in a future version. Please use 'data_interval_start' or 'logical_date' instead.
  warnings.warn(_create_deprecation_warning(key, self._deprecation_replacements[key]))

[2022-02-10 15:43:13,784] {taskinstance.py:1426} INFO - Exporting the following env vars:
AIRFLOW_CTX_DAG_OWNER=***
AIRFLOW_CTX_DAG_ID=ex_1_data_ingestion_gcs_dag_v3
AIRFLOW_CTX_TASK_ID=download_dataset_task
AIRFLOW_CTX_EXECUTION_DATE=2021-12-01T00:00:00+00:00
AIRFLOW_CTX_DAG_RUN_ID=scheduled__2021-12-01T00:00:00+00:00
[2022-02-10 15:43:13,787] {subprocess.py:62} INFO - Tmp dir root location: 
 /tmp
[2022-02-10 15:43:13,789] {subprocess.py:74} INFO - Running command: ['bash', '-c', 'curl -sS https://s3.amazonaws.com/nyc-tlc/trip+data/yellow_tripdata_2021-12.csv > /opt/***/yellow_tripdata_2021-12.csv']
[2022-02-10 15:43:13,804] {subprocess.py:85} INFO - Output:
[2022-02-10 15:43:14,334] {subprocess.py:93} INFO - Command exited with return code 0
[2022-02-10 15:43:14,370] {taskinstance.py:1277} INFO - Marking task as SUCCESS. dag_id=ex_1_data_ingestion_gcs_dag_v3, task_id=download_dataset_task, execution_date=20211201T000000, start_date=20220210T154313, end_date=20220210T154314
[2022-02-10 15:43:14,423] {local_task_job.py:154} INFO - Task exited with return code 0
[2022-02-10 15:43:14,468] {local_task_job.py:264} INFO - 1 downstream tasks scheduled from follow-on schedule check
[2022-02-10 16:45:29,511] {taskinstance.py:1032} INFO - Dependencies all met for <TaskInstance: ex_1_data_ingestion_gcs_dag_v3.download_dataset_task scheduled__2021-12-01T00:00:00+00:00 [queued]>
[2022-02-10 16:45:29,529] {taskinstance.py:1032} INFO - Dependencies all met for <TaskInstance: ex_1_data_ingestion_gcs_dag_v3.download_dataset_task scheduled__2021-12-01T00:00:00+00:00 [queued]>
[2022-02-10 16:45:29,530] {taskinstance.py:1238} INFO - 
--------------------------------------------------------------------------------
[2022-02-10 16:45:29,531] {taskinstance.py:1239} INFO - Starting attempt 1 of 1
[2022-02-10 16:45:29,532] {taskinstance.py:1240} INFO - 
--------------------------------------------------------------------------------
[2022-02-10 16:45:29,548] {taskinstance.py:1259} INFO - Executing <Task(BashOperator): download_dataset_task> on 2021-12-01 00:00:00+00:00
[2022-02-10 16:45:29,563] {standard_task_runner.py:52} INFO - Started process 1086 to run task
[2022-02-10 16:45:29,569] {standard_task_runner.py:76} INFO - Running: ['***', 'tasks', 'run', 'ex_1_data_ingestion_gcs_dag_v3', 'download_dataset_task', 'scheduled__2021-12-01T00:00:00+00:00', '--job-id', '994', '--raw', '--subdir', 'DAGS_FOLDER/data_ingestion_hw_1_ex.py', '--cfg-path', '/tmp/tmpnzblctmq', '--error-file', '/tmp/tmpwoifktwe']
[2022-02-10 16:45:29,578] {standard_task_runner.py:77} INFO - Job 994: Subtask download_dataset_task
[2022-02-10 16:45:29,683] {logging_mixin.py:109} INFO - Running <TaskInstance: ex_1_data_ingestion_gcs_dag_v3.download_dataset_task scheduled__2021-12-01T00:00:00+00:00 [running]> on host 106a34111faf
[2022-02-10 16:45:29,735] {warnings.py:110} WARNING - /home/***/.local/lib/python3.7/site-packages/***/utils/context.py:152: AirflowContextDeprecationWarning: Accessing 'execution_date' from the template is deprecated and will be removed in a future version. Please use 'data_interval_start' or 'logical_date' instead.
  warnings.warn(_create_deprecation_warning(key, self._deprecation_replacements[key]))

[2022-02-10 16:45:29,762] {taskinstance.py:1426} INFO - Exporting the following env vars:
AIRFLOW_CTX_DAG_OWNER=***
AIRFLOW_CTX_DAG_ID=ex_1_data_ingestion_gcs_dag_v3
AIRFLOW_CTX_TASK_ID=download_dataset_task
AIRFLOW_CTX_EXECUTION_DATE=2021-12-01T00:00:00+00:00
AIRFLOW_CTX_DAG_RUN_ID=scheduled__2021-12-01T00:00:00+00:00
[2022-02-10 16:45:29,764] {subprocess.py:62} INFO - Tmp dir root location: 
 /tmp
[2022-02-10 16:45:29,766] {subprocess.py:74} INFO - Running command: ['bash', '-c', 'curl -sS https://s3.amazonaws.com/nyc-tlc/trip+data/yellow_tripdata_2021-12.csv > /opt/***/yellow_tripdata_2021-12.csv']
[2022-02-10 16:45:29,783] {subprocess.py:85} INFO - Output:
[2022-02-10 16:45:30,322] {subprocess.py:93} INFO - Command exited with return code 0
[2022-02-10 16:45:30,368] {taskinstance.py:1277} INFO - Marking task as SUCCESS. dag_id=ex_1_data_ingestion_gcs_dag_v3, task_id=download_dataset_task, execution_date=20211201T000000, start_date=20220210T164529, end_date=20220210T164530
[2022-02-10 16:45:30,441] {local_task_job.py:154} INFO - Task exited with return code 0
[2022-02-10 16:45:30,494] {local_task_job.py:264} INFO - 1 downstream tasks scheduled from follow-on schedule check
