[2022-02-03 14:58:55,910] {taskinstance.py:1032} INFO - Dependencies all met for <TaskInstance: FHV_data_ingestion_gcs_dag.format_to_parquet_task scheduled__2020-12-01T00:00:00+00:00 [queued]>
[2022-02-03 14:58:55,943] {taskinstance.py:1032} INFO - Dependencies all met for <TaskInstance: FHV_data_ingestion_gcs_dag.format_to_parquet_task scheduled__2020-12-01T00:00:00+00:00 [queued]>
[2022-02-03 14:58:55,944] {taskinstance.py:1238} INFO - 
--------------------------------------------------------------------------------
[2022-02-03 14:58:55,946] {taskinstance.py:1239} INFO - Starting attempt 1 of 1
[2022-02-03 14:58:55,948] {taskinstance.py:1240} INFO - 
--------------------------------------------------------------------------------
[2022-02-03 14:58:55,973] {taskinstance.py:1259} INFO - Executing <Task(PythonOperator): format_to_parquet_task> on 2020-12-01 00:00:00+00:00
[2022-02-03 14:58:55,981] {standard_task_runner.py:52} INFO - Started process 2144 to run task
[2022-02-03 14:58:55,995] {standard_task_runner.py:76} INFO - Running: ['***', 'tasks', 'run', 'FHV_data_ingestion_gcs_dag', 'format_to_parquet_task', 'scheduled__2020-12-01T00:00:00+00:00', '--job-id', '508', '--raw', '--subdir', 'DAGS_FOLDER/FHV_injection_dag.py', '--cfg-path', '/tmp/tmpa9vhj4cn', '--error-file', '/tmp/tmpenfm1m5x']
[2022-02-03 14:58:55,998] {standard_task_runner.py:77} INFO - Job 508: Subtask format_to_parquet_task
[2022-02-03 14:58:56,113] {logging_mixin.py:109} INFO - Running <TaskInstance: FHV_data_ingestion_gcs_dag.format_to_parquet_task scheduled__2020-12-01T00:00:00+00:00 [running]> on host 700aeb16bae0
[2022-02-03 14:58:56,190] {warnings.py:110} WARNING - /home/***/.local/lib/python3.7/site-packages/***/utils/context.py:152: AirflowContextDeprecationWarning: Accessing 'execution_date' from the template is deprecated and will be removed in a future version. Please use 'data_interval_start' or 'logical_date' instead.
  warnings.warn(_create_deprecation_warning(key, self._deprecation_replacements[key]))

[2022-02-03 14:58:56,235] {taskinstance.py:1426} INFO - Exporting the following env vars:
AIRFLOW_CTX_DAG_OWNER=***
AIRFLOW_CTX_DAG_ID=FHV_data_ingestion_gcs_dag
AIRFLOW_CTX_TASK_ID=format_to_parquet_task
AIRFLOW_CTX_EXECUTION_DATE=2020-12-01T00:00:00+00:00
AIRFLOW_CTX_DAG_RUN_ID=scheduled__2020-12-01T00:00:00+00:00
[2022-02-03 14:58:57,191] {python.py:175} INFO - Done. Returned value was: None
[2022-02-03 14:58:57,228] {taskinstance.py:1277} INFO - Marking task as SUCCESS. dag_id=FHV_data_ingestion_gcs_dag, task_id=format_to_parquet_task, execution_date=20201201T000000, start_date=20220203T145855, end_date=20220203T145857
[2022-02-03 14:58:57,334] {local_task_job.py:154} INFO - Task exited with return code 0
[2022-02-03 14:58:57,432] {local_task_job.py:264} INFO - 1 downstream tasks scheduled from follow-on schedule check
[2022-02-03 15:19:06,551] {taskinstance.py:1032} INFO - Dependencies all met for <TaskInstance: FHV_data_ingestion_gcs_dag.format_to_parquet_task scheduled__2020-12-01T00:00:00+00:00 [queued]>
[2022-02-03 15:19:06,564] {taskinstance.py:1032} INFO - Dependencies all met for <TaskInstance: FHV_data_ingestion_gcs_dag.format_to_parquet_task scheduled__2020-12-01T00:00:00+00:00 [queued]>
[2022-02-03 15:19:06,565] {taskinstance.py:1238} INFO - 
--------------------------------------------------------------------------------
[2022-02-03 15:19:06,565] {taskinstance.py:1239} INFO - Starting attempt 1 of 1
[2022-02-03 15:19:06,566] {taskinstance.py:1240} INFO - 
--------------------------------------------------------------------------------
[2022-02-03 15:19:06,577] {taskinstance.py:1259} INFO - Executing <Task(PythonOperator): format_to_parquet_task> on 2020-12-01 00:00:00+00:00
[2022-02-03 15:19:06,582] {standard_task_runner.py:52} INFO - Started process 3529 to run task
[2022-02-03 15:19:06,586] {standard_task_runner.py:76} INFO - Running: ['***', 'tasks', 'run', 'FHV_data_ingestion_gcs_dag', 'format_to_parquet_task', 'scheduled__2020-12-01T00:00:00+00:00', '--job-id', '599', '--raw', '--subdir', 'DAGS_FOLDER/FHV_injection_dag.py', '--cfg-path', '/tmp/tmphq48ause', '--error-file', '/tmp/tmp7cjfn2_r']
[2022-02-03 15:19:06,588] {standard_task_runner.py:77} INFO - Job 599: Subtask format_to_parquet_task
[2022-02-03 15:19:06,667] {logging_mixin.py:109} INFO - Running <TaskInstance: FHV_data_ingestion_gcs_dag.format_to_parquet_task scheduled__2020-12-01T00:00:00+00:00 [running]> on host 700aeb16bae0
[2022-02-03 15:19:06,707] {warnings.py:110} WARNING - /home/***/.local/lib/python3.7/site-packages/***/utils/context.py:152: AirflowContextDeprecationWarning: Accessing 'execution_date' from the template is deprecated and will be removed in a future version. Please use 'data_interval_start' or 'logical_date' instead.
  warnings.warn(_create_deprecation_warning(key, self._deprecation_replacements[key]))

[2022-02-03 15:19:06,729] {taskinstance.py:1426} INFO - Exporting the following env vars:
AIRFLOW_CTX_DAG_OWNER=***
AIRFLOW_CTX_DAG_ID=FHV_data_ingestion_gcs_dag
AIRFLOW_CTX_TASK_ID=format_to_parquet_task
AIRFLOW_CTX_EXECUTION_DATE=2020-12-01T00:00:00+00:00
AIRFLOW_CTX_DAG_RUN_ID=scheduled__2020-12-01T00:00:00+00:00
[2022-02-03 15:19:07,178] {python.py:175} INFO - Done. Returned value was: None
[2022-02-03 15:19:07,197] {taskinstance.py:1277} INFO - Marking task as SUCCESS. dag_id=FHV_data_ingestion_gcs_dag, task_id=format_to_parquet_task, execution_date=20201201T000000, start_date=20220203T151906, end_date=20220203T151907
[2022-02-03 15:19:07,284] {local_task_job.py:154} INFO - Task exited with return code 0
[2022-02-03 15:19:07,333] {local_task_job.py:264} INFO - 1 downstream tasks scheduled from follow-on schedule check
