[2022-02-03 14:42:41,677] {taskinstance.py:1032} INFO - Dependencies all met for <TaskInstance: FHV_data_ingestion_gcs_dag.format_to_parquet_task scheduled__2019-07-01T00:00:00+00:00 [queued]>
[2022-02-03 14:42:41,694] {taskinstance.py:1032} INFO - Dependencies all met for <TaskInstance: FHV_data_ingestion_gcs_dag.format_to_parquet_task scheduled__2019-07-01T00:00:00+00:00 [queued]>
[2022-02-03 14:42:41,695] {taskinstance.py:1238} INFO - 
--------------------------------------------------------------------------------
[2022-02-03 14:42:41,696] {taskinstance.py:1239} INFO - Starting attempt 1 of 1
[2022-02-03 14:42:41,696] {taskinstance.py:1240} INFO - 
--------------------------------------------------------------------------------
[2022-02-03 14:42:41,710] {taskinstance.py:1259} INFO - Executing <Task(PythonOperator): format_to_parquet_task> on 2019-07-01 00:00:00+00:00
[2022-02-03 14:42:41,715] {standard_task_runner.py:52} INFO - Started process 1084 to run task
[2022-02-03 14:42:41,719] {standard_task_runner.py:76} INFO - Running: ['***', 'tasks', 'run', 'FHV_data_ingestion_gcs_dag', 'format_to_parquet_task', 'scheduled__2019-07-01T00:00:00+00:00', '--job-id', '445', '--raw', '--subdir', 'DAGS_FOLDER/FHV_injection_dag.py', '--cfg-path', '/tmp/tmprivugba9', '--error-file', '/tmp/tmprbh53diu']
[2022-02-03 14:42:41,722] {standard_task_runner.py:77} INFO - Job 445: Subtask format_to_parquet_task
[2022-02-03 14:42:41,792] {logging_mixin.py:109} INFO - Running <TaskInstance: FHV_data_ingestion_gcs_dag.format_to_parquet_task scheduled__2019-07-01T00:00:00+00:00 [running]> on host 700aeb16bae0
[2022-02-03 14:42:41,836] {warnings.py:110} WARNING - /home/***/.local/lib/python3.7/site-packages/***/utils/context.py:152: AirflowContextDeprecationWarning: Accessing 'execution_date' from the template is deprecated and will be removed in a future version. Please use 'data_interval_start' or 'logical_date' instead.
  warnings.warn(_create_deprecation_warning(key, self._deprecation_replacements[key]))

[2022-02-03 14:42:41,861] {taskinstance.py:1426} INFO - Exporting the following env vars:
AIRFLOW_CTX_DAG_OWNER=***
AIRFLOW_CTX_DAG_ID=FHV_data_ingestion_gcs_dag
AIRFLOW_CTX_TASK_ID=format_to_parquet_task
AIRFLOW_CTX_EXECUTION_DATE=2019-07-01T00:00:00+00:00
AIRFLOW_CTX_DAG_RUN_ID=scheduled__2019-07-01T00:00:00+00:00
[2022-02-03 14:42:42,364] {python.py:175} INFO - Done. Returned value was: None
[2022-02-03 14:42:42,377] {taskinstance.py:1277} INFO - Marking task as SUCCESS. dag_id=FHV_data_ingestion_gcs_dag, task_id=format_to_parquet_task, execution_date=20190701T000000, start_date=20220203T144241, end_date=20220203T144242
[2022-02-03 14:42:42,458] {local_task_job.py:154} INFO - Task exited with return code 0
[2022-02-03 14:42:42,498] {local_task_job.py:264} INFO - 1 downstream tasks scheduled from follow-on schedule check
[2022-02-03 15:09:42,287] {taskinstance.py:1032} INFO - Dependencies all met for <TaskInstance: FHV_data_ingestion_gcs_dag.format_to_parquet_task scheduled__2019-07-01T00:00:00+00:00 [queued]>
[2022-02-03 15:09:42,298] {taskinstance.py:1032} INFO - Dependencies all met for <TaskInstance: FHV_data_ingestion_gcs_dag.format_to_parquet_task scheduled__2019-07-01T00:00:00+00:00 [queued]>
[2022-02-03 15:09:42,299] {taskinstance.py:1238} INFO - 
--------------------------------------------------------------------------------
[2022-02-03 15:09:42,299] {taskinstance.py:1239} INFO - Starting attempt 1 of 1
[2022-02-03 15:09:42,300] {taskinstance.py:1240} INFO - 
--------------------------------------------------------------------------------
[2022-02-03 15:09:42,311] {taskinstance.py:1259} INFO - Executing <Task(PythonOperator): format_to_parquet_task> on 2019-07-01 00:00:00+00:00
[2022-02-03 15:09:42,316] {standard_task_runner.py:52} INFO - Started process 2783 to run task
[2022-02-03 15:09:42,320] {standard_task_runner.py:76} INFO - Running: ['***', 'tasks', 'run', 'FHV_data_ingestion_gcs_dag', 'format_to_parquet_task', 'scheduled__2019-07-01T00:00:00+00:00', '--job-id', '548', '--raw', '--subdir', 'DAGS_FOLDER/FHV_injection_dag.py', '--cfg-path', '/tmp/tmpfpvwpzjq', '--error-file', '/tmp/tmpskcsk17z']
[2022-02-03 15:09:42,321] {standard_task_runner.py:77} INFO - Job 548: Subtask format_to_parquet_task
[2022-02-03 15:09:42,382] {logging_mixin.py:109} INFO - Running <TaskInstance: FHV_data_ingestion_gcs_dag.format_to_parquet_task scheduled__2019-07-01T00:00:00+00:00 [running]> on host 700aeb16bae0
[2022-02-03 15:09:42,422] {warnings.py:110} WARNING - /home/***/.local/lib/python3.7/site-packages/***/utils/context.py:152: AirflowContextDeprecationWarning: Accessing 'execution_date' from the template is deprecated and will be removed in a future version. Please use 'data_interval_start' or 'logical_date' instead.
  warnings.warn(_create_deprecation_warning(key, self._deprecation_replacements[key]))

[2022-02-03 15:09:42,441] {taskinstance.py:1426} INFO - Exporting the following env vars:
AIRFLOW_CTX_DAG_OWNER=***
AIRFLOW_CTX_DAG_ID=FHV_data_ingestion_gcs_dag
AIRFLOW_CTX_TASK_ID=format_to_parquet_task
AIRFLOW_CTX_EXECUTION_DATE=2019-07-01T00:00:00+00:00
AIRFLOW_CTX_DAG_RUN_ID=scheduled__2019-07-01T00:00:00+00:00
[2022-02-03 15:09:42,899] {python.py:175} INFO - Done. Returned value was: None
[2022-02-03 15:09:42,914] {taskinstance.py:1277} INFO - Marking task as SUCCESS. dag_id=FHV_data_ingestion_gcs_dag, task_id=format_to_parquet_task, execution_date=20190701T000000, start_date=20220203T150942, end_date=20220203T150942
[2022-02-03 15:09:42,978] {local_task_job.py:154} INFO - Task exited with return code 0
[2022-02-03 15:09:43,013] {local_task_job.py:264} INFO - 1 downstream tasks scheduled from follow-on schedule check
