[2022-02-02 13:46:34,770] {taskinstance.py:1032} INFO - Dependencies all met for <TaskInstance: ex_1_data_ingestion_gcs_dag.format_to_parquet_task scheduled__2019-06-01T00:00:00+00:00 [queued]>
[2022-02-02 13:46:34,917] {taskinstance.py:1032} INFO - Dependencies all met for <TaskInstance: ex_1_data_ingestion_gcs_dag.format_to_parquet_task scheduled__2019-06-01T00:00:00+00:00 [queued]>
[2022-02-02 13:46:34,928] {taskinstance.py:1238} INFO - 
--------------------------------------------------------------------------------
[2022-02-02 13:46:34,929] {taskinstance.py:1239} INFO - Starting attempt 1 of 1
[2022-02-02 13:46:34,932] {taskinstance.py:1240} INFO - 
--------------------------------------------------------------------------------
[2022-02-02 13:46:35,119] {taskinstance.py:1259} INFO - Executing <Task(PythonOperator): format_to_parquet_task> on 2019-06-01 00:00:00+00:00
[2022-02-02 13:46:35,237] {standard_task_runner.py:52} INFO - Started process 1607 to run task
[2022-02-02 13:46:35,349] {standard_task_runner.py:76} INFO - Running: ['***', 'tasks', 'run', 'ex_1_data_ingestion_gcs_dag', 'format_to_parquet_task', 'scheduled__2019-06-01T00:00:00+00:00', '--job-id', '161', '--raw', '--subdir', 'DAGS_FOLDER/data_ingestion_hw_1_ex.py', '--cfg-path', '/tmp/tmpgg1k7haw', '--error-file', '/tmp/tmpmvt6srqd']
[2022-02-02 13:46:35,361] {standard_task_runner.py:77} INFO - Job 161: Subtask format_to_parquet_task
[2022-02-02 13:46:36,131] {logging_mixin.py:109} INFO - Running <TaskInstance: ex_1_data_ingestion_gcs_dag.format_to_parquet_task scheduled__2019-06-01T00:00:00+00:00 [running]> on host 700aeb16bae0
[2022-02-02 13:46:36,647] {warnings.py:110} WARNING - /home/***/.local/lib/python3.7/site-packages/***/utils/context.py:152: AirflowContextDeprecationWarning: Accessing 'execution_date' from the template is deprecated and will be removed in a future version. Please use 'data_interval_start' or 'logical_date' instead.
  warnings.warn(_create_deprecation_warning(key, self._deprecation_replacements[key]))

[2022-02-02 13:46:37,140] {taskinstance.py:1426} INFO - Exporting the following env vars:
AIRFLOW_CTX_DAG_OWNER=***
AIRFLOW_CTX_DAG_ID=ex_1_data_ingestion_gcs_dag
AIRFLOW_CTX_TASK_ID=format_to_parquet_task
AIRFLOW_CTX_EXECUTION_DATE=2019-06-01T00:00:00+00:00
AIRFLOW_CTX_DAG_RUN_ID=scheduled__2019-06-01T00:00:00+00:00
[2022-02-02 13:47:44,579] {local_task_job.py:154} INFO - Task exited with return code Negsignal.SIGKILL
[2022-02-02 13:47:44,721] {taskinstance.py:1277} INFO - Marking task as FAILED. dag_id=ex_1_data_ingestion_gcs_dag, task_id=format_to_parquet_task, execution_date=20190601T000000, start_date=20220202T134634, end_date=20220202T134744
[2022-02-02 13:47:45,199] {local_task_job.py:264} INFO - 0 downstream tasks scheduled from follow-on schedule check
