[2022-02-02 13:21:19,491] {taskinstance.py:1032} INFO - Dependencies all met for <TaskInstance: data_ingestion_gcs_dag.local_to_gcs_task scheduled__2022-02-01T00:00:00+00:00 [queued]>
[2022-02-02 13:21:19,503] {taskinstance.py:1032} INFO - Dependencies all met for <TaskInstance: data_ingestion_gcs_dag.local_to_gcs_task scheduled__2022-02-01T00:00:00+00:00 [queued]>
[2022-02-02 13:21:19,504] {taskinstance.py:1238} INFO - 
--------------------------------------------------------------------------------
[2022-02-02 13:21:19,505] {taskinstance.py:1239} INFO - Starting attempt 1 of 2
[2022-02-02 13:21:19,505] {taskinstance.py:1240} INFO - 
--------------------------------------------------------------------------------
[2022-02-02 13:21:19,515] {taskinstance.py:1259} INFO - Executing <Task(PythonOperator): local_to_gcs_task> on 2022-02-01 00:00:00+00:00
[2022-02-02 13:21:19,520] {standard_task_runner.py:52} INFO - Started process 114 to run task
[2022-02-02 13:21:19,523] {standard_task_runner.py:76} INFO - Running: ['***', 'tasks', 'run', 'data_ingestion_gcs_dag', 'local_to_gcs_task', 'scheduled__2022-02-01T00:00:00+00:00', '--job-id', '91', '--raw', '--subdir', 'DAGS_FOLDER/data-ingestion-gcs-dag.py', '--cfg-path', '/tmp/tmpp1dkynq_', '--error-file', '/tmp/tmpbpob6ap3']
[2022-02-02 13:21:19,524] {standard_task_runner.py:77} INFO - Job 91: Subtask local_to_gcs_task
[2022-02-02 13:21:19,578] {logging_mixin.py:109} INFO - Running <TaskInstance: data_ingestion_gcs_dag.local_to_gcs_task scheduled__2022-02-01T00:00:00+00:00 [running]> on host 700aeb16bae0
[2022-02-02 13:21:19,629] {taskinstance.py:1426} INFO - Exporting the following env vars:
AIRFLOW_CTX_DAG_OWNER=***
AIRFLOW_CTX_DAG_ID=data_ingestion_gcs_dag
AIRFLOW_CTX_TASK_ID=local_to_gcs_task
AIRFLOW_CTX_EXECUTION_DATE=2022-02-01T00:00:00+00:00
AIRFLOW_CTX_DAG_RUN_ID=scheduled__2022-02-01T00:00:00+00:00
[2022-02-02 13:21:22,684] {python.py:175} INFO - Done. Returned value was: None
[2022-02-02 13:21:22,697] {taskinstance.py:1277} INFO - Marking task as SUCCESS. dag_id=data_ingestion_gcs_dag, task_id=local_to_gcs_task, execution_date=20220201T000000, start_date=20220202T132119, end_date=20220202T132122
[2022-02-02 13:21:22,729] {local_task_job.py:154} INFO - Task exited with return code 0
[2022-02-02 13:21:22,761] {local_task_job.py:264} INFO - 1 downstream tasks scheduled from follow-on schedule check
