[2022-02-02 19:09:08,370] {taskinstance.py:1032} INFO - Dependencies all met for <TaskInstance: ex_1_data_ingestion_gcs_dag_v3.format_to_parquet_task scheduled__2021-05-01T00:00:00+00:00 [queued]>
[2022-02-02 19:09:08,382] {taskinstance.py:1032} INFO - Dependencies all met for <TaskInstance: ex_1_data_ingestion_gcs_dag_v3.format_to_parquet_task scheduled__2021-05-01T00:00:00+00:00 [queued]>
[2022-02-02 19:09:08,383] {taskinstance.py:1238} INFO - 
--------------------------------------------------------------------------------
[2022-02-02 19:09:08,384] {taskinstance.py:1239} INFO - Starting attempt 1 of 1
[2022-02-02 19:09:08,385] {taskinstance.py:1240} INFO - 
--------------------------------------------------------------------------------
[2022-02-02 19:09:08,398] {taskinstance.py:1259} INFO - Executing <Task(PythonOperator): format_to_parquet_task> on 2021-05-01 00:00:00+00:00
[2022-02-02 19:09:08,404] {standard_task_runner.py:52} INFO - Started process 11644 to run task
[2022-02-02 19:09:08,376] {standard_task_runner.py:76} INFO - Running: ['***', 'tasks', 'run', 'ex_1_data_ingestion_gcs_dag_v3', 'format_to_parquet_task', 'scheduled__2021-05-01T00:00:00+00:00', '--job-id', '387', '--raw', '--subdir', 'DAGS_FOLDER/data_ingestion_hw_1_ex.py', '--cfg-path', '/tmp/tmpb6ge0ufo', '--error-file', '/tmp/tmp8uzxjv6w']
[2022-02-02 19:09:08,379] {standard_task_runner.py:77} INFO - Job 387: Subtask format_to_parquet_task
[2022-02-02 19:09:08,453] {logging_mixin.py:109} INFO - Running <TaskInstance: ex_1_data_ingestion_gcs_dag_v3.format_to_parquet_task scheduled__2021-05-01T00:00:00+00:00 [running]> on host 700aeb16bae0
[2022-02-02 19:09:08,503] {warnings.py:110} WARNING - /home/***/.local/lib/python3.7/site-packages/***/utils/context.py:152: AirflowContextDeprecationWarning: Accessing 'execution_date' from the template is deprecated and will be removed in a future version. Please use 'data_interval_start' or 'logical_date' instead.
  warnings.warn(_create_deprecation_warning(key, self._deprecation_replacements[key]))

[2022-02-02 19:09:08,531] {taskinstance.py:1426} INFO - Exporting the following env vars:
AIRFLOW_CTX_DAG_OWNER=***
AIRFLOW_CTX_DAG_ID=ex_1_data_ingestion_gcs_dag_v3
AIRFLOW_CTX_TASK_ID=format_to_parquet_task
AIRFLOW_CTX_EXECUTION_DATE=2021-05-01T00:00:00+00:00
AIRFLOW_CTX_DAG_RUN_ID=scheduled__2021-05-01T00:00:00+00:00
[2022-02-02 19:09:10,483] {python.py:175} INFO - Done. Returned value was: None
[2022-02-02 19:09:10,499] {taskinstance.py:1277} INFO - Marking task as SUCCESS. dag_id=ex_1_data_ingestion_gcs_dag_v3, task_id=format_to_parquet_task, execution_date=20210501T000000, start_date=20220202T190908, end_date=20220202T190910
[2022-02-02 19:09:10,674] {local_task_job.py:154} INFO - Task exited with return code 0
[2022-02-02 19:09:10,726] {local_task_job.py:264} INFO - 1 downstream tasks scheduled from follow-on schedule check
[2022-02-10 14:51:31,735] {taskinstance.py:1032} INFO - Dependencies all met for <TaskInstance: ex_1_data_ingestion_gcs_dag_v3.format_to_parquet_task scheduled__2021-05-01T00:00:00+00:00 [queued]>
[2022-02-10 14:51:31,758] {taskinstance.py:1032} INFO - Dependencies all met for <TaskInstance: ex_1_data_ingestion_gcs_dag_v3.format_to_parquet_task scheduled__2021-05-01T00:00:00+00:00 [queued]>
[2022-02-10 14:51:31,760] {taskinstance.py:1238} INFO - 
--------------------------------------------------------------------------------
[2022-02-10 14:51:31,762] {taskinstance.py:1239} INFO - Starting attempt 1 of 1
[2022-02-10 14:51:31,763] {taskinstance.py:1240} INFO - 
--------------------------------------------------------------------------------
[2022-02-10 14:51:31,789] {taskinstance.py:1259} INFO - Executing <Task(PythonOperator): format_to_parquet_task> on 2021-05-01 00:00:00+00:00
[2022-02-10 14:51:31,800] {standard_task_runner.py:52} INFO - Started process 3369 to run task
[2022-02-10 14:51:31,808] {standard_task_runner.py:76} INFO - Running: ['***', 'tasks', 'run', 'ex_1_data_ingestion_gcs_dag_v3', 'format_to_parquet_task', 'scheduled__2021-05-01T00:00:00+00:00', '--job-id', '741', '--raw', '--subdir', 'DAGS_FOLDER/data_ingestion_hw_1_ex.py', '--cfg-path', '/tmp/tmp32ei_ibs', '--error-file', '/tmp/tmpe5sswj3x']
[2022-02-10 14:51:31,818] {standard_task_runner.py:77} INFO - Job 741: Subtask format_to_parquet_task
[2022-02-10 14:51:31,984] {logging_mixin.py:109} INFO - Running <TaskInstance: ex_1_data_ingestion_gcs_dag_v3.format_to_parquet_task scheduled__2021-05-01T00:00:00+00:00 [running]> on host e30f201fae61
[2022-02-10 14:51:32,075] {warnings.py:110} WARNING - /home/***/.local/lib/python3.7/site-packages/***/utils/context.py:152: AirflowContextDeprecationWarning: Accessing 'execution_date' from the template is deprecated and will be removed in a future version. Please use 'data_interval_start' or 'logical_date' instead.
  warnings.warn(_create_deprecation_warning(key, self._deprecation_replacements[key]))

[2022-02-10 14:51:32,125] {taskinstance.py:1426} INFO - Exporting the following env vars:
AIRFLOW_CTX_DAG_OWNER=***
AIRFLOW_CTX_DAG_ID=ex_1_data_ingestion_gcs_dag_v3
AIRFLOW_CTX_TASK_ID=format_to_parquet_task
AIRFLOW_CTX_EXECUTION_DATE=2021-05-01T00:00:00+00:00
AIRFLOW_CTX_DAG_RUN_ID=scheduled__2021-05-01T00:00:00+00:00
[2022-02-10 14:51:38,255] {python.py:175} INFO - Done. Returned value was: None
[2022-02-10 14:51:38,290] {taskinstance.py:1277} INFO - Marking task as SUCCESS. dag_id=ex_1_data_ingestion_gcs_dag_v3, task_id=format_to_parquet_task, execution_date=20210501T000000, start_date=20220210T145131, end_date=20220210T145138
[2022-02-10 14:51:38,620] {local_task_job.py:154} INFO - Task exited with return code 0
[2022-02-10 14:51:38,713] {local_task_job.py:264} INFO - 1 downstream tasks scheduled from follow-on schedule check
[2022-02-10 15:42:10,649] {taskinstance.py:1032} INFO - Dependencies all met for <TaskInstance: ex_1_data_ingestion_gcs_dag_v3.format_to_parquet_task scheduled__2021-05-01T00:00:00+00:00 [queued]>
[2022-02-10 15:42:10,665] {taskinstance.py:1032} INFO - Dependencies all met for <TaskInstance: ex_1_data_ingestion_gcs_dag_v3.format_to_parquet_task scheduled__2021-05-01T00:00:00+00:00 [queued]>
[2022-02-10 15:42:10,667] {taskinstance.py:1238} INFO - 
--------------------------------------------------------------------------------
[2022-02-10 15:42:10,668] {taskinstance.py:1239} INFO - Starting attempt 1 of 1
[2022-02-10 15:42:10,669] {taskinstance.py:1240} INFO - 
--------------------------------------------------------------------------------
[2022-02-10 15:42:10,689] {taskinstance.py:1259} INFO - Executing <Task(PythonOperator): format_to_parquet_task> on 2021-05-01 00:00:00+00:00
[2022-02-10 15:42:10,696] {standard_task_runner.py:52} INFO - Started process 1117 to run task
[2022-02-10 15:42:10,706] {standard_task_runner.py:76} INFO - Running: ['***', 'tasks', 'run', 'ex_1_data_ingestion_gcs_dag_v3', 'format_to_parquet_task', 'scheduled__2021-05-01T00:00:00+00:00', '--job-id', '866', '--raw', '--subdir', 'DAGS_FOLDER/data_ingestion_hw_1_ex.py', '--cfg-path', '/tmp/tmpk0th2n46', '--error-file', '/tmp/tmp797rcpom']
[2022-02-10 15:42:10,708] {standard_task_runner.py:77} INFO - Job 866: Subtask format_to_parquet_task
[2022-02-10 15:42:10,803] {logging_mixin.py:109} INFO - Running <TaskInstance: ex_1_data_ingestion_gcs_dag_v3.format_to_parquet_task scheduled__2021-05-01T00:00:00+00:00 [running]> on host 276a0ad90304
[2022-02-10 15:42:10,869] {warnings.py:110} WARNING - /home/***/.local/lib/python3.7/site-packages/***/utils/context.py:152: AirflowContextDeprecationWarning: Accessing 'execution_date' from the template is deprecated and will be removed in a future version. Please use 'data_interval_start' or 'logical_date' instead.
  warnings.warn(_create_deprecation_warning(key, self._deprecation_replacements[key]))

[2022-02-10 15:42:10,911] {taskinstance.py:1426} INFO - Exporting the following env vars:
AIRFLOW_CTX_DAG_OWNER=***
AIRFLOW_CTX_DAG_ID=ex_1_data_ingestion_gcs_dag_v3
AIRFLOW_CTX_TASK_ID=format_to_parquet_task
AIRFLOW_CTX_EXECUTION_DATE=2021-05-01T00:00:00+00:00
AIRFLOW_CTX_DAG_RUN_ID=scheduled__2021-05-01T00:00:00+00:00
[2022-02-10 15:42:14,649] {python.py:175} INFO - Done. Returned value was: None
[2022-02-10 15:42:14,688] {taskinstance.py:1277} INFO - Marking task as SUCCESS. dag_id=ex_1_data_ingestion_gcs_dag_v3, task_id=format_to_parquet_task, execution_date=20210501T000000, start_date=20220210T154210, end_date=20220210T154214
[2022-02-10 15:42:14,967] {local_task_job.py:154} INFO - Task exited with return code 0
[2022-02-10 15:42:15,051] {local_task_job.py:264} INFO - 1 downstream tasks scheduled from follow-on schedule check
