[2022-02-02 17:40:32,285] {taskinstance.py:1032} INFO - Dependencies all met for <TaskInstance: ex_1_data_ingestion_gcs_dag_v2.download_dataset_task scheduled__2019-04-01T00:00:00+00:00 [queued]>
[2022-02-02 17:40:32,410] {taskinstance.py:1032} INFO - Dependencies all met for <TaskInstance: ex_1_data_ingestion_gcs_dag_v2.download_dataset_task scheduled__2019-04-01T00:00:00+00:00 [queued]>
[2022-02-02 17:40:32,411] {taskinstance.py:1238} INFO - 
--------------------------------------------------------------------------------
[2022-02-02 17:40:32,413] {taskinstance.py:1239} INFO - Starting attempt 1 of 1
[2022-02-02 17:40:32,416] {taskinstance.py:1240} INFO - 
--------------------------------------------------------------------------------
[2022-02-02 17:40:32,589] {taskinstance.py:1259} INFO - Executing <Task(BashOperator): download_dataset_task> on 2019-04-01 00:00:00+00:00
[2022-02-02 17:40:32,652] {standard_task_runner.py:52} INFO - Started process 6663 to run task
[2022-02-02 17:40:32,710] {standard_task_runner.py:76} INFO - Running: ['***', 'tasks', 'run', 'ex_1_data_ingestion_gcs_dag_v2', 'download_dataset_task', 'scheduled__2019-04-01T00:00:00+00:00', '--job-id', '211', '--raw', '--subdir', 'DAGS_FOLDER/data_ingestion_hw_1_ex.py', '--cfg-path', '/tmp/tmpblbaep86', '--error-file', '/tmp/tmpn1g36xgt']
[2022-02-02 17:40:32,724] {standard_task_runner.py:77} INFO - Job 211: Subtask download_dataset_task
[2022-02-02 17:40:36,056] {logging_mixin.py:109} INFO - Running <TaskInstance: ex_1_data_ingestion_gcs_dag_v2.download_dataset_task scheduled__2019-04-01T00:00:00+00:00 [running]> on host 700aeb16bae0
[2022-02-02 17:40:36,576] {warnings.py:110} WARNING - /home/***/.local/lib/python3.7/site-packages/***/utils/context.py:152: AirflowContextDeprecationWarning: Accessing 'execution_date' from the template is deprecated and will be removed in a future version. Please use 'data_interval_start' or 'logical_date' instead.
  warnings.warn(_create_deprecation_warning(key, self._deprecation_replacements[key]))

[2022-02-02 17:40:36,755] {taskinstance.py:1426} INFO - Exporting the following env vars:
AIRFLOW_CTX_DAG_OWNER=***
AIRFLOW_CTX_DAG_ID=ex_1_data_ingestion_gcs_dag_v2
AIRFLOW_CTX_TASK_ID=download_dataset_task
AIRFLOW_CTX_EXECUTION_DATE=2019-04-01T00:00:00+00:00
AIRFLOW_CTX_DAG_RUN_ID=scheduled__2019-04-01T00:00:00+00:00
[2022-02-02 17:40:36,769] {subprocess.py:62} INFO - Tmp dir root location: 
 /tmp
[2022-02-02 17:40:36,786] {subprocess.py:74} INFO - Running command: ['bash', '-c', 'curl -sS https://s3.amazonaws.com/nyc-tlc/trip+data/yellow_tripdata_2019-04.csv > /opt/***/yellow_tripdata_2019-04.csv']
[2022-02-02 17:40:37,053] {subprocess.py:85} INFO - Output:
[2022-02-02 17:45:15,764] {subprocess.py:93} INFO - Command exited with return code 0
[2022-02-02 17:45:18,599] {taskinstance.py:1277} INFO - Marking task as SUCCESS. dag_id=ex_1_data_ingestion_gcs_dag_v2, task_id=download_dataset_task, execution_date=20190401T000000, start_date=20220202T174032, end_date=20220202T174518
[2022-02-02 17:45:20,071] {local_task_job.py:154} INFO - Task exited with return code 0
[2022-02-02 17:45:21,348] {local_task_job.py:264} INFO - 0 downstream tasks scheduled from follow-on schedule check
