[2022-02-12 12:26:11,717] {taskinstance.py:1032} INFO - Dependencies all met for <TaskInstance: data_2_gcs_dag.bq_ext_2_part_task scheduled__2022-02-11T00:00:00+00:00 [queued]>
[2022-02-12 12:26:11,737] {taskinstance.py:1032} INFO - Dependencies all met for <TaskInstance: data_2_gcs_dag.bq_ext_2_part_task scheduled__2022-02-11T00:00:00+00:00 [queued]>
[2022-02-12 12:26:11,738] {taskinstance.py:1238} INFO - 
--------------------------------------------------------------------------------
[2022-02-12 12:26:11,739] {taskinstance.py:1239} INFO - Starting attempt 10 of 11
[2022-02-12 12:26:11,740] {taskinstance.py:1240} INFO - 
--------------------------------------------------------------------------------
[2022-02-12 12:26:11,756] {taskinstance.py:1259} INFO - Executing <Task(BigQueryInsertJobOperator): bq_ext_2_part_task> on 2022-02-11 00:00:00+00:00
[2022-02-12 12:26:11,762] {standard_task_runner.py:52} INFO - Started process 1568 to run task
[2022-02-12 12:26:11,768] {standard_task_runner.py:76} INFO - Running: ['***', 'tasks', 'run', 'data_2_gcs_dag', 'bq_ext_2_part_task', 'scheduled__2022-02-11T00:00:00+00:00', '--job-id', '1050', '--raw', '--subdir', 'DAGS_FOLDER/data-2-gcs-dag.py', '--cfg-path', '/tmp/tmpr6_ni0cr', '--error-file', '/tmp/tmp6vert02j']
[2022-02-12 12:26:11,774] {standard_task_runner.py:77} INFO - Job 1050: Subtask bq_ext_2_part_task
[2022-02-12 12:26:11,848] {logging_mixin.py:109} INFO - Running <TaskInstance: data_2_gcs_dag.bq_ext_2_part_task scheduled__2022-02-11T00:00:00+00:00 [running]> on host 853fb9201673
[2022-02-12 12:26:11,902] {taskinstance.py:1426} INFO - Exporting the following env vars:
AIRFLOW_CTX_DAG_OWNER=***
AIRFLOW_CTX_DAG_ID=data_2_gcs_dag
AIRFLOW_CTX_TASK_ID=bq_ext_2_part_task
AIRFLOW_CTX_EXECUTION_DATE=2022-02-11T00:00:00+00:00
AIRFLOW_CTX_DAG_RUN_ID=scheduled__2022-02-11T00:00:00+00:00
[2022-02-12 12:26:11,904] {crypto.py:82} WARNING - empty cryptography key - values will not be stored encrypted.
[2022-02-12 12:26:11,906] {warnings.py:110} WARNING - /home/***/.local/lib/python3.7/site-packages/***/utils/context.py:152: AirflowContextDeprecationWarning: Accessing 'execution_date' from the template is deprecated and will be removed in a future version. Please use 'data_interval_start' or 'logical_date' instead.
  warnings.warn(_create_deprecation_warning(key, self._deprecation_replacements[key]))

[2022-02-12 12:26:11,914] {bigquery.py:1637} INFO - Inserting job ***_data_2_gcs_dag_bq_ext_2_part_task_2022_02_11T00_00_00_00_00_04109279c00d6c96f8e94deb34084566
[2022-02-12 12:26:42,527] {taskinstance.py:1277} INFO - Marking task as SUCCESS. dag_id=data_2_gcs_dag, task_id=bq_ext_2_part_task, execution_date=20220211T000000, start_date=20220212T122611, end_date=20220212T122642
[2022-02-12 12:26:42,557] {local_task_job.py:154} INFO - Task exited with return code 0
[2022-02-12 12:26:42,603] {local_task_job.py:264} INFO - 0 downstream tasks scheduled from follow-on schedule check
