[2022-02-02 17:42:35,276] {taskinstance.py:1032} INFO - Dependencies all met for <TaskInstance: ex_1_data_ingestion_gcs_dag_v2.local_to_gcs_task scheduled__2020-04-01T00:00:00+00:00 [queued]>
[2022-02-02 17:42:35,406] {taskinstance.py:1032} INFO - Dependencies all met for <TaskInstance: ex_1_data_ingestion_gcs_dag_v2.local_to_gcs_task scheduled__2020-04-01T00:00:00+00:00 [queued]>
[2022-02-02 17:42:35,429] {taskinstance.py:1238} INFO - 
--------------------------------------------------------------------------------
[2022-02-02 17:42:35,431] {taskinstance.py:1239} INFO - Starting attempt 1 of 1
[2022-02-02 17:42:35,436] {taskinstance.py:1240} INFO - 
--------------------------------------------------------------------------------
[2022-02-02 17:42:35,532] {taskinstance.py:1259} INFO - Executing <Task(PythonOperator): local_to_gcs_task> on 2020-04-01 00:00:00+00:00
[2022-02-02 17:42:35,581] {standard_task_runner.py:52} INFO - Started process 6820 to run task
[2022-02-02 17:42:35,657] {standard_task_runner.py:76} INFO - Running: ['***', 'tasks', 'run', 'ex_1_data_ingestion_gcs_dag_v2', 'local_to_gcs_task', 'scheduled__2020-04-01T00:00:00+00:00', '--job-id', '227', '--raw', '--subdir', 'DAGS_FOLDER/data_ingestion_hw_1_ex.py', '--cfg-path', '/tmp/tmpyzfxmd89', '--error-file', '/tmp/tmpmpjwnzwd']
[2022-02-02 17:42:35,687] {standard_task_runner.py:77} INFO - Job 227: Subtask local_to_gcs_task
[2022-02-02 17:42:36,536] {logging_mixin.py:109} INFO - Running <TaskInstance: ex_1_data_ingestion_gcs_dag_v2.local_to_gcs_task scheduled__2020-04-01T00:00:00+00:00 [running]> on host 700aeb16bae0
[2022-02-02 17:42:37,514] {warnings.py:110} WARNING - /home/***/.local/lib/python3.7/site-packages/***/utils/context.py:152: AirflowContextDeprecationWarning: Accessing 'execution_date' from the template is deprecated and will be removed in a future version. Please use 'data_interval_start' or 'logical_date' instead.
  warnings.warn(_create_deprecation_warning(key, self._deprecation_replacements[key]))

[2022-02-02 17:42:38,069] {taskinstance.py:1426} INFO - Exporting the following env vars:
AIRFLOW_CTX_DAG_OWNER=***
AIRFLOW_CTX_DAG_ID=ex_1_data_ingestion_gcs_dag_v2
AIRFLOW_CTX_TASK_ID=local_to_gcs_task
AIRFLOW_CTX_EXECUTION_DATE=2020-04-01T00:00:00+00:00
AIRFLOW_CTX_DAG_RUN_ID=scheduled__2020-04-01T00:00:00+00:00
[2022-02-02 17:42:45,912] {python.py:175} INFO - Done. Returned value was: None
[2022-02-02 17:42:50,889] {taskinstance.py:1277} INFO - Marking task as SUCCESS. dag_id=ex_1_data_ingestion_gcs_dag_v2, task_id=local_to_gcs_task, execution_date=20200401T000000, start_date=20220202T174235, end_date=20220202T174250
[2022-02-02 17:42:52,100] {local_task_job.py:154} INFO - Task exited with return code 0
[2022-02-02 17:42:53,999] {local_task_job.py:264} INFO - 0 downstream tasks scheduled from follow-on schedule check
