[2022-02-03 14:37:24,265] {taskinstance.py:1032} INFO - Dependencies all met for <TaskInstance: FHV_data_ingestion_gcs_dag.download_dataset_task scheduled__2019-04-01T00:00:00+00:00 [queued]>
[2022-02-03 14:37:24,277] {taskinstance.py:1032} INFO - Dependencies all met for <TaskInstance: FHV_data_ingestion_gcs_dag.download_dataset_task scheduled__2019-04-01T00:00:00+00:00 [queued]>
[2022-02-03 14:37:24,278] {taskinstance.py:1238} INFO - 
--------------------------------------------------------------------------------
[2022-02-03 14:37:24,279] {taskinstance.py:1239} INFO - Starting attempt 1 of 1
[2022-02-03 14:37:24,279] {taskinstance.py:1240} INFO - 
--------------------------------------------------------------------------------
[2022-02-03 14:37:24,294] {taskinstance.py:1259} INFO - Executing <Task(BashOperator): download_dataset_task> on 2019-04-01 00:00:00+00:00
[2022-02-03 14:37:24,301] {standard_task_runner.py:52} INFO - Started process 780 to run task
[2022-02-03 14:37:24,304] {standard_task_runner.py:76} INFO - Running: ['***', 'tasks', 'run', 'FHV_data_ingestion_gcs_dag', 'download_dataset_task', 'scheduled__2019-04-01T00:00:00+00:00', '--job-id', '433', '--raw', '--subdir', 'DAGS_FOLDER/FHV_injection_dag.py', '--cfg-path', '/tmp/tmpn8vh5_js', '--error-file', '/tmp/tmpr2mixeq5']
[2022-02-03 14:37:24,306] {standard_task_runner.py:77} INFO - Job 433: Subtask download_dataset_task
[2022-02-03 14:37:24,369] {logging_mixin.py:109} INFO - Running <TaskInstance: FHV_data_ingestion_gcs_dag.download_dataset_task scheduled__2019-04-01T00:00:00+00:00 [running]> on host 700aeb16bae0
[2022-02-03 14:37:24,425] {warnings.py:110} WARNING - /home/***/.local/lib/python3.7/site-packages/***/utils/context.py:152: AirflowContextDeprecationWarning: Accessing 'execution_date' from the template is deprecated and will be removed in a future version. Please use 'data_interval_start' or 'logical_date' instead.
  warnings.warn(_create_deprecation_warning(key, self._deprecation_replacements[key]))

[2022-02-03 14:37:24,467] {taskinstance.py:1426} INFO - Exporting the following env vars:
AIRFLOW_CTX_DAG_OWNER=***
AIRFLOW_CTX_DAG_ID=FHV_data_ingestion_gcs_dag
AIRFLOW_CTX_TASK_ID=download_dataset_task
AIRFLOW_CTX_EXECUTION_DATE=2019-04-01T00:00:00+00:00
AIRFLOW_CTX_DAG_RUN_ID=scheduled__2019-04-01T00:00:00+00:00
[2022-02-03 14:37:24,469] {subprocess.py:62} INFO - Tmp dir root location: 
 /tmp
[2022-02-03 14:37:24,470] {subprocess.py:74} INFO - Running command: ['bash', '-c', 'curl -sSLf https://nyc-tlc.s3.amazonaws.com/trip+data/fhv_tripdata_2019-04.csv > /opt/***/fhv_tripdata_2019-04.csv']
[2022-02-03 14:37:24,483] {subprocess.py:85} INFO - Output:
[2022-02-03 14:38:21,037] {subprocess.py:93} INFO - Command exited with return code 0
[2022-02-03 14:38:21,069] {taskinstance.py:1277} INFO - Marking task as SUCCESS. dag_id=FHV_data_ingestion_gcs_dag, task_id=download_dataset_task, execution_date=20190401T000000, start_date=20220203T143724, end_date=20220203T143821
[2022-02-03 14:38:21,122] {local_task_job.py:154} INFO - Task exited with return code 0
[2022-02-03 14:38:21,165] {local_task_job.py:264} INFO - 1 downstream tasks scheduled from follow-on schedule check
[2022-02-03 15:07:42,246] {taskinstance.py:1032} INFO - Dependencies all met for <TaskInstance: FHV_data_ingestion_gcs_dag.download_dataset_task scheduled__2019-04-01T00:00:00+00:00 [queued]>
[2022-02-03 15:07:42,260] {taskinstance.py:1032} INFO - Dependencies all met for <TaskInstance: FHV_data_ingestion_gcs_dag.download_dataset_task scheduled__2019-04-01T00:00:00+00:00 [queued]>
[2022-02-03 15:07:42,262] {taskinstance.py:1238} INFO - 
--------------------------------------------------------------------------------
[2022-02-03 15:07:42,262] {taskinstance.py:1239} INFO - Starting attempt 1 of 1
[2022-02-03 15:07:42,263] {taskinstance.py:1240} INFO - 
--------------------------------------------------------------------------------
[2022-02-03 15:07:42,283] {taskinstance.py:1259} INFO - Executing <Task(BashOperator): download_dataset_task> on 2019-04-01 00:00:00+00:00
[2022-02-03 15:07:42,292] {standard_task_runner.py:52} INFO - Started process 2631 to run task
[2022-02-03 15:07:42,297] {standard_task_runner.py:76} INFO - Running: ['***', 'tasks', 'run', 'FHV_data_ingestion_gcs_dag', 'download_dataset_task', 'scheduled__2019-04-01T00:00:00+00:00', '--job-id', '538', '--raw', '--subdir', 'DAGS_FOLDER/FHV_injection_dag.py', '--cfg-path', '/tmp/tmpbixa0fdw', '--error-file', '/tmp/tmp4aj3ytyt']
[2022-02-03 15:07:42,301] {standard_task_runner.py:77} INFO - Job 538: Subtask download_dataset_task
[2022-02-03 15:07:42,391] {logging_mixin.py:109} INFO - Running <TaskInstance: FHV_data_ingestion_gcs_dag.download_dataset_task scheduled__2019-04-01T00:00:00+00:00 [running]> on host 700aeb16bae0
[2022-02-03 15:07:42,458] {warnings.py:110} WARNING - /home/***/.local/lib/python3.7/site-packages/***/utils/context.py:152: AirflowContextDeprecationWarning: Accessing 'execution_date' from the template is deprecated and will be removed in a future version. Please use 'data_interval_start' or 'logical_date' instead.
  warnings.warn(_create_deprecation_warning(key, self._deprecation_replacements[key]))

[2022-02-03 15:07:42,485] {taskinstance.py:1426} INFO - Exporting the following env vars:
AIRFLOW_CTX_DAG_OWNER=***
AIRFLOW_CTX_DAG_ID=FHV_data_ingestion_gcs_dag
AIRFLOW_CTX_TASK_ID=download_dataset_task
AIRFLOW_CTX_EXECUTION_DATE=2019-04-01T00:00:00+00:00
AIRFLOW_CTX_DAG_RUN_ID=scheduled__2019-04-01T00:00:00+00:00
[2022-02-03 15:07:42,487] {subprocess.py:62} INFO - Tmp dir root location: 
 /tmp
[2022-02-03 15:07:42,489] {subprocess.py:74} INFO - Running command: ['bash', '-c', 'curl -sSLf https://nyc-tlc.s3.amazonaws.com/trip+data/fhv_tripdata_2019-04.csv > /opt/***/fhv_tripdata_2019-04.csv']
[2022-02-03 15:07:42,506] {subprocess.py:85} INFO - Output:
[2022-02-03 15:08:07,351] {subprocess.py:93} INFO - Command exited with return code 0
[2022-02-03 15:08:07,397] {taskinstance.py:1277} INFO - Marking task as SUCCESS. dag_id=FHV_data_ingestion_gcs_dag, task_id=download_dataset_task, execution_date=20190401T000000, start_date=20220203T150742, end_date=20220203T150807
[2022-02-03 15:08:07,460] {local_task_job.py:154} INFO - Task exited with return code 0
[2022-02-03 15:08:07,503] {local_task_job.py:264} INFO - 1 downstream tasks scheduled from follow-on schedule check
