[2022-02-12 12:33:33,620] {taskinstance.py:1032} INFO - Dependencies all met for <TaskInstance: fhv_data_2_gcs_dag.bigquery_external_table_task scheduled__2022-02-11T00:00:00+00:00 [queued]>
[2022-02-12 12:33:33,632] {taskinstance.py:1032} INFO - Dependencies all met for <TaskInstance: fhv_data_2_gcs_dag.bigquery_external_table_task scheduled__2022-02-11T00:00:00+00:00 [queued]>
[2022-02-12 12:33:33,633] {taskinstance.py:1238} INFO - 
--------------------------------------------------------------------------------
[2022-02-12 12:33:33,634] {taskinstance.py:1239} INFO - Starting attempt 1 of 2
[2022-02-12 12:33:33,635] {taskinstance.py:1240} INFO - 
--------------------------------------------------------------------------------
[2022-02-12 12:33:33,647] {taskinstance.py:1259} INFO - Executing <Task(BigQueryCreateExternalTableOperator): bigquery_external_table_task> on 2022-02-11 00:00:00+00:00
[2022-02-12 12:33:33,653] {standard_task_runner.py:52} INFO - Started process 97 to run task
[2022-02-12 12:33:33,662] {standard_task_runner.py:76} INFO - Running: ['***', 'tasks', 'run', 'fhv_data_2_gcs_dag', 'bigquery_external_table_task', 'scheduled__2022-02-11T00:00:00+00:00', '--job-id', '1054', '--raw', '--subdir', 'DAGS_FOLDER/fhv_data_2_gcs_dag.py', '--cfg-path', '/tmp/tmp7khe2enk', '--error-file', '/tmp/tmptnmfeb4g']
[2022-02-12 12:33:33,664] {standard_task_runner.py:77} INFO - Job 1054: Subtask bigquery_external_table_task
[2022-02-12 12:33:33,748] {logging_mixin.py:109} INFO - Running <TaskInstance: fhv_data_2_gcs_dag.bigquery_external_table_task scheduled__2022-02-11T00:00:00+00:00 [running]> on host 853fb9201673
[2022-02-12 12:33:33,834] {taskinstance.py:1426} INFO - Exporting the following env vars:
AIRFLOW_CTX_DAG_OWNER=***
AIRFLOW_CTX_DAG_ID=fhv_data_2_gcs_dag
AIRFLOW_CTX_TASK_ID=bigquery_external_table_task
AIRFLOW_CTX_EXECUTION_DATE=2022-02-11T00:00:00+00:00
AIRFLOW_CTX_DAG_RUN_ID=scheduled__2022-02-11T00:00:00+00:00
[2022-02-12 12:33:33,836] {crypto.py:82} WARNING - empty cryptography key - values will not be stored encrypted.
[2022-02-12 12:33:34,530] {taskinstance.py:1277} INFO - Marking task as SUCCESS. dag_id=fhv_data_2_gcs_dag, task_id=bigquery_external_table_task, execution_date=20220211T000000, start_date=20220212T123333, end_date=20220212T123334
[2022-02-12 12:33:34,601] {local_task_job.py:154} INFO - Task exited with return code 0
[2022-02-12 12:33:34,677] {local_task_job.py:264} INFO - 0 downstream tasks scheduled from follow-on schedule check
