[2022-02-18 12:30:04,779] {taskinstance.py:1032} INFO - Dependencies all met for <TaskInstance: fhv_data_2_gcs_dag.bq_ext_2_part_task scheduled__2022-02-12T00:00:00+00:00 [queued]>
[2022-02-18 12:30:04,870] {taskinstance.py:1032} INFO - Dependencies all met for <TaskInstance: fhv_data_2_gcs_dag.bq_ext_2_part_task scheduled__2022-02-12T00:00:00+00:00 [queued]>
[2022-02-18 12:30:04,872] {taskinstance.py:1238} INFO - 
--------------------------------------------------------------------------------
[2022-02-18 12:30:04,875] {taskinstance.py:1239} INFO - Starting attempt 1 of 2
[2022-02-18 12:30:04,877] {taskinstance.py:1240} INFO - 
--------------------------------------------------------------------------------
[2022-02-18 12:30:04,924] {taskinstance.py:1259} INFO - Executing <Task(BigQueryInsertJobOperator): bq_ext_2_part_task> on 2022-02-12 00:00:00+00:00
[2022-02-18 12:30:04,944] {standard_task_runner.py:52} INFO - Started process 78 to run task
[2022-02-18 12:30:04,964] {standard_task_runner.py:76} INFO - Running: ['***', 'tasks', 'run', 'fhv_data_2_gcs_dag', 'bq_ext_2_part_task', 'scheduled__2022-02-12T00:00:00+00:00', '--job-id', '1065', '--raw', '--subdir', 'DAGS_FOLDER/fhv_data_2_gcs_dag.py', '--cfg-path', '/tmp/tmp7opzmarv', '--error-file', '/tmp/tmpxlxl0oww']
[2022-02-18 12:30:04,972] {standard_task_runner.py:77} INFO - Job 1065: Subtask bq_ext_2_part_task
[2022-02-18 12:30:05,436] {logging_mixin.py:109} INFO - Running <TaskInstance: fhv_data_2_gcs_dag.bq_ext_2_part_task scheduled__2022-02-12T00:00:00+00:00 [running]> on host 853fb9201673
[2022-02-18 12:30:05,860] {taskinstance.py:1426} INFO - Exporting the following env vars:
AIRFLOW_CTX_DAG_OWNER=***
AIRFLOW_CTX_DAG_ID=fhv_data_2_gcs_dag
AIRFLOW_CTX_TASK_ID=bq_ext_2_part_task
AIRFLOW_CTX_EXECUTION_DATE=2022-02-12T00:00:00+00:00
AIRFLOW_CTX_DAG_RUN_ID=scheduled__2022-02-12T00:00:00+00:00
[2022-02-18 12:30:05,871] {crypto.py:82} WARNING - empty cryptography key - values will not be stored encrypted.
[2022-02-18 12:30:05,879] {warnings.py:110} WARNING - /home/***/.local/lib/python3.7/site-packages/***/utils/context.py:152: AirflowContextDeprecationWarning: Accessing 'execution_date' from the template is deprecated and will be removed in a future version. Please use 'data_interval_start' or 'logical_date' instead.
  warnings.warn(_create_deprecation_warning(key, self._deprecation_replacements[key]))

[2022-02-18 12:30:05,908] {bigquery.py:1637} INFO - Inserting job ***_fhv_data_2_gcs_dag_bq_ext_2_part_task_2022_02_12T00_00_00_00_00_8b908a5f4cf5b00c0df0c30888c3c5e3
[2022-02-18 12:30:37,033] {taskinstance.py:1277} INFO - Marking task as SUCCESS. dag_id=fhv_data_2_gcs_dag, task_id=bq_ext_2_part_task, execution_date=20220212T000000, start_date=20220218T123004, end_date=20220218T123037
[2022-02-18 12:30:37,102] {local_task_job.py:154} INFO - Task exited with return code 0
[2022-02-18 12:30:37,199] {local_task_job.py:264} INFO - 0 downstream tasks scheduled from follow-on schedule check
