[2022-02-02 17:49:11,662] {taskinstance.py:1032} INFO - Dependencies all met for <TaskInstance: ex_1_data_ingestion_gcs_dag_v2.local_to_gcs_task scheduled__2022-01-01T00:00:00+00:00 [queued]>
[2022-02-02 17:49:11,713] {taskinstance.py:1032} INFO - Dependencies all met for <TaskInstance: ex_1_data_ingestion_gcs_dag_v2.local_to_gcs_task scheduled__2022-01-01T00:00:00+00:00 [queued]>
[2022-02-02 17:49:11,714] {taskinstance.py:1238} INFO - 
--------------------------------------------------------------------------------
[2022-02-02 17:49:11,716] {taskinstance.py:1239} INFO - Starting attempt 1 of 1
[2022-02-02 17:49:11,718] {taskinstance.py:1240} INFO - 
--------------------------------------------------------------------------------
[2022-02-02 17:49:11,773] {taskinstance.py:1259} INFO - Executing <Task(PythonOperator): local_to_gcs_task> on 2022-01-01 00:00:00+00:00
[2022-02-02 17:49:11,822] {standard_task_runner.py:52} INFO - Started process 7365 to run task
[2022-02-02 17:49:11,868] {standard_task_runner.py:76} INFO - Running: ['***', 'tasks', 'run', 'ex_1_data_ingestion_gcs_dag_v2', 'local_to_gcs_task', 'scheduled__2022-01-01T00:00:00+00:00', '--job-id', '285', '--raw', '--subdir', 'DAGS_FOLDER/data_ingestion_hw_1_ex.py', '--cfg-path', '/tmp/tmprouuzetg', '--error-file', '/tmp/tmpfh0c3h6q']
[2022-02-02 17:49:11,871] {standard_task_runner.py:77} INFO - Job 285: Subtask local_to_gcs_task
[2022-02-02 17:49:12,062] {logging_mixin.py:109} INFO - Running <TaskInstance: ex_1_data_ingestion_gcs_dag_v2.local_to_gcs_task scheduled__2022-01-01T00:00:00+00:00 [running]> on host 700aeb16bae0
[2022-02-02 17:49:12,189] {warnings.py:110} WARNING - /home/***/.local/lib/python3.7/site-packages/***/utils/context.py:152: AirflowContextDeprecationWarning: Accessing 'execution_date' from the template is deprecated and will be removed in a future version. Please use 'data_interval_start' or 'logical_date' instead.
  warnings.warn(_create_deprecation_warning(key, self._deprecation_replacements[key]))

[2022-02-02 17:49:12,278] {taskinstance.py:1426} INFO - Exporting the following env vars:
AIRFLOW_CTX_DAG_OWNER=***
AIRFLOW_CTX_DAG_ID=ex_1_data_ingestion_gcs_dag_v2
AIRFLOW_CTX_TASK_ID=local_to_gcs_task
AIRFLOW_CTX_EXECUTION_DATE=2022-01-01T00:00:00+00:00
AIRFLOW_CTX_DAG_RUN_ID=scheduled__2022-01-01T00:00:00+00:00
[2022-02-02 17:49:12,789] {python.py:175} INFO - Done. Returned value was: None
[2022-02-02 17:49:12,825] {taskinstance.py:1277} INFO - Marking task as SUCCESS. dag_id=ex_1_data_ingestion_gcs_dag_v2, task_id=local_to_gcs_task, execution_date=20220101T000000, start_date=20220202T174911, end_date=20220202T174912
[2022-02-02 17:49:12,914] {local_task_job.py:154} INFO - Task exited with return code 0
[2022-02-02 17:49:13,027] {local_task_job.py:264} INFO - 0 downstream tasks scheduled from follow-on schedule check
