[2022-02-03 17:33:24,748] {taskinstance.py:1032} INFO - Dependencies all met for <TaskInstance: zones_data_ingestion_gcs_dag.local_to_gcs_task scheduled__2022-02-02T00:00:00+00:00 [queued]>
[2022-02-03 17:33:24,784] {taskinstance.py:1032} INFO - Dependencies all met for <TaskInstance: zones_data_ingestion_gcs_dag.local_to_gcs_task scheduled__2022-02-02T00:00:00+00:00 [queued]>
[2022-02-03 17:33:24,785] {taskinstance.py:1238} INFO - 
--------------------------------------------------------------------------------
[2022-02-03 17:33:24,786] {taskinstance.py:1239} INFO - Starting attempt 1 of 1
[2022-02-03 17:33:24,787] {taskinstance.py:1240} INFO - 
--------------------------------------------------------------------------------
[2022-02-03 17:33:24,813] {taskinstance.py:1259} INFO - Executing <Task(PythonOperator): local_to_gcs_task> on 2022-02-02 00:00:00+00:00
[2022-02-03 17:33:24,821] {standard_task_runner.py:52} INFO - Started process 5748 to run task
[2022-02-03 17:33:24,828] {standard_task_runner.py:76} INFO - Running: ['***', 'tasks', 'run', 'zones_data_ingestion_gcs_dag', 'local_to_gcs_task', 'scheduled__2022-02-02T00:00:00+00:00', '--job-id', '637', '--raw', '--subdir', 'DAGS_FOLDER/zone_injection_dag.py', '--cfg-path', '/tmp/tmpwf2w8b_p', '--error-file', '/tmp/tmpfe3jjlms']
[2022-02-03 17:33:24,830] {standard_task_runner.py:77} INFO - Job 637: Subtask local_to_gcs_task
[2022-02-03 17:33:24,913] {logging_mixin.py:109} INFO - Running <TaskInstance: zones_data_ingestion_gcs_dag.local_to_gcs_task scheduled__2022-02-02T00:00:00+00:00 [running]> on host 700aeb16bae0
[2022-02-03 17:33:24,989] {taskinstance.py:1426} INFO - Exporting the following env vars:
AIRFLOW_CTX_DAG_OWNER=***
AIRFLOW_CTX_DAG_ID=zones_data_ingestion_gcs_dag
AIRFLOW_CTX_TASK_ID=local_to_gcs_task
AIRFLOW_CTX_EXECUTION_DATE=2022-02-02T00:00:00+00:00
AIRFLOW_CTX_DAG_RUN_ID=scheduled__2022-02-02T00:00:00+00:00
[2022-02-03 17:33:25,312] {python.py:175} INFO - Done. Returned value was: None
[2022-02-03 17:33:25,335] {taskinstance.py:1277} INFO - Marking task as SUCCESS. dag_id=zones_data_ingestion_gcs_dag, task_id=local_to_gcs_task, execution_date=20220202T000000, start_date=20220203T173324, end_date=20220203T173325
[2022-02-03 17:33:25,365] {local_task_job.py:154} INFO - Task exited with return code 0
[2022-02-03 17:33:25,448] {local_task_job.py:264} INFO - 0 downstream tasks scheduled from follow-on schedule check
