[2022-02-02 19:10:41,207] {taskinstance.py:1032} INFO - Dependencies all met for <TaskInstance: ex_1_data_ingestion_gcs_dag_v3.download_dataset_task scheduled__2021-07-01T00:00:00+00:00 [queued]>
[2022-02-02 19:10:41,219] {taskinstance.py:1032} INFO - Dependencies all met for <TaskInstance: ex_1_data_ingestion_gcs_dag_v3.download_dataset_task scheduled__2021-07-01T00:00:00+00:00 [queued]>
[2022-02-02 19:10:41,220] {taskinstance.py:1238} INFO - 
--------------------------------------------------------------------------------
[2022-02-02 19:10:41,221] {taskinstance.py:1239} INFO - Starting attempt 1 of 1
[2022-02-02 19:10:41,222] {taskinstance.py:1240} INFO - 
--------------------------------------------------------------------------------
[2022-02-02 19:10:41,237] {taskinstance.py:1259} INFO - Executing <Task(BashOperator): download_dataset_task> on 2021-07-01 00:00:00+00:00
[2022-02-02 19:10:41,244] {standard_task_runner.py:52} INFO - Started process 11752 to run task
[2022-02-02 19:10:41,248] {standard_task_runner.py:76} INFO - Running: ['***', 'tasks', 'run', 'ex_1_data_ingestion_gcs_dag_v3', 'download_dataset_task', 'scheduled__2021-07-01T00:00:00+00:00', '--job-id', '392', '--raw', '--subdir', 'DAGS_FOLDER/data_ingestion_hw_1_ex.py', '--cfg-path', '/tmp/tmpzqp6agk7', '--error-file', '/tmp/tmpm20i8yxc']
[2022-02-02 19:10:41,250] {standard_task_runner.py:77} INFO - Job 392: Subtask download_dataset_task
[2022-02-02 19:10:41,327] {logging_mixin.py:109} INFO - Running <TaskInstance: ex_1_data_ingestion_gcs_dag_v3.download_dataset_task scheduled__2021-07-01T00:00:00+00:00 [running]> on host 700aeb16bae0
[2022-02-02 19:10:41,378] {warnings.py:110} WARNING - /home/***/.local/lib/python3.7/site-packages/***/utils/context.py:152: AirflowContextDeprecationWarning: Accessing 'execution_date' from the template is deprecated and will be removed in a future version. Please use 'data_interval_start' or 'logical_date' instead.
  warnings.warn(_create_deprecation_warning(key, self._deprecation_replacements[key]))

[2022-02-02 19:10:41,406] {taskinstance.py:1426} INFO - Exporting the following env vars:
AIRFLOW_CTX_DAG_OWNER=***
AIRFLOW_CTX_DAG_ID=ex_1_data_ingestion_gcs_dag_v3
AIRFLOW_CTX_TASK_ID=download_dataset_task
AIRFLOW_CTX_EXECUTION_DATE=2021-07-01T00:00:00+00:00
AIRFLOW_CTX_DAG_RUN_ID=scheduled__2021-07-01T00:00:00+00:00
[2022-02-02 19:10:41,409] {subprocess.py:62} INFO - Tmp dir root location: 
 /tmp
[2022-02-02 19:10:41,411] {subprocess.py:74} INFO - Running command: ['bash', '-c', 'curl -sS https://s3.amazonaws.com/nyc-tlc/trip+data/yellow_tripdata_2021-07.csv > /opt/***/yellow_tripdata_2021-07.csv']
[2022-02-02 19:10:41,432] {subprocess.py:85} INFO - Output:
[2022-02-02 19:11:39,886] {subprocess.py:93} INFO - Command exited with return code 0
[2022-02-02 19:11:39,933] {taskinstance.py:1277} INFO - Marking task as SUCCESS. dag_id=ex_1_data_ingestion_gcs_dag_v3, task_id=download_dataset_task, execution_date=20210701T000000, start_date=20220202T191041, end_date=20220202T191139
[2022-02-02 19:11:39,984] {local_task_job.py:154} INFO - Task exited with return code 0
[2022-02-02 19:11:40,035] {local_task_job.py:264} INFO - 1 downstream tasks scheduled from follow-on schedule check
[2022-02-10 14:52:57,654] {taskinstance.py:1032} INFO - Dependencies all met for <TaskInstance: ex_1_data_ingestion_gcs_dag_v3.download_dataset_task scheduled__2021-07-01T00:00:00+00:00 [queued]>
[2022-02-10 14:52:57,728] {taskinstance.py:1032} INFO - Dependencies all met for <TaskInstance: ex_1_data_ingestion_gcs_dag_v3.download_dataset_task scheduled__2021-07-01T00:00:00+00:00 [queued]>
[2022-02-10 14:52:57,731] {taskinstance.py:1238} INFO - 
--------------------------------------------------------------------------------
[2022-02-10 14:52:57,733] {taskinstance.py:1239} INFO - Starting attempt 1 of 1
[2022-02-10 14:52:57,735] {taskinstance.py:1240} INFO - 
--------------------------------------------------------------------------------
[2022-02-10 14:52:57,770] {taskinstance.py:1259} INFO - Executing <Task(BashOperator): download_dataset_task> on 2021-07-01 00:00:00+00:00
[2022-02-10 14:52:57,789] {standard_task_runner.py:52} INFO - Started process 3451 to run task
[2022-02-10 14:52:57,803] {standard_task_runner.py:76} INFO - Running: ['***', 'tasks', 'run', 'ex_1_data_ingestion_gcs_dag_v3', 'download_dataset_task', 'scheduled__2021-07-01T00:00:00+00:00', '--job-id', '746', '--raw', '--subdir', 'DAGS_FOLDER/data_ingestion_hw_1_ex.py', '--cfg-path', '/tmp/tmpd1s8y6v4', '--error-file', '/tmp/tmp1m2euv15']
[2022-02-10 14:52:57,807] {standard_task_runner.py:77} INFO - Job 746: Subtask download_dataset_task
[2022-02-10 14:52:58,086] {logging_mixin.py:109} INFO - Running <TaskInstance: ex_1_data_ingestion_gcs_dag_v3.download_dataset_task scheduled__2021-07-01T00:00:00+00:00 [running]> on host e30f201fae61
[2022-02-10 14:52:58,216] {warnings.py:110} WARNING - /home/***/.local/lib/python3.7/site-packages/***/utils/context.py:152: AirflowContextDeprecationWarning: Accessing 'execution_date' from the template is deprecated and will be removed in a future version. Please use 'data_interval_start' or 'logical_date' instead.
  warnings.warn(_create_deprecation_warning(key, self._deprecation_replacements[key]))

[2022-02-10 14:52:58,281] {taskinstance.py:1426} INFO - Exporting the following env vars:
AIRFLOW_CTX_DAG_OWNER=***
AIRFLOW_CTX_DAG_ID=ex_1_data_ingestion_gcs_dag_v3
AIRFLOW_CTX_TASK_ID=download_dataset_task
AIRFLOW_CTX_EXECUTION_DATE=2021-07-01T00:00:00+00:00
AIRFLOW_CTX_DAG_RUN_ID=scheduled__2021-07-01T00:00:00+00:00
[2022-02-10 14:52:58,285] {subprocess.py:62} INFO - Tmp dir root location: 
 /tmp
[2022-02-10 14:52:58,289] {subprocess.py:74} INFO - Running command: ['bash', '-c', 'curl -sS https://s3.amazonaws.com/nyc-tlc/trip+data/yellow_tripdata_2021-07.csv > /opt/***/yellow_tripdata_2021-07.csv']
[2022-02-10 14:52:58,335] {subprocess.py:85} INFO - Output:
[2022-02-10 14:53:10,897] {subprocess.py:93} INFO - Command exited with return code 0
[2022-02-10 14:53:11,000] {taskinstance.py:1277} INFO - Marking task as SUCCESS. dag_id=ex_1_data_ingestion_gcs_dag_v3, task_id=download_dataset_task, execution_date=20210701T000000, start_date=20220210T145257, end_date=20220210T145311
[2022-02-10 14:53:11,123] {local_task_job.py:154} INFO - Task exited with return code 0
[2022-02-10 14:53:11,263] {local_task_job.py:264} INFO - 1 downstream tasks scheduled from follow-on schedule check
[2022-02-10 15:42:12,144] {taskinstance.py:1032} INFO - Dependencies all met for <TaskInstance: ex_1_data_ingestion_gcs_dag_v3.download_dataset_task scheduled__2021-07-01T00:00:00+00:00 [queued]>
[2022-02-10 15:42:12,196] {taskinstance.py:1032} INFO - Dependencies all met for <TaskInstance: ex_1_data_ingestion_gcs_dag_v3.download_dataset_task scheduled__2021-07-01T00:00:00+00:00 [queued]>
[2022-02-10 15:42:12,201] {taskinstance.py:1238} INFO - 
--------------------------------------------------------------------------------
[2022-02-10 15:42:12,202] {taskinstance.py:1239} INFO - Starting attempt 1 of 1
[2022-02-10 15:42:12,204] {taskinstance.py:1240} INFO - 
--------------------------------------------------------------------------------
[2022-02-10 15:42:12,255] {taskinstance.py:1259} INFO - Executing <Task(BashOperator): download_dataset_task> on 2021-07-01 00:00:00+00:00
[2022-02-10 15:42:12,266] {standard_task_runner.py:52} INFO - Started process 1127 to run task
[2022-02-10 15:42:12,272] {standard_task_runner.py:76} INFO - Running: ['***', 'tasks', 'run', 'ex_1_data_ingestion_gcs_dag_v3', 'download_dataset_task', 'scheduled__2021-07-01T00:00:00+00:00', '--job-id', '868', '--raw', '--subdir', 'DAGS_FOLDER/data_ingestion_hw_1_ex.py', '--cfg-path', '/tmp/tmp816q0y8f', '--error-file', '/tmp/tmpmzc217vw']
[2022-02-10 15:42:12,275] {standard_task_runner.py:77} INFO - Job 868: Subtask download_dataset_task
[2022-02-10 15:42:12,427] {logging_mixin.py:109} INFO - Running <TaskInstance: ex_1_data_ingestion_gcs_dag_v3.download_dataset_task scheduled__2021-07-01T00:00:00+00:00 [running]> on host 276a0ad90304
[2022-02-10 15:42:12,591] {warnings.py:110} WARNING - /home/***/.local/lib/python3.7/site-packages/***/utils/context.py:152: AirflowContextDeprecationWarning: Accessing 'execution_date' from the template is deprecated and will be removed in a future version. Please use 'data_interval_start' or 'logical_date' instead.
  warnings.warn(_create_deprecation_warning(key, self._deprecation_replacements[key]))

[2022-02-10 15:42:12,693] {taskinstance.py:1426} INFO - Exporting the following env vars:
AIRFLOW_CTX_DAG_OWNER=***
AIRFLOW_CTX_DAG_ID=ex_1_data_ingestion_gcs_dag_v3
AIRFLOW_CTX_TASK_ID=download_dataset_task
AIRFLOW_CTX_EXECUTION_DATE=2021-07-01T00:00:00+00:00
AIRFLOW_CTX_DAG_RUN_ID=scheduled__2021-07-01T00:00:00+00:00
[2022-02-10 15:42:12,698] {subprocess.py:62} INFO - Tmp dir root location: 
 /tmp
[2022-02-10 15:42:12,700] {subprocess.py:74} INFO - Running command: ['bash', '-c', 'curl -sS https://s3.amazonaws.com/nyc-tlc/trip+data/yellow_tripdata_2021-07.csv > /opt/***/yellow_tripdata_2021-07.csv']
[2022-02-10 15:42:12,717] {subprocess.py:85} INFO - Output:
[2022-02-10 15:42:42,103] {subprocess.py:93} INFO - Command exited with return code 0
[2022-02-10 15:42:42,142] {taskinstance.py:1277} INFO - Marking task as SUCCESS. dag_id=ex_1_data_ingestion_gcs_dag_v3, task_id=download_dataset_task, execution_date=20210701T000000, start_date=20220210T154212, end_date=20220210T154242
[2022-02-10 15:42:42,213] {local_task_job.py:154} INFO - Task exited with return code 0
[2022-02-10 15:42:42,280] {local_task_job.py:264} INFO - 1 downstream tasks scheduled from follow-on schedule check
[2022-02-10 16:44:25,320] {taskinstance.py:1032} INFO - Dependencies all met for <TaskInstance: ex_1_data_ingestion_gcs_dag_v3.download_dataset_task scheduled__2021-07-01T00:00:00+00:00 [queued]>
[2022-02-10 16:44:25,336] {taskinstance.py:1032} INFO - Dependencies all met for <TaskInstance: ex_1_data_ingestion_gcs_dag_v3.download_dataset_task scheduled__2021-07-01T00:00:00+00:00 [queued]>
[2022-02-10 16:44:25,337] {taskinstance.py:1238} INFO - 
--------------------------------------------------------------------------------
[2022-02-10 16:44:25,338] {taskinstance.py:1239} INFO - Starting attempt 1 of 1
[2022-02-10 16:44:25,339] {taskinstance.py:1240} INFO - 
--------------------------------------------------------------------------------
[2022-02-10 16:44:25,357] {taskinstance.py:1259} INFO - Executing <Task(BashOperator): download_dataset_task> on 2021-07-01 00:00:00+00:00
[2022-02-10 16:44:25,364] {standard_task_runner.py:52} INFO - Started process 1004 to run task
[2022-02-10 16:44:25,382] {standard_task_runner.py:76} INFO - Running: ['***', 'tasks', 'run', 'ex_1_data_ingestion_gcs_dag_v3', 'download_dataset_task', 'scheduled__2021-07-01T00:00:00+00:00', '--job-id', '984', '--raw', '--subdir', 'DAGS_FOLDER/data_ingestion_hw_1_ex.py', '--cfg-path', '/tmp/tmp4bkr7doz', '--error-file', '/tmp/tmpa1gbpkt1']
[2022-02-10 16:44:25,384] {standard_task_runner.py:77} INFO - Job 984: Subtask download_dataset_task
[2022-02-10 16:44:25,476] {logging_mixin.py:109} INFO - Running <TaskInstance: ex_1_data_ingestion_gcs_dag_v3.download_dataset_task scheduled__2021-07-01T00:00:00+00:00 [running]> on host 106a34111faf
[2022-02-10 16:44:25,540] {warnings.py:110} WARNING - /home/***/.local/lib/python3.7/site-packages/***/utils/context.py:152: AirflowContextDeprecationWarning: Accessing 'execution_date' from the template is deprecated and will be removed in a future version. Please use 'data_interval_start' or 'logical_date' instead.
  warnings.warn(_create_deprecation_warning(key, self._deprecation_replacements[key]))

[2022-02-10 16:44:25,579] {taskinstance.py:1426} INFO - Exporting the following env vars:
AIRFLOW_CTX_DAG_OWNER=***
AIRFLOW_CTX_DAG_ID=ex_1_data_ingestion_gcs_dag_v3
AIRFLOW_CTX_TASK_ID=download_dataset_task
AIRFLOW_CTX_EXECUTION_DATE=2021-07-01T00:00:00+00:00
AIRFLOW_CTX_DAG_RUN_ID=scheduled__2021-07-01T00:00:00+00:00
[2022-02-10 16:44:25,582] {subprocess.py:62} INFO - Tmp dir root location: 
 /tmp
[2022-02-10 16:44:25,584] {subprocess.py:74} INFO - Running command: ['bash', '-c', 'curl -sS https://s3.amazonaws.com/nyc-tlc/trip+data/yellow_tripdata_2021-07.csv > /opt/***/yellow_tripdata_2021-07.csv']
[2022-02-10 16:44:25,603] {subprocess.py:85} INFO - Output:
[2022-02-10 16:44:40,599] {subprocess.py:93} INFO - Command exited with return code 0
[2022-02-10 16:44:40,643] {taskinstance.py:1277} INFO - Marking task as SUCCESS. dag_id=ex_1_data_ingestion_gcs_dag_v3, task_id=download_dataset_task, execution_date=20210701T000000, start_date=20220210T164425, end_date=20220210T164440
[2022-02-10 16:44:40,688] {local_task_job.py:154} INFO - Task exited with return code 0
[2022-02-10 16:44:40,732] {local_task_job.py:264} INFO - 1 downstream tasks scheduled from follow-on schedule check
