[2022-02-03 15:21:37,802] {taskinstance.py:1032} INFO - Dependencies all met for <TaskInstance: FHV_data_ingestion_gcs_dag.local_to_gcs_task scheduled__2021-07-01T00:00:00+00:00 [queued]>
[2022-02-03 15:21:37,815] {taskinstance.py:1032} INFO - Dependencies all met for <TaskInstance: FHV_data_ingestion_gcs_dag.local_to_gcs_task scheduled__2021-07-01T00:00:00+00:00 [queued]>
[2022-02-03 15:21:37,816] {taskinstance.py:1238} INFO - 
--------------------------------------------------------------------------------
[2022-02-03 15:21:37,817] {taskinstance.py:1239} INFO - Starting attempt 1 of 1
[2022-02-03 15:21:37,817] {taskinstance.py:1240} INFO - 
--------------------------------------------------------------------------------
[2022-02-03 15:21:37,834] {taskinstance.py:1259} INFO - Executing <Task(PythonOperator): local_to_gcs_task> on 2021-07-01 00:00:00+00:00
[2022-02-03 15:21:37,843] {standard_task_runner.py:52} INFO - Started process 3759 to run task
[2022-02-03 15:21:37,847] {standard_task_runner.py:76} INFO - Running: ['***', 'tasks', 'run', 'FHV_data_ingestion_gcs_dag', 'local_to_gcs_task', 'scheduled__2021-07-01T00:00:00+00:00', '--job-id', '618', '--raw', '--subdir', 'DAGS_FOLDER/FHV_injection_dag.py', '--cfg-path', '/tmp/tmp6mjpmj03', '--error-file', '/tmp/tmpg9vhfrlj']
[2022-02-03 15:21:37,850] {standard_task_runner.py:77} INFO - Job 618: Subtask local_to_gcs_task
[2022-02-03 15:21:37,934] {logging_mixin.py:109} INFO - Running <TaskInstance: FHV_data_ingestion_gcs_dag.local_to_gcs_task scheduled__2021-07-01T00:00:00+00:00 [running]> on host 700aeb16bae0
[2022-02-03 15:21:37,980] {warnings.py:110} WARNING - /home/***/.local/lib/python3.7/site-packages/***/utils/context.py:152: AirflowContextDeprecationWarning: Accessing 'execution_date' from the template is deprecated and will be removed in a future version. Please use 'data_interval_start' or 'logical_date' instead.
  warnings.warn(_create_deprecation_warning(key, self._deprecation_replacements[key]))

[2022-02-03 15:21:38,005] {taskinstance.py:1426} INFO - Exporting the following env vars:
AIRFLOW_CTX_DAG_OWNER=***
AIRFLOW_CTX_DAG_ID=FHV_data_ingestion_gcs_dag
AIRFLOW_CTX_TASK_ID=local_to_gcs_task
AIRFLOW_CTX_EXECUTION_DATE=2021-07-01T00:00:00+00:00
AIRFLOW_CTX_DAG_RUN_ID=scheduled__2021-07-01T00:00:00+00:00
[2022-02-03 15:21:40,035] {python.py:175} INFO - Done. Returned value was: None
[2022-02-03 15:21:40,048] {taskinstance.py:1277} INFO - Marking task as SUCCESS. dag_id=FHV_data_ingestion_gcs_dag, task_id=local_to_gcs_task, execution_date=20210701T000000, start_date=20220203T152137, end_date=20220203T152140
[2022-02-03 15:21:40,074] {local_task_job.py:154} INFO - Task exited with return code 0
[2022-02-03 15:21:40,105] {local_task_job.py:264} INFO - 0 downstream tasks scheduled from follow-on schedule check
