[2022-02-10 16:53:39,143] {taskinstance.py:1032} INFO - Dependencies all met for <TaskInstance: ex_1_data_ingestion_gcs_dag_v3.download_dataset_task scheduled__2019-11-01T00:00:00+00:00 [queued]>
[2022-02-10 16:53:39,169] {taskinstance.py:1032} INFO - Dependencies all met for <TaskInstance: ex_1_data_ingestion_gcs_dag_v3.download_dataset_task scheduled__2019-11-01T00:00:00+00:00 [queued]>
[2022-02-10 16:53:39,171] {taskinstance.py:1238} INFO - 
--------------------------------------------------------------------------------
[2022-02-10 16:53:39,173] {taskinstance.py:1239} INFO - Starting attempt 2 of 2
[2022-02-10 16:53:39,174] {taskinstance.py:1240} INFO - 
--------------------------------------------------------------------------------
[2022-02-10 16:53:39,197] {taskinstance.py:1259} INFO - Executing <Task(BashOperator): download_dataset_task> on 2019-11-01 00:00:00+00:00
[2022-02-10 16:53:39,208] {standard_task_runner.py:52} INFO - Started process 1510 to run task
[2022-02-10 16:53:39,215] {standard_task_runner.py:76} INFO - Running: ['***', 'tasks', 'run', 'ex_1_data_ingestion_gcs_dag_v3', 'download_dataset_task', 'scheduled__2019-11-01T00:00:00+00:00', '--job-id', '1014', '--raw', '--subdir', 'DAGS_FOLDER/data_ingestion_hw_1_ex.py', '--cfg-path', '/tmp/tmp430fs3dh', '--error-file', '/tmp/tmpvg3iu7d6']
[2022-02-10 16:53:39,219] {standard_task_runner.py:77} INFO - Job 1014: Subtask download_dataset_task
[2022-02-10 16:53:39,450] {logging_mixin.py:109} INFO - Running <TaskInstance: ex_1_data_ingestion_gcs_dag_v3.download_dataset_task scheduled__2019-11-01T00:00:00+00:00 [running]> on host 106a34111faf
[2022-02-10 16:53:39,581] {warnings.py:110} WARNING - /home/***/.local/lib/python3.7/site-packages/***/utils/context.py:152: AirflowContextDeprecationWarning: Accessing 'execution_date' from the template is deprecated and will be removed in a future version. Please use 'data_interval_start' or 'logical_date' instead.
  warnings.warn(_create_deprecation_warning(key, self._deprecation_replacements[key]))

[2022-02-10 16:53:39,630] {taskinstance.py:1426} INFO - Exporting the following env vars:
AIRFLOW_CTX_DAG_OWNER=***
AIRFLOW_CTX_DAG_ID=ex_1_data_ingestion_gcs_dag_v3
AIRFLOW_CTX_TASK_ID=download_dataset_task
AIRFLOW_CTX_EXECUTION_DATE=2019-11-01T00:00:00+00:00
AIRFLOW_CTX_DAG_RUN_ID=scheduled__2019-11-01T00:00:00+00:00
[2022-02-10 16:53:39,633] {subprocess.py:62} INFO - Tmp dir root location: 
 /tmp
[2022-02-10 16:53:39,636] {subprocess.py:74} INFO - Running command: ['bash', '-c', 'curl -sS https://s3.amazonaws.com/nyc-tlc/trip+data/yellow_tripdata_2019-11.csv > /opt/***/yellow_tripdata_2019-11.csv']
[2022-02-10 16:53:39,668] {subprocess.py:85} INFO - Output:
[2022-02-10 16:54:08,422] {subprocess.py:93} INFO - Command exited with return code 0
[2022-02-10 16:54:08,506] {taskinstance.py:1277} INFO - Marking task as SUCCESS. dag_id=ex_1_data_ingestion_gcs_dag_v3, task_id=download_dataset_task, execution_date=20191101T000000, start_date=20220210T165339, end_date=20220210T165408
[2022-02-10 16:54:08,590] {local_task_job.py:154} INFO - Task exited with return code 0
[2022-02-10 16:54:08,668] {local_task_job.py:264} INFO - 0 downstream tasks scheduled from follow-on schedule check
