[2022-02-02 17:44:16,597] {taskinstance.py:1032} INFO - Dependencies all met for <TaskInstance: ex_1_data_ingestion_gcs_dag_v2.format_to_parquet_task scheduled__2019-10-01T00:00:00+00:00 [queued]>
[2022-02-02 17:44:16,648] {taskinstance.py:1032} INFO - Dependencies all met for <TaskInstance: ex_1_data_ingestion_gcs_dag_v2.format_to_parquet_task scheduled__2019-10-01T00:00:00+00:00 [queued]>
[2022-02-02 17:44:16,649] {taskinstance.py:1238} INFO - 
--------------------------------------------------------------------------------
[2022-02-02 17:44:16,666] {taskinstance.py:1239} INFO - Starting attempt 1 of 1
[2022-02-02 17:44:16,668] {taskinstance.py:1240} INFO - 
--------------------------------------------------------------------------------
[2022-02-02 17:44:16,749] {taskinstance.py:1259} INFO - Executing <Task(PythonOperator): format_to_parquet_task> on 2019-10-01 00:00:00+00:00
[2022-02-02 17:44:16,833] {standard_task_runner.py:52} INFO - Started process 6894 to run task
[2022-02-02 17:44:16,885] {standard_task_runner.py:76} INFO - Running: ['***', 'tasks', 'run', 'ex_1_data_ingestion_gcs_dag_v2', 'format_to_parquet_task', 'scheduled__2019-10-01T00:00:00+00:00', '--job-id', '231', '--raw', '--subdir', 'DAGS_FOLDER/data_ingestion_hw_1_ex.py', '--cfg-path', '/tmp/tmpd1yn31j2', '--error-file', '/tmp/tmpveyqv5xq']
[2022-02-02 17:44:16,904] {standard_task_runner.py:77} INFO - Job 231: Subtask format_to_parquet_task
[2022-02-02 17:44:17,268] {logging_mixin.py:109} INFO - Running <TaskInstance: ex_1_data_ingestion_gcs_dag_v2.format_to_parquet_task scheduled__2019-10-01T00:00:00+00:00 [running]> on host 700aeb16bae0
[2022-02-02 17:44:17,558] {warnings.py:110} WARNING - /home/***/.local/lib/python3.7/site-packages/***/utils/context.py:152: AirflowContextDeprecationWarning: Accessing 'execution_date' from the template is deprecated and will be removed in a future version. Please use 'data_interval_start' or 'logical_date' instead.
  warnings.warn(_create_deprecation_warning(key, self._deprecation_replacements[key]))

[2022-02-02 17:44:17,652] {taskinstance.py:1426} INFO - Exporting the following env vars:
AIRFLOW_CTX_DAG_OWNER=***
AIRFLOW_CTX_DAG_ID=ex_1_data_ingestion_gcs_dag_v2
AIRFLOW_CTX_TASK_ID=format_to_parquet_task
AIRFLOW_CTX_EXECUTION_DATE=2019-10-01T00:00:00+00:00
AIRFLOW_CTX_DAG_RUN_ID=scheduled__2019-10-01T00:00:00+00:00
[2022-02-02 17:45:59,329] {local_task_job.py:154} INFO - Task exited with return code Negsignal.SIGKILL
[2022-02-02 17:46:00,133] {taskinstance.py:1277} INFO - Marking task as FAILED. dag_id=ex_1_data_ingestion_gcs_dag_v2, task_id=format_to_parquet_task, execution_date=20191001T000000, start_date=20220202T174416, end_date=20220202T174600
[2022-02-02 17:46:01,100] {local_task_job.py:264} INFO - 0 downstream tasks scheduled from follow-on schedule check
