[2022-02-03 14:49:31,352] {taskinstance.py:1032} INFO - Dependencies all met for <TaskInstance: FHV_data_ingestion_gcs_dag.download_dataset_task scheduled__2020-01-01T00:00:00+00:00 [queued]>
[2022-02-03 14:49:31,368] {taskinstance.py:1032} INFO - Dependencies all met for <TaskInstance: FHV_data_ingestion_gcs_dag.download_dataset_task scheduled__2020-01-01T00:00:00+00:00 [queued]>
[2022-02-03 14:49:31,369] {taskinstance.py:1238} INFO - 
--------------------------------------------------------------------------------
[2022-02-03 14:49:31,370] {taskinstance.py:1239} INFO - Starting attempt 1 of 1
[2022-02-03 14:49:31,371] {taskinstance.py:1240} INFO - 
--------------------------------------------------------------------------------
[2022-02-03 14:49:31,384] {taskinstance.py:1259} INFO - Executing <Task(BashOperator): download_dataset_task> on 2020-01-01 00:00:00+00:00
[2022-02-03 14:49:31,389] {standard_task_runner.py:52} INFO - Started process 1520 to run task
[2022-02-03 14:49:31,393] {standard_task_runner.py:76} INFO - Running: ['***', 'tasks', 'run', 'FHV_data_ingestion_gcs_dag', 'download_dataset_task', 'scheduled__2020-01-01T00:00:00+00:00', '--job-id', '466', '--raw', '--subdir', 'DAGS_FOLDER/FHV_injection_dag.py', '--cfg-path', '/tmp/tmpw6ntmo8z', '--error-file', '/tmp/tmpcn2l76qj']
[2022-02-03 14:49:31,395] {standard_task_runner.py:77} INFO - Job 466: Subtask download_dataset_task
[2022-02-03 14:49:31,451] {logging_mixin.py:109} INFO - Running <TaskInstance: FHV_data_ingestion_gcs_dag.download_dataset_task scheduled__2020-01-01T00:00:00+00:00 [running]> on host 700aeb16bae0
[2022-02-03 14:49:31,484] {warnings.py:110} WARNING - /home/***/.local/lib/python3.7/site-packages/***/utils/context.py:152: AirflowContextDeprecationWarning: Accessing 'execution_date' from the template is deprecated and will be removed in a future version. Please use 'data_interval_start' or 'logical_date' instead.
  warnings.warn(_create_deprecation_warning(key, self._deprecation_replacements[key]))

[2022-02-03 14:49:31,505] {taskinstance.py:1426} INFO - Exporting the following env vars:
AIRFLOW_CTX_DAG_OWNER=***
AIRFLOW_CTX_DAG_ID=FHV_data_ingestion_gcs_dag
AIRFLOW_CTX_TASK_ID=download_dataset_task
AIRFLOW_CTX_EXECUTION_DATE=2020-01-01T00:00:00+00:00
AIRFLOW_CTX_DAG_RUN_ID=scheduled__2020-01-01T00:00:00+00:00
[2022-02-03 14:49:31,506] {subprocess.py:62} INFO - Tmp dir root location: 
 /tmp
[2022-02-03 14:49:31,507] {subprocess.py:74} INFO - Running command: ['bash', '-c', 'curl -sSLf https://nyc-tlc.s3.amazonaws.com/trip+data/fhv_tripdata_2020-01.csv > /opt/***/fhv_tripdata_2020-01.csv']
[2022-02-03 14:49:31,519] {subprocess.py:85} INFO - Output:
[2022-02-03 14:50:28,973] {subprocess.py:93} INFO - Command exited with return code 0
[2022-02-03 14:50:29,000] {taskinstance.py:1277} INFO - Marking task as SUCCESS. dag_id=FHV_data_ingestion_gcs_dag, task_id=download_dataset_task, execution_date=20200101T000000, start_date=20220203T144931, end_date=20220203T145029
[2022-02-03 14:50:29,030] {local_task_job.py:154} INFO - Task exited with return code 0
[2022-02-03 14:50:29,067] {local_task_job.py:264} INFO - 1 downstream tasks scheduled from follow-on schedule check
[2022-02-03 15:12:50,507] {taskinstance.py:1032} INFO - Dependencies all met for <TaskInstance: FHV_data_ingestion_gcs_dag.download_dataset_task scheduled__2020-01-01T00:00:00+00:00 [queued]>
[2022-02-03 15:12:50,520] {taskinstance.py:1032} INFO - Dependencies all met for <TaskInstance: FHV_data_ingestion_gcs_dag.download_dataset_task scheduled__2020-01-01T00:00:00+00:00 [queued]>
[2022-02-03 15:12:50,521] {taskinstance.py:1238} INFO - 
--------------------------------------------------------------------------------
[2022-02-03 15:12:50,521] {taskinstance.py:1239} INFO - Starting attempt 1 of 1
[2022-02-03 15:12:50,522] {taskinstance.py:1240} INFO - 
--------------------------------------------------------------------------------
[2022-02-03 15:12:50,532] {taskinstance.py:1259} INFO - Executing <Task(BashOperator): download_dataset_task> on 2020-01-01 00:00:00+00:00
[2022-02-03 15:12:50,538] {standard_task_runner.py:52} INFO - Started process 3019 to run task
[2022-02-03 15:12:50,542] {standard_task_runner.py:76} INFO - Running: ['***', 'tasks', 'run', 'FHV_data_ingestion_gcs_dag', 'download_dataset_task', 'scheduled__2020-01-01T00:00:00+00:00', '--job-id', '563', '--raw', '--subdir', 'DAGS_FOLDER/FHV_injection_dag.py', '--cfg-path', '/tmp/tmpsjvuwhhc', '--error-file', '/tmp/tmp403uekat']
[2022-02-03 15:12:50,543] {standard_task_runner.py:77} INFO - Job 563: Subtask download_dataset_task
[2022-02-03 15:12:50,610] {logging_mixin.py:109} INFO - Running <TaskInstance: FHV_data_ingestion_gcs_dag.download_dataset_task scheduled__2020-01-01T00:00:00+00:00 [running]> on host 700aeb16bae0
[2022-02-03 15:12:50,647] {warnings.py:110} WARNING - /home/***/.local/lib/python3.7/site-packages/***/utils/context.py:152: AirflowContextDeprecationWarning: Accessing 'execution_date' from the template is deprecated and will be removed in a future version. Please use 'data_interval_start' or 'logical_date' instead.
  warnings.warn(_create_deprecation_warning(key, self._deprecation_replacements[key]))

[2022-02-03 15:12:50,668] {taskinstance.py:1426} INFO - Exporting the following env vars:
AIRFLOW_CTX_DAG_OWNER=***
AIRFLOW_CTX_DAG_ID=FHV_data_ingestion_gcs_dag
AIRFLOW_CTX_TASK_ID=download_dataset_task
AIRFLOW_CTX_EXECUTION_DATE=2020-01-01T00:00:00+00:00
AIRFLOW_CTX_DAG_RUN_ID=scheduled__2020-01-01T00:00:00+00:00
[2022-02-03 15:12:50,669] {subprocess.py:62} INFO - Tmp dir root location: 
 /tmp
[2022-02-03 15:12:50,671] {subprocess.py:74} INFO - Running command: ['bash', '-c', 'curl -sSLf https://nyc-tlc.s3.amazonaws.com/trip+data/fhv_tripdata_2020-01.csv > /opt/***/fhv_tripdata_2020-01.csv']
[2022-02-03 15:12:50,682] {subprocess.py:85} INFO - Output:
[2022-02-03 15:13:33,119] {subprocess.py:93} INFO - Command exited with return code 0
[2022-02-03 15:13:33,168] {taskinstance.py:1277} INFO - Marking task as SUCCESS. dag_id=FHV_data_ingestion_gcs_dag, task_id=download_dataset_task, execution_date=20200101T000000, start_date=20220203T151250, end_date=20220203T151333
[2022-02-03 15:13:33,236] {local_task_job.py:154} INFO - Task exited with return code 0
[2022-02-03 15:13:33,285] {local_task_job.py:264} INFO - 1 downstream tasks scheduled from follow-on schedule check
