[2022-02-03 15:48:22,628] {taskinstance.py:1032} INFO - Dependencies all met for <TaskInstance: FHV_data_ingestion_gcs_dag.download_dataset_task scheduled__2020-01-01T00:00:00+00:00 [queued]>
[2022-02-03 15:48:22,641] {taskinstance.py:1032} INFO - Dependencies all met for <TaskInstance: FHV_data_ingestion_gcs_dag.download_dataset_task scheduled__2020-01-01T00:00:00+00:00 [queued]>
[2022-02-03 15:48:22,642] {taskinstance.py:1238} INFO - 
--------------------------------------------------------------------------------
[2022-02-03 15:48:22,642] {taskinstance.py:1239} INFO - Starting attempt 2 of 2
[2022-02-03 15:48:22,643] {taskinstance.py:1240} INFO - 
--------------------------------------------------------------------------------
[2022-02-03 15:48:22,655] {taskinstance.py:1259} INFO - Executing <Task(BashOperator): download_dataset_task> on 2020-01-01 00:00:00+00:00
[2022-02-03 15:48:22,661] {standard_task_runner.py:52} INFO - Started process 5064 to run task
[2022-02-03 15:48:22,665] {standard_task_runner.py:76} INFO - Running: ['***', 'tasks', 'run', 'FHV_data_ingestion_gcs_dag', 'download_dataset_task', 'scheduled__2020-01-01T00:00:00+00:00', '--job-id', '631', '--raw', '--subdir', 'DAGS_FOLDER/FHV_injection_dag.py', '--cfg-path', '/tmp/tmpf3pa_uyv', '--error-file', '/tmp/tmpgtugf_2b']
[2022-02-03 15:48:22,667] {standard_task_runner.py:77} INFO - Job 631: Subtask download_dataset_task
[2022-02-03 15:48:22,730] {logging_mixin.py:109} INFO - Running <TaskInstance: FHV_data_ingestion_gcs_dag.download_dataset_task scheduled__2020-01-01T00:00:00+00:00 [running]> on host 700aeb16bae0
[2022-02-03 15:48:22,775] {warnings.py:110} WARNING - /home/***/.local/lib/python3.7/site-packages/***/utils/context.py:152: AirflowContextDeprecationWarning: Accessing 'execution_date' from the template is deprecated and will be removed in a future version. Please use 'data_interval_start' or 'logical_date' instead.
  warnings.warn(_create_deprecation_warning(key, self._deprecation_replacements[key]))

[2022-02-03 15:48:22,793] {taskinstance.py:1426} INFO - Exporting the following env vars:
AIRFLOW_CTX_DAG_OWNER=***
AIRFLOW_CTX_DAG_ID=FHV_data_ingestion_gcs_dag
AIRFLOW_CTX_TASK_ID=download_dataset_task
AIRFLOW_CTX_EXECUTION_DATE=2020-01-01T00:00:00+00:00
AIRFLOW_CTX_DAG_RUN_ID=scheduled__2020-01-01T00:00:00+00:00
[2022-02-03 15:48:22,794] {subprocess.py:62} INFO - Tmp dir root location: 
 /tmp
[2022-02-03 15:48:22,796] {subprocess.py:74} INFO - Running command: ['bash', '-c', 'curl -sSLf https://nyc-tlc.s3.amazonaws.com/trip+data/fhv_tripdata_2020-01.csv > /opt/***/fhv_tripdata_2020-01.csv']
[2022-02-03 15:48:22,807] {subprocess.py:85} INFO - Output:
[2022-02-03 15:49:06,104] {subprocess.py:93} INFO - Command exited with return code 0
[2022-02-03 15:49:06,143] {taskinstance.py:1277} INFO - Marking task as SUCCESS. dag_id=FHV_data_ingestion_gcs_dag, task_id=download_dataset_task, execution_date=20200101T000000, start_date=20220203T154822, end_date=20220203T154906
[2022-02-03 15:49:06,202] {local_task_job.py:154} INFO - Task exited with return code 0
[2022-02-03 15:49:06,239] {local_task_job.py:264} INFO - 1 downstream tasks scheduled from follow-on schedule check
