[2022-02-02 17:39:55,699] {taskinstance.py:1032} INFO - Dependencies all met for <TaskInstance: ex_1_data_ingestion_gcs_dag_v2.download_dataset_task manual__2022-02-02T17:39:46.003448+00:00 [queued]>
[2022-02-02 17:39:55,815] {taskinstance.py:1032} INFO - Dependencies all met for <TaskInstance: ex_1_data_ingestion_gcs_dag_v2.download_dataset_task manual__2022-02-02T17:39:46.003448+00:00 [queued]>
[2022-02-02 17:39:55,818] {taskinstance.py:1238} INFO - 
--------------------------------------------------------------------------------
[2022-02-02 17:39:55,821] {taskinstance.py:1239} INFO - Starting attempt 1 of 1
[2022-02-02 17:39:55,826] {taskinstance.py:1240} INFO - 
--------------------------------------------------------------------------------
[2022-02-02 17:39:56,060] {taskinstance.py:1259} INFO - Executing <Task(BashOperator): download_dataset_task> on 2022-02-02 17:39:46.003448+00:00
[2022-02-02 17:39:56,103] {standard_task_runner.py:52} INFO - Started process 6619 to run task
[2022-02-02 17:39:56,369] {standard_task_runner.py:76} INFO - Running: ['***', 'tasks', 'run', 'ex_1_data_ingestion_gcs_dag_v2', 'download_dataset_task', 'manual__2022-02-02T17:39:46.003448+00:00', '--job-id', '207', '--raw', '--subdir', 'DAGS_FOLDER/data_ingestion_hw_1_ex.py', '--cfg-path', '/tmp/tmp1yd_xd8t', '--error-file', '/tmp/tmpm8z2_i1o']
[2022-02-02 17:39:56,383] {standard_task_runner.py:77} INFO - Job 207: Subtask download_dataset_task
[2022-02-02 17:39:57,490] {logging_mixin.py:109} INFO - Running <TaskInstance: ex_1_data_ingestion_gcs_dag_v2.download_dataset_task manual__2022-02-02T17:39:46.003448+00:00 [running]> on host 700aeb16bae0
[2022-02-02 17:39:58,809] {warnings.py:110} WARNING - /home/***/.local/lib/python3.7/site-packages/***/utils/context.py:152: AirflowContextDeprecationWarning: Accessing 'execution_date' from the template is deprecated and will be removed in a future version. Please use 'data_interval_start' or 'logical_date' instead.
  warnings.warn(_create_deprecation_warning(key, self._deprecation_replacements[key]))

[2022-02-02 17:39:59,491] {taskinstance.py:1426} INFO - Exporting the following env vars:
AIRFLOW_CTX_DAG_OWNER=***
AIRFLOW_CTX_DAG_ID=ex_1_data_ingestion_gcs_dag_v2
AIRFLOW_CTX_TASK_ID=download_dataset_task
AIRFLOW_CTX_EXECUTION_DATE=2022-02-02T17:39:46.003448+00:00
AIRFLOW_CTX_DAG_RUN_ID=manual__2022-02-02T17:39:46.003448+00:00
[2022-02-02 17:39:59,508] {subprocess.py:62} INFO - Tmp dir root location: 
 /tmp
[2022-02-02 17:39:59,531] {subprocess.py:74} INFO - Running command: ['bash', '-c', 'curl -sS https://s3.amazonaws.com/nyc-tlc/trip+data/yellow_tripdata_2022-02.csv > /opt/***/yellow_tripdata_2022-02.csv']
[2022-02-02 17:40:00,390] {subprocess.py:85} INFO - Output:
[2022-02-02 17:40:01,943] {subprocess.py:93} INFO - Command exited with return code 0
[2022-02-02 17:40:02,265] {taskinstance.py:1277} INFO - Marking task as SUCCESS. dag_id=ex_1_data_ingestion_gcs_dag_v2, task_id=download_dataset_task, execution_date=20220202T173946, start_date=20220202T173955, end_date=20220202T174002
[2022-02-02 17:40:02,518] {local_task_job.py:154} INFO - Task exited with return code 0
[2022-02-02 17:40:02,900] {local_task_job.py:264} INFO - 1 downstream tasks scheduled from follow-on schedule check
