[2022-02-02 18:37:10,717] {taskinstance.py:1032} INFO - Dependencies all met for <TaskInstance: ex_1_data_ingestion_gcs_dag_v3.download_dataset_task scheduled__2019-12-01T00:00:00+00:00 [queued]>
[2022-02-02 18:37:10,734] {taskinstance.py:1032} INFO - Dependencies all met for <TaskInstance: ex_1_data_ingestion_gcs_dag_v3.download_dataset_task scheduled__2019-12-01T00:00:00+00:00 [queued]>
[2022-02-02 18:37:10,735] {taskinstance.py:1238} INFO - 
--------------------------------------------------------------------------------
[2022-02-02 18:37:10,736] {taskinstance.py:1239} INFO - Starting attempt 1 of 1
[2022-02-02 18:37:10,737] {taskinstance.py:1240} INFO - 
--------------------------------------------------------------------------------
[2022-02-02 18:37:10,754] {taskinstance.py:1259} INFO - Executing <Task(BashOperator): download_dataset_task> on 2019-12-01 00:00:00+00:00
[2022-02-02 18:37:10,761] {standard_task_runner.py:52} INFO - Started process 9863 to run task
[2022-02-02 18:37:10,774] {standard_task_runner.py:76} INFO - Running: ['***', 'tasks', 'run', 'ex_1_data_ingestion_gcs_dag_v3', 'download_dataset_task', 'scheduled__2019-12-01T00:00:00+00:00', '--job-id', '337', '--raw', '--subdir', 'DAGS_FOLDER/data_ingestion_hw_1_ex.py', '--cfg-path', '/tmp/tmp49gvonht', '--error-file', '/tmp/tmpuk52j680']
[2022-02-02 18:37:10,776] {standard_task_runner.py:77} INFO - Job 337: Subtask download_dataset_task
[2022-02-02 18:37:10,858] {logging_mixin.py:109} INFO - Running <TaskInstance: ex_1_data_ingestion_gcs_dag_v3.download_dataset_task scheduled__2019-12-01T00:00:00+00:00 [running]> on host 700aeb16bae0
[2022-02-02 18:37:10,901] {warnings.py:110} WARNING - /home/***/.local/lib/python3.7/site-packages/***/utils/context.py:152: AirflowContextDeprecationWarning: Accessing 'execution_date' from the template is deprecated and will be removed in a future version. Please use 'data_interval_start' or 'logical_date' instead.
  warnings.warn(_create_deprecation_warning(key, self._deprecation_replacements[key]))

[2022-02-02 18:37:10,923] {taskinstance.py:1426} INFO - Exporting the following env vars:
AIRFLOW_CTX_DAG_OWNER=***
AIRFLOW_CTX_DAG_ID=ex_1_data_ingestion_gcs_dag_v3
AIRFLOW_CTX_TASK_ID=download_dataset_task
AIRFLOW_CTX_EXECUTION_DATE=2019-12-01T00:00:00+00:00
AIRFLOW_CTX_DAG_RUN_ID=scheduled__2019-12-01T00:00:00+00:00
[2022-02-02 18:37:10,925] {subprocess.py:62} INFO - Tmp dir root location: 
 /tmp
[2022-02-02 18:37:10,926] {subprocess.py:74} INFO - Running command: ['bash', '-c', 'curl -sS https://s3.amazonaws.com/nyc-tlc/trip+data/yellow_tripdata_2019-12.csv > /opt/***/yellow_tripdata_2019-12.csv']
[2022-02-02 18:37:10,942] {subprocess.py:85} INFO - Output:
[2022-02-02 18:40:16,109] {subprocess.py:93} INFO - Command exited with return code 0
[2022-02-02 18:40:16,165] {taskinstance.py:1277} INFO - Marking task as SUCCESS. dag_id=ex_1_data_ingestion_gcs_dag_v3, task_id=download_dataset_task, execution_date=20191201T000000, start_date=20220202T183710, end_date=20220202T184016
[2022-02-02 18:40:16,212] {local_task_job.py:154} INFO - Task exited with return code 0
[2022-02-02 18:40:16,277] {local_task_job.py:264} INFO - 1 downstream tasks scheduled from follow-on schedule check
[2022-02-10 13:12:15,037] {taskinstance.py:1032} INFO - Dependencies all met for <TaskInstance: ex_1_data_ingestion_gcs_dag_v3.download_dataset_task scheduled__2019-12-01T00:00:00+00:00 [queued]>
[2022-02-10 13:12:15,053] {taskinstance.py:1032} INFO - Dependencies all met for <TaskInstance: ex_1_data_ingestion_gcs_dag_v3.download_dataset_task scheduled__2019-12-01T00:00:00+00:00 [queued]>
[2022-02-10 13:12:15,054] {taskinstance.py:1238} INFO - 
--------------------------------------------------------------------------------
[2022-02-10 13:12:15,056] {taskinstance.py:1239} INFO - Starting attempt 1 of 1
[2022-02-10 13:12:15,057] {taskinstance.py:1240} INFO - 
--------------------------------------------------------------------------------
[2022-02-10 13:12:15,072] {taskinstance.py:1259} INFO - Executing <Task(BashOperator): download_dataset_task> on 2019-12-01 00:00:00+00:00
[2022-02-10 13:12:15,087] {standard_task_runner.py:52} INFO - Started process 1963 to run task
[2022-02-10 13:12:15,094] {standard_task_runner.py:76} INFO - Running: ['***', 'tasks', 'run', 'ex_1_data_ingestion_gcs_dag_v3', 'download_dataset_task', 'scheduled__2019-12-01T00:00:00+00:00', '--job-id', '693', '--raw', '--subdir', 'DAGS_FOLDER/data_ingestion_hw_1_ex.py', '--cfg-path', '/tmp/tmpw8enps_z', '--error-file', '/tmp/tmpnt_0a1fl']
[2022-02-10 13:12:15,099] {standard_task_runner.py:77} INFO - Job 693: Subtask download_dataset_task
[2022-02-10 13:12:15,187] {logging_mixin.py:109} INFO - Running <TaskInstance: ex_1_data_ingestion_gcs_dag_v3.download_dataset_task scheduled__2019-12-01T00:00:00+00:00 [running]> on host e30f201fae61
[2022-02-10 13:12:15,233] {warnings.py:110} WARNING - /home/***/.local/lib/python3.7/site-packages/***/utils/context.py:152: AirflowContextDeprecationWarning: Accessing 'execution_date' from the template is deprecated and will be removed in a future version. Please use 'data_interval_start' or 'logical_date' instead.
  warnings.warn(_create_deprecation_warning(key, self._deprecation_replacements[key]))

[2022-02-10 13:12:15,255] {taskinstance.py:1426} INFO - Exporting the following env vars:
AIRFLOW_CTX_DAG_OWNER=***
AIRFLOW_CTX_DAG_ID=ex_1_data_ingestion_gcs_dag_v3
AIRFLOW_CTX_TASK_ID=download_dataset_task
AIRFLOW_CTX_EXECUTION_DATE=2019-12-01T00:00:00+00:00
AIRFLOW_CTX_DAG_RUN_ID=scheduled__2019-12-01T00:00:00+00:00
[2022-02-10 13:12:15,257] {subprocess.py:62} INFO - Tmp dir root location: 
 /tmp
[2022-02-10 13:12:15,258] {subprocess.py:74} INFO - Running command: ['bash', '-c', 'curl -sS https://s3.amazonaws.com/nyc-tlc/trip+data/yellow_tripdata_2019-12.csv > /opt/***/yellow_tripdata_2019-12.csv']
[2022-02-10 13:12:15,273] {subprocess.py:85} INFO - Output:
[2022-02-10 13:13:51,480] {subprocess.py:93} INFO - Command exited with return code 0
[2022-02-10 13:13:51,507] {taskinstance.py:1277} INFO - Marking task as SUCCESS. dag_id=ex_1_data_ingestion_gcs_dag_v3, task_id=download_dataset_task, execution_date=20191201T000000, start_date=20220210T131215, end_date=20220210T131351
[2022-02-10 13:13:51,558] {local_task_job.py:154} INFO - Task exited with return code 0
[2022-02-10 13:13:51,616] {local_task_job.py:264} INFO - 1 downstream tasks scheduled from follow-on schedule check
[2022-02-10 15:38:08,790] {taskinstance.py:1032} INFO - Dependencies all met for <TaskInstance: ex_1_data_ingestion_gcs_dag_v3.download_dataset_task scheduled__2019-12-01T00:00:00+00:00 [queued]>
[2022-02-10 15:38:08,801] {taskinstance.py:1032} INFO - Dependencies all met for <TaskInstance: ex_1_data_ingestion_gcs_dag_v3.download_dataset_task scheduled__2019-12-01T00:00:00+00:00 [queued]>
[2022-02-10 15:38:08,802] {taskinstance.py:1238} INFO - 
--------------------------------------------------------------------------------
[2022-02-10 15:38:08,803] {taskinstance.py:1239} INFO - Starting attempt 1 of 1
[2022-02-10 15:38:08,804] {taskinstance.py:1240} INFO - 
--------------------------------------------------------------------------------
[2022-02-10 15:38:08,819] {taskinstance.py:1259} INFO - Executing <Task(BashOperator): download_dataset_task> on 2019-12-01 00:00:00+00:00
[2022-02-10 15:38:08,836] {standard_task_runner.py:76} INFO - Running: ['***', 'tasks', 'run', 'ex_1_data_ingestion_gcs_dag_v3', 'download_dataset_task', 'scheduled__2019-12-01T00:00:00+00:00', '--job-id', '813', '--raw', '--subdir', 'DAGS_FOLDER/data_ingestion_hw_1_ex.py', '--cfg-path', '/tmp/tmp_9p0z0l9', '--error-file', '/tmp/tmp5l_8p7ip']
[2022-02-10 15:38:08,826] {standard_task_runner.py:52} INFO - Started process 643 to run task
[2022-02-10 15:38:08,842] {standard_task_runner.py:77} INFO - Job 813: Subtask download_dataset_task
[2022-02-10 15:38:08,950] {logging_mixin.py:109} INFO - Running <TaskInstance: ex_1_data_ingestion_gcs_dag_v3.download_dataset_task scheduled__2019-12-01T00:00:00+00:00 [running]> on host 276a0ad90304
[2022-02-10 15:38:09,020] {warnings.py:110} WARNING - /home/***/.local/lib/python3.7/site-packages/***/utils/context.py:152: AirflowContextDeprecationWarning: Accessing 'execution_date' from the template is deprecated and will be removed in a future version. Please use 'data_interval_start' or 'logical_date' instead.
  warnings.warn(_create_deprecation_warning(key, self._deprecation_replacements[key]))

[2022-02-10 15:38:09,134] {taskinstance.py:1426} INFO - Exporting the following env vars:
AIRFLOW_CTX_DAG_OWNER=***
AIRFLOW_CTX_DAG_ID=ex_1_data_ingestion_gcs_dag_v3
AIRFLOW_CTX_TASK_ID=download_dataset_task
AIRFLOW_CTX_EXECUTION_DATE=2019-12-01T00:00:00+00:00
AIRFLOW_CTX_DAG_RUN_ID=scheduled__2019-12-01T00:00:00+00:00
[2022-02-10 15:38:09,143] {subprocess.py:62} INFO - Tmp dir root location: 
 /tmp
[2022-02-10 15:38:09,145] {subprocess.py:74} INFO - Running command: ['bash', '-c', 'curl -sS https://s3.amazonaws.com/nyc-tlc/trip+data/yellow_tripdata_2019-12.csv > /opt/***/yellow_tripdata_2019-12.csv']
[2022-02-10 15:38:09,184] {subprocess.py:85} INFO - Output:
[2022-02-10 15:38:33,232] {subprocess.py:93} INFO - Command exited with return code 0
[2022-02-10 15:38:33,305] {taskinstance.py:1277} INFO - Marking task as SUCCESS. dag_id=ex_1_data_ingestion_gcs_dag_v3, task_id=download_dataset_task, execution_date=20191201T000000, start_date=20220210T153808, end_date=20220210T153833
[2022-02-10 15:38:33,362] {local_task_job.py:154} INFO - Task exited with return code 0
[2022-02-10 15:38:33,415] {local_task_job.py:264} INFO - 1 downstream tasks scheduled from follow-on schedule check
[2022-02-10 16:38:34,054] {taskinstance.py:1032} INFO - Dependencies all met for <TaskInstance: ex_1_data_ingestion_gcs_dag_v3.download_dataset_task scheduled__2019-12-01T00:00:00+00:00 [queued]>
[2022-02-10 16:38:34,068] {taskinstance.py:1032} INFO - Dependencies all met for <TaskInstance: ex_1_data_ingestion_gcs_dag_v3.download_dataset_task scheduled__2019-12-01T00:00:00+00:00 [queued]>
[2022-02-10 16:38:34,069] {taskinstance.py:1238} INFO - 
--------------------------------------------------------------------------------
[2022-02-10 16:38:34,070] {taskinstance.py:1239} INFO - Starting attempt 1 of 1
[2022-02-10 16:38:34,071] {taskinstance.py:1240} INFO - 
--------------------------------------------------------------------------------
[2022-02-10 16:38:34,084] {taskinstance.py:1259} INFO - Executing <Task(BashOperator): download_dataset_task> on 2019-12-01 00:00:00+00:00
[2022-02-10 16:38:34,091] {standard_task_runner.py:52} INFO - Started process 599 to run task
[2022-02-10 16:38:34,103] {standard_task_runner.py:76} INFO - Running: ['***', 'tasks', 'run', 'ex_1_data_ingestion_gcs_dag_v3', 'download_dataset_task', 'scheduled__2019-12-01T00:00:00+00:00', '--job-id', '948', '--raw', '--subdir', 'DAGS_FOLDER/data_ingestion_hw_1_ex.py', '--cfg-path', '/tmp/tmp4sahpy99', '--error-file', '/tmp/tmpd4vszoxk']
[2022-02-10 16:38:34,106] {standard_task_runner.py:77} INFO - Job 948: Subtask download_dataset_task
[2022-02-10 16:38:34,185] {logging_mixin.py:109} INFO - Running <TaskInstance: ex_1_data_ingestion_gcs_dag_v3.download_dataset_task scheduled__2019-12-01T00:00:00+00:00 [running]> on host 106a34111faf
[2022-02-10 16:38:34,242] {warnings.py:110} WARNING - /home/***/.local/lib/python3.7/site-packages/***/utils/context.py:152: AirflowContextDeprecationWarning: Accessing 'execution_date' from the template is deprecated and will be removed in a future version. Please use 'data_interval_start' or 'logical_date' instead.
  warnings.warn(_create_deprecation_warning(key, self._deprecation_replacements[key]))

[2022-02-10 16:38:34,269] {taskinstance.py:1426} INFO - Exporting the following env vars:
AIRFLOW_CTX_DAG_OWNER=***
AIRFLOW_CTX_DAG_ID=ex_1_data_ingestion_gcs_dag_v3
AIRFLOW_CTX_TASK_ID=download_dataset_task
AIRFLOW_CTX_EXECUTION_DATE=2019-12-01T00:00:00+00:00
AIRFLOW_CTX_DAG_RUN_ID=scheduled__2019-12-01T00:00:00+00:00
[2022-02-10 16:38:34,274] {subprocess.py:62} INFO - Tmp dir root location: 
 /tmp
[2022-02-10 16:38:34,277] {subprocess.py:74} INFO - Running command: ['bash', '-c', 'curl -sS https://s3.amazonaws.com/nyc-tlc/trip+data/yellow_tripdata_2019-12.csv > /opt/***/yellow_tripdata_2019-12.csv']
[2022-02-10 16:38:34,301] {subprocess.py:85} INFO - Output:
[2022-02-10 16:39:09,593] {subprocess.py:93} INFO - Command exited with return code 0
[2022-02-10 16:39:09,633] {taskinstance.py:1277} INFO - Marking task as SUCCESS. dag_id=ex_1_data_ingestion_gcs_dag_v3, task_id=download_dataset_task, execution_date=20191201T000000, start_date=20220210T163834, end_date=20220210T163909
[2022-02-10 16:39:09,678] {local_task_job.py:154} INFO - Task exited with return code 0
[2022-02-10 16:39:09,739] {local_task_job.py:264} INFO - 1 downstream tasks scheduled from follow-on schedule check
