[2022-02-02 13:49:22,935] {taskinstance.py:1032} INFO - Dependencies all met for <TaskInstance: ex_1_data_ingestion_gcs_dag.local_to_gcs_task scheduled__2021-03-01T00:00:00+00:00 [queued]>
[2022-02-02 13:49:23,012] {taskinstance.py:1032} INFO - Dependencies all met for <TaskInstance: ex_1_data_ingestion_gcs_dag.local_to_gcs_task scheduled__2021-03-01T00:00:00+00:00 [queued]>
[2022-02-02 13:49:23,014] {taskinstance.py:1238} INFO - 
--------------------------------------------------------------------------------
[2022-02-02 13:49:23,015] {taskinstance.py:1239} INFO - Starting attempt 1 of 1
[2022-02-02 13:49:23,016] {taskinstance.py:1240} INFO - 
--------------------------------------------------------------------------------
[2022-02-02 13:49:23,072] {taskinstance.py:1259} INFO - Executing <Task(PythonOperator): local_to_gcs_task> on 2021-03-01 00:00:00+00:00
[2022-02-02 13:49:23,101] {standard_task_runner.py:52} INFO - Started process 1877 to run task
[2022-02-02 13:49:23,151] {standard_task_runner.py:76} INFO - Running: ['***', 'tasks', 'run', 'ex_1_data_ingestion_gcs_dag', 'local_to_gcs_task', 'scheduled__2021-03-01T00:00:00+00:00', '--job-id', '193', '--raw', '--subdir', 'DAGS_FOLDER/data_ingestion_hw_1_ex.py', '--cfg-path', '/tmp/tmpfhjji6ho', '--error-file', '/tmp/tmpec5w0kw_']
[2022-02-02 13:49:23,153] {standard_task_runner.py:77} INFO - Job 193: Subtask local_to_gcs_task
[2022-02-02 13:49:23,636] {logging_mixin.py:109} INFO - Running <TaskInstance: ex_1_data_ingestion_gcs_dag.local_to_gcs_task scheduled__2021-03-01T00:00:00+00:00 [running]> on host 700aeb16bae0
[2022-02-02 13:49:24,038] {warnings.py:110} WARNING - /home/***/.local/lib/python3.7/site-packages/***/utils/context.py:152: AirflowContextDeprecationWarning: Accessing 'execution_date' from the template is deprecated and will be removed in a future version. Please use 'data_interval_start' or 'logical_date' instead.
  warnings.warn(_create_deprecation_warning(key, self._deprecation_replacements[key]))

[2022-02-02 13:49:24,092] {taskinstance.py:1426} INFO - Exporting the following env vars:
AIRFLOW_CTX_DAG_OWNER=***
AIRFLOW_CTX_DAG_ID=ex_1_data_ingestion_gcs_dag
AIRFLOW_CTX_TASK_ID=local_to_gcs_task
AIRFLOW_CTX_EXECUTION_DATE=2021-03-01T00:00:00+00:00
AIRFLOW_CTX_DAG_RUN_ID=scheduled__2021-03-01T00:00:00+00:00
[2022-02-02 13:49:28,194] {python.py:175} INFO - Done. Returned value was: None
[2022-02-02 13:49:28,263] {taskinstance.py:1277} INFO - Marking task as SUCCESS. dag_id=ex_1_data_ingestion_gcs_dag, task_id=local_to_gcs_task, execution_date=20210301T000000, start_date=20220202T134922, end_date=20220202T134928
[2022-02-02 13:49:28,372] {local_task_job.py:154} INFO - Task exited with return code 0
[2022-02-02 13:49:28,506] {local_task_job.py:264} INFO - 0 downstream tasks scheduled from follow-on schedule check
