[2022-02-03 15:01:45,615] {taskinstance.py:1032} INFO - Dependencies all met for <TaskInstance: FHV_data_ingestion_gcs_dag.local_to_gcs_task scheduled__2021-03-01T00:00:00+00:00 [queued]>
[2022-02-03 15:01:45,657] {taskinstance.py:1032} INFO - Dependencies all met for <TaskInstance: FHV_data_ingestion_gcs_dag.local_to_gcs_task scheduled__2021-03-01T00:00:00+00:00 [queued]>
[2022-02-03 15:01:45,659] {taskinstance.py:1238} INFO - 
--------------------------------------------------------------------------------
[2022-02-03 15:01:45,660] {taskinstance.py:1239} INFO - Starting attempt 1 of 1
[2022-02-03 15:01:45,662] {taskinstance.py:1240} INFO - 
--------------------------------------------------------------------------------
[2022-02-03 15:01:45,697] {taskinstance.py:1259} INFO - Executing <Task(PythonOperator): local_to_gcs_task> on 2021-03-01 00:00:00+00:00
[2022-02-03 15:01:45,713] {standard_task_runner.py:52} INFO - Started process 2315 to run task
[2022-02-03 15:01:45,724] {standard_task_runner.py:76} INFO - Running: ['***', 'tasks', 'run', 'FHV_data_ingestion_gcs_dag', 'local_to_gcs_task', 'scheduled__2021-03-01T00:00:00+00:00', '--job-id', '521', '--raw', '--subdir', 'DAGS_FOLDER/FHV_injection_dag.py', '--cfg-path', '/tmp/tmpwt5xlhpc', '--error-file', '/tmp/tmpdpeco9n4']
[2022-02-03 15:01:45,728] {standard_task_runner.py:77} INFO - Job 521: Subtask local_to_gcs_task
[2022-02-03 15:01:45,942] {logging_mixin.py:109} INFO - Running <TaskInstance: FHV_data_ingestion_gcs_dag.local_to_gcs_task scheduled__2021-03-01T00:00:00+00:00 [running]> on host 700aeb16bae0
[2022-02-03 15:01:46,054] {warnings.py:110} WARNING - /home/***/.local/lib/python3.7/site-packages/***/utils/context.py:152: AirflowContextDeprecationWarning: Accessing 'execution_date' from the template is deprecated and will be removed in a future version. Please use 'data_interval_start' or 'logical_date' instead.
  warnings.warn(_create_deprecation_warning(key, self._deprecation_replacements[key]))

[2022-02-03 15:01:46,114] {taskinstance.py:1426} INFO - Exporting the following env vars:
AIRFLOW_CTX_DAG_OWNER=***
AIRFLOW_CTX_DAG_ID=FHV_data_ingestion_gcs_dag
AIRFLOW_CTX_TASK_ID=local_to_gcs_task
AIRFLOW_CTX_EXECUTION_DATE=2021-03-01T00:00:00+00:00
AIRFLOW_CTX_DAG_RUN_ID=scheduled__2021-03-01T00:00:00+00:00
[2022-02-03 15:01:48,524] {python.py:175} INFO - Done. Returned value was: None
[2022-02-03 15:01:48,559] {taskinstance.py:1277} INFO - Marking task as SUCCESS. dag_id=FHV_data_ingestion_gcs_dag, task_id=local_to_gcs_task, execution_date=20210301T000000, start_date=20220203T150145, end_date=20220203T150148
[2022-02-03 15:01:48,663] {local_task_job.py:154} INFO - Task exited with return code 0
[2022-02-03 15:01:48,786] {local_task_job.py:264} INFO - 1 downstream tasks scheduled from follow-on schedule check
[2022-02-03 15:20:40,868] {taskinstance.py:1032} INFO - Dependencies all met for <TaskInstance: FHV_data_ingestion_gcs_dag.local_to_gcs_task scheduled__2021-03-01T00:00:00+00:00 [queued]>
[2022-02-03 15:20:40,879] {taskinstance.py:1032} INFO - Dependencies all met for <TaskInstance: FHV_data_ingestion_gcs_dag.local_to_gcs_task scheduled__2021-03-01T00:00:00+00:00 [queued]>
[2022-02-03 15:20:40,880] {taskinstance.py:1238} INFO - 
--------------------------------------------------------------------------------
[2022-02-03 15:20:40,880] {taskinstance.py:1239} INFO - Starting attempt 1 of 1
[2022-02-03 15:20:40,881] {taskinstance.py:1240} INFO - 
--------------------------------------------------------------------------------
[2022-02-03 15:20:40,891] {taskinstance.py:1259} INFO - Executing <Task(PythonOperator): local_to_gcs_task> on 2021-03-01 00:00:00+00:00
[2022-02-03 15:20:40,896] {standard_task_runner.py:52} INFO - Started process 3657 to run task
[2022-02-03 15:20:40,900] {standard_task_runner.py:76} INFO - Running: ['***', 'tasks', 'run', 'FHV_data_ingestion_gcs_dag', 'local_to_gcs_task', 'scheduled__2021-03-01T00:00:00+00:00', '--job-id', '609', '--raw', '--subdir', 'DAGS_FOLDER/FHV_injection_dag.py', '--cfg-path', '/tmp/tmpud4hbnj1', '--error-file', '/tmp/tmp2desajca']
[2022-02-03 15:20:40,902] {standard_task_runner.py:77} INFO - Job 609: Subtask local_to_gcs_task
[2022-02-03 15:20:40,964] {logging_mixin.py:109} INFO - Running <TaskInstance: FHV_data_ingestion_gcs_dag.local_to_gcs_task scheduled__2021-03-01T00:00:00+00:00 [running]> on host 700aeb16bae0
[2022-02-03 15:20:41,001] {warnings.py:110} WARNING - /home/***/.local/lib/python3.7/site-packages/***/utils/context.py:152: AirflowContextDeprecationWarning: Accessing 'execution_date' from the template is deprecated and will be removed in a future version. Please use 'data_interval_start' or 'logical_date' instead.
  warnings.warn(_create_deprecation_warning(key, self._deprecation_replacements[key]))

[2022-02-03 15:20:41,022] {taskinstance.py:1426} INFO - Exporting the following env vars:
AIRFLOW_CTX_DAG_OWNER=***
AIRFLOW_CTX_DAG_ID=FHV_data_ingestion_gcs_dag
AIRFLOW_CTX_TASK_ID=local_to_gcs_task
AIRFLOW_CTX_EXECUTION_DATE=2021-03-01T00:00:00+00:00
AIRFLOW_CTX_DAG_RUN_ID=scheduled__2021-03-01T00:00:00+00:00
[2022-02-03 15:20:42,903] {python.py:175} INFO - Done. Returned value was: None
[2022-02-03 15:20:42,921] {taskinstance.py:1277} INFO - Marking task as SUCCESS. dag_id=FHV_data_ingestion_gcs_dag, task_id=local_to_gcs_task, execution_date=20210301T000000, start_date=20220203T152040, end_date=20220203T152042
[2022-02-03 15:20:42,946] {local_task_job.py:154} INFO - Task exited with return code 0
[2022-02-03 15:20:42,977] {local_task_job.py:264} INFO - 0 downstream tasks scheduled from follow-on schedule check
