[2022-02-02 18:22:50,102] {taskinstance.py:1032} INFO - Dependencies all met for <TaskInstance: ex_1_data_ingestion_gcs_dag_v3.format_to_parquet_task scheduled__2019-07-01T00:00:00+00:00 [queued]>
[2022-02-02 18:22:50,114] {taskinstance.py:1032} INFO - Dependencies all met for <TaskInstance: ex_1_data_ingestion_gcs_dag_v3.format_to_parquet_task scheduled__2019-07-01T00:00:00+00:00 [queued]>
[2022-02-02 18:22:50,115] {taskinstance.py:1238} INFO - 
--------------------------------------------------------------------------------
[2022-02-02 18:22:50,116] {taskinstance.py:1239} INFO - Starting attempt 1 of 1
[2022-02-02 18:22:50,117] {taskinstance.py:1240} INFO - 
--------------------------------------------------------------------------------
[2022-02-02 18:22:50,132] {taskinstance.py:1259} INFO - Executing <Task(PythonOperator): format_to_parquet_task> on 2019-07-01 00:00:00+00:00
[2022-02-02 18:22:50,141] {standard_task_runner.py:52} INFO - Started process 9121 to run task
[2022-02-02 18:22:50,147] {standard_task_runner.py:76} INFO - Running: ['***', 'tasks', 'run', 'ex_1_data_ingestion_gcs_dag_v3', 'format_to_parquet_task', 'scheduled__2019-07-01T00:00:00+00:00', '--job-id', '323', '--raw', '--subdir', 'DAGS_FOLDER/data_ingestion_hw_1_ex.py', '--cfg-path', '/tmp/tmpl5hvxdnd', '--error-file', '/tmp/tmp42ncev7v']
[2022-02-02 18:22:50,149] {standard_task_runner.py:77} INFO - Job 323: Subtask format_to_parquet_task
[2022-02-02 18:22:50,225] {logging_mixin.py:109} INFO - Running <TaskInstance: ex_1_data_ingestion_gcs_dag_v3.format_to_parquet_task scheduled__2019-07-01T00:00:00+00:00 [running]> on host 700aeb16bae0
[2022-02-02 18:22:50,269] {warnings.py:110} WARNING - /home/***/.local/lib/python3.7/site-packages/***/utils/context.py:152: AirflowContextDeprecationWarning: Accessing 'execution_date' from the template is deprecated and will be removed in a future version. Please use 'data_interval_start' or 'logical_date' instead.
  warnings.warn(_create_deprecation_warning(key, self._deprecation_replacements[key]))

[2022-02-02 18:22:50,311] {taskinstance.py:1426} INFO - Exporting the following env vars:
AIRFLOW_CTX_DAG_OWNER=***
AIRFLOW_CTX_DAG_ID=ex_1_data_ingestion_gcs_dag_v3
AIRFLOW_CTX_TASK_ID=format_to_parquet_task
AIRFLOW_CTX_EXECUTION_DATE=2019-07-01T00:00:00+00:00
AIRFLOW_CTX_DAG_RUN_ID=scheduled__2019-07-01T00:00:00+00:00
[2022-02-02 18:22:55,245] {python.py:175} INFO - Done. Returned value was: None
[2022-02-02 18:22:55,266] {taskinstance.py:1277} INFO - Marking task as SUCCESS. dag_id=ex_1_data_ingestion_gcs_dag_v3, task_id=format_to_parquet_task, execution_date=20190701T000000, start_date=20220202T182250, end_date=20220202T182255
[2022-02-02 18:22:55,580] {local_task_job.py:154} INFO - Task exited with return code 0
[2022-02-02 18:22:55,628] {local_task_job.py:264} INFO - 0 downstream tasks scheduled from follow-on schedule check
[2022-02-10 13:00:30,151] {taskinstance.py:1032} INFO - Dependencies all met for <TaskInstance: ex_1_data_ingestion_gcs_dag_v3.format_to_parquet_task scheduled__2019-07-01T00:00:00+00:00 [queued]>
[2022-02-10 13:00:30,166] {taskinstance.py:1032} INFO - Dependencies all met for <TaskInstance: ex_1_data_ingestion_gcs_dag_v3.format_to_parquet_task scheduled__2019-07-01T00:00:00+00:00 [queued]>
[2022-02-10 13:00:30,167] {taskinstance.py:1238} INFO - 
--------------------------------------------------------------------------------
[2022-02-10 13:00:30,168] {taskinstance.py:1239} INFO - Starting attempt 1 of 1
[2022-02-10 13:00:30,169] {taskinstance.py:1240} INFO - 
--------------------------------------------------------------------------------
[2022-02-10 13:00:30,183] {taskinstance.py:1259} INFO - Executing <Task(PythonOperator): format_to_parquet_task> on 2019-07-01 00:00:00+00:00
[2022-02-10 13:00:30,190] {standard_task_runner.py:52} INFO - Started process 1342 to run task
[2022-02-10 13:00:30,194] {standard_task_runner.py:76} INFO - Running: ['***', 'tasks', 'run', 'ex_1_data_ingestion_gcs_dag_v3', 'format_to_parquet_task', 'scheduled__2019-07-01T00:00:00+00:00', '--job-id', '679', '--raw', '--subdir', 'DAGS_FOLDER/data_ingestion_hw_1_ex.py', '--cfg-path', '/tmp/tmpyon5b2sn', '--error-file', '/tmp/tmpyppfydju']
[2022-02-10 13:00:30,196] {standard_task_runner.py:77} INFO - Job 679: Subtask format_to_parquet_task
[2022-02-10 13:00:30,269] {logging_mixin.py:109} INFO - Running <TaskInstance: ex_1_data_ingestion_gcs_dag_v3.format_to_parquet_task scheduled__2019-07-01T00:00:00+00:00 [running]> on host e30f201fae61
[2022-02-10 13:00:30,311] {warnings.py:110} WARNING - /home/***/.local/lib/python3.7/site-packages/***/utils/context.py:152: AirflowContextDeprecationWarning: Accessing 'execution_date' from the template is deprecated and will be removed in a future version. Please use 'data_interval_start' or 'logical_date' instead.
  warnings.warn(_create_deprecation_warning(key, self._deprecation_replacements[key]))

[2022-02-10 13:00:30,337] {taskinstance.py:1426} INFO - Exporting the following env vars:
AIRFLOW_CTX_DAG_OWNER=***
AIRFLOW_CTX_DAG_ID=ex_1_data_ingestion_gcs_dag_v3
AIRFLOW_CTX_TASK_ID=format_to_parquet_task
AIRFLOW_CTX_EXECUTION_DATE=2019-07-01T00:00:00+00:00
AIRFLOW_CTX_DAG_RUN_ID=scheduled__2019-07-01T00:00:00+00:00
[2022-02-10 13:00:36,139] {python.py:175} INFO - Done. Returned value was: None
[2022-02-10 13:00:36,166] {taskinstance.py:1277} INFO - Marking task as SUCCESS. dag_id=ex_1_data_ingestion_gcs_dag_v3, task_id=format_to_parquet_task, execution_date=20190701T000000, start_date=20220210T130030, end_date=20220210T130036
[2022-02-10 13:00:37,050] {local_task_job.py:154} INFO - Task exited with return code 0
[2022-02-10 13:00:37,134] {local_task_job.py:264} INFO - 0 downstream tasks scheduled from follow-on schedule check
[2022-02-10 15:35:11,729] {taskinstance.py:1032} INFO - Dependencies all met for <TaskInstance: ex_1_data_ingestion_gcs_dag_v3.format_to_parquet_task scheduled__2019-07-01T00:00:00+00:00 [queued]>
[2022-02-10 15:35:11,761] {taskinstance.py:1032} INFO - Dependencies all met for <TaskInstance: ex_1_data_ingestion_gcs_dag_v3.format_to_parquet_task scheduled__2019-07-01T00:00:00+00:00 [queued]>
[2022-02-10 15:35:11,762] {taskinstance.py:1238} INFO - 
--------------------------------------------------------------------------------
[2022-02-10 15:35:11,764] {taskinstance.py:1239} INFO - Starting attempt 1 of 1
[2022-02-10 15:35:11,765] {taskinstance.py:1240} INFO - 
--------------------------------------------------------------------------------
[2022-02-10 15:35:11,798] {taskinstance.py:1259} INFO - Executing <Task(PythonOperator): format_to_parquet_task> on 2019-07-01 00:00:00+00:00
[2022-02-10 15:35:11,810] {standard_task_runner.py:52} INFO - Started process 430 to run task
[2022-02-10 15:35:11,829] {standard_task_runner.py:76} INFO - Running: ['***', 'tasks', 'run', 'ex_1_data_ingestion_gcs_dag_v3', 'format_to_parquet_task', 'scheduled__2019-07-01T00:00:00+00:00', '--job-id', '798', '--raw', '--subdir', 'DAGS_FOLDER/data_ingestion_hw_1_ex.py', '--cfg-path', '/tmp/tmpk8d_f_3e', '--error-file', '/tmp/tmp0ru2z281']
[2022-02-10 15:35:11,833] {standard_task_runner.py:77} INFO - Job 798: Subtask format_to_parquet_task
[2022-02-10 15:35:11,997] {logging_mixin.py:109} INFO - Running <TaskInstance: ex_1_data_ingestion_gcs_dag_v3.format_to_parquet_task scheduled__2019-07-01T00:00:00+00:00 [running]> on host 276a0ad90304
[2022-02-10 15:35:12,104] {warnings.py:110} WARNING - /home/***/.local/lib/python3.7/site-packages/***/utils/context.py:152: AirflowContextDeprecationWarning: Accessing 'execution_date' from the template is deprecated and will be removed in a future version. Please use 'data_interval_start' or 'logical_date' instead.
  warnings.warn(_create_deprecation_warning(key, self._deprecation_replacements[key]))

[2022-02-10 15:35:12,149] {taskinstance.py:1426} INFO - Exporting the following env vars:
AIRFLOW_CTX_DAG_OWNER=***
AIRFLOW_CTX_DAG_ID=ex_1_data_ingestion_gcs_dag_v3
AIRFLOW_CTX_TASK_ID=format_to_parquet_task
AIRFLOW_CTX_EXECUTION_DATE=2019-07-01T00:00:00+00:00
AIRFLOW_CTX_DAG_RUN_ID=scheduled__2019-07-01T00:00:00+00:00
[2022-02-10 15:35:19,973] {python.py:175} INFO - Done. Returned value was: None
[2022-02-10 15:35:19,993] {taskinstance.py:1277} INFO - Marking task as SUCCESS. dag_id=ex_1_data_ingestion_gcs_dag_v3, task_id=format_to_parquet_task, execution_date=20190701T000000, start_date=20220210T153511, end_date=20220210T153519
[2022-02-10 15:35:20,353] {local_task_job.py:154} INFO - Task exited with return code 0
[2022-02-10 15:35:20,480] {local_task_job.py:264} INFO - 0 downstream tasks scheduled from follow-on schedule check
