[2022-02-02 13:23:58,390] {taskinstance.py:1032} INFO - Dependencies all met for <TaskInstance: hw_data_ingestion_gcs_dag.format_to_parquet_task manual__2022-02-02T13:23:48.605515+00:00 [queued]>
[2022-02-02 13:23:58,402] {taskinstance.py:1032} INFO - Dependencies all met for <TaskInstance: hw_data_ingestion_gcs_dag.format_to_parquet_task manual__2022-02-02T13:23:48.605515+00:00 [queued]>
[2022-02-02 13:23:58,403] {taskinstance.py:1238} INFO - 
--------------------------------------------------------------------------------
[2022-02-02 13:23:58,404] {taskinstance.py:1239} INFO - Starting attempt 1 of 2
[2022-02-02 13:23:58,404] {taskinstance.py:1240} INFO - 
--------------------------------------------------------------------------------
[2022-02-02 13:23:58,416] {taskinstance.py:1259} INFO - Executing <Task(PythonOperator): format_to_parquet_task> on 2022-02-02 13:23:48.605515+00:00
[2022-02-02 13:23:58,421] {standard_task_runner.py:52} INFO - Started process 264 to run task
[2022-02-02 13:23:58,425] {standard_task_runner.py:76} INFO - Running: ['***', 'tasks', 'run', 'hw_data_ingestion_gcs_dag', 'format_to_parquet_task', 'manual__2022-02-02T13:23:48.605515+00:00', '--job-id', '97', '--raw', '--subdir', 'DAGS_FOLDER/data_ingestion_hw_1_ex.py', '--cfg-path', '/tmp/tmpdawo8ql6', '--error-file', '/tmp/tmpqpnwdm4e']
[2022-02-02 13:23:58,427] {standard_task_runner.py:77} INFO - Job 97: Subtask format_to_parquet_task
[2022-02-02 13:23:58,503] {logging_mixin.py:109} INFO - Running <TaskInstance: hw_data_ingestion_gcs_dag.format_to_parquet_task manual__2022-02-02T13:23:48.605515+00:00 [running]> on host 700aeb16bae0
[2022-02-02 13:23:58,548] {warnings.py:110} WARNING - /home/***/.local/lib/python3.7/site-packages/***/utils/context.py:152: AirflowContextDeprecationWarning: Accessing 'execution_date' from the template is deprecated and will be removed in a future version. Please use 'data_interval_start' or 'logical_date' instead.
  warnings.warn(_create_deprecation_warning(key, self._deprecation_replacements[key]))

[2022-02-02 13:23:58,573] {taskinstance.py:1426} INFO - Exporting the following env vars:
AIRFLOW_CTX_DAG_OWNER=***
AIRFLOW_CTX_DAG_ID=hw_data_ingestion_gcs_dag
AIRFLOW_CTX_TASK_ID=format_to_parquet_task
AIRFLOW_CTX_EXECUTION_DATE=2022-02-02T13:23:48.605515+00:00
AIRFLOW_CTX_DAG_RUN_ID=manual__2022-02-02T13:23:48.605515+00:00
[2022-02-02 13:23:58,696] {python.py:175} INFO - Done. Returned value was: None
[2022-02-02 13:23:58,721] {taskinstance.py:1277} INFO - Marking task as SUCCESS. dag_id=hw_data_ingestion_gcs_dag, task_id=format_to_parquet_task, execution_date=20220202T132348, start_date=20220202T132358, end_date=20220202T132358
[2022-02-02 13:23:58,760] {local_task_job.py:154} INFO - Task exited with return code 0
[2022-02-02 13:23:58,824] {local_task_job.py:264} INFO - 1 downstream tasks scheduled from follow-on schedule check
