[2022-02-10 15:18:22,923] {taskinstance.py:1032} INFO - Dependencies all met for <TaskInstance: data_2_gcs_dag.gcs_2_gcs_task manual__2022-02-09T17:38:34.887651+00:00 [queued]>
[2022-02-10 15:18:22,943] {taskinstance.py:1032} INFO - Dependencies all met for <TaskInstance: data_2_gcs_dag.gcs_2_gcs_task manual__2022-02-09T17:38:34.887651+00:00 [queued]>
[2022-02-10 15:18:22,944] {taskinstance.py:1238} INFO - 
--------------------------------------------------------------------------------
[2022-02-10 15:18:22,945] {taskinstance.py:1239} INFO - Starting attempt 3 of 2
[2022-02-10 15:18:22,946] {taskinstance.py:1240} INFO - 
--------------------------------------------------------------------------------
[2022-02-10 15:18:22,962] {taskinstance.py:1259} INFO - Executing <Task(GCSToGCSOperator): gcs_2_gcs_task> on 2022-02-09 17:38:34.887651+00:00
[2022-02-10 15:18:22,969] {standard_task_runner.py:52} INFO - Started process 585 to run task
[2022-02-10 15:18:22,979] {standard_task_runner.py:76} INFO - Running: ['***', 'tasks', 'run', 'data_2_gcs_dag', 'gcs_2_gcs_task', 'manual__2022-02-09T17:38:34.887651+00:00', '--job-id', '775', '--raw', '--subdir', 'DAGS_FOLDER/data-2-gcs-dag.py', '--cfg-path', '/tmp/tmpf8253isw', '--error-file', '/tmp/tmpjgl1e50s']
[2022-02-10 15:18:22,982] {standard_task_runner.py:77} INFO - Job 775: Subtask gcs_2_gcs_task
[2022-02-10 15:18:23,061] {logging_mixin.py:109} INFO - Running <TaskInstance: data_2_gcs_dag.gcs_2_gcs_task manual__2022-02-09T17:38:34.887651+00:00 [running]> on host 833dbae3a330
[2022-02-10 15:18:23,129] {taskinstance.py:1426} INFO - Exporting the following env vars:
AIRFLOW_CTX_DAG_OWNER=***
AIRFLOW_CTX_DAG_ID=data_2_gcs_dag
AIRFLOW_CTX_TASK_ID=gcs_2_gcs_task
AIRFLOW_CTX_EXECUTION_DATE=2022-02-09T17:38:34.887651+00:00
AIRFLOW_CTX_DAG_RUN_ID=manual__2022-02-09T17:38:34.887651+00:00
[2022-02-10 15:18:23,133] {crypto.py:82} WARNING - empty cryptography key - values will not be stored encrypted.
[2022-02-10 15:18:23,537] {taskinstance.py:1700} ERROR - Task failed with exception
Traceback (most recent call last):
  File "/home/airflow/.local/lib/python3.7/site-packages/airflow/models/taskinstance.py", line 1329, in _run_raw_task
    self._execute_task_with_callbacks(context)
  File "/home/airflow/.local/lib/python3.7/site-packages/airflow/models/taskinstance.py", line 1455, in _execute_task_with_callbacks
    result = self._execute_task(context, self.task)
  File "/home/airflow/.local/lib/python3.7/site-packages/airflow/models/taskinstance.py", line 1511, in _execute_task
    result = execute_callable(context=context)
  File "/home/airflow/.local/lib/python3.7/site-packages/airflow/providers/google/cloud/transfers/gcs_to_gcs.py", line 277, in execute
    self._copy_source_without_wildcard(hook=hook, prefix=prefix)
  File "/home/airflow/.local/lib/python3.7/site-packages/airflow/providers/google/cloud/transfers/gcs_to_gcs.py", line 324, in _copy_source_without_wildcard
    if hook.exists(self.source_bucket, prefix):
  File "/home/airflow/.local/lib/python3.7/site-packages/airflow/providers/google/cloud/hooks/gcs.py", line 516, in exists
    blob = bucket.blob(blob_name=object_name)
  File "/home/airflow/.local/lib/python3.7/site-packages/google/cloud/storage/bucket.py", line 723, in blob
    generation=generation,
  File "/home/airflow/.local/lib/python3.7/site-packages/google/cloud/storage/blob.py", line 222, in __init__
    name = _bytes_to_unicode(name)
  File "/home/airflow/.local/lib/python3.7/site-packages/google/cloud/_helpers.py", line 389, in _bytes_to_unicode
    raise ValueError("%r could not be converted to unicode" % (value,))
ValueError: ['raw/yellow_tripdata*.parquet'] could not be converted to unicode
[2022-02-10 15:18:23,565] {taskinstance.py:1277} INFO - Marking task as FAILED. dag_id=data_2_gcs_dag, task_id=gcs_2_gcs_task, execution_date=20220209T173834, start_date=20220210T151822, end_date=20220210T151823
[2022-02-10 15:18:23,587] {standard_task_runner.py:92} ERROR - Failed to execute job 775 for task gcs_2_gcs_task
Traceback (most recent call last):
  File "/home/airflow/.local/lib/python3.7/site-packages/airflow/task/task_runner/standard_task_runner.py", line 85, in _start_by_fork
    args.func(args, dag=self.dag)
  File "/home/airflow/.local/lib/python3.7/site-packages/airflow/cli/cli_parser.py", line 48, in command
    return func(*args, **kwargs)
  File "/home/airflow/.local/lib/python3.7/site-packages/airflow/utils/cli.py", line 92, in wrapper
    return f(*args, **kwargs)
  File "/home/airflow/.local/lib/python3.7/site-packages/airflow/cli/commands/task_command.py", line 298, in task_run
    _run_task_by_selected_method(args, dag, ti)
  File "/home/airflow/.local/lib/python3.7/site-packages/airflow/cli/commands/task_command.py", line 107, in _run_task_by_selected_method
    _run_raw_task(args, ti)
  File "/home/airflow/.local/lib/python3.7/site-packages/airflow/cli/commands/task_command.py", line 184, in _run_raw_task
    error_file=args.error_file,
  File "/home/airflow/.local/lib/python3.7/site-packages/airflow/utils/session.py", line 70, in wrapper
    return func(*args, session=session, **kwargs)
  File "/home/airflow/.local/lib/python3.7/site-packages/airflow/models/taskinstance.py", line 1329, in _run_raw_task
    self._execute_task_with_callbacks(context)
  File "/home/airflow/.local/lib/python3.7/site-packages/airflow/models/taskinstance.py", line 1455, in _execute_task_with_callbacks
    result = self._execute_task(context, self.task)
  File "/home/airflow/.local/lib/python3.7/site-packages/airflow/models/taskinstance.py", line 1511, in _execute_task
    result = execute_callable(context=context)
  File "/home/airflow/.local/lib/python3.7/site-packages/airflow/providers/google/cloud/transfers/gcs_to_gcs.py", line 277, in execute
    self._copy_source_without_wildcard(hook=hook, prefix=prefix)
  File "/home/airflow/.local/lib/python3.7/site-packages/airflow/providers/google/cloud/transfers/gcs_to_gcs.py", line 324, in _copy_source_without_wildcard
    if hook.exists(self.source_bucket, prefix):
  File "/home/airflow/.local/lib/python3.7/site-packages/airflow/providers/google/cloud/hooks/gcs.py", line 516, in exists
    blob = bucket.blob(blob_name=object_name)
  File "/home/airflow/.local/lib/python3.7/site-packages/google/cloud/storage/bucket.py", line 723, in blob
    generation=generation,
  File "/home/airflow/.local/lib/python3.7/site-packages/google/cloud/storage/blob.py", line 222, in __init__
    name = _bytes_to_unicode(name)
  File "/home/airflow/.local/lib/python3.7/site-packages/google/cloud/_helpers.py", line 389, in _bytes_to_unicode
    raise ValueError("%r could not be converted to unicode" % (value,))
ValueError: ['raw/yellow_tripdata*.parquet'] could not be converted to unicode
[2022-02-10 15:18:23,632] {local_task_job.py:154} INFO - Task exited with return code 1
[2022-02-10 15:18:23,684] {local_task_job.py:264} INFO - 0 downstream tasks scheduled from follow-on schedule check
