[2022-02-02 19:06:05,551] {taskinstance.py:1032} INFO - Dependencies all met for <TaskInstance: ex_1_data_ingestion_gcs_dag_v3.local_to_gcs_task scheduled__2021-03-01T00:00:00+00:00 [queued]>
[2022-02-02 19:06:05,565] {taskinstance.py:1032} INFO - Dependencies all met for <TaskInstance: ex_1_data_ingestion_gcs_dag_v3.local_to_gcs_task scheduled__2021-03-01T00:00:00+00:00 [queued]>
[2022-02-02 19:06:05,566] {taskinstance.py:1238} INFO - 
--------------------------------------------------------------------------------
[2022-02-02 19:06:05,567] {taskinstance.py:1239} INFO - Starting attempt 1 of 1
[2022-02-02 19:06:05,568] {taskinstance.py:1240} INFO - 
--------------------------------------------------------------------------------
[2022-02-02 19:06:05,580] {taskinstance.py:1259} INFO - Executing <Task(PythonOperator): local_to_gcs_task> on 2021-03-01 00:00:00+00:00
[2022-02-02 19:06:05,586] {standard_task_runner.py:52} INFO - Started process 11478 to run task
[2022-02-02 19:06:05,591] {standard_task_runner.py:76} INFO - Running: ['***', 'tasks', 'run', 'ex_1_data_ingestion_gcs_dag_v3', 'local_to_gcs_task', 'scheduled__2021-03-01T00:00:00+00:00', '--job-id', '382', '--raw', '--subdir', 'DAGS_FOLDER/data_ingestion_hw_1_ex.py', '--cfg-path', '/tmp/tmp_i5uw07e', '--error-file', '/tmp/tmpat8o63z8']
[2022-02-02 19:06:05,594] {standard_task_runner.py:77} INFO - Job 382: Subtask local_to_gcs_task
[2022-02-02 19:06:05,662] {logging_mixin.py:109} INFO - Running <TaskInstance: ex_1_data_ingestion_gcs_dag_v3.local_to_gcs_task scheduled__2021-03-01T00:00:00+00:00 [running]> on host 700aeb16bae0
[2022-02-02 19:06:05,718] {warnings.py:110} WARNING - /home/***/.local/lib/python3.7/site-packages/***/utils/context.py:152: AirflowContextDeprecationWarning: Accessing 'execution_date' from the template is deprecated and will be removed in a future version. Please use 'data_interval_start' or 'logical_date' instead.
  warnings.warn(_create_deprecation_warning(key, self._deprecation_replacements[key]))

[2022-02-02 19:06:05,750] {taskinstance.py:1426} INFO - Exporting the following env vars:
AIRFLOW_CTX_DAG_OWNER=***
AIRFLOW_CTX_DAG_ID=ex_1_data_ingestion_gcs_dag_v3
AIRFLOW_CTX_TASK_ID=local_to_gcs_task
AIRFLOW_CTX_EXECUTION_DATE=2021-03-01T00:00:00+00:00
AIRFLOW_CTX_DAG_RUN_ID=scheduled__2021-03-01T00:00:00+00:00
[2022-02-02 19:06:09,458] {python.py:175} INFO - Done. Returned value was: None
[2022-02-02 19:06:09,477] {taskinstance.py:1277} INFO - Marking task as SUCCESS. dag_id=ex_1_data_ingestion_gcs_dag_v3, task_id=local_to_gcs_task, execution_date=20210301T000000, start_date=20220202T190605, end_date=20220202T190609
[2022-02-02 19:06:09,516] {local_task_job.py:154} INFO - Task exited with return code 0
[2022-02-02 19:06:09,555] {local_task_job.py:264} INFO - 0 downstream tasks scheduled from follow-on schedule check
[2022-02-10 15:41:56,851] {taskinstance.py:1032} INFO - Dependencies all met for <TaskInstance: ex_1_data_ingestion_gcs_dag_v3.local_to_gcs_task scheduled__2021-03-01T00:00:00+00:00 [queued]>
[2022-02-10 15:41:56,875] {taskinstance.py:1032} INFO - Dependencies all met for <TaskInstance: ex_1_data_ingestion_gcs_dag_v3.local_to_gcs_task scheduled__2021-03-01T00:00:00+00:00 [queued]>
[2022-02-10 15:41:56,876] {taskinstance.py:1238} INFO - 
--------------------------------------------------------------------------------
[2022-02-10 15:41:56,886] {taskinstance.py:1239} INFO - Starting attempt 1 of 1
[2022-02-10 15:41:56,887] {taskinstance.py:1240} INFO - 
--------------------------------------------------------------------------------
[2022-02-10 15:41:56,917] {taskinstance.py:1259} INFO - Executing <Task(PythonOperator): local_to_gcs_task> on 2021-03-01 00:00:00+00:00
[2022-02-10 15:41:56,925] {standard_task_runner.py:52} INFO - Started process 1091 to run task
[2022-02-10 15:41:56,939] {standard_task_runner.py:76} INFO - Running: ['***', 'tasks', 'run', 'ex_1_data_ingestion_gcs_dag_v3', 'local_to_gcs_task', 'scheduled__2021-03-01T00:00:00+00:00', '--job-id', '863', '--raw', '--subdir', 'DAGS_FOLDER/data_ingestion_hw_1_ex.py', '--cfg-path', '/tmp/tmpc0l6em5p', '--error-file', '/tmp/tmp8oftys26']
[2022-02-10 15:41:56,959] {standard_task_runner.py:77} INFO - Job 863: Subtask local_to_gcs_task
[2022-02-10 15:41:57,093] {logging_mixin.py:109} INFO - Running <TaskInstance: ex_1_data_ingestion_gcs_dag_v3.local_to_gcs_task scheduled__2021-03-01T00:00:00+00:00 [running]> on host 276a0ad90304
[2022-02-10 15:41:57,162] {warnings.py:110} WARNING - /home/***/.local/lib/python3.7/site-packages/***/utils/context.py:152: AirflowContextDeprecationWarning: Accessing 'execution_date' from the template is deprecated and will be removed in a future version. Please use 'data_interval_start' or 'logical_date' instead.
  warnings.warn(_create_deprecation_warning(key, self._deprecation_replacements[key]))

[2022-02-10 15:41:57,299] {taskinstance.py:1426} INFO - Exporting the following env vars:
AIRFLOW_CTX_DAG_OWNER=***
AIRFLOW_CTX_DAG_ID=ex_1_data_ingestion_gcs_dag_v3
AIRFLOW_CTX_TASK_ID=local_to_gcs_task
AIRFLOW_CTX_EXECUTION_DATE=2021-03-01T00:00:00+00:00
AIRFLOW_CTX_DAG_RUN_ID=scheduled__2021-03-01T00:00:00+00:00
[2022-02-10 15:42:01,522] {python.py:175} INFO - Done. Returned value was: None
[2022-02-10 15:42:01,553] {taskinstance.py:1277} INFO - Marking task as SUCCESS. dag_id=ex_1_data_ingestion_gcs_dag_v3, task_id=local_to_gcs_task, execution_date=20210301T000000, start_date=20220210T154156, end_date=20220210T154201
[2022-02-10 15:42:01,602] {local_task_job.py:154} INFO - Task exited with return code 0
[2022-02-10 15:42:01,669] {local_task_job.py:264} INFO - 0 downstream tasks scheduled from follow-on schedule check
[2022-02-10 16:43:23,483] {taskinstance.py:1032} INFO - Dependencies all met for <TaskInstance: ex_1_data_ingestion_gcs_dag_v3.local_to_gcs_task scheduled__2021-03-01T00:00:00+00:00 [queued]>
[2022-02-10 16:43:23,500] {taskinstance.py:1032} INFO - Dependencies all met for <TaskInstance: ex_1_data_ingestion_gcs_dag_v3.local_to_gcs_task scheduled__2021-03-01T00:00:00+00:00 [queued]>
[2022-02-10 16:43:23,501] {taskinstance.py:1238} INFO - 
--------------------------------------------------------------------------------
[2022-02-10 16:43:23,503] {taskinstance.py:1239} INFO - Starting attempt 1 of 1
[2022-02-10 16:43:23,504] {taskinstance.py:1240} INFO - 
--------------------------------------------------------------------------------
[2022-02-10 16:43:23,518] {taskinstance.py:1259} INFO - Executing <Task(PythonOperator): local_to_gcs_task> on 2021-03-01 00:00:00+00:00
[2022-02-10 16:43:23,526] {standard_task_runner.py:52} INFO - Started process 935 to run task
[2022-02-10 16:43:23,533] {standard_task_runner.py:76} INFO - Running: ['***', 'tasks', 'run', 'ex_1_data_ingestion_gcs_dag_v3', 'local_to_gcs_task', 'scheduled__2021-03-01T00:00:00+00:00', '--job-id', '979', '--raw', '--subdir', 'DAGS_FOLDER/data_ingestion_hw_1_ex.py', '--cfg-path', '/tmp/tmpda27gwor', '--error-file', '/tmp/tmpfar4vch1']
[2022-02-10 16:43:23,536] {standard_task_runner.py:77} INFO - Job 979: Subtask local_to_gcs_task
[2022-02-10 16:43:23,635] {logging_mixin.py:109} INFO - Running <TaskInstance: ex_1_data_ingestion_gcs_dag_v3.local_to_gcs_task scheduled__2021-03-01T00:00:00+00:00 [running]> on host 106a34111faf
[2022-02-10 16:43:23,691] {warnings.py:110} WARNING - /home/***/.local/lib/python3.7/site-packages/***/utils/context.py:152: AirflowContextDeprecationWarning: Accessing 'execution_date' from the template is deprecated and will be removed in a future version. Please use 'data_interval_start' or 'logical_date' instead.
  warnings.warn(_create_deprecation_warning(key, self._deprecation_replacements[key]))

[2022-02-10 16:43:23,721] {taskinstance.py:1426} INFO - Exporting the following env vars:
AIRFLOW_CTX_DAG_OWNER=***
AIRFLOW_CTX_DAG_ID=ex_1_data_ingestion_gcs_dag_v3
AIRFLOW_CTX_TASK_ID=local_to_gcs_task
AIRFLOW_CTX_EXECUTION_DATE=2021-03-01T00:00:00+00:00
AIRFLOW_CTX_DAG_RUN_ID=scheduled__2021-03-01T00:00:00+00:00
[2022-02-10 16:43:38,869] {python.py:175} INFO - Done. Returned value was: None
[2022-02-10 16:43:38,897] {taskinstance.py:1277} INFO - Marking task as SUCCESS. dag_id=ex_1_data_ingestion_gcs_dag_v3, task_id=local_to_gcs_task, execution_date=20210301T000000, start_date=20220210T164323, end_date=20220210T164338
[2022-02-10 16:43:38,954] {local_task_job.py:154} INFO - Task exited with return code 0
[2022-02-10 16:43:39,009] {local_task_job.py:264} INFO - 0 downstream tasks scheduled from follow-on schedule check
