[2022-02-02 19:00:32,906] {taskinstance.py:1032} INFO - Dependencies all met for <TaskInstance: ex_1_data_ingestion_gcs_dag_v3.local_to_gcs_task scheduled__2020-11-01T00:00:00+00:00 [queued]>
[2022-02-02 19:00:32,919] {taskinstance.py:1032} INFO - Dependencies all met for <TaskInstance: ex_1_data_ingestion_gcs_dag_v3.local_to_gcs_task scheduled__2020-11-01T00:00:00+00:00 [queued]>
[2022-02-02 19:00:32,920] {taskinstance.py:1238} INFO - 
--------------------------------------------------------------------------------
[2022-02-02 19:00:32,921] {taskinstance.py:1239} INFO - Starting attempt 1 of 1
[2022-02-02 19:00:32,922] {taskinstance.py:1240} INFO - 
--------------------------------------------------------------------------------
[2022-02-02 19:00:32,940] {taskinstance.py:1259} INFO - Executing <Task(PythonOperator): local_to_gcs_task> on 2020-11-01 00:00:00+00:00
[2022-02-02 19:00:32,952] {standard_task_runner.py:52} INFO - Started process 11149 to run task
[2022-02-02 19:00:32,957] {standard_task_runner.py:76} INFO - Running: ['***', 'tasks', 'run', 'ex_1_data_ingestion_gcs_dag_v3', 'local_to_gcs_task', 'scheduled__2020-11-01T00:00:00+00:00', '--job-id', '370', '--raw', '--subdir', 'DAGS_FOLDER/data_ingestion_hw_1_ex.py', '--cfg-path', '/tmp/tmpe3go53kx', '--error-file', '/tmp/tmp2a11b1nv']
[2022-02-02 19:00:32,959] {standard_task_runner.py:77} INFO - Job 370: Subtask local_to_gcs_task
[2022-02-02 19:00:33,048] {logging_mixin.py:109} INFO - Running <TaskInstance: ex_1_data_ingestion_gcs_dag_v3.local_to_gcs_task scheduled__2020-11-01T00:00:00+00:00 [running]> on host 700aeb16bae0
[2022-02-02 19:00:33,107] {warnings.py:110} WARNING - /home/***/.local/lib/python3.7/site-packages/***/utils/context.py:152: AirflowContextDeprecationWarning: Accessing 'execution_date' from the template is deprecated and will be removed in a future version. Please use 'data_interval_start' or 'logical_date' instead.
  warnings.warn(_create_deprecation_warning(key, self._deprecation_replacements[key]))

[2022-02-02 19:00:33,140] {taskinstance.py:1426} INFO - Exporting the following env vars:
AIRFLOW_CTX_DAG_OWNER=***
AIRFLOW_CTX_DAG_ID=ex_1_data_ingestion_gcs_dag_v3
AIRFLOW_CTX_TASK_ID=local_to_gcs_task
AIRFLOW_CTX_EXECUTION_DATE=2020-11-01T00:00:00+00:00
AIRFLOW_CTX_DAG_RUN_ID=scheduled__2020-11-01T00:00:00+00:00
[2022-02-02 19:00:36,459] {python.py:175} INFO - Done. Returned value was: None
[2022-02-02 19:00:36,480] {taskinstance.py:1277} INFO - Marking task as SUCCESS. dag_id=ex_1_data_ingestion_gcs_dag_v3, task_id=local_to_gcs_task, execution_date=20201101T000000, start_date=20220202T190032, end_date=20220202T190036
[2022-02-02 19:00:36,558] {local_task_job.py:154} INFO - Task exited with return code 0
[2022-02-02 19:00:36,602] {local_task_job.py:264} INFO - 0 downstream tasks scheduled from follow-on schedule check
[2022-02-10 13:32:01,850] {taskinstance.py:1032} INFO - Dependencies all met for <TaskInstance: ex_1_data_ingestion_gcs_dag_v3.local_to_gcs_task scheduled__2020-11-01T00:00:00+00:00 [queued]>
[2022-02-10 13:32:01,887] {taskinstance.py:1032} INFO - Dependencies all met for <TaskInstance: ex_1_data_ingestion_gcs_dag_v3.local_to_gcs_task scheduled__2020-11-01T00:00:00+00:00 [queued]>
[2022-02-10 13:32:01,890] {taskinstance.py:1238} INFO - 
--------------------------------------------------------------------------------
[2022-02-10 13:32:01,892] {taskinstance.py:1239} INFO - Starting attempt 1 of 1
[2022-02-10 13:32:01,895] {taskinstance.py:1240} INFO - 
--------------------------------------------------------------------------------
[2022-02-10 13:32:01,934] {taskinstance.py:1259} INFO - Executing <Task(PythonOperator): local_to_gcs_task> on 2020-11-01 00:00:00+00:00
[2022-02-10 13:32:01,948] {standard_task_runner.py:52} INFO - Started process 3029 to run task
[2022-02-10 13:32:01,960] {standard_task_runner.py:76} INFO - Running: ['***', 'tasks', 'run', 'ex_1_data_ingestion_gcs_dag_v3', 'local_to_gcs_task', 'scheduled__2020-11-01T00:00:00+00:00', '--job-id', '728', '--raw', '--subdir', 'DAGS_FOLDER/data_ingestion_hw_1_ex.py', '--cfg-path', '/tmp/tmpi78y_8dy', '--error-file', '/tmp/tmpa8bci39i']
[2022-02-10 13:32:01,965] {standard_task_runner.py:77} INFO - Job 728: Subtask local_to_gcs_task
[2022-02-10 13:32:02,137] {logging_mixin.py:109} INFO - Running <TaskInstance: ex_1_data_ingestion_gcs_dag_v3.local_to_gcs_task scheduled__2020-11-01T00:00:00+00:00 [running]> on host e30f201fae61
[2022-02-10 13:32:02,238] {warnings.py:110} WARNING - /home/***/.local/lib/python3.7/site-packages/***/utils/context.py:152: AirflowContextDeprecationWarning: Accessing 'execution_date' from the template is deprecated and will be removed in a future version. Please use 'data_interval_start' or 'logical_date' instead.
  warnings.warn(_create_deprecation_warning(key, self._deprecation_replacements[key]))

[2022-02-10 13:32:02,299] {taskinstance.py:1426} INFO - Exporting the following env vars:
AIRFLOW_CTX_DAG_OWNER=***
AIRFLOW_CTX_DAG_ID=ex_1_data_ingestion_gcs_dag_v3
AIRFLOW_CTX_TASK_ID=local_to_gcs_task
AIRFLOW_CTX_EXECUTION_DATE=2020-11-01T00:00:00+00:00
AIRFLOW_CTX_DAG_RUN_ID=scheduled__2020-11-01T00:00:00+00:00
[2022-02-10 13:32:06,411] {python.py:175} INFO - Done. Returned value was: None
[2022-02-10 13:32:06,444] {taskinstance.py:1277} INFO - Marking task as SUCCESS. dag_id=ex_1_data_ingestion_gcs_dag_v3, task_id=local_to_gcs_task, execution_date=20201101T000000, start_date=20220210T133201, end_date=20220210T133206
[2022-02-10 13:32:06,550] {local_task_job.py:154} INFO - Task exited with return code 0
[2022-02-10 13:32:06,646] {local_task_job.py:264} INFO - 0 downstream tasks scheduled from follow-on schedule check
[2022-02-10 15:41:03,096] {taskinstance.py:1032} INFO - Dependencies all met for <TaskInstance: ex_1_data_ingestion_gcs_dag_v3.local_to_gcs_task scheduled__2020-11-01T00:00:00+00:00 [queued]>
[2022-02-10 15:41:03,110] {taskinstance.py:1032} INFO - Dependencies all met for <TaskInstance: ex_1_data_ingestion_gcs_dag_v3.local_to_gcs_task scheduled__2020-11-01T00:00:00+00:00 [queued]>
[2022-02-10 15:41:03,111] {taskinstance.py:1238} INFO - 
--------------------------------------------------------------------------------
[2022-02-10 15:41:03,112] {taskinstance.py:1239} INFO - Starting attempt 1 of 1
[2022-02-10 15:41:03,113] {taskinstance.py:1240} INFO - 
--------------------------------------------------------------------------------
[2022-02-10 15:41:03,128] {taskinstance.py:1259} INFO - Executing <Task(PythonOperator): local_to_gcs_task> on 2020-11-01 00:00:00+00:00
[2022-02-10 15:41:03,136] {standard_task_runner.py:52} INFO - Started process 973 to run task
[2022-02-10 15:41:03,141] {standard_task_runner.py:76} INFO - Running: ['***', 'tasks', 'run', 'ex_1_data_ingestion_gcs_dag_v3', 'local_to_gcs_task', 'scheduled__2020-11-01T00:00:00+00:00', '--job-id', '849', '--raw', '--subdir', 'DAGS_FOLDER/data_ingestion_hw_1_ex.py', '--cfg-path', '/tmp/tmpma05cbgf', '--error-file', '/tmp/tmp2vmu42tt']
[2022-02-10 15:41:03,143] {standard_task_runner.py:77} INFO - Job 849: Subtask local_to_gcs_task
[2022-02-10 15:41:03,231] {logging_mixin.py:109} INFO - Running <TaskInstance: ex_1_data_ingestion_gcs_dag_v3.local_to_gcs_task scheduled__2020-11-01T00:00:00+00:00 [running]> on host 276a0ad90304
[2022-02-10 15:41:03,293] {warnings.py:110} WARNING - /home/***/.local/lib/python3.7/site-packages/***/utils/context.py:152: AirflowContextDeprecationWarning: Accessing 'execution_date' from the template is deprecated and will be removed in a future version. Please use 'data_interval_start' or 'logical_date' instead.
  warnings.warn(_create_deprecation_warning(key, self._deprecation_replacements[key]))

[2022-02-10 15:41:03,322] {taskinstance.py:1426} INFO - Exporting the following env vars:
AIRFLOW_CTX_DAG_OWNER=***
AIRFLOW_CTX_DAG_ID=ex_1_data_ingestion_gcs_dag_v3
AIRFLOW_CTX_TASK_ID=local_to_gcs_task
AIRFLOW_CTX_EXECUTION_DATE=2020-11-01T00:00:00+00:00
AIRFLOW_CTX_DAG_RUN_ID=scheduled__2020-11-01T00:00:00+00:00
[2022-02-10 15:41:06,634] {python.py:175} INFO - Done. Returned value was: None
[2022-02-10 15:41:06,654] {taskinstance.py:1277} INFO - Marking task as SUCCESS. dag_id=ex_1_data_ingestion_gcs_dag_v3, task_id=local_to_gcs_task, execution_date=20201101T000000, start_date=20220210T154103, end_date=20220210T154106
[2022-02-10 15:41:06,729] {local_task_job.py:154} INFO - Task exited with return code 0
[2022-02-10 15:41:06,799] {local_task_job.py:264} INFO - 0 downstream tasks scheduled from follow-on schedule check
[2022-02-10 16:42:40,079] {taskinstance.py:1032} INFO - Dependencies all met for <TaskInstance: ex_1_data_ingestion_gcs_dag_v3.local_to_gcs_task scheduled__2020-11-01T00:00:00+00:00 [queued]>
[2022-02-10 16:42:40,094] {taskinstance.py:1032} INFO - Dependencies all met for <TaskInstance: ex_1_data_ingestion_gcs_dag_v3.local_to_gcs_task scheduled__2020-11-01T00:00:00+00:00 [queued]>
[2022-02-10 16:42:40,095] {taskinstance.py:1238} INFO - 
--------------------------------------------------------------------------------
[2022-02-10 16:42:40,097] {taskinstance.py:1239} INFO - Starting attempt 1 of 1
[2022-02-10 16:42:40,097] {taskinstance.py:1240} INFO - 
--------------------------------------------------------------------------------
[2022-02-10 16:42:40,111] {taskinstance.py:1259} INFO - Executing <Task(PythonOperator): local_to_gcs_task> on 2020-11-01 00:00:00+00:00
[2022-02-10 16:42:40,118] {standard_task_runner.py:52} INFO - Started process 865 to run task
[2022-02-10 16:42:40,123] {standard_task_runner.py:76} INFO - Running: ['***', 'tasks', 'run', 'ex_1_data_ingestion_gcs_dag_v3', 'local_to_gcs_task', 'scheduled__2020-11-01T00:00:00+00:00', '--job-id', '971', '--raw', '--subdir', 'DAGS_FOLDER/data_ingestion_hw_1_ex.py', '--cfg-path', '/tmp/tmphv63uf35', '--error-file', '/tmp/tmp_j1et6r0']
[2022-02-10 16:42:40,125] {standard_task_runner.py:77} INFO - Job 971: Subtask local_to_gcs_task
[2022-02-10 16:42:40,201] {logging_mixin.py:109} INFO - Running <TaskInstance: ex_1_data_ingestion_gcs_dag_v3.local_to_gcs_task scheduled__2020-11-01T00:00:00+00:00 [running]> on host 106a34111faf
[2022-02-10 16:42:40,246] {warnings.py:110} WARNING - /home/***/.local/lib/python3.7/site-packages/***/utils/context.py:152: AirflowContextDeprecationWarning: Accessing 'execution_date' from the template is deprecated and will be removed in a future version. Please use 'data_interval_start' or 'logical_date' instead.
  warnings.warn(_create_deprecation_warning(key, self._deprecation_replacements[key]))

[2022-02-10 16:42:40,275] {taskinstance.py:1426} INFO - Exporting the following env vars:
AIRFLOW_CTX_DAG_OWNER=***
AIRFLOW_CTX_DAG_ID=ex_1_data_ingestion_gcs_dag_v3
AIRFLOW_CTX_TASK_ID=local_to_gcs_task
AIRFLOW_CTX_EXECUTION_DATE=2020-11-01T00:00:00+00:00
AIRFLOW_CTX_DAG_RUN_ID=scheduled__2020-11-01T00:00:00+00:00
[2022-02-10 16:42:56,701] {python.py:175} INFO - Done. Returned value was: None
[2022-02-10 16:42:56,728] {taskinstance.py:1277} INFO - Marking task as SUCCESS. dag_id=ex_1_data_ingestion_gcs_dag_v3, task_id=local_to_gcs_task, execution_date=20201101T000000, start_date=20220210T164240, end_date=20220210T164256
[2022-02-10 16:42:56,801] {local_task_job.py:154} INFO - Task exited with return code 0
[2022-02-10 16:42:56,927] {local_task_job.py:264} INFO - 0 downstream tasks scheduled from follow-on schedule check
