[2022-02-18 12:29:42,490] {processor.py:163} INFO - Started process (PID=37) to work on /opt/airflow/dags/fhv_data_2_gcs_dag.py
[2022-02-18 12:29:42,492] {processor.py:642} INFO - Processing file /opt/airflow/dags/fhv_data_2_gcs_dag.py for tasks to queue
[2022-02-18 12:29:42,502] {logging_mixin.py:109} INFO - [2022-02-18 12:29:42,502] {dagbag.py:500} INFO - Filling up the DagBag from /opt/airflow/dags/fhv_data_2_gcs_dag.py
[2022-02-18 12:29:44,123] {processor.py:654} INFO - DAG(s) dict_keys(['fhv_data_2_gcs_dag']) retrieved from /opt/airflow/dags/fhv_data_2_gcs_dag.py
[2022-02-18 12:29:44,590] {logging_mixin.py:109} INFO - [2022-02-18 12:29:44,589] {dag.py:2396} INFO - Sync 1 DAGs
[2022-02-18 12:29:44,660] {processor.py:171} INFO - Processing /opt/airflow/dags/fhv_data_2_gcs_dag.py took 2.181 seconds
[2022-02-18 12:30:15,314] {processor.py:163} INFO - Started process (PID=66) to work on /opt/airflow/dags/fhv_data_2_gcs_dag.py
[2022-02-18 12:30:15,321] {processor.py:642} INFO - Processing file /opt/airflow/dags/fhv_data_2_gcs_dag.py for tasks to queue
[2022-02-18 12:30:15,326] {logging_mixin.py:109} INFO - [2022-02-18 12:30:15,325] {dagbag.py:500} INFO - Filling up the DagBag from /opt/airflow/dags/fhv_data_2_gcs_dag.py
[2022-02-18 12:30:17,108] {processor.py:654} INFO - DAG(s) dict_keys(['fhv_data_2_gcs_dag']) retrieved from /opt/airflow/dags/fhv_data_2_gcs_dag.py
[2022-02-18 12:30:17,221] {logging_mixin.py:109} INFO - [2022-02-18 12:30:17,220] {dag.py:2396} INFO - Sync 1 DAGs
[2022-02-18 12:30:17,340] {processor.py:171} INFO - Processing /opt/airflow/dags/fhv_data_2_gcs_dag.py took 2.051 seconds
[2022-02-18 12:30:47,920] {processor.py:163} INFO - Started process (PID=95) to work on /opt/airflow/dags/fhv_data_2_gcs_dag.py
[2022-02-18 12:30:47,924] {processor.py:642} INFO - Processing file /opt/airflow/dags/fhv_data_2_gcs_dag.py for tasks to queue
[2022-02-18 12:30:47,928] {logging_mixin.py:109} INFO - [2022-02-18 12:30:47,927] {dagbag.py:500} INFO - Filling up the DagBag from /opt/airflow/dags/fhv_data_2_gcs_dag.py
[2022-02-18 12:30:49,186] {processor.py:654} INFO - DAG(s) dict_keys(['fhv_data_2_gcs_dag']) retrieved from /opt/airflow/dags/fhv_data_2_gcs_dag.py
[2022-02-18 12:30:49,205] {logging_mixin.py:109} INFO - [2022-02-18 12:30:49,204] {dag.py:2396} INFO - Sync 1 DAGs
[2022-02-18 12:30:49,229] {logging_mixin.py:109} INFO - [2022-02-18 12:30:49,229] {dag.py:2935} INFO - Setting next_dagrun for fhv_data_2_gcs_dag to 2022-02-17 00:00:00+00:00
[2022-02-18 12:30:49,242] {processor.py:171} INFO - Processing /opt/airflow/dags/fhv_data_2_gcs_dag.py took 1.329 seconds
[2022-02-18 12:31:19,336] {processor.py:163} INFO - Started process (PID=126) to work on /opt/airflow/dags/fhv_data_2_gcs_dag.py
[2022-02-18 12:31:19,339] {processor.py:642} INFO - Processing file /opt/airflow/dags/fhv_data_2_gcs_dag.py for tasks to queue
[2022-02-18 12:31:19,340] {logging_mixin.py:109} INFO - [2022-02-18 12:31:19,340] {dagbag.py:500} INFO - Filling up the DagBag from /opt/airflow/dags/fhv_data_2_gcs_dag.py
[2022-02-18 12:31:20,245] {processor.py:654} INFO - DAG(s) dict_keys(['fhv_data_2_gcs_dag']) retrieved from /opt/airflow/dags/fhv_data_2_gcs_dag.py
[2022-02-18 12:31:20,257] {logging_mixin.py:109} INFO - [2022-02-18 12:31:20,257] {dag.py:2396} INFO - Sync 1 DAGs
[2022-02-18 12:31:20,290] {processor.py:171} INFO - Processing /opt/airflow/dags/fhv_data_2_gcs_dag.py took 0.958 seconds
[2022-02-18 12:31:50,488] {processor.py:163} INFO - Started process (PID=167) to work on /opt/airflow/dags/fhv_data_2_gcs_dag.py
[2022-02-18 12:31:50,491] {processor.py:642} INFO - Processing file /opt/airflow/dags/fhv_data_2_gcs_dag.py for tasks to queue
[2022-02-18 12:31:50,492] {logging_mixin.py:109} INFO - [2022-02-18 12:31:50,492] {dagbag.py:500} INFO - Filling up the DagBag from /opt/airflow/dags/fhv_data_2_gcs_dag.py
[2022-02-18 12:31:51,388] {processor.py:654} INFO - DAG(s) dict_keys(['fhv_data_2_gcs_dag']) retrieved from /opt/airflow/dags/fhv_data_2_gcs_dag.py
[2022-02-18 12:31:51,400] {logging_mixin.py:109} INFO - [2022-02-18 12:31:51,400] {dag.py:2396} INFO - Sync 1 DAGs
[2022-02-18 12:31:51,420] {logging_mixin.py:109} INFO - [2022-02-18 12:31:51,419] {dag.py:2935} INFO - Setting next_dagrun for fhv_data_2_gcs_dag to 2022-02-18T00:00:00+00:00
[2022-02-18 12:31:51,439] {processor.py:171} INFO - Processing /opt/airflow/dags/fhv_data_2_gcs_dag.py took 0.957 seconds
[2022-02-18 12:32:21,597] {processor.py:163} INFO - Started process (PID=198) to work on /opt/airflow/dags/fhv_data_2_gcs_dag.py
[2022-02-18 12:32:21,603] {processor.py:642} INFO - Processing file /opt/airflow/dags/fhv_data_2_gcs_dag.py for tasks to queue
[2022-02-18 12:32:21,606] {logging_mixin.py:109} INFO - [2022-02-18 12:32:21,606] {dagbag.py:500} INFO - Filling up the DagBag from /opt/airflow/dags/fhv_data_2_gcs_dag.py
[2022-02-18 12:32:23,233] {processor.py:654} INFO - DAG(s) dict_keys(['fhv_data_2_gcs_dag']) retrieved from /opt/airflow/dags/fhv_data_2_gcs_dag.py
[2022-02-18 12:32:23,248] {logging_mixin.py:109} INFO - [2022-02-18 12:32:23,248] {dag.py:2396} INFO - Sync 1 DAGs
[2022-02-18 12:32:23,275] {logging_mixin.py:109} INFO - [2022-02-18 12:32:23,275] {dag.py:2935} INFO - Setting next_dagrun for fhv_data_2_gcs_dag to 2022-02-18T00:00:00+00:00
[2022-02-18 12:32:23,289] {processor.py:171} INFO - Processing /opt/airflow/dags/fhv_data_2_gcs_dag.py took 1.710 seconds
[2022-02-18 12:32:53,502] {processor.py:163} INFO - Started process (PID=227) to work on /opt/airflow/dags/fhv_data_2_gcs_dag.py
[2022-02-18 12:32:53,513] {processor.py:642} INFO - Processing file /opt/airflow/dags/fhv_data_2_gcs_dag.py for tasks to queue
[2022-02-18 12:32:53,607] {logging_mixin.py:109} INFO - [2022-02-18 12:32:53,587] {dagbag.py:500} INFO - Filling up the DagBag from /opt/airflow/dags/fhv_data_2_gcs_dag.py
[2022-02-18 12:32:56,617] {processor.py:654} INFO - DAG(s) dict_keys(['fhv_data_2_gcs_dag']) retrieved from /opt/airflow/dags/fhv_data_2_gcs_dag.py
[2022-02-18 12:32:56,643] {logging_mixin.py:109} INFO - [2022-02-18 12:32:56,642] {dag.py:2396} INFO - Sync 1 DAGs
[2022-02-18 12:32:56,689] {logging_mixin.py:109} INFO - [2022-02-18 12:32:56,689] {dag.py:2935} INFO - Setting next_dagrun for fhv_data_2_gcs_dag to 2022-02-18T00:00:00+00:00
[2022-02-18 12:32:56,715] {processor.py:171} INFO - Processing /opt/airflow/dags/fhv_data_2_gcs_dag.py took 3.228 seconds
[2022-02-18 12:33:27,084] {processor.py:163} INFO - Started process (PID=258) to work on /opt/airflow/dags/fhv_data_2_gcs_dag.py
[2022-02-18 12:33:27,086] {processor.py:642} INFO - Processing file /opt/airflow/dags/fhv_data_2_gcs_dag.py for tasks to queue
[2022-02-18 12:33:27,088] {logging_mixin.py:109} INFO - [2022-02-18 12:33:27,088] {dagbag.py:500} INFO - Filling up the DagBag from /opt/airflow/dags/fhv_data_2_gcs_dag.py
[2022-02-18 12:33:27,813] {processor.py:654} INFO - DAG(s) dict_keys(['fhv_data_2_gcs_dag']) retrieved from /opt/airflow/dags/fhv_data_2_gcs_dag.py
[2022-02-18 12:33:27,822] {logging_mixin.py:109} INFO - [2022-02-18 12:33:27,822] {dag.py:2396} INFO - Sync 1 DAGs
[2022-02-18 12:33:27,841] {logging_mixin.py:109} INFO - [2022-02-18 12:33:27,841] {dag.py:2935} INFO - Setting next_dagrun for fhv_data_2_gcs_dag to 2022-02-18T00:00:00+00:00
[2022-02-18 12:33:27,851] {processor.py:171} INFO - Processing /opt/airflow/dags/fhv_data_2_gcs_dag.py took 0.772 seconds
[2022-02-18 12:33:58,005] {processor.py:163} INFO - Started process (PID=299) to work on /opt/airflow/dags/fhv_data_2_gcs_dag.py
[2022-02-18 12:33:58,007] {processor.py:642} INFO - Processing file /opt/airflow/dags/fhv_data_2_gcs_dag.py for tasks to queue
[2022-02-18 12:33:58,011] {logging_mixin.py:109} INFO - [2022-02-18 12:33:58,010] {dagbag.py:500} INFO - Filling up the DagBag from /opt/airflow/dags/fhv_data_2_gcs_dag.py
[2022-02-18 12:33:58,903] {processor.py:654} INFO - DAG(s) dict_keys(['fhv_data_2_gcs_dag']) retrieved from /opt/airflow/dags/fhv_data_2_gcs_dag.py
[2022-02-18 12:33:58,914] {logging_mixin.py:109} INFO - [2022-02-18 12:33:58,914] {dag.py:2396} INFO - Sync 1 DAGs
[2022-02-18 12:33:58,933] {logging_mixin.py:109} INFO - [2022-02-18 12:33:58,933] {dag.py:2935} INFO - Setting next_dagrun for fhv_data_2_gcs_dag to 2022-02-18T00:00:00+00:00
[2022-02-18 12:33:58,943] {processor.py:171} INFO - Processing /opt/airflow/dags/fhv_data_2_gcs_dag.py took 0.943 seconds
[2022-02-18 12:34:29,137] {processor.py:163} INFO - Started process (PID=330) to work on /opt/airflow/dags/fhv_data_2_gcs_dag.py
[2022-02-18 12:34:29,140] {processor.py:642} INFO - Processing file /opt/airflow/dags/fhv_data_2_gcs_dag.py for tasks to queue
[2022-02-18 12:34:29,142] {logging_mixin.py:109} INFO - [2022-02-18 12:34:29,142] {dagbag.py:500} INFO - Filling up the DagBag from /opt/airflow/dags/fhv_data_2_gcs_dag.py
[2022-02-18 12:34:30,039] {processor.py:654} INFO - DAG(s) dict_keys(['fhv_data_2_gcs_dag']) retrieved from /opt/airflow/dags/fhv_data_2_gcs_dag.py
[2022-02-18 12:34:30,072] {logging_mixin.py:109} INFO - [2022-02-18 12:34:30,072] {dag.py:2396} INFO - Sync 1 DAGs
[2022-02-18 12:34:30,110] {logging_mixin.py:109} INFO - [2022-02-18 12:34:30,110] {dag.py:2935} INFO - Setting next_dagrun for fhv_data_2_gcs_dag to 2022-02-18T00:00:00+00:00
[2022-02-18 12:34:30,126] {processor.py:171} INFO - Processing /opt/airflow/dags/fhv_data_2_gcs_dag.py took 0.994 seconds
[2022-02-18 12:35:00,311] {processor.py:163} INFO - Started process (PID=370) to work on /opt/airflow/dags/fhv_data_2_gcs_dag.py
[2022-02-18 12:35:00,313] {processor.py:642} INFO - Processing file /opt/airflow/dags/fhv_data_2_gcs_dag.py for tasks to queue
[2022-02-18 12:35:00,316] {logging_mixin.py:109} INFO - [2022-02-18 12:35:00,315] {dagbag.py:500} INFO - Filling up the DagBag from /opt/airflow/dags/fhv_data_2_gcs_dag.py
[2022-02-18 12:35:01,053] {processor.py:654} INFO - DAG(s) dict_keys(['fhv_data_2_gcs_dag']) retrieved from /opt/airflow/dags/fhv_data_2_gcs_dag.py
[2022-02-18 12:35:01,065] {logging_mixin.py:109} INFO - [2022-02-18 12:35:01,064] {dag.py:2396} INFO - Sync 1 DAGs
[2022-02-18 12:35:01,086] {logging_mixin.py:109} INFO - [2022-02-18 12:35:01,086] {dag.py:2935} INFO - Setting next_dagrun for fhv_data_2_gcs_dag to 2022-02-18T00:00:00+00:00
[2022-02-18 12:35:01,102] {processor.py:171} INFO - Processing /opt/airflow/dags/fhv_data_2_gcs_dag.py took 0.798 seconds
[2022-02-18 12:35:31,238] {processor.py:163} INFO - Started process (PID=399) to work on /opt/airflow/dags/fhv_data_2_gcs_dag.py
[2022-02-18 12:35:31,241] {processor.py:642} INFO - Processing file /opt/airflow/dags/fhv_data_2_gcs_dag.py for tasks to queue
[2022-02-18 12:35:31,242] {logging_mixin.py:109} INFO - [2022-02-18 12:35:31,242] {dagbag.py:500} INFO - Filling up the DagBag from /opt/airflow/dags/fhv_data_2_gcs_dag.py
[2022-02-18 12:35:32,081] {processor.py:654} INFO - DAG(s) dict_keys(['fhv_data_2_gcs_dag']) retrieved from /opt/airflow/dags/fhv_data_2_gcs_dag.py
[2022-02-18 12:35:32,095] {logging_mixin.py:109} INFO - [2022-02-18 12:35:32,095] {dag.py:2396} INFO - Sync 1 DAGs
[2022-02-18 12:35:32,113] {logging_mixin.py:109} INFO - [2022-02-18 12:35:32,113] {dag.py:2935} INFO - Setting next_dagrun for fhv_data_2_gcs_dag to 2022-02-18T00:00:00+00:00
[2022-02-18 12:35:32,150] {processor.py:171} INFO - Processing /opt/airflow/dags/fhv_data_2_gcs_dag.py took 0.918 seconds
[2022-02-18 12:36:02,302] {processor.py:163} INFO - Started process (PID=441) to work on /opt/airflow/dags/fhv_data_2_gcs_dag.py
[2022-02-18 12:36:02,305] {processor.py:642} INFO - Processing file /opt/airflow/dags/fhv_data_2_gcs_dag.py for tasks to queue
[2022-02-18 12:36:02,307] {logging_mixin.py:109} INFO - [2022-02-18 12:36:02,307] {dagbag.py:500} INFO - Filling up the DagBag from /opt/airflow/dags/fhv_data_2_gcs_dag.py
[2022-02-18 12:36:03,056] {processor.py:654} INFO - DAG(s) dict_keys(['fhv_data_2_gcs_dag']) retrieved from /opt/airflow/dags/fhv_data_2_gcs_dag.py
[2022-02-18 12:36:03,068] {logging_mixin.py:109} INFO - [2022-02-18 12:36:03,067] {dag.py:2396} INFO - Sync 1 DAGs
[2022-02-18 12:36:03,089] {logging_mixin.py:109} INFO - [2022-02-18 12:36:03,089] {dag.py:2935} INFO - Setting next_dagrun for fhv_data_2_gcs_dag to 2022-02-18T00:00:00+00:00
[2022-02-18 12:36:03,100] {processor.py:171} INFO - Processing /opt/airflow/dags/fhv_data_2_gcs_dag.py took 0.808 seconds
[2022-02-18 12:36:33,255] {processor.py:163} INFO - Started process (PID=469) to work on /opt/airflow/dags/fhv_data_2_gcs_dag.py
[2022-02-18 12:36:33,258] {processor.py:642} INFO - Processing file /opt/airflow/dags/fhv_data_2_gcs_dag.py for tasks to queue
[2022-02-18 12:36:33,260] {logging_mixin.py:109} INFO - [2022-02-18 12:36:33,259] {dagbag.py:500} INFO - Filling up the DagBag from /opt/airflow/dags/fhv_data_2_gcs_dag.py
[2022-02-18 12:36:34,046] {processor.py:654} INFO - DAG(s) dict_keys(['fhv_data_2_gcs_dag']) retrieved from /opt/airflow/dags/fhv_data_2_gcs_dag.py
[2022-02-18 12:36:34,058] {logging_mixin.py:109} INFO - [2022-02-18 12:36:34,057] {dag.py:2396} INFO - Sync 1 DAGs
[2022-02-18 12:36:34,074] {logging_mixin.py:109} INFO - [2022-02-18 12:36:34,074] {dag.py:2935} INFO - Setting next_dagrun for fhv_data_2_gcs_dag to 2022-02-18T00:00:00+00:00
[2022-02-18 12:36:34,088] {processor.py:171} INFO - Processing /opt/airflow/dags/fhv_data_2_gcs_dag.py took 0.847 seconds
[2022-02-18 12:37:04,190] {processor.py:163} INFO - Started process (PID=508) to work on /opt/airflow/dags/fhv_data_2_gcs_dag.py
[2022-02-18 12:37:04,200] {processor.py:642} INFO - Processing file /opt/airflow/dags/fhv_data_2_gcs_dag.py for tasks to queue
[2022-02-18 12:37:04,207] {logging_mixin.py:109} INFO - [2022-02-18 12:37:04,206] {dagbag.py:500} INFO - Filling up the DagBag from /opt/airflow/dags/fhv_data_2_gcs_dag.py
[2022-02-18 12:37:04,964] {processor.py:654} INFO - DAG(s) dict_keys(['fhv_data_2_gcs_dag']) retrieved from /opt/airflow/dags/fhv_data_2_gcs_dag.py
[2022-02-18 12:37:04,973] {logging_mixin.py:109} INFO - [2022-02-18 12:37:04,973] {dag.py:2396} INFO - Sync 1 DAGs
[2022-02-18 12:37:04,991] {logging_mixin.py:109} INFO - [2022-02-18 12:37:04,991] {dag.py:2935} INFO - Setting next_dagrun for fhv_data_2_gcs_dag to 2022-02-18T00:00:00+00:00
[2022-02-18 12:37:05,001] {processor.py:171} INFO - Processing /opt/airflow/dags/fhv_data_2_gcs_dag.py took 0.817 seconds
[2022-02-18 12:37:35,189] {processor.py:163} INFO - Started process (PID=536) to work on /opt/airflow/dags/fhv_data_2_gcs_dag.py
[2022-02-18 12:37:35,193] {processor.py:642} INFO - Processing file /opt/airflow/dags/fhv_data_2_gcs_dag.py for tasks to queue
[2022-02-18 12:37:35,195] {logging_mixin.py:109} INFO - [2022-02-18 12:37:35,195] {dagbag.py:500} INFO - Filling up the DagBag from /opt/airflow/dags/fhv_data_2_gcs_dag.py
[2022-02-18 12:37:36,038] {processor.py:654} INFO - DAG(s) dict_keys(['fhv_data_2_gcs_dag']) retrieved from /opt/airflow/dags/fhv_data_2_gcs_dag.py
[2022-02-18 12:37:36,050] {logging_mixin.py:109} INFO - [2022-02-18 12:37:36,049] {dag.py:2396} INFO - Sync 1 DAGs
[2022-02-18 12:37:36,071] {logging_mixin.py:109} INFO - [2022-02-18 12:37:36,071] {dag.py:2935} INFO - Setting next_dagrun for fhv_data_2_gcs_dag to 2022-02-18T00:00:00+00:00
[2022-02-18 12:37:36,082] {processor.py:171} INFO - Processing /opt/airflow/dags/fhv_data_2_gcs_dag.py took 0.897 seconds
[2022-02-18 12:38:06,218] {processor.py:163} INFO - Started process (PID=576) to work on /opt/airflow/dags/fhv_data_2_gcs_dag.py
[2022-02-18 12:38:06,222] {processor.py:642} INFO - Processing file /opt/airflow/dags/fhv_data_2_gcs_dag.py for tasks to queue
[2022-02-18 12:38:06,223] {logging_mixin.py:109} INFO - [2022-02-18 12:38:06,223] {dagbag.py:500} INFO - Filling up the DagBag from /opt/airflow/dags/fhv_data_2_gcs_dag.py
[2022-02-18 12:38:07,088] {processor.py:654} INFO - DAG(s) dict_keys(['fhv_data_2_gcs_dag']) retrieved from /opt/airflow/dags/fhv_data_2_gcs_dag.py
[2022-02-18 12:38:07,103] {logging_mixin.py:109} INFO - [2022-02-18 12:38:07,103] {dag.py:2396} INFO - Sync 1 DAGs
[2022-02-18 12:38:07,124] {logging_mixin.py:109} INFO - [2022-02-18 12:38:07,124] {dag.py:2935} INFO - Setting next_dagrun for fhv_data_2_gcs_dag to 2022-02-18T00:00:00+00:00
[2022-02-18 12:38:07,136] {processor.py:171} INFO - Processing /opt/airflow/dags/fhv_data_2_gcs_dag.py took 0.922 seconds
[2022-02-18 12:38:37,292] {processor.py:163} INFO - Started process (PID=605) to work on /opt/airflow/dags/fhv_data_2_gcs_dag.py
[2022-02-18 12:38:37,298] {processor.py:642} INFO - Processing file /opt/airflow/dags/fhv_data_2_gcs_dag.py for tasks to queue
[2022-02-18 12:38:37,300] {logging_mixin.py:109} INFO - [2022-02-18 12:38:37,300] {dagbag.py:500} INFO - Filling up the DagBag from /opt/airflow/dags/fhv_data_2_gcs_dag.py
[2022-02-18 12:38:38,361] {processor.py:654} INFO - DAG(s) dict_keys(['fhv_data_2_gcs_dag']) retrieved from /opt/airflow/dags/fhv_data_2_gcs_dag.py
[2022-02-18 12:38:38,384] {logging_mixin.py:109} INFO - [2022-02-18 12:38:38,384] {dag.py:2396} INFO - Sync 1 DAGs
[2022-02-18 12:38:38,423] {logging_mixin.py:109} INFO - [2022-02-18 12:38:38,423] {dag.py:2935} INFO - Setting next_dagrun for fhv_data_2_gcs_dag to 2022-02-18T00:00:00+00:00
[2022-02-18 12:38:38,441] {processor.py:171} INFO - Processing /opt/airflow/dags/fhv_data_2_gcs_dag.py took 1.154 seconds
[2022-02-18 12:39:08,619] {processor.py:163} INFO - Started process (PID=646) to work on /opt/airflow/dags/fhv_data_2_gcs_dag.py
[2022-02-18 12:39:08,622] {processor.py:642} INFO - Processing file /opt/airflow/dags/fhv_data_2_gcs_dag.py for tasks to queue
[2022-02-18 12:39:08,624] {logging_mixin.py:109} INFO - [2022-02-18 12:39:08,624] {dagbag.py:500} INFO - Filling up the DagBag from /opt/airflow/dags/fhv_data_2_gcs_dag.py
[2022-02-18 12:39:09,489] {processor.py:654} INFO - DAG(s) dict_keys(['fhv_data_2_gcs_dag']) retrieved from /opt/airflow/dags/fhv_data_2_gcs_dag.py
[2022-02-18 12:39:09,500] {logging_mixin.py:109} INFO - [2022-02-18 12:39:09,499] {dag.py:2396} INFO - Sync 1 DAGs
[2022-02-18 12:39:09,517] {logging_mixin.py:109} INFO - [2022-02-18 12:39:09,517] {dag.py:2935} INFO - Setting next_dagrun for fhv_data_2_gcs_dag to 2022-02-18T00:00:00+00:00
[2022-02-18 12:39:09,527] {processor.py:171} INFO - Processing /opt/airflow/dags/fhv_data_2_gcs_dag.py took 0.914 seconds
[2022-02-18 12:39:39,677] {processor.py:163} INFO - Started process (PID=677) to work on /opt/airflow/dags/fhv_data_2_gcs_dag.py
[2022-02-18 12:39:39,681] {processor.py:642} INFO - Processing file /opt/airflow/dags/fhv_data_2_gcs_dag.py for tasks to queue
[2022-02-18 12:39:39,682] {logging_mixin.py:109} INFO - [2022-02-18 12:39:39,682] {dagbag.py:500} INFO - Filling up the DagBag from /opt/airflow/dags/fhv_data_2_gcs_dag.py
[2022-02-18 12:39:40,603] {processor.py:654} INFO - DAG(s) dict_keys(['fhv_data_2_gcs_dag']) retrieved from /opt/airflow/dags/fhv_data_2_gcs_dag.py
[2022-02-18 12:39:40,614] {logging_mixin.py:109} INFO - [2022-02-18 12:39:40,613] {dag.py:2396} INFO - Sync 1 DAGs
[2022-02-18 12:39:40,633] {logging_mixin.py:109} INFO - [2022-02-18 12:39:40,633] {dag.py:2935} INFO - Setting next_dagrun for fhv_data_2_gcs_dag to 2022-02-18T00:00:00+00:00
[2022-02-18 12:39:40,644] {processor.py:171} INFO - Processing /opt/airflow/dags/fhv_data_2_gcs_dag.py took 0.972 seconds
[2022-02-18 12:40:10,810] {processor.py:163} INFO - Started process (PID=718) to work on /opt/airflow/dags/fhv_data_2_gcs_dag.py
[2022-02-18 12:40:10,812] {processor.py:642} INFO - Processing file /opt/airflow/dags/fhv_data_2_gcs_dag.py for tasks to queue
[2022-02-18 12:40:10,814] {logging_mixin.py:109} INFO - [2022-02-18 12:40:10,814] {dagbag.py:500} INFO - Filling up the DagBag from /opt/airflow/dags/fhv_data_2_gcs_dag.py
[2022-02-18 12:40:11,673] {processor.py:654} INFO - DAG(s) dict_keys(['fhv_data_2_gcs_dag']) retrieved from /opt/airflow/dags/fhv_data_2_gcs_dag.py
[2022-02-18 12:40:11,686] {logging_mixin.py:109} INFO - [2022-02-18 12:40:11,686] {dag.py:2396} INFO - Sync 1 DAGs
[2022-02-18 12:40:11,712] {logging_mixin.py:109} INFO - [2022-02-18 12:40:11,711] {dag.py:2935} INFO - Setting next_dagrun for fhv_data_2_gcs_dag to 2022-02-18T00:00:00+00:00
[2022-02-18 12:40:11,723] {processor.py:171} INFO - Processing /opt/airflow/dags/fhv_data_2_gcs_dag.py took 0.920 seconds
[2022-02-18 12:40:41,842] {processor.py:163} INFO - Started process (PID=747) to work on /opt/airflow/dags/fhv_data_2_gcs_dag.py
[2022-02-18 12:40:41,844] {processor.py:642} INFO - Processing file /opt/airflow/dags/fhv_data_2_gcs_dag.py for tasks to queue
[2022-02-18 12:40:41,845] {logging_mixin.py:109} INFO - [2022-02-18 12:40:41,845] {dagbag.py:500} INFO - Filling up the DagBag from /opt/airflow/dags/fhv_data_2_gcs_dag.py
[2022-02-18 12:40:42,663] {processor.py:654} INFO - DAG(s) dict_keys(['fhv_data_2_gcs_dag']) retrieved from /opt/airflow/dags/fhv_data_2_gcs_dag.py
[2022-02-18 12:40:42,676] {logging_mixin.py:109} INFO - [2022-02-18 12:40:42,676] {dag.py:2396} INFO - Sync 1 DAGs
[2022-02-18 12:40:42,698] {logging_mixin.py:109} INFO - [2022-02-18 12:40:42,697] {dag.py:2935} INFO - Setting next_dagrun for fhv_data_2_gcs_dag to 2022-02-18T00:00:00+00:00
[2022-02-18 12:40:42,719] {processor.py:171} INFO - Processing /opt/airflow/dags/fhv_data_2_gcs_dag.py took 0.886 seconds
[2022-02-18 12:41:12,866] {processor.py:163} INFO - Started process (PID=785) to work on /opt/airflow/dags/fhv_data_2_gcs_dag.py
[2022-02-18 12:41:12,868] {processor.py:642} INFO - Processing file /opt/airflow/dags/fhv_data_2_gcs_dag.py for tasks to queue
[2022-02-18 12:41:12,870] {logging_mixin.py:109} INFO - [2022-02-18 12:41:12,869] {dagbag.py:500} INFO - Filling up the DagBag from /opt/airflow/dags/fhv_data_2_gcs_dag.py
[2022-02-18 12:41:13,728] {processor.py:654} INFO - DAG(s) dict_keys(['fhv_data_2_gcs_dag']) retrieved from /opt/airflow/dags/fhv_data_2_gcs_dag.py
[2022-02-18 12:41:13,738] {logging_mixin.py:109} INFO - [2022-02-18 12:41:13,737] {dag.py:2396} INFO - Sync 1 DAGs
[2022-02-18 12:41:13,755] {logging_mixin.py:109} INFO - [2022-02-18 12:41:13,754] {dag.py:2935} INFO - Setting next_dagrun for fhv_data_2_gcs_dag to 2022-02-18T00:00:00+00:00
[2022-02-18 12:41:13,763] {processor.py:171} INFO - Processing /opt/airflow/dags/fhv_data_2_gcs_dag.py took 0.904 seconds
[2022-02-18 12:41:43,917] {processor.py:163} INFO - Started process (PID=814) to work on /opt/airflow/dags/fhv_data_2_gcs_dag.py
[2022-02-18 12:41:43,921] {processor.py:642} INFO - Processing file /opt/airflow/dags/fhv_data_2_gcs_dag.py for tasks to queue
[2022-02-18 12:41:43,923] {logging_mixin.py:109} INFO - [2022-02-18 12:41:43,923] {dagbag.py:500} INFO - Filling up the DagBag from /opt/airflow/dags/fhv_data_2_gcs_dag.py
[2022-02-18 12:41:44,777] {processor.py:654} INFO - DAG(s) dict_keys(['fhv_data_2_gcs_dag']) retrieved from /opt/airflow/dags/fhv_data_2_gcs_dag.py
[2022-02-18 12:41:44,787] {logging_mixin.py:109} INFO - [2022-02-18 12:41:44,786] {dag.py:2396} INFO - Sync 1 DAGs
[2022-02-18 12:41:44,802] {logging_mixin.py:109} INFO - [2022-02-18 12:41:44,802] {dag.py:2935} INFO - Setting next_dagrun for fhv_data_2_gcs_dag to 2022-02-18T00:00:00+00:00
[2022-02-18 12:41:44,817] {processor.py:171} INFO - Processing /opt/airflow/dags/fhv_data_2_gcs_dag.py took 0.907 seconds
[2022-02-18 12:42:14,917] {processor.py:163} INFO - Started process (PID=853) to work on /opt/airflow/dags/fhv_data_2_gcs_dag.py
[2022-02-18 12:42:14,920] {processor.py:642} INFO - Processing file /opt/airflow/dags/fhv_data_2_gcs_dag.py for tasks to queue
[2022-02-18 12:42:14,922] {logging_mixin.py:109} INFO - [2022-02-18 12:42:14,922] {dagbag.py:500} INFO - Filling up the DagBag from /opt/airflow/dags/fhv_data_2_gcs_dag.py
[2022-02-18 12:42:15,770] {processor.py:654} INFO - DAG(s) dict_keys(['fhv_data_2_gcs_dag']) retrieved from /opt/airflow/dags/fhv_data_2_gcs_dag.py
[2022-02-18 12:42:15,781] {logging_mixin.py:109} INFO - [2022-02-18 12:42:15,781] {dag.py:2396} INFO - Sync 1 DAGs
[2022-02-18 12:42:15,802] {logging_mixin.py:109} INFO - [2022-02-18 12:42:15,802] {dag.py:2935} INFO - Setting next_dagrun for fhv_data_2_gcs_dag to 2022-02-18T00:00:00+00:00
[2022-02-18 12:42:15,820] {processor.py:171} INFO - Processing /opt/airflow/dags/fhv_data_2_gcs_dag.py took 0.910 seconds
[2022-02-18 12:42:45,967] {processor.py:163} INFO - Started process (PID=883) to work on /opt/airflow/dags/fhv_data_2_gcs_dag.py
[2022-02-18 12:42:45,969] {processor.py:642} INFO - Processing file /opt/airflow/dags/fhv_data_2_gcs_dag.py for tasks to queue
[2022-02-18 12:42:45,971] {logging_mixin.py:109} INFO - [2022-02-18 12:42:45,971] {dagbag.py:500} INFO - Filling up the DagBag from /opt/airflow/dags/fhv_data_2_gcs_dag.py
[2022-02-18 12:42:46,785] {processor.py:654} INFO - DAG(s) dict_keys(['fhv_data_2_gcs_dag']) retrieved from /opt/airflow/dags/fhv_data_2_gcs_dag.py
[2022-02-18 12:42:46,795] {logging_mixin.py:109} INFO - [2022-02-18 12:42:46,795] {dag.py:2396} INFO - Sync 1 DAGs
[2022-02-18 12:42:46,815] {logging_mixin.py:109} INFO - [2022-02-18 12:42:46,815] {dag.py:2935} INFO - Setting next_dagrun for fhv_data_2_gcs_dag to 2022-02-18T00:00:00+00:00
[2022-02-18 12:42:46,825] {processor.py:171} INFO - Processing /opt/airflow/dags/fhv_data_2_gcs_dag.py took 0.886 seconds
[2022-02-18 12:43:16,986] {processor.py:163} INFO - Started process (PID=922) to work on /opt/airflow/dags/fhv_data_2_gcs_dag.py
[2022-02-18 12:43:16,989] {processor.py:642} INFO - Processing file /opt/airflow/dags/fhv_data_2_gcs_dag.py for tasks to queue
[2022-02-18 12:43:16,991] {logging_mixin.py:109} INFO - [2022-02-18 12:43:16,990] {dagbag.py:500} INFO - Filling up the DagBag from /opt/airflow/dags/fhv_data_2_gcs_dag.py
[2022-02-18 12:43:18,141] {processor.py:654} INFO - DAG(s) dict_keys(['fhv_data_2_gcs_dag']) retrieved from /opt/airflow/dags/fhv_data_2_gcs_dag.py
[2022-02-18 12:43:18,153] {logging_mixin.py:109} INFO - [2022-02-18 12:43:18,153] {dag.py:2396} INFO - Sync 1 DAGs
[2022-02-18 12:43:18,182] {logging_mixin.py:109} INFO - [2022-02-18 12:43:18,182] {dag.py:2935} INFO - Setting next_dagrun for fhv_data_2_gcs_dag to 2022-02-18T00:00:00+00:00
[2022-02-18 12:43:18,201] {processor.py:171} INFO - Processing /opt/airflow/dags/fhv_data_2_gcs_dag.py took 1.221 seconds
[2022-02-18 12:43:48,345] {processor.py:163} INFO - Started process (PID=951) to work on /opt/airflow/dags/fhv_data_2_gcs_dag.py
[2022-02-18 12:43:48,348] {processor.py:642} INFO - Processing file /opt/airflow/dags/fhv_data_2_gcs_dag.py for tasks to queue
[2022-02-18 12:43:48,350] {logging_mixin.py:109} INFO - [2022-02-18 12:43:48,349] {dagbag.py:500} INFO - Filling up the DagBag from /opt/airflow/dags/fhv_data_2_gcs_dag.py
[2022-02-18 12:43:49,417] {processor.py:654} INFO - DAG(s) dict_keys(['fhv_data_2_gcs_dag']) retrieved from /opt/airflow/dags/fhv_data_2_gcs_dag.py
[2022-02-18 12:43:49,434] {logging_mixin.py:109} INFO - [2022-02-18 12:43:49,433] {dag.py:2396} INFO - Sync 1 DAGs
[2022-02-18 12:43:49,460] {logging_mixin.py:109} INFO - [2022-02-18 12:43:49,460] {dag.py:2935} INFO - Setting next_dagrun for fhv_data_2_gcs_dag to 2022-02-18T00:00:00+00:00
[2022-02-18 12:43:49,474] {processor.py:171} INFO - Processing /opt/airflow/dags/fhv_data_2_gcs_dag.py took 1.133 seconds
[2022-02-18 12:44:19,594] {processor.py:163} INFO - Started process (PID=992) to work on /opt/airflow/dags/fhv_data_2_gcs_dag.py
[2022-02-18 12:44:19,605] {processor.py:642} INFO - Processing file /opt/airflow/dags/fhv_data_2_gcs_dag.py for tasks to queue
[2022-02-18 12:44:19,607] {logging_mixin.py:109} INFO - [2022-02-18 12:44:19,607] {dagbag.py:500} INFO - Filling up the DagBag from /opt/airflow/dags/fhv_data_2_gcs_dag.py
[2022-02-18 12:44:21,644] {processor.py:654} INFO - DAG(s) dict_keys(['fhv_data_2_gcs_dag']) retrieved from /opt/airflow/dags/fhv_data_2_gcs_dag.py
[2022-02-18 12:44:21,665] {logging_mixin.py:109} INFO - [2022-02-18 12:44:21,664] {dag.py:2396} INFO - Sync 1 DAGs
[2022-02-18 12:44:21,778] {logging_mixin.py:109} INFO - [2022-02-18 12:44:21,777] {dag.py:2935} INFO - Setting next_dagrun for fhv_data_2_gcs_dag to 2022-02-18T00:00:00+00:00
[2022-02-18 12:44:21,792] {processor.py:171} INFO - Processing /opt/airflow/dags/fhv_data_2_gcs_dag.py took 2.204 seconds
[2022-02-18 12:44:51,946] {processor.py:163} INFO - Started process (PID=1025) to work on /opt/airflow/dags/fhv_data_2_gcs_dag.py
[2022-02-18 12:44:51,953] {processor.py:642} INFO - Processing file /opt/airflow/dags/fhv_data_2_gcs_dag.py for tasks to queue
[2022-02-18 12:44:51,957] {logging_mixin.py:109} INFO - [2022-02-18 12:44:51,956] {dagbag.py:500} INFO - Filling up the DagBag from /opt/airflow/dags/fhv_data_2_gcs_dag.py
[2022-02-18 12:44:52,787] {processor.py:654} INFO - DAG(s) dict_keys(['fhv_data_2_gcs_dag']) retrieved from /opt/airflow/dags/fhv_data_2_gcs_dag.py
[2022-02-18 12:44:52,799] {logging_mixin.py:109} INFO - [2022-02-18 12:44:52,799] {dag.py:2396} INFO - Sync 1 DAGs
[2022-02-18 12:44:52,822] {logging_mixin.py:109} INFO - [2022-02-18 12:44:52,822] {dag.py:2935} INFO - Setting next_dagrun for fhv_data_2_gcs_dag to 2022-02-18T00:00:00+00:00
[2022-02-18 12:44:52,834] {processor.py:171} INFO - Processing /opt/airflow/dags/fhv_data_2_gcs_dag.py took 0.900 seconds
[2022-02-18 12:45:22,994] {processor.py:163} INFO - Started process (PID=1065) to work on /opt/airflow/dags/fhv_data_2_gcs_dag.py
[2022-02-18 12:45:22,997] {processor.py:642} INFO - Processing file /opt/airflow/dags/fhv_data_2_gcs_dag.py for tasks to queue
[2022-02-18 12:45:23,000] {logging_mixin.py:109} INFO - [2022-02-18 12:45:22,999] {dagbag.py:500} INFO - Filling up the DagBag from /opt/airflow/dags/fhv_data_2_gcs_dag.py
[2022-02-18 12:45:24,113] {processor.py:654} INFO - DAG(s) dict_keys(['fhv_data_2_gcs_dag']) retrieved from /opt/airflow/dags/fhv_data_2_gcs_dag.py
[2022-02-18 12:45:24,125] {logging_mixin.py:109} INFO - [2022-02-18 12:45:24,125] {dag.py:2396} INFO - Sync 1 DAGs
[2022-02-18 12:45:24,141] {logging_mixin.py:109} INFO - [2022-02-18 12:45:24,141] {dag.py:2935} INFO - Setting next_dagrun for fhv_data_2_gcs_dag to 2022-02-18T00:00:00+00:00
[2022-02-18 12:45:24,149] {processor.py:171} INFO - Processing /opt/airflow/dags/fhv_data_2_gcs_dag.py took 1.167 seconds
[2022-02-18 12:45:54,236] {processor.py:163} INFO - Started process (PID=1090) to work on /opt/airflow/dags/fhv_data_2_gcs_dag.py
[2022-02-18 12:45:54,240] {processor.py:642} INFO - Processing file /opt/airflow/dags/fhv_data_2_gcs_dag.py for tasks to queue
[2022-02-18 12:45:54,245] {logging_mixin.py:109} INFO - [2022-02-18 12:45:54,245] {dagbag.py:500} INFO - Filling up the DagBag from /opt/airflow/dags/fhv_data_2_gcs_dag.py
[2022-02-18 12:45:55,410] {processor.py:654} INFO - DAG(s) dict_keys(['fhv_data_2_gcs_dag']) retrieved from /opt/airflow/dags/fhv_data_2_gcs_dag.py
[2022-02-18 12:45:55,425] {logging_mixin.py:109} INFO - [2022-02-18 12:45:55,425] {dag.py:2396} INFO - Sync 1 DAGs
[2022-02-18 12:45:55,452] {logging_mixin.py:109} INFO - [2022-02-18 12:45:55,452] {dag.py:2935} INFO - Setting next_dagrun for fhv_data_2_gcs_dag to 2022-02-18T00:00:00+00:00
[2022-02-18 12:45:55,463] {processor.py:171} INFO - Processing /opt/airflow/dags/fhv_data_2_gcs_dag.py took 1.233 seconds
[2022-02-18 12:46:25,573] {processor.py:163} INFO - Started process (PID=1122) to work on /opt/airflow/dags/fhv_data_2_gcs_dag.py
[2022-02-18 12:46:25,576] {processor.py:642} INFO - Processing file /opt/airflow/dags/fhv_data_2_gcs_dag.py for tasks to queue
[2022-02-18 12:46:25,578] {logging_mixin.py:109} INFO - [2022-02-18 12:46:25,578] {dagbag.py:500} INFO - Filling up the DagBag from /opt/airflow/dags/fhv_data_2_gcs_dag.py
[2022-02-18 12:46:26,651] {processor.py:654} INFO - DAG(s) dict_keys(['fhv_data_2_gcs_dag']) retrieved from /opt/airflow/dags/fhv_data_2_gcs_dag.py
[2022-02-18 12:46:26,663] {logging_mixin.py:109} INFO - [2022-02-18 12:46:26,662] {dag.py:2396} INFO - Sync 1 DAGs
[2022-02-18 12:46:26,696] {logging_mixin.py:109} INFO - [2022-02-18 12:46:26,696] {dag.py:2935} INFO - Setting next_dagrun for fhv_data_2_gcs_dag to 2022-02-18T00:00:00+00:00
[2022-02-18 12:46:26,720] {processor.py:171} INFO - Processing /opt/airflow/dags/fhv_data_2_gcs_dag.py took 1.152 seconds
[2022-02-18 12:46:56,830] {processor.py:163} INFO - Started process (PID=1160) to work on /opt/airflow/dags/fhv_data_2_gcs_dag.py
[2022-02-18 12:46:56,833] {processor.py:642} INFO - Processing file /opt/airflow/dags/fhv_data_2_gcs_dag.py for tasks to queue
[2022-02-18 12:46:56,835] {logging_mixin.py:109} INFO - [2022-02-18 12:46:56,835] {dagbag.py:500} INFO - Filling up the DagBag from /opt/airflow/dags/fhv_data_2_gcs_dag.py
[2022-02-18 12:46:57,775] {processor.py:654} INFO - DAG(s) dict_keys(['fhv_data_2_gcs_dag']) retrieved from /opt/airflow/dags/fhv_data_2_gcs_dag.py
[2022-02-18 12:46:57,786] {logging_mixin.py:109} INFO - [2022-02-18 12:46:57,785] {dag.py:2396} INFO - Sync 1 DAGs
[2022-02-18 12:46:57,803] {logging_mixin.py:109} INFO - [2022-02-18 12:46:57,803] {dag.py:2935} INFO - Setting next_dagrun for fhv_data_2_gcs_dag to 2022-02-18T00:00:00+00:00
[2022-02-18 12:46:57,828] {processor.py:171} INFO - Processing /opt/airflow/dags/fhv_data_2_gcs_dag.py took 1.003 seconds
[2022-02-18 12:47:27,887] {processor.py:163} INFO - Started process (PID=1189) to work on /opt/airflow/dags/fhv_data_2_gcs_dag.py
[2022-02-18 12:47:27,890] {processor.py:642} INFO - Processing file /opt/airflow/dags/fhv_data_2_gcs_dag.py for tasks to queue
[2022-02-18 12:47:27,893] {logging_mixin.py:109} INFO - [2022-02-18 12:47:27,893] {dagbag.py:500} INFO - Filling up the DagBag from /opt/airflow/dags/fhv_data_2_gcs_dag.py
[2022-02-18 12:47:28,875] {processor.py:654} INFO - DAG(s) dict_keys(['fhv_data_2_gcs_dag']) retrieved from /opt/airflow/dags/fhv_data_2_gcs_dag.py
[2022-02-18 12:47:28,887] {logging_mixin.py:109} INFO - [2022-02-18 12:47:28,886] {dag.py:2396} INFO - Sync 1 DAGs
[2022-02-18 12:47:28,911] {logging_mixin.py:109} INFO - [2022-02-18 12:47:28,911] {dag.py:2935} INFO - Setting next_dagrun for fhv_data_2_gcs_dag to 2022-02-18T00:00:00+00:00
[2022-02-18 12:47:28,925] {processor.py:171} INFO - Processing /opt/airflow/dags/fhv_data_2_gcs_dag.py took 1.045 seconds
[2022-02-18 12:47:59,838] {processor.py:163} INFO - Started process (PID=1234) to work on /opt/airflow/dags/fhv_data_2_gcs_dag.py
[2022-02-18 12:47:59,842] {processor.py:642} INFO - Processing file /opt/airflow/dags/fhv_data_2_gcs_dag.py for tasks to queue
[2022-02-18 12:47:59,846] {logging_mixin.py:109} INFO - [2022-02-18 12:47:59,846] {dagbag.py:500} INFO - Filling up the DagBag from /opt/airflow/dags/fhv_data_2_gcs_dag.py
[2022-02-18 12:48:01,481] {processor.py:654} INFO - DAG(s) dict_keys(['fhv_data_2_gcs_dag']) retrieved from /opt/airflow/dags/fhv_data_2_gcs_dag.py
[2022-02-18 12:48:01,495] {logging_mixin.py:109} INFO - [2022-02-18 12:48:01,495] {dag.py:2396} INFO - Sync 1 DAGs
[2022-02-18 12:48:01,516] {logging_mixin.py:109} INFO - [2022-02-18 12:48:01,516] {dag.py:2935} INFO - Setting next_dagrun for fhv_data_2_gcs_dag to 2022-02-18T00:00:00+00:00
[2022-02-18 12:48:01,540] {processor.py:171} INFO - Processing /opt/airflow/dags/fhv_data_2_gcs_dag.py took 1.706 seconds
[2022-02-18 12:48:31,715] {processor.py:163} INFO - Started process (PID=1263) to work on /opt/airflow/dags/fhv_data_2_gcs_dag.py
[2022-02-18 12:48:31,720] {processor.py:642} INFO - Processing file /opt/airflow/dags/fhv_data_2_gcs_dag.py for tasks to queue
[2022-02-18 12:48:31,722] {logging_mixin.py:109} INFO - [2022-02-18 12:48:31,721] {dagbag.py:500} INFO - Filling up the DagBag from /opt/airflow/dags/fhv_data_2_gcs_dag.py
[2022-02-18 12:48:32,773] {processor.py:654} INFO - DAG(s) dict_keys(['fhv_data_2_gcs_dag']) retrieved from /opt/airflow/dags/fhv_data_2_gcs_dag.py
[2022-02-18 12:48:32,787] {logging_mixin.py:109} INFO - [2022-02-18 12:48:32,787] {dag.py:2396} INFO - Sync 1 DAGs
[2022-02-18 12:48:32,807] {logging_mixin.py:109} INFO - [2022-02-18 12:48:32,807] {dag.py:2935} INFO - Setting next_dagrun for fhv_data_2_gcs_dag to 2022-02-18T00:00:00+00:00
[2022-02-18 12:48:32,820] {processor.py:171} INFO - Processing /opt/airflow/dags/fhv_data_2_gcs_dag.py took 1.110 seconds
[2022-02-18 12:49:02,912] {processor.py:163} INFO - Started process (PID=1291) to work on /opt/airflow/dags/fhv_data_2_gcs_dag.py
[2022-02-18 12:49:02,916] {processor.py:642} INFO - Processing file /opt/airflow/dags/fhv_data_2_gcs_dag.py for tasks to queue
[2022-02-18 12:49:02,918] {logging_mixin.py:109} INFO - [2022-02-18 12:49:02,918] {dagbag.py:500} INFO - Filling up the DagBag from /opt/airflow/dags/fhv_data_2_gcs_dag.py
[2022-02-18 12:49:04,175] {processor.py:654} INFO - DAG(s) dict_keys(['fhv_data_2_gcs_dag']) retrieved from /opt/airflow/dags/fhv_data_2_gcs_dag.py
[2022-02-18 12:49:04,199] {logging_mixin.py:109} INFO - [2022-02-18 12:49:04,198] {dag.py:2396} INFO - Sync 1 DAGs
[2022-02-18 12:49:04,227] {logging_mixin.py:109} INFO - [2022-02-18 12:49:04,227] {dag.py:2935} INFO - Setting next_dagrun for fhv_data_2_gcs_dag to 2022-02-18T00:00:00+00:00
[2022-02-18 12:49:04,247] {processor.py:171} INFO - Processing /opt/airflow/dags/fhv_data_2_gcs_dag.py took 1.342 seconds
[2022-02-18 12:49:34,328] {processor.py:163} INFO - Started process (PID=1333) to work on /opt/airflow/dags/fhv_data_2_gcs_dag.py
[2022-02-18 12:49:34,330] {processor.py:642} INFO - Processing file /opt/airflow/dags/fhv_data_2_gcs_dag.py for tasks to queue
[2022-02-18 12:49:34,332] {logging_mixin.py:109} INFO - [2022-02-18 12:49:34,332] {dagbag.py:500} INFO - Filling up the DagBag from /opt/airflow/dags/fhv_data_2_gcs_dag.py
[2022-02-18 12:49:35,402] {processor.py:654} INFO - DAG(s) dict_keys(['fhv_data_2_gcs_dag']) retrieved from /opt/airflow/dags/fhv_data_2_gcs_dag.py
[2022-02-18 12:49:35,418] {logging_mixin.py:109} INFO - [2022-02-18 12:49:35,418] {dag.py:2396} INFO - Sync 1 DAGs
[2022-02-18 12:49:35,440] {logging_mixin.py:109} INFO - [2022-02-18 12:49:35,440] {dag.py:2935} INFO - Setting next_dagrun for fhv_data_2_gcs_dag to 2022-02-18T00:00:00+00:00
[2022-02-18 12:49:35,457] {processor.py:171} INFO - Processing /opt/airflow/dags/fhv_data_2_gcs_dag.py took 1.132 seconds
[2022-02-18 12:50:05,575] {processor.py:163} INFO - Started process (PID=1366) to work on /opt/airflow/dags/fhv_data_2_gcs_dag.py
[2022-02-18 12:50:05,577] {processor.py:642} INFO - Processing file /opt/airflow/dags/fhv_data_2_gcs_dag.py for tasks to queue
[2022-02-18 12:50:05,578] {logging_mixin.py:109} INFO - [2022-02-18 12:50:05,578] {dagbag.py:500} INFO - Filling up the DagBag from /opt/airflow/dags/fhv_data_2_gcs_dag.py
[2022-02-18 12:50:06,546] {processor.py:654} INFO - DAG(s) dict_keys(['fhv_data_2_gcs_dag']) retrieved from /opt/airflow/dags/fhv_data_2_gcs_dag.py
[2022-02-18 12:50:06,558] {logging_mixin.py:109} INFO - [2022-02-18 12:50:06,558] {dag.py:2396} INFO - Sync 1 DAGs
[2022-02-18 12:50:06,585] {logging_mixin.py:109} INFO - [2022-02-18 12:50:06,585] {dag.py:2935} INFO - Setting next_dagrun for fhv_data_2_gcs_dag to 2022-02-18T00:00:00+00:00
[2022-02-18 12:50:06,613] {processor.py:171} INFO - Processing /opt/airflow/dags/fhv_data_2_gcs_dag.py took 1.041 seconds
[2022-02-18 12:50:36,750] {processor.py:163} INFO - Started process (PID=1411) to work on /opt/airflow/dags/fhv_data_2_gcs_dag.py
[2022-02-18 12:50:36,754] {processor.py:642} INFO - Processing file /opt/airflow/dags/fhv_data_2_gcs_dag.py for tasks to queue
[2022-02-18 12:50:36,755] {logging_mixin.py:109} INFO - [2022-02-18 12:50:36,755] {dagbag.py:500} INFO - Filling up the DagBag from /opt/airflow/dags/fhv_data_2_gcs_dag.py
[2022-02-18 12:50:37,572] {processor.py:654} INFO - DAG(s) dict_keys(['fhv_data_2_gcs_dag']) retrieved from /opt/airflow/dags/fhv_data_2_gcs_dag.py
[2022-02-18 12:50:37,586] {logging_mixin.py:109} INFO - [2022-02-18 12:50:37,586] {dag.py:2396} INFO - Sync 1 DAGs
[2022-02-18 12:50:37,610] {logging_mixin.py:109} INFO - [2022-02-18 12:50:37,610] {dag.py:2935} INFO - Setting next_dagrun for fhv_data_2_gcs_dag to 2022-02-18T00:00:00+00:00
[2022-02-18 12:50:37,622] {processor.py:171} INFO - Processing /opt/airflow/dags/fhv_data_2_gcs_dag.py took 0.878 seconds
[2022-02-18 12:51:07,725] {processor.py:163} INFO - Started process (PID=1443) to work on /opt/airflow/dags/fhv_data_2_gcs_dag.py
[2022-02-18 12:51:07,727] {processor.py:642} INFO - Processing file /opt/airflow/dags/fhv_data_2_gcs_dag.py for tasks to queue
[2022-02-18 12:51:07,728] {logging_mixin.py:109} INFO - [2022-02-18 12:51:07,728] {dagbag.py:500} INFO - Filling up the DagBag from /opt/airflow/dags/fhv_data_2_gcs_dag.py
[2022-02-18 12:51:08,729] {processor.py:654} INFO - DAG(s) dict_keys(['fhv_data_2_gcs_dag']) retrieved from /opt/airflow/dags/fhv_data_2_gcs_dag.py
[2022-02-18 12:51:08,741] {logging_mixin.py:109} INFO - [2022-02-18 12:51:08,740] {dag.py:2396} INFO - Sync 1 DAGs
[2022-02-18 12:51:08,760] {logging_mixin.py:109} INFO - [2022-02-18 12:51:08,760] {dag.py:2935} INFO - Setting next_dagrun for fhv_data_2_gcs_dag to 2022-02-18T00:00:00+00:00
[2022-02-18 12:51:08,771] {processor.py:171} INFO - Processing /opt/airflow/dags/fhv_data_2_gcs_dag.py took 1.053 seconds
[2022-02-18 12:51:38,890] {processor.py:163} INFO - Started process (PID=1483) to work on /opt/airflow/dags/fhv_data_2_gcs_dag.py
[2022-02-18 12:51:38,892] {processor.py:642} INFO - Processing file /opt/airflow/dags/fhv_data_2_gcs_dag.py for tasks to queue
[2022-02-18 12:51:38,894] {logging_mixin.py:109} INFO - [2022-02-18 12:51:38,894] {dagbag.py:500} INFO - Filling up the DagBag from /opt/airflow/dags/fhv_data_2_gcs_dag.py
[2022-02-18 12:51:40,127] {processor.py:654} INFO - DAG(s) dict_keys(['fhv_data_2_gcs_dag']) retrieved from /opt/airflow/dags/fhv_data_2_gcs_dag.py
[2022-02-18 12:51:40,152] {logging_mixin.py:109} INFO - [2022-02-18 12:51:40,152] {dag.py:2396} INFO - Sync 1 DAGs
[2022-02-18 12:51:40,186] {logging_mixin.py:109} INFO - [2022-02-18 12:51:40,186] {dag.py:2935} INFO - Setting next_dagrun for fhv_data_2_gcs_dag to 2022-02-18T00:00:00+00:00
[2022-02-18 12:51:40,202] {processor.py:171} INFO - Processing /opt/airflow/dags/fhv_data_2_gcs_dag.py took 1.317 seconds
[2022-02-18 12:52:10,915] {processor.py:163} INFO - Started process (PID=1518) to work on /opt/airflow/dags/fhv_data_2_gcs_dag.py
[2022-02-18 12:52:10,919] {processor.py:642} INFO - Processing file /opt/airflow/dags/fhv_data_2_gcs_dag.py for tasks to queue
[2022-02-18 12:52:10,920] {logging_mixin.py:109} INFO - [2022-02-18 12:52:10,920] {dagbag.py:500} INFO - Filling up the DagBag from /opt/airflow/dags/fhv_data_2_gcs_dag.py
[2022-02-18 12:52:11,649] {processor.py:654} INFO - DAG(s) dict_keys(['fhv_data_2_gcs_dag']) retrieved from /opt/airflow/dags/fhv_data_2_gcs_dag.py
[2022-02-18 12:52:11,658] {logging_mixin.py:109} INFO - [2022-02-18 12:52:11,658] {dag.py:2396} INFO - Sync 1 DAGs
[2022-02-18 12:52:11,674] {logging_mixin.py:109} INFO - [2022-02-18 12:52:11,674] {dag.py:2935} INFO - Setting next_dagrun for fhv_data_2_gcs_dag to 2022-02-18T00:00:00+00:00
[2022-02-18 12:52:11,683] {processor.py:171} INFO - Processing /opt/airflow/dags/fhv_data_2_gcs_dag.py took 0.772 seconds
[2022-02-18 12:52:41,829] {processor.py:163} INFO - Started process (PID=1558) to work on /opt/airflow/dags/fhv_data_2_gcs_dag.py
[2022-02-18 12:52:41,850] {processor.py:642} INFO - Processing file /opt/airflow/dags/fhv_data_2_gcs_dag.py for tasks to queue
[2022-02-18 12:52:41,871] {logging_mixin.py:109} INFO - [2022-02-18 12:52:41,870] {dagbag.py:500} INFO - Filling up the DagBag from /opt/airflow/dags/fhv_data_2_gcs_dag.py
[2022-02-18 12:52:42,673] {processor.py:654} INFO - DAG(s) dict_keys(['fhv_data_2_gcs_dag']) retrieved from /opt/airflow/dags/fhv_data_2_gcs_dag.py
[2022-02-18 12:52:42,689] {logging_mixin.py:109} INFO - [2022-02-18 12:52:42,688] {dag.py:2396} INFO - Sync 1 DAGs
[2022-02-18 12:52:42,711] {logging_mixin.py:109} INFO - [2022-02-18 12:52:42,711] {dag.py:2935} INFO - Setting next_dagrun for fhv_data_2_gcs_dag to 2022-02-18T00:00:00+00:00
[2022-02-18 12:52:42,738] {processor.py:171} INFO - Processing /opt/airflow/dags/fhv_data_2_gcs_dag.py took 0.918 seconds
[2022-02-18 12:53:12,852] {processor.py:163} INFO - Started process (PID=1587) to work on /opt/airflow/dags/fhv_data_2_gcs_dag.py
[2022-02-18 12:53:12,854] {processor.py:642} INFO - Processing file /opt/airflow/dags/fhv_data_2_gcs_dag.py for tasks to queue
[2022-02-18 12:53:12,855] {logging_mixin.py:109} INFO - [2022-02-18 12:53:12,855] {dagbag.py:500} INFO - Filling up the DagBag from /opt/airflow/dags/fhv_data_2_gcs_dag.py
[2022-02-18 12:53:13,575] {processor.py:654} INFO - DAG(s) dict_keys(['fhv_data_2_gcs_dag']) retrieved from /opt/airflow/dags/fhv_data_2_gcs_dag.py
[2022-02-18 12:53:13,586] {logging_mixin.py:109} INFO - [2022-02-18 12:53:13,585] {dag.py:2396} INFO - Sync 1 DAGs
[2022-02-18 12:53:13,606] {logging_mixin.py:109} INFO - [2022-02-18 12:53:13,606] {dag.py:2935} INFO - Setting next_dagrun for fhv_data_2_gcs_dag to 2022-02-18T00:00:00+00:00
[2022-02-18 12:53:13,613] {processor.py:171} INFO - Processing /opt/airflow/dags/fhv_data_2_gcs_dag.py took 0.768 seconds
[2022-02-18 12:53:43,719] {processor.py:163} INFO - Started process (PID=1633) to work on /opt/airflow/dags/fhv_data_2_gcs_dag.py
[2022-02-18 12:53:43,723] {processor.py:642} INFO - Processing file /opt/airflow/dags/fhv_data_2_gcs_dag.py for tasks to queue
[2022-02-18 12:53:43,725] {logging_mixin.py:109} INFO - [2022-02-18 12:53:43,725] {dagbag.py:500} INFO - Filling up the DagBag from /opt/airflow/dags/fhv_data_2_gcs_dag.py
[2022-02-18 12:53:44,364] {processor.py:654} INFO - DAG(s) dict_keys(['fhv_data_2_gcs_dag']) retrieved from /opt/airflow/dags/fhv_data_2_gcs_dag.py
[2022-02-18 12:53:44,373] {logging_mixin.py:109} INFO - [2022-02-18 12:53:44,372] {dag.py:2396} INFO - Sync 1 DAGs
[2022-02-18 12:53:44,387] {logging_mixin.py:109} INFO - [2022-02-18 12:53:44,387] {dag.py:2935} INFO - Setting next_dagrun for fhv_data_2_gcs_dag to 2022-02-18T00:00:00+00:00
[2022-02-18 12:53:44,398] {processor.py:171} INFO - Processing /opt/airflow/dags/fhv_data_2_gcs_dag.py took 0.683 seconds
[2022-02-18 12:54:14,498] {processor.py:163} INFO - Started process (PID=1664) to work on /opt/airflow/dags/fhv_data_2_gcs_dag.py
[2022-02-18 12:54:14,501] {processor.py:642} INFO - Processing file /opt/airflow/dags/fhv_data_2_gcs_dag.py for tasks to queue
[2022-02-18 12:54:14,502] {logging_mixin.py:109} INFO - [2022-02-18 12:54:14,502] {dagbag.py:500} INFO - Filling up the DagBag from /opt/airflow/dags/fhv_data_2_gcs_dag.py
[2022-02-18 12:54:15,152] {processor.py:654} INFO - DAG(s) dict_keys(['fhv_data_2_gcs_dag']) retrieved from /opt/airflow/dags/fhv_data_2_gcs_dag.py
[2022-02-18 12:54:15,163] {logging_mixin.py:109} INFO - [2022-02-18 12:54:15,163] {dag.py:2396} INFO - Sync 1 DAGs
[2022-02-18 12:54:15,178] {logging_mixin.py:109} INFO - [2022-02-18 12:54:15,178] {dag.py:2935} INFO - Setting next_dagrun for fhv_data_2_gcs_dag to 2022-02-18T00:00:00+00:00
[2022-02-18 12:54:15,187] {processor.py:171} INFO - Processing /opt/airflow/dags/fhv_data_2_gcs_dag.py took 0.694 seconds
[2022-02-18 12:54:45,288] {processor.py:163} INFO - Started process (PID=1716) to work on /opt/airflow/dags/fhv_data_2_gcs_dag.py
[2022-02-18 12:54:45,290] {processor.py:642} INFO - Processing file /opt/airflow/dags/fhv_data_2_gcs_dag.py for tasks to queue
[2022-02-18 12:54:45,292] {logging_mixin.py:109} INFO - [2022-02-18 12:54:45,292] {dagbag.py:500} INFO - Filling up the DagBag from /opt/airflow/dags/fhv_data_2_gcs_dag.py
[2022-02-18 12:54:45,969] {processor.py:654} INFO - DAG(s) dict_keys(['fhv_data_2_gcs_dag']) retrieved from /opt/airflow/dags/fhv_data_2_gcs_dag.py
[2022-02-18 12:54:45,979] {logging_mixin.py:109} INFO - [2022-02-18 12:54:45,979] {dag.py:2396} INFO - Sync 1 DAGs
[2022-02-18 12:54:45,996] {logging_mixin.py:109} INFO - [2022-02-18 12:54:45,996] {dag.py:2935} INFO - Setting next_dagrun for fhv_data_2_gcs_dag to 2022-02-18T00:00:00+00:00
[2022-02-18 12:54:46,007] {processor.py:171} INFO - Processing /opt/airflow/dags/fhv_data_2_gcs_dag.py took 0.747 seconds
[2022-02-18 12:55:16,107] {processor.py:163} INFO - Started process (PID=1746) to work on /opt/airflow/dags/fhv_data_2_gcs_dag.py
[2022-02-18 12:55:16,110] {processor.py:642} INFO - Processing file /opt/airflow/dags/fhv_data_2_gcs_dag.py for tasks to queue
[2022-02-18 12:55:16,111] {logging_mixin.py:109} INFO - [2022-02-18 12:55:16,111] {dagbag.py:500} INFO - Filling up the DagBag from /opt/airflow/dags/fhv_data_2_gcs_dag.py
[2022-02-18 12:55:16,770] {processor.py:654} INFO - DAG(s) dict_keys(['fhv_data_2_gcs_dag']) retrieved from /opt/airflow/dags/fhv_data_2_gcs_dag.py
[2022-02-18 12:55:16,779] {logging_mixin.py:109} INFO - [2022-02-18 12:55:16,779] {dag.py:2396} INFO - Sync 1 DAGs
[2022-02-18 12:55:16,795] {logging_mixin.py:109} INFO - [2022-02-18 12:55:16,795] {dag.py:2935} INFO - Setting next_dagrun for fhv_data_2_gcs_dag to 2022-02-18T00:00:00+00:00
[2022-02-18 12:55:16,803] {processor.py:171} INFO - Processing /opt/airflow/dags/fhv_data_2_gcs_dag.py took 0.700 seconds
[2022-02-18 12:55:46,912] {processor.py:163} INFO - Started process (PID=1787) to work on /opt/airflow/dags/fhv_data_2_gcs_dag.py
[2022-02-18 12:55:46,914] {processor.py:642} INFO - Processing file /opt/airflow/dags/fhv_data_2_gcs_dag.py for tasks to queue
[2022-02-18 12:55:46,915] {logging_mixin.py:109} INFO - [2022-02-18 12:55:46,915] {dagbag.py:500} INFO - Filling up the DagBag from /opt/airflow/dags/fhv_data_2_gcs_dag.py
[2022-02-18 12:55:47,593] {processor.py:654} INFO - DAG(s) dict_keys(['fhv_data_2_gcs_dag']) retrieved from /opt/airflow/dags/fhv_data_2_gcs_dag.py
[2022-02-18 12:55:47,601] {logging_mixin.py:109} INFO - [2022-02-18 12:55:47,601] {dag.py:2396} INFO - Sync 1 DAGs
[2022-02-18 12:55:47,616] {logging_mixin.py:109} INFO - [2022-02-18 12:55:47,616] {dag.py:2935} INFO - Setting next_dagrun for fhv_data_2_gcs_dag to 2022-02-18T00:00:00+00:00
[2022-02-18 12:55:47,625] {processor.py:171} INFO - Processing /opt/airflow/dags/fhv_data_2_gcs_dag.py took 0.718 seconds
[2022-02-18 12:56:17,746] {processor.py:163} INFO - Started process (PID=1816) to work on /opt/airflow/dags/fhv_data_2_gcs_dag.py
[2022-02-18 12:56:17,750] {processor.py:642} INFO - Processing file /opt/airflow/dags/fhv_data_2_gcs_dag.py for tasks to queue
[2022-02-18 12:56:17,753] {logging_mixin.py:109} INFO - [2022-02-18 12:56:17,752] {dagbag.py:500} INFO - Filling up the DagBag from /opt/airflow/dags/fhv_data_2_gcs_dag.py
[2022-02-18 12:56:18,909] {processor.py:654} INFO - DAG(s) dict_keys(['fhv_data_2_gcs_dag']) retrieved from /opt/airflow/dags/fhv_data_2_gcs_dag.py
[2022-02-18 12:56:18,932] {logging_mixin.py:109} INFO - [2022-02-18 12:56:18,932] {dag.py:2396} INFO - Sync 1 DAGs
[2022-02-18 12:56:18,969] {logging_mixin.py:109} INFO - [2022-02-18 12:56:18,969] {dag.py:2935} INFO - Setting next_dagrun for fhv_data_2_gcs_dag to 2022-02-18T00:00:00+00:00
[2022-02-18 12:56:18,989] {processor.py:171} INFO - Processing /opt/airflow/dags/fhv_data_2_gcs_dag.py took 1.252 seconds
[2022-02-18 12:56:49,102] {processor.py:163} INFO - Started process (PID=1853) to work on /opt/airflow/dags/fhv_data_2_gcs_dag.py
[2022-02-18 12:56:49,104] {processor.py:642} INFO - Processing file /opt/airflow/dags/fhv_data_2_gcs_dag.py for tasks to queue
[2022-02-18 12:56:49,105] {logging_mixin.py:109} INFO - [2022-02-18 12:56:49,105] {dagbag.py:500} INFO - Filling up the DagBag from /opt/airflow/dags/fhv_data_2_gcs_dag.py
[2022-02-18 12:56:49,755] {processor.py:654} INFO - DAG(s) dict_keys(['fhv_data_2_gcs_dag']) retrieved from /opt/airflow/dags/fhv_data_2_gcs_dag.py
[2022-02-18 12:56:49,764] {logging_mixin.py:109} INFO - [2022-02-18 12:56:49,764] {dag.py:2396} INFO - Sync 1 DAGs
[2022-02-18 12:56:49,780] {logging_mixin.py:109} INFO - [2022-02-18 12:56:49,779] {dag.py:2935} INFO - Setting next_dagrun for fhv_data_2_gcs_dag to 2022-02-18T00:00:00+00:00
[2022-02-18 12:56:49,788] {processor.py:171} INFO - Processing /opt/airflow/dags/fhv_data_2_gcs_dag.py took 0.690 seconds
[2022-02-18 12:57:19,914] {processor.py:163} INFO - Started process (PID=1890) to work on /opt/airflow/dags/fhv_data_2_gcs_dag.py
[2022-02-18 12:57:19,917] {processor.py:642} INFO - Processing file /opt/airflow/dags/fhv_data_2_gcs_dag.py for tasks to queue
[2022-02-18 12:57:19,919] {logging_mixin.py:109} INFO - [2022-02-18 12:57:19,918] {dagbag.py:500} INFO - Filling up the DagBag from /opt/airflow/dags/fhv_data_2_gcs_dag.py
[2022-02-18 12:57:20,621] {processor.py:654} INFO - DAG(s) dict_keys(['fhv_data_2_gcs_dag']) retrieved from /opt/airflow/dags/fhv_data_2_gcs_dag.py
[2022-02-18 12:57:20,630] {logging_mixin.py:109} INFO - [2022-02-18 12:57:20,629] {dag.py:2396} INFO - Sync 1 DAGs
[2022-02-18 12:57:20,644] {logging_mixin.py:109} INFO - [2022-02-18 12:57:20,644] {dag.py:2935} INFO - Setting next_dagrun for fhv_data_2_gcs_dag to 2022-02-18T00:00:00+00:00
[2022-02-18 12:57:20,653] {processor.py:171} INFO - Processing /opt/airflow/dags/fhv_data_2_gcs_dag.py took 0.743 seconds
[2022-02-18 12:57:50,790] {processor.py:163} INFO - Started process (PID=1921) to work on /opt/airflow/dags/fhv_data_2_gcs_dag.py
[2022-02-18 12:57:50,792] {processor.py:642} INFO - Processing file /opt/airflow/dags/fhv_data_2_gcs_dag.py for tasks to queue
[2022-02-18 12:57:50,793] {logging_mixin.py:109} INFO - [2022-02-18 12:57:50,793] {dagbag.py:500} INFO - Filling up the DagBag from /opt/airflow/dags/fhv_data_2_gcs_dag.py
[2022-02-18 12:57:51,426] {processor.py:654} INFO - DAG(s) dict_keys(['fhv_data_2_gcs_dag']) retrieved from /opt/airflow/dags/fhv_data_2_gcs_dag.py
[2022-02-18 12:57:51,437] {logging_mixin.py:109} INFO - [2022-02-18 12:57:51,437] {dag.py:2396} INFO - Sync 1 DAGs
[2022-02-18 12:57:51,459] {logging_mixin.py:109} INFO - [2022-02-18 12:57:51,459] {dag.py:2935} INFO - Setting next_dagrun for fhv_data_2_gcs_dag to 2022-02-18T00:00:00+00:00
[2022-02-18 12:57:51,469] {processor.py:171} INFO - Processing /opt/airflow/dags/fhv_data_2_gcs_dag.py took 0.685 seconds
[2022-02-18 12:58:21,602] {processor.py:163} INFO - Started process (PID=1960) to work on /opt/airflow/dags/fhv_data_2_gcs_dag.py
[2022-02-18 12:58:21,605] {processor.py:642} INFO - Processing file /opt/airflow/dags/fhv_data_2_gcs_dag.py for tasks to queue
[2022-02-18 12:58:21,606] {logging_mixin.py:109} INFO - [2022-02-18 12:58:21,606] {dagbag.py:500} INFO - Filling up the DagBag from /opt/airflow/dags/fhv_data_2_gcs_dag.py
[2022-02-18 12:58:22,286] {processor.py:654} INFO - DAG(s) dict_keys(['fhv_data_2_gcs_dag']) retrieved from /opt/airflow/dags/fhv_data_2_gcs_dag.py
[2022-02-18 12:58:22,294] {logging_mixin.py:109} INFO - [2022-02-18 12:58:22,293] {dag.py:2396} INFO - Sync 1 DAGs
[2022-02-18 12:58:22,307] {logging_mixin.py:109} INFO - [2022-02-18 12:58:22,307] {dag.py:2935} INFO - Setting next_dagrun for fhv_data_2_gcs_dag to 2022-02-18T00:00:00+00:00
[2022-02-18 12:58:22,317] {processor.py:171} INFO - Processing /opt/airflow/dags/fhv_data_2_gcs_dag.py took 0.718 seconds
[2022-02-18 12:58:52,406] {processor.py:163} INFO - Started process (PID=1990) to work on /opt/airflow/dags/fhv_data_2_gcs_dag.py
[2022-02-18 12:58:52,408] {processor.py:642} INFO - Processing file /opt/airflow/dags/fhv_data_2_gcs_dag.py for tasks to queue
[2022-02-18 12:58:52,410] {logging_mixin.py:109} INFO - [2022-02-18 12:58:52,410] {dagbag.py:500} INFO - Filling up the DagBag from /opt/airflow/dags/fhv_data_2_gcs_dag.py
[2022-02-18 12:58:53,043] {processor.py:654} INFO - DAG(s) dict_keys(['fhv_data_2_gcs_dag']) retrieved from /opt/airflow/dags/fhv_data_2_gcs_dag.py
[2022-02-18 12:58:53,052] {logging_mixin.py:109} INFO - [2022-02-18 12:58:53,052] {dag.py:2396} INFO - Sync 1 DAGs
[2022-02-18 12:58:53,070] {logging_mixin.py:109} INFO - [2022-02-18 12:58:53,070] {dag.py:2935} INFO - Setting next_dagrun for fhv_data_2_gcs_dag to 2022-02-18T00:00:00+00:00
[2022-02-18 12:58:53,080] {processor.py:171} INFO - Processing /opt/airflow/dags/fhv_data_2_gcs_dag.py took 0.680 seconds
[2022-02-18 12:59:23,200] {processor.py:163} INFO - Started process (PID=2030) to work on /opt/airflow/dags/fhv_data_2_gcs_dag.py
[2022-02-18 12:59:23,203] {processor.py:642} INFO - Processing file /opt/airflow/dags/fhv_data_2_gcs_dag.py for tasks to queue
[2022-02-18 12:59:23,204] {logging_mixin.py:109} INFO - [2022-02-18 12:59:23,204] {dagbag.py:500} INFO - Filling up the DagBag from /opt/airflow/dags/fhv_data_2_gcs_dag.py
[2022-02-18 12:59:23,837] {processor.py:654} INFO - DAG(s) dict_keys(['fhv_data_2_gcs_dag']) retrieved from /opt/airflow/dags/fhv_data_2_gcs_dag.py
[2022-02-18 12:59:23,846] {logging_mixin.py:109} INFO - [2022-02-18 12:59:23,846] {dag.py:2396} INFO - Sync 1 DAGs
[2022-02-18 12:59:23,862] {logging_mixin.py:109} INFO - [2022-02-18 12:59:23,861] {dag.py:2935} INFO - Setting next_dagrun for fhv_data_2_gcs_dag to 2022-02-18T00:00:00+00:00
[2022-02-18 12:59:23,871] {processor.py:171} INFO - Processing /opt/airflow/dags/fhv_data_2_gcs_dag.py took 0.675 seconds
[2022-02-18 12:59:54,007] {processor.py:163} INFO - Started process (PID=2059) to work on /opt/airflow/dags/fhv_data_2_gcs_dag.py
[2022-02-18 12:59:54,016] {processor.py:642} INFO - Processing file /opt/airflow/dags/fhv_data_2_gcs_dag.py for tasks to queue
[2022-02-18 12:59:54,020] {logging_mixin.py:109} INFO - [2022-02-18 12:59:54,020] {dagbag.py:500} INFO - Filling up the DagBag from /opt/airflow/dags/fhv_data_2_gcs_dag.py
[2022-02-18 12:59:54,954] {processor.py:654} INFO - DAG(s) dict_keys(['fhv_data_2_gcs_dag']) retrieved from /opt/airflow/dags/fhv_data_2_gcs_dag.py
[2022-02-18 12:59:54,966] {logging_mixin.py:109} INFO - [2022-02-18 12:59:54,966] {dag.py:2396} INFO - Sync 1 DAGs
[2022-02-18 12:59:54,983] {logging_mixin.py:109} INFO - [2022-02-18 12:59:54,983] {dag.py:2935} INFO - Setting next_dagrun for fhv_data_2_gcs_dag to 2022-02-18T00:00:00+00:00
[2022-02-18 12:59:54,995] {processor.py:171} INFO - Processing /opt/airflow/dags/fhv_data_2_gcs_dag.py took 0.994 seconds
[2022-02-18 13:00:25,138] {processor.py:163} INFO - Started process (PID=2100) to work on /opt/airflow/dags/fhv_data_2_gcs_dag.py
[2022-02-18 13:00:25,140] {processor.py:642} INFO - Processing file /opt/airflow/dags/fhv_data_2_gcs_dag.py for tasks to queue
[2022-02-18 13:00:25,141] {logging_mixin.py:109} INFO - [2022-02-18 13:00:25,141] {dagbag.py:500} INFO - Filling up the DagBag from /opt/airflow/dags/fhv_data_2_gcs_dag.py
[2022-02-18 13:00:25,791] {processor.py:654} INFO - DAG(s) dict_keys(['fhv_data_2_gcs_dag']) retrieved from /opt/airflow/dags/fhv_data_2_gcs_dag.py
[2022-02-18 13:00:25,800] {logging_mixin.py:109} INFO - [2022-02-18 13:00:25,800] {dag.py:2396} INFO - Sync 1 DAGs
[2022-02-18 13:00:25,815] {logging_mixin.py:109} INFO - [2022-02-18 13:00:25,815] {dag.py:2935} INFO - Setting next_dagrun for fhv_data_2_gcs_dag to 2022-02-18T00:00:00+00:00
[2022-02-18 13:00:25,824] {processor.py:171} INFO - Processing /opt/airflow/dags/fhv_data_2_gcs_dag.py took 0.690 seconds
[2022-02-18 13:00:56,249] {processor.py:163} INFO - Started process (PID=2130) to work on /opt/airflow/dags/fhv_data_2_gcs_dag.py
[2022-02-18 13:00:56,252] {processor.py:642} INFO - Processing file /opt/airflow/dags/fhv_data_2_gcs_dag.py for tasks to queue
[2022-02-18 13:00:56,253] {logging_mixin.py:109} INFO - [2022-02-18 13:00:56,253] {dagbag.py:500} INFO - Filling up the DagBag from /opt/airflow/dags/fhv_data_2_gcs_dag.py
[2022-02-18 13:00:56,907] {processor.py:654} INFO - DAG(s) dict_keys(['fhv_data_2_gcs_dag']) retrieved from /opt/airflow/dags/fhv_data_2_gcs_dag.py
[2022-02-18 13:00:56,916] {logging_mixin.py:109} INFO - [2022-02-18 13:00:56,915] {dag.py:2396} INFO - Sync 1 DAGs
[2022-02-18 13:00:56,931] {logging_mixin.py:109} INFO - [2022-02-18 13:00:56,931] {dag.py:2935} INFO - Setting next_dagrun for fhv_data_2_gcs_dag to 2022-02-18T00:00:00+00:00
[2022-02-18 13:00:56,941] {processor.py:171} INFO - Processing /opt/airflow/dags/fhv_data_2_gcs_dag.py took 0.696 seconds
[2022-02-18 13:01:27,063] {processor.py:163} INFO - Started process (PID=2170) to work on /opt/airflow/dags/fhv_data_2_gcs_dag.py
[2022-02-18 13:01:27,066] {processor.py:642} INFO - Processing file /opt/airflow/dags/fhv_data_2_gcs_dag.py for tasks to queue
[2022-02-18 13:01:27,067] {logging_mixin.py:109} INFO - [2022-02-18 13:01:27,067] {dagbag.py:500} INFO - Filling up the DagBag from /opt/airflow/dags/fhv_data_2_gcs_dag.py
[2022-02-18 13:01:27,735] {processor.py:654} INFO - DAG(s) dict_keys(['fhv_data_2_gcs_dag']) retrieved from /opt/airflow/dags/fhv_data_2_gcs_dag.py
[2022-02-18 13:01:27,744] {logging_mixin.py:109} INFO - [2022-02-18 13:01:27,743] {dag.py:2396} INFO - Sync 1 DAGs
[2022-02-18 13:01:27,757] {logging_mixin.py:109} INFO - [2022-02-18 13:01:27,757] {dag.py:2935} INFO - Setting next_dagrun for fhv_data_2_gcs_dag to 2022-02-18T00:00:00+00:00
[2022-02-18 13:01:27,764] {processor.py:171} INFO - Processing /opt/airflow/dags/fhv_data_2_gcs_dag.py took 0.705 seconds
[2022-02-18 13:01:57,884] {processor.py:163} INFO - Started process (PID=2200) to work on /opt/airflow/dags/fhv_data_2_gcs_dag.py
[2022-02-18 13:01:57,887] {processor.py:642} INFO - Processing file /opt/airflow/dags/fhv_data_2_gcs_dag.py for tasks to queue
[2022-02-18 13:01:57,888] {logging_mixin.py:109} INFO - [2022-02-18 13:01:57,888] {dagbag.py:500} INFO - Filling up the DagBag from /opt/airflow/dags/fhv_data_2_gcs_dag.py
[2022-02-18 13:01:58,566] {processor.py:654} INFO - DAG(s) dict_keys(['fhv_data_2_gcs_dag']) retrieved from /opt/airflow/dags/fhv_data_2_gcs_dag.py
[2022-02-18 13:01:58,577] {logging_mixin.py:109} INFO - [2022-02-18 13:01:58,577] {dag.py:2396} INFO - Sync 1 DAGs
[2022-02-18 13:01:58,595] {logging_mixin.py:109} INFO - [2022-02-18 13:01:58,595] {dag.py:2935} INFO - Setting next_dagrun for fhv_data_2_gcs_dag to 2022-02-18T00:00:00+00:00
[2022-02-18 13:01:58,605] {processor.py:171} INFO - Processing /opt/airflow/dags/fhv_data_2_gcs_dag.py took 0.725 seconds
