[2022-02-02 17:48:12,728] {taskinstance.py:1032} INFO - Dependencies all met for <TaskInstance: ex_1_data_ingestion_gcs_dag_v2.local_to_gcs_task scheduled__2019-12-01T00:00:00+00:00 [queued]>
[2022-02-02 17:48:12,744] {taskinstance.py:1032} INFO - Dependencies all met for <TaskInstance: ex_1_data_ingestion_gcs_dag_v2.local_to_gcs_task scheduled__2019-12-01T00:00:00+00:00 [queued]>
[2022-02-02 17:48:12,745] {taskinstance.py:1238} INFO - 
--------------------------------------------------------------------------------
[2022-02-02 17:48:12,746] {taskinstance.py:1239} INFO - Starting attempt 1 of 1
[2022-02-02 17:48:12,747] {taskinstance.py:1240} INFO - 
--------------------------------------------------------------------------------
[2022-02-02 17:48:12,771] {taskinstance.py:1259} INFO - Executing <Task(PythonOperator): local_to_gcs_task> on 2019-12-01 00:00:00+00:00
[2022-02-02 17:48:12,784] {standard_task_runner.py:52} INFO - Started process 7194 to run task
[2022-02-02 17:48:12,795] {standard_task_runner.py:76} INFO - Running: ['***', 'tasks', 'run', 'ex_1_data_ingestion_gcs_dag_v2', 'local_to_gcs_task', 'scheduled__2019-12-01T00:00:00+00:00', '--job-id', '259', '--raw', '--subdir', 'DAGS_FOLDER/data_ingestion_hw_1_ex.py', '--cfg-path', '/tmp/tmp84gf37m3', '--error-file', '/tmp/tmppoowjnkf']
[2022-02-02 17:48:12,797] {standard_task_runner.py:77} INFO - Job 259: Subtask local_to_gcs_task
[2022-02-02 17:48:12,898] {logging_mixin.py:109} INFO - Running <TaskInstance: ex_1_data_ingestion_gcs_dag_v2.local_to_gcs_task scheduled__2019-12-01T00:00:00+00:00 [running]> on host 700aeb16bae0
[2022-02-02 17:48:12,957] {warnings.py:110} WARNING - /home/***/.local/lib/python3.7/site-packages/***/utils/context.py:152: AirflowContextDeprecationWarning: Accessing 'execution_date' from the template is deprecated and will be removed in a future version. Please use 'data_interval_start' or 'logical_date' instead.
  warnings.warn(_create_deprecation_warning(key, self._deprecation_replacements[key]))

[2022-02-02 17:48:12,995] {taskinstance.py:1426} INFO - Exporting the following env vars:
AIRFLOW_CTX_DAG_OWNER=***
AIRFLOW_CTX_DAG_ID=ex_1_data_ingestion_gcs_dag_v2
AIRFLOW_CTX_TASK_ID=local_to_gcs_task
AIRFLOW_CTX_EXECUTION_DATE=2019-12-01T00:00:00+00:00
AIRFLOW_CTX_DAG_RUN_ID=scheduled__2019-12-01T00:00:00+00:00
[2022-02-02 17:48:25,345] {python.py:175} INFO - Done. Returned value was: None
[2022-02-02 17:48:26,365] {taskinstance.py:1277} INFO - Marking task as SUCCESS. dag_id=ex_1_data_ingestion_gcs_dag_v2, task_id=local_to_gcs_task, execution_date=20191201T000000, start_date=20220202T174812, end_date=20220202T174826
[2022-02-02 17:48:26,727] {local_task_job.py:154} INFO - Task exited with return code 0
[2022-02-02 17:48:26,870] {local_task_job.py:264} INFO - 0 downstream tasks scheduled from follow-on schedule check
