[2022-02-03 14:40:00,245] {taskinstance.py:1032} INFO - Dependencies all met for <TaskInstance: FHV_data_ingestion_gcs_dag.download_dataset_task scheduled__2019-06-01T00:00:00+00:00 [queued]>
[2022-02-03 14:40:00,258] {taskinstance.py:1032} INFO - Dependencies all met for <TaskInstance: FHV_data_ingestion_gcs_dag.download_dataset_task scheduled__2019-06-01T00:00:00+00:00 [queued]>
[2022-02-03 14:40:00,259] {taskinstance.py:1238} INFO - 
--------------------------------------------------------------------------------
[2022-02-03 14:40:00,259] {taskinstance.py:1239} INFO - Starting attempt 1 of 1
[2022-02-03 14:40:00,260] {taskinstance.py:1240} INFO - 
--------------------------------------------------------------------------------
[2022-02-03 14:40:00,272] {taskinstance.py:1259} INFO - Executing <Task(BashOperator): download_dataset_task> on 2019-06-01 00:00:00+00:00
[2022-02-03 14:40:00,277] {standard_task_runner.py:52} INFO - Started process 943 to run task
[2022-02-03 14:40:00,281] {standard_task_runner.py:76} INFO - Running: ['***', 'tasks', 'run', 'FHV_data_ingestion_gcs_dag', 'download_dataset_task', 'scheduled__2019-06-01T00:00:00+00:00', '--job-id', '441', '--raw', '--subdir', 'DAGS_FOLDER/FHV_injection_dag.py', '--cfg-path', '/tmp/tmpemzxml5z', '--error-file', '/tmp/tmp6zz9d1mn']
[2022-02-03 14:40:00,283] {standard_task_runner.py:77} INFO - Job 441: Subtask download_dataset_task
[2022-02-03 14:40:00,342] {logging_mixin.py:109} INFO - Running <TaskInstance: FHV_data_ingestion_gcs_dag.download_dataset_task scheduled__2019-06-01T00:00:00+00:00 [running]> on host 700aeb16bae0
[2022-02-03 14:40:00,377] {warnings.py:110} WARNING - /home/***/.local/lib/python3.7/site-packages/***/utils/context.py:152: AirflowContextDeprecationWarning: Accessing 'execution_date' from the template is deprecated and will be removed in a future version. Please use 'data_interval_start' or 'logical_date' instead.
  warnings.warn(_create_deprecation_warning(key, self._deprecation_replacements[key]))

[2022-02-03 14:40:00,396] {taskinstance.py:1426} INFO - Exporting the following env vars:
AIRFLOW_CTX_DAG_OWNER=***
AIRFLOW_CTX_DAG_ID=FHV_data_ingestion_gcs_dag
AIRFLOW_CTX_TASK_ID=download_dataset_task
AIRFLOW_CTX_EXECUTION_DATE=2019-06-01T00:00:00+00:00
AIRFLOW_CTX_DAG_RUN_ID=scheduled__2019-06-01T00:00:00+00:00
[2022-02-03 14:40:00,398] {subprocess.py:62} INFO - Tmp dir root location: 
 /tmp
[2022-02-03 14:40:00,399] {subprocess.py:74} INFO - Running command: ['bash', '-c', 'curl -sSLf https://nyc-tlc.s3.amazonaws.com/trip+data/fhv_tripdata_2019-06.csv > /opt/***/fhv_tripdata_2019-06.csv']
[2022-02-03 14:40:00,410] {subprocess.py:85} INFO - Output:
[2022-02-03 14:41:03,379] {subprocess.py:93} INFO - Command exited with return code 0
[2022-02-03 14:41:03,411] {taskinstance.py:1277} INFO - Marking task as SUCCESS. dag_id=FHV_data_ingestion_gcs_dag, task_id=download_dataset_task, execution_date=20190601T000000, start_date=20220203T144000, end_date=20220203T144103
[2022-02-03 14:41:03,442] {local_task_job.py:154} INFO - Task exited with return code 0
[2022-02-03 14:41:03,480] {local_task_job.py:264} INFO - 1 downstream tasks scheduled from follow-on schedule check
[2022-02-03 15:08:13,827] {taskinstance.py:1032} INFO - Dependencies all met for <TaskInstance: FHV_data_ingestion_gcs_dag.download_dataset_task scheduled__2019-06-01T00:00:00+00:00 [queued]>
[2022-02-03 15:08:13,839] {taskinstance.py:1032} INFO - Dependencies all met for <TaskInstance: FHV_data_ingestion_gcs_dag.download_dataset_task scheduled__2019-06-01T00:00:00+00:00 [queued]>
[2022-02-03 15:08:13,840] {taskinstance.py:1238} INFO - 
--------------------------------------------------------------------------------
[2022-02-03 15:08:13,841] {taskinstance.py:1239} INFO - Starting attempt 1 of 1
[2022-02-03 15:08:13,841] {taskinstance.py:1240} INFO - 
--------------------------------------------------------------------------------
[2022-02-03 15:08:13,853] {taskinstance.py:1259} INFO - Executing <Task(BashOperator): download_dataset_task> on 2019-06-01 00:00:00+00:00
[2022-02-03 15:08:13,858] {standard_task_runner.py:52} INFO - Started process 2686 to run task
[2022-02-03 15:08:13,863] {standard_task_runner.py:76} INFO - Running: ['***', 'tasks', 'run', 'FHV_data_ingestion_gcs_dag', 'download_dataset_task', 'scheduled__2019-06-01T00:00:00+00:00', '--job-id', '544', '--raw', '--subdir', 'DAGS_FOLDER/FHV_injection_dag.py', '--cfg-path', '/tmp/tmprywe5eo3', '--error-file', '/tmp/tmp14zxg8jb']
[2022-02-03 15:08:13,864] {standard_task_runner.py:77} INFO - Job 544: Subtask download_dataset_task
[2022-02-03 15:08:13,930] {logging_mixin.py:109} INFO - Running <TaskInstance: FHV_data_ingestion_gcs_dag.download_dataset_task scheduled__2019-06-01T00:00:00+00:00 [running]> on host 700aeb16bae0
[2022-02-03 15:08:13,975] {warnings.py:110} WARNING - /home/***/.local/lib/python3.7/site-packages/***/utils/context.py:152: AirflowContextDeprecationWarning: Accessing 'execution_date' from the template is deprecated and will be removed in a future version. Please use 'data_interval_start' or 'logical_date' instead.
  warnings.warn(_create_deprecation_warning(key, self._deprecation_replacements[key]))

[2022-02-03 15:08:14,001] {taskinstance.py:1426} INFO - Exporting the following env vars:
AIRFLOW_CTX_DAG_OWNER=***
AIRFLOW_CTX_DAG_ID=FHV_data_ingestion_gcs_dag
AIRFLOW_CTX_TASK_ID=download_dataset_task
AIRFLOW_CTX_EXECUTION_DATE=2019-06-01T00:00:00+00:00
AIRFLOW_CTX_DAG_RUN_ID=scheduled__2019-06-01T00:00:00+00:00
[2022-02-03 15:08:14,003] {subprocess.py:62} INFO - Tmp dir root location: 
 /tmp
[2022-02-03 15:08:14,004] {subprocess.py:74} INFO - Running command: ['bash', '-c', 'curl -sSLf https://nyc-tlc.s3.amazonaws.com/trip+data/fhv_tripdata_2019-06.csv > /opt/***/fhv_tripdata_2019-06.csv']
[2022-02-03 15:08:14,017] {subprocess.py:85} INFO - Output:
[2022-02-03 15:08:37,711] {subprocess.py:93} INFO - Command exited with return code 0
[2022-02-03 15:08:37,765] {taskinstance.py:1277} INFO - Marking task as SUCCESS. dag_id=FHV_data_ingestion_gcs_dag, task_id=download_dataset_task, execution_date=20190601T000000, start_date=20220203T150813, end_date=20220203T150837
[2022-02-03 15:08:37,824] {local_task_job.py:154} INFO - Task exited with return code 0
[2022-02-03 15:08:37,859] {local_task_job.py:264} INFO - 1 downstream tasks scheduled from follow-on schedule check
