[2022-02-03 14:47:56,019] {taskinstance.py:1032} INFO - Dependencies all met for <TaskInstance: FHV_data_ingestion_gcs_dag.format_to_parquet_task scheduled__2019-11-01T00:00:00+00:00 [queued]>
[2022-02-03 14:47:56,033] {taskinstance.py:1032} INFO - Dependencies all met for <TaskInstance: FHV_data_ingestion_gcs_dag.format_to_parquet_task scheduled__2019-11-01T00:00:00+00:00 [queued]>
[2022-02-03 14:47:56,034] {taskinstance.py:1238} INFO - 
--------------------------------------------------------------------------------
[2022-02-03 14:47:56,034] {taskinstance.py:1239} INFO - Starting attempt 1 of 1
[2022-02-03 14:47:56,035] {taskinstance.py:1240} INFO - 
--------------------------------------------------------------------------------
[2022-02-03 14:47:56,048] {taskinstance.py:1259} INFO - Executing <Task(PythonOperator): format_to_parquet_task> on 2019-11-01 00:00:00+00:00
[2022-02-03 14:47:56,053] {standard_task_runner.py:52} INFO - Started process 1413 to run task
[2022-02-03 14:47:56,058] {standard_task_runner.py:76} INFO - Running: ['***', 'tasks', 'run', 'FHV_data_ingestion_gcs_dag', 'format_to_parquet_task', 'scheduled__2019-11-01T00:00:00+00:00', '--job-id', '460', '--raw', '--subdir', 'DAGS_FOLDER/FHV_injection_dag.py', '--cfg-path', '/tmp/tmp9s3jsoc9', '--error-file', '/tmp/tmpqa9m90s3']
[2022-02-03 14:47:56,059] {standard_task_runner.py:77} INFO - Job 460: Subtask format_to_parquet_task
[2022-02-03 14:47:56,117] {logging_mixin.py:109} INFO - Running <TaskInstance: FHV_data_ingestion_gcs_dag.format_to_parquet_task scheduled__2019-11-01T00:00:00+00:00 [running]> on host 700aeb16bae0
[2022-02-03 14:47:56,151] {warnings.py:110} WARNING - /home/***/.local/lib/python3.7/site-packages/***/utils/context.py:152: AirflowContextDeprecationWarning: Accessing 'execution_date' from the template is deprecated and will be removed in a future version. Please use 'data_interval_start' or 'logical_date' instead.
  warnings.warn(_create_deprecation_warning(key, self._deprecation_replacements[key]))

[2022-02-03 14:47:56,171] {taskinstance.py:1426} INFO - Exporting the following env vars:
AIRFLOW_CTX_DAG_OWNER=***
AIRFLOW_CTX_DAG_ID=FHV_data_ingestion_gcs_dag
AIRFLOW_CTX_TASK_ID=format_to_parquet_task
AIRFLOW_CTX_EXECUTION_DATE=2019-11-01T00:00:00+00:00
AIRFLOW_CTX_DAG_RUN_ID=scheduled__2019-11-01T00:00:00+00:00
[2022-02-03 14:47:56,637] {python.py:175} INFO - Done. Returned value was: None
[2022-02-03 14:47:56,651] {taskinstance.py:1277} INFO - Marking task as SUCCESS. dag_id=FHV_data_ingestion_gcs_dag, task_id=format_to_parquet_task, execution_date=20191101T000000, start_date=20220203T144756, end_date=20220203T144756
[2022-02-03 14:47:56,715] {local_task_job.py:154} INFO - Task exited with return code 0
[2022-02-03 14:47:56,756] {local_task_job.py:264} INFO - 1 downstream tasks scheduled from follow-on schedule check
[2022-02-03 15:12:32,984] {taskinstance.py:1032} INFO - Dependencies all met for <TaskInstance: FHV_data_ingestion_gcs_dag.format_to_parquet_task scheduled__2019-11-01T00:00:00+00:00 [queued]>
[2022-02-03 15:12:32,996] {taskinstance.py:1032} INFO - Dependencies all met for <TaskInstance: FHV_data_ingestion_gcs_dag.format_to_parquet_task scheduled__2019-11-01T00:00:00+00:00 [queued]>
[2022-02-03 15:12:32,997] {taskinstance.py:1238} INFO - 
--------------------------------------------------------------------------------
[2022-02-03 15:12:32,998] {taskinstance.py:1239} INFO - Starting attempt 1 of 1
[2022-02-03 15:12:32,998] {taskinstance.py:1240} INFO - 
--------------------------------------------------------------------------------
[2022-02-03 15:12:33,011] {taskinstance.py:1259} INFO - Executing <Task(PythonOperator): format_to_parquet_task> on 2019-11-01 00:00:00+00:00
[2022-02-03 15:12:33,017] {standard_task_runner.py:52} INFO - Started process 2998 to run task
[2022-02-03 15:12:33,021] {standard_task_runner.py:76} INFO - Running: ['***', 'tasks', 'run', 'FHV_data_ingestion_gcs_dag', 'format_to_parquet_task', 'scheduled__2019-11-01T00:00:00+00:00', '--job-id', '561', '--raw', '--subdir', 'DAGS_FOLDER/FHV_injection_dag.py', '--cfg-path', '/tmp/tmpbajza75s', '--error-file', '/tmp/tmpfq80gku1']
[2022-02-03 15:12:33,023] {standard_task_runner.py:77} INFO - Job 561: Subtask format_to_parquet_task
[2022-02-03 15:12:33,087] {logging_mixin.py:109} INFO - Running <TaskInstance: FHV_data_ingestion_gcs_dag.format_to_parquet_task scheduled__2019-11-01T00:00:00+00:00 [running]> on host 700aeb16bae0
[2022-02-03 15:12:33,127] {warnings.py:110} WARNING - /home/***/.local/lib/python3.7/site-packages/***/utils/context.py:152: AirflowContextDeprecationWarning: Accessing 'execution_date' from the template is deprecated and will be removed in a future version. Please use 'data_interval_start' or 'logical_date' instead.
  warnings.warn(_create_deprecation_warning(key, self._deprecation_replacements[key]))

[2022-02-03 15:12:33,149] {taskinstance.py:1426} INFO - Exporting the following env vars:
AIRFLOW_CTX_DAG_OWNER=***
AIRFLOW_CTX_DAG_ID=FHV_data_ingestion_gcs_dag
AIRFLOW_CTX_TASK_ID=format_to_parquet_task
AIRFLOW_CTX_EXECUTION_DATE=2019-11-01T00:00:00+00:00
AIRFLOW_CTX_DAG_RUN_ID=scheduled__2019-11-01T00:00:00+00:00
[2022-02-03 15:12:33,580] {python.py:175} INFO - Done. Returned value was: None
[2022-02-03 15:12:33,595] {taskinstance.py:1277} INFO - Marking task as SUCCESS. dag_id=FHV_data_ingestion_gcs_dag, task_id=format_to_parquet_task, execution_date=20191101T000000, start_date=20220203T151232, end_date=20220203T151233
[2022-02-03 15:12:33,681] {local_task_job.py:154} INFO - Task exited with return code 0
[2022-02-03 15:12:33,728] {local_task_job.py:264} INFO - 1 downstream tasks scheduled from follow-on schedule check
