[2022-02-02 19:13:19,190] {taskinstance.py:1032} INFO - Dependencies all met for <TaskInstance: ex_1_data_ingestion_gcs_dag_v3.local_to_gcs_task scheduled__2021-10-01T00:00:00+00:00 [queued]>
[2022-02-02 19:13:19,203] {taskinstance.py:1032} INFO - Dependencies all met for <TaskInstance: ex_1_data_ingestion_gcs_dag_v3.local_to_gcs_task scheduled__2021-10-01T00:00:00+00:00 [queued]>
[2022-02-02 19:13:19,204] {taskinstance.py:1238} INFO - 
--------------------------------------------------------------------------------
[2022-02-02 19:13:19,205] {taskinstance.py:1239} INFO - Starting attempt 1 of 1
[2022-02-02 19:13:19,206] {taskinstance.py:1240} INFO - 
--------------------------------------------------------------------------------
[2022-02-02 19:13:19,219] {taskinstance.py:1259} INFO - Executing <Task(PythonOperator): local_to_gcs_task> on 2021-10-01 00:00:00+00:00
[2022-02-02 19:13:19,226] {standard_task_runner.py:52} INFO - Started process 11927 to run task
[2022-02-02 19:13:19,230] {standard_task_runner.py:76} INFO - Running: ['***', 'tasks', 'run', 'ex_1_data_ingestion_gcs_dag_v3', 'local_to_gcs_task', 'scheduled__2021-10-01T00:00:00+00:00', '--job-id', '403', '--raw', '--subdir', 'DAGS_FOLDER/data_ingestion_hw_1_ex.py', '--cfg-path', '/tmp/tmpzl6s2mq0', '--error-file', '/tmp/tmp8hohyrzy']
[2022-02-02 19:13:19,232] {standard_task_runner.py:77} INFO - Job 403: Subtask local_to_gcs_task
[2022-02-02 19:13:19,303] {logging_mixin.py:109} INFO - Running <TaskInstance: ex_1_data_ingestion_gcs_dag_v3.local_to_gcs_task scheduled__2021-10-01T00:00:00+00:00 [running]> on host 700aeb16bae0
[2022-02-02 19:13:19,344] {warnings.py:110} WARNING - /home/***/.local/lib/python3.7/site-packages/***/utils/context.py:152: AirflowContextDeprecationWarning: Accessing 'execution_date' from the template is deprecated and will be removed in a future version. Please use 'data_interval_start' or 'logical_date' instead.
  warnings.warn(_create_deprecation_warning(key, self._deprecation_replacements[key]))

[2022-02-02 19:13:19,367] {taskinstance.py:1426} INFO - Exporting the following env vars:
AIRFLOW_CTX_DAG_OWNER=***
AIRFLOW_CTX_DAG_ID=ex_1_data_ingestion_gcs_dag_v3
AIRFLOW_CTX_TASK_ID=local_to_gcs_task
AIRFLOW_CTX_EXECUTION_DATE=2021-10-01T00:00:00+00:00
AIRFLOW_CTX_DAG_RUN_ID=scheduled__2021-10-01T00:00:00+00:00
[2022-02-02 19:13:19,650] {python.py:175} INFO - Done. Returned value was: None
[2022-02-02 19:13:19,666] {taskinstance.py:1277} INFO - Marking task as SUCCESS. dag_id=ex_1_data_ingestion_gcs_dag_v3, task_id=local_to_gcs_task, execution_date=20211001T000000, start_date=20220202T191319, end_date=20220202T191319
[2022-02-02 19:13:19,729] {local_task_job.py:154} INFO - Task exited with return code 0
[2022-02-02 19:13:19,764] {local_task_job.py:264} INFO - 0 downstream tasks scheduled from follow-on schedule check
[2022-02-10 14:55:11,526] {taskinstance.py:1032} INFO - Dependencies all met for <TaskInstance: ex_1_data_ingestion_gcs_dag_v3.local_to_gcs_task scheduled__2021-10-01T00:00:00+00:00 [queued]>
[2022-02-10 14:55:11,575] {taskinstance.py:1032} INFO - Dependencies all met for <TaskInstance: ex_1_data_ingestion_gcs_dag_v3.local_to_gcs_task scheduled__2021-10-01T00:00:00+00:00 [queued]>
[2022-02-10 14:55:11,578] {taskinstance.py:1238} INFO - 
--------------------------------------------------------------------------------
[2022-02-10 14:55:11,581] {taskinstance.py:1239} INFO - Starting attempt 1 of 1
[2022-02-10 14:55:11,586] {taskinstance.py:1240} INFO - 
--------------------------------------------------------------------------------
[2022-02-10 14:55:11,637] {taskinstance.py:1259} INFO - Executing <Task(PythonOperator): local_to_gcs_task> on 2021-10-01 00:00:00+00:00
[2022-02-10 14:55:11,662] {standard_task_runner.py:52} INFO - Started process 3587 to run task
[2022-02-10 14:55:11,686] {standard_task_runner.py:76} INFO - Running: ['***', 'tasks', 'run', 'ex_1_data_ingestion_gcs_dag_v3', 'local_to_gcs_task', 'scheduled__2021-10-01T00:00:00+00:00', '--job-id', '757', '--raw', '--subdir', 'DAGS_FOLDER/data_ingestion_hw_1_ex.py', '--cfg-path', '/tmp/tmp9dez36hm', '--error-file', '/tmp/tmpojohx0um']
[2022-02-10 14:55:11,692] {standard_task_runner.py:77} INFO - Job 757: Subtask local_to_gcs_task
[2022-02-10 14:55:11,952] {logging_mixin.py:109} INFO - Running <TaskInstance: ex_1_data_ingestion_gcs_dag_v3.local_to_gcs_task scheduled__2021-10-01T00:00:00+00:00 [running]> on host e30f201fae61
[2022-02-10 14:55:12,070] {warnings.py:110} WARNING - /home/***/.local/lib/python3.7/site-packages/***/utils/context.py:152: AirflowContextDeprecationWarning: Accessing 'execution_date' from the template is deprecated and will be removed in a future version. Please use 'data_interval_start' or 'logical_date' instead.
  warnings.warn(_create_deprecation_warning(key, self._deprecation_replacements[key]))

[2022-02-10 14:55:12,121] {taskinstance.py:1426} INFO - Exporting the following env vars:
AIRFLOW_CTX_DAG_OWNER=***
AIRFLOW_CTX_DAG_ID=ex_1_data_ingestion_gcs_dag_v3
AIRFLOW_CTX_TASK_ID=local_to_gcs_task
AIRFLOW_CTX_EXECUTION_DATE=2021-10-01T00:00:00+00:00
AIRFLOW_CTX_DAG_RUN_ID=scheduled__2021-10-01T00:00:00+00:00
[2022-02-10 14:55:12,544] {python.py:175} INFO - Done. Returned value was: None
[2022-02-10 14:55:12,595] {taskinstance.py:1277} INFO - Marking task as SUCCESS. dag_id=ex_1_data_ingestion_gcs_dag_v3, task_id=local_to_gcs_task, execution_date=20211001T000000, start_date=20220210T145511, end_date=20220210T145512
[2022-02-10 14:55:12,707] {local_task_job.py:154} INFO - Task exited with return code 0
[2022-02-10 14:55:12,816] {local_task_job.py:264} INFO - 0 downstream tasks scheduled from follow-on schedule check
[2022-02-10 15:43:17,893] {taskinstance.py:1032} INFO - Dependencies all met for <TaskInstance: ex_1_data_ingestion_gcs_dag_v3.local_to_gcs_task scheduled__2021-10-01T00:00:00+00:00 [queued]>
[2022-02-10 15:43:17,908] {taskinstance.py:1032} INFO - Dependencies all met for <TaskInstance: ex_1_data_ingestion_gcs_dag_v3.local_to_gcs_task scheduled__2021-10-01T00:00:00+00:00 [queued]>
[2022-02-10 15:43:17,909] {taskinstance.py:1238} INFO - 
--------------------------------------------------------------------------------
[2022-02-10 15:43:17,910] {taskinstance.py:1239} INFO - Starting attempt 1 of 1
[2022-02-10 15:43:17,912] {taskinstance.py:1240} INFO - 
--------------------------------------------------------------------------------
[2022-02-10 15:43:17,928] {taskinstance.py:1259} INFO - Executing <Task(PythonOperator): local_to_gcs_task> on 2021-10-01 00:00:00+00:00
[2022-02-10 15:43:17,935] {standard_task_runner.py:52} INFO - Started process 1272 to run task
[2022-02-10 15:43:17,944] {standard_task_runner.py:76} INFO - Running: ['***', 'tasks', 'run', 'ex_1_data_ingestion_gcs_dag_v3', 'local_to_gcs_task', 'scheduled__2021-10-01T00:00:00+00:00', '--job-id', '887', '--raw', '--subdir', 'DAGS_FOLDER/data_ingestion_hw_1_ex.py', '--cfg-path', '/tmp/tmp583ayxk8', '--error-file', '/tmp/tmptdrbad9y']
[2022-02-10 15:43:17,947] {standard_task_runner.py:77} INFO - Job 887: Subtask local_to_gcs_task
[2022-02-10 15:43:18,053] {logging_mixin.py:109} INFO - Running <TaskInstance: ex_1_data_ingestion_gcs_dag_v3.local_to_gcs_task scheduled__2021-10-01T00:00:00+00:00 [running]> on host 276a0ad90304
[2022-02-10 15:43:18,126] {warnings.py:110} WARNING - /home/***/.local/lib/python3.7/site-packages/***/utils/context.py:152: AirflowContextDeprecationWarning: Accessing 'execution_date' from the template is deprecated and will be removed in a future version. Please use 'data_interval_start' or 'logical_date' instead.
  warnings.warn(_create_deprecation_warning(key, self._deprecation_replacements[key]))

[2022-02-10 15:43:18,160] {taskinstance.py:1426} INFO - Exporting the following env vars:
AIRFLOW_CTX_DAG_OWNER=***
AIRFLOW_CTX_DAG_ID=ex_1_data_ingestion_gcs_dag_v3
AIRFLOW_CTX_TASK_ID=local_to_gcs_task
AIRFLOW_CTX_EXECUTION_DATE=2021-10-01T00:00:00+00:00
AIRFLOW_CTX_DAG_RUN_ID=scheduled__2021-10-01T00:00:00+00:00
[2022-02-10 15:43:18,538] {python.py:175} INFO - Done. Returned value was: None
[2022-02-10 15:43:18,559] {taskinstance.py:1277} INFO - Marking task as SUCCESS. dag_id=ex_1_data_ingestion_gcs_dag_v3, task_id=local_to_gcs_task, execution_date=20211001T000000, start_date=20220210T154317, end_date=20220210T154318
[2022-02-10 15:43:18,604] {local_task_job.py:154} INFO - Task exited with return code 0
[2022-02-10 15:43:18,665] {local_task_job.py:264} INFO - 0 downstream tasks scheduled from follow-on schedule check
[2022-02-10 16:45:31,922] {taskinstance.py:1032} INFO - Dependencies all met for <TaskInstance: ex_1_data_ingestion_gcs_dag_v3.local_to_gcs_task scheduled__2021-10-01T00:00:00+00:00 [queued]>
[2022-02-10 16:45:31,940] {taskinstance.py:1032} INFO - Dependencies all met for <TaskInstance: ex_1_data_ingestion_gcs_dag_v3.local_to_gcs_task scheduled__2021-10-01T00:00:00+00:00 [queued]>
[2022-02-10 16:45:31,941] {taskinstance.py:1238} INFO - 
--------------------------------------------------------------------------------
[2022-02-10 16:45:31,942] {taskinstance.py:1239} INFO - Starting attempt 1 of 1
[2022-02-10 16:45:31,943] {taskinstance.py:1240} INFO - 
--------------------------------------------------------------------------------
[2022-02-10 16:45:31,970] {taskinstance.py:1259} INFO - Executing <Task(PythonOperator): local_to_gcs_task> on 2021-10-01 00:00:00+00:00
[2022-02-10 16:45:31,991] {standard_task_runner.py:52} INFO - Started process 1099 to run task
[2022-02-10 16:45:32,020] {standard_task_runner.py:76} INFO - Running: ['***', 'tasks', 'run', 'ex_1_data_ingestion_gcs_dag_v3', 'local_to_gcs_task', 'scheduled__2021-10-01T00:00:00+00:00', '--job-id', '995', '--raw', '--subdir', 'DAGS_FOLDER/data_ingestion_hw_1_ex.py', '--cfg-path', '/tmp/tmpsrb3rkj0', '--error-file', '/tmp/tmp4l9xz8iu']
[2022-02-10 16:45:32,024] {standard_task_runner.py:77} INFO - Job 995: Subtask local_to_gcs_task
[2022-02-10 16:45:32,134] {logging_mixin.py:109} INFO - Running <TaskInstance: ex_1_data_ingestion_gcs_dag_v3.local_to_gcs_task scheduled__2021-10-01T00:00:00+00:00 [running]> on host 106a34111faf
[2022-02-10 16:45:32,222] {warnings.py:110} WARNING - /home/***/.local/lib/python3.7/site-packages/***/utils/context.py:152: AirflowContextDeprecationWarning: Accessing 'execution_date' from the template is deprecated and will be removed in a future version. Please use 'data_interval_start' or 'logical_date' instead.
  warnings.warn(_create_deprecation_warning(key, self._deprecation_replacements[key]))

[2022-02-10 16:45:32,278] {taskinstance.py:1426} INFO - Exporting the following env vars:
AIRFLOW_CTX_DAG_OWNER=***
AIRFLOW_CTX_DAG_ID=ex_1_data_ingestion_gcs_dag_v3
AIRFLOW_CTX_TASK_ID=local_to_gcs_task
AIRFLOW_CTX_EXECUTION_DATE=2021-10-01T00:00:00+00:00
AIRFLOW_CTX_DAG_RUN_ID=scheduled__2021-10-01T00:00:00+00:00
[2022-02-10 16:45:32,612] {python.py:175} INFO - Done. Returned value was: None
[2022-02-10 16:45:32,633] {taskinstance.py:1277} INFO - Marking task as SUCCESS. dag_id=ex_1_data_ingestion_gcs_dag_v3, task_id=local_to_gcs_task, execution_date=20211001T000000, start_date=20220210T164531, end_date=20220210T164532
[2022-02-10 16:45:32,717] {local_task_job.py:154} INFO - Task exited with return code 0
[2022-02-10 16:45:32,772] {local_task_job.py:264} INFO - 0 downstream tasks scheduled from follow-on schedule check
