[2022-02-10 16:52:11,245] {taskinstance.py:1032} INFO - Dependencies all met for <TaskInstance: ex_1_data_ingestion_gcs_dag_v3.download_dataset_task scheduled__2019-09-01T00:00:00+00:00 [queued]>
[2022-02-10 16:52:11,258] {taskinstance.py:1032} INFO - Dependencies all met for <TaskInstance: ex_1_data_ingestion_gcs_dag_v3.download_dataset_task scheduled__2019-09-01T00:00:00+00:00 [queued]>
[2022-02-10 16:52:11,259] {taskinstance.py:1238} INFO - 
--------------------------------------------------------------------------------
[2022-02-10 16:52:11,260] {taskinstance.py:1239} INFO - Starting attempt 2 of 2
[2022-02-10 16:52:11,261] {taskinstance.py:1240} INFO - 
--------------------------------------------------------------------------------
[2022-02-10 16:52:11,273] {taskinstance.py:1259} INFO - Executing <Task(BashOperator): download_dataset_task> on 2019-09-01 00:00:00+00:00
[2022-02-10 16:52:11,280] {standard_task_runner.py:52} INFO - Started process 1441 to run task
[2022-02-10 16:52:11,284] {standard_task_runner.py:76} INFO - Running: ['***', 'tasks', 'run', 'ex_1_data_ingestion_gcs_dag_v3', 'download_dataset_task', 'scheduled__2019-09-01T00:00:00+00:00', '--job-id', '1009', '--raw', '--subdir', 'DAGS_FOLDER/data_ingestion_hw_1_ex.py', '--cfg-path', '/tmp/tmp0uoh4wpv', '--error-file', '/tmp/tmpfwj4_bzp']
[2022-02-10 16:52:11,286] {standard_task_runner.py:77} INFO - Job 1009: Subtask download_dataset_task
[2022-02-10 16:52:11,368] {logging_mixin.py:109} INFO - Running <TaskInstance: ex_1_data_ingestion_gcs_dag_v3.download_dataset_task scheduled__2019-09-01T00:00:00+00:00 [running]> on host 106a34111faf
[2022-02-10 16:52:11,421] {warnings.py:110} WARNING - /home/***/.local/lib/python3.7/site-packages/***/utils/context.py:152: AirflowContextDeprecationWarning: Accessing 'execution_date' from the template is deprecated and will be removed in a future version. Please use 'data_interval_start' or 'logical_date' instead.
  warnings.warn(_create_deprecation_warning(key, self._deprecation_replacements[key]))

[2022-02-10 16:52:11,456] {taskinstance.py:1426} INFO - Exporting the following env vars:
AIRFLOW_CTX_DAG_OWNER=***
AIRFLOW_CTX_DAG_ID=ex_1_data_ingestion_gcs_dag_v3
AIRFLOW_CTX_TASK_ID=download_dataset_task
AIRFLOW_CTX_EXECUTION_DATE=2019-09-01T00:00:00+00:00
AIRFLOW_CTX_DAG_RUN_ID=scheduled__2019-09-01T00:00:00+00:00
[2022-02-10 16:52:11,460] {subprocess.py:62} INFO - Tmp dir root location: 
 /tmp
[2022-02-10 16:52:11,463] {subprocess.py:74} INFO - Running command: ['bash', '-c', 'curl -sS https://s3.amazonaws.com/nyc-tlc/trip+data/yellow_tripdata_2019-09.csv > /opt/***/yellow_tripdata_2019-09.csv']
[2022-02-10 16:52:11,486] {subprocess.py:85} INFO - Output:
[2022-02-10 16:52:42,664] {subprocess.py:93} INFO - Command exited with return code 0
[2022-02-10 16:52:43,119] {taskinstance.py:1277} INFO - Marking task as SUCCESS. dag_id=ex_1_data_ingestion_gcs_dag_v3, task_id=download_dataset_task, execution_date=20190901T000000, start_date=20220210T165211, end_date=20220210T165243
[2022-02-10 16:52:43,305] {local_task_job.py:154} INFO - Task exited with return code 0
[2022-02-10 16:52:43,430] {local_task_job.py:264} INFO - 1 downstream tasks scheduled from follow-on schedule check
