[2022-02-03 14:46:16,608] {taskinstance.py:1032} INFO - Dependencies all met for <TaskInstance: FHV_data_ingestion_gcs_dag.local_to_gcs_task scheduled__2019-09-01T00:00:00+00:00 [queued]>
[2022-02-03 14:46:16,621] {taskinstance.py:1032} INFO - Dependencies all met for <TaskInstance: FHV_data_ingestion_gcs_dag.local_to_gcs_task scheduled__2019-09-01T00:00:00+00:00 [queued]>
[2022-02-03 14:46:16,622] {taskinstance.py:1238} INFO - 
--------------------------------------------------------------------------------
[2022-02-03 14:46:16,622] {taskinstance.py:1239} INFO - Starting attempt 1 of 1
[2022-02-03 14:46:16,623] {taskinstance.py:1240} INFO - 
--------------------------------------------------------------------------------
[2022-02-03 14:46:16,634] {taskinstance.py:1259} INFO - Executing <Task(PythonOperator): local_to_gcs_task> on 2019-09-01 00:00:00+00:00
[2022-02-03 14:46:16,639] {standard_task_runner.py:52} INFO - Started process 1301 to run task
[2022-02-03 14:46:16,643] {standard_task_runner.py:76} INFO - Running: ['***', 'tasks', 'run', 'FHV_data_ingestion_gcs_dag', 'local_to_gcs_task', 'scheduled__2019-09-01T00:00:00+00:00', '--job-id', '453', '--raw', '--subdir', 'DAGS_FOLDER/FHV_injection_dag.py', '--cfg-path', '/tmp/tmpwbexx2sh', '--error-file', '/tmp/tmpjc4vhiyd']
[2022-02-03 14:46:16,645] {standard_task_runner.py:77} INFO - Job 453: Subtask local_to_gcs_task
[2022-02-03 14:46:16,703] {logging_mixin.py:109} INFO - Running <TaskInstance: FHV_data_ingestion_gcs_dag.local_to_gcs_task scheduled__2019-09-01T00:00:00+00:00 [running]> on host 700aeb16bae0
[2022-02-03 14:46:16,747] {warnings.py:110} WARNING - /home/***/.local/lib/python3.7/site-packages/***/utils/context.py:152: AirflowContextDeprecationWarning: Accessing 'execution_date' from the template is deprecated and will be removed in a future version. Please use 'data_interval_start' or 'logical_date' instead.
  warnings.warn(_create_deprecation_warning(key, self._deprecation_replacements[key]))

[2022-02-03 14:46:16,773] {taskinstance.py:1426} INFO - Exporting the following env vars:
AIRFLOW_CTX_DAG_OWNER=***
AIRFLOW_CTX_DAG_ID=FHV_data_ingestion_gcs_dag
AIRFLOW_CTX_TASK_ID=local_to_gcs_task
AIRFLOW_CTX_EXECUTION_DATE=2019-09-01T00:00:00+00:00
AIRFLOW_CTX_DAG_RUN_ID=scheduled__2019-09-01T00:00:00+00:00
[2022-02-03 14:46:18,722] {python.py:175} INFO - Done. Returned value was: None
[2022-02-03 14:46:18,736] {taskinstance.py:1277} INFO - Marking task as SUCCESS. dag_id=FHV_data_ingestion_gcs_dag, task_id=local_to_gcs_task, execution_date=20190901T000000, start_date=20220203T144616, end_date=20220203T144618
[2022-02-03 14:46:18,768] {local_task_job.py:154} INFO - Task exited with return code 0
[2022-02-03 14:46:18,803] {local_task_job.py:264} INFO - 1 downstream tasks scheduled from follow-on schedule check
[2022-02-03 15:11:30,915] {taskinstance.py:1032} INFO - Dependencies all met for <TaskInstance: FHV_data_ingestion_gcs_dag.local_to_gcs_task scheduled__2019-09-01T00:00:00+00:00 [queued]>
[2022-02-03 15:11:30,930] {taskinstance.py:1032} INFO - Dependencies all met for <TaskInstance: FHV_data_ingestion_gcs_dag.local_to_gcs_task scheduled__2019-09-01T00:00:00+00:00 [queued]>
[2022-02-03 15:11:30,931] {taskinstance.py:1238} INFO - 
--------------------------------------------------------------------------------
[2022-02-03 15:11:30,932] {taskinstance.py:1239} INFO - Starting attempt 1 of 1
[2022-02-03 15:11:30,933] {taskinstance.py:1240} INFO - 
--------------------------------------------------------------------------------
[2022-02-03 15:11:30,947] {taskinstance.py:1259} INFO - Executing <Task(PythonOperator): local_to_gcs_task> on 2019-09-01 00:00:00+00:00
[2022-02-03 15:11:30,954] {standard_task_runner.py:52} INFO - Started process 2921 to run task
[2022-02-03 15:11:30,958] {standard_task_runner.py:76} INFO - Running: ['***', 'tasks', 'run', 'FHV_data_ingestion_gcs_dag', 'local_to_gcs_task', 'scheduled__2019-09-01T00:00:00+00:00', '--job-id', '556', '--raw', '--subdir', 'DAGS_FOLDER/FHV_injection_dag.py', '--cfg-path', '/tmp/tmpfsvyq7or', '--error-file', '/tmp/tmpm_3k_dgh']
[2022-02-03 15:11:30,961] {standard_task_runner.py:77} INFO - Job 556: Subtask local_to_gcs_task
[2022-02-03 15:11:31,047] {logging_mixin.py:109} INFO - Running <TaskInstance: FHV_data_ingestion_gcs_dag.local_to_gcs_task scheduled__2019-09-01T00:00:00+00:00 [running]> on host 700aeb16bae0
[2022-02-03 15:11:31,097] {warnings.py:110} WARNING - /home/***/.local/lib/python3.7/site-packages/***/utils/context.py:152: AirflowContextDeprecationWarning: Accessing 'execution_date' from the template is deprecated and will be removed in a future version. Please use 'data_interval_start' or 'logical_date' instead.
  warnings.warn(_create_deprecation_warning(key, self._deprecation_replacements[key]))

[2022-02-03 15:11:31,126] {taskinstance.py:1426} INFO - Exporting the following env vars:
AIRFLOW_CTX_DAG_OWNER=***
AIRFLOW_CTX_DAG_ID=FHV_data_ingestion_gcs_dag
AIRFLOW_CTX_TASK_ID=local_to_gcs_task
AIRFLOW_CTX_EXECUTION_DATE=2019-09-01T00:00:00+00:00
AIRFLOW_CTX_DAG_RUN_ID=scheduled__2019-09-01T00:00:00+00:00
[2022-02-03 15:11:34,469] {python.py:175} INFO - Done. Returned value was: None
[2022-02-03 15:11:34,487] {taskinstance.py:1277} INFO - Marking task as SUCCESS. dag_id=FHV_data_ingestion_gcs_dag, task_id=local_to_gcs_task, execution_date=20190901T000000, start_date=20220203T151130, end_date=20220203T151134
[2022-02-03 15:11:34,537] {local_task_job.py:154} INFO - Task exited with return code 0
[2022-02-03 15:11:34,565] {local_task_job.py:264} INFO - 0 downstream tasks scheduled from follow-on schedule check
