[2022-02-01 15:17:08,220] {taskinstance.py:1032} INFO - Dependencies all met for <TaskInstance: data_ingestion_gcs_dag.bigquery_external_table_task manual__2022-02-01T15:16:19.145444+00:00 [queued]>
[2022-02-01 15:17:08,237] {taskinstance.py:1032} INFO - Dependencies all met for <TaskInstance: data_ingestion_gcs_dag.bigquery_external_table_task manual__2022-02-01T15:16:19.145444+00:00 [queued]>
[2022-02-01 15:17:08,240] {taskinstance.py:1238} INFO - 
--------------------------------------------------------------------------------
[2022-02-01 15:17:08,240] {taskinstance.py:1239} INFO - Starting attempt 1 of 2
[2022-02-01 15:17:08,242] {taskinstance.py:1240} INFO - 
--------------------------------------------------------------------------------
[2022-02-01 15:17:08,262] {taskinstance.py:1259} INFO - Executing <Task(BigQueryCreateExternalTableOperator): bigquery_external_table_task> on 2022-02-01 15:16:19.145444+00:00
[2022-02-01 15:17:08,272] {standard_task_runner.py:52} INFO - Started process 241 to run task
[2022-02-01 15:17:08,276] {standard_task_runner.py:76} INFO - Running: ['***', 'tasks', 'run', 'data_ingestion_gcs_dag', 'bigquery_external_table_task', 'manual__2022-02-01T15:16:19.145444+00:00', '--job-id', '22', '--raw', '--subdir', 'DAGS_FOLDER/data-ingestion-gcs-dag.py', '--cfg-path', '/tmp/tmpjci9ltle', '--error-file', '/tmp/tmpihmt368s']
[2022-02-01 15:17:08,280] {standard_task_runner.py:77} INFO - Job 22: Subtask bigquery_external_table_task
[2022-02-01 15:17:08,363] {logging_mixin.py:109} INFO - Running <TaskInstance: data_ingestion_gcs_dag.bigquery_external_table_task manual__2022-02-01T15:16:19.145444+00:00 [running]> on host 3895c9916fe2
[2022-02-01 15:17:08,423] {taskinstance.py:1426} INFO - Exporting the following env vars:
AIRFLOW_CTX_DAG_OWNER=***
AIRFLOW_CTX_DAG_ID=data_ingestion_gcs_dag
AIRFLOW_CTX_TASK_ID=bigquery_external_table_task
AIRFLOW_CTX_EXECUTION_DATE=2022-02-01T15:16:19.145444+00:00
AIRFLOW_CTX_DAG_RUN_ID=manual__2022-02-01T15:16:19.145444+00:00
[2022-02-01 15:17:08,426] {crypto.py:82} WARNING - empty cryptography key - values will not be stored encrypted.
[2022-02-01 15:17:09,427] {taskinstance.py:1277} INFO - Marking task as SUCCESS. dag_id=data_ingestion_gcs_dag, task_id=bigquery_external_table_task, execution_date=20220201T151619, start_date=20220201T151708, end_date=20220201T151709
[2022-02-01 15:17:09,489] {local_task_job.py:154} INFO - Task exited with return code 0
[2022-02-01 15:17:09,545] {local_task_job.py:264} INFO - 0 downstream tasks scheduled from follow-on schedule check
