[2022-02-02 17:40:42,129] {taskinstance.py:1032} INFO - Dependencies all met for <TaskInstance: ex_1_data_ingestion_gcs_dag_v2.download_dataset_task scheduled__2019-09-01T00:00:00+00:00 [queued]>
[2022-02-02 17:40:42,362] {taskinstance.py:1032} INFO - Dependencies all met for <TaskInstance: ex_1_data_ingestion_gcs_dag_v2.download_dataset_task scheduled__2019-09-01T00:00:00+00:00 [queued]>
[2022-02-02 17:40:42,370] {taskinstance.py:1238} INFO - 
--------------------------------------------------------------------------------
[2022-02-02 17:40:42,374] {taskinstance.py:1239} INFO - Starting attempt 1 of 1
[2022-02-02 17:40:42,412] {taskinstance.py:1240} INFO - 
--------------------------------------------------------------------------------
[2022-02-02 17:40:42,707] {taskinstance.py:1259} INFO - Executing <Task(BashOperator): download_dataset_task> on 2019-09-01 00:00:00+00:00
[2022-02-02 17:40:42,827] {standard_task_runner.py:52} INFO - Started process 6698 to run task
[2022-02-02 17:40:42,977] {standard_task_runner.py:76} INFO - Running: ['***', 'tasks', 'run', 'ex_1_data_ingestion_gcs_dag_v2', 'download_dataset_task', 'scheduled__2019-09-01T00:00:00+00:00', '--job-id', '218', '--raw', '--subdir', 'DAGS_FOLDER/data_ingestion_hw_1_ex.py', '--cfg-path', '/tmp/tmpnay56sdr', '--error-file', '/tmp/tmp98z_l645']
[2022-02-02 17:40:42,979] {standard_task_runner.py:77} INFO - Job 218: Subtask download_dataset_task
[2022-02-02 17:40:43,551] {logging_mixin.py:109} INFO - Running <TaskInstance: ex_1_data_ingestion_gcs_dag_v2.download_dataset_task scheduled__2019-09-01T00:00:00+00:00 [running]> on host 700aeb16bae0
[2022-02-02 17:40:44,256] {warnings.py:110} WARNING - /home/***/.local/lib/python3.7/site-packages/***/utils/context.py:152: AirflowContextDeprecationWarning: Accessing 'execution_date' from the template is deprecated and will be removed in a future version. Please use 'data_interval_start' or 'logical_date' instead.
  warnings.warn(_create_deprecation_warning(key, self._deprecation_replacements[key]))

[2022-02-02 17:40:44,486] {taskinstance.py:1426} INFO - Exporting the following env vars:
AIRFLOW_CTX_DAG_OWNER=***
AIRFLOW_CTX_DAG_ID=ex_1_data_ingestion_gcs_dag_v2
AIRFLOW_CTX_TASK_ID=download_dataset_task
AIRFLOW_CTX_EXECUTION_DATE=2019-09-01T00:00:00+00:00
AIRFLOW_CTX_DAG_RUN_ID=scheduled__2019-09-01T00:00:00+00:00
[2022-02-02 17:40:44,490] {subprocess.py:62} INFO - Tmp dir root location: 
 /tmp
[2022-02-02 17:40:44,493] {subprocess.py:74} INFO - Running command: ['bash', '-c', 'curl -sS https://s3.amazonaws.com/nyc-tlc/trip+data/yellow_tripdata_2019-09.csv > /opt/***/yellow_tripdata_2019-09.csv']
[2022-02-02 17:40:44,665] {subprocess.py:85} INFO - Output:
[2022-02-02 17:45:41,445] {subprocess.py:93} INFO - Command exited with return code 0
[2022-02-02 17:45:42,135] {taskinstance.py:1277} INFO - Marking task as SUCCESS. dag_id=ex_1_data_ingestion_gcs_dag_v2, task_id=download_dataset_task, execution_date=20190901T000000, start_date=20220202T174042, end_date=20220202T174542
[2022-02-02 17:45:42,525] {local_task_job.py:154} INFO - Task exited with return code 0
[2022-02-02 17:45:43,206] {local_task_job.py:264} INFO - 1 downstream tasks scheduled from follow-on schedule check
