[2022-02-02 13:40:29,554] {taskinstance.py:1032} INFO - Dependencies all met for <TaskInstance: ex_1_data_ingestion_gcs_dag.local_to_gcs_task manual__2022-02-02T13:40:14.569086+00:00 [queued]>
[2022-02-02 13:40:29,571] {taskinstance.py:1032} INFO - Dependencies all met for <TaskInstance: ex_1_data_ingestion_gcs_dag.local_to_gcs_task manual__2022-02-02T13:40:14.569086+00:00 [queued]>
[2022-02-02 13:40:29,572] {taskinstance.py:1238} INFO - 
--------------------------------------------------------------------------------
[2022-02-02 13:40:29,573] {taskinstance.py:1239} INFO - Starting attempt 1 of 1
[2022-02-02 13:40:29,574] {taskinstance.py:1240} INFO - 
--------------------------------------------------------------------------------
[2022-02-02 13:40:29,590] {taskinstance.py:1259} INFO - Executing <Task(PythonOperator): local_to_gcs_task> on 2022-02-02 13:40:14.569086+00:00
[2022-02-02 13:40:29,598] {standard_task_runner.py:52} INFO - Started process 1190 to run task
[2022-02-02 13:40:29,604] {standard_task_runner.py:76} INFO - Running: ['***', 'tasks', 'run', 'ex_1_data_ingestion_gcs_dag', 'local_to_gcs_task', 'manual__2022-02-02T13:40:14.569086+00:00', '--job-id', '128', '--raw', '--subdir', 'DAGS_FOLDER/data_ingestion_hw_1_ex.py', '--cfg-path', '/tmp/tmp_su8xs38', '--error-file', '/tmp/tmpmczi2qet']
[2022-02-02 13:40:29,606] {standard_task_runner.py:77} INFO - Job 128: Subtask local_to_gcs_task
[2022-02-02 13:40:29,683] {logging_mixin.py:109} INFO - Running <TaskInstance: ex_1_data_ingestion_gcs_dag.local_to_gcs_task manual__2022-02-02T13:40:14.569086+00:00 [running]> on host 700aeb16bae0
[2022-02-02 13:40:29,729] {warnings.py:110} WARNING - /home/***/.local/lib/python3.7/site-packages/***/utils/context.py:152: AirflowContextDeprecationWarning: Accessing 'execution_date' from the template is deprecated and will be removed in a future version. Please use 'data_interval_start' or 'logical_date' instead.
  warnings.warn(_create_deprecation_warning(key, self._deprecation_replacements[key]))

[2022-02-02 13:40:29,757] {taskinstance.py:1426} INFO - Exporting the following env vars:
AIRFLOW_CTX_DAG_OWNER=***
AIRFLOW_CTX_DAG_ID=ex_1_data_ingestion_gcs_dag
AIRFLOW_CTX_TASK_ID=local_to_gcs_task
AIRFLOW_CTX_EXECUTION_DATE=2022-02-02T13:40:14.569086+00:00
AIRFLOW_CTX_DAG_RUN_ID=manual__2022-02-02T13:40:14.569086+00:00
[2022-02-02 13:40:30,174] {python.py:175} INFO - Done. Returned value was: None
[2022-02-02 13:40:30,345] {taskinstance.py:1277} INFO - Marking task as SUCCESS. dag_id=ex_1_data_ingestion_gcs_dag, task_id=local_to_gcs_task, execution_date=20220202T134014, start_date=20220202T134029, end_date=20220202T134030
[2022-02-02 13:40:30,466] {local_task_job.py:154} INFO - Task exited with return code 0
[2022-02-02 13:40:30,524] {local_task_job.py:264} INFO - 0 downstream tasks scheduled from follow-on schedule check
