[2022-02-02 13:49:12,394] {taskinstance.py:1032} INFO - Dependencies all met for <TaskInstance: ex_1_data_ingestion_gcs_dag.local_to_gcs_task scheduled__2021-12-01T00:00:00+00:00 [queued]>
[2022-02-02 13:49:12,464] {taskinstance.py:1032} INFO - Dependencies all met for <TaskInstance: ex_1_data_ingestion_gcs_dag.local_to_gcs_task scheduled__2021-12-01T00:00:00+00:00 [queued]>
[2022-02-02 13:49:12,466] {taskinstance.py:1238} INFO - 
--------------------------------------------------------------------------------
[2022-02-02 13:49:12,467] {taskinstance.py:1239} INFO - Starting attempt 1 of 1
[2022-02-02 13:49:12,469] {taskinstance.py:1240} INFO - 
--------------------------------------------------------------------------------
[2022-02-02 13:49:12,574] {taskinstance.py:1259} INFO - Executing <Task(PythonOperator): local_to_gcs_task> on 2021-12-01 00:00:00+00:00
[2022-02-02 13:49:12,601] {standard_task_runner.py:52} INFO - Started process 1855 to run task
[2022-02-02 13:49:12,641] {standard_task_runner.py:76} INFO - Running: ['***', 'tasks', 'run', 'ex_1_data_ingestion_gcs_dag', 'local_to_gcs_task', 'scheduled__2021-12-01T00:00:00+00:00', '--job-id', '188', '--raw', '--subdir', 'DAGS_FOLDER/data_ingestion_hw_1_ex.py', '--cfg-path', '/tmp/tmp_zep2y58', '--error-file', '/tmp/tmplmt06rkh']
[2022-02-02 13:49:12,655] {standard_task_runner.py:77} INFO - Job 188: Subtask local_to_gcs_task
[2022-02-02 13:49:12,947] {logging_mixin.py:109} INFO - Running <TaskInstance: ex_1_data_ingestion_gcs_dag.local_to_gcs_task scheduled__2021-12-01T00:00:00+00:00 [running]> on host 700aeb16bae0
[2022-02-02 13:49:13,222] {warnings.py:110} WARNING - /home/***/.local/lib/python3.7/site-packages/***/utils/context.py:152: AirflowContextDeprecationWarning: Accessing 'execution_date' from the template is deprecated and will be removed in a future version. Please use 'data_interval_start' or 'logical_date' instead.
  warnings.warn(_create_deprecation_warning(key, self._deprecation_replacements[key]))

[2022-02-02 13:49:13,370] {taskinstance.py:1426} INFO - Exporting the following env vars:
AIRFLOW_CTX_DAG_OWNER=***
AIRFLOW_CTX_DAG_ID=ex_1_data_ingestion_gcs_dag
AIRFLOW_CTX_TASK_ID=local_to_gcs_task
AIRFLOW_CTX_EXECUTION_DATE=2021-12-01T00:00:00+00:00
AIRFLOW_CTX_DAG_RUN_ID=scheduled__2021-12-01T00:00:00+00:00
[2022-02-02 13:49:14,048] {python.py:175} INFO - Done. Returned value was: None
[2022-02-02 13:49:14,198] {taskinstance.py:1277} INFO - Marking task as SUCCESS. dag_id=ex_1_data_ingestion_gcs_dag, task_id=local_to_gcs_task, execution_date=20211201T000000, start_date=20220202T134912, end_date=20220202T134914
[2022-02-02 13:49:14,402] {local_task_job.py:154} INFO - Task exited with return code 0
[2022-02-02 13:49:14,580] {local_task_job.py:264} INFO - 0 downstream tasks scheduled from follow-on schedule check
