[2022-02-03 14:59:18,205] {taskinstance.py:1032} INFO - Dependencies all met for <TaskInstance: FHV_data_ingestion_gcs_dag.download_dataset_task scheduled__2021-01-01T00:00:00+00:00 [queued]>
[2022-02-03 14:59:18,225] {taskinstance.py:1032} INFO - Dependencies all met for <TaskInstance: FHV_data_ingestion_gcs_dag.download_dataset_task scheduled__2021-01-01T00:00:00+00:00 [queued]>
[2022-02-03 14:59:18,227] {taskinstance.py:1238} INFO - 
--------------------------------------------------------------------------------
[2022-02-03 14:59:18,229] {taskinstance.py:1239} INFO - Starting attempt 1 of 1
[2022-02-03 14:59:18,230] {taskinstance.py:1240} INFO - 
--------------------------------------------------------------------------------
[2022-02-03 14:59:18,252] {taskinstance.py:1259} INFO - Executing <Task(BashOperator): download_dataset_task> on 2021-01-01 00:00:00+00:00
[2022-02-03 14:59:18,261] {standard_task_runner.py:52} INFO - Started process 2169 to run task
[2022-02-03 14:59:18,270] {standard_task_runner.py:76} INFO - Running: ['***', 'tasks', 'run', 'FHV_data_ingestion_gcs_dag', 'download_dataset_task', 'scheduled__2021-01-01T00:00:00+00:00', '--job-id', '511', '--raw', '--subdir', 'DAGS_FOLDER/FHV_injection_dag.py', '--cfg-path', '/tmp/tmptiw2uakt', '--error-file', '/tmp/tmpo7vdbm40']
[2022-02-03 14:59:18,273] {standard_task_runner.py:77} INFO - Job 511: Subtask download_dataset_task
[2022-02-03 14:59:18,400] {logging_mixin.py:109} INFO - Running <TaskInstance: FHV_data_ingestion_gcs_dag.download_dataset_task scheduled__2021-01-01T00:00:00+00:00 [running]> on host 700aeb16bae0
[2022-02-03 14:59:18,472] {warnings.py:110} WARNING - /home/***/.local/lib/python3.7/site-packages/***/utils/context.py:152: AirflowContextDeprecationWarning: Accessing 'execution_date' from the template is deprecated and will be removed in a future version. Please use 'data_interval_start' or 'logical_date' instead.
  warnings.warn(_create_deprecation_warning(key, self._deprecation_replacements[key]))

[2022-02-03 14:59:18,514] {taskinstance.py:1426} INFO - Exporting the following env vars:
AIRFLOW_CTX_DAG_OWNER=***
AIRFLOW_CTX_DAG_ID=FHV_data_ingestion_gcs_dag
AIRFLOW_CTX_TASK_ID=download_dataset_task
AIRFLOW_CTX_EXECUTION_DATE=2021-01-01T00:00:00+00:00
AIRFLOW_CTX_DAG_RUN_ID=scheduled__2021-01-01T00:00:00+00:00
[2022-02-03 14:59:18,518] {subprocess.py:62} INFO - Tmp dir root location: 
 /tmp
[2022-02-03 14:59:18,520] {subprocess.py:74} INFO - Running command: ['bash', '-c', 'curl -sSLf https://nyc-tlc.s3.amazonaws.com/trip+data/fhv_tripdata_2021-01.csv > /opt/***/fhv_tripdata_2021-01.csv']
[2022-02-03 14:59:18,540] {subprocess.py:85} INFO - Output:
[2022-02-03 14:59:27,844] {subprocess.py:93} INFO - Command exited with return code 0
[2022-02-03 14:59:27,895] {taskinstance.py:1277} INFO - Marking task as SUCCESS. dag_id=FHV_data_ingestion_gcs_dag, task_id=download_dataset_task, execution_date=20210101T000000, start_date=20220203T145918, end_date=20220203T145927
[2022-02-03 14:59:27,965] {local_task_job.py:154} INFO - Task exited with return code 0
[2022-02-03 14:59:28,048] {local_task_job.py:264} INFO - 1 downstream tasks scheduled from follow-on schedule check
[2022-02-03 15:18:59,185] {taskinstance.py:1032} INFO - Dependencies all met for <TaskInstance: FHV_data_ingestion_gcs_dag.download_dataset_task scheduled__2021-01-01T00:00:00+00:00 [queued]>
[2022-02-03 15:18:59,197] {taskinstance.py:1032} INFO - Dependencies all met for <TaskInstance: FHV_data_ingestion_gcs_dag.download_dataset_task scheduled__2021-01-01T00:00:00+00:00 [queued]>
[2022-02-03 15:18:59,197] {taskinstance.py:1238} INFO - 
--------------------------------------------------------------------------------
[2022-02-03 15:18:59,198] {taskinstance.py:1239} INFO - Starting attempt 1 of 1
[2022-02-03 15:18:59,199] {taskinstance.py:1240} INFO - 
--------------------------------------------------------------------------------
[2022-02-03 15:18:59,209] {taskinstance.py:1259} INFO - Executing <Task(BashOperator): download_dataset_task> on 2021-01-01 00:00:00+00:00
[2022-02-03 15:18:59,214] {standard_task_runner.py:52} INFO - Started process 3513 to run task
[2022-02-03 15:18:59,219] {standard_task_runner.py:76} INFO - Running: ['***', 'tasks', 'run', 'FHV_data_ingestion_gcs_dag', 'download_dataset_task', 'scheduled__2021-01-01T00:00:00+00:00', '--job-id', '598', '--raw', '--subdir', 'DAGS_FOLDER/FHV_injection_dag.py', '--cfg-path', '/tmp/tmpzdr8ni_j', '--error-file', '/tmp/tmpca6qi4q_']
[2022-02-03 15:18:59,221] {standard_task_runner.py:77} INFO - Job 598: Subtask download_dataset_task
[2022-02-03 15:18:59,298] {logging_mixin.py:109} INFO - Running <TaskInstance: FHV_data_ingestion_gcs_dag.download_dataset_task scheduled__2021-01-01T00:00:00+00:00 [running]> on host 700aeb16bae0
[2022-02-03 15:18:59,338] {warnings.py:110} WARNING - /home/***/.local/lib/python3.7/site-packages/***/utils/context.py:152: AirflowContextDeprecationWarning: Accessing 'execution_date' from the template is deprecated and will be removed in a future version. Please use 'data_interval_start' or 'logical_date' instead.
  warnings.warn(_create_deprecation_warning(key, self._deprecation_replacements[key]))

[2022-02-03 15:18:59,361] {taskinstance.py:1426} INFO - Exporting the following env vars:
AIRFLOW_CTX_DAG_OWNER=***
AIRFLOW_CTX_DAG_ID=FHV_data_ingestion_gcs_dag
AIRFLOW_CTX_TASK_ID=download_dataset_task
AIRFLOW_CTX_EXECUTION_DATE=2021-01-01T00:00:00+00:00
AIRFLOW_CTX_DAG_RUN_ID=scheduled__2021-01-01T00:00:00+00:00
[2022-02-03 15:18:59,363] {subprocess.py:62} INFO - Tmp dir root location: 
 /tmp
[2022-02-03 15:18:59,365] {subprocess.py:74} INFO - Running command: ['bash', '-c', 'curl -sSLf https://nyc-tlc.s3.amazonaws.com/trip+data/fhv_tripdata_2021-01.csv > /opt/***/fhv_tripdata_2021-01.csv']
[2022-02-03 15:18:59,381] {subprocess.py:85} INFO - Output:
[2022-02-03 15:19:26,979] {subprocess.py:93} INFO - Command exited with return code 0
[2022-02-03 15:19:27,027] {taskinstance.py:1277} INFO - Marking task as SUCCESS. dag_id=FHV_data_ingestion_gcs_dag, task_id=download_dataset_task, execution_date=20210101T000000, start_date=20220203T151859, end_date=20220203T151927
[2022-02-03 15:19:27,090] {local_task_job.py:154} INFO - Task exited with return code 0
[2022-02-03 15:19:27,136] {local_task_job.py:264} INFO - 1 downstream tasks scheduled from follow-on schedule check
