[2022-02-03 14:35:22,218] {taskinstance.py:1032} INFO - Dependencies all met for <TaskInstance: FHV_data_ingestion_gcs_dag.format_to_parquet_task scheduled__2019-02-01T00:00:00+00:00 [queued]>
[2022-02-03 14:35:22,229] {taskinstance.py:1032} INFO - Dependencies all met for <TaskInstance: FHV_data_ingestion_gcs_dag.format_to_parquet_task scheduled__2019-02-01T00:00:00+00:00 [queued]>
[2022-02-03 14:35:22,230] {taskinstance.py:1238} INFO - 
--------------------------------------------------------------------------------
[2022-02-03 14:35:22,231] {taskinstance.py:1239} INFO - Starting attempt 1 of 1
[2022-02-03 14:35:22,232] {taskinstance.py:1240} INFO - 
--------------------------------------------------------------------------------
[2022-02-03 14:35:22,244] {taskinstance.py:1259} INFO - Executing <Task(PythonOperator): format_to_parquet_task> on 2019-02-01 00:00:00+00:00
[2022-02-03 14:35:22,248] {standard_task_runner.py:52} INFO - Started process 645 to run task
[2022-02-03 14:35:22,253] {standard_task_runner.py:76} INFO - Running: ['***', 'tasks', 'run', 'FHV_data_ingestion_gcs_dag', 'format_to_parquet_task', 'scheduled__2019-02-01T00:00:00+00:00', '--job-id', '426', '--raw', '--subdir', 'DAGS_FOLDER/FHV_injection_dag.py', '--cfg-path', '/tmp/tmpvd899pn1', '--error-file', '/tmp/tmprrbbw75a']
[2022-02-03 14:35:22,254] {standard_task_runner.py:77} INFO - Job 426: Subtask format_to_parquet_task
[2022-02-03 14:35:22,323] {logging_mixin.py:109} INFO - Running <TaskInstance: FHV_data_ingestion_gcs_dag.format_to_parquet_task scheduled__2019-02-01T00:00:00+00:00 [running]> on host 700aeb16bae0
[2022-02-03 14:35:22,367] {warnings.py:110} WARNING - /home/***/.local/lib/python3.7/site-packages/***/utils/context.py:152: AirflowContextDeprecationWarning: Accessing 'execution_date' from the template is deprecated and will be removed in a future version. Please use 'data_interval_start' or 'logical_date' instead.
  warnings.warn(_create_deprecation_warning(key, self._deprecation_replacements[key]))

[2022-02-03 14:35:22,393] {taskinstance.py:1426} INFO - Exporting the following env vars:
AIRFLOW_CTX_DAG_OWNER=***
AIRFLOW_CTX_DAG_ID=FHV_data_ingestion_gcs_dag
AIRFLOW_CTX_TASK_ID=format_to_parquet_task
AIRFLOW_CTX_EXECUTION_DATE=2019-02-01T00:00:00+00:00
AIRFLOW_CTX_DAG_RUN_ID=scheduled__2019-02-01T00:00:00+00:00
[2022-02-03 14:35:22,999] {python.py:175} INFO - Done. Returned value was: None
[2022-02-03 14:35:23,013] {taskinstance.py:1277} INFO - Marking task as SUCCESS. dag_id=FHV_data_ingestion_gcs_dag, task_id=format_to_parquet_task, execution_date=20190201T000000, start_date=20220203T143522, end_date=20220203T143523
[2022-02-03 14:35:23,076] {local_task_job.py:154} INFO - Task exited with return code 0
[2022-02-03 14:35:23,121] {local_task_job.py:264} INFO - 1 downstream tasks scheduled from follow-on schedule check
[2022-02-03 15:05:55,115] {taskinstance.py:1032} INFO - Dependencies all met for <TaskInstance: FHV_data_ingestion_gcs_dag.format_to_parquet_task scheduled__2019-02-01T00:00:00+00:00 [queued]>
[2022-02-03 15:05:55,136] {taskinstance.py:1032} INFO - Dependencies all met for <TaskInstance: FHV_data_ingestion_gcs_dag.format_to_parquet_task scheduled__2019-02-01T00:00:00+00:00 [queued]>
[2022-02-03 15:05:55,137] {taskinstance.py:1238} INFO - 
--------------------------------------------------------------------------------
[2022-02-03 15:05:55,139] {taskinstance.py:1239} INFO - Starting attempt 1 of 1
[2022-02-03 15:05:55,140] {taskinstance.py:1240} INFO - 
--------------------------------------------------------------------------------
[2022-02-03 15:05:55,161] {taskinstance.py:1259} INFO - Executing <Task(PythonOperator): format_to_parquet_task> on 2019-02-01 00:00:00+00:00
[2022-02-03 15:05:55,170] {standard_task_runner.py:52} INFO - Started process 2512 to run task
[2022-02-03 15:05:55,179] {standard_task_runner.py:76} INFO - Running: ['***', 'tasks', 'run', 'FHV_data_ingestion_gcs_dag', 'format_to_parquet_task', 'scheduled__2019-02-01T00:00:00+00:00', '--job-id', '531', '--raw', '--subdir', 'DAGS_FOLDER/FHV_injection_dag.py', '--cfg-path', '/tmp/tmpea2rz8nr', '--error-file', '/tmp/tmp_cwb4k3i']
[2022-02-03 15:05:55,185] {standard_task_runner.py:77} INFO - Job 531: Subtask format_to_parquet_task
[2022-02-03 15:05:55,307] {logging_mixin.py:109} INFO - Running <TaskInstance: FHV_data_ingestion_gcs_dag.format_to_parquet_task scheduled__2019-02-01T00:00:00+00:00 [running]> on host 700aeb16bae0
[2022-02-03 15:05:55,384] {warnings.py:110} WARNING - /home/***/.local/lib/python3.7/site-packages/***/utils/context.py:152: AirflowContextDeprecationWarning: Accessing 'execution_date' from the template is deprecated and will be removed in a future version. Please use 'data_interval_start' or 'logical_date' instead.
  warnings.warn(_create_deprecation_warning(key, self._deprecation_replacements[key]))

[2022-02-03 15:05:55,434] {taskinstance.py:1426} INFO - Exporting the following env vars:
AIRFLOW_CTX_DAG_OWNER=***
AIRFLOW_CTX_DAG_ID=FHV_data_ingestion_gcs_dag
AIRFLOW_CTX_TASK_ID=format_to_parquet_task
AIRFLOW_CTX_EXECUTION_DATE=2019-02-01T00:00:00+00:00
AIRFLOW_CTX_DAG_RUN_ID=scheduled__2019-02-01T00:00:00+00:00
[2022-02-03 15:05:56,676] {python.py:175} INFO - Done. Returned value was: None
[2022-02-03 15:05:56,704] {taskinstance.py:1277} INFO - Marking task as SUCCESS. dag_id=FHV_data_ingestion_gcs_dag, task_id=format_to_parquet_task, execution_date=20190201T000000, start_date=20220203T150555, end_date=20220203T150556
[2022-02-03 15:05:56,863] {local_task_job.py:154} INFO - Task exited with return code 0
[2022-02-03 15:05:56,967] {local_task_job.py:264} INFO - 1 downstream tasks scheduled from follow-on schedule check
