[2022-02-02 13:43:19,417] {taskinstance.py:1032} INFO - Dependencies all met for <TaskInstance: ex_1_data_ingestion_gcs_dag.download_dataset_task scheduled__2020-06-01T00:00:00+00:00 [queued]>
[2022-02-02 13:43:19,478] {taskinstance.py:1032} INFO - Dependencies all met for <TaskInstance: ex_1_data_ingestion_gcs_dag.download_dataset_task scheduled__2020-06-01T00:00:00+00:00 [queued]>
[2022-02-02 13:43:19,481] {taskinstance.py:1238} INFO - 
--------------------------------------------------------------------------------
[2022-02-02 13:43:19,484] {taskinstance.py:1239} INFO - Starting attempt 1 of 1
[2022-02-02 13:43:19,486] {taskinstance.py:1240} INFO - 
--------------------------------------------------------------------------------
[2022-02-02 13:43:19,533] {taskinstance.py:1259} INFO - Executing <Task(BashOperator): download_dataset_task> on 2020-06-01 00:00:00+00:00
[2022-02-02 13:43:19,556] {standard_task_runner.py:52} INFO - Started process 1353 to run task
[2022-02-02 13:43:19,573] {standard_task_runner.py:76} INFO - Running: ['***', 'tasks', 'run', 'ex_1_data_ingestion_gcs_dag', 'download_dataset_task', 'scheduled__2020-06-01T00:00:00+00:00', '--job-id', '139', '--raw', '--subdir', 'DAGS_FOLDER/data_ingestion_hw_1_ex.py', '--cfg-path', '/tmp/tmpz9obc1b2', '--error-file', '/tmp/tmpw_o3250x']
[2022-02-02 13:43:19,575] {standard_task_runner.py:77} INFO - Job 139: Subtask download_dataset_task
[2022-02-02 13:43:20,057] {logging_mixin.py:109} INFO - Running <TaskInstance: ex_1_data_ingestion_gcs_dag.download_dataset_task scheduled__2020-06-01T00:00:00+00:00 [running]> on host 700aeb16bae0
[2022-02-02 13:43:20,305] {warnings.py:110} WARNING - /home/***/.local/lib/python3.7/site-packages/***/utils/context.py:152: AirflowContextDeprecationWarning: Accessing 'execution_date' from the template is deprecated and will be removed in a future version. Please use 'data_interval_start' or 'logical_date' instead.
  warnings.warn(_create_deprecation_warning(key, self._deprecation_replacements[key]))

[2022-02-02 13:43:20,564] {taskinstance.py:1426} INFO - Exporting the following env vars:
AIRFLOW_CTX_DAG_OWNER=***
AIRFLOW_CTX_DAG_ID=ex_1_data_ingestion_gcs_dag
AIRFLOW_CTX_TASK_ID=download_dataset_task
AIRFLOW_CTX_EXECUTION_DATE=2020-06-01T00:00:00+00:00
AIRFLOW_CTX_DAG_RUN_ID=scheduled__2020-06-01T00:00:00+00:00
[2022-02-02 13:43:20,592] {subprocess.py:62} INFO - Tmp dir root location: 
 /tmp
[2022-02-02 13:43:20,624] {subprocess.py:74} INFO - Running command: ['bash', '-c', 'curl -sS https://s3.amazonaws.com/nyc-tlc/trip+data/yellow_tripdata_2020-06.csv > /opt/***/yellow_tripdata_2020-06.csv']
[2022-02-02 13:43:20,827] {subprocess.py:85} INFO - Output:
[2022-02-02 13:45:01,382] {subprocess.py:93} INFO - Command exited with return code 0
[2022-02-02 13:45:02,578] {taskinstance.py:1277} INFO - Marking task as SUCCESS. dag_id=ex_1_data_ingestion_gcs_dag, task_id=download_dataset_task, execution_date=20200601T000000, start_date=20220202T134319, end_date=20220202T134502
[2022-02-02 13:45:02,844] {local_task_job.py:154} INFO - Task exited with return code 0
[2022-02-02 13:45:02,957] {local_task_job.py:264} INFO - 1 downstream tasks scheduled from follow-on schedule check
