[2022-02-01 17:31:24,254] {taskinstance.py:1032} INFO - Dependencies all met for <TaskInstance: LocalIngestionDag.ingest scheduled__2021-06-02T06:00:00+00:00 [queued]>
[2022-02-01 17:31:24,344] {taskinstance.py:1032} INFO - Dependencies all met for <TaskInstance: LocalIngestionDag.ingest scheduled__2021-06-02T06:00:00+00:00 [queued]>
[2022-02-01 17:31:24,345] {taskinstance.py:1238} INFO - 
--------------------------------------------------------------------------------
[2022-02-01 17:31:24,347] {taskinstance.py:1239} INFO - Starting attempt 1 of 1
[2022-02-01 17:31:24,350] {taskinstance.py:1240} INFO - 
--------------------------------------------------------------------------------
[2022-02-01 17:31:24,460] {taskinstance.py:1259} INFO - Executing <Task(BashOperator): ingest> on 2021-06-02 06:00:00+00:00
[2022-02-01 17:31:24,472] {standard_task_runner.py:52} INFO - Started process 792 to run task
[2022-02-01 17:31:24,507] {standard_task_runner.py:76} INFO - Running: ['***', 'tasks', 'run', 'LocalIngestionDag', 'ingest', 'scheduled__2021-06-02T06:00:00+00:00', '--job-id', '53', '--raw', '--subdir', 'DAGS_FOLDER/data_ingestion_local.py', '--cfg-path', '/tmp/tmp_t528khx', '--error-file', '/tmp/tmpvdh3kdi6']
[2022-02-01 17:31:24,512] {standard_task_runner.py:77} INFO - Job 53: Subtask ingest
[2022-02-01 17:31:24,788] {logging_mixin.py:109} INFO - Running <TaskInstance: LocalIngestionDag.ingest scheduled__2021-06-02T06:00:00+00:00 [running]> on host c2ae942a63f5
[2022-02-01 17:31:25,018] {taskinstance.py:1426} INFO - Exporting the following env vars:
AIRFLOW_CTX_DAG_OWNER=***
AIRFLOW_CTX_DAG_ID=LocalIngestionDag
AIRFLOW_CTX_TASK_ID=ingest
AIRFLOW_CTX_EXECUTION_DATE=2021-06-02T06:00:00+00:00
AIRFLOW_CTX_DAG_RUN_ID=scheduled__2021-06-02T06:00:00+00:00
[2022-02-01 17:31:25,022] {subprocess.py:62} INFO - Tmp dir root location: 
 /tmp
[2022-02-01 17:31:25,028] {subprocess.py:74} INFO - Running command: ['bash', '-c', 'pwd']
[2022-02-01 17:31:25,060] {subprocess.py:85} INFO - Output:
[2022-02-01 17:31:25,074] {subprocess.py:89} INFO - /tmp/***tmpdqgwulne
[2022-02-01 17:31:25,078] {subprocess.py:93} INFO - Command exited with return code 0
[2022-02-01 17:31:25,169] {taskinstance.py:1277} INFO - Marking task as SUCCESS. dag_id=LocalIngestionDag, task_id=ingest, execution_date=20210602T060000, start_date=20220201T173124, end_date=20220201T173125
[2022-02-01 17:31:25,223] {local_task_job.py:154} INFO - Task exited with return code 0
[2022-02-01 17:31:25,331] {local_task_job.py:264} INFO - 0 downstream tasks scheduled from follow-on schedule check
