[2022-02-01 18:19:43,012] {taskinstance.py:1032} INFO - Dependencies all met for <TaskInstance: LocalIngestionDag.ingest scheduled__2021-06-02T06:00:00+00:00 [queued]>
[2022-02-01 18:19:43,029] {taskinstance.py:1032} INFO - Dependencies all met for <TaskInstance: LocalIngestionDag.ingest scheduled__2021-06-02T06:00:00+00:00 [queued]>
[2022-02-01 18:19:43,031] {taskinstance.py:1238} INFO - 
--------------------------------------------------------------------------------
[2022-02-01 18:19:43,033] {taskinstance.py:1239} INFO - Starting attempt 2 of 2
[2022-02-01 18:19:43,034] {taskinstance.py:1240} INFO - 
--------------------------------------------------------------------------------
[2022-02-01 18:19:43,056] {taskinstance.py:1259} INFO - Executing <Task(BashOperator): ingest> on 2021-06-02 06:00:00+00:00
[2022-02-01 18:19:43,062] {standard_task_runner.py:52} INFO - Started process 3098 to run task
[2022-02-01 18:19:43,068] {standard_task_runner.py:76} INFO - Running: ['***', 'tasks', 'run', 'LocalIngestionDag', 'ingest', 'scheduled__2021-06-02T06:00:00+00:00', '--job-id', '71', '--raw', '--subdir', 'DAGS_FOLDER/data_ingestion_local.py', '--cfg-path', '/tmp/tmp4c201_r8', '--error-file', '/tmp/tmpe2na092k']
[2022-02-01 18:19:43,071] {standard_task_runner.py:77} INFO - Job 71: Subtask ingest
[2022-02-01 18:19:43,155] {logging_mixin.py:109} INFO - Running <TaskInstance: LocalIngestionDag.ingest scheduled__2021-06-02T06:00:00+00:00 [running]> on host c2ae942a63f5
[2022-02-01 18:19:43,245] {taskinstance.py:1426} INFO - Exporting the following env vars:
AIRFLOW_CTX_DAG_OWNER=***
AIRFLOW_CTX_DAG_ID=LocalIngestionDag
AIRFLOW_CTX_TASK_ID=ingest
AIRFLOW_CTX_EXECUTION_DATE=2021-06-02T06:00:00+00:00
AIRFLOW_CTX_DAG_RUN_ID=scheduled__2021-06-02T06:00:00+00:00
[2022-02-01 18:19:43,248] {subprocess.py:62} INFO - Tmp dir root location: 
 /tmp
[2022-02-01 18:19:43,250] {subprocess.py:74} INFO - Running command: ['bash', '-c', 'ls /opt/***']
[2022-02-01 18:19:43,264] {subprocess.py:85} INFO - Output:
[2022-02-01 18:19:43,269] {subprocess.py:89} INFO - ***-worker.pid
[2022-02-01 18:19:43,271] {subprocess.py:89} INFO - ***.cfg
[2022-02-01 18:19:43,283] {subprocess.py:89} INFO - dags
[2022-02-01 18:19:43,285] {subprocess.py:89} INFO - logs
[2022-02-01 18:19:43,286] {subprocess.py:89} INFO - output.csv
[2022-02-01 18:19:43,287] {subprocess.py:89} INFO - plugins
[2022-02-01 18:19:43,288] {subprocess.py:89} INFO - requirements.txt
[2022-02-01 18:19:43,289] {subprocess.py:89} INFO - webserver_config.py
[2022-02-01 18:19:43,290] {subprocess.py:93} INFO - Command exited with return code 0
[2022-02-01 18:19:43,324] {taskinstance.py:1277} INFO - Marking task as SUCCESS. dag_id=LocalIngestionDag, task_id=ingest, execution_date=20210602T060000, start_date=20220201T181943, end_date=20220201T181943
[2022-02-01 18:19:43,363] {local_task_job.py:154} INFO - Task exited with return code 0
[2022-02-01 18:19:43,400] {local_task_job.py:264} INFO - 0 downstream tasks scheduled from follow-on schedule check
