[2022-02-01 17:31:21,698] {taskinstance.py:1032} INFO - Dependencies all met for <TaskInstance: LocalIngestionDag.ingest scheduled__2021-02-02T06:00:00+00:00 [queued]>
[2022-02-01 17:31:21,750] {taskinstance.py:1032} INFO - Dependencies all met for <TaskInstance: LocalIngestionDag.ingest scheduled__2021-02-02T06:00:00+00:00 [queued]>
[2022-02-01 17:31:21,751] {taskinstance.py:1238} INFO - 
--------------------------------------------------------------------------------
[2022-02-01 17:31:21,752] {taskinstance.py:1239} INFO - Starting attempt 1 of 1
[2022-02-01 17:31:21,753] {taskinstance.py:1240} INFO - 
--------------------------------------------------------------------------------
[2022-02-01 17:31:21,832] {taskinstance.py:1259} INFO - Executing <Task(BashOperator): ingest> on 2021-02-02 06:00:00+00:00
[2022-02-01 17:31:21,850] {standard_task_runner.py:52} INFO - Started process 763 to run task
[2022-02-01 17:31:21,868] {standard_task_runner.py:76} INFO - Running: ['***', 'tasks', 'run', 'LocalIngestionDag', 'ingest', 'scheduled__2021-02-02T06:00:00+00:00', '--job-id', '46', '--raw', '--subdir', 'DAGS_FOLDER/data_ingestion_local.py', '--cfg-path', '/tmp/tmpnauegtrq', '--error-file', '/tmp/tmp8r3ji117']
[2022-02-01 17:31:21,870] {standard_task_runner.py:77} INFO - Job 46: Subtask ingest
[2022-02-01 17:31:22,133] {logging_mixin.py:109} INFO - Running <TaskInstance: LocalIngestionDag.ingest scheduled__2021-02-02T06:00:00+00:00 [running]> on host c2ae942a63f5
[2022-02-01 17:31:22,442] {taskinstance.py:1426} INFO - Exporting the following env vars:
AIRFLOW_CTX_DAG_OWNER=***
AIRFLOW_CTX_DAG_ID=LocalIngestionDag
AIRFLOW_CTX_TASK_ID=ingest
AIRFLOW_CTX_EXECUTION_DATE=2021-02-02T06:00:00+00:00
AIRFLOW_CTX_DAG_RUN_ID=scheduled__2021-02-02T06:00:00+00:00
[2022-02-01 17:31:22,448] {subprocess.py:62} INFO - Tmp dir root location: 
 /tmp
[2022-02-01 17:31:22,451] {subprocess.py:74} INFO - Running command: ['bash', '-c', 'pwd']
[2022-02-01 17:31:22,517] {subprocess.py:85} INFO - Output:
[2022-02-01 17:31:22,522] {subprocess.py:89} INFO - /tmp/***tmps4qk8y2f
[2022-02-01 17:31:22,524] {subprocess.py:93} INFO - Command exited with return code 0
[2022-02-01 17:31:22,870] {taskinstance.py:1277} INFO - Marking task as SUCCESS. dag_id=LocalIngestionDag, task_id=ingest, execution_date=20210202T060000, start_date=20220201T173121, end_date=20220201T173122
[2022-02-01 17:31:23,008] {local_task_job.py:154} INFO - Task exited with return code 0
[2022-02-01 17:31:23,093] {local_task_job.py:264} INFO - 0 downstream tasks scheduled from follow-on schedule check
