[2022-02-01 18:19:09,031] {taskinstance.py:1032} INFO - Dependencies all met for <TaskInstance: LocalIngestionDag.ingest scheduled__2021-02-02T06:00:00+00:00 [queued]>
[2022-02-01 18:19:09,046] {taskinstance.py:1032} INFO - Dependencies all met for <TaskInstance: LocalIngestionDag.ingest scheduled__2021-02-02T06:00:00+00:00 [queued]>
[2022-02-01 18:19:09,048] {taskinstance.py:1238} INFO - 
--------------------------------------------------------------------------------
[2022-02-01 18:19:09,049] {taskinstance.py:1239} INFO - Starting attempt 2 of 2
[2022-02-01 18:19:09,050] {taskinstance.py:1240} INFO - 
--------------------------------------------------------------------------------
[2022-02-01 18:19:09,066] {taskinstance.py:1259} INFO - Executing <Task(BashOperator): ingest> on 2021-02-02 06:00:00+00:00
[2022-02-01 18:19:09,073] {standard_task_runner.py:52} INFO - Started process 3061 to run task
[2022-02-01 18:19:09,078] {standard_task_runner.py:76} INFO - Running: ['***', 'tasks', 'run', 'LocalIngestionDag', 'ingest', 'scheduled__2021-02-02T06:00:00+00:00', '--job-id', '69', '--raw', '--subdir', 'DAGS_FOLDER/data_ingestion_local.py', '--cfg-path', '/tmp/tmparw1lg6b', '--error-file', '/tmp/tmp8t870qc6']
[2022-02-01 18:19:09,080] {standard_task_runner.py:77} INFO - Job 69: Subtask ingest
[2022-02-01 18:19:09,171] {logging_mixin.py:109} INFO - Running <TaskInstance: LocalIngestionDag.ingest scheduled__2021-02-02T06:00:00+00:00 [running]> on host c2ae942a63f5
[2022-02-01 18:19:09,276] {taskinstance.py:1426} INFO - Exporting the following env vars:
AIRFLOW_CTX_DAG_OWNER=***
AIRFLOW_CTX_DAG_ID=LocalIngestionDag
AIRFLOW_CTX_TASK_ID=ingest
AIRFLOW_CTX_EXECUTION_DATE=2021-02-02T06:00:00+00:00
AIRFLOW_CTX_DAG_RUN_ID=scheduled__2021-02-02T06:00:00+00:00
[2022-02-01 18:19:09,279] {subprocess.py:62} INFO - Tmp dir root location: 
 /tmp
[2022-02-01 18:19:09,284] {subprocess.py:74} INFO - Running command: ['bash', '-c', 'ls /opt/***']
[2022-02-01 18:19:09,302] {subprocess.py:85} INFO - Output:
[2022-02-01 18:19:09,306] {subprocess.py:89} INFO - ***-worker.pid
[2022-02-01 18:19:09,307] {subprocess.py:89} INFO - ***.cfg
[2022-02-01 18:19:09,308] {subprocess.py:89} INFO - dags
[2022-02-01 18:19:09,309] {subprocess.py:89} INFO - logs
[2022-02-01 18:19:09,309] {subprocess.py:89} INFO - output.csv
[2022-02-01 18:19:09,310] {subprocess.py:89} INFO - plugins
[2022-02-01 18:19:09,312] {subprocess.py:89} INFO - requirements.txt
[2022-02-01 18:19:09,314] {subprocess.py:89} INFO - webserver_config.py
[2022-02-01 18:19:09,316] {subprocess.py:93} INFO - Command exited with return code 0
[2022-02-01 18:19:09,363] {taskinstance.py:1277} INFO - Marking task as SUCCESS. dag_id=LocalIngestionDag, task_id=ingest, execution_date=20210202T060000, start_date=20220201T181909, end_date=20220201T181909
[2022-02-01 18:19:09,415] {local_task_job.py:154} INFO - Task exited with return code 0
[2022-02-01 18:19:09,470] {local_task_job.py:264} INFO - 0 downstream tasks scheduled from follow-on schedule check
