[2022-02-03 14:45:26,449] {taskinstance.py:1032} INFO - Dependencies all met for <TaskInstance: FHV_data_ingestion_gcs_dag.format_to_parquet_task scheduled__2019-08-01T00:00:00+00:00 [queued]>
[2022-02-03 14:45:26,460] {taskinstance.py:1032} INFO - Dependencies all met for <TaskInstance: FHV_data_ingestion_gcs_dag.format_to_parquet_task scheduled__2019-08-01T00:00:00+00:00 [queued]>
[2022-02-03 14:45:26,460] {taskinstance.py:1238} INFO - 
--------------------------------------------------------------------------------
[2022-02-03 14:45:26,461] {taskinstance.py:1239} INFO - Starting attempt 1 of 1
[2022-02-03 14:45:26,462] {taskinstance.py:1240} INFO - 
--------------------------------------------------------------------------------
[2022-02-03 14:45:26,472] {taskinstance.py:1259} INFO - Executing <Task(PythonOperator): format_to_parquet_task> on 2019-08-01 00:00:00+00:00
[2022-02-03 14:45:26,476] {standard_task_runner.py:52} INFO - Started process 1233 to run task
[2022-02-03 14:45:26,480] {standard_task_runner.py:76} INFO - Running: ['***', 'tasks', 'run', 'FHV_data_ingestion_gcs_dag', 'format_to_parquet_task', 'scheduled__2019-08-01T00:00:00+00:00', '--job-id', '448', '--raw', '--subdir', 'DAGS_FOLDER/FHV_injection_dag.py', '--cfg-path', '/tmp/tmpnkwp06dh', '--error-file', '/tmp/tmp0tambdbk']
[2022-02-03 14:45:26,482] {standard_task_runner.py:77} INFO - Job 448: Subtask format_to_parquet_task
[2022-02-03 14:45:26,536] {logging_mixin.py:109} INFO - Running <TaskInstance: FHV_data_ingestion_gcs_dag.format_to_parquet_task scheduled__2019-08-01T00:00:00+00:00 [running]> on host 700aeb16bae0
[2022-02-03 14:45:26,569] {warnings.py:110} WARNING - /home/***/.local/lib/python3.7/site-packages/***/utils/context.py:152: AirflowContextDeprecationWarning: Accessing 'execution_date' from the template is deprecated and will be removed in a future version. Please use 'data_interval_start' or 'logical_date' instead.
  warnings.warn(_create_deprecation_warning(key, self._deprecation_replacements[key]))

[2022-02-03 14:45:26,588] {taskinstance.py:1426} INFO - Exporting the following env vars:
AIRFLOW_CTX_DAG_OWNER=***
AIRFLOW_CTX_DAG_ID=FHV_data_ingestion_gcs_dag
AIRFLOW_CTX_TASK_ID=format_to_parquet_task
AIRFLOW_CTX_EXECUTION_DATE=2019-08-01T00:00:00+00:00
AIRFLOW_CTX_DAG_RUN_ID=scheduled__2019-08-01T00:00:00+00:00
[2022-02-03 14:45:27,102] {python.py:175} INFO - Done. Returned value was: None
[2022-02-03 14:45:27,120] {taskinstance.py:1277} INFO - Marking task as SUCCESS. dag_id=FHV_data_ingestion_gcs_dag, task_id=format_to_parquet_task, execution_date=20190801T000000, start_date=20220203T144526, end_date=20220203T144527
[2022-02-03 14:45:27,177] {local_task_job.py:154} INFO - Task exited with return code 0
[2022-02-03 14:45:27,241] {local_task_job.py:264} INFO - 1 downstream tasks scheduled from follow-on schedule check
[2022-02-03 15:10:53,240] {taskinstance.py:1032} INFO - Dependencies all met for <TaskInstance: FHV_data_ingestion_gcs_dag.format_to_parquet_task scheduled__2019-08-01T00:00:00+00:00 [queued]>
[2022-02-03 15:10:53,252] {taskinstance.py:1032} INFO - Dependencies all met for <TaskInstance: FHV_data_ingestion_gcs_dag.format_to_parquet_task scheduled__2019-08-01T00:00:00+00:00 [queued]>
[2022-02-03 15:10:53,252] {taskinstance.py:1238} INFO - 
--------------------------------------------------------------------------------
[2022-02-03 15:10:53,253] {taskinstance.py:1239} INFO - Starting attempt 1 of 1
[2022-02-03 15:10:53,254] {taskinstance.py:1240} INFO - 
--------------------------------------------------------------------------------
[2022-02-03 15:10:53,264] {taskinstance.py:1259} INFO - Executing <Task(PythonOperator): format_to_parquet_task> on 2019-08-01 00:00:00+00:00
[2022-02-03 15:10:53,269] {standard_task_runner.py:52} INFO - Started process 2866 to run task
[2022-02-03 15:10:53,273] {standard_task_runner.py:76} INFO - Running: ['***', 'tasks', 'run', 'FHV_data_ingestion_gcs_dag', 'format_to_parquet_task', 'scheduled__2019-08-01T00:00:00+00:00', '--job-id', '552', '--raw', '--subdir', 'DAGS_FOLDER/FHV_injection_dag.py', '--cfg-path', '/tmp/tmplpfr3hww', '--error-file', '/tmp/tmprwdu9eau']
[2022-02-03 15:10:53,275] {standard_task_runner.py:77} INFO - Job 552: Subtask format_to_parquet_task
[2022-02-03 15:10:53,344] {logging_mixin.py:109} INFO - Running <TaskInstance: FHV_data_ingestion_gcs_dag.format_to_parquet_task scheduled__2019-08-01T00:00:00+00:00 [running]> on host 700aeb16bae0
[2022-02-03 15:10:53,390] {warnings.py:110} WARNING - /home/***/.local/lib/python3.7/site-packages/***/utils/context.py:152: AirflowContextDeprecationWarning: Accessing 'execution_date' from the template is deprecated and will be removed in a future version. Please use 'data_interval_start' or 'logical_date' instead.
  warnings.warn(_create_deprecation_warning(key, self._deprecation_replacements[key]))

[2022-02-03 15:10:53,420] {taskinstance.py:1426} INFO - Exporting the following env vars:
AIRFLOW_CTX_DAG_OWNER=***
AIRFLOW_CTX_DAG_ID=FHV_data_ingestion_gcs_dag
AIRFLOW_CTX_TASK_ID=format_to_parquet_task
AIRFLOW_CTX_EXECUTION_DATE=2019-08-01T00:00:00+00:00
AIRFLOW_CTX_DAG_RUN_ID=scheduled__2019-08-01T00:00:00+00:00
[2022-02-03 15:10:53,959] {python.py:175} INFO - Done. Returned value was: None
[2022-02-03 15:10:53,977] {taskinstance.py:1277} INFO - Marking task as SUCCESS. dag_id=FHV_data_ingestion_gcs_dag, task_id=format_to_parquet_task, execution_date=20190801T000000, start_date=20220203T151053, end_date=20220203T151053
[2022-02-03 15:10:54,051] {local_task_job.py:154} INFO - Task exited with return code 0
[2022-02-03 15:10:54,086] {local_task_job.py:264} INFO - 1 downstream tasks scheduled from follow-on schedule check
