[2022-02-10 16:29:51,362] {taskinstance.py:1032} INFO - Dependencies all met for <TaskInstance: ex_1_data_ingestion_gcs_dag_v3.local_to_gcs_task manual__2022-02-10T16:29:46.085233+00:00 [queued]>
[2022-02-10 16:29:51,384] {taskinstance.py:1032} INFO - Dependencies all met for <TaskInstance: ex_1_data_ingestion_gcs_dag_v3.local_to_gcs_task manual__2022-02-10T16:29:46.085233+00:00 [queued]>
[2022-02-10 16:29:51,385] {taskinstance.py:1238} INFO - 
--------------------------------------------------------------------------------
[2022-02-10 16:29:51,387] {taskinstance.py:1239} INFO - Starting attempt 1 of 1
[2022-02-10 16:29:51,388] {taskinstance.py:1240} INFO - 
--------------------------------------------------------------------------------
[2022-02-10 16:29:51,399] {taskinstance.py:1259} INFO - Executing <Task(PythonOperator): local_to_gcs_task> on 2022-02-10 16:29:46.085233+00:00
[2022-02-10 16:29:51,405] {standard_task_runner.py:52} INFO - Started process 155 to run task
[2022-02-10 16:29:51,409] {standard_task_runner.py:76} INFO - Running: ['***', 'tasks', 'run', 'ex_1_data_ingestion_gcs_dag_v3', 'local_to_gcs_task', 'manual__2022-02-10T16:29:46.085233+00:00', '--job-id', '926', '--raw', '--subdir', 'DAGS_FOLDER/data_ingestion_hw_1_ex.py', '--cfg-path', '/tmp/tmp1pwjv7h7', '--error-file', '/tmp/tmpkju2bepa']
[2022-02-10 16:29:51,411] {standard_task_runner.py:77} INFO - Job 926: Subtask local_to_gcs_task
[2022-02-10 16:29:51,481] {logging_mixin.py:109} INFO - Running <TaskInstance: ex_1_data_ingestion_gcs_dag_v3.local_to_gcs_task manual__2022-02-10T16:29:46.085233+00:00 [running]> on host 106a34111faf
[2022-02-10 16:29:51,526] {warnings.py:110} WARNING - /home/***/.local/lib/python3.7/site-packages/***/utils/context.py:152: AirflowContextDeprecationWarning: Accessing 'execution_date' from the template is deprecated and will be removed in a future version. Please use 'data_interval_start' or 'logical_date' instead.
  warnings.warn(_create_deprecation_warning(key, self._deprecation_replacements[key]))

[2022-02-10 16:29:51,556] {taskinstance.py:1426} INFO - Exporting the following env vars:
AIRFLOW_CTX_DAG_OWNER=***
AIRFLOW_CTX_DAG_ID=ex_1_data_ingestion_gcs_dag_v3
AIRFLOW_CTX_TASK_ID=local_to_gcs_task
AIRFLOW_CTX_EXECUTION_DATE=2022-02-10T16:29:46.085233+00:00
AIRFLOW_CTX_DAG_RUN_ID=manual__2022-02-10T16:29:46.085233+00:00
[2022-02-10 16:29:51,911] {python.py:175} INFO - Done. Returned value was: None
[2022-02-10 16:29:51,928] {taskinstance.py:1277} INFO - Marking task as SUCCESS. dag_id=ex_1_data_ingestion_gcs_dag_v3, task_id=local_to_gcs_task, execution_date=20220210T162946, start_date=20220210T162951, end_date=20220210T162951
[2022-02-10 16:29:51,988] {local_task_job.py:154} INFO - Task exited with return code 0
[2022-02-10 16:29:52,027] {local_task_job.py:264} INFO - 0 downstream tasks scheduled from follow-on schedule check
