[2022-02-10 15:51:51,027] {taskinstance.py:1032} INFO - Dependencies all met for <TaskInstance: data_2_gcs_dag.gcs_2_gcs_task manual__2022-02-10T15:51:47.943190+00:00 [queued]>
[2022-02-10 15:51:51,057] {taskinstance.py:1032} INFO - Dependencies all met for <TaskInstance: data_2_gcs_dag.gcs_2_gcs_task manual__2022-02-10T15:51:47.943190+00:00 [queued]>
[2022-02-10 15:51:51,058] {taskinstance.py:1238} INFO - 
--------------------------------------------------------------------------------
[2022-02-10 15:51:51,059] {taskinstance.py:1239} INFO - Starting attempt 1 of 2
[2022-02-10 15:51:51,061] {taskinstance.py:1240} INFO - 
--------------------------------------------------------------------------------
[2022-02-10 15:51:51,078] {taskinstance.py:1259} INFO - Executing <Task(GCSToGCSOperator): gcs_2_gcs_task> on 2022-02-10 15:51:47.943190+00:00
[2022-02-10 15:51:51,088] {standard_task_runner.py:52} INFO - Started process 106 to run task
[2022-02-10 15:51:51,094] {standard_task_runner.py:76} INFO - Running: ['***', 'tasks', 'run', 'data_2_gcs_dag', 'gcs_2_gcs_task', 'manual__2022-02-10T15:51:47.943190+00:00', '--job-id', '906', '--raw', '--subdir', 'DAGS_FOLDER/data-2-gcs-dag.py', '--cfg-path', '/tmp/tmpwdl828z2', '--error-file', '/tmp/tmpiecb0paa']
[2022-02-10 15:51:51,096] {standard_task_runner.py:77} INFO - Job 906: Subtask gcs_2_gcs_task
[2022-02-10 15:51:51,191] {logging_mixin.py:109} INFO - Running <TaskInstance: data_2_gcs_dag.gcs_2_gcs_task manual__2022-02-10T15:51:47.943190+00:00 [running]> on host c1978c8f7cc5
[2022-02-10 15:51:51,264] {taskinstance.py:1426} INFO - Exporting the following env vars:
AIRFLOW_CTX_DAG_OWNER=***
AIRFLOW_CTX_DAG_ID=data_2_gcs_dag
AIRFLOW_CTX_TASK_ID=gcs_2_gcs_task
AIRFLOW_CTX_EXECUTION_DATE=2022-02-10T15:51:47.943190+00:00
AIRFLOW_CTX_DAG_RUN_ID=manual__2022-02-10T15:51:47.943190+00:00
[2022-02-10 15:51:51,267] {crypto.py:82} WARNING - empty cryptography key - values will not be stored encrypted.
[2022-02-10 15:51:51,268] {gcs_to_gcs.py:346} INFO - Delimiter ignored because wildcard is in prefix
[2022-02-10 15:51:51,586] {gcs_to_gcs.py:431} INFO - Executing copy of gs://dtc_data_lake_vaulted-art-339212/raw/yellow_tripdata_2021-01.parquet to gs://dtc_data_lake_vaulted-art-339212/yellow/yellow_tripdata_2021-01.parquet
[2022-02-10 15:51:51,731] {gcs.py:251} INFO - Total Bytes: 26074630 | Bytes Written: 26074630
[2022-02-10 15:51:51,733] {gcs.py:264} INFO - Object raw/yellow_tripdata_2021-01.parquet in bucket dtc_data_lake_vaulted-art-339212 rewritten to object yellow/yellow_tripdata_2021-01.parquet in bucket dtc_data_lake_vaulted-art-339212
[2022-02-10 15:51:51,735] {gcs_to_gcs.py:431} INFO - Executing copy of gs://dtc_data_lake_vaulted-art-339212/raw/yellow_tripdata_2021-06.parquet to gs://dtc_data_lake_vaulted-art-339212/yellow/yellow_tripdata_2021-06.parquet
[2022-02-10 15:51:51,888] {gcs.py:251} INFO - Total Bytes: 52919920 | Bytes Written: 52919920
[2022-02-10 15:51:51,889] {gcs.py:264} INFO - Object raw/yellow_tripdata_2021-06.parquet in bucket dtc_data_lake_vaulted-art-339212 rewritten to object yellow/yellow_tripdata_2021-06.parquet in bucket dtc_data_lake_vaulted-art-339212
[2022-02-10 15:51:51,890] {gcs_to_gcs.py:431} INFO - Executing copy of gs://dtc_data_lake_vaulted-art-339212/raw/yellow_tripdata_2021-11.parquet to gs://dtc_data_lake_vaulted-art-339212/yellow/yellow_tripdata_2021-11.parquet
[2022-02-10 15:51:52,021] {gcs.py:251} INFO - Total Bytes: 2481 | Bytes Written: 2481
[2022-02-10 15:51:52,023] {gcs.py:264} INFO - Object raw/yellow_tripdata_2021-11.parquet in bucket dtc_data_lake_vaulted-art-339212 rewritten to object yellow/yellow_tripdata_2021-11.parquet in bucket dtc_data_lake_vaulted-art-339212
[2022-02-10 15:51:52,023] {gcs_to_gcs.py:431} INFO - Executing copy of gs://dtc_data_lake_vaulted-art-339212/raw/yellow_tripdata_2020-01.parquet to gs://dtc_data_lake_vaulted-art-339212/yellow/yellow_tripdata_2020-01.parquet
[2022-02-10 15:51:52,168] {gcs.py:251} INFO - Total Bytes: 116228546 | Bytes Written: 116228546
[2022-02-10 15:51:52,169] {gcs.py:264} INFO - Object raw/yellow_tripdata_2020-01.parquet in bucket dtc_data_lake_vaulted-art-339212 rewritten to object yellow/yellow_tripdata_2020-01.parquet in bucket dtc_data_lake_vaulted-art-339212
[2022-02-10 15:51:52,170] {gcs_to_gcs.py:431} INFO - Executing copy of gs://dtc_data_lake_vaulted-art-339212/raw/yellow_tripdata_2019-01.parquet to gs://dtc_data_lake_vaulted-art-339212/yellow/yellow_tripdata_2019-01.parquet
[2022-02-10 15:51:52,319] {gcs.py:251} INFO - Total Bytes: 137625296 | Bytes Written: 137625296
[2022-02-10 15:51:52,320] {gcs.py:264} INFO - Object raw/yellow_tripdata_2019-01.parquet in bucket dtc_data_lake_vaulted-art-339212 rewritten to object yellow/yellow_tripdata_2019-01.parquet in bucket dtc_data_lake_vaulted-art-339212
[2022-02-10 15:51:52,321] {gcs_to_gcs.py:431} INFO - Executing copy of gs://dtc_data_lake_vaulted-art-339212/raw/yellow_tripdata_2020-12.parquet to gs://dtc_data_lake_vaulted-art-339212/yellow/yellow_tripdata_2020-12.parquet
[2022-02-10 15:51:52,668] {gcs.py:251} INFO - Total Bytes: 27480890 | Bytes Written: 27480890
[2022-02-10 15:51:52,670] {gcs.py:264} INFO - Object raw/yellow_tripdata_2020-12.parquet in bucket dtc_data_lake_vaulted-art-339212 rewritten to object yellow/yellow_tripdata_2020-12.parquet in bucket dtc_data_lake_vaulted-art-339212
[2022-02-10 15:51:52,671] {gcs_to_gcs.py:431} INFO - Executing copy of gs://dtc_data_lake_vaulted-art-339212/raw/yellow_tripdata_2020-05.parquet to gs://dtc_data_lake_vaulted-art-339212/yellow/yellow_tripdata_2020-05.parquet
[2022-02-10 15:51:53,287] {gcs.py:251} INFO - Total Bytes: 7436367 | Bytes Written: 7436367
[2022-02-10 15:51:53,288] {gcs.py:264} INFO - Object raw/yellow_tripdata_2020-05.parquet in bucket dtc_data_lake_vaulted-art-339212 rewritten to object yellow/yellow_tripdata_2020-05.parquet in bucket dtc_data_lake_vaulted-art-339212
[2022-02-10 15:51:53,289] {gcs_to_gcs.py:431} INFO - Executing copy of gs://dtc_data_lake_vaulted-art-339212/raw/yellow_tripdata_2020-07.parquet to gs://dtc_data_lake_vaulted-art-339212/yellow/yellow_tripdata_2020-07.parquet
[2022-02-10 15:51:53,421] {gcs.py:251} INFO - Total Bytes: 15762125 | Bytes Written: 15762125
[2022-02-10 15:51:53,422] {gcs.py:264} INFO - Object raw/yellow_tripdata_2020-07.parquet in bucket dtc_data_lake_vaulted-art-339212 rewritten to object yellow/yellow_tripdata_2020-07.parquet in bucket dtc_data_lake_vaulted-art-339212
[2022-02-10 15:51:53,423] {gcs_to_gcs.py:431} INFO - Executing copy of gs://dtc_data_lake_vaulted-art-339212/raw/yellow_tripdata_2021-05.parquet to gs://dtc_data_lake_vaulted-art-339212/yellow/yellow_tripdata_2021-05.parquet
[2022-02-10 15:51:53,817] {gcs.py:251} INFO - Total Bytes: 46674149 | Bytes Written: 46674149
[2022-02-10 15:51:53,819] {gcs.py:264} INFO - Object raw/yellow_tripdata_2021-05.parquet in bucket dtc_data_lake_vaulted-art-339212 rewritten to object yellow/yellow_tripdata_2021-05.parquet in bucket dtc_data_lake_vaulted-art-339212
[2022-02-10 15:51:53,820] {gcs_to_gcs.py:431} INFO - Executing copy of gs://dtc_data_lake_vaulted-art-339212/raw/yellow_tripdata_2019-05.parquet to gs://dtc_data_lake_vaulted-art-339212/yellow/yellow_tripdata_2019-05.parquet
[2022-02-10 15:51:53,996] {gcs.py:251} INFO - Total Bytes: 137418656 | Bytes Written: 137418656
[2022-02-10 15:51:53,997] {gcs.py:264} INFO - Object raw/yellow_tripdata_2019-05.parquet in bucket dtc_data_lake_vaulted-art-339212 rewritten to object yellow/yellow_tripdata_2019-05.parquet in bucket dtc_data_lake_vaulted-art-339212
[2022-02-10 15:51:53,998] {gcs_to_gcs.py:431} INFO - Executing copy of gs://dtc_data_lake_vaulted-art-339212/raw/yellow_tripdata_2019-02.parquet to gs://dtc_data_lake_vaulted-art-339212/yellow/yellow_tripdata_2019-02.parquet
[2022-02-10 15:51:54,184] {gcs.py:251} INFO - Total Bytes: 128380769 | Bytes Written: 128380769
[2022-02-10 15:51:54,185] {gcs.py:264} INFO - Object raw/yellow_tripdata_2019-02.parquet in bucket dtc_data_lake_vaulted-art-339212 rewritten to object yellow/yellow_tripdata_2019-02.parquet in bucket dtc_data_lake_vaulted-art-339212
[2022-02-10 15:51:54,186] {gcs_to_gcs.py:431} INFO - Executing copy of gs://dtc_data_lake_vaulted-art-339212/raw/yellow_tripdata_2019-08.parquet to gs://dtc_data_lake_vaulted-art-339212/yellow/yellow_tripdata_2019-08.parquet
[2022-02-10 15:51:54,334] {gcs.py:251} INFO - Total Bytes: 111332831 | Bytes Written: 111332831
[2022-02-10 15:51:54,335] {gcs.py:264} INFO - Object raw/yellow_tripdata_2019-08.parquet in bucket dtc_data_lake_vaulted-art-339212 rewritten to object yellow/yellow_tripdata_2019-08.parquet in bucket dtc_data_lake_vaulted-art-339212
[2022-02-10 15:51:54,336] {gcs_to_gcs.py:431} INFO - Executing copy of gs://dtc_data_lake_vaulted-art-339212/raw/yellow_tripdata_2020-06.parquet to gs://dtc_data_lake_vaulted-art-339212/yellow/yellow_tripdata_2020-06.parquet
[2022-02-10 15:51:54,467] {gcs.py:251} INFO - Total Bytes: 11323874 | Bytes Written: 11323874
[2022-02-10 15:51:54,470] {gcs.py:264} INFO - Object raw/yellow_tripdata_2020-06.parquet in bucket dtc_data_lake_vaulted-art-339212 rewritten to object yellow/yellow_tripdata_2020-06.parquet in bucket dtc_data_lake_vaulted-art-339212
[2022-02-10 15:51:54,472] {gcs_to_gcs.py:431} INFO - Executing copy of gs://dtc_data_lake_vaulted-art-339212/raw/yellow_tripdata_2020-08.parquet to gs://dtc_data_lake_vaulted-art-339212/yellow/yellow_tripdata_2020-08.parquet
[2022-02-10 15:51:54,620] {gcs.py:251} INFO - Total Bytes: 19636193 | Bytes Written: 19636193
[2022-02-10 15:51:54,622] {gcs.py:264} INFO - Object raw/yellow_tripdata_2020-08.parquet in bucket dtc_data_lake_vaulted-art-339212 rewritten to object yellow/yellow_tripdata_2020-08.parquet in bucket dtc_data_lake_vaulted-art-339212
[2022-02-10 15:51:54,624] {gcs_to_gcs.py:431} INFO - Executing copy of gs://dtc_data_lake_vaulted-art-339212/raw/yellow_tripdata_2020-04.parquet to gs://dtc_data_lake_vaulted-art-339212/yellow/yellow_tripdata_2020-04.parquet
[2022-02-10 15:51:54,754] {gcs.py:251} INFO - Total Bytes: 5285861 | Bytes Written: 5285861
[2022-02-10 15:51:54,758] {gcs.py:264} INFO - Object raw/yellow_tripdata_2020-04.parquet in bucket dtc_data_lake_vaulted-art-339212 rewritten to object yellow/yellow_tripdata_2020-04.parquet in bucket dtc_data_lake_vaulted-art-339212
[2022-02-10 15:51:54,759] {gcs_to_gcs.py:431} INFO - Executing copy of gs://dtc_data_lake_vaulted-art-339212/raw/yellow_tripdata_2021-07.parquet to gs://dtc_data_lake_vaulted-art-339212/yellow/yellow_tripdata_2021-07.parquet
[2022-02-10 15:51:54,892] {gcs.py:251} INFO - Total Bytes: 52878923 | Bytes Written: 52878923
[2022-02-10 15:51:54,893] {gcs.py:264} INFO - Object raw/yellow_tripdata_2021-07.parquet in bucket dtc_data_lake_vaulted-art-339212 rewritten to object yellow/yellow_tripdata_2021-07.parquet in bucket dtc_data_lake_vaulted-art-339212
[2022-02-10 15:51:54,894] {gcs_to_gcs.py:431} INFO - Executing copy of gs://dtc_data_lake_vaulted-art-339212/raw/yellow_tripdata_2021-12.parquet to gs://dtc_data_lake_vaulted-art-339212/yellow/yellow_tripdata_2021-12.parquet
[2022-02-10 15:51:55,029] {gcs.py:251} INFO - Total Bytes: 2481 | Bytes Written: 2481
[2022-02-10 15:51:55,031] {gcs.py:264} INFO - Object raw/yellow_tripdata_2021-12.parquet in bucket dtc_data_lake_vaulted-art-339212 rewritten to object yellow/yellow_tripdata_2021-12.parquet in bucket dtc_data_lake_vaulted-art-339212
[2022-02-10 15:51:55,032] {gcs_to_gcs.py:431} INFO - Executing copy of gs://dtc_data_lake_vaulted-art-339212/raw/yellow_tripdata_2022-01.parquet to gs://dtc_data_lake_vaulted-art-339212/yellow/yellow_tripdata_2022-01.parquet
[2022-02-10 15:51:55,166] {gcs.py:251} INFO - Total Bytes: 2481 | Bytes Written: 2481
[2022-02-10 15:51:55,167] {gcs.py:264} INFO - Object raw/yellow_tripdata_2022-01.parquet in bucket dtc_data_lake_vaulted-art-339212 rewritten to object yellow/yellow_tripdata_2022-01.parquet in bucket dtc_data_lake_vaulted-art-339212
[2022-02-10 15:51:55,169] {gcs_to_gcs.py:431} INFO - Executing copy of gs://dtc_data_lake_vaulted-art-339212/raw/yellow_tripdata_2020-03.parquet to gs://dtc_data_lake_vaulted-art-339212/yellow/yellow_tripdata_2020-03.parquet
[2022-02-10 15:51:55,300] {gcs.py:251} INFO - Total Bytes: 54378226 | Bytes Written: 54378226
[2022-02-10 15:51:55,302] {gcs.py:264} INFO - Object raw/yellow_tripdata_2020-03.parquet in bucket dtc_data_lake_vaulted-art-339212 rewritten to object yellow/yellow_tripdata_2020-03.parquet in bucket dtc_data_lake_vaulted-art-339212
[2022-02-10 15:51:55,303] {gcs_to_gcs.py:431} INFO - Executing copy of gs://dtc_data_lake_vaulted-art-339212/raw/yellow_tripdata_2019-04.parquet to gs://dtc_data_lake_vaulted-art-339212/yellow/yellow_tripdata_2019-04.parquet
[2022-02-10 15:51:55,456] {gcs.py:251} INFO - Total Bytes: 136706305 | Bytes Written: 136706305
[2022-02-10 15:51:55,457] {gcs.py:264} INFO - Object raw/yellow_tripdata_2019-04.parquet in bucket dtc_data_lake_vaulted-art-339212 rewritten to object yellow/yellow_tripdata_2019-04.parquet in bucket dtc_data_lake_vaulted-art-339212
[2022-02-10 15:51:55,459] {gcs_to_gcs.py:431} INFO - Executing copy of gs://dtc_data_lake_vaulted-art-339212/raw/yellow_tripdata_2019-12.parquet to gs://dtc_data_lake_vaulted-art-339212/yellow/yellow_tripdata_2019-12.parquet
[2022-02-10 15:51:55,815] {gcs.py:251} INFO - Total Bytes: 125360614 | Bytes Written: 125360614
[2022-02-10 15:51:55,816] {gcs.py:264} INFO - Object raw/yellow_tripdata_2019-12.parquet in bucket dtc_data_lake_vaulted-art-339212 rewritten to object yellow/yellow_tripdata_2019-12.parquet in bucket dtc_data_lake_vaulted-art-339212
[2022-02-10 15:51:55,817] {gcs_to_gcs.py:431} INFO - Executing copy of gs://dtc_data_lake_vaulted-art-339212/raw/yellow_tripdata_2019-10.parquet to gs://dtc_data_lake_vaulted-art-339212/yellow/yellow_tripdata_2019-10.parquet
[2022-02-10 15:51:55,967] {gcs.py:251} INFO - Total Bytes: 130950231 | Bytes Written: 130950231
[2022-02-10 15:51:55,968] {gcs.py:264} INFO - Object raw/yellow_tripdata_2019-10.parquet in bucket dtc_data_lake_vaulted-art-339212 rewritten to object yellow/yellow_tripdata_2019-10.parquet in bucket dtc_data_lake_vaulted-art-339212
[2022-02-10 15:51:55,970] {gcs_to_gcs.py:431} INFO - Executing copy of gs://dtc_data_lake_vaulted-art-339212/raw/yellow_tripdata_2019-06.parquet to gs://dtc_data_lake_vaulted-art-339212/yellow/yellow_tripdata_2019-06.parquet
[2022-02-10 15:51:56,344] {gcs.py:251} INFO - Total Bytes: 126726779 | Bytes Written: 126726779
[2022-02-10 15:51:56,346] {gcs.py:264} INFO - Object raw/yellow_tripdata_2019-06.parquet in bucket dtc_data_lake_vaulted-art-339212 rewritten to object yellow/yellow_tripdata_2019-06.parquet in bucket dtc_data_lake_vaulted-art-339212
[2022-02-10 15:51:56,348] {gcs_to_gcs.py:431} INFO - Executing copy of gs://dtc_data_lake_vaulted-art-339212/raw/yellow_tripdata_2020-11.parquet to gs://dtc_data_lake_vaulted-art-339212/yellow/yellow_tripdata_2020-11.parquet
[2022-02-10 15:51:56,481] {gcs.py:251} INFO - Total Bytes: 28375709 | Bytes Written: 28375709
[2022-02-10 15:51:56,482] {gcs.py:264} INFO - Object raw/yellow_tripdata_2020-11.parquet in bucket dtc_data_lake_vaulted-art-339212 rewritten to object yellow/yellow_tripdata_2020-11.parquet in bucket dtc_data_lake_vaulted-art-339212
[2022-02-10 15:51:56,484] {gcs_to_gcs.py:431} INFO - Executing copy of gs://dtc_data_lake_vaulted-art-339212/raw/yellow_tripdata_2019-09.parquet to gs://dtc_data_lake_vaulted-art-339212/yellow/yellow_tripdata_2019-09.parquet
[2022-02-10 15:51:56,627] {gcs.py:251} INFO - Total Bytes: 120286338 | Bytes Written: 120286338
[2022-02-10 15:51:56,629] {gcs.py:264} INFO - Object raw/yellow_tripdata_2019-09.parquet in bucket dtc_data_lake_vaulted-art-339212 rewritten to object yellow/yellow_tripdata_2019-09.parquet in bucket dtc_data_lake_vaulted-art-339212
[2022-02-10 15:51:56,630] {gcs_to_gcs.py:431} INFO - Executing copy of gs://dtc_data_lake_vaulted-art-339212/raw/yellow_tripdata_2019-11.parquet to gs://dtc_data_lake_vaulted-art-339212/yellow/yellow_tripdata_2019-11.parquet
[2022-02-10 15:51:56,785] {gcs.py:251} INFO - Total Bytes: 124810768 | Bytes Written: 124810768
[2022-02-10 15:51:56,786] {gcs.py:264} INFO - Object raw/yellow_tripdata_2019-11.parquet in bucket dtc_data_lake_vaulted-art-339212 rewritten to object yellow/yellow_tripdata_2019-11.parquet in bucket dtc_data_lake_vaulted-art-339212
[2022-02-10 15:51:56,789] {gcs_to_gcs.py:431} INFO - Executing copy of gs://dtc_data_lake_vaulted-art-339212/raw/yellow_tripdata_2020-02.parquet to gs://dtc_data_lake_vaulted-art-339212/yellow/yellow_tripdata_2020-02.parquet
[2022-02-10 15:51:56,932] {gcs.py:251} INFO - Total Bytes: 113958025 | Bytes Written: 113958025
[2022-02-10 15:51:56,934] {gcs.py:264} INFO - Object raw/yellow_tripdata_2020-02.parquet in bucket dtc_data_lake_vaulted-art-339212 rewritten to object yellow/yellow_tripdata_2020-02.parquet in bucket dtc_data_lake_vaulted-art-339212
[2022-02-10 15:51:56,936] {gcs_to_gcs.py:431} INFO - Executing copy of gs://dtc_data_lake_vaulted-art-339212/raw/yellow_tripdata_2020-09.parquet to gs://dtc_data_lake_vaulted-art-339212/yellow/yellow_tripdata_2020-09.parquet
[2022-02-10 15:51:57,388] {gcs.py:251} INFO - Total Bytes: 25539450 | Bytes Written: 25539450
[2022-02-10 15:51:57,390] {gcs.py:264} INFO - Object raw/yellow_tripdata_2020-09.parquet in bucket dtc_data_lake_vaulted-art-339212 rewritten to object yellow/yellow_tripdata_2020-09.parquet in bucket dtc_data_lake_vaulted-art-339212
[2022-02-10 15:51:57,391] {gcs_to_gcs.py:431} INFO - Executing copy of gs://dtc_data_lake_vaulted-art-339212/raw/yellow_tripdata_2020-10.parquet to gs://dtc_data_lake_vaulted-art-339212/yellow/yellow_tripdata_2020-10.parquet
[2022-02-10 15:51:57,523] {gcs.py:251} INFO - Total Bytes: 31572830 | Bytes Written: 31572830
[2022-02-10 15:51:57,526] {gcs.py:264} INFO - Object raw/yellow_tripdata_2020-10.parquet in bucket dtc_data_lake_vaulted-art-339212 rewritten to object yellow/yellow_tripdata_2020-10.parquet in bucket dtc_data_lake_vaulted-art-339212
[2022-02-10 15:51:57,527] {gcs_to_gcs.py:431} INFO - Executing copy of gs://dtc_data_lake_vaulted-art-339212/raw/yellow_tripdata_2021-02.parquet to gs://dtc_data_lake_vaulted-art-339212/yellow/yellow_tripdata_2021-02.parquet
[2022-02-10 15:51:57,657] {gcs.py:251} INFO - Total Bytes: 25972411 | Bytes Written: 25972411
[2022-02-10 15:51:57,659] {gcs.py:264} INFO - Object raw/yellow_tripdata_2021-02.parquet in bucket dtc_data_lake_vaulted-art-339212 rewritten to object yellow/yellow_tripdata_2021-02.parquet in bucket dtc_data_lake_vaulted-art-339212
[2022-02-10 15:51:57,661] {gcs_to_gcs.py:431} INFO - Executing copy of gs://dtc_data_lake_vaulted-art-339212/raw/yellow_tripdata_2021-08.parquet to gs://dtc_data_lake_vaulted-art-339212/yellow/yellow_tripdata_2021-08.parquet
[2022-02-10 15:51:57,793] {gcs.py:251} INFO - Total Bytes: 2481 | Bytes Written: 2481
[2022-02-10 15:51:57,794] {gcs.py:264} INFO - Object raw/yellow_tripdata_2021-08.parquet in bucket dtc_data_lake_vaulted-art-339212 rewritten to object yellow/yellow_tripdata_2021-08.parquet in bucket dtc_data_lake_vaulted-art-339212
[2022-02-10 15:51:57,795] {gcs_to_gcs.py:431} INFO - Executing copy of gs://dtc_data_lake_vaulted-art-339212/raw/yellow_tripdata_2019-03.parquet to gs://dtc_data_lake_vaulted-art-339212/yellow/yellow_tripdata_2019-03.parquet
[2022-02-10 15:51:57,945] {gcs.py:251} INFO - Total Bytes: 144113501 | Bytes Written: 144113501
[2022-02-10 15:51:57,948] {gcs.py:264} INFO - Object raw/yellow_tripdata_2019-03.parquet in bucket dtc_data_lake_vaulted-art-339212 rewritten to object yellow/yellow_tripdata_2019-03.parquet in bucket dtc_data_lake_vaulted-art-339212
[2022-02-10 15:51:57,950] {gcs_to_gcs.py:431} INFO - Executing copy of gs://dtc_data_lake_vaulted-art-339212/raw/yellow_tripdata_2021-10.parquet to gs://dtc_data_lake_vaulted-art-339212/yellow/yellow_tripdata_2021-10.parquet
[2022-02-10 15:51:58,074] {gcs.py:251} INFO - Total Bytes: 2482 | Bytes Written: 2482
[2022-02-10 15:51:58,076] {gcs.py:264} INFO - Object raw/yellow_tripdata_2021-10.parquet in bucket dtc_data_lake_vaulted-art-339212 rewritten to object yellow/yellow_tripdata_2021-10.parquet in bucket dtc_data_lake_vaulted-art-339212
[2022-02-10 15:51:58,077] {gcs_to_gcs.py:431} INFO - Executing copy of gs://dtc_data_lake_vaulted-art-339212/raw/yellow_tripdata_2019-07.parquet to gs://dtc_data_lake_vaulted-art-339212/yellow/yellow_tripdata_2019-07.parquet
[2022-02-10 15:51:58,218] {gcs.py:251} INFO - Total Bytes: 115534598 | Bytes Written: 115534598
[2022-02-10 15:51:58,220] {gcs.py:264} INFO - Object raw/yellow_tripdata_2019-07.parquet in bucket dtc_data_lake_vaulted-art-339212 rewritten to object yellow/yellow_tripdata_2019-07.parquet in bucket dtc_data_lake_vaulted-art-339212
[2022-02-10 15:51:58,222] {gcs_to_gcs.py:431} INFO - Executing copy of gs://dtc_data_lake_vaulted-art-339212/raw/yellow_tripdata_2021-09.parquet to gs://dtc_data_lake_vaulted-art-339212/yellow/yellow_tripdata_2021-09.parquet
[2022-02-10 15:51:58,351] {gcs.py:251} INFO - Total Bytes: 2481 | Bytes Written: 2481
[2022-02-10 15:51:58,355] {gcs.py:264} INFO - Object raw/yellow_tripdata_2021-09.parquet in bucket dtc_data_lake_vaulted-art-339212 rewritten to object yellow/yellow_tripdata_2021-09.parquet in bucket dtc_data_lake_vaulted-art-339212
[2022-02-10 15:51:58,356] {gcs_to_gcs.py:431} INFO - Executing copy of gs://dtc_data_lake_vaulted-art-339212/raw/yellow_tripdata_2021-03.parquet to gs://dtc_data_lake_vaulted-art-339212/yellow/yellow_tripdata_2021-03.parquet
[2022-02-10 15:51:58,488] {gcs.py:251} INFO - Total Bytes: 35889324 | Bytes Written: 35889324
[2022-02-10 15:51:58,494] {gcs.py:264} INFO - Object raw/yellow_tripdata_2021-03.parquet in bucket dtc_data_lake_vaulted-art-339212 rewritten to object yellow/yellow_tripdata_2021-03.parquet in bucket dtc_data_lake_vaulted-art-339212
[2022-02-10 15:51:58,496] {gcs_to_gcs.py:431} INFO - Executing copy of gs://dtc_data_lake_vaulted-art-339212/raw/yellow_tripdata_2021-04.parquet to gs://dtc_data_lake_vaulted-art-339212/yellow/yellow_tripdata_2021-04.parquet
[2022-02-10 15:51:58,632] {gcs.py:251} INFO - Total Bytes: 40747225 | Bytes Written: 40747225
[2022-02-10 15:51:58,634] {gcs.py:264} INFO - Object raw/yellow_tripdata_2021-04.parquet in bucket dtc_data_lake_vaulted-art-339212 rewritten to object yellow/yellow_tripdata_2021-04.parquet in bucket dtc_data_lake_vaulted-art-339212
[2022-02-10 15:51:58,653] {taskinstance.py:1277} INFO - Marking task as SUCCESS. dag_id=data_2_gcs_dag, task_id=gcs_2_gcs_task, execution_date=20220210T155147, start_date=20220210T155151, end_date=20220210T155158
[2022-02-10 15:51:58,713] {local_task_job.py:154} INFO - Task exited with return code 0
[2022-02-10 15:51:58,763] {local_task_job.py:264} INFO - 1 downstream tasks scheduled from follow-on schedule check
