[2022-02-02 17:40:30,975] {taskinstance.py:1032} INFO - Dependencies all met for <TaskInstance: ex_1_data_ingestion_gcs_dag_v2.download_dataset_task scheduled__2019-07-01T00:00:00+00:00 [queued]>
[2022-02-02 17:40:31,013] {taskinstance.py:1032} INFO - Dependencies all met for <TaskInstance: ex_1_data_ingestion_gcs_dag_v2.download_dataset_task scheduled__2019-07-01T00:00:00+00:00 [queued]>
[2022-02-02 17:40:31,015] {taskinstance.py:1238} INFO - 
--------------------------------------------------------------------------------
[2022-02-02 17:40:31,019] {taskinstance.py:1239} INFO - Starting attempt 1 of 1
[2022-02-02 17:40:31,022] {taskinstance.py:1240} INFO - 
--------------------------------------------------------------------------------
[2022-02-02 17:40:31,119] {taskinstance.py:1259} INFO - Executing <Task(BashOperator): download_dataset_task> on 2019-07-01 00:00:00+00:00
[2022-02-02 17:40:31,243] {standard_task_runner.py:52} INFO - Started process 6659 to run task
[2022-02-02 17:40:31,359] {standard_task_runner.py:76} INFO - Running: ['***', 'tasks', 'run', 'ex_1_data_ingestion_gcs_dag_v2', 'download_dataset_task', 'scheduled__2019-07-01T00:00:00+00:00', '--job-id', '208', '--raw', '--subdir', 'DAGS_FOLDER/data_ingestion_hw_1_ex.py', '--cfg-path', '/tmp/tmpegeh0_rl', '--error-file', '/tmp/tmp78uxfohd']
[2022-02-02 17:40:31,373] {standard_task_runner.py:77} INFO - Job 208: Subtask download_dataset_task
[2022-02-02 17:40:32,017] {logging_mixin.py:109} INFO - Running <TaskInstance: ex_1_data_ingestion_gcs_dag_v2.download_dataset_task scheduled__2019-07-01T00:00:00+00:00 [running]> on host 700aeb16bae0
[2022-02-02 17:40:32,276] {warnings.py:110} WARNING - /home/***/.local/lib/python3.7/site-packages/***/utils/context.py:152: AirflowContextDeprecationWarning: Accessing 'execution_date' from the template is deprecated and will be removed in a future version. Please use 'data_interval_start' or 'logical_date' instead.
  warnings.warn(_create_deprecation_warning(key, self._deprecation_replacements[key]))

[2022-02-02 17:40:32,420] {taskinstance.py:1426} INFO - Exporting the following env vars:
AIRFLOW_CTX_DAG_OWNER=***
AIRFLOW_CTX_DAG_ID=ex_1_data_ingestion_gcs_dag_v2
AIRFLOW_CTX_TASK_ID=download_dataset_task
AIRFLOW_CTX_EXECUTION_DATE=2019-07-01T00:00:00+00:00
AIRFLOW_CTX_DAG_RUN_ID=scheduled__2019-07-01T00:00:00+00:00
[2022-02-02 17:40:32,428] {subprocess.py:62} INFO - Tmp dir root location: 
 /tmp
[2022-02-02 17:40:32,441] {subprocess.py:74} INFO - Running command: ['bash', '-c', 'curl -sS https://s3.amazonaws.com/nyc-tlc/trip+data/yellow_tripdata_2019-07.csv > /opt/***/yellow_tripdata_2019-07.csv']
[2022-02-02 17:40:32,779] {subprocess.py:85} INFO - Output:
[2022-02-02 17:45:21,361] {subprocess.py:93} INFO - Command exited with return code 0
[2022-02-02 17:45:24,257] {taskinstance.py:1277} INFO - Marking task as SUCCESS. dag_id=ex_1_data_ingestion_gcs_dag_v2, task_id=download_dataset_task, execution_date=20190701T000000, start_date=20220202T174030, end_date=20220202T174524
[2022-02-02 17:45:25,444] {local_task_job.py:212} WARNING - State of this instance has been externally set to success. Terminating instance.
[2022-02-02 17:45:25,981] {process_utils.py:124} INFO - Sending Signals.SIGTERM to group 6659. PIDs of all processes in the group: [6659]
[2022-02-02 17:45:26,102] {process_utils.py:75} INFO - Sending the signal Signals.SIGTERM to group 6659
[2022-02-02 17:45:26,523] {process_utils.py:70} INFO - Process psutil.Process(pid=6659, status='terminated', exitcode=0, started='17:40:30') (6659) terminated with exit code 0
